2016-03-26 00:19:54,202 : INFO : Machine : Mission Pinball Framework v0.30.0.dev801
2016-03-26 00:19:54,203 : INFO : Machine : Loading config from original files
2016-03-26 00:19:54,302 : INFO : Machine : Machine config file #1: /Users/gabe/Dropbox/Pinball/Gabe/bnd/config/config
2016-03-26 00:19:54,480 : INFO : Machine : Config file cache created: /Users/gabe/Dropbox/Pinball/Gabe/bnd/__mpfcache__/config_config.p
2016-03-26 00:19:54,506 : INFO : FAST : Configuring FAST hardware.
2016-03-26 00:19:54,507 : INFO : Machine : Loading core modules...
2016-03-26 00:19:54,733 : INFO : FAST : Configuring FAST Controller for FAST IO boards.
2016-03-26 00:19:54,733 : INFO : FAST : Connecting to /dev/tty.usbserial-141C at 921600bps
2016-03-26 00:19:56,250 : INFO : FAST : Received ID acknowledgement. Processor: RGB, Board: FP-CPU-002-2, Firmware: 01.00
2016-03-26 00:19:56,251 : INFO : FAST : Connecting to /dev/tty.usbserial-141B at 921600bps
2016-03-26 00:19:57,769 : INFO : FAST : Received ID acknowledgement. Processor: NET, Board: FP-CPU-002-2, Firmware: 01.00
2016-03-26 00:19:57,785 : INFO : FAST : Fast IO Board 00: Model: FP-I/O-3208-2, Firmware: 01.00, Switches: 32, Drivers: 8
2016-03-26 00:19:57,801 : INFO : FAST : Fast IO Board 01: Model: FP-I/O-3208-2, Firmware: 01.00, Switches: 32, Drivers: 8
2016-03-26 00:19:57,818 : INFO : FAST : Fast IO Board 02: Model: FP-I/O-1616-2, Firmware: 01.00, Switches: 16, Drivers: 16
2016-03-26 00:19:57,902 : INFO : DeviceManager : Loading devices...
2016-03-26 00:19:57,954 : INFO : FAST : Received SA: 01,00,0B,00002400002D0000020100
2016-03-26 00:19:57,969 : WARNING : BCPClientSocket.local_display : Failed to connect to remote BCP host localhost:5050. Error: [Errno 61] Connection refused
2016-03-26 00:19:57,970 : WARNING : BCPClientSocket.local_display : Failed to connect to remote BCP host localhost:5050. Error: [Errno 61] Connection refused
2016-03-26 00:19:57,971 : WARNING : BCPClientSocket.local_display : Failed to connect to remote BCP host localhost:5050. Error: [Errno 61] Connection refused
2016-03-26 00:19:57,971 : INFO : Machine : Loading plugins...
2016-03-26 00:19:57,988 : WARNING : BCPClientSocket.local_display : Failed to connect to remote BCP host localhost:5050. Error: [Errno 61] Connection refused
2016-03-26 00:19:57,988 : INFO : SwitchController : Dumping current active switches
2016-03-26 00:19:57,988 : INFO : SwitchController : Active Switch|s_troughenter
2016-03-26 00:19:57,988 : INFO : SwitchController : Active Switch|s_droptarget2
2016-03-26 00:19:57,989 : INFO : SwitchController : Active Switch|s_drain
2016-03-26 00:19:57,991 : INFO : FAST : Received SA: 01,00,0B,00002400002D0000020100
2016-03-26 00:19:57,992 : INFO : Mode.attract : Mode Starting. Priority: 10
2016-03-26 00:19:57,993 : INFO : Mode Controller : +=========== ACTIVE MODES ============+
2016-03-26 00:19:57,993 : INFO : Mode Controller : | attract : 10                        |
2016-03-26 00:19:57,993 : INFO : Mode Controller : +-------------------------------------+
2016-03-26 00:20:02,983 : INFO : SwitchController : <<<<< switch: s_start, State:1 >>>>>
2016-03-26 00:20:03,157 : INFO : SwitchController : <<<<< switch: s_start, State:0 >>>>>
2016-03-26 00:20:03,158 : INFO : Mode.game : Mode Starting. Priority: 20
2016-03-26 00:20:03,159 : INFO : Mode Controller : +=========== ACTIVE MODES ============+
2016-03-26 00:20:03,159 : INFO : Mode Controller : +-------------------------------------+
2016-03-26 00:20:03,160 : INFO : Mode Controller : +=========== ACTIVE MODES ============+
2016-03-26 00:20:03,160 : INFO : Mode Controller : | game : 20                           |
2016-03-26 00:20:03,160 : INFO : Mode Controller : +-------------------------------------+
2016-03-26 00:20:03,162 : INFO : Mode.game : Player added successfully. Total players: 1
2016-03-26 00:20:03,162 : INFO : Mode.game : ***************************************************
2016-03-26 00:20:03,162 : INFO : Mode.game : ****************** BALL STARTING ******************
2016-03-26 00:20:03,162 : INFO : Mode.game : **                                               **
2016-03-26 00:20:03,162 : INFO : Mode.game : **    Player: 1    Ball: 1   Score: 0            **
2016-03-26 00:20:03,163 : INFO : Mode.game : **                                               **
2016-03-26 00:20:03,163 : INFO : Mode.game : ***************************************************
2016-03-26 00:20:03,163 : INFO : Mode.game : ***************************************************
2016-03-26 00:20:23,267 : INFO : SwitchController : <<<<< switch: s_drain, State:0 >>>>>
2016-03-26 00:20:24,147 : INFO : SwitchController : <<<<< switch: s_drain, State:1 >>>>>
2016-03-26 00:20:27,889 : INFO : Machine : Actual MPF loop rate: 67.47 Hz
2016-03-26 00:20:27,889 : INFO : root : MPF run loop ended.
