2016-03-26 11:20:04,851 : INFO : Machine : Mission Pinball Framework v0.30.0.dev801
2016-03-26 11:20:04,854 : INFO : Machine : Loading config from original files
2016-03-26 11:20:05,013 : INFO : Machine : Machine config file #1: /Users/gabe/Dropbox/Pinball/Gabe/bnd/config/config
2016-03-26 11:20:05,462 : INFO : Machine : Config file cache created: /Users/gabe/Dropbox/Pinball/Gabe/bnd/__mpfcache__/config_config.p
2016-03-26 11:20:05,482 : INFO : FAST : Configuring FAST hardware.
2016-03-26 11:20:05,484 : INFO : Machine : Loading core modules...
2016-03-26 11:20:05,996 : INFO : FAST : Configuring FAST Controller for FAST IO boards.
2016-03-26 11:20:05,996 : INFO : FAST : Connecting to /dev/tty.usbserial-141C at 921600bps
2016-03-26 11:20:07,514 : INFO : FAST : Received ID acknowledgement. Processor: RGB, Board: FP-CPU-002-2, Firmware: 01.00
2016-03-26 11:20:07,521 : INFO : FAST : Connecting to /dev/tty.usbserial-141B at 921600bps
2016-03-26 11:20:09,039 : INFO : FAST : Received ID acknowledgement. Processor: NET, Board: FP-CPU-002-2, Firmware: 01.00
2016-03-26 11:20:09,057 : INFO : FAST : Fast IO Board 00: Model: FP-I/O-3208-2, Firmware: 01.00, Switches: 32, Drivers: 8
2016-03-26 11:20:09,071 : INFO : FAST : Fast IO Board 01: Model: FP-I/O-3208-2, Firmware: 01.00, Switches: 32, Drivers: 8
2016-03-26 11:20:09,090 : INFO : FAST : Fast IO Board 02: Model: FP-I/O-1616-2, Firmware: 01.00, Switches: 16, Drivers: 16
2016-03-26 11:20:09,194 : INFO : DeviceManager : Loading devices...
2016-03-26 11:20:09,333 : INFO : FAST : Received SA: 01,00,0B,00002400002D0000020100
2016-03-26 11:20:09,341 : INFO : FAST : Received SA: 01,00,0B,00002400002D0000020100
2016-03-26 11:20:09,376 : WARNING : BCPClientSocket.local_display : Failed to connect to remote BCP host localhost:5050. Error: [Errno 61] Connection refused
2016-03-26 11:20:09,378 : WARNING : BCPClientSocket.local_display : Failed to connect to remote BCP host localhost:5050. Error: [Errno 61] Connection refused
2016-03-26 11:20:09,380 : WARNING : BCPClientSocket.local_display : Failed to connect to remote BCP host localhost:5050. Error: [Errno 61] Connection refused
2016-03-26 11:20:09,380 : INFO : Machine : Loading plugins...
2016-03-26 11:20:09,482 : WARNING : BCPClientSocket.local_display : Failed to connect to remote BCP host localhost:5050. Error: [Errno 61] Connection refused
2016-03-26 11:20:09,482 : INFO : SwitchController : Dumping current active switches
2016-03-26 11:20:09,483 : INFO : SwitchController : Active Switch|s_troughenter
2016-03-26 11:20:09,483 : INFO : SwitchController : Active Switch|s_drain
2016-03-26 11:20:09,484 : INFO : SwitchController : Active Switch|s_droptarget2
2016-03-26 11:20:09,486 : INFO : Mode.attract : Mode Starting. Priority: 10
2016-03-26 11:20:09,487 : INFO : Mode Controller : +=========== ACTIVE MODES ============+
2016-03-26 11:20:09,487 : INFO : Mode Controller : | attract : 10                        |
2016-03-26 11:20:09,487 : INFO : Mode Controller : +-------------------------------------+
2016-03-26 11:20:13,573 : INFO : SwitchController : <<<<< switch: s_start, State:1 >>>>>
2016-03-26 11:20:13,699 : INFO : SwitchController : <<<<< switch: s_start, State:0 >>>>>
2016-03-26 11:20:13,701 : INFO : Mode.game : Mode Starting. Priority: 20
2016-03-26 11:20:13,705 : INFO : Mode Controller : +=========== ACTIVE MODES ============+
2016-03-26 11:20:13,705 : INFO : Mode Controller : +-------------------------------------+
2016-03-26 11:20:13,706 : INFO : Mode Controller : +=========== ACTIVE MODES ============+
2016-03-26 11:20:13,706 : INFO : Mode Controller : | game : 20                           |
2016-03-26 11:20:13,706 : INFO : Mode Controller : +-------------------------------------+
2016-03-26 11:20:13,707 : INFO : Mode.game : Player added successfully. Total players: 1
2016-03-26 11:20:13,708 : INFO : Mode.game : ***************************************************
2016-03-26 11:20:13,708 : INFO : Mode.game : ****************** BALL STARTING ******************
2016-03-26 11:20:13,710 : INFO : Mode.game : **                                               **
2016-03-26 11:20:13,710 : INFO : Mode.game : **    Player: 1    Ball: 1   Score: 0            **
2016-03-26 11:20:13,711 : INFO : Mode.game : **                                               **
2016-03-26 11:20:13,711 : INFO : Mode.game : ***************************************************
2016-03-26 11:20:13,711 : INFO : Mode.game : ***************************************************
2016-03-26 11:20:16,761 : INFO : Machine : Actual MPF loop rate: 70.96 Hz
2016-03-26 11:20:16,780 : INFO : root : MPF run loop ended.
