2016-03-26 11:18:05,689 : INFO : Machine : Mission Pinball Framework v0.30.0.dev801
2016-03-26 11:18:05,690 : INFO : Machine : Loading config from original files
2016-03-26 11:18:06,036 : INFO : Machine : Machine config file #1: /Users/gabe/Dropbox/Pinball/Gabe/bnd/config/config
2016-03-26 11:18:06,579 : INFO : Machine : Config file cache created: /Users/gabe/Dropbox/Pinball/Gabe/bnd/__mpfcache__/config_config.p
2016-03-26 11:18:06,691 : INFO : FAST : Configuring FAST hardware.
2016-03-26 11:18:06,692 : INFO : Machine : Loading core modules...
2016-03-26 11:18:07,257 : INFO : FAST : Configuring FAST Controller for FAST IO boards.
2016-03-26 11:18:07,257 : INFO : FAST : Connecting to /dev/tty.usbserial-141C at 921600bps
2016-03-26 11:18:08,791 : INFO : FAST : Received ID acknowledgement. Processor: RGB, Board: FP-CPU-002-2, Firmware: 01.00
2016-03-26 11:18:08,793 : INFO : FAST : Connecting to /dev/tty.usbserial-141B at 921600bps
2016-03-26 11:18:10,310 : INFO : FAST : Received ID acknowledgement. Processor: NET, Board: FP-CPU-002-2, Firmware: 01.00
2016-03-26 11:18:10,326 : INFO : FAST : Fast IO Board 00: Model: FP-I/O-3208-2, Firmware: 01.00, Switches: 32, Drivers: 8
2016-03-26 11:18:10,343 : INFO : FAST : Fast IO Board 01: Model: FP-I/O-3208-2, Firmware: 01.00, Switches: 32, Drivers: 8
2016-03-26 11:18:10,363 : INFO : FAST : Fast IO Board 02: Model: FP-I/O-1616-2, Firmware: 01.00, Switches: 16, Drivers: 16
2016-03-26 11:18:10,494 : INFO : DeviceManager : Loading devices...
2016-03-26 11:18:10,683 : INFO : FAST : Received SA: 01,00,0B,00002400002D0000020100
2016-03-26 11:18:10,736 : WARNING : BCPClientSocket.local_display : Failed to connect to remote BCP host localhost:5050. Error: [Errno 61] Connection refused
2016-03-26 11:18:10,737 : WARNING : BCPClientSocket.local_display : Failed to connect to remote BCP host localhost:5050. Error: [Errno 61] Connection refused
2016-03-26 11:18:10,742 : WARNING : BCPClientSocket.local_display : Failed to connect to remote BCP host localhost:5050. Error: [Errno 61] Connection refused
2016-03-26 11:18:10,743 : INFO : Machine : Loading plugins...
2016-03-26 11:18:10,808 : WARNING : BCPClientSocket.local_display : Failed to connect to remote BCP host localhost:5050. Error: [Errno 61] Connection refused
2016-03-26 11:18:10,819 : INFO : SwitchController : Dumping current active switches
2016-03-26 11:18:10,820 : INFO : SwitchController : Active Switch|s_droptarget2
2016-03-26 11:18:10,821 : INFO : SwitchController : Active Switch|s_drain
2016-03-26 11:18:10,822 : INFO : SwitchController : Active Switch|s_troughenter
2016-03-26 11:18:10,825 : INFO : Mode.attract : Mode Starting. Priority: 10
2016-03-26 11:18:10,832 : INFO : Mode Controller : +=========== ACTIVE MODES ============+
2016-03-26 11:18:10,832 : INFO : Mode Controller : | attract : 10                        |
2016-03-26 11:18:10,833 : INFO : Mode Controller : +-------------------------------------+
2016-03-26 11:18:14,394 : INFO : SwitchController : <<<<< switch: s_start, State:1 >>>>>
2016-03-26 11:18:14,896 : INFO : SwitchController : <<<<< switch: s_start, State:0 >>>>>
2016-03-26 11:18:14,898 : INFO : Mode.game : Mode Starting. Priority: 20
2016-03-26 11:18:14,899 : INFO : Mode Controller : +=========== ACTIVE MODES ============+
2016-03-26 11:18:14,900 : INFO : Mode Controller : +-------------------------------------+
2016-03-26 11:18:14,902 : INFO : Mode Controller : +=========== ACTIVE MODES ============+
2016-03-26 11:18:14,902 : INFO : Mode Controller : | game : 20                           |
2016-03-26 11:18:14,903 : INFO : Mode Controller : +-------------------------------------+
2016-03-26 11:18:14,906 : INFO : Mode.game : Player added successfully. Total players: 1
2016-03-26 11:18:14,907 : INFO : Mode.game : ***************************************************
2016-03-26 11:18:14,908 : INFO : Mode.game : ****************** BALL STARTING ******************
2016-03-26 11:18:14,908 : INFO : Mode.game : **                                               **
2016-03-26 11:18:14,908 : INFO : Mode.game : **    Player: 1    Ball: 1   Score: 0            **
2016-03-26 11:18:14,908 : INFO : Mode.game : **                                               **
2016-03-26 11:18:14,908 : INFO : Mode.game : ***************************************************
2016-03-26 11:18:14,909 : INFO : Mode.game : ***************************************************
2016-03-26 11:18:19,765 : INFO : SwitchController : <<<<< switch: s_plungerlane, State:1 >>>>>
2016-03-26 11:18:19,793 : INFO : SwitchController : <<<<< switch: s_troughenter, State:0 >>>>>
2016-03-26 11:18:20,371 : INFO : SwitchController : <<<<< switch: s_drain, State:0 >>>>>
2016-03-26 11:18:20,511 : INFO : SwitchController : <<<<< switch: s_troughenter, State:1 >>>>>
2016-03-26 11:18:21,781 : INFO : SwitchController : <<<<< switch: s_plungerlane, State:0 >>>>>
2016-03-26 11:18:24,015 : INFO : Machine : Actual MPF loop rate: 70.87 Hz
2016-03-26 11:18:24,018 : INFO : root : MPF run loop ended.
