2016-05-14 00:16:10,191 : INFO : Machine : Mission Pinball Framework Core Engine v0.30.0.dev1482
2016-05-14 00:16:10,192 : DEBUG : Machine : Command line arguments: {'pause': False, 'configfile': ['config'], 'loglevel': 10, 'create_config_cache': True, 'mpfconfigfile': '/Applications/MPF.app/Contents/Frameworks/python/3.5.0/lib/python3.5/site-packages/mpf/mpfconfig.yaml', 'logfile': 'logs/2016-05-14-00-16-10-mpf-Gabriels-MacBook-Pro.local.log', 'consoleloglevel': True, 'bcp': False, 'force_platform': None, 'no_load_cache': False}
2016-05-14 00:16:10,192 : DEBUG : Machine : MPF path: /Applications/MPF.app/Contents/Frameworks/python/3.5.0/lib/python3.5/site-packages/mpf
2016-05-14 00:16:10,192 : INFO : Machine : Machine path: /Users/gabe/Dropbox/Pinball/Gabe/bnd
2016-05-14 00:16:10,192 : DEBUG : Machine : Command line arguments: {'pause': False, 'configfile': ['config'], 'loglevel': 10, 'create_config_cache': True, 'mpfconfigfile': '/Applications/MPF.app/Contents/Frameworks/python/3.5.0/lib/python3.5/site-packages/mpf/mpfconfig.yaml', 'logfile': 'logs/2016-05-14-00-16-10-mpf-Gabriels-MacBook-Pro.local.log', 'consoleloglevel': True, 'bcp': False, 'force_platform': None, 'no_load_cache': False}
2016-05-14 00:16:10,192 : DEBUG : Machine : Python version: 3.5.0
2016-05-14 00:16:10,192 : DEBUG : Machine : Platform: darwin
2016-05-14 00:16:10,192 : DEBUG : Machine : Python executable location: /Applications/MPF.app/Contents/Resources/python
2016-05-14 00:16:10,192 : DEBUG : Machine : 32-bit Python? False
2016-05-14 00:16:10,193 : DEBUG : Machine : Machine path: /Users/gabe/Dropbox/Pinball/Gabe/bnd
2016-05-14 00:16:10,410 : INFO : Machine : Loading cached config: /var/folders/c1/z5pg47y54_s14cd2m1zmk1kc0000gn/T/db0cb78b77a969ed262a283d7c7743faconfig
2016-05-14 00:16:10,411 : DEBUG : Clock : Starting clock (maximum frames per second=30.0)
2016-05-14 00:16:10,411 : INFO : Machine : Starting clock at 30.0Hz
2016-05-14 00:16:10,412 : DEBUG : Clock : Scheduled a recurring clock callback (callback=<bound method MachineController._check_crash_queue of <mpf.core.machine.MachineController object at 0x101c09ef0>>, timeout=1, priority=1)
2016-05-14 00:16:10,421 : DEBUG : Pololu Maestro : Configuring template hardware interface.
2016-05-14 00:16:10,426 : INFO : FAST : Configuring FAST hardware.
2016-05-14 00:16:10,426 : DEBUG : Machine : Setting default platform to 'fast'
2016-05-14 00:16:10,426 : INFO : Machine : Loading core modules...
2016-05-14 00:16:10,426 : DEBUG : Machine : Loading 'mpf.core.events.EventManager' core module
2016-05-14 00:16:10,427 : DEBUG : Machine : Loading 'mpf.core.mode_controller.ModeController' core module
2016-05-14 00:16:10,430 : DEBUG : Events : Registered ModeController._load_modes as a handler for 'init_phase_2', priority: 1, kwargs: {}
2016-05-14 00:16:10,430 : DEBUG : Events : Registered ModeController._ball_ending as a handler for 'ball_ending', priority: 0, kwargs: {}
2016-05-14 00:16:10,430 : DEBUG : Events : Registered ModeController._ball_starting as a handler for 'ball_starting', priority: 0, kwargs: {}
2016-05-14 00:16:10,430 : DEBUG : Events : Registered ModeController._player_added as a handler for 'player_add_success', priority: 0, kwargs: {}
2016-05-14 00:16:10,430 : DEBUG : Events : Registered ModeController._player_turn_start as a handler for 'player_turn_start', priority: 1000000, kwargs: {}
2016-05-14 00:16:10,430 : DEBUG : Events : Registered ModeController._player_turn_stop as a handler for 'player_turn_stop', priority: 1000000, kwargs: {}
2016-05-14 00:16:10,431 : DEBUG : Machine : Loading 'mpf.core.config_processor.ConfigProcessor' core module
2016-05-14 00:16:10,431 : DEBUG : Machine : Loading 'mpf.core.shot_profile_manager.ShotProfileManager' core module
2016-05-14 00:16:10,431 : DEBUG : ShotProfileManager : Registering Shot Profile: 'default'
2016-05-14 00:16:10,432 : DEBUG : ShotProfileManager : Processed 'default' profile configuration: {'show': None, 'show_when_disabled': False, 'player_variable': '%_default', 'state_names_to_rotate': [], 'block': True, 'state_names_to_not_rotate': [], 'loop': False, 'states': [{'show_tokens': {}, 'show': 'off', 'key': None, 'start_step': 1, 'reset': True, 'manual_advance': False, 'priority': 0, 'speed': 1.0, 'name': 'unlit', 'loops': -1, 'sync_ms': 0, 'hold': True, 'action': 'play'}, {'show_tokens': {}, 'show': 'on', 'key': None, 'start_step': 1, 'reset': True, 'manual_advance': False, 'priority': 0, 'speed': 1.0, 'name': 'lit', 'loops': -1, 'sync_ms': 0, 'hold': True, 'action': 'play'}], 'rotation_pattern': deque(['right']), 'hold': None, 'advance_on_hit': True}
2016-05-14 00:16:10,432 : DEBUG : Mode Controller : Registering <bound method ShotProfileManager.mode_start_for_shots of <mpf.core.shot_profile_manager.ShotProfileManager object at 0x101cafda0>> as a mode start method. Config section: shots, priority: 0, kwargs: {}
2016-05-14 00:16:10,432 : DEBUG : Mode Controller : Registering <bound method ShotProfileManager.mode_start_for_shot_groups of <mpf.core.shot_profile_manager.ShotProfileManager object at 0x101cafda0>> as a mode start method. Config section: shot_groups, priority: 0, kwargs: {}
2016-05-14 00:16:10,432 : DEBUG : Events : Registered ShotProfileManager._player_turn_start as a handler for 'player_turn_start', priority: 1000000, kwargs: {}
2016-05-14 00:16:10,433 : DEBUG : Events : Registered ShotProfileManager._player_turn_stop as a handler for 'player_turn_stop', priority: 0, kwargs: {}
2016-05-14 00:16:10,433 : DEBUG : Machine : Loading 'mpf.core.device_manager.DeviceManager' core module
2016-05-14 00:16:10,433 : DEBUG : Events : Registered DeviceManager._load_device_modules as a handler for 'init_phase_1', priority: 1, kwargs: {}
2016-05-14 00:16:10,433 : DEBUG : Events : Registered DeviceManager.create_machinewide_device_control_events as a handler for 'init_phase_2', priority: 1, kwargs: {}
2016-05-14 00:16:10,433 : DEBUG : Events : Registered DeviceManager.create_collection_control_events as a handler for 'init_phase_2', priority: 1, kwargs: {}
2016-05-14 00:16:10,433 : DEBUG : Machine : Loading 'mpf.core.switch_controller.SwitchController' core module
2016-05-14 00:16:10,434 : DEBUG : Clock : Scheduled a recurring clock callback (callback=<bound method SwitchController._tick of <mpf.core.switch_controller.SwitchController object at 0x101cbb400>>, timeout=0, priority=1000)
2016-05-14 00:16:10,434 : DEBUG : Events : Registered SwitchController._initialize_switches as a handler for 'init_phase_2', priority: 1000, kwargs: {}
2016-05-14 00:16:10,434 : DEBUG : Events : Registered SwitchController.log_active_switches as a handler for 'machine_reset_phase_3', priority: 1, kwargs: {}
2016-05-14 00:16:10,434 : DEBUG : Machine : Loading 'mpf.core.ball_controller.BallController' core module
2016-05-14 00:16:10,435 : DEBUG : BallController : Loading the BallController
2016-05-14 00:16:10,435 : DEBUG : Events : Registered BallController.request_to_start_game as a handler for 'request_to_start_game', priority: 1, kwargs: {}
2016-05-14 00:16:10,435 : DEBUG : Events : Registered BallController._initialize as a handler for 'machine_reset_phase_2', priority: 1, kwargs: {}
2016-05-14 00:16:10,436 : DEBUG : Events : Registered BallController._init2 as a handler for 'init_phase_2', priority: 1, kwargs: {}
2016-05-14 00:16:10,436 : DEBUG : Machine : Loading 'mpf.core.assets.AssetManager' core module
2016-05-14 00:16:10,437 : DEBUG : AssetManager : Initializing...
2016-05-14 00:16:10,437 : DEBUG : Mode Controller : Registering <bound method AssetManager._load_mode_assets of <mpf.core.assets.AssetManager object at 0x101cbbef0>> as a mode start method. Config section: None, priority: 0, kwargs: {}
2016-05-14 00:16:10,437 : DEBUG : Events : Registered AssetManager._create_assets as a handler for 'init_phase_3', priority: 1, kwargs: {}
2016-05-14 00:16:10,438 : DEBUG : Events : Registered AssetManager._bcp_client_asset_load as a handler for 'assets_to_load', priority: 1, kwargs: {}
2016-05-14 00:16:10,438 : DEBUG : Machine : Loading 'mpf.core.show_controller.ShowController' core module
2016-05-14 00:16:10,441 : DEBUG : Clock : Scheduled a recurring clock callback (callback=<bound method ShowController._tick of <mpf.core.show_controller.ShowController object at 0x101cc1978>>, timeout=0, priority=1)
2016-05-14 00:16:10,441 : DEBUG : Events : Registered ShowController._initialize as a handler for 'init_phase_3', priority: 1, kwargs: {}
2016-05-14 00:16:10,441 : DEBUG : Machine : Loading 'mpf.core.bcp.BCP' core module
2016-05-14 00:16:10,442 : DEBUG : Events : Registered BCP.bcp_trigger as a handler for 'ball_started', priority: 1, kwargs: {'name': 'ball_started'}
2016-05-14 00:16:10,442 : DEBUG : Events : Registered BCP.bcp_trigger as a handler for 'ball_ended', priority: 1, kwargs: {'name': 'ball_ended'}
2016-05-14 00:16:10,442 : DEBUG : Events : Registered BCP.bcp_trigger as a handler for 'player_add_success', priority: 1, kwargs: {'name': 'player_add_success'}
2016-05-14 00:16:10,442 : DEBUG : Events : Registered BCP._bcp_event_callback as a handler for 'player_turn_start', priority: 1, kwargs: {'params': {'player_num': '%number'}, 'command': 'player_turn_start'}
2016-05-14 00:16:10,442 : DEBUG : Events : Registered BCP._bcp_event_callback as a handler for 'ball_started', priority: 1, kwargs: {'params': {'player_num': '%player', 'ball': '%ball'}, 'command': 'ball_start'}
2016-05-14 00:16:10,442 : DEBUG : Events : Registered BCP._bcp_event_callback as a handler for 'clear', priority: 1, kwargs: {'params': {'name': 'clear', 'key': '%key'}, 'command': 'trigger'}
2016-05-14 00:16:10,443 : DEBUG : Events : Registered BCP._bcp_event_callback as a handler for 'ball_ending', priority: 1, kwargs: {'command': 'ball_end'}
2016-05-14 00:16:10,443 : DEBUG : Events : Registered BCP.bcp_trigger as a handler for 'player_score', priority: 1, kwargs: {'name': 'player_score'}
2016-05-14 00:16:10,443 : DEBUG : Events : Registered BCP._setup_dmds as a handler for 'init_phase_1', priority: 1, kwargs: {}
2016-05-14 00:16:10,443 : DEBUG : Events : Registered BCP._setup_bcp_connections as a handler for 'init_phase_2', priority: 1, kwargs: {}
2016-05-14 00:16:10,443 : DEBUG : Clock : Scheduled a recurring clock callback (callback=<bound method BCP.get_bcp_messages of <BCP Module>>, timeout=0, priority=1)
2016-05-14 00:16:10,443 : DEBUG : Events : Registered BCP.bcp_player_added as a handler for 'player_add_success', priority: 1, kwargs: {}
2016-05-14 00:16:10,443 : DEBUG : Events : Registered BCP.bcp_reset as a handler for 'machine_reset_phase_1', priority: 1, kwargs: {}
2016-05-14 00:16:10,444 : DEBUG : Events : Registered BCP.increase_volume as a handler for 'increase_volume', priority: 1, kwargs: {}
2016-05-14 00:16:10,444 : DEBUG : Events : Registered BCP.decrease_volume as a handler for 'decrease_volume', priority: 1, kwargs: {}
2016-05-14 00:16:10,444 : DEBUG : Events : Registered BCP.enable_volume_keys as a handler for 'enable_volume_keys', priority: 1, kwargs: {}
2016-05-14 00:16:10,444 : DEBUG : Events : Registered BCP.disable_volume_keys as a handler for 'disable_volume_keys', priority: 1, kwargs: {}
2016-05-14 00:16:10,444 : DEBUG : Events : Registered BCP.get_led_coordinates as a handler for 'bcp_get_led_coordinates', priority: 1, kwargs: {}
2016-05-14 00:16:10,444 : DEBUG : Mode Controller : Registering <bound method BCP.bcp_mode_start of <BCP Module>> as a mode start method. Config section: mode, priority: 0, kwargs: {}
2016-05-14 00:16:10,444 : DEBUG : Machine : Loading 'mpf.core.logic_blocks.LogicBlocks' core module
2016-05-14 00:16:10,446 : DEBUG : Mode Controller : Registering <bound method LogicBlocks._process_config of <mpf.core.logic_blocks.LogicBlocks object at 0x101ccb198>> as a mode start method. Config section: logic_blocks, priority: 0, kwargs: {}
2016-05-14 00:16:10,447 : DEBUG : Events : Registered LogicBlocks._create_player_logic_blocks as a handler for 'player_add_success', priority: 1, kwargs: {}
2016-05-14 00:16:10,447 : DEBUG : Events : Registered LogicBlocks.player_turn_start as a handler for 'player_turn_start', priority: 1, kwargs: {}
2016-05-14 00:16:10,447 : DEBUG : Events : Registered LogicBlocks.player_turn_stop as a handler for 'player_turn_stop', priority: 1, kwargs: {}
2016-05-14 00:16:10,447 : DEBUG : Machine : Loading 'mpf.core.scoring.ScoreController' core module
2016-05-14 00:16:10,448 : DEBUG : Score : Loading the Score Controller
2016-05-14 00:16:10,448 : DEBUG : Mode Controller : Registering <bound method ScoreController.mode_start of <mpf.core.scoring.ScoreController object at 0x101ccb518>> as a mode start method. Config section: scoring, priority: 0, kwargs: {}
2016-05-14 00:16:10,494 : ERROR : root : (22, 'Invalid argument')
Traceback (most recent call last):
  File "/Applications/MPF.app/Contents/Frameworks/python/3.5.0/lib/python3.5/site-packages/mpf/commands/game.py", line 130, in __init__
    MachineController(mpf_path, machine_path, vars(args)).run()
  File "/Applications/MPF.app/Contents/Frameworks/python/3.5.0/lib/python3.5/site-packages/mpf/core/machine.py", line 120, in __init__
    self._initialize_platforms()
  File "/Applications/MPF.app/Contents/Frameworks/python/3.5.0/lib/python3.5/site-packages/mpf/core/machine.py", line 178, in _initialize_platforms
    platform.initialize()
  File "/Applications/MPF.app/Contents/Frameworks/python/3.5.0/lib/python3.5/site-packages/mpf/platforms/pololu_maestro.py", line 41, in initialize
    self.serial = serial.Serial(self.platform.config['port'])
  File "/Applications/MPF.app/Contents/Frameworks/python/3.5.0/lib/python3.5/site-packages/serial/serialutil.py", line 180, in __init__
    self.open()
  File "/Applications/MPF.app/Contents/Frameworks/python/3.5.0/lib/python3.5/site-packages/serial/serialposix.py", line 298, in open
    self._reconfigure_port(force_update=True)
  File "/Applications/MPF.app/Contents/Frameworks/python/3.5.0/lib/python3.5/site-packages/serial/serialposix.py", line 441, in _reconfigure_port
    [iflag, oflag, cflag, lflag, ispeed, ospeed, cc])
termios.error: (22, 'Invalid argument')
