2016-03-25 00:13:24,317 : INFO : Machine : Mission Pinball Framework v0.30.0.dev700
2016-03-25 00:13:24,318 : INFO : Machine : Loading config from original files
2016-03-25 00:13:24,376 : INFO : Machine : Machine config file #1: /Users/gabe/Dropbox/Pinball/Gabe/bnd/config/config
2016-03-25 00:13:24,504 : INFO : Machine : Config file cache created: /Users/gabe/Dropbox/Pinball/Gabe/bnd/__mpfcache__/config_config.p
2016-03-25 00:13:24,510 : INFO : FAST : Configuring FAST hardware.
2016-03-25 00:13:24,510 : INFO : Machine : Loading core modules...
2016-03-25 00:13:24,674 : INFO : FAST : Configuring FAST Controller for FAST IO boards.
2016-03-25 00:13:24,675 : INFO : FAST : Connecting to /dev/tty.usbserial-141C at 921600bps
2016-03-25 00:13:26,193 : INFO : FAST : Received ID acknowledgement. Processor: RGB, Board: FP-CPU-002-2, Firmware: 01.00
2016-03-25 00:13:26,194 : INFO : FAST : Connecting to /dev/tty.usbserial-141B at 921600bps
2016-03-25 00:13:27,712 : INFO : FAST : Received ID acknowledgement. Processor: NET, Board: FP-CPU-002-2, Firmware: 01.00
2016-03-25 00:13:27,728 : INFO : FAST : Fast IO Board 00: Model: FP-I/O-3208-2, Firmware: 01.00, Switches: 32, Drivers: 8
2016-03-25 00:13:27,744 : INFO : FAST : Fast IO Board 01: Model: FP-I/O-3208-2, Firmware: 01.00, Switches: 32, Drivers: 8
2016-03-25 00:13:27,760 : INFO : FAST : Fast IO Board 02: Model: FP-I/O-1616-2, Firmware: 01.00, Switches: 16, Drivers: 16
2016-03-25 00:13:27,843 : INFO : DeviceManager : Loading devices...
2016-03-25 00:13:27,892 : INFO : FAST : Received SA: 01,00,0B,00002000002D0000020100
2016-03-25 00:13:27,900 : INFO : Machine : Loading plugins...
2016-03-25 00:13:27,921 : INFO : SwitchController : Dumping current active switches
2016-03-25 00:13:27,921 : INFO : SwitchController : Active Switch|s_droptarget2
2016-03-25 00:13:27,921 : INFO : SwitchController : Active Switch|s_drain
2016-03-25 00:13:27,922 : INFO : FAST : Received SA: 01,00,0B,00002000002D0000020100
2016-03-25 00:13:27,923 : INFO : Mode.attract : Mode Starting. Priority: 10
2016-03-25 00:13:27,924 : INFO : Mode Controller : +=========== ACTIVE MODES ============+
2016-03-25 00:13:27,924 : INFO : Mode Controller : | attract : 10                        |
2016-03-25 00:13:27,924 : INFO : Mode Controller : +-------------------------------------+
2016-03-25 00:13:30,311 : INFO : SwitchController : <<<<< switch: s_leftoutlane, State:1 >>>>>
2016-03-25 00:13:30,489 : INFO : SwitchController : <<<<< switch: s_leftoutlane, State:0 >>>>>
2016-03-25 00:13:31,669 : INFO : SwitchController : <<<<< switch: s_leftoutlane, State:1 >>>>>
2016-03-25 00:13:31,868 : INFO : SwitchController : <<<<< switch: s_leftoutlane, State:0 >>>>>
2016-03-25 00:13:32,789 : INFO : SwitchController : <<<<< switch: s_leftoutlane, State:1 >>>>>
2016-03-25 00:13:32,981 : INFO : SwitchController : <<<<< switch: s_leftoutlane, State:0 >>>>>
2016-03-25 00:13:34,208 : INFO : SwitchController : <<<<< switch: s_leftoutlane, State:1 >>>>>
2016-03-25 00:13:34,353 : INFO : SwitchController : <<<<< switch: s_leftoutlane, State:0 >>>>>
2016-03-25 00:13:36,864 : INFO : Machine : Actual MPF loop rate: 69.65 Hz
2016-03-25 00:13:36,864 : INFO : root : MPF run loop ended.
