2016-05-19 22:58:10,436 : INFO : kivy : Factory: 179 symbols loaded
2016-05-19 22:58:10,641 : INFO : kivy : Image: Providers: img_tex, img_imageio, img_dds, img_gif, img_sdl2 (img_pil, img_ffpyplayer ignored)
2016-05-19 22:58:10,998 : INFO : kivy : VideoGstplayer: Using Gstreamer 1.4.5.0
2016-05-19 22:58:10,999 : INFO : kivy : Video: Provider: gstplayer
2016-05-19 22:58:11,052 : INFO : kivy : Loading MPF-MC controller
2016-05-19 22:58:11,052 : INFO : kivy : Mission Pinball Framework Media Controller v0.30.0.dev409
2016-05-19 22:58:11,053 : INFO : kivy : Machine path: /Users/gabe/Dropbox/Pinball/Gabe/bnd
2016-05-19 22:58:11,054 : INFO : kivy : Starting clock at 30.0Hz
2016-05-19 22:58:11,084 : INFO : kivy : Text: Provider: sdl2
2016-05-19 22:58:11,492 : INFO : kivy : OSC: using <multiprocessing> for socket
2016-05-19 22:58:11,501 : INFO : kivy : Window: Provider: sdl2
2016-05-19 22:58:11,672 : INFO : kivy : GL: OpenGL version <b'2.1 INTEL-10.8.77'>
2016-05-19 22:58:11,672 : INFO : kivy : GL: OpenGL vendor <b'Intel Inc.'>
2016-05-19 22:58:11,672 : INFO : kivy : GL: OpenGL renderer <b'Intel(R) Iris(TM) Graphics 6100'>
2016-05-19 22:58:11,672 : INFO : kivy : GL: OpenGL parsed version: 2, 1
2016-05-19 22:58:11,673 : INFO : kivy : GL: Shading version <b'1.20'>
2016-05-19 22:58:11,673 : INFO : kivy : GL: Texture max size <16384>
2016-05-19 22:58:11,673 : INFO : kivy : GL: Texture max units <16>
2016-05-19 22:58:11,704 : INFO : kivy : Window: auto add sdl2 input provider
2016-05-19 22:58:11,706 : INFO : kivy : Window: virtual keyboard not allowed, single mode, not docked
2016-05-19 22:58:11,711 : WARNING : kivy : SoundSystem: Could not locate the 'sound_system' configuration section. Default audio settings will be used.
2016-05-19 22:58:11,803 : INFO : kivy : Base: Start application main loop
2016-05-19 22:59:07,444 : INFO : kivy : Base: Leaving application in progress...
