2016-03-13 22:57:11,072 : INFO : Machine : Mission Pinball Framework v0.30.0.dev615
2016-03-13 22:57:11,072 : DEBUG : Machine : Command line arguments: {'create_config_cache': True, 'loglevel': 10, 'logfile': 'logs/2016-03-13-22-57-11-mpf-Gabriels-MacBook-Pro.local.log', 'bcp': False, 'no_load_cache': False, 'force_platform': None, 'mpfconfigfile': '/Users/gabe/pinball/mpf30/mpf/mpfconfig.yaml', 'consoleloglevel': True, 'pause': True, 'configfile': ['config']}
2016-03-13 22:57:11,072 : DEBUG : Machine : Python version: 3.5.0
2016-03-13 22:57:11,072 : DEBUG : Machine : Platform: darwin
2016-03-13 22:57:11,072 : DEBUG : Machine : Python executable location: /Applications/Kivy.app/Contents/Resources/python
2016-03-13 22:57:11,072 : DEBUG : Machine : 32-bit Python? False
2016-03-13 22:57:11,073 : DEBUG : Clock : Starting clock (maximum frames per second=60.0)
2016-03-13 22:57:11,073 : DEBUG : Clock : Scheduled a recurring clock callback (callback=<bound method MachineController._check_crash_queue of <mpf.core.machine.MachineController object at 0x110343ac8>>, timeout=1, priority=1)
2016-03-13 22:57:11,073 : DEBUG : Machine : Machine path: /Users/gabe/Dropbox/Pinball/Gabe/bnd
2016-03-13 22:57:11,073 : INFO : Machine : Loading cached config: /Users/gabe/Dropbox/Pinball/Gabe/bnd/__mpfcache__/config_config.p
2016-03-13 22:57:11,081 : INFO : FAST : Configuring FAST hardware.
2016-03-13 22:57:11,081 : DEBUG : Machine : Setting default platform to 'fast'
2016-03-13 22:57:11,081 : INFO : Machine : Loading core modules...
2016-03-13 22:57:11,081 : DEBUG : Machine : Loading 'mpf.core.events.EventManager' core module
2016-03-13 22:57:11,082 : DEBUG : Machine : Loading 'mpf.core.mode_controller.ModeController' core module
2016-03-13 22:57:11,084 : DEBUG : Events : Registered ModeController._load_modes as a handler for 'init_phase_2', priority: 1, kwargs: {}
2016-03-13 22:57:11,084 : DEBUG : Events : Registered ModeController._ball_ending as a handler for 'ball_ending', priority: 0, kwargs: {}
2016-03-13 22:57:11,084 : DEBUG : Events : Registered ModeController._ball_starting as a handler for 'ball_starting', priority: 0, kwargs: {}
2016-03-13 22:57:11,084 : DEBUG : Events : Registered ModeController._player_added as a handler for 'player_add_success', priority: 0, kwargs: {}
2016-03-13 22:57:11,085 : DEBUG : Events : Registered ModeController._player_turn_start as a handler for 'player_turn_start', priority: 1000000, kwargs: {}
2016-03-13 22:57:11,085 : DEBUG : Events : Registered ModeController._player_turn_stop as a handler for 'player_turn_stop', priority: 1000000, kwargs: {}
2016-03-13 22:57:11,085 : DEBUG : Machine : Loading 'mpf.core.config_processor.ConfigProcessor' core module
2016-03-13 22:57:11,085 : DEBUG : Machine : Loading 'mpf.core.shot_profile_manager.ShotProfileManager' core module
2016-03-13 22:57:11,086 : DEBUG : ShotProfileManager : Registering Shot Profile: 'default'
2016-03-13 22:57:11,283 : DEBUG : ShotProfileManager : Processed 'default' profile configuration: {'show_when_disabled': 'True', 'show': None, 'block': 'true', 'states': [{'sync_ms': 0, 'show': None, 'loops': 0, 'name': 'unlit', 'hold': 'True', 'reset': False, 'speed': 1.0, 'blend': False, 'repeat': 'True', 'script': 'off'}, {'sync_ms': 0, 'show': None, 'loops': 0, 'name': 'lit', 'hold': 'True', 'reset': False, 'speed': 1.0, 'blend': False, 'repeat': 'True', 'script': 'on'}], 'rotation_pattern': deque(['right']), 'loop': False, 'state_names_to_rotate': [], 'player_variable': '%_default', 'state_names_to_not_rotate': []}
2016-03-13 22:57:11,283 : DEBUG : Mode Controller : Registering <bound method ShotProfileManager.mode_start_for_shots of <mpf.core.shot_profile_manager.ShotProfileManager object at 0x110c7a5f8>> as a mode start method. Config section: shots, priority: 0, kwargs: {}
2016-03-13 22:57:11,284 : DEBUG : Mode Controller : Registering <bound method ShotProfileManager.mode_start_for_shot_groups of <mpf.core.shot_profile_manager.ShotProfileManager object at 0x110c7a5f8>> as a mode start method. Config section: shot_groups, priority: 0, kwargs: {}
2016-03-13 22:57:11,284 : DEBUG : Events : Registered ShotProfileManager._player_turn_start as a handler for 'player_turn_start', priority: 1000000, kwargs: {}
2016-03-13 22:57:11,284 : DEBUG : Events : Registered ShotProfileManager._player_turn_stop as a handler for 'player_turn_stop', priority: 0, kwargs: {}
2016-03-13 22:57:11,284 : DEBUG : Machine : Loading 'mpf.core.device_manager.DeviceManager' core module
2016-03-13 22:57:11,284 : DEBUG : Events : Registered DeviceManager._load_device_modules as a handler for 'init_phase_1', priority: 1, kwargs: {}
2016-03-13 22:57:11,284 : DEBUG : Events : Registered DeviceManager.create_machinewide_device_control_events as a handler for 'init_phase_2', priority: 1, kwargs: {}
2016-03-13 22:57:11,285 : DEBUG : Events : Registered DeviceManager.create_collection_control_events as a handler for 'init_phase_2', priority: 1, kwargs: {}
2016-03-13 22:57:11,285 : DEBUG : Machine : Loading 'mpf.core.switch_controller.SwitchController' core module
2016-03-13 22:57:11,285 : DEBUG : Clock : Scheduled a recurring clock callback (callback=<bound method SwitchController._tick of <mpf.core.switch_controller.SwitchController object at 0x110cd70b8>>, timeout=0, priority=1000)
2016-03-13 22:57:11,285 : DEBUG : Events : Registered SwitchController._initialize_switches as a handler for 'init_phase_2', priority: 1000, kwargs: {}
2016-03-13 22:57:11,286 : DEBUG : Events : Registered SwitchController.log_active_switches as a handler for 'machine_reset_phase_3', priority: 1, kwargs: {}
2016-03-13 22:57:11,286 : DEBUG : Machine : Loading 'mpf.core.ball_controller.BallController' core module
2016-03-13 22:57:11,286 : DEBUG : BallController : Loading the BallController
2016-03-13 22:57:11,286 : DEBUG : Events : Registered BallController.request_to_start_game as a handler for 'request_to_start_game', priority: 1, kwargs: {}
2016-03-13 22:57:11,287 : DEBUG : Events : Registered BallController._initialize as a handler for 'machine_reset_phase_2', priority: 1, kwargs: {}
2016-03-13 22:57:11,287 : DEBUG : Events : Registered BallController._init2 as a handler for 'init_phase_2', priority: 1, kwargs: {}
2016-03-13 22:57:11,287 : DEBUG : Machine : Loading 'mpf.core.assets.AssetManager' core module
2016-03-13 22:57:11,288 : DEBUG : Mode Controller : Registering <bound method AssetManager._load_mode_assets of <mpf.core.assets.AssetManager object at 0x110cd7a20>> as a mode start method. Config section: None, priority: 0, kwargs: {}
2016-03-13 22:57:11,288 : DEBUG : Events : Registered AssetManager._create_assets as a handler for 'init_phase_3', priority: 1, kwargs: {}
2016-03-13 22:57:11,288 : DEBUG : Events : Registered AssetManager._bcp_client_asset_load as a handler for 'assets_to_load', priority: 1, kwargs: {}
2016-03-13 22:57:11,288 : DEBUG : Machine : Loading 'mpf.core.show_controller.ShowController' core module
2016-03-13 22:57:11,290 : DEBUG : Clock : Scheduled a recurring clock callback (callback=<bound method ShowController._tick of <mpf.core.show_controller.ShowController object at 0x110d52358>>, timeout=0, priority=1)
2016-03-13 22:57:11,290 : DEBUG : Events : Registered ShowController._initialize as a handler for 'init_phase_3', priority: 1, kwargs: {}
2016-03-13 22:57:11,290 : DEBUG : Machine : Loading 'mpf.core.bcp.BCP' core module
2016-03-13 22:57:11,291 : DEBUG : Events : Registered BCP.bcp_trigger as a handler for 'ball_started', priority: 1, kwargs: {'name': 'ball_started'}
2016-03-13 22:57:11,291 : DEBUG : Events : Registered BCP.bcp_trigger as a handler for 'ball_ended', priority: 1, kwargs: {'name': 'ball_ended'}
2016-03-13 22:57:11,291 : DEBUG : Events : Registered BCP.bcp_trigger as a handler for 'player_add_success', priority: 1, kwargs: {'name': 'player_add_success'}
2016-03-13 22:57:11,291 : DEBUG : Events : Registered BCP._bcp_event_callback as a handler for 'tilt_warning', priority: 1, kwargs: {'command': 'tilt_warning', 'params': {'warnings': '%warnings', 'warnings_remaining': '%warnings_remaining'}}
2016-03-13 22:57:11,291 : DEBUG : Events : Registered BCP._bcp_event_callback as a handler for 'ball_started', priority: 1, kwargs: {'command': 'ball_start', 'params': {'player_num': '%player', 'ball': '%ball'}}
2016-03-13 22:57:11,291 : DEBUG : Events : Registered BCP._bcp_event_callback as a handler for 'slam_tilt', priority: 1, kwargs: {'command': 'slam_tilt'}
2016-03-13 22:57:11,291 : DEBUG : Events : Registered BCP._bcp_event_callback as a handler for 'player_turn_start', priority: 1, kwargs: {'command': 'player_turn_start', 'params': {'player_num': '%number'}}
2016-03-13 22:57:11,291 : DEBUG : Events : Registered BCP._bcp_event_callback as a handler for 'tilt', priority: 1, kwargs: {'command': 'tilt'}
2016-03-13 22:57:11,292 : DEBUG : Events : Registered BCP._bcp_event_callback as a handler for 'ball_ending', priority: 1, kwargs: {'command': 'ball_end'}
2016-03-13 22:57:11,292 : DEBUG : Events : Registered BCP.bcp_trigger as a handler for 'player_score', priority: 1, kwargs: {'name': 'player_score'}
2016-03-13 22:57:11,292 : DEBUG : Events : Registered BCP._setup_bcp_connections as a handler for 'init_phase_2', priority: 1, kwargs: {}
2016-03-13 22:57:11,292 : DEBUG : Clock : Scheduled a recurring clock callback (callback=<bound method BCP.get_bcp_messages of <BCP Module>>, timeout=0, priority=1)
2016-03-13 22:57:11,292 : DEBUG : Events : Registered BCP.bcp_player_added as a handler for 'player_add_success', priority: 1, kwargs: {}
2016-03-13 22:57:11,293 : DEBUG : Events : Registered BCP.bcp_reset as a handler for 'machine_reset_phase_1', priority: 1, kwargs: {}
2016-03-13 22:57:11,293 : DEBUG : Events : Registered BCP.increase_volume as a handler for 'increase_volume', priority: 1, kwargs: {}
2016-03-13 22:57:11,293 : DEBUG : Events : Registered BCP.decrease_volume as a handler for 'decrease_volume', priority: 1, kwargs: {}
2016-03-13 22:57:11,293 : DEBUG : Events : Registered BCP.enable_volume_keys as a handler for 'enable_volume_keys', priority: 1, kwargs: {}
2016-03-13 22:57:11,293 : DEBUG : Events : Registered BCP.disable_volume_keys as a handler for 'disable_volume_keys', priority: 1, kwargs: {}
2016-03-13 22:57:11,293 : DEBUG : Events : Registered BCP.get_led_coordinates as a handler for 'bcp_get_led_coordinates', priority: 1, kwargs: {}
2016-03-13 22:57:11,293 : DEBUG : Mode Controller : Registering <bound method BCP.bcp_mode_start of <BCP Module>> as a mode start method. Config section: mode, priority: 0, kwargs: {}
2016-03-13 22:57:11,293 : DEBUG : Machine : Loading 'mpf.core.logic_blocks.LogicBlocks' core module
2016-03-13 22:57:11,294 : DEBUG : Mode Controller : Registering <bound method LogicBlocks._process_config of <mpf.core.logic_blocks.LogicBlocks object at 0x110da3048>> as a mode start method. Config section: logic_blocks, priority: 0, kwargs: {}
2016-03-13 22:57:11,294 : DEBUG : Events : Registered LogicBlocks._create_player_logic_blocks as a handler for 'player_add_success', priority: 1, kwargs: {}
2016-03-13 22:57:11,294 : DEBUG : Events : Registered LogicBlocks.player_turn_start as a handler for 'player_turn_start', priority: 1, kwargs: {}
2016-03-13 22:57:11,294 : DEBUG : Events : Registered LogicBlocks.player_turn_stop as a handler for 'player_turn_stop', priority: 1, kwargs: {}
2016-03-13 22:57:11,294 : DEBUG : Machine : Loading 'mpf.core.scoring.ScoreController' core module
2016-03-13 22:57:11,295 : DEBUG : Score : Loading the Score Controller
2016-03-13 22:57:11,295 : DEBUG : Mode Controller : Registering <bound method ScoreController.mode_start of <mpf.core.scoring.ScoreController object at 0x110da3320>> as a mode start method. Config section: scoring, priority: 0, kwargs: {}
2016-03-13 22:57:11,295 : INFO : FAST : Configuring FAST Controller for FAST IO boards.
2016-03-13 22:57:11,295 : INFO : FAST : Connecting to /dev/tty.usbserial-141C at 921600bps
2016-03-13 22:57:12,797 : DEBUG : FAST : Sending 'ID:' command to port '/dev/tty.usbserial-141C'
2016-03-13 22:57:13,803 : INFO : FAST : Received ID acknowledgement. Processor: RGB, Board: FP-CPU-002-2, Firmware: 00.88
2016-03-13 22:57:13,804 : INFO : FAST : Connecting to /dev/tty.usbserial-141A at 921600bps
2016-03-13 22:57:15,307 : DEBUG : FAST : Sending 'ID:' command to port '/dev/tty.usbserial-141A'
2016-03-13 22:57:16,313 : INFO : FAST : Received ID acknowledgement. Processor: DMD, Board: FP-CPU-002-2, Firmware: 00.88
2016-03-13 22:57:16,314 : INFO : FAST : Connecting to /dev/tty.usbserial-141B at 921600bps
2016-03-13 22:57:17,817 : DEBUG : FAST : Sending 'ID:' command to port '/dev/tty.usbserial-141B'
2016-03-13 22:57:18,821 : INFO : FAST : Received ID acknowledgement. Processor: NET, Board: FP-CPU-002-2, Firmware: 00.98
2016-03-13 22:57:18,821 : DEBUG : FAST : Querying FAST IO boards...
2016-03-13 22:57:19,825 : INFO : FAST : Fast IO Board 00: Model: FP-I/O-3208-2, Firmware: 00.95, Switches: 32, Drivers: 8
2016-03-13 22:57:20,826 : INFO : FAST : Fast IO Board 01: Model: FP-I/O-3208-2, Firmware: 00.95, Switches: 32, Drivers: 8
2016-03-13 22:57:21,827 : INFO : FAST : Fast IO Board 02: Model: FP-I/O-1616-2, Firmware: 00.95, Switches: 16, Drivers: 16
2016-03-13 22:57:26,838 : DEBUG : Mode Controller : Registering <bound method ConfigPlayer.register_player_events of ConfigPlayer.triggers> as a mode start method. Config section: trigger_player, priority: 0, kwargs: {}
2016-03-13 22:57:26,838 : DEBUG : Events : Registered ConfigPlayer._initialize as a handler for 'init_phase_1', priority: 1, kwargs: {}
2016-03-13 22:57:26,839 : DEBUG : Mode Controller : Registering <bound method ConfigPlayer.register_player_events of ConfigPlayer.gis> as a mode start method. Config section: gi_player, priority: 0, kwargs: {}
2016-03-13 22:57:26,839 : DEBUG : Events : Registered ConfigPlayer._initialize as a handler for 'init_phase_1', priority: 1, kwargs: {}
2016-03-13 22:57:26,839 : DEBUG : Mode Controller : Registering <bound method ConfigPlayer.register_player_events of ConfigPlayer.shows> as a mode start method. Config section: show_player, priority: 0, kwargs: {}
2016-03-13 22:57:26,840 : DEBUG : Events : Registered ConfigPlayer._initialize as a handler for 'init_phase_1', priority: 1, kwargs: {}
2016-03-13 22:57:26,840 : DEBUG : Mode Controller : Registering <bound method ConfigPlayer.register_player_events of ConfigPlayer.bcp> as a mode start method. Config section: bcp_player, priority: 0, kwargs: {}
2016-03-13 22:57:26,840 : DEBUG : Events : Registered ConfigPlayer._initialize as a handler for 'init_phase_1', priority: 1, kwargs: {}
2016-03-13 22:57:26,841 : DEBUG : Mode Controller : Registering <bound method ConfigPlayer.register_player_events of ConfigPlayer.flashers> as a mode start method. Config section: flasher_player, priority: 0, kwargs: {}
2016-03-13 22:57:26,841 : DEBUG : Events : Registered ConfigPlayer._initialize as a handler for 'init_phase_1', priority: 1, kwargs: {}
2016-03-13 22:57:26,841 : DEBUG : Mode Controller : Registering <bound method ConfigPlayer.register_player_events of ConfigPlayer.leds> as a mode start method. Config section: led_player, priority: 0, kwargs: {}
2016-03-13 22:57:26,842 : DEBUG : Events : Registered ConfigPlayer._initialize as a handler for 'init_phase_1', priority: 1, kwargs: {}
2016-03-13 22:57:26,842 : DEBUG : Mode Controller : Registering <bound method ConfigPlayer.register_player_events of ConfigPlayer.events> as a mode start method. Config section: event_player, priority: 0, kwargs: {}
2016-03-13 22:57:26,842 : DEBUG : Events : Registered ConfigPlayer._initialize as a handler for 'init_phase_1', priority: 1, kwargs: {}
2016-03-13 22:57:26,843 : DEBUG : Mode Controller : Registering <bound method ConfigPlayer.register_player_events of ConfigPlayer.random_events> as a mode start method. Config section: random_event_player, priority: 0, kwargs: {}
2016-03-13 22:57:26,843 : DEBUG : Events : Registered ConfigPlayer._initialize as a handler for 'init_phase_1', priority: 1, kwargs: {}
2016-03-13 22:57:26,843 : DEBUG : Mode Controller : Registering <bound method ConfigPlayer.register_player_events of ConfigPlayer.lights> as a mode start method. Config section: light_player, priority: 0, kwargs: {}
2016-03-13 22:57:26,844 : DEBUG : Events : Registered ConfigPlayer._initialize as a handler for 'init_phase_1', priority: 1, kwargs: {}
2016-03-13 22:57:26,845 : DEBUG : Mode Controller : Registering <bound method ConfigPlayer.register_player_events of ConfigPlayer.coils> as a mode start method. Config section: coil_player, priority: 0, kwargs: {}
2016-03-13 22:57:26,845 : DEBUG : Events : Registered ConfigPlayer._initialize as a handler for 'init_phase_1', priority: 1, kwargs: {}
2016-03-13 22:57:26,845 : DEBUG : Events : Registered MachineController.power_off as a handler for 'shutdown', priority: 1, kwargs: {}
2016-03-13 22:57:26,845 : DEBUG : Events : Registered MachineController.power_off as a handler for 'sw_shutdown', priority: 1, kwargs: {}
2016-03-13 22:57:26,845 : DEBUG : Events : Registered MachineController.stop as a handler for 'quit', priority: 1, kwargs: {}
2016-03-13 22:57:26,846 : DEBUG : Events : Registered MachineController.stop as a handler for 'sw_quit', priority: 1, kwargs: {}
2016-03-13 22:57:26,846 : DEBUG : DataInterface : Loading machine_vars from /Users/gabe/Dropbox/Pinball/Gabe/bnd/data/machine_vars.yaml
2016-03-13 22:57:26,846 : DEBUG : DataInterface : Didn't find the machine_vars file. No prob. We'll create it when we save.
2016-03-13 22:57:26,846 : DEBUG : Events : ^^^^ Posted event 'init_phase_1'. Type: None, Callback: None, Args: {}
2016-03-13 22:57:26,846 : DEBUG : Events : ============== EVENTS QUEUE =============
2016-03-13 22:57:26,846 : DEBUG : Events : init_phase_1, None, None, {}
2016-03-13 22:57:26,847 : DEBUG : Events : =========================================
2016-03-13 22:57:26,847 : DEBUG : Events : ^^^^ Processing event 'init_phase_1'. Type: None, Callback: None, Args: {}
2016-03-13 22:57:26,847 : DEBUG : Events : DeviceManager._load_device_modules (priority: 1) responding to event 'init_phase_1' with args {}
2016-03-13 22:57:26,847 : INFO : DeviceManager : Loading devices...
2016-03-13 22:57:26,848 : DEBUG : FASTDriver : Driver Settings: {'pwm2': 'ff', 'config_cmd': 'DN:', 'mode': '10', 'allow_enable': False, 'pwm32': None, 'number': '06', 'pwm1': 'ff', 'pulse_ms': '0A', 'trigger_cmd': 'TN:', 'recycle_ms': '00'}
2016-03-13 22:57:26,848 : DEBUG : FASTDriver : Reseting driver {'pwm2': 'ff', 'config_cmd': 'DN:', 'mode': '10', 'allow_enable': False, 'pwm32': None, 'number': '06', 'pwm1': 'ff', 'pulse_ms': '0A', 'trigger_cmd': 'TN:', 'recycle_ms': '00'}
2016-03-13 22:57:26,848 : DEBUG : FASTDriver : Driver Settings: {'pwm2': 'ff', 'config_cmd': 'DN:', 'mode': '10', 'allow_enable': False, 'pwm32': None, 'number': '0E', 'pwm1': 'ff', 'pulse_ms': '28', 'trigger_cmd': 'TN:', 'recycle_ms': '00'}
2016-03-13 22:57:26,849 : DEBUG : FASTDriver : Reseting driver {'pwm2': 'ff', 'config_cmd': 'DN:', 'mode': '10', 'allow_enable': False, 'pwm32': None, 'number': '0E', 'pwm1': 'ff', 'pulse_ms': '28', 'trigger_cmd': 'TN:', 'recycle_ms': '00'}
2016-03-13 22:57:26,849 : DEBUG : FASTDriver : Driver Settings: {'pwm2': 'ff', 'config_cmd': 'DN:', 'mode': '10', 'allow_enable': False, 'pwm32': None, 'number': '10', 'pwm1': 'ff', 'pulse_ms': '0A', 'trigger_cmd': 'TN:', 'recycle_ms': '00'}
2016-03-13 22:57:26,849 : DEBUG : FASTDriver : Reseting driver {'pwm2': 'ff', 'config_cmd': 'DN:', 'mode': '10', 'allow_enable': False, 'pwm32': None, 'number': '10', 'pwm1': 'ff', 'pulse_ms': '0A', 'trigger_cmd': 'TN:', 'recycle_ms': '00'}
2016-03-13 22:57:26,850 : DEBUG : FASTDriver : Driver Settings: {'pwm2': 'ff', 'config_cmd': 'DN:', 'mode': '10', 'allow_enable': False, 'pwm32': None, 'number': '01', 'pwm1': 'ff', 'pulse_ms': '0A', 'trigger_cmd': 'TN:', 'recycle_ms': '00'}
2016-03-13 22:57:26,850 : DEBUG : FASTDriver : Reseting driver {'pwm2': 'ff', 'config_cmd': 'DN:', 'mode': '10', 'allow_enable': False, 'pwm32': None, 'number': '01', 'pwm1': 'ff', 'pulse_ms': '0A', 'trigger_cmd': 'TN:', 'recycle_ms': '00'}
2016-03-13 22:57:26,850 : DEBUG : FASTDriver : Driver Settings: {'pwm2': 'ff', 'config_cmd': 'DN:', 'mode': '10', 'allow_enable': False, 'pwm32': None, 'number': '1B', 'pwm1': 'ff', 'pulse_ms': '14', 'trigger_cmd': 'TN:', 'recycle_ms': '00'}
2016-03-13 22:57:26,851 : DEBUG : FASTDriver : Reseting driver {'pwm2': 'ff', 'config_cmd': 'DN:', 'mode': '10', 'allow_enable': False, 'pwm32': None, 'number': '1B', 'pwm1': 'ff', 'pulse_ms': '14', 'trigger_cmd': 'TN:', 'recycle_ms': '00'}
2016-03-13 22:57:26,851 : DEBUG : coil.c_upperrightflippermain : Enabling debug logging
2016-03-13 22:57:26,851 : DEBUG : coil.c_upperrightflippermain : Configuring device with settings: '{'disable_events': {}, 'hold_power32': None, 'enable_events': {}, 'platform': None, 'allow_enable': False, 'hold_power': None, 'label': '%', 'pulse_pwm_mask': None, 'pulse_ms': 25, 'hold_pwm_mask': None, 'pulse_power32': None, 'tags': [], 'pulse_power': None, 'pwm_off_ms': None, 'debug': True, 'number_str': '29', 'pwm_on_ms': None, 'recycle_ms': None, 'pulse_events': {}, 'number': '29'}'
2016-03-13 22:57:26,851 : DEBUG : coil.c_upperrightflippermain : Platform Driver: <Platform.FAST>
2016-03-13 22:57:26,852 : DEBUG : FASTDriver : Driver Settings: {'pwm2': 'ff', 'config_cmd': 'DN:', 'mode': '10', 'allow_enable': False, 'pwm32': None, 'number': '1D', 'pwm1': 'ff', 'pulse_ms': '19', 'trigger_cmd': 'TN:', 'recycle_ms': '00'}
2016-03-13 22:57:26,852 : DEBUG : FASTDriver : Reseting driver {'pwm2': 'ff', 'config_cmd': 'DN:', 'mode': '10', 'allow_enable': False, 'pwm32': None, 'number': '1D', 'pwm1': 'ff', 'pulse_ms': '19', 'trigger_cmd': 'TN:', 'recycle_ms': '00'}
2016-03-13 22:57:26,852 : DEBUG : FASTDriver : Driver Settings: {'pwm2': '01', 'config_cmd': 'DN:', 'mode': '10', 'allow_enable': False, 'pwm32': None, 'number': '08', 'pwm1': 'ff', 'pulse_ms': '0A', 'trigger_cmd': 'TN:', 'recycle_ms': '00'}
2016-03-13 22:57:26,852 : DEBUG : FASTDriver : Reseting driver {'pwm2': '01', 'config_cmd': 'DN:', 'mode': '10', 'allow_enable': False, 'pwm32': None, 'number': '08', 'pwm1': 'ff', 'pulse_ms': '0A', 'trigger_cmd': 'TN:', 'recycle_ms': '00'}
2016-03-13 22:57:26,853 : DEBUG : coil.c_leftflippermain : Enabling debug logging
2016-03-13 22:57:26,853 : DEBUG : coil.c_leftflippermain : Configuring device with settings: '{'disable_events': {}, 'hold_power32': None, 'enable_events': {}, 'platform': None, 'allow_enable': False, 'hold_power': None, 'label': '%', 'pulse_pwm_mask': None, 'pulse_ms': 35, 'hold_pwm_mask': None, 'pulse_power32': None, 'tags': [], 'pulse_power': None, 'pwm_off_ms': None, 'debug': True, 'number_str': '0', 'pwm_on_ms': None, 'recycle_ms': None, 'pulse_events': {}, 'number': '0'}'
2016-03-13 22:57:26,853 : DEBUG : coil.c_leftflippermain : Platform Driver: <Platform.FAST>
2016-03-13 22:57:26,853 : DEBUG : FASTDriver : Driver Settings: {'pwm2': 'ff', 'config_cmd': 'DN:', 'mode': '10', 'allow_enable': False, 'pwm32': None, 'number': '00', 'pwm1': 'ff', 'pulse_ms': '23', 'trigger_cmd': 'TN:', 'recycle_ms': '00'}
2016-03-13 22:57:26,853 : DEBUG : FASTDriver : Reseting driver {'pwm2': 'ff', 'config_cmd': 'DN:', 'mode': '10', 'allow_enable': False, 'pwm32': None, 'number': '00', 'pwm1': 'ff', 'pulse_ms': '23', 'trigger_cmd': 'TN:', 'recycle_ms': '00'}
2016-03-13 22:57:26,854 : DEBUG : FASTDriver : Driver Settings: {'pwm2': 'ff', 'config_cmd': 'DN:', 'mode': '10', 'allow_enable': False, 'pwm32': None, 'number': '02', 'pwm1': 'ff', 'pulse_ms': '0A', 'trigger_cmd': 'TN:', 'recycle_ms': '00'}
2016-03-13 22:57:26,854 : DEBUG : FASTDriver : Reseting driver {'pwm2': 'ff', 'config_cmd': 'DN:', 'mode': '10', 'allow_enable': False, 'pwm32': None, 'number': '02', 'pwm1': 'ff', 'pulse_ms': '0A', 'trigger_cmd': 'TN:', 'recycle_ms': '00'}
2016-03-13 22:57:26,854 : DEBUG : FASTDriver : Driver Settings: {'pwm2': 'ff', 'config_cmd': 'DN:', 'mode': '10', 'allow_enable': False, 'pwm32': None, 'number': '05', 'pwm1': 'ff', 'pulse_ms': '14', 'trigger_cmd': 'TN:', 'recycle_ms': '00'}
2016-03-13 22:57:26,854 : DEBUG : FASTDriver : Reseting driver {'pwm2': 'ff', 'config_cmd': 'DN:', 'mode': '10', 'allow_enable': False, 'pwm32': None, 'number': '05', 'pwm1': 'ff', 'pulse_ms': '14', 'trigger_cmd': 'TN:', 'recycle_ms': '00'}
2016-03-13 22:57:26,855 : DEBUG : FASTDriver : Driver Settings: {'pwm2': 'ff', 'config_cmd': 'DN:', 'mode': '10', 'allow_enable': False, 'pwm32': None, 'number': '0D', 'pwm1': 'ff', 'pulse_ms': '0A', 'trigger_cmd': 'TN:', 'recycle_ms': '00'}
2016-03-13 22:57:26,855 : DEBUG : FASTDriver : Reseting driver {'pwm2': 'ff', 'config_cmd': 'DN:', 'mode': '10', 'allow_enable': False, 'pwm32': None, 'number': '0D', 'pwm1': 'ff', 'pulse_ms': '0A', 'trigger_cmd': 'TN:', 'recycle_ms': '00'}
2016-03-13 22:57:26,856 : DEBUG : FASTDriver : Driver Settings: {'pwm2': 'ff', 'config_cmd': 'DN:', 'mode': '10', 'allow_enable': False, 'pwm32': None, 'number': '07', 'pwm1': 'ff', 'pulse_ms': '0A', 'trigger_cmd': 'TN:', 'recycle_ms': '00'}
2016-03-13 22:57:26,856 : DEBUG : FASTDriver : Reseting driver {'pwm2': 'ff', 'config_cmd': 'DN:', 'mode': '10', 'allow_enable': False, 'pwm32': None, 'number': '07', 'pwm1': 'ff', 'pulse_ms': '0A', 'trigger_cmd': 'TN:', 'recycle_ms': '00'}
2016-03-13 22:57:26,856 : DEBUG : FASTDriver : Driver Settings: {'pwm2': 'ff', 'config_cmd': 'DN:', 'mode': '10', 'allow_enable': False, 'pwm32': None, 'number': '13', 'pwm1': 'ff', 'pulse_ms': '08', 'trigger_cmd': 'TN:', 'recycle_ms': '00'}
2016-03-13 22:57:26,856 : DEBUG : FASTDriver : Reseting driver {'pwm2': 'ff', 'config_cmd': 'DN:', 'mode': '10', 'allow_enable': False, 'pwm32': None, 'number': '13', 'pwm1': 'ff', 'pulse_ms': '08', 'trigger_cmd': 'TN:', 'recycle_ms': '00'}
2016-03-13 22:57:26,857 : DEBUG : coil.c_rightflippermain : Enabling debug logging
2016-03-13 22:57:26,857 : DEBUG : coil.c_rightflippermain : Configuring device with settings: '{'disable_events': {}, 'hold_power32': None, 'enable_events': {}, 'platform': None, 'allow_enable': False, 'hold_power': None, 'label': '%', 'pulse_pwm_mask': None, 'pulse_ms': 35, 'hold_pwm_mask': None, 'pulse_power32': None, 'tags': [], 'pulse_power': None, 'pwm_off_ms': None, 'debug': True, 'number_str': '3', 'pwm_on_ms': None, 'recycle_ms': None, 'pulse_events': {}, 'number': '3'}'
2016-03-13 22:57:26,857 : DEBUG : coil.c_rightflippermain : Platform Driver: <Platform.FAST>
2016-03-13 22:57:26,857 : DEBUG : FASTDriver : Driver Settings: {'pwm2': 'ff', 'config_cmd': 'DN:', 'mode': '10', 'allow_enable': False, 'pwm32': None, 'number': '03', 'pwm1': 'ff', 'pulse_ms': '23', 'trigger_cmd': 'TN:', 'recycle_ms': '00'}
2016-03-13 22:57:26,857 : DEBUG : FASTDriver : Reseting driver {'pwm2': 'ff', 'config_cmd': 'DN:', 'mode': '10', 'allow_enable': False, 'pwm32': None, 'number': '03', 'pwm1': 'ff', 'pulse_ms': '23', 'trigger_cmd': 'TN:', 'recycle_ms': '00'}
2016-03-13 22:57:26,858 : DEBUG : coil.c_upperrightflipperhold : Enabling debug logging
2016-03-13 22:57:26,858 : DEBUG : coil.c_upperrightflipperhold : Configuring device with settings: '{'disable_events': {}, 'hold_power32': None, 'enable_events': {}, 'platform': None, 'allow_enable': False, 'hold_power': None, 'pulse_ms': None, 'pulse_pwm_mask': None, 'label': '%', 'hold_pwm_mask': None, 'pulse_power32': None, 'tags': [], 'pulse_power': None, 'pwm_off_ms': None, 'debug': True, 'number_str': '25', 'pwm_on_ms': None, 'recycle_ms': None, 'pulse_events': {}, 'number': '25'}'
2016-03-13 22:57:26,858 : DEBUG : coil.c_upperrightflipperhold : Platform Driver: <Platform.FAST>
2016-03-13 22:57:26,858 : DEBUG : FASTDriver : Driver Settings: {'pwm2': 'ff', 'config_cmd': 'DN:', 'mode': '10', 'allow_enable': False, 'pwm32': None, 'number': '19', 'pwm1': 'ff', 'pulse_ms': '0A', 'trigger_cmd': 'TN:', 'recycle_ms': '00'}
2016-03-13 22:57:26,858 : DEBUG : FASTDriver : Reseting driver {'pwm2': 'ff', 'config_cmd': 'DN:', 'mode': '10', 'allow_enable': False, 'pwm32': None, 'number': '19', 'pwm1': 'ff', 'pulse_ms': '0A', 'trigger_cmd': 'TN:', 'recycle_ms': '00'}
2016-03-13 22:57:26,859 : DEBUG : FASTDriver : Driver Settings: {'pwm2': 'ff', 'config_cmd': 'DN:', 'mode': '10', 'allow_enable': False, 'pwm32': None, 'number': '0C', 'pwm1': 'ff', 'pulse_ms': '0A', 'trigger_cmd': 'TN:', 'recycle_ms': '00'}
2016-03-13 22:57:26,859 : DEBUG : FASTDriver : Reseting driver {'pwm2': 'ff', 'config_cmd': 'DN:', 'mode': '10', 'allow_enable': False, 'pwm32': None, 'number': '0C', 'pwm1': 'ff', 'pulse_ms': '0A', 'trigger_cmd': 'TN:', 'recycle_ms': '00'}
2016-03-13 22:57:26,860 : DEBUG : FASTDriver : Driver Settings: {'pwm2': 'ff', 'config_cmd': 'DN:', 'mode': '10', 'allow_enable': False, 'pwm32': None, 'number': '0B', 'pwm1': 'ff', 'pulse_ms': '0A', 'trigger_cmd': 'TN:', 'recycle_ms': '00'}
2016-03-13 22:57:26,860 : DEBUG : FASTDriver : Reseting driver {'pwm2': 'ff', 'config_cmd': 'DN:', 'mode': '10', 'allow_enable': False, 'pwm32': None, 'number': '0B', 'pwm1': 'ff', 'pulse_ms': '0A', 'trigger_cmd': 'TN:', 'recycle_ms': '00'}
2016-03-13 22:57:26,860 : DEBUG : FASTDriver : Driver Settings: {'pwm2': 'ff', 'config_cmd': 'DN:', 'mode': '10', 'allow_enable': False, 'pwm32': None, 'number': '12', 'pwm1': 'ff', 'pulse_ms': '14', 'trigger_cmd': 'TN:', 'recycle_ms': '00'}
2016-03-13 22:57:26,860 : DEBUG : FASTDriver : Reseting driver {'pwm2': 'ff', 'config_cmd': 'DN:', 'mode': '10', 'allow_enable': False, 'pwm32': None, 'number': '12', 'pwm1': 'ff', 'pulse_ms': '14', 'trigger_cmd': 'TN:', 'recycle_ms': '00'}
2016-03-13 22:57:26,861 : DEBUG : FASTDriver : Driver Settings: {'pwm2': 'ff', 'config_cmd': 'DN:', 'mode': '10', 'allow_enable': False, 'pwm32': None, 'number': '0F', 'pwm1': 'ff', 'pulse_ms': '0A', 'trigger_cmd': 'TN:', 'recycle_ms': '00'}
2016-03-13 22:57:26,861 : DEBUG : FASTDriver : Reseting driver {'pwm2': 'ff', 'config_cmd': 'DN:', 'mode': '10', 'allow_enable': False, 'pwm32': None, 'number': '0F', 'pwm1': 'ff', 'pulse_ms': '0A', 'trigger_cmd': 'TN:', 'recycle_ms': '00'}
2016-03-13 22:57:26,861 : DEBUG : FASTDriver : Driver Settings: {'pwm2': 'ff', 'config_cmd': 'DN:', 'mode': '10', 'allow_enable': False, 'pwm32': None, 'number': '1A', 'pwm1': 'ff', 'pulse_ms': '14', 'trigger_cmd': 'TN:', 'recycle_ms': '00'}
2016-03-13 22:57:26,861 : DEBUG : FASTDriver : Reseting driver {'pwm2': 'ff', 'config_cmd': 'DN:', 'mode': '10', 'allow_enable': False, 'pwm32': None, 'number': '1A', 'pwm1': 'ff', 'pulse_ms': '14', 'trigger_cmd': 'TN:', 'recycle_ms': '00'}
2016-03-13 22:57:26,862 : DEBUG : FASTDriver : Driver Settings: {'pwm2': 'ff', 'config_cmd': 'DN:', 'mode': '10', 'allow_enable': False, 'pwm32': None, 'number': '11', 'pwm1': 'ff', 'pulse_ms': '0A', 'trigger_cmd': 'TN:', 'recycle_ms': '00'}
2016-03-13 22:57:26,862 : DEBUG : FASTDriver : Reseting driver {'pwm2': 'ff', 'config_cmd': 'DN:', 'mode': '10', 'allow_enable': False, 'pwm32': None, 'number': '11', 'pwm1': 'ff', 'pulse_ms': '0A', 'trigger_cmd': 'TN:', 'recycle_ms': '00'}
2016-03-13 22:57:26,862 : DEBUG : FASTDriver : Driver Settings: {'pwm2': 'ff', 'config_cmd': 'DN:', 'mode': '10', 'allow_enable': False, 'pwm32': None, 'number': '14', 'pwm1': 'ff', 'pulse_ms': '05', 'trigger_cmd': 'TN:', 'recycle_ms': '00'}
2016-03-13 22:57:26,863 : DEBUG : FASTDriver : Reseting driver {'pwm2': 'ff', 'config_cmd': 'DN:', 'mode': '10', 'allow_enable': False, 'pwm32': None, 'number': '14', 'pwm1': 'ff', 'pulse_ms': '05', 'trigger_cmd': 'TN:', 'recycle_ms': '00'}
2016-03-13 22:57:26,863 : DEBUG : FASTDriver : Driver Settings: {'pwm2': 'ff', 'config_cmd': 'DN:', 'mode': '10', 'allow_enable': False, 'pwm32': None, 'number': '09', 'pwm1': 'ff', 'pulse_ms': '0A', 'trigger_cmd': 'TN:', 'recycle_ms': '00'}
2016-03-13 22:57:26,863 : DEBUG : FASTDriver : Reseting driver {'pwm2': 'ff', 'config_cmd': 'DN:', 'mode': '10', 'allow_enable': False, 'pwm32': None, 'number': '09', 'pwm1': 'ff', 'pulse_ms': '0A', 'trigger_cmd': 'TN:', 'recycle_ms': '00'}
2016-03-13 22:57:26,864 : DEBUG : FASTDriver : Driver Settings: {'pwm2': 'ff', 'config_cmd': 'DN:', 'mode': '10', 'allow_enable': False, 'pwm32': None, 'number': '04', 'pwm1': 'ff', 'pulse_ms': '0A', 'trigger_cmd': 'TN:', 'recycle_ms': '00'}
2016-03-13 22:57:26,864 : DEBUG : FASTDriver : Reseting driver {'pwm2': 'ff', 'config_cmd': 'DN:', 'mode': '10', 'allow_enable': False, 'pwm32': None, 'number': '04', 'pwm1': 'ff', 'pulse_ms': '0A', 'trigger_cmd': 'TN:', 'recycle_ms': '00'}
2016-03-13 22:57:26,864 : DEBUG : FASTDriver : Driver Settings: {'pwm2': 'ff', 'config_cmd': 'DN:', 'mode': '10', 'allow_enable': False, 'pwm32': None, 'number': '0A', 'pwm1': 'ff', 'pulse_ms': '28', 'trigger_cmd': 'TN:', 'recycle_ms': '00'}
2016-03-13 22:57:26,864 : DEBUG : FASTDriver : Reseting driver {'pwm2': 'ff', 'config_cmd': 'DN:', 'mode': '10', 'allow_enable': False, 'pwm32': None, 'number': '0A', 'pwm1': 'ff', 'pulse_ms': '28', 'trigger_cmd': 'TN:', 'recycle_ms': '00'}
2016-03-13 22:57:26,865 : DEBUG : FASTDriver : Driver Settings: {'pwm2': 'ff', 'config_cmd': 'DN:', 'mode': '10', 'allow_enable': False, 'pwm32': None, 'number': '1C', 'pwm1': 'ff', 'pulse_ms': '14', 'trigger_cmd': 'TN:', 'recycle_ms': '00'}
2016-03-13 22:57:26,865 : DEBUG : FASTDriver : Reseting driver {'pwm2': 'ff', 'config_cmd': 'DN:', 'mode': '10', 'allow_enable': False, 'pwm32': None, 'number': '1C', 'pwm1': 'ff', 'pulse_ms': '14', 'trigger_cmd': 'TN:', 'recycle_ms': '00'}
2016-03-13 22:57:26,866 : DEBUG : switch.s_drain : Creating 's_drain' with config: {'debounce': 'True', 'events_when_activated': [], 'platform': None, 'type': 'NO', 'label': '%', 'debounce_close': 0, 'recycle_time': 0.0, 'tags': [], 'debug': False, 'number_str': '21', 'events_when_deactivated': [], 'debounce_open': 0, 'number': '21'}
2016-03-13 22:57:26,866 : DEBUG : FAST : FAST Switch hardware tuple: ('15', 1)
2016-03-13 22:57:26,867 : DEBUG : switch.s_leftflipper : Creating 's_leftflipper' with config: {'debounce': 'True', 'events_when_activated': [], 'platform': None, 'type': 'NO', 'label': '%', 'debounce_close': 0, 'recycle_time': 0.0, 'tags': [], 'debug': False, 'number_str': '0', 'events_when_deactivated': [], 'debounce_open': 0, 'number': '0'}
2016-03-13 22:57:26,867 : DEBUG : FAST : FAST Switch hardware tuple: ('00', 1)
2016-03-13 22:57:26,867 : DEBUG : switch.s_spinner : Creating 's_spinner' with config: {'debounce': 'True', 'events_when_activated': [], 'platform': None, 'type': 'NO', 'label': '%', 'debounce_close': 0, 'recycle_time': 0.0, 'tags': [], 'debug': False, 'number_str': '76', 'events_when_deactivated': [], 'debounce_open': 0, 'number': '76'}
2016-03-13 22:57:26,867 : DEBUG : FAST : FAST Switch hardware tuple: ('4C', 1)
2016-03-13 22:57:26,868 : DEBUG : switch.s_leftpop : Creating 's_leftpop' with config: {'debounce': 'True', 'events_when_activated': [], 'platform': None, 'type': 'NO', 'label': '%', 'debounce_close': 0, 'recycle_time': 0.0, 'tags': [], 'debug': False, 'number_str': '77', 'events_when_deactivated': [], 'debounce_open': 0, 'number': '77'}
2016-03-13 22:57:26,868 : DEBUG : FAST : FAST Switch hardware tuple: ('4D', 1)
2016-03-13 22:57:26,868 : DEBUG : switch.s_leftlane : Creating 's_leftlane' with config: {'debounce': 'True', 'events_when_activated': [], 'platform': None, 'type': 'NO', 'label': '%', 'debounce_close': 0, 'recycle_time': 0.0, 'tags': [], 'debug': False, 'number_str': '74', 'events_when_deactivated': [], 'debounce_open': 0, 'number': '74'}
2016-03-13 22:57:26,869 : DEBUG : FAST : FAST Switch hardware tuple: ('4A', 1)
2016-03-13 22:57:26,869 : DEBUG : switch.s_rightbanktop : Creating 's_rightbanktop' with config: {'debounce': 'True', 'events_when_activated': [], 'platform': None, 'type': 'NO', 'label': '%', 'debounce_close': 0, 'recycle_time': 0.0, 'tags': [], 'debug': False, 'number_str': '26', 'events_when_deactivated': [], 'debounce_open': 0, 'number': '26'}
2016-03-13 22:57:26,869 : DEBUG : FAST : FAST Switch hardware tuple: ('1A', 1)
2016-03-13 22:57:26,869 : DEBUG : switch.s_rightpop : Creating 's_rightpop' with config: {'debounce': 'True', 'events_when_activated': [], 'platform': None, 'type': 'NO', 'label': '%', 'debounce_close': 0, 'recycle_time': 0.0, 'tags': [], 'debug': False, 'number_str': '78', 'events_when_deactivated': [], 'debounce_open': 0, 'number': '78'}
2016-03-13 22:57:26,869 : DEBUG : FAST : FAST Switch hardware tuple: ('4E', 1)
2016-03-13 22:57:26,870 : DEBUG : switch.s_rightflipper : Creating 's_rightflipper' with config: {'debounce': 'True', 'events_when_activated': [], 'platform': None, 'type': 'NO', 'label': '%', 'debounce_close': 0, 'recycle_time': 0.0, 'tags': [], 'debug': False, 'number_str': '2', 'events_when_deactivated': [], 'debounce_open': 0, 'number': '2'}
2016-03-13 22:57:26,870 : DEBUG : FAST : FAST Switch hardware tuple: ('02', 1)
2016-03-13 22:57:26,870 : DEBUG : switch.s_toprightvuk : Creating 's_toprightvuk' with config: {'debounce': 'True', 'events_when_activated': [], 'platform': None, 'type': 'NO', 'label': '%', 'debounce_close': 0, 'recycle_time': 0.0, 'tags': [], 'debug': False, 'number_str': '69', 'events_when_deactivated': [], 'debounce_open': 0, 'number': '69'}
2016-03-13 22:57:26,871 : DEBUG : FAST : FAST Switch hardware tuple: ('45', 1)
2016-03-13 22:57:26,871 : DEBUG : switch.s_subwayopto : Creating 's_subwayopto' with config: {'debounce': 'True', 'events_when_activated': [], 'platform': None, 'type': 'NC', 'label': '%', 'debounce_close': 0, 'recycle_time': 0.0, 'tags': [], 'debug': False, 'number_str': '42', 'events_when_deactivated': [], 'debounce_open': 0, 'number': '42'}
2016-03-13 22:57:26,871 : DEBUG : FAST : FAST Switch hardware tuple: ('2A', 1)
2016-03-13 22:57:26,871 : DEBUG : switch.s_toprightstandup : Creating 's_toprightstandup' with config: {'debounce': 'True', 'events_when_activated': [], 'platform': None, 'type': 'NO', 'label': '%', 'debounce_close': 0, 'recycle_time': 0.0, 'tags': [], 'debug': False, 'number_str': '27', 'events_when_deactivated': [], 'debounce_open': 0, 'number': '27'}
2016-03-13 22:57:26,872 : DEBUG : FAST : FAST Switch hardware tuple: ('1B', 1)
2016-03-13 22:57:26,872 : DEBUG : switch.s_rightinlane : Creating 's_rightinlane' with config: {'debounce': 'True', 'events_when_activated': [], 'platform': None, 'type': 'NO', 'label': '%', 'debounce_close': 0, 'recycle_time': 0.0, 'tags': [], 'debug': False, 'number_str': '24', 'events_when_deactivated': [], 'debounce_open': 0, 'number': '24'}
2016-03-13 22:57:26,872 : DEBUG : FAST : FAST Switch hardware tuple: ('18', 1)
2016-03-13 22:57:26,873 : DEBUG : switch.s_rightlane : Creating 's_rightlane' with config: {'debounce': 'True', 'events_when_activated': [], 'platform': None, 'type': 'NO', 'label': '%', 'debounce_close': 0, 'recycle_time': 0.0, 'tags': [], 'debug': False, 'number_str': '73', 'events_when_deactivated': [], 'debounce_open': 0, 'number': '73'}
2016-03-13 22:57:26,873 : DEBUG : FAST : FAST Switch hardware tuple: ('49', 1)
2016-03-13 22:57:26,874 : DEBUG : switch.s_rightupperflipper : Creating 's_rightupperflipper' with config: {'debounce': 'True', 'events_when_activated': [], 'platform': None, 'type': 'NO', 'label': '%', 'debounce_close': 0, 'recycle_time': 0.0, 'tags': [], 'debug': False, 'number_str': '1', 'events_when_deactivated': [], 'debounce_open': 0, 'number': '1'}
2016-03-13 22:57:26,874 : DEBUG : FAST : FAST Switch hardware tuple: ('01', 1)
2016-03-13 22:57:26,874 : DEBUG : switch.s_troughenter : Creating 's_troughenter' with config: {'debounce': 'True', 'events_when_activated': [], 'platform': None, 'type': 'NO', 'label': '%', 'debounce_close': 0, 'recycle_time': 0.0, 'tags': [], 'debug': False, 'number_str': '18', 'events_when_deactivated': [], 'debounce_open': 0, 'number': '18'}
2016-03-13 22:57:26,874 : DEBUG : FAST : FAST Switch hardware tuple: ('12', 1)
2016-03-13 22:57:26,875 : DEBUG : switch.s_droptarget5 : Creating 's_droptarget5' with config: {'debounce': 'True', 'events_when_activated': [], 'platform': None, 'type': 'NO', 'label': '%', 'debounce_close': 0, 'recycle_time': 0.0, 'tags': [], 'debug': False, 'number_str': '68', 'events_when_deactivated': [], 'debounce_open': 0, 'number': '68'}
2016-03-13 22:57:26,875 : DEBUG : FAST : FAST Switch hardware tuple: ('44', 1)
2016-03-13 22:57:26,875 : DEBUG : switch.s_bottomkickingtarget : Creating 's_bottomkickingtarget' with config: {'debounce': 'True', 'events_when_activated': [], 'platform': None, 'type': 'NO', 'label': '%', 'debounce_close': 0, 'recycle_time': 0.0, 'tags': [], 'debug': False, 'number_str': '46', 'events_when_deactivated': [], 'debounce_open': 0, 'number': '46'}
2016-03-13 22:57:26,876 : DEBUG : FAST : FAST Switch hardware tuple: ('2E', 1)
2016-03-13 22:57:26,876 : DEBUG : switch.s_leftinlane : Creating 's_leftinlane' with config: {'debounce': 'True', 'events_when_activated': [], 'platform': None, 'type': 'NO', 'label': '%', 'debounce_close': 0, 'recycle_time': 0.0, 'tags': [], 'debug': False, 'number_str': '22', 'events_when_deactivated': [], 'debounce_open': 0, 'number': '22'}
2016-03-13 22:57:26,876 : DEBUG : FAST : FAST Switch hardware tuple: ('16', 1)
2016-03-13 22:57:26,877 : DEBUG : switch.s_topkickingtarget : Creating 's_topkickingtarget' with config: {'debounce': 'True', 'events_when_activated': [], 'platform': None, 'type': 'NO', 'label': '%', 'debounce_close': 0, 'recycle_time': 0.0, 'tags': [], 'debug': False, 'number_str': '41', 'events_when_deactivated': [], 'debounce_open': 0, 'number': '41'}
2016-03-13 22:57:26,877 : DEBUG : FAST : FAST Switch hardware tuple: ('29', 1)
2016-03-13 22:57:26,877 : DEBUG : switch.s_start : Creating 's_start' with config: {'debounce': 'True', 'events_when_activated': [], 'platform': None, 'type': 'NO', 'label': '%', 'debounce_close': 0, 'recycle_time': 0.0, 'tags': ['start'], 'debug': False, 'number_str': '3', 'events_when_deactivated': [], 'debounce_open': 0, 'number': '3'}
2016-03-13 22:57:26,878 : DEBUG : FAST : FAST Switch hardware tuple: ('03', 1)
2016-03-13 22:57:26,878 : DEBUG : switch.s_bottompop : Creating 's_bottompop' with config: {'debounce': 'True', 'events_when_activated': [], 'platform': None, 'type': 'NO', 'label': '%', 'debounce_close': 0, 'recycle_time': 0.0, 'tags': [], 'debug': False, 'number_str': '79', 'events_when_deactivated': [], 'debounce_open': 0, 'number': '79'}
2016-03-13 22:57:26,878 : DEBUG : FAST : FAST Switch hardware tuple: ('4F', 1)
2016-03-13 22:57:26,878 : DEBUG : switch.s_rightoutlane : Creating 's_rightoutlane' with config: {'debounce': 'True', 'events_when_activated': [], 'platform': None, 'type': 'NO', 'label': '%', 'debounce_close': 0, 'recycle_time': 0.0, 'tags': [], 'debug': False, 'number_str': '19', 'events_when_deactivated': [], 'debounce_open': 0, 'number': '19'}
2016-03-13 22:57:26,879 : DEBUG : FAST : FAST Switch hardware tuple: ('13', 1)
2016-03-13 22:57:26,879 : DEBUG : switch.s_droptarget4 : Creating 's_droptarget4' with config: {'debounce': 'True', 'events_when_activated': [], 'platform': None, 'type': 'NO', 'label': '%', 'debounce_close': 0, 'recycle_time': 0.0, 'tags': [], 'debug': False, 'number_str': '67', 'events_when_deactivated': [], 'debounce_open': 0, 'number': '67'}
2016-03-13 22:57:26,879 : DEBUG : FAST : FAST Switch hardware tuple: ('43', 1)
2016-03-13 22:57:26,880 : DEBUG : switch.s_topkicker : Creating 's_topkicker' with config: {'debounce': 'True', 'events_when_activated': [], 'platform': None, 'type': 'NO', 'label': '%', 'debounce_close': 0, 'recycle_time': 0.0, 'tags': [], 'debug': False, 'number_str': '75', 'events_when_deactivated': [], 'debounce_open': 0, 'number': '75'}
2016-03-13 22:57:26,880 : DEBUG : FAST : FAST Switch hardware tuple: ('4B', 1)
2016-03-13 22:57:26,880 : DEBUG : switch.s_leftorbit : Creating 's_leftorbit' with config: {'debounce': 'True', 'events_when_activated': [], 'platform': None, 'type': 'NO', 'label': '%', 'debounce_close': 0, 'recycle_time': 0.0, 'tags': [], 'debug': False, 'number_str': '47', 'events_when_deactivated': [], 'debounce_open': 0, 'number': '47'}
2016-03-13 22:57:26,880 : DEBUG : FAST : FAST Switch hardware tuple: ('2F', 1)
2016-03-13 22:57:26,881 : DEBUG : switch.s_jukeboxopto : Creating 's_jukeboxopto' with config: {'debounce': 'True', 'events_when_activated': [], 'platform': None, 'type': 'NC', 'label': '%', 'debounce_close': 0, 'recycle_time': 0.0, 'tags': ['jukebox'], 'debug': False, 'number_str': '40', 'events_when_deactivated': [], 'debounce_open': 0, 'number': '40'}
2016-03-13 22:57:26,881 : DEBUG : FAST : FAST Switch hardware tuple: ('28', 1)
2016-03-13 22:57:26,881 : DEBUG : switch.s_leftrampopto : Creating 's_leftrampopto' with config: {'debounce': 'True', 'events_when_activated': [], 'platform': None, 'type': 'NC', 'label': '%', 'debounce_close': 0, 'recycle_time': 0.0, 'tags': [], 'debug': False, 'number_str': '45', 'events_when_deactivated': [], 'debounce_open': 0, 'number': '45'}
2016-03-13 22:57:26,882 : DEBUG : FAST : FAST Switch hardware tuple: ('2D', 1)
2016-03-13 22:57:26,882 : DEBUG : switch.s_plungerlane : Creating 's_plungerlane' with config: {'debounce': 'True', 'events_when_activated': [], 'platform': None, 'type': 'NO', 'label': '%', 'debounce_close': 0, 'recycle_time': 0.0, 'tags': [], 'debug': False, 'number_str': '16', 'events_when_deactivated': [], 'debounce_open': 0, 'number': '16'}
2016-03-13 22:57:26,882 : DEBUG : FAST : FAST Switch hardware tuple: ('10', 1)
2016-03-13 22:57:26,883 : DEBUG : switch.s_leftsling : Creating 's_leftsling' with config: {'debounce': 'True', 'events_when_activated': [], 'platform': None, 'type': 'NO', 'label': '%', 'debounce_close': 0, 'recycle_time': 0.0, 'tags': [], 'debug': False, 'number_str': '44', 'events_when_deactivated': [], 'debounce_open': 0, 'number': '44'}
2016-03-13 22:57:26,883 : DEBUG : FAST : FAST Switch hardware tuple: ('2C', 1)
2016-03-13 22:57:26,883 : DEBUG : switch.s_droptarget1 : Creating 's_droptarget1' with config: {'debounce': 'True', 'events_when_activated': [], 'platform': None, 'type': 'NO', 'label': '%', 'debounce_close': 0, 'recycle_time': 0.0, 'tags': [], 'debug': False, 'number_str': '64', 'events_when_deactivated': [], 'debounce_open': 0, 'number': '64'}
2016-03-13 22:57:26,885 : DEBUG : FAST : FAST Switch hardware tuple: ('40', 1)
2016-03-13 22:57:26,885 : DEBUG : switch.s_droptarget3 : Creating 's_droptarget3' with config: {'debounce': 'True', 'events_when_activated': [], 'platform': None, 'type': 'NO', 'label': '%', 'debounce_close': 0, 'recycle_time': 0.0, 'tags': [], 'debug': False, 'number_str': '66', 'events_when_deactivated': [], 'debounce_open': 0, 'number': '66'}
2016-03-13 22:57:26,886 : DEBUG : FAST : FAST Switch hardware tuple: ('42', 1)
2016-03-13 22:57:26,886 : DEBUG : switch.s_rightbankbottom : Creating 's_rightbankbottom' with config: {'debounce': 'True', 'events_when_activated': [], 'platform': None, 'type': 'NO', 'label': '%', 'debounce_close': 0, 'recycle_time': 0.0, 'tags': ['plunger'], 'debug': False, 'number_str': '17', 'events_when_deactivated': [], 'debounce_open': 0, 'number': '17'}
2016-03-13 22:57:26,886 : DEBUG : FAST : FAST Switch hardware tuple: ('11', 1)
2016-03-13 22:57:26,887 : DEBUG : switch.s_droptarget2 : Creating 's_droptarget2' with config: {'debounce': 'True', 'events_when_activated': [], 'platform': None, 'type': 'NO', 'label': '%', 'debounce_close': 0, 'recycle_time': 0.0, 'tags': [], 'debug': False, 'number_str': '65', 'events_when_deactivated': [], 'debounce_open': 0, 'number': '65'}
2016-03-13 22:57:26,887 : DEBUG : FAST : FAST Switch hardware tuple: ('41', 1)
2016-03-13 22:57:26,887 : DEBUG : switch.s_leftoutlane : Creating 's_leftoutlane' with config: {'debounce': 'True', 'events_when_activated': [], 'platform': None, 'type': 'NO', 'label': '%', 'debounce_close': 0, 'recycle_time': 0.0, 'tags': [], 'debug': False, 'number_str': '20', 'events_when_deactivated': [], 'debounce_open': 0, 'number': '20'}
2016-03-13 22:57:26,888 : DEBUG : FAST : FAST Switch hardware tuple: ('14', 1)
2016-03-13 22:57:26,888 : DEBUG : switch.s_rightrampopto : Creating 's_rightrampopto' with config: {'debounce': 'True', 'events_when_activated': [], 'platform': None, 'type': 'NC', 'label': '%', 'debounce_close': 0, 'recycle_time': 0.0, 'tags': [], 'debug': False, 'number_str': '72', 'events_when_deactivated': [], 'debounce_open': 0, 'number': '72'}
2016-03-13 22:57:26,888 : DEBUG : FAST : FAST Switch hardware tuple: ('48', 1)
2016-03-13 22:57:26,889 : DEBUG : switch.s_lowervukopto : Creating 's_lowervukopto' with config: {'debounce': 'True', 'events_when_activated': [], 'platform': None, 'type': 'NC', 'label': '%', 'debounce_close': 0, 'recycle_time': 0.0, 'tags': [], 'debug': False, 'number_str': '43', 'events_when_deactivated': [], 'debounce_open': 0, 'number': '43'}
2016-03-13 22:57:26,889 : DEBUG : FAST : FAST Switch hardware tuple: ('2B', 1)
2016-03-13 22:57:26,890 : DEBUG : switch.s_rightsling : Creating 's_rightsling' with config: {'debounce': 'True', 'events_when_activated': [], 'platform': None, 'type': 'NO', 'label': '%', 'debounce_close': 0, 'recycle_time': 0.0, 'tags': [], 'debug': False, 'number_str': '25', 'events_when_deactivated': [], 'debounce_open': 0, 'number': '25'}
2016-03-13 22:57:26,890 : DEBUG : FAST : FAST Switch hardware tuple: ('19', 1)
2016-03-13 22:57:26,893 : DEBUG : Clock : Scheduled a recurring clock callback (callback=<bound method Led.update_leds of <class 'mpf.devices.led.Led'>>, timeout=0, priority=-100)
2016-03-13 22:57:26,894 : DEBUG : Clock : Scheduled a recurring clock callback (callback=<bound method HardwarePlatform.update_leds of <Platform.FAST>>, timeout=0, priority=1)
2016-03-13 22:57:26,894 : DEBUG : FASTLED : Creating FAST RGB LED at hardware address: 57
2016-03-13 22:57:26,895 : DEBUG : FASTLED : Creating FAST RGB LED at hardware address: 60
2016-03-13 22:57:26,895 : DEBUG : FASTLED : Creating FAST RGB LED at hardware address: 41
2016-03-13 22:57:26,895 : DEBUG : FASTLED : Creating FAST RGB LED at hardware address: 58
2016-03-13 22:57:26,896 : DEBUG : FASTLED : Creating FAST RGB LED at hardware address: 5A
2016-03-13 22:57:26,896 : DEBUG : FASTLED : Creating FAST RGB LED at hardware address: 8C
2016-03-13 22:57:26,896 : DEBUG : FASTLED : Creating FAST RGB LED at hardware address: 61
2016-03-13 22:57:26,897 : DEBUG : FASTLED : Creating FAST RGB LED at hardware address: 66
2016-03-13 22:57:26,897 : DEBUG : FASTLED : Creating FAST RGB LED at hardware address: 83
2016-03-13 22:57:26,897 : DEBUG : FASTLED : Creating FAST RGB LED at hardware address: 51
2016-03-13 22:57:26,898 : DEBUG : FASTLED : Creating FAST RGB LED at hardware address: 64
2016-03-13 22:57:26,898 : DEBUG : FASTLED : Creating FAST RGB LED at hardware address: 52
2016-03-13 22:57:26,898 : DEBUG : FASTLED : Creating FAST RGB LED at hardware address: 55
2016-03-13 22:57:26,899 : DEBUG : FASTLED : Creating FAST RGB LED at hardware address: 8B
2016-03-13 22:57:26,899 : DEBUG : FASTLED : Creating FAST RGB LED at hardware address: 8E
2016-03-13 22:57:26,899 : DEBUG : FASTLED : Creating FAST RGB LED at hardware address: 6F
2016-03-13 22:57:26,900 : DEBUG : FASTLED : Creating FAST RGB LED at hardware address: 88
2016-03-13 22:57:26,900 : DEBUG : FASTLED : Creating FAST RGB LED at hardware address: 81
2016-03-13 22:57:26,900 : DEBUG : FASTLED : Creating FAST RGB LED at hardware address: 84
2016-03-13 22:57:26,901 : DEBUG : FASTLED : Creating FAST RGB LED at hardware address: 92
2016-03-13 22:57:26,901 : DEBUG : FASTLED : Creating FAST RGB LED at hardware address: 47
2016-03-13 22:57:26,901 : DEBUG : FASTLED : Creating FAST RGB LED at hardware address: 5D
2016-03-13 22:57:26,901 : DEBUG : FASTLED : Creating FAST RGB LED at hardware address: 6B
2016-03-13 22:57:26,902 : DEBUG : FASTLED : Creating FAST RGB LED at hardware address: 89
2016-03-13 22:57:26,902 : DEBUG : FASTLED : Creating FAST RGB LED at hardware address: 56
2016-03-13 22:57:26,902 : DEBUG : FASTLED : Creating FAST RGB LED at hardware address: 93
2016-03-13 22:57:26,902 : DEBUG : FASTLED : Creating FAST RGB LED at hardware address: 8D
2016-03-13 22:57:26,903 : DEBUG : FASTLED : Creating FAST RGB LED at hardware address: 53
2016-03-13 22:57:26,903 : DEBUG : FASTLED : Creating FAST RGB LED at hardware address: 4B
2016-03-13 22:57:26,903 : DEBUG : FASTLED : Creating FAST RGB LED at hardware address: 85
2016-03-13 22:57:26,903 : DEBUG : FASTLED : Creating FAST RGB LED at hardware address: 82
2016-03-13 22:57:26,903 : DEBUG : FASTLED : Creating FAST RGB LED at hardware address: 94
2016-03-13 22:57:26,904 : DEBUG : FASTLED : Creating FAST RGB LED at hardware address: 6D
2016-03-13 22:57:26,904 : DEBUG : FASTLED : Creating FAST RGB LED at hardware address: 4A
2016-03-13 22:57:26,904 : DEBUG : FASTLED : Creating FAST RGB LED at hardware address: 69
2016-03-13 22:57:26,905 : DEBUG : FASTLED : Creating FAST RGB LED at hardware address: 59
2016-03-13 22:57:26,905 : DEBUG : FASTLED : Creating FAST RGB LED at hardware address: 43
2016-03-13 22:57:26,905 : DEBUG : FASTLED : Creating FAST RGB LED at hardware address: 65
2016-03-13 22:57:26,906 : DEBUG : FASTLED : Creating FAST RGB LED at hardware address: 63
2016-03-13 22:57:26,907 : DEBUG : FASTLED : Creating FAST RGB LED at hardware address: 44
2016-03-13 22:57:26,907 : DEBUG : FASTLED : Creating FAST RGB LED at hardware address: 48
2016-03-13 22:57:26,908 : DEBUG : FASTLED : Creating FAST RGB LED at hardware address: 67
2016-03-13 22:57:26,908 : DEBUG : FASTLED : Creating FAST RGB LED at hardware address: 6A
2016-03-13 22:57:26,908 : DEBUG : FASTLED : Creating FAST RGB LED at hardware address: 5E
2016-03-13 22:57:26,909 : DEBUG : FASTLED : Creating FAST RGB LED at hardware address: 42
2016-03-13 22:57:26,909 : DEBUG : FASTLED : Creating FAST RGB LED at hardware address: 6C
2016-03-13 22:57:26,909 : DEBUG : FASTLED : Creating FAST RGB LED at hardware address: 90
2016-03-13 22:57:26,909 : DEBUG : FASTLED : Creating FAST RGB LED at hardware address: 49
2016-03-13 22:57:26,910 : DEBUG : FASTLED : Creating FAST RGB LED at hardware address: 91
2016-03-13 22:57:26,910 : DEBUG : FASTLED : Creating FAST RGB LED at hardware address: 80
2016-03-13 22:57:26,910 : DEBUG : FASTLED : Creating FAST RGB LED at hardware address: 5C
2016-03-13 22:57:26,911 : DEBUG : FASTLED : Creating FAST RGB LED at hardware address: 4F
2016-03-13 22:57:26,911 : DEBUG : FASTLED : Creating FAST RGB LED at hardware address: 62
2016-03-13 22:57:26,911 : DEBUG : FASTLED : Creating FAST RGB LED at hardware address: 86
2016-03-13 22:57:26,911 : DEBUG : FASTLED : Creating FAST RGB LED at hardware address: 5F
2016-03-13 22:57:26,912 : DEBUG : FASTLED : Creating FAST RGB LED at hardware address: 50
2016-03-13 22:57:26,912 : DEBUG : FASTLED : Creating FAST RGB LED at hardware address: 5B
2016-03-13 22:57:26,912 : DEBUG : FASTLED : Creating FAST RGB LED at hardware address: 68
2016-03-13 22:57:26,913 : DEBUG : FASTLED : Creating FAST RGB LED at hardware address: 4D
2016-03-13 22:57:26,913 : DEBUG : FASTLED : Creating FAST RGB LED at hardware address: 87
2016-03-13 22:57:26,913 : DEBUG : FASTLED : Creating FAST RGB LED at hardware address: 4C
2016-03-13 22:57:26,914 : DEBUG : FASTLED : Creating FAST RGB LED at hardware address: 95
2016-03-13 22:57:26,914 : DEBUG : FASTLED : Creating FAST RGB LED at hardware address: 6E
2016-03-13 22:57:26,914 : DEBUG : FASTLED : Creating FAST RGB LED at hardware address: 4E
2016-03-13 22:57:26,915 : DEBUG : FASTLED : Creating FAST RGB LED at hardware address: 46
2016-03-13 22:57:26,915 : DEBUG : FASTLED : Creating FAST RGB LED at hardware address: 8A
2016-03-13 22:57:26,915 : DEBUG : FASTLED : Creating FAST RGB LED at hardware address: 8F
2016-03-13 22:57:26,915 : DEBUG : FASTLED : Creating FAST RGB LED at hardware address: 54
2016-03-13 22:57:26,920 : DEBUG : Events : Registered BallDevice._initialize_phase_2 as a handler for 'init_phase_2', priority: 1, kwargs: {}
2016-03-13 22:57:26,920 : DEBUG : Events : Registered BallDevice._initialize_phase_3 as a handler for 'init_phase_3', priority: 1, kwargs: {}
2016-03-13 22:57:26,920 : DEBUG : Events : Registered BallDevice._initialize_phase_4 as a handler for 'init_phase_4', priority: 1, kwargs: {}
2016-03-13 22:57:26,921 : DEBUG : Events : Registered BallDevice._initialize_phase_2 as a handler for 'init_phase_2', priority: 1, kwargs: {}
2016-03-13 22:57:26,921 : DEBUG : Events : Registered BallDevice._initialize_phase_3 as a handler for 'init_phase_3', priority: 1, kwargs: {}
2016-03-13 22:57:26,922 : DEBUG : Events : Registered BallDevice._initialize_phase_4 as a handler for 'init_phase_4', priority: 1, kwargs: {}
2016-03-13 22:57:26,922 : DEBUG : Events : Registered BallDevice._initialize_phase_2 as a handler for 'init_phase_2', priority: 1, kwargs: {}
2016-03-13 22:57:26,922 : DEBUG : Events : Registered BallDevice._initialize_phase_3 as a handler for 'init_phase_3', priority: 1, kwargs: {}
2016-03-13 22:57:26,922 : DEBUG : Events : Registered BallDevice._initialize_phase_4 as a handler for 'init_phase_4', priority: 1, kwargs: {}
2016-03-13 22:57:26,923 : DEBUG : Events : Registered BallDevice._initialize_phase_2 as a handler for 'init_phase_2', priority: 1, kwargs: {}
2016-03-13 22:57:26,923 : DEBUG : Events : Registered BallDevice._initialize_phase_3 as a handler for 'init_phase_3', priority: 1, kwargs: {}
2016-03-13 22:57:26,923 : DEBUG : Events : Registered BallDevice._initialize_phase_4 as a handler for 'init_phase_4', priority: 1, kwargs: {}
2016-03-13 22:57:26,924 : DEBUG : Events : Registered BallDevice._initialize_phase_2 as a handler for 'init_phase_2', priority: 1, kwargs: {}
2016-03-13 22:57:26,924 : DEBUG : Events : Registered BallDevice._initialize_phase_3 as a handler for 'init_phase_3', priority: 1, kwargs: {}
2016-03-13 22:57:26,924 : DEBUG : Events : Registered BallDevice._initialize_phase_4 as a handler for 'init_phase_4', priority: 1, kwargs: {}
2016-03-13 22:57:26,925 : DEBUG : Events : Registered BallDevice._initialize_phase_2 as a handler for 'init_phase_2', priority: 1, kwargs: {}
2016-03-13 22:57:26,925 : DEBUG : Events : Registered BallDevice._initialize_phase_3 as a handler for 'init_phase_3', priority: 1, kwargs: {}
2016-03-13 22:57:26,925 : DEBUG : Events : Registered BallDevice._initialize_phase_4 as a handler for 'init_phase_4', priority: 1, kwargs: {}
2016-03-13 22:57:26,926 : DEBUG : Events : Registered BallSearch.request_to_start_game as a handler for 'request_to_start_game', priority: 1, kwargs: {}
2016-03-13 22:57:26,926 : DEBUG : Events : Registered Playfield._source_device_eject_success as a handler for 'balldevice_bd_drain_ball_eject_success', priority: 1, kwargs: {}
2016-03-13 22:57:26,926 : DEBUG : Events : Registered Playfield._source_device_eject_failed as a handler for 'balldevice_bd_drain_ball_eject_failed', priority: 1, kwargs: {}
2016-03-13 22:57:26,927 : DEBUG : Events : Registered Playfield._source_device_eject_attempt as a handler for 'balldevice_bd_drain_ball_eject_attempt', priority: 1, kwargs: {}
2016-03-13 22:57:26,927 : DEBUG : Events : Registered Playfield._source_device_eject_success as a handler for 'balldevice_bd_top_right_vuk_ball_eject_success', priority: 1, kwargs: {}
2016-03-13 22:57:26,927 : DEBUG : Events : Registered Playfield._source_device_eject_failed as a handler for 'balldevice_bd_top_right_vuk_ball_eject_failed', priority: 1, kwargs: {}
2016-03-13 22:57:26,927 : DEBUG : Events : Registered Playfield._source_device_eject_attempt as a handler for 'balldevice_bd_top_right_vuk_ball_eject_attempt', priority: 1, kwargs: {}
2016-03-13 22:57:26,927 : DEBUG : Events : Registered Playfield._source_device_eject_success as a handler for 'balldevice_bd_plunger_ball_eject_success', priority: 1, kwargs: {}
2016-03-13 22:57:26,928 : DEBUG : Events : Registered Playfield._source_device_eject_failed as a handler for 'balldevice_bd_plunger_ball_eject_failed', priority: 1, kwargs: {}
2016-03-13 22:57:26,928 : DEBUG : Events : Registered Playfield._source_device_eject_attempt as a handler for 'balldevice_bd_plunger_ball_eject_attempt', priority: 1, kwargs: {}
2016-03-13 22:57:26,928 : DEBUG : Events : Registered Playfield._source_device_eject_success as a handler for 'balldevice_bd_top_kicker_ball_eject_success', priority: 1, kwargs: {}
2016-03-13 22:57:26,928 : DEBUG : Events : Registered Playfield._source_device_eject_failed as a handler for 'balldevice_bd_top_kicker_ball_eject_failed', priority: 1, kwargs: {}
2016-03-13 22:57:26,928 : DEBUG : Events : Registered Playfield._source_device_eject_attempt as a handler for 'balldevice_bd_top_kicker_ball_eject_attempt', priority: 1, kwargs: {}
2016-03-13 22:57:26,928 : DEBUG : Events : Registered Playfield._source_device_eject_success as a handler for 'balldevice_bd_trough_ball_eject_success', priority: 1, kwargs: {}
2016-03-13 22:57:26,928 : DEBUG : Events : Registered Playfield._source_device_eject_failed as a handler for 'balldevice_bd_trough_ball_eject_failed', priority: 1, kwargs: {}
2016-03-13 22:57:26,929 : DEBUG : Events : Registered Playfield._source_device_eject_attempt as a handler for 'balldevice_bd_trough_ball_eject_attempt', priority: 1, kwargs: {}
2016-03-13 22:57:26,929 : DEBUG : Events : Registered Playfield._source_device_eject_success as a handler for 'balldevice_bd_lower_vuk_ball_eject_success', priority: 1, kwargs: {}
2016-03-13 22:57:26,929 : DEBUG : Events : Registered Playfield._source_device_eject_failed as a handler for 'balldevice_bd_lower_vuk_ball_eject_failed', priority: 1, kwargs: {}
2016-03-13 22:57:26,929 : DEBUG : Events : Registered Playfield._source_device_eject_attempt as a handler for 'balldevice_bd_lower_vuk_ball_eject_attempt', priority: 1, kwargs: {}
2016-03-13 22:57:26,929 : DEBUG : Events : Registered Playfield._ball_removed_handler as a handler for 'balldevice_captured_from_playfield', priority: 1, kwargs: {}
2016-03-13 22:57:26,929 : DEBUG : Events : Registered Playfield.playfield_switch_hit as a handler for 'sw_playfield_active', priority: 1, kwargs: {}
2016-03-13 22:57:26,929 : DEBUG : Events : Registered Playfield._initialize as a handler for 'init_phase_2', priority: 1, kwargs: {}
2016-03-13 22:57:26,930 : DEBUG : Events : Registered DropTarget._update_state_from_switch as a handler for 'init_phase_4', priority: 1, kwargs: {}
2016-03-13 22:57:26,930 : DEBUG : Events : Registered DropTarget._register_switch_handlers as a handler for 'init_phase_4', priority: 1, kwargs: {}
2016-03-13 22:57:26,931 : DEBUG : Events : Registered DropTarget._update_state_from_switch as a handler for 'init_phase_4', priority: 1, kwargs: {}
2016-03-13 22:57:26,931 : DEBUG : Events : Registered DropTarget._register_switch_handlers as a handler for 'init_phase_4', priority: 1, kwargs: {}
2016-03-13 22:57:26,931 : DEBUG : Events : Registered DropTarget._update_state_from_switch as a handler for 'init_phase_4', priority: 1, kwargs: {}
2016-03-13 22:57:26,931 : DEBUG : Events : Registered DropTarget._register_switch_handlers as a handler for 'init_phase_4', priority: 1, kwargs: {}
2016-03-13 22:57:26,932 : DEBUG : Events : Registered DropTarget._update_state_from_switch as a handler for 'init_phase_4', priority: 1, kwargs: {}
2016-03-13 22:57:26,932 : DEBUG : Events : Registered DropTarget._register_switch_handlers as a handler for 'init_phase_4', priority: 1, kwargs: {}
2016-03-13 22:57:26,932 : DEBUG : Events : Registered DropTarget._update_state_from_switch as a handler for 'init_phase_4', priority: 1, kwargs: {}
2016-03-13 22:57:26,932 : DEBUG : Events : Registered DropTarget._register_switch_handlers as a handler for 'init_phase_4', priority: 1, kwargs: {}
2016-03-13 22:57:26,933 : DEBUG : Events : ^^^^ Posted event 'drop_targets_up'. Type: None, Callback: None, Args: {}
2016-03-13 22:57:26,934 : DEBUG : Events : ============== EVENTS QUEUE =============
2016-03-13 22:57:26,934 : DEBUG : Events : drop_targets_up, None, None, {}
2016-03-13 22:57:26,934 : DEBUG : Events : =========================================
2016-03-13 22:57:26,937 : DEBUG : flipper.upper_right_flipper : Enabling debug logging
2016-03-13 22:57:26,938 : DEBUG : flipper.upper_right_flipper : Configuring device with settings: '{'hold_coil': <coil.c_upperrightflipperhold>, 'enable_events': {'machine_reset_phase_3': 0}, 'use_eos': False, 'pulse_ms': None, 'label': '%', 'tags': [], 'pulse_power': None, 'debug': True, 'pulse_pwm_mask': None, 'main_coil': <coil.c_upperrightflippermain>, 'recycle_ms': None, 'disable_events': {'ball_ending': 0}, 'drive_now': False, 'pwm_on_ms': None, 'enable_no_hold_events': {}, 'activation_switch': <switch.s_rightupperflipper>, 'pulse_power32': None, 'invert_events': {}, 'hold_pwm_mask': None, 'hold_power32': None, 'hold_power': None, 'debounced': False, 'eos_switch': None, 'pwm_off_ms': None}'
2016-03-13 22:57:26,938 : DEBUG : flipper.upper_right_flipper : Platform Driver: None
2016-03-13 22:57:26,938 : DEBUG : flipper.upper_right_flipper : Platform Driver: <Platform.FAST>
2016-03-13 22:57:26,938 : DEBUG : flipper.right_flipper : Enabling debug logging
2016-03-13 22:57:26,939 : DEBUG : flipper.right_flipper : Configuring device with settings: '{'hold_coil': <coil.c_rightflipperhold>, 'enable_events': {'machine_reset_phase_3': 0}, 'use_eos': False, 'pulse_ms': None, 'label': '%', 'tags': [], 'pulse_power': None, 'debug': True, 'pulse_pwm_mask': None, 'main_coil': <coil.c_rightflippermain>, 'recycle_ms': None, 'disable_events': {'ball_ending': 0}, 'drive_now': False, 'pwm_on_ms': None, 'enable_no_hold_events': {}, 'activation_switch': <switch.s_rightflipper>, 'pulse_power32': None, 'invert_events': {}, 'hold_pwm_mask': None, 'hold_power32': None, 'hold_power': None, 'debounced': False, 'eos_switch': None, 'pwm_off_ms': None}'
2016-03-13 22:57:26,939 : DEBUG : flipper.right_flipper : Platform Driver: None
2016-03-13 22:57:26,939 : DEBUG : flipper.right_flipper : Platform Driver: <Platform.FAST>
2016-03-13 22:57:26,939 : DEBUG : flipper.left_flipper : Enabling debug logging
2016-03-13 22:57:26,939 : DEBUG : flipper.left_flipper : Configuring device with settings: '{'hold_coil': <coil.c_leftflipperhold>, 'enable_events': {'machine_reset_phase_3': 0}, 'use_eos': False, 'pulse_ms': None, 'label': '%', 'tags': [], 'pulse_power': None, 'debug': True, 'pulse_pwm_mask': None, 'main_coil': <coil.c_leftflippermain>, 'recycle_ms': None, 'disable_events': {'ball_ending': 0}, 'drive_now': False, 'pwm_on_ms': None, 'enable_no_hold_events': {}, 'activation_switch': <switch.s_leftflipper>, 'pulse_power32': None, 'invert_events': {}, 'hold_pwm_mask': None, 'hold_power32': None, 'hold_power': None, 'debounced': False, 'eos_switch': None, 'pwm_off_ms': None}'
2016-03-13 22:57:26,939 : DEBUG : flipper.left_flipper : Platform Driver: None
2016-03-13 22:57:26,940 : DEBUG : flipper.left_flipper : Platform Driver: <Platform.FAST>
2016-03-13 22:57:26,941 : DEBUG : Events : Registered Diverter._feeder_eject_attempt as a handler for 'balldevice_playfield_ball_eject_attempt', priority: 1, kwargs: {}
2016-03-13 22:57:26,941 : DEBUG : Events : Registered Diverter._feeder_eject_count_decrease as a handler for 'balldevice_playfield_ball_eject_failed', priority: 1, kwargs: {}
2016-03-13 22:57:26,941 : DEBUG : Events : Registered Diverter._feeder_eject_count_decrease as a handler for 'balldevice_playfield_ball_eject_success', priority: 1, kwargs: {}
2016-03-13 22:57:26,941 : DEBUG : Events : Registered Diverter._register_switches as a handler for 'init_phase_3', priority: 1, kwargs: {}
2016-03-13 22:57:26,941 : DEBUG : Events : Registered Diverter._feeder_eject_attempt as a handler for 'balldevice_playfield_ball_eject_attempt', priority: 1, kwargs: {}
2016-03-13 22:57:26,941 : DEBUG : Events : Registered Diverter._feeder_eject_count_decrease as a handler for 'balldevice_playfield_ball_eject_failed', priority: 1, kwargs: {}
2016-03-13 22:57:26,942 : DEBUG : Events : Registered Diverter._feeder_eject_count_decrease as a handler for 'balldevice_playfield_ball_eject_success', priority: 1, kwargs: {}
2016-03-13 22:57:26,942 : DEBUG : Events : Registered Diverter._register_switches as a handler for 'init_phase_3', priority: 1, kwargs: {}
2016-03-13 22:57:26,944 : DEBUG : Events : ConfigPlayer._initialize (priority: 1) responding to event 'init_phase_1' with args {}
2016-03-13 22:57:26,944 : DEBUG : Events : ConfigPlayer._initialize (priority: 1) responding to event 'init_phase_1' with args {}
2016-03-13 22:57:26,944 : DEBUG : Events : ConfigPlayer._initialize (priority: 1) responding to event 'init_phase_1' with args {}
2016-03-13 22:57:26,944 : DEBUG : Events : Registered ShowPlayer.play as a handler for 'mode_attract_started', priority: 0, kwargs: {'settings': {'shows': {'concert2': {'repeat': 'True', 'step_num': 0, 'blend': False, 'priority': 0, 'hold': False, 'action': 'play', 'speed': 2.5, 'loops': -1, 'leds': 'l_right_pop'}, 'gi_on': {'repeat': 'True', 'step_num': 0, 'blend': False, 'priority': 0, 'action': 'play', 'led_tags': 'gi', 'speed': 1.0, 'loops': -1, 'hold': False}, 'concert1': {'repeat': 'True', 'step_num': 0, 'blend': False, 'priority': 0, 'hold': False, 'action': 'play', 'speed': 2.5, 'loops': -1, 'leds': 'l_left_pop'}, 'concert3': {'repeat': 'True', 'step_num': 0, 'blend': False, 'priority': 0, 'hold': False, 'action': 'play', 'speed': 2.5, 'loops': -1, 'leds': 'l_bottom_pop'}, 'new_flash': {'repeat': 'True', 'step_num': 0, 'blend': False, 'priority': 0, 'hold': False, 'action': 'play', 'speed': 2.0, 'loops': -1, 'leds': 'l_wizard_shot, l_advance_wizard, l_north_america, l_music_award'}}}, 'mode': None}
2016-03-13 22:57:26,945 : DEBUG : Events : ConfigPlayer._initialize (priority: 1) responding to event 'init_phase_1' with args {}
2016-03-13 22:57:26,945 : DEBUG : Events : ConfigPlayer._initialize (priority: 1) responding to event 'init_phase_1' with args {}
2016-03-13 22:57:26,945 : DEBUG : Events : ConfigPlayer._initialize (priority: 1) responding to event 'init_phase_1' with args {}
2016-03-13 22:57:26,945 : DEBUG : Events : ConfigPlayer._initialize (priority: 1) responding to event 'init_phase_1' with args {}
2016-03-13 22:57:26,945 : DEBUG : Events : ConfigPlayer._initialize (priority: 1) responding to event 'init_phase_1' with args {}
2016-03-13 22:57:26,945 : DEBUG : Events : ConfigPlayer._initialize (priority: 1) responding to event 'init_phase_1' with args {}
2016-03-13 22:57:26,945 : DEBUG : Events : ConfigPlayer._initialize (priority: 1) responding to event 'init_phase_1' with args {}
2016-03-13 22:57:26,945 : DEBUG : Events : vvvv Finished event 'init_phase_1'. Type: None. Callback: None. Args: {}
2016-03-13 22:57:26,945 : DEBUG : Events : ^^^^ Processing event 'drop_targets_up'. Type: None, Callback: None, Args: {}
2016-03-13 22:57:26,945 : DEBUG : Events : vvvv Finished event 'drop_targets_up'. Type: None. Callback: None. Args: {}
2016-03-13 22:57:26,945 : DEBUG : Events : ^^^^ Posted event 'init_phase_2'. Type: None, Callback: None, Args: {}
2016-03-13 22:57:26,945 : DEBUG : Events : ============== EVENTS QUEUE =============
2016-03-13 22:57:26,945 : DEBUG : Events : init_phase_2, None, None, {}
2016-03-13 22:57:26,945 : DEBUG : Events : =========================================
2016-03-13 22:57:26,945 : DEBUG : Events : ^^^^ Processing event 'init_phase_2'. Type: None, Callback: None, Args: {}
2016-03-13 22:57:26,946 : DEBUG : Events : SwitchController._initialize_switches (priority: 1000) responding to event 'init_phase_2' with args {}
2016-03-13 22:57:45,180 : INFO : FAST : Received SA: 01,00,0B,00000000002D00001F0100
2016-03-13 22:57:45,185 : DEBUG : SwitchController : Processing switch. Name: None, state: 1, logical: False,num: ('14', 1), obj: None, debounced: True
2016-03-13 22:57:45,185 : ERROR : root : 's_leftoutlane'
Traceback (most recent call last):
  File "/Users/gabe/pinball/mpf30/mpf/commands/core.py", line 135, in __init__
    MachineController(mpf_path, machine_path, vars(args)).run()
  File "/Users/gabe/pinball/mpf30/mpf/core/machine.py", line 132, in __init__
    self.events.process_event_queue()
  File "/Users/gabe/pinball/mpf30/mpf/core/events.py", line 492, in process_event_queue
    **event[3])
  File "/Users/gabe/pinball/mpf30/mpf/core/events.py", line 430, in _process_event
    result = handler[0](**merged_kwargs)
  File "/Users/gabe/pinball/mpf30/mpf/core/switch_controller.py", line 61, in _initialize_switches
    self.update_switches_from_hw()
  File "/Users/gabe/pinball/mpf30/mpf/core/switch_controller.py", line 129, in update_switches_from_hw
    switch_states = platform.get_hw_switch_states()
  File "/Users/gabe/pinball/mpf30/mpf/platforms/fast.py", line 358, in get_hw_switch_states
    self.tick(0.01)
  File "/Users/gabe/pinball/mpf30/mpf/platforms/fast.py", line 622, in tick
    self.process_received_message(self.receive_queue.get(False))
  File "/Users/gabe/pinball/mpf30/mpf/platforms/fast.py", line 305, in process_received_message
    self.fast_commands[cmd](payload)
  File "/Users/gabe/pinball/mpf30/mpf/platforms/fast.py", line 395, in receive_nw_closed
    num=(msg, 1))
  File "/Users/gabe/pinball/mpf30/mpf/core/switch_controller.py", line 349, in process_switch
    if self.switches[name]['state'] == state:
  File "/Users/gabe/pinball/mpf30/mpf/core/case_insensitive_dict.py", line 14, in __getitem__
    return super().__getitem__(self.__class__.lower(key))
KeyError: 's_leftoutlane'
