2016-03-13 22:46:07,005 : INFO : Machine : Mission Pinball Framework v0.30.0.dev615
2016-03-13 22:46:07,006 : DEBUG : Machine : Command line arguments: {'pause': True, 'create_config_cache': True, 'loglevel': 10, 'no_load_cache': False, 'consoleloglevel': True, 'configfile': ['config'], 'logfile': 'logs/2016-03-13-22-46-07-mpf-Gabriels-MacBook-Pro.local.log', 'force_platform': None, 'bcp': False, 'mpfconfigfile': '/Users/gabe/pinball/mpf30/mpf/mpfconfig.yaml'}
2016-03-13 22:46:07,006 : DEBUG : Machine : Python version: 3.5.0
2016-03-13 22:46:07,006 : DEBUG : Machine : Platform: darwin
2016-03-13 22:46:07,006 : DEBUG : Machine : Python executable location: /Applications/Kivy.app/Contents/Resources/python
2016-03-13 22:46:07,006 : DEBUG : Machine : 32-bit Python? False
2016-03-13 22:46:07,006 : DEBUG : Clock : Starting clock (maximum frames per second=60.0)
2016-03-13 22:46:07,007 : DEBUG : Clock : Scheduled a recurring clock callback (callback=<bound method MachineController._check_crash_queue of <mpf.core.machine.MachineController object at 0x10ee614e0>>, timeout=1, priority=1)
2016-03-13 22:46:07,007 : DEBUG : Machine : Machine path: /Users/gabe/Dropbox/Pinball/Gabe/bnd
2016-03-13 22:46:07,007 : INFO : Machine : Loading cached config: /Users/gabe/Dropbox/Pinball/Gabe/bnd/__mpfcache__/config_config.p
2016-03-13 22:46:07,014 : INFO : FAST : Configuring FAST hardware.
2016-03-13 22:46:07,014 : DEBUG : Machine : Setting default platform to 'fast'
2016-03-13 22:46:07,015 : INFO : Machine : Loading core modules...
2016-03-13 22:46:07,015 : DEBUG : Machine : Loading 'mpf.core.events.EventManager' core module
2016-03-13 22:46:07,015 : DEBUG : Machine : Loading 'mpf.core.mode_controller.ModeController' core module
2016-03-13 22:46:07,017 : DEBUG : Events : Registered ModeController._load_modes as a handler for 'init_phase_2', priority: 1, kwargs: {}
2016-03-13 22:46:07,017 : DEBUG : Events : Registered ModeController._ball_ending as a handler for 'ball_ending', priority: 0, kwargs: {}
2016-03-13 22:46:07,017 : DEBUG : Events : Registered ModeController._ball_starting as a handler for 'ball_starting', priority: 0, kwargs: {}
2016-03-13 22:46:07,018 : DEBUG : Events : Registered ModeController._player_added as a handler for 'player_add_success', priority: 0, kwargs: {}
2016-03-13 22:46:07,018 : DEBUG : Events : Registered ModeController._player_turn_start as a handler for 'player_turn_start', priority: 1000000, kwargs: {}
2016-03-13 22:46:07,018 : DEBUG : Events : Registered ModeController._player_turn_stop as a handler for 'player_turn_stop', priority: 1000000, kwargs: {}
2016-03-13 22:46:07,018 : DEBUG : Machine : Loading 'mpf.core.config_processor.ConfigProcessor' core module
2016-03-13 22:46:07,018 : DEBUG : Machine : Loading 'mpf.core.shot_profile_manager.ShotProfileManager' core module
2016-03-13 22:46:07,019 : DEBUG : ShotProfileManager : Registering Shot Profile: 'default'
2016-03-13 22:46:07,172 : DEBUG : ShotProfileManager : Processed 'default' profile configuration: {'block': 'true', 'show': None, 'loop': False, 'rotation_pattern': deque(['right']), 'player_variable': '%_default', 'state_names_to_rotate': [], 'states': [{'show': None, 'blend': False, 'script': 'off', 'hold': 'True', 'reset': False, 'sync_ms': 0, 'repeat': 'True', 'name': 'unlit', 'loops': 0, 'speed': 1.0}, {'show': None, 'blend': False, 'script': 'on', 'hold': 'True', 'reset': False, 'sync_ms': 0, 'repeat': 'True', 'name': 'lit', 'loops': 0, 'speed': 1.0}], 'show_when_disabled': 'True', 'state_names_to_not_rotate': []}
2016-03-13 22:46:07,172 : DEBUG : Mode Controller : Registering <bound method ShotProfileManager.mode_start_for_shots of <mpf.core.shot_profile_manager.ShotProfileManager object at 0x10f8d2d30>> as a mode start method. Config section: shots, priority: 0, kwargs: {}
2016-03-13 22:46:07,172 : DEBUG : Mode Controller : Registering <bound method ShotProfileManager.mode_start_for_shot_groups of <mpf.core.shot_profile_manager.ShotProfileManager object at 0x10f8d2d30>> as a mode start method. Config section: shot_groups, priority: 0, kwargs: {}
2016-03-13 22:46:07,172 : DEBUG : Events : Registered ShotProfileManager._player_turn_start as a handler for 'player_turn_start', priority: 1000000, kwargs: {}
2016-03-13 22:46:07,172 : DEBUG : Events : Registered ShotProfileManager._player_turn_stop as a handler for 'player_turn_stop', priority: 0, kwargs: {}
2016-03-13 22:46:07,172 : DEBUG : Machine : Loading 'mpf.core.device_manager.DeviceManager' core module
2016-03-13 22:46:07,172 : DEBUG : Events : Registered DeviceManager._load_device_modules as a handler for 'init_phase_1', priority: 1, kwargs: {}
2016-03-13 22:46:07,172 : DEBUG : Events : Registered DeviceManager.create_machinewide_device_control_events as a handler for 'init_phase_2', priority: 1, kwargs: {}
2016-03-13 22:46:07,173 : DEBUG : Events : Registered DeviceManager.create_collection_control_events as a handler for 'init_phase_2', priority: 1, kwargs: {}
2016-03-13 22:46:07,173 : DEBUG : Machine : Loading 'mpf.core.switch_controller.SwitchController' core module
2016-03-13 22:46:07,173 : DEBUG : Clock : Scheduled a recurring clock callback (callback=<bound method SwitchController._tick of <mpf.core.switch_controller.SwitchController object at 0x10f94d470>>, timeout=0, priority=1000)
2016-03-13 22:46:07,173 : DEBUG : Events : Registered SwitchController._initialize_switches as a handler for 'init_phase_2', priority: 1000, kwargs: {}
2016-03-13 22:46:07,173 : DEBUG : Events : Registered SwitchController.log_active_switches as a handler for 'machine_reset_phase_3', priority: 1, kwargs: {}
2016-03-13 22:46:07,173 : DEBUG : Machine : Loading 'mpf.core.ball_controller.BallController' core module
2016-03-13 22:46:07,174 : DEBUG : BallController : Loading the BallController
2016-03-13 22:46:07,174 : DEBUG : Events : Registered BallController.request_to_start_game as a handler for 'request_to_start_game', priority: 1, kwargs: {}
2016-03-13 22:46:07,174 : DEBUG : Events : Registered BallController._initialize as a handler for 'machine_reset_phase_2', priority: 1, kwargs: {}
2016-03-13 22:46:07,174 : DEBUG : Events : Registered BallController._init2 as a handler for 'init_phase_2', priority: 1, kwargs: {}
2016-03-13 22:46:07,174 : DEBUG : Machine : Loading 'mpf.core.assets.AssetManager' core module
2016-03-13 22:46:07,175 : DEBUG : Mode Controller : Registering <bound method AssetManager._load_mode_assets of <mpf.core.assets.AssetManager object at 0x10f94db38>> as a mode start method. Config section: None, priority: 0, kwargs: {}
2016-03-13 22:46:07,175 : DEBUG : Events : Registered AssetManager._create_assets as a handler for 'init_phase_3', priority: 1, kwargs: {}
2016-03-13 22:46:07,175 : DEBUG : Events : Registered AssetManager._bcp_client_asset_load as a handler for 'assets_to_load', priority: 1, kwargs: {}
2016-03-13 22:46:07,175 : DEBUG : Machine : Loading 'mpf.core.show_controller.ShowController' core module
2016-03-13 22:46:07,176 : DEBUG : Clock : Scheduled a recurring clock callback (callback=<bound method ShowController._tick of <mpf.core.show_controller.ShowController object at 0x10f9c6278>>, timeout=0, priority=1)
2016-03-13 22:46:07,176 : DEBUG : Events : Registered ShowController._initialize as a handler for 'init_phase_3', priority: 1, kwargs: {}
2016-03-13 22:46:07,176 : DEBUG : Machine : Loading 'mpf.core.bcp.BCP' core module
2016-03-13 22:46:07,177 : DEBUG : Events : Registered BCP.bcp_trigger as a handler for 'ball_started', priority: 1, kwargs: {'name': 'ball_started'}
2016-03-13 22:46:07,177 : DEBUG : Events : Registered BCP.bcp_trigger as a handler for 'ball_ended', priority: 1, kwargs: {'name': 'ball_ended'}
2016-03-13 22:46:07,177 : DEBUG : Events : Registered BCP.bcp_trigger as a handler for 'player_add_success', priority: 1, kwargs: {'name': 'player_add_success'}
2016-03-13 22:46:07,177 : DEBUG : Events : Registered BCP._bcp_event_callback as a handler for 'player_turn_start', priority: 1, kwargs: {'command': 'player_turn_start', 'params': {'player_num': '%number'}}
2016-03-13 22:46:07,177 : DEBUG : Events : Registered BCP._bcp_event_callback as a handler for 'tilt_warning', priority: 1, kwargs: {'command': 'tilt_warning', 'params': {'warnings': '%warnings', 'warnings_remaining': '%warnings_remaining'}}
2016-03-13 22:46:07,177 : DEBUG : Events : Registered BCP._bcp_event_callback as a handler for 'ball_started', priority: 1, kwargs: {'command': 'ball_start', 'params': {'player_num': '%player', 'ball': '%ball'}}
2016-03-13 22:46:07,177 : DEBUG : Events : Registered BCP._bcp_event_callback as a handler for 'slam_tilt', priority: 1, kwargs: {'command': 'slam_tilt'}
2016-03-13 22:46:07,177 : DEBUG : Events : Registered BCP._bcp_event_callback as a handler for 'tilt', priority: 1, kwargs: {'command': 'tilt'}
2016-03-13 22:46:07,177 : DEBUG : Events : Registered BCP._bcp_event_callback as a handler for 'ball_ending', priority: 1, kwargs: {'command': 'ball_end'}
2016-03-13 22:46:07,178 : DEBUG : Events : Registered BCP.bcp_trigger as a handler for 'player_score', priority: 1, kwargs: {'name': 'player_score'}
2016-03-13 22:46:07,178 : DEBUG : Events : Registered BCP._setup_bcp_connections as a handler for 'init_phase_2', priority: 1, kwargs: {}
2016-03-13 22:46:07,178 : DEBUG : Clock : Scheduled a recurring clock callback (callback=<bound method BCP.get_bcp_messages of <BCP Module>>, timeout=0, priority=1)
2016-03-13 22:46:07,178 : DEBUG : Events : Registered BCP.bcp_player_added as a handler for 'player_add_success', priority: 1, kwargs: {}
2016-03-13 22:46:07,178 : DEBUG : Events : Registered BCP.bcp_reset as a handler for 'machine_reset_phase_1', priority: 1, kwargs: {}
2016-03-13 22:46:07,178 : DEBUG : Events : Registered BCP.increase_volume as a handler for 'increase_volume', priority: 1, kwargs: {}
2016-03-13 22:46:07,178 : DEBUG : Events : Registered BCP.decrease_volume as a handler for 'decrease_volume', priority: 1, kwargs: {}
2016-03-13 22:46:07,178 : DEBUG : Events : Registered BCP.enable_volume_keys as a handler for 'enable_volume_keys', priority: 1, kwargs: {}
2016-03-13 22:46:07,178 : DEBUG : Events : Registered BCP.disable_volume_keys as a handler for 'disable_volume_keys', priority: 1, kwargs: {}
2016-03-13 22:46:07,179 : DEBUG : Events : Registered BCP.get_led_coordinates as a handler for 'bcp_get_led_coordinates', priority: 1, kwargs: {}
2016-03-13 22:46:07,179 : DEBUG : Mode Controller : Registering <bound method BCP.bcp_mode_start of <BCP Module>> as a mode start method. Config section: mode, priority: 0, kwargs: {}
2016-03-13 22:46:07,179 : DEBUG : Machine : Loading 'mpf.core.logic_blocks.LogicBlocks' core module
2016-03-13 22:46:07,179 : DEBUG : Mode Controller : Registering <bound method LogicBlocks._process_config of <mpf.core.logic_blocks.LogicBlocks object at 0x10f9e3dd8>> as a mode start method. Config section: logic_blocks, priority: 0, kwargs: {}
2016-03-13 22:46:07,179 : DEBUG : Events : Registered LogicBlocks._create_player_logic_blocks as a handler for 'player_add_success', priority: 1, kwargs: {}
2016-03-13 22:46:07,179 : DEBUG : Events : Registered LogicBlocks.player_turn_start as a handler for 'player_turn_start', priority: 1, kwargs: {}
2016-03-13 22:46:07,180 : DEBUG : Events : Registered LogicBlocks.player_turn_stop as a handler for 'player_turn_stop', priority: 1, kwargs: {}
2016-03-13 22:46:07,180 : DEBUG : Machine : Loading 'mpf.core.scoring.ScoreController' core module
2016-03-13 22:46:07,180 : DEBUG : Score : Loading the Score Controller
2016-03-13 22:46:07,180 : DEBUG : Mode Controller : Registering <bound method ScoreController.mode_start of <mpf.core.scoring.ScoreController object at 0x10fa07080>> as a mode start method. Config section: scoring, priority: 0, kwargs: {}
2016-03-13 22:46:07,180 : INFO : FAST : Configuring FAST Controller for FAST IO boards.
2016-03-13 22:46:07,180 : INFO : FAST : Connecting to /dev/tty.usbserial-141C at 921600bps
2016-03-13 22:46:08,682 : DEBUG : FAST : Sending 'ID:' command to port '/dev/tty.usbserial-141C'
2016-03-13 22:46:09,688 : INFO : FAST : Received ID acknowledgement. Processor: RGB, Board: FP-CPU-002-2, Firmware: 00.88
2016-03-13 22:46:09,689 : INFO : FAST : Connecting to /dev/tty.usbserial-141A at 921600bps
2016-03-13 22:46:11,192 : DEBUG : FAST : Sending 'ID:' command to port '/dev/tty.usbserial-141A'
2016-03-13 22:46:12,197 : INFO : FAST : Received ID acknowledgement. Processor: DMD, Board: FP-CPU-002-2, Firmware: 00.88
2016-03-13 22:46:12,199 : INFO : FAST : Connecting to /dev/tty.usbserial-141B at 921600bps
2016-03-13 22:46:13,701 : DEBUG : FAST : Sending 'ID:' command to port '/dev/tty.usbserial-141B'
2016-03-13 22:46:14,705 : INFO : FAST : Received ID acknowledgement. Processor: NET, Board: FP-CPU-002-2, Firmware: 00.98
2016-03-13 22:46:14,705 : DEBUG : FAST : Querying FAST IO boards...
2016-03-13 22:46:15,709 : INFO : FAST : Fast IO Board 00: Model: FP-I/O-3208-2, Firmware: 00.95, Switches: 32, Drivers: 8
2016-03-13 22:46:16,710 : INFO : FAST : Fast IO Board 01: Model: FP-I/O-3208-2, Firmware: 00.95, Switches: 32, Drivers: 8
2016-03-13 22:46:17,713 : INFO : FAST : Fast IO Board 02: Model: FP-I/O-1616-2, Firmware: 00.95, Switches: 16, Drivers: 16
2016-03-13 22:46:22,736 : DEBUG : Mode Controller : Registering <bound method ConfigPlayer.register_player_events of ConfigPlayer.shows> as a mode start method. Config section: show_player, priority: 0, kwargs: {}
2016-03-13 22:46:22,736 : DEBUG : Events : Registered ConfigPlayer._initialize as a handler for 'init_phase_1', priority: 1, kwargs: {}
2016-03-13 22:46:22,737 : DEBUG : Mode Controller : Registering <bound method ConfigPlayer.register_player_events of ConfigPlayer.lights> as a mode start method. Config section: light_player, priority: 0, kwargs: {}
2016-03-13 22:46:22,737 : DEBUG : Events : Registered ConfigPlayer._initialize as a handler for 'init_phase_1', priority: 1, kwargs: {}
2016-03-13 22:46:22,737 : DEBUG : Mode Controller : Registering <bound method ConfigPlayer.register_player_events of ConfigPlayer.leds> as a mode start method. Config section: led_player, priority: 0, kwargs: {}
2016-03-13 22:46:22,738 : DEBUG : Events : Registered ConfigPlayer._initialize as a handler for 'init_phase_1', priority: 1, kwargs: {}
2016-03-13 22:46:22,738 : DEBUG : Mode Controller : Registering <bound method ConfigPlayer.register_player_events of ConfigPlayer.gis> as a mode start method. Config section: gi_player, priority: 0, kwargs: {}
2016-03-13 22:46:22,738 : DEBUG : Events : Registered ConfigPlayer._initialize as a handler for 'init_phase_1', priority: 1, kwargs: {}
2016-03-13 22:46:22,739 : DEBUG : Mode Controller : Registering <bound method ConfigPlayer.register_player_events of ConfigPlayer.triggers> as a mode start method. Config section: trigger_player, priority: 0, kwargs: {}
2016-03-13 22:46:22,739 : DEBUG : Events : Registered ConfigPlayer._initialize as a handler for 'init_phase_1', priority: 1, kwargs: {}
2016-03-13 22:46:22,739 : DEBUG : Mode Controller : Registering <bound method ConfigPlayer.register_player_events of ConfigPlayer.random_events> as a mode start method. Config section: random_event_player, priority: 0, kwargs: {}
2016-03-13 22:46:22,740 : DEBUG : Events : Registered ConfigPlayer._initialize as a handler for 'init_phase_1', priority: 1, kwargs: {}
2016-03-13 22:46:22,740 : DEBUG : Mode Controller : Registering <bound method ConfigPlayer.register_player_events of ConfigPlayer.flashers> as a mode start method. Config section: flasher_player, priority: 0, kwargs: {}
2016-03-13 22:46:22,740 : DEBUG : Events : Registered ConfigPlayer._initialize as a handler for 'init_phase_1', priority: 1, kwargs: {}
2016-03-13 22:46:22,740 : DEBUG : Mode Controller : Registering <bound method ConfigPlayer.register_player_events of ConfigPlayer.coils> as a mode start method. Config section: coil_player, priority: 0, kwargs: {}
2016-03-13 22:46:22,741 : DEBUG : Events : Registered ConfigPlayer._initialize as a handler for 'init_phase_1', priority: 1, kwargs: {}
2016-03-13 22:46:22,741 : DEBUG : Mode Controller : Registering <bound method ConfigPlayer.register_player_events of ConfigPlayer.bcp> as a mode start method. Config section: bcp_player, priority: 0, kwargs: {}
2016-03-13 22:46:22,741 : DEBUG : Events : Registered ConfigPlayer._initialize as a handler for 'init_phase_1', priority: 1, kwargs: {}
2016-03-13 22:46:22,741 : DEBUG : Mode Controller : Registering <bound method ConfigPlayer.register_player_events of ConfigPlayer.events> as a mode start method. Config section: event_player, priority: 0, kwargs: {}
2016-03-13 22:46:22,742 : DEBUG : Events : Registered ConfigPlayer._initialize as a handler for 'init_phase_1', priority: 1, kwargs: {}
2016-03-13 22:46:22,742 : DEBUG : Events : Registered MachineController.power_off as a handler for 'shutdown', priority: 1, kwargs: {}
2016-03-13 22:46:22,742 : DEBUG : Events : Registered MachineController.power_off as a handler for 'sw_shutdown', priority: 1, kwargs: {}
2016-03-13 22:46:22,742 : DEBUG : Events : Registered MachineController.stop as a handler for 'quit', priority: 1, kwargs: {}
2016-03-13 22:46:22,742 : DEBUG : Events : Registered MachineController.stop as a handler for 'sw_quit', priority: 1, kwargs: {}
2016-03-13 22:46:22,743 : DEBUG : DataInterface : Loading machine_vars from /Users/gabe/Dropbox/Pinball/Gabe/bnd/data/machine_vars.yaml
2016-03-13 22:46:22,743 : DEBUG : DataInterface : Didn't find the machine_vars file. No prob. We'll create it when we save.
2016-03-13 22:46:22,743 : DEBUG : Events : ^^^^ Posted event 'init_phase_1'. Type: None, Callback: None, Args: {}
2016-03-13 22:46:22,743 : DEBUG : Events : ============== EVENTS QUEUE =============
2016-03-13 22:46:22,743 : DEBUG : Events : init_phase_1, None, None, {}
2016-03-13 22:46:22,743 : DEBUG : Events : =========================================
2016-03-13 22:46:22,743 : DEBUG : Events : ^^^^ Processing event 'init_phase_1'. Type: None, Callback: None, Args: {}
2016-03-13 22:46:22,743 : DEBUG : Events : DeviceManager._load_device_modules (priority: 1) responding to event 'init_phase_1' with args {}
2016-03-13 22:46:22,744 : INFO : DeviceManager : Loading devices...
2016-03-13 22:46:22,744 : DEBUG : FASTDriver : Driver Settings: {'number': '08', 'pwm1': 'ff', 'allow_enable': False, 'pwm2': '01', 'pwm32': None, 'mode': '10', 'config_cmd': 'DN:', 'pulse_ms': '0A', 'recycle_ms': '00', 'trigger_cmd': 'TN:'}
2016-03-13 22:46:22,744 : DEBUG : FASTDriver : Reseting driver {'number': '08', 'pwm1': 'ff', 'allow_enable': False, 'pwm2': '01', 'pwm32': None, 'mode': '10', 'config_cmd': 'DN:', 'pulse_ms': '0A', 'recycle_ms': '00', 'trigger_cmd': 'TN:'}
2016-03-13 22:46:22,745 : DEBUG : FASTDriver : Driver Settings: {'number': '12', 'pwm1': 'ff', 'allow_enable': False, 'pwm2': 'ff', 'pwm32': None, 'mode': '10', 'config_cmd': 'DN:', 'pulse_ms': '14', 'recycle_ms': '00', 'trigger_cmd': 'TN:'}
2016-03-13 22:46:22,745 : DEBUG : FASTDriver : Reseting driver {'number': '12', 'pwm1': 'ff', 'allow_enable': False, 'pwm2': 'ff', 'pwm32': None, 'mode': '10', 'config_cmd': 'DN:', 'pulse_ms': '14', 'recycle_ms': '00', 'trigger_cmd': 'TN:'}
2016-03-13 22:46:22,745 : DEBUG : FASTDriver : Driver Settings: {'number': '13', 'pwm1': 'ff', 'allow_enable': False, 'pwm2': 'ff', 'pwm32': None, 'mode': '10', 'config_cmd': 'DN:', 'pulse_ms': '08', 'recycle_ms': '00', 'trigger_cmd': 'TN:'}
2016-03-13 22:46:22,745 : DEBUG : FASTDriver : Reseting driver {'number': '13', 'pwm1': 'ff', 'allow_enable': False, 'pwm2': 'ff', 'pwm32': None, 'mode': '10', 'config_cmd': 'DN:', 'pulse_ms': '08', 'recycle_ms': '00', 'trigger_cmd': 'TN:'}
2016-03-13 22:46:22,746 : DEBUG : FASTDriver : Driver Settings: {'number': '1B', 'pwm1': 'ff', 'allow_enable': False, 'pwm2': 'ff', 'pwm32': None, 'mode': '10', 'config_cmd': 'DN:', 'pulse_ms': '14', 'recycle_ms': '00', 'trigger_cmd': 'TN:'}
2016-03-13 22:46:22,746 : DEBUG : FASTDriver : Reseting driver {'number': '1B', 'pwm1': 'ff', 'allow_enable': False, 'pwm2': 'ff', 'pwm32': None, 'mode': '10', 'config_cmd': 'DN:', 'pulse_ms': '14', 'recycle_ms': '00', 'trigger_cmd': 'TN:'}
2016-03-13 22:46:22,746 : DEBUG : FASTDriver : Driver Settings: {'number': '06', 'pwm1': 'ff', 'allow_enable': False, 'pwm2': 'ff', 'pwm32': None, 'mode': '10', 'config_cmd': 'DN:', 'pulse_ms': '0A', 'recycle_ms': '00', 'trigger_cmd': 'TN:'}
2016-03-13 22:46:22,746 : DEBUG : FASTDriver : Reseting driver {'number': '06', 'pwm1': 'ff', 'allow_enable': False, 'pwm2': 'ff', 'pwm32': None, 'mode': '10', 'config_cmd': 'DN:', 'pulse_ms': '0A', 'recycle_ms': '00', 'trigger_cmd': 'TN:'}
2016-03-13 22:46:22,747 : DEBUG : FASTDriver : Driver Settings: {'number': '1A', 'pwm1': 'ff', 'allow_enable': False, 'pwm2': 'ff', 'pwm32': None, 'mode': '10', 'config_cmd': 'DN:', 'pulse_ms': '14', 'recycle_ms': '00', 'trigger_cmd': 'TN:'}
2016-03-13 22:46:22,747 : DEBUG : FASTDriver : Reseting driver {'number': '1A', 'pwm1': 'ff', 'allow_enable': False, 'pwm2': 'ff', 'pwm32': None, 'mode': '10', 'config_cmd': 'DN:', 'pulse_ms': '14', 'recycle_ms': '00', 'trigger_cmd': 'TN:'}
2016-03-13 22:46:22,747 : DEBUG : coil.c_leftflippermain : Enabling debug logging
2016-03-13 22:46:22,747 : DEBUG : coil.c_leftflippermain : Configuring device with settings: '{'pulse_pwm_mask': None, 'enable_events': {}, 'disable_events': {}, 'platform': None, 'hold_power': None, 'label': '%', 'pulse_ms': 35, 'number_str': '0', 'tags': [], 'pulse_events': {}, 'pulse_power32': None, 'pwm_on_ms': None, 'pwm_off_ms': None, 'hold_pwm_mask': None, 'recycle_ms': None, 'number': '0', 'pulse_power': None, 'allow_enable': False, 'debug': True, 'hold_power32': None}'
2016-03-13 22:46:22,747 : DEBUG : coil.c_leftflippermain : Platform Driver: <Platform.FAST>
2016-03-13 22:46:22,748 : DEBUG : FASTDriver : Driver Settings: {'number': '00', 'pwm1': 'ff', 'allow_enable': False, 'pwm2': 'ff', 'pwm32': None, 'mode': '10', 'config_cmd': 'DN:', 'pulse_ms': '23', 'recycle_ms': '00', 'trigger_cmd': 'TN:'}
2016-03-13 22:46:22,748 : DEBUG : FASTDriver : Reseting driver {'number': '00', 'pwm1': 'ff', 'allow_enable': False, 'pwm2': 'ff', 'pwm32': None, 'mode': '10', 'config_cmd': 'DN:', 'pulse_ms': '23', 'recycle_ms': '00', 'trigger_cmd': 'TN:'}
2016-03-13 22:46:22,748 : DEBUG : coil.c_upperrightflippermain : Enabling debug logging
2016-03-13 22:46:22,748 : DEBUG : coil.c_upperrightflippermain : Configuring device with settings: '{'pulse_pwm_mask': None, 'enable_events': {}, 'disable_events': {}, 'platform': None, 'hold_power': None, 'label': '%', 'pulse_ms': 25, 'number_str': '29', 'tags': [], 'pulse_events': {}, 'pulse_power32': None, 'pwm_on_ms': None, 'pwm_off_ms': None, 'hold_pwm_mask': None, 'recycle_ms': None, 'number': '29', 'pulse_power': None, 'allow_enable': False, 'debug': True, 'hold_power32': None}'
2016-03-13 22:46:22,748 : DEBUG : coil.c_upperrightflippermain : Platform Driver: <Platform.FAST>
2016-03-13 22:46:22,749 : DEBUG : FASTDriver : Driver Settings: {'number': '1D', 'pwm1': 'ff', 'allow_enable': False, 'pwm2': 'ff', 'pwm32': None, 'mode': '10', 'config_cmd': 'DN:', 'pulse_ms': '19', 'recycle_ms': '00', 'trigger_cmd': 'TN:'}
2016-03-13 22:46:22,749 : DEBUG : FASTDriver : Reseting driver {'number': '1D', 'pwm1': 'ff', 'allow_enable': False, 'pwm2': 'ff', 'pwm32': None, 'mode': '10', 'config_cmd': 'DN:', 'pulse_ms': '19', 'recycle_ms': '00', 'trigger_cmd': 'TN:'}
2016-03-13 22:46:22,749 : DEBUG : coil.c_rightflippermain : Enabling debug logging
2016-03-13 22:46:22,749 : DEBUG : coil.c_rightflippermain : Configuring device with settings: '{'pulse_pwm_mask': None, 'enable_events': {}, 'disable_events': {}, 'platform': None, 'hold_power': None, 'label': '%', 'pulse_ms': 35, 'number_str': '3', 'tags': [], 'pulse_events': {}, 'pulse_power32': None, 'pwm_on_ms': None, 'pwm_off_ms': None, 'hold_pwm_mask': None, 'recycle_ms': None, 'number': '3', 'pulse_power': None, 'allow_enable': False, 'debug': True, 'hold_power32': None}'
2016-03-13 22:46:22,750 : DEBUG : coil.c_rightflippermain : Platform Driver: <Platform.FAST>
2016-03-13 22:46:22,750 : DEBUG : FASTDriver : Driver Settings: {'number': '03', 'pwm1': 'ff', 'allow_enable': False, 'pwm2': 'ff', 'pwm32': None, 'mode': '10', 'config_cmd': 'DN:', 'pulse_ms': '23', 'recycle_ms': '00', 'trigger_cmd': 'TN:'}
2016-03-13 22:46:22,750 : DEBUG : FASTDriver : Reseting driver {'number': '03', 'pwm1': 'ff', 'allow_enable': False, 'pwm2': 'ff', 'pwm32': None, 'mode': '10', 'config_cmd': 'DN:', 'pulse_ms': '23', 'recycle_ms': '00', 'trigger_cmd': 'TN:'}
2016-03-13 22:46:22,750 : DEBUG : FASTDriver : Driver Settings: {'number': '11', 'pwm1': 'ff', 'allow_enable': False, 'pwm2': 'ff', 'pwm32': None, 'mode': '10', 'config_cmd': 'DN:', 'pulse_ms': '0A', 'recycle_ms': '00', 'trigger_cmd': 'TN:'}
2016-03-13 22:46:22,750 : DEBUG : FASTDriver : Reseting driver {'number': '11', 'pwm1': 'ff', 'allow_enable': False, 'pwm2': 'ff', 'pwm32': None, 'mode': '10', 'config_cmd': 'DN:', 'pulse_ms': '0A', 'recycle_ms': '00', 'trigger_cmd': 'TN:'}
2016-03-13 22:46:22,751 : DEBUG : FASTDriver : Driver Settings: {'number': '0B', 'pwm1': 'ff', 'allow_enable': False, 'pwm2': 'ff', 'pwm32': None, 'mode': '10', 'config_cmd': 'DN:', 'pulse_ms': '0A', 'recycle_ms': '00', 'trigger_cmd': 'TN:'}
2016-03-13 22:46:22,751 : DEBUG : FASTDriver : Reseting driver {'number': '0B', 'pwm1': 'ff', 'allow_enable': False, 'pwm2': 'ff', 'pwm32': None, 'mode': '10', 'config_cmd': 'DN:', 'pulse_ms': '0A', 'recycle_ms': '00', 'trigger_cmd': 'TN:'}
2016-03-13 22:46:22,751 : DEBUG : coil.c_upperrightflipperhold : Enabling debug logging
2016-03-13 22:46:22,751 : DEBUG : coil.c_upperrightflipperhold : Configuring device with settings: '{'pulse_pwm_mask': None, 'enable_events': {}, 'disable_events': {}, 'platform': None, 'hold_power': None, 'label': '%', 'pulse_ms': None, 'number_str': '25', 'tags': [], 'pulse_events': {}, 'pulse_power32': None, 'pwm_on_ms': None, 'pwm_off_ms': None, 'hold_pwm_mask': None, 'recycle_ms': None, 'number': '25', 'pulse_power': None, 'allow_enable': False, 'debug': True, 'hold_power32': None}'
2016-03-13 22:46:22,752 : DEBUG : coil.c_upperrightflipperhold : Platform Driver: <Platform.FAST>
2016-03-13 22:46:22,752 : DEBUG : FASTDriver : Driver Settings: {'number': '19', 'pwm1': 'ff', 'allow_enable': False, 'pwm2': 'ff', 'pwm32': None, 'mode': '10', 'config_cmd': 'DN:', 'pulse_ms': '0A', 'recycle_ms': '00', 'trigger_cmd': 'TN:'}
2016-03-13 22:46:22,752 : DEBUG : FASTDriver : Reseting driver {'number': '19', 'pwm1': 'ff', 'allow_enable': False, 'pwm2': 'ff', 'pwm32': None, 'mode': '10', 'config_cmd': 'DN:', 'pulse_ms': '0A', 'recycle_ms': '00', 'trigger_cmd': 'TN:'}
2016-03-13 22:46:22,752 : DEBUG : FASTDriver : Driver Settings: {'number': '04', 'pwm1': 'ff', 'allow_enable': False, 'pwm2': 'ff', 'pwm32': None, 'mode': '10', 'config_cmd': 'DN:', 'pulse_ms': '0A', 'recycle_ms': '00', 'trigger_cmd': 'TN:'}
2016-03-13 22:46:22,752 : DEBUG : FASTDriver : Reseting driver {'number': '04', 'pwm1': 'ff', 'allow_enable': False, 'pwm2': 'ff', 'pwm32': None, 'mode': '10', 'config_cmd': 'DN:', 'pulse_ms': '0A', 'recycle_ms': '00', 'trigger_cmd': 'TN:'}
2016-03-13 22:46:22,753 : DEBUG : FASTDriver : Driver Settings: {'number': '02', 'pwm1': 'ff', 'allow_enable': False, 'pwm2': 'ff', 'pwm32': None, 'mode': '10', 'config_cmd': 'DN:', 'pulse_ms': '0A', 'recycle_ms': '00', 'trigger_cmd': 'TN:'}
2016-03-13 22:46:22,753 : DEBUG : FASTDriver : Reseting driver {'number': '02', 'pwm1': 'ff', 'allow_enable': False, 'pwm2': 'ff', 'pwm32': None, 'mode': '10', 'config_cmd': 'DN:', 'pulse_ms': '0A', 'recycle_ms': '00', 'trigger_cmd': 'TN:'}
2016-03-13 22:46:22,753 : DEBUG : FASTDriver : Driver Settings: {'number': '1C', 'pwm1': 'ff', 'allow_enable': False, 'pwm2': 'ff', 'pwm32': None, 'mode': '10', 'config_cmd': 'DN:', 'pulse_ms': '14', 'recycle_ms': '00', 'trigger_cmd': 'TN:'}
2016-03-13 22:46:22,753 : DEBUG : FASTDriver : Reseting driver {'number': '1C', 'pwm1': 'ff', 'allow_enable': False, 'pwm2': 'ff', 'pwm32': None, 'mode': '10', 'config_cmd': 'DN:', 'pulse_ms': '14', 'recycle_ms': '00', 'trigger_cmd': 'TN:'}
2016-03-13 22:46:22,754 : DEBUG : FASTDriver : Driver Settings: {'number': '0A', 'pwm1': 'ff', 'allow_enable': False, 'pwm2': 'ff', 'pwm32': None, 'mode': '10', 'config_cmd': 'DN:', 'pulse_ms': '28', 'recycle_ms': '00', 'trigger_cmd': 'TN:'}
2016-03-13 22:46:22,754 : DEBUG : FASTDriver : Reseting driver {'number': '0A', 'pwm1': 'ff', 'allow_enable': False, 'pwm2': 'ff', 'pwm32': None, 'mode': '10', 'config_cmd': 'DN:', 'pulse_ms': '28', 'recycle_ms': '00', 'trigger_cmd': 'TN:'}
2016-03-13 22:46:22,754 : DEBUG : FASTDriver : Driver Settings: {'number': '0C', 'pwm1': 'ff', 'allow_enable': False, 'pwm2': 'ff', 'pwm32': None, 'mode': '10', 'config_cmd': 'DN:', 'pulse_ms': '0A', 'recycle_ms': '00', 'trigger_cmd': 'TN:'}
2016-03-13 22:46:22,754 : DEBUG : FASTDriver : Reseting driver {'number': '0C', 'pwm1': 'ff', 'allow_enable': False, 'pwm2': 'ff', 'pwm32': None, 'mode': '10', 'config_cmd': 'DN:', 'pulse_ms': '0A', 'recycle_ms': '00', 'trigger_cmd': 'TN:'}
2016-03-13 22:46:22,755 : DEBUG : FASTDriver : Driver Settings: {'number': '09', 'pwm1': 'ff', 'allow_enable': False, 'pwm2': 'ff', 'pwm32': None, 'mode': '10', 'config_cmd': 'DN:', 'pulse_ms': '0A', 'recycle_ms': '00', 'trigger_cmd': 'TN:'}
2016-03-13 22:46:22,755 : DEBUG : FASTDriver : Reseting driver {'number': '09', 'pwm1': 'ff', 'allow_enable': False, 'pwm2': 'ff', 'pwm32': None, 'mode': '10', 'config_cmd': 'DN:', 'pulse_ms': '0A', 'recycle_ms': '00', 'trigger_cmd': 'TN:'}
2016-03-13 22:46:22,755 : DEBUG : FASTDriver : Driver Settings: {'number': '14', 'pwm1': 'ff', 'allow_enable': False, 'pwm2': 'ff', 'pwm32': None, 'mode': '10', 'config_cmd': 'DN:', 'pulse_ms': '05', 'recycle_ms': '00', 'trigger_cmd': 'TN:'}
2016-03-13 22:46:22,755 : DEBUG : FASTDriver : Reseting driver {'number': '14', 'pwm1': 'ff', 'allow_enable': False, 'pwm2': 'ff', 'pwm32': None, 'mode': '10', 'config_cmd': 'DN:', 'pulse_ms': '05', 'recycle_ms': '00', 'trigger_cmd': 'TN:'}
2016-03-13 22:46:22,756 : DEBUG : FASTDriver : Driver Settings: {'number': '01', 'pwm1': 'ff', 'allow_enable': False, 'pwm2': 'ff', 'pwm32': None, 'mode': '10', 'config_cmd': 'DN:', 'pulse_ms': '0A', 'recycle_ms': '00', 'trigger_cmd': 'TN:'}
2016-03-13 22:46:22,756 : DEBUG : FASTDriver : Reseting driver {'number': '01', 'pwm1': 'ff', 'allow_enable': False, 'pwm2': 'ff', 'pwm32': None, 'mode': '10', 'config_cmd': 'DN:', 'pulse_ms': '0A', 'recycle_ms': '00', 'trigger_cmd': 'TN:'}
2016-03-13 22:46:22,756 : DEBUG : FASTDriver : Driver Settings: {'number': '0D', 'pwm1': 'ff', 'allow_enable': False, 'pwm2': 'ff', 'pwm32': None, 'mode': '10', 'config_cmd': 'DN:', 'pulse_ms': '0A', 'recycle_ms': '00', 'trigger_cmd': 'TN:'}
2016-03-13 22:46:22,756 : DEBUG : FASTDriver : Reseting driver {'number': '0D', 'pwm1': 'ff', 'allow_enable': False, 'pwm2': 'ff', 'pwm32': None, 'mode': '10', 'config_cmd': 'DN:', 'pulse_ms': '0A', 'recycle_ms': '00', 'trigger_cmd': 'TN:'}
2016-03-13 22:46:22,757 : DEBUG : FASTDriver : Driver Settings: {'number': '07', 'pwm1': 'ff', 'allow_enable': False, 'pwm2': 'ff', 'pwm32': None, 'mode': '10', 'config_cmd': 'DN:', 'pulse_ms': '0A', 'recycle_ms': '00', 'trigger_cmd': 'TN:'}
2016-03-13 22:46:22,757 : DEBUG : FASTDriver : Reseting driver {'number': '07', 'pwm1': 'ff', 'allow_enable': False, 'pwm2': 'ff', 'pwm32': None, 'mode': '10', 'config_cmd': 'DN:', 'pulse_ms': '0A', 'recycle_ms': '00', 'trigger_cmd': 'TN:'}
2016-03-13 22:46:22,757 : DEBUG : FASTDriver : Driver Settings: {'number': '0F', 'pwm1': 'ff', 'allow_enable': False, 'pwm2': 'ff', 'pwm32': None, 'mode': '10', 'config_cmd': 'DN:', 'pulse_ms': '0A', 'recycle_ms': '00', 'trigger_cmd': 'TN:'}
2016-03-13 22:46:22,757 : DEBUG : FASTDriver : Reseting driver {'number': '0F', 'pwm1': 'ff', 'allow_enable': False, 'pwm2': 'ff', 'pwm32': None, 'mode': '10', 'config_cmd': 'DN:', 'pulse_ms': '0A', 'recycle_ms': '00', 'trigger_cmd': 'TN:'}
2016-03-13 22:46:22,758 : DEBUG : FASTDriver : Driver Settings: {'number': '0E', 'pwm1': 'ff', 'allow_enable': False, 'pwm2': 'ff', 'pwm32': None, 'mode': '10', 'config_cmd': 'DN:', 'pulse_ms': '28', 'recycle_ms': '00', 'trigger_cmd': 'TN:'}
2016-03-13 22:46:22,758 : DEBUG : FASTDriver : Reseting driver {'number': '0E', 'pwm1': 'ff', 'allow_enable': False, 'pwm2': 'ff', 'pwm32': None, 'mode': '10', 'config_cmd': 'DN:', 'pulse_ms': '28', 'recycle_ms': '00', 'trigger_cmd': 'TN:'}
2016-03-13 22:46:22,758 : DEBUG : FASTDriver : Driver Settings: {'number': '10', 'pwm1': 'ff', 'allow_enable': False, 'pwm2': 'ff', 'pwm32': None, 'mode': '10', 'config_cmd': 'DN:', 'pulse_ms': '0A', 'recycle_ms': '00', 'trigger_cmd': 'TN:'}
2016-03-13 22:46:22,758 : DEBUG : FASTDriver : Reseting driver {'number': '10', 'pwm1': 'ff', 'allow_enable': False, 'pwm2': 'ff', 'pwm32': None, 'mode': '10', 'config_cmd': 'DN:', 'pulse_ms': '0A', 'recycle_ms': '00', 'trigger_cmd': 'TN:'}
2016-03-13 22:46:22,759 : DEBUG : FASTDriver : Driver Settings: {'number': '05', 'pwm1': 'ff', 'allow_enable': False, 'pwm2': 'ff', 'pwm32': None, 'mode': '10', 'config_cmd': 'DN:', 'pulse_ms': '14', 'recycle_ms': '00', 'trigger_cmd': 'TN:'}
2016-03-13 22:46:22,759 : DEBUG : FASTDriver : Reseting driver {'number': '05', 'pwm1': 'ff', 'allow_enable': False, 'pwm2': 'ff', 'pwm32': None, 'mode': '10', 'config_cmd': 'DN:', 'pulse_ms': '14', 'recycle_ms': '00', 'trigger_cmd': 'TN:'}
2016-03-13 22:46:22,760 : DEBUG : switch.s_plungerlane : Creating 's_plungerlane' with config: {'debounce_close': 0, 'platform': None, 'events_when_deactivated': [], 'label': '%', 'number_str': '16', 'tags': [], 'events_when_activated': [], 'debounce': 'True', 'type': 'NO', 'recycle_time': 0.0, 'debounce_open': 0, 'number': '16', 'debug': False}
2016-03-13 22:46:22,760 : DEBUG : FAST : FAST Switch hardware tuple: ('10', 1)
2016-03-13 22:46:22,760 : DEBUG : switch.s_jukeboxopto : Creating 's_jukeboxopto' with config: {'debounce_close': 0, 'platform': None, 'events_when_deactivated': [], 'label': '%', 'number_str': '40', 'tags': ['jukebox'], 'events_when_activated': [], 'debounce': 'True', 'type': 'NC', 'recycle_time': 0.0, 'debounce_open': 0, 'number': '40', 'debug': False}
2016-03-13 22:46:22,760 : DEBUG : FAST : FAST Switch hardware tuple: ('28', 1)
2016-03-13 22:46:22,761 : DEBUG : switch.s_leftorbit : Creating 's_leftorbit' with config: {'debounce_close': 0, 'platform': None, 'events_when_deactivated': [], 'label': '%', 'number_str': '47', 'tags': [], 'events_when_activated': [], 'debounce': 'True', 'type': 'NO', 'recycle_time': 0.0, 'debounce_open': 0, 'number': '47', 'debug': False}
2016-03-13 22:46:22,761 : DEBUG : FAST : FAST Switch hardware tuple: ('2F', 1)
2016-03-13 22:46:22,761 : DEBUG : switch.s_rightinlane : Creating 's_rightinlane' with config: {'debounce_close': 0, 'platform': None, 'events_when_deactivated': [], 'label': '%', 'number_str': '24', 'tags': [], 'events_when_activated': [], 'debounce': 'True', 'type': 'NO', 'recycle_time': 0.0, 'debounce_open': 0, 'number': '24', 'debug': False}
2016-03-13 22:46:22,761 : DEBUG : FAST : FAST Switch hardware tuple: ('18', 1)
2016-03-13 22:46:22,761 : DEBUG : switch.s_leftinlane : Creating 's_leftinlane' with config: {'debounce_close': 0, 'platform': None, 'events_when_deactivated': [], 'label': '%', 'number_str': '22', 'tags': [], 'events_when_activated': [], 'debounce': 'True', 'type': 'NO', 'recycle_time': 0.0, 'debounce_open': 0, 'number': '22', 'debug': False}
2016-03-13 22:46:22,762 : DEBUG : FAST : FAST Switch hardware tuple: ('16', 1)
2016-03-13 22:46:22,762 : DEBUG : switch.s_leftpop : Creating 's_leftpop' with config: {'debounce_close': 0, 'platform': None, 'events_when_deactivated': [], 'label': '%', 'number_str': '77', 'tags': [], 'events_when_activated': [], 'debounce': 'True', 'type': 'NO', 'recycle_time': 0.0, 'debounce_open': 0, 'number': '77', 'debug': False}
2016-03-13 22:46:22,762 : DEBUG : FAST : FAST Switch hardware tuple: ('4D', 1)
2016-03-13 22:46:22,762 : DEBUG : switch.s_bottompop : Creating 's_bottompop' with config: {'debounce_close': 0, 'platform': None, 'events_when_deactivated': [], 'label': '%', 'number_str': '79', 'tags': [], 'events_when_activated': [], 'debounce': 'True', 'type': 'NO', 'recycle_time': 0.0, 'debounce_open': 0, 'number': '79', 'debug': False}
2016-03-13 22:46:22,762 : DEBUG : FAST : FAST Switch hardware tuple: ('4F', 1)
2016-03-13 22:46:22,763 : DEBUG : switch.s_topkickingtarget : Creating 's_topkickingtarget' with config: {'debounce_close': 0, 'platform': None, 'events_when_deactivated': [], 'label': '%', 'number_str': '41', 'tags': [], 'events_when_activated': [], 'debounce': 'True', 'type': 'NO', 'recycle_time': 0.0, 'debounce_open': 0, 'number': '41', 'debug': False}
2016-03-13 22:46:22,763 : DEBUG : FAST : FAST Switch hardware tuple: ('29', 1)
2016-03-13 22:46:22,763 : DEBUG : switch.s_topkicker : Creating 's_topkicker' with config: {'debounce_close': 0, 'platform': None, 'events_when_deactivated': [], 'label': '%', 'number_str': '75', 'tags': [], 'events_when_activated': [], 'debounce': 'True', 'type': 'NO', 'recycle_time': 0.0, 'debounce_open': 0, 'number': '75', 'debug': False}
2016-03-13 22:46:22,763 : DEBUG : FAST : FAST Switch hardware tuple: ('4B', 1)
2016-03-13 22:46:22,764 : DEBUG : switch.s_droptarget1 : Creating 's_droptarget1' with config: {'debounce_close': 0, 'platform': None, 'events_when_deactivated': [], 'label': '%', 'number_str': '64', 'tags': [], 'events_when_activated': [], 'debounce': 'True', 'type': 'NO', 'recycle_time': 0.0, 'debounce_open': 0, 'number': '64', 'debug': False}
2016-03-13 22:46:22,764 : DEBUG : FAST : FAST Switch hardware tuple: ('40', 1)
2016-03-13 22:46:22,764 : DEBUG : switch.s_rightrampopto : Creating 's_rightrampopto' with config: {'debounce_close': 0, 'platform': None, 'events_when_deactivated': [], 'label': '%', 'number_str': '72', 'tags': [], 'events_when_activated': [], 'debounce': 'True', 'type': 'NC', 'recycle_time': 0.0, 'debounce_open': 0, 'number': '72', 'debug': False}
2016-03-13 22:46:22,764 : DEBUG : FAST : FAST Switch hardware tuple: ('48', 1)
2016-03-13 22:46:22,765 : DEBUG : switch.s_rightbanktop : Creating 's_rightbanktop' with config: {'debounce_close': 0, 'platform': None, 'events_when_deactivated': [], 'label': '%', 'number_str': '26', 'tags': [], 'events_when_activated': [], 'debounce': 'True', 'type': 'NO', 'recycle_time': 0.0, 'debounce_open': 0, 'number': '26', 'debug': False}
2016-03-13 22:46:22,765 : DEBUG : FAST : FAST Switch hardware tuple: ('1A', 1)
2016-03-13 22:46:22,765 : DEBUG : switch.s_leftlane : Creating 's_leftlane' with config: {'debounce_close': 0, 'platform': None, 'events_when_deactivated': [], 'label': '%', 'number_str': '74', 'tags': [], 'events_when_activated': [], 'debounce': 'True', 'type': 'NO', 'recycle_time': 0.0, 'debounce_open': 0, 'number': '74', 'debug': False}
2016-03-13 22:46:22,765 : DEBUG : FAST : FAST Switch hardware tuple: ('4A', 1)
2016-03-13 22:46:22,765 : DEBUG : switch.s_droptarget4 : Creating 's_droptarget4' with config: {'debounce_close': 0, 'platform': None, 'events_when_deactivated': [], 'label': '%', 'number_str': '67', 'tags': [], 'events_when_activated': [], 'debounce': 'True', 'type': 'NO', 'recycle_time': 0.0, 'debounce_open': 0, 'number': '67', 'debug': False}
2016-03-13 22:46:22,766 : DEBUG : FAST : FAST Switch hardware tuple: ('43', 1)
2016-03-13 22:46:22,766 : DEBUG : switch.s_rightflipper : Creating 's_rightflipper' with config: {'debounce_close': 0, 'platform': None, 'events_when_deactivated': [], 'label': '%', 'number_str': '2', 'tags': [], 'events_when_activated': [], 'debounce': 'True', 'type': 'NO', 'recycle_time': 0.0, 'debounce_open': 0, 'number': '2', 'debug': False}
2016-03-13 22:46:22,766 : DEBUG : FAST : FAST Switch hardware tuple: ('02', 1)
2016-03-13 22:46:22,766 : DEBUG : switch.s_troughenter : Creating 's_troughenter' with config: {'debounce_close': 0, 'platform': None, 'events_when_deactivated': [], 'label': '%', 'number_str': '18', 'tags': [], 'events_when_activated': [], 'debounce': 'True', 'type': 'NO', 'recycle_time': 0.0, 'debounce_open': 0, 'number': '18', 'debug': False}
2016-03-13 22:46:22,767 : DEBUG : FAST : FAST Switch hardware tuple: ('12', 1)
2016-03-13 22:46:22,767 : DEBUG : switch.s_subwayopto : Creating 's_subwayopto' with config: {'debounce_close': 0, 'platform': None, 'events_when_deactivated': [], 'label': '%', 'number_str': '42', 'tags': [], 'events_when_activated': [], 'debounce': 'True', 'type': 'NC', 'recycle_time': 0.0, 'debounce_open': 0, 'number': '42', 'debug': False}
2016-03-13 22:46:22,767 : DEBUG : FAST : FAST Switch hardware tuple: ('2A', 1)
2016-03-13 22:46:22,767 : DEBUG : switch.s_start : Creating 's_start' with config: {'debounce_close': 0, 'platform': None, 'events_when_deactivated': [], 'label': '%', 'number_str': '3', 'tags': ['start'], 'events_when_activated': [], 'debounce': 'True', 'type': 'NO', 'recycle_time': 0.0, 'debounce_open': 0, 'number': '3', 'debug': False}
2016-03-13 22:46:22,768 : DEBUG : FAST : FAST Switch hardware tuple: ('03', 1)
2016-03-13 22:46:22,768 : DEBUG : switch.s_leftsling : Creating 's_leftsling' with config: {'debounce_close': 0, 'platform': None, 'events_when_deactivated': [], 'label': '%', 'number_str': '44', 'tags': [], 'events_when_activated': [], 'debounce': 'True', 'type': 'NO', 'recycle_time': 0.0, 'debounce_open': 0, 'number': '44', 'debug': False}
2016-03-13 22:46:22,768 : DEBUG : FAST : FAST Switch hardware tuple: ('2C', 1)
2016-03-13 22:46:22,768 : DEBUG : switch.s_leftoutlane : Creating 's_leftoutlane' with config: {'debounce_close': 0, 'platform': None, 'events_when_deactivated': [], 'label': '%', 'number_str': '20', 'tags': [], 'events_when_activated': [], 'debounce': 'True', 'type': 'NO', 'recycle_time': 0.0, 'debounce_open': 0, 'number': '20', 'debug': False}
2016-03-13 22:46:22,768 : DEBUG : FAST : FAST Switch hardware tuple: ('14', 1)
2016-03-13 22:46:22,769 : DEBUG : switch.s_rightsling : Creating 's_rightsling' with config: {'debounce_close': 0, 'platform': None, 'events_when_deactivated': [], 'label': '%', 'number_str': '25', 'tags': [], 'events_when_activated': [], 'debounce': 'True', 'type': 'NO', 'recycle_time': 0.0, 'debounce_open': 0, 'number': '25', 'debug': False}
2016-03-13 22:46:22,769 : DEBUG : FAST : FAST Switch hardware tuple: ('19', 1)
2016-03-13 22:46:22,769 : DEBUG : switch.s_rightbankbottom : Creating 's_rightbankbottom' with config: {'debounce_close': 0, 'platform': None, 'events_when_deactivated': [], 'label': '%', 'number_str': '17', 'tags': ['plunger'], 'events_when_activated': [], 'debounce': 'True', 'type': 'NO', 'recycle_time': 0.0, 'debounce_open': 0, 'number': '17', 'debug': False}
2016-03-13 22:46:22,769 : DEBUG : FAST : FAST Switch hardware tuple: ('11', 1)
2016-03-13 22:46:22,770 : DEBUG : switch.s_rightpop : Creating 's_rightpop' with config: {'debounce_close': 0, 'platform': None, 'events_when_deactivated': [], 'label': '%', 'number_str': '78', 'tags': [], 'events_when_activated': [], 'debounce': 'True', 'type': 'NO', 'recycle_time': 0.0, 'debounce_open': 0, 'number': '78', 'debug': False}
2016-03-13 22:46:22,770 : DEBUG : FAST : FAST Switch hardware tuple: ('4E', 1)
2016-03-13 22:46:22,770 : DEBUG : switch.s_toprightvuk : Creating 's_toprightvuk' with config: {'debounce_close': 0, 'platform': None, 'events_when_deactivated': [], 'label': '%', 'number_str': '69', 'tags': [], 'events_when_activated': [], 'debounce': 'True', 'type': 'NO', 'recycle_time': 0.0, 'debounce_open': 0, 'number': '69', 'debug': False}
2016-03-13 22:46:22,770 : DEBUG : FAST : FAST Switch hardware tuple: ('45', 1)
2016-03-13 22:46:22,771 : DEBUG : switch.s_drain : Creating 's_drain' with config: {'debounce_close': 0, 'platform': None, 'events_when_deactivated': [], 'label': '%', 'number_str': '21', 'tags': [], 'events_when_activated': [], 'debounce': 'True', 'type': 'NO', 'recycle_time': 0.0, 'debounce_open': 0, 'number': '21', 'debug': False}
2016-03-13 22:46:22,771 : DEBUG : FAST : FAST Switch hardware tuple: ('15', 1)
2016-03-13 22:46:22,771 : DEBUG : switch.s_droptarget3 : Creating 's_droptarget3' with config: {'debounce_close': 0, 'platform': None, 'events_when_deactivated': [], 'label': '%', 'number_str': '66', 'tags': [], 'events_when_activated': [], 'debounce': 'True', 'type': 'NO', 'recycle_time': 0.0, 'debounce_open': 0, 'number': '66', 'debug': False}
2016-03-13 22:46:22,771 : DEBUG : FAST : FAST Switch hardware tuple: ('42', 1)
2016-03-13 22:46:22,772 : DEBUG : switch.s_bottomkickingtarget : Creating 's_bottomkickingtarget' with config: {'debounce_close': 0, 'platform': None, 'events_when_deactivated': [], 'label': '%', 'number_str': '46', 'tags': [], 'events_when_activated': [], 'debounce': 'True', 'type': 'NO', 'recycle_time': 0.0, 'debounce_open': 0, 'number': '46', 'debug': False}
2016-03-13 22:46:22,772 : DEBUG : FAST : FAST Switch hardware tuple: ('2E', 1)
2016-03-13 22:46:22,772 : DEBUG : switch.s_droptarget5 : Creating 's_droptarget5' with config: {'debounce_close': 0, 'platform': None, 'events_when_deactivated': [], 'label': '%', 'number_str': '68', 'tags': [], 'events_when_activated': [], 'debounce': 'True', 'type': 'NO', 'recycle_time': 0.0, 'debounce_open': 0, 'number': '68', 'debug': False}
2016-03-13 22:46:22,772 : DEBUG : FAST : FAST Switch hardware tuple: ('44', 1)
2016-03-13 22:46:22,772 : DEBUG : switch.s_leftflipper : Creating 's_leftflipper' with config: {'debounce_close': 0, 'platform': None, 'events_when_deactivated': [], 'label': '%', 'number_str': '0', 'tags': [], 'events_when_activated': [], 'debounce': 'True', 'type': 'NO', 'recycle_time': 0.0, 'debounce_open': 0, 'number': '0', 'debug': False}
2016-03-13 22:46:22,773 : DEBUG : FAST : FAST Switch hardware tuple: ('00', 1)
2016-03-13 22:46:22,773 : DEBUG : switch.s_rightoutlane : Creating 's_rightoutlane' with config: {'debounce_close': 0, 'platform': None, 'events_when_deactivated': [], 'label': '%', 'number_str': '19', 'tags': [], 'events_when_activated': [], 'debounce': 'True', 'type': 'NO', 'recycle_time': 0.0, 'debounce_open': 0, 'number': '19', 'debug': False}
2016-03-13 22:46:22,773 : DEBUG : FAST : FAST Switch hardware tuple: ('13', 1)
2016-03-13 22:46:22,773 : DEBUG : switch.s_rightlane : Creating 's_rightlane' with config: {'debounce_close': 0, 'platform': None, 'events_when_deactivated': [], 'label': '%', 'number_str': '73', 'tags': [], 'events_when_activated': [], 'debounce': 'True', 'type': 'NO', 'recycle_time': 0.0, 'debounce_open': 0, 'number': '73', 'debug': False}
2016-03-13 22:46:22,774 : DEBUG : FAST : FAST Switch hardware tuple: ('49', 1)
2016-03-13 22:46:22,774 : DEBUG : switch.s_toprightstandup : Creating 's_toprightstandup' with config: {'debounce_close': 0, 'platform': None, 'events_when_deactivated': [], 'label': '%', 'number_str': '27', 'tags': [], 'events_when_activated': [], 'debounce': 'True', 'type': 'NO', 'recycle_time': 0.0, 'debounce_open': 0, 'number': '27', 'debug': False}
2016-03-13 22:46:22,774 : DEBUG : FAST : FAST Switch hardware tuple: ('1B', 1)
2016-03-13 22:46:22,774 : DEBUG : switch.s_droptarget2 : Creating 's_droptarget2' with config: {'debounce_close': 0, 'platform': None, 'events_when_deactivated': [], 'label': '%', 'number_str': '65', 'tags': [], 'events_when_activated': [], 'debounce': 'True', 'type': 'NO', 'recycle_time': 0.0, 'debounce_open': 0, 'number': '65', 'debug': False}
2016-03-13 22:46:22,775 : DEBUG : FAST : FAST Switch hardware tuple: ('41', 1)
2016-03-13 22:46:22,775 : DEBUG : switch.s_leftrampopto : Creating 's_leftrampopto' with config: {'debounce_close': 0, 'platform': None, 'events_when_deactivated': [], 'label': '%', 'number_str': '45', 'tags': [], 'events_when_activated': [], 'debounce': 'True', 'type': 'NC', 'recycle_time': 0.0, 'debounce_open': 0, 'number': '45', 'debug': False}
2016-03-13 22:46:22,775 : DEBUG : FAST : FAST Switch hardware tuple: ('2D', 1)
2016-03-13 22:46:22,775 : DEBUG : switch.s_lowervukopto : Creating 's_lowervukopto' with config: {'debounce_close': 0, 'platform': None, 'events_when_deactivated': [], 'label': '%', 'number_str': '43', 'tags': [], 'events_when_activated': [], 'debounce': 'True', 'type': 'NC', 'recycle_time': 0.0, 'debounce_open': 0, 'number': '43', 'debug': False}
2016-03-13 22:46:22,776 : DEBUG : FAST : FAST Switch hardware tuple: ('2B', 1)
2016-03-13 22:46:22,776 : DEBUG : switch.s_spinner : Creating 's_spinner' with config: {'debounce_close': 0, 'platform': None, 'events_when_deactivated': [], 'label': '%', 'number_str': '76', 'tags': [], 'events_when_activated': [], 'debounce': 'True', 'type': 'NO', 'recycle_time': 0.0, 'debounce_open': 0, 'number': '76', 'debug': False}
2016-03-13 22:46:22,776 : DEBUG : FAST : FAST Switch hardware tuple: ('4C', 1)
2016-03-13 22:46:22,776 : DEBUG : switch.s_rightupperflipper : Creating 's_rightupperflipper' with config: {'debounce_close': 0, 'platform': None, 'events_when_deactivated': [], 'label': '%', 'number_str': '1', 'tags': [], 'events_when_activated': [], 'debounce': 'True', 'type': 'NO', 'recycle_time': 0.0, 'debounce_open': 0, 'number': '1', 'debug': False}
2016-03-13 22:46:22,777 : DEBUG : FAST : FAST Switch hardware tuple: ('01', 1)
2016-03-13 22:46:22,778 : DEBUG : Clock : Scheduled a recurring clock callback (callback=<bound method Led.update_leds of <class 'mpf.devices.led.Led'>>, timeout=0, priority=-100)
2016-03-13 22:46:22,778 : DEBUG : Clock : Scheduled a recurring clock callback (callback=<bound method HardwarePlatform.update_leds of <Platform.FAST>>, timeout=0, priority=1)
2016-03-13 22:46:22,778 : DEBUG : FASTLED : Creating FAST RGB LED at hardware address: 8D
2016-03-13 22:46:22,779 : DEBUG : FASTLED : Creating FAST RGB LED at hardware address: 66
2016-03-13 22:46:22,779 : DEBUG : FASTLED : Creating FAST RGB LED at hardware address: 5C
2016-03-13 22:46:22,779 : DEBUG : FASTLED : Creating FAST RGB LED at hardware address: 83
2016-03-13 22:46:22,781 : DEBUG : FASTLED : Creating FAST RGB LED at hardware address: 42
2016-03-13 22:46:22,781 : DEBUG : FASTLED : Creating FAST RGB LED at hardware address: 62
2016-03-13 22:46:22,782 : DEBUG : FASTLED : Creating FAST RGB LED at hardware address: 4D
2016-03-13 22:46:22,782 : DEBUG : FASTLED : Creating FAST RGB LED at hardware address: 47
2016-03-13 22:46:22,782 : DEBUG : FASTLED : Creating FAST RGB LED at hardware address: 5E
2016-03-13 22:46:22,782 : DEBUG : FASTLED : Creating FAST RGB LED at hardware address: 80
2016-03-13 22:46:22,783 : DEBUG : FASTLED : Creating FAST RGB LED at hardware address: 69
2016-03-13 22:46:22,783 : DEBUG : FASTLED : Creating FAST RGB LED at hardware address: 5F
2016-03-13 22:46:22,783 : DEBUG : FASTLED : Creating FAST RGB LED at hardware address: 49
2016-03-13 22:46:22,783 : DEBUG : FASTLED : Creating FAST RGB LED at hardware address: 8E
2016-03-13 22:46:22,784 : DEBUG : FASTLED : Creating FAST RGB LED at hardware address: 67
2016-03-13 22:46:22,784 : DEBUG : FASTLED : Creating FAST RGB LED at hardware address: 57
2016-03-13 22:46:22,784 : DEBUG : FASTLED : Creating FAST RGB LED at hardware address: 53
2016-03-13 22:46:22,785 : DEBUG : FASTLED : Creating FAST RGB LED at hardware address: 6F
2016-03-13 22:46:22,785 : DEBUG : FASTLED : Creating FAST RGB LED at hardware address: 8C
2016-03-13 22:46:22,785 : DEBUG : FASTLED : Creating FAST RGB LED at hardware address: 4C
2016-03-13 22:46:22,785 : DEBUG : FASTLED : Creating FAST RGB LED at hardware address: 84
2016-03-13 22:46:22,786 : DEBUG : FASTLED : Creating FAST RGB LED at hardware address: 52
2016-03-13 22:46:22,786 : DEBUG : FASTLED : Creating FAST RGB LED at hardware address: 94
2016-03-13 22:46:22,786 : DEBUG : FASTLED : Creating FAST RGB LED at hardware address: 61
2016-03-13 22:46:22,786 : DEBUG : FASTLED : Creating FAST RGB LED at hardware address: 65
2016-03-13 22:46:22,787 : DEBUG : FASTLED : Creating FAST RGB LED at hardware address: 8F
2016-03-13 22:46:22,787 : DEBUG : FASTLED : Creating FAST RGB LED at hardware address: 68
2016-03-13 22:46:22,787 : DEBUG : FASTLED : Creating FAST RGB LED at hardware address: 86
2016-03-13 22:46:22,788 : DEBUG : FASTLED : Creating FAST RGB LED at hardware address: 90
2016-03-13 22:46:22,788 : DEBUG : FASTLED : Creating FAST RGB LED at hardware address: 46
2016-03-13 22:46:22,788 : DEBUG : FASTLED : Creating FAST RGB LED at hardware address: 50
2016-03-13 22:46:22,788 : DEBUG : FASTLED : Creating FAST RGB LED at hardware address: 58
2016-03-13 22:46:22,789 : DEBUG : FASTLED : Creating FAST RGB LED at hardware address: 6C
2016-03-13 22:46:22,789 : DEBUG : FASTLED : Creating FAST RGB LED at hardware address: 95
2016-03-13 22:46:22,789 : DEBUG : FASTLED : Creating FAST RGB LED at hardware address: 81
2016-03-13 22:46:22,789 : DEBUG : FASTLED : Creating FAST RGB LED at hardware address: 4A
2016-03-13 22:46:22,790 : DEBUG : FASTLED : Creating FAST RGB LED at hardware address: 88
2016-03-13 22:46:22,790 : DEBUG : FASTLED : Creating FAST RGB LED at hardware address: 56
2016-03-13 22:46:22,791 : DEBUG : FASTLED : Creating FAST RGB LED at hardware address: 6E
2016-03-13 22:46:22,791 : DEBUG : FASTLED : Creating FAST RGB LED at hardware address: 43
2016-03-13 22:46:22,791 : DEBUG : FASTLED : Creating FAST RGB LED at hardware address: 51
2016-03-13 22:46:22,792 : DEBUG : FASTLED : Creating FAST RGB LED at hardware address: 60
2016-03-13 22:46:22,792 : DEBUG : FASTLED : Creating FAST RGB LED at hardware address: 6B
2016-03-13 22:46:22,792 : DEBUG : FASTLED : Creating FAST RGB LED at hardware address: 4B
2016-03-13 22:46:22,793 : DEBUG : FASTLED : Creating FAST RGB LED at hardware address: 41
2016-03-13 22:46:22,794 : DEBUG : FASTLED : Creating FAST RGB LED at hardware address: 5A
2016-03-13 22:46:22,794 : DEBUG : FASTLED : Creating FAST RGB LED at hardware address: 8B
2016-03-13 22:46:22,795 : DEBUG : FASTLED : Creating FAST RGB LED at hardware address: 87
2016-03-13 22:46:22,795 : DEBUG : FASTLED : Creating FAST RGB LED at hardware address: 82
2016-03-13 22:46:22,795 : DEBUG : FASTLED : Creating FAST RGB LED at hardware address: 54
2016-03-13 22:46:22,796 : DEBUG : FASTLED : Creating FAST RGB LED at hardware address: 93
2016-03-13 22:46:22,796 : DEBUG : FASTLED : Creating FAST RGB LED at hardware address: 6D
2016-03-13 22:46:22,797 : DEBUG : FASTLED : Creating FAST RGB LED at hardware address: 89
2016-03-13 22:46:22,797 : DEBUG : FASTLED : Creating FAST RGB LED at hardware address: 4E
2016-03-13 22:46:22,797 : DEBUG : FASTLED : Creating FAST RGB LED at hardware address: 48
2016-03-13 22:46:22,797 : DEBUG : FASTLED : Creating FAST RGB LED at hardware address: 5B
2016-03-13 22:46:22,798 : DEBUG : FASTLED : Creating FAST RGB LED at hardware address: 44
2016-03-13 22:46:22,798 : DEBUG : FASTLED : Creating FAST RGB LED at hardware address: 59
2016-03-13 22:46:22,798 : DEBUG : FASTLED : Creating FAST RGB LED at hardware address: 5D
2016-03-13 22:46:22,799 : DEBUG : FASTLED : Creating FAST RGB LED at hardware address: 92
2016-03-13 22:46:22,799 : DEBUG : FASTLED : Creating FAST RGB LED at hardware address: 4F
2016-03-13 22:46:22,799 : DEBUG : FASTLED : Creating FAST RGB LED at hardware address: 55
2016-03-13 22:46:22,799 : DEBUG : FASTLED : Creating FAST RGB LED at hardware address: 6A
2016-03-13 22:46:22,800 : DEBUG : FASTLED : Creating FAST RGB LED at hardware address: 91
2016-03-13 22:46:22,800 : DEBUG : FASTLED : Creating FAST RGB LED at hardware address: 64
2016-03-13 22:46:22,800 : DEBUG : FASTLED : Creating FAST RGB LED at hardware address: 85
2016-03-13 22:46:22,800 : DEBUG : FASTLED : Creating FAST RGB LED at hardware address: 8A
2016-03-13 22:46:22,801 : DEBUG : FASTLED : Creating FAST RGB LED at hardware address: 63
2016-03-13 22:46:22,803 : DEBUG : Events : Registered BallDevice._initialize_phase_2 as a handler for 'init_phase_2', priority: 1, kwargs: {}
2016-03-13 22:46:22,803 : DEBUG : Events : Registered BallDevice._initialize_phase_3 as a handler for 'init_phase_3', priority: 1, kwargs: {}
2016-03-13 22:46:22,804 : DEBUG : Events : Registered BallDevice._initialize_phase_4 as a handler for 'init_phase_4', priority: 1, kwargs: {}
2016-03-13 22:46:22,804 : DEBUG : Events : Registered BallDevice._initialize_phase_2 as a handler for 'init_phase_2', priority: 1, kwargs: {}
2016-03-13 22:46:22,804 : DEBUG : Events : Registered BallDevice._initialize_phase_3 as a handler for 'init_phase_3', priority: 1, kwargs: {}
2016-03-13 22:46:22,804 : DEBUG : Events : Registered BallDevice._initialize_phase_4 as a handler for 'init_phase_4', priority: 1, kwargs: {}
2016-03-13 22:46:22,805 : DEBUG : Events : Registered BallDevice._initialize_phase_2 as a handler for 'init_phase_2', priority: 1, kwargs: {}
2016-03-13 22:46:22,805 : DEBUG : Events : Registered BallDevice._initialize_phase_3 as a handler for 'init_phase_3', priority: 1, kwargs: {}
2016-03-13 22:46:22,805 : DEBUG : Events : Registered BallDevice._initialize_phase_4 as a handler for 'init_phase_4', priority: 1, kwargs: {}
2016-03-13 22:46:22,805 : DEBUG : Events : Registered BallDevice._initialize_phase_2 as a handler for 'init_phase_2', priority: 1, kwargs: {}
2016-03-13 22:46:22,805 : DEBUG : Events : Registered BallDevice._initialize_phase_3 as a handler for 'init_phase_3', priority: 1, kwargs: {}
2016-03-13 22:46:22,806 : DEBUG : Events : Registered BallDevice._initialize_phase_4 as a handler for 'init_phase_4', priority: 1, kwargs: {}
2016-03-13 22:46:22,806 : DEBUG : Events : Registered BallDevice._initialize_phase_2 as a handler for 'init_phase_2', priority: 1, kwargs: {}
2016-03-13 22:46:22,806 : DEBUG : Events : Registered BallDevice._initialize_phase_3 as a handler for 'init_phase_3', priority: 1, kwargs: {}
2016-03-13 22:46:22,806 : DEBUG : Events : Registered BallDevice._initialize_phase_4 as a handler for 'init_phase_4', priority: 1, kwargs: {}
2016-03-13 22:46:22,807 : DEBUG : Events : Registered BallDevice._initialize_phase_2 as a handler for 'init_phase_2', priority: 1, kwargs: {}
2016-03-13 22:46:22,807 : DEBUG : Events : Registered BallDevice._initialize_phase_3 as a handler for 'init_phase_3', priority: 1, kwargs: {}
2016-03-13 22:46:22,807 : DEBUG : Events : Registered BallDevice._initialize_phase_4 as a handler for 'init_phase_4', priority: 1, kwargs: {}
2016-03-13 22:46:22,808 : DEBUG : Events : Registered BallSearch.request_to_start_game as a handler for 'request_to_start_game', priority: 1, kwargs: {}
2016-03-13 22:46:22,808 : DEBUG : Events : Registered Playfield._source_device_eject_success as a handler for 'balldevice_bd_lower_vuk_ball_eject_success', priority: 1, kwargs: {}
2016-03-13 22:46:22,808 : DEBUG : Events : Registered Playfield._source_device_eject_failed as a handler for 'balldevice_bd_lower_vuk_ball_eject_failed', priority: 1, kwargs: {}
2016-03-13 22:46:22,808 : DEBUG : Events : Registered Playfield._source_device_eject_attempt as a handler for 'balldevice_bd_lower_vuk_ball_eject_attempt', priority: 1, kwargs: {}
2016-03-13 22:46:22,809 : DEBUG : Events : Registered Playfield._source_device_eject_success as a handler for 'balldevice_bd_top_kicker_ball_eject_success', priority: 1, kwargs: {}
2016-03-13 22:46:22,809 : DEBUG : Events : Registered Playfield._source_device_eject_failed as a handler for 'balldevice_bd_top_kicker_ball_eject_failed', priority: 1, kwargs: {}
2016-03-13 22:46:22,809 : DEBUG : Events : Registered Playfield._source_device_eject_attempt as a handler for 'balldevice_bd_top_kicker_ball_eject_attempt', priority: 1, kwargs: {}
2016-03-13 22:46:22,809 : DEBUG : Events : Registered Playfield._source_device_eject_success as a handler for 'balldevice_bd_trough_ball_eject_success', priority: 1, kwargs: {}
2016-03-13 22:46:22,809 : DEBUG : Events : Registered Playfield._source_device_eject_failed as a handler for 'balldevice_bd_trough_ball_eject_failed', priority: 1, kwargs: {}
2016-03-13 22:46:22,809 : DEBUG : Events : Registered Playfield._source_device_eject_attempt as a handler for 'balldevice_bd_trough_ball_eject_attempt', priority: 1, kwargs: {}
2016-03-13 22:46:22,809 : DEBUG : Events : Registered Playfield._source_device_eject_success as a handler for 'balldevice_bd_drain_ball_eject_success', priority: 1, kwargs: {}
2016-03-13 22:46:22,810 : DEBUG : Events : Registered Playfield._source_device_eject_failed as a handler for 'balldevice_bd_drain_ball_eject_failed', priority: 1, kwargs: {}
2016-03-13 22:46:22,810 : DEBUG : Events : Registered Playfield._source_device_eject_attempt as a handler for 'balldevice_bd_drain_ball_eject_attempt', priority: 1, kwargs: {}
2016-03-13 22:46:22,810 : DEBUG : Events : Registered Playfield._source_device_eject_success as a handler for 'balldevice_bd_top_right_vuk_ball_eject_success', priority: 1, kwargs: {}
2016-03-13 22:46:22,810 : DEBUG : Events : Registered Playfield._source_device_eject_failed as a handler for 'balldevice_bd_top_right_vuk_ball_eject_failed', priority: 1, kwargs: {}
2016-03-13 22:46:22,810 : DEBUG : Events : Registered Playfield._source_device_eject_attempt as a handler for 'balldevice_bd_top_right_vuk_ball_eject_attempt', priority: 1, kwargs: {}
2016-03-13 22:46:22,810 : DEBUG : Events : Registered Playfield._source_device_eject_success as a handler for 'balldevice_bd_plunger_ball_eject_success', priority: 1, kwargs: {}
2016-03-13 22:46:22,810 : DEBUG : Events : Registered Playfield._source_device_eject_failed as a handler for 'balldevice_bd_plunger_ball_eject_failed', priority: 1, kwargs: {}
2016-03-13 22:46:22,811 : DEBUG : Events : Registered Playfield._source_device_eject_attempt as a handler for 'balldevice_bd_plunger_ball_eject_attempt', priority: 1, kwargs: {}
2016-03-13 22:46:22,811 : DEBUG : Events : Registered Playfield._ball_removed_handler as a handler for 'balldevice_captured_from_playfield', priority: 1, kwargs: {}
2016-03-13 22:46:22,811 : DEBUG : Events : Registered Playfield.playfield_switch_hit as a handler for 'sw_playfield_active', priority: 1, kwargs: {}
2016-03-13 22:46:22,811 : DEBUG : Events : Registered Playfield._initialize as a handler for 'init_phase_2', priority: 1, kwargs: {}
2016-03-13 22:46:22,812 : DEBUG : Events : Registered DropTarget._update_state_from_switch as a handler for 'init_phase_4', priority: 1, kwargs: {}
2016-03-13 22:46:22,812 : DEBUG : Events : Registered DropTarget._register_switch_handlers as a handler for 'init_phase_4', priority: 1, kwargs: {}
2016-03-13 22:46:22,812 : DEBUG : Events : Registered DropTarget._update_state_from_switch as a handler for 'init_phase_4', priority: 1, kwargs: {}
2016-03-13 22:46:22,812 : DEBUG : Events : Registered DropTarget._register_switch_handlers as a handler for 'init_phase_4', priority: 1, kwargs: {}
2016-03-13 22:46:22,813 : DEBUG : Events : Registered DropTarget._update_state_from_switch as a handler for 'init_phase_4', priority: 1, kwargs: {}
2016-03-13 22:46:22,813 : DEBUG : Events : Registered DropTarget._register_switch_handlers as a handler for 'init_phase_4', priority: 1, kwargs: {}
2016-03-13 22:46:22,813 : DEBUG : Events : Registered DropTarget._update_state_from_switch as a handler for 'init_phase_4', priority: 1, kwargs: {}
2016-03-13 22:46:22,813 : DEBUG : Events : Registered DropTarget._register_switch_handlers as a handler for 'init_phase_4', priority: 1, kwargs: {}
2016-03-13 22:46:22,814 : DEBUG : Events : Registered DropTarget._update_state_from_switch as a handler for 'init_phase_4', priority: 1, kwargs: {}
2016-03-13 22:46:22,814 : DEBUG : Events : Registered DropTarget._register_switch_handlers as a handler for 'init_phase_4', priority: 1, kwargs: {}
2016-03-13 22:46:22,814 : DEBUG : Events : ^^^^ Posted event 'drop_targets_up'. Type: None, Callback: None, Args: {}
2016-03-13 22:46:22,814 : DEBUG : Events : ============== EVENTS QUEUE =============
2016-03-13 22:46:22,814 : DEBUG : Events : drop_targets_up, None, None, {}
2016-03-13 22:46:22,814 : DEBUG : Events : =========================================
2016-03-13 22:46:22,816 : DEBUG : flipper.upper_right_flipper : Enabling debug logging
2016-03-13 22:46:22,817 : DEBUG : flipper.upper_right_flipper : Configuring device with settings: '{'use_eos': False, 'enable_events': {'machine_reset_phase_3': 0}, 'disable_events': {'ball_ending': 0}, 'main_coil': <coil.c_upperrightflippermain>, 'pulse_pwm_mask': None, 'debounced': False, 'label': '%', 'hold_coil': <coil.c_upperrightflipperhold>, 'eos_switch': None, 'activation_switch': <switch.s_rightupperflipper>, 'hold_pwm_mask': None, 'debug': True, 'recycle_ms': None, 'pulse_power': None, 'invert_events': {}, 'hold_power': None, 'pulse_ms': None, 'tags': [], 'drive_now': False, 'pwm_on_ms': None, 'pwm_off_ms': None, 'enable_no_hold_events': {}, 'pulse_power32': None, 'hold_power32': None}'
2016-03-13 22:46:22,817 : DEBUG : flipper.upper_right_flipper : Platform Driver: None
2016-03-13 22:46:22,817 : DEBUG : flipper.upper_right_flipper : Platform Driver: <Platform.FAST>
2016-03-13 22:46:22,817 : DEBUG : flipper.left_flipper : Enabling debug logging
2016-03-13 22:46:22,817 : DEBUG : flipper.left_flipper : Configuring device with settings: '{'use_eos': False, 'enable_events': {'machine_reset_phase_3': 0}, 'disable_events': {'ball_ending': 0}, 'main_coil': <coil.c_leftflippermain>, 'pulse_pwm_mask': None, 'debounced': False, 'label': '%', 'hold_coil': <coil.c_leftflipperhold>, 'eos_switch': None, 'activation_switch': <switch.s_leftflipper>, 'hold_pwm_mask': None, 'debug': True, 'recycle_ms': None, 'pulse_power': None, 'invert_events': {}, 'hold_power': None, 'pulse_ms': None, 'tags': [], 'drive_now': False, 'pwm_on_ms': None, 'pwm_off_ms': None, 'enable_no_hold_events': {}, 'pulse_power32': None, 'hold_power32': None}'
2016-03-13 22:46:22,817 : DEBUG : flipper.left_flipper : Platform Driver: None
2016-03-13 22:46:22,818 : DEBUG : flipper.left_flipper : Platform Driver: <Platform.FAST>
2016-03-13 22:46:22,818 : DEBUG : flipper.right_flipper : Enabling debug logging
2016-03-13 22:46:22,818 : DEBUG : flipper.right_flipper : Configuring device with settings: '{'use_eos': False, 'enable_events': {'machine_reset_phase_3': 0}, 'disable_events': {'ball_ending': 0}, 'main_coil': <coil.c_rightflippermain>, 'pulse_pwm_mask': None, 'debounced': False, 'label': '%', 'hold_coil': <coil.c_rightflipperhold>, 'eos_switch': None, 'activation_switch': <switch.s_rightflipper>, 'hold_pwm_mask': None, 'debug': True, 'recycle_ms': None, 'pulse_power': None, 'invert_events': {}, 'hold_power': None, 'pulse_ms': None, 'tags': [], 'drive_now': False, 'pwm_on_ms': None, 'pwm_off_ms': None, 'enable_no_hold_events': {}, 'pulse_power32': None, 'hold_power32': None}'
2016-03-13 22:46:22,818 : DEBUG : flipper.right_flipper : Platform Driver: None
2016-03-13 22:46:22,818 : DEBUG : flipper.right_flipper : Platform Driver: <Platform.FAST>
2016-03-13 22:46:22,819 : DEBUG : Events : Registered Diverter._feeder_eject_attempt as a handler for 'balldevice_playfield_ball_eject_attempt', priority: 1, kwargs: {}
2016-03-13 22:46:22,819 : DEBUG : Events : Registered Diverter._feeder_eject_count_decrease as a handler for 'balldevice_playfield_ball_eject_failed', priority: 1, kwargs: {}
2016-03-13 22:46:22,819 : DEBUG : Events : Registered Diverter._feeder_eject_count_decrease as a handler for 'balldevice_playfield_ball_eject_success', priority: 1, kwargs: {}
2016-03-13 22:46:22,819 : DEBUG : Events : Registered Diverter._register_switches as a handler for 'init_phase_3', priority: 1, kwargs: {}
2016-03-13 22:46:22,820 : DEBUG : Events : Registered Diverter._feeder_eject_attempt as a handler for 'balldevice_playfield_ball_eject_attempt', priority: 1, kwargs: {}
2016-03-13 22:46:22,820 : DEBUG : Events : Registered Diverter._feeder_eject_count_decrease as a handler for 'balldevice_playfield_ball_eject_failed', priority: 1, kwargs: {}
2016-03-13 22:46:22,820 : DEBUG : Events : Registered Diverter._feeder_eject_count_decrease as a handler for 'balldevice_playfield_ball_eject_success', priority: 1, kwargs: {}
2016-03-13 22:46:22,820 : DEBUG : Events : Registered Diverter._register_switches as a handler for 'init_phase_3', priority: 1, kwargs: {}
2016-03-13 22:46:22,822 : DEBUG : Events : ConfigPlayer._initialize (priority: 1) responding to event 'init_phase_1' with args {}
2016-03-13 22:46:22,823 : DEBUG : Events : Registered ShowPlayer.play as a handler for 'mode_attract_started', priority: 0, kwargs: {'mode': None, 'settings': {'shows': {'concert1': {'leds': 'l_left_pop', 'action': 'play', 'loops': -1, 'repeat': 'True', 'hold': False, 'priority': 0, 'blend': False, 'step_num': 0, 'speed': 2.5}, 'concert3': {'leds': 'l_bottom_pop', 'action': 'play', 'loops': -1, 'repeat': 'True', 'hold': False, 'priority': 0, 'blend': False, 'step_num': 0, 'speed': 2.5}, 'concert2': {'leds': 'l_right_pop', 'action': 'play', 'loops': -1, 'repeat': 'True', 'hold': False, 'priority': 0, 'blend': False, 'step_num': 0, 'speed': 2.5}, 'gi_on': {'action': 'play', 'loops': -1, 'led_tags': 'gi', 'hold': False, 'priority': 0, 'blend': False, 'repeat': 'True', 'step_num': 0, 'speed': 1.0}, 'new_flash': {'leds': 'l_wizard_shot, l_advance_wizard, l_north_america, l_music_award', 'action': 'play', 'loops': -1, 'repeat': 'True', 'hold': False, 'priority': 0, 'blend': False, 'step_num': 0, 'speed': 2.0}}}}
2016-03-13 22:46:22,823 : DEBUG : Events : ConfigPlayer._initialize (priority: 1) responding to event 'init_phase_1' with args {}
2016-03-13 22:46:22,823 : DEBUG : Events : ConfigPlayer._initialize (priority: 1) responding to event 'init_phase_1' with args {}
2016-03-13 22:46:22,823 : DEBUG : Events : ConfigPlayer._initialize (priority: 1) responding to event 'init_phase_1' with args {}
2016-03-13 22:46:22,823 : DEBUG : Events : ConfigPlayer._initialize (priority: 1) responding to event 'init_phase_1' with args {}
2016-03-13 22:46:22,823 : DEBUG : Events : ConfigPlayer._initialize (priority: 1) responding to event 'init_phase_1' with args {}
2016-03-13 22:46:22,823 : DEBUG : Events : ConfigPlayer._initialize (priority: 1) responding to event 'init_phase_1' with args {}
2016-03-13 22:46:22,823 : DEBUG : Events : ConfigPlayer._initialize (priority: 1) responding to event 'init_phase_1' with args {}
2016-03-13 22:46:22,823 : DEBUG : Events : ConfigPlayer._initialize (priority: 1) responding to event 'init_phase_1' with args {}
2016-03-13 22:46:22,823 : DEBUG : Events : ConfigPlayer._initialize (priority: 1) responding to event 'init_phase_1' with args {}
2016-03-13 22:46:22,824 : DEBUG : Events : vvvv Finished event 'init_phase_1'. Type: None. Callback: None. Args: {}
2016-03-13 22:46:22,824 : DEBUG : Events : ^^^^ Processing event 'drop_targets_up'. Type: None, Callback: None, Args: {}
2016-03-13 22:46:22,824 : DEBUG : Events : vvvv Finished event 'drop_targets_up'. Type: None. Callback: None. Args: {}
2016-03-13 22:46:22,824 : DEBUG : Events : ^^^^ Posted event 'init_phase_2'. Type: None, Callback: None, Args: {}
2016-03-13 22:46:22,824 : DEBUG : Events : ============== EVENTS QUEUE =============
2016-03-13 22:46:22,824 : DEBUG : Events : init_phase_2, None, None, {}
2016-03-13 22:46:22,824 : DEBUG : Events : =========================================
2016-03-13 22:46:22,824 : DEBUG : Events : ^^^^ Processing event 'init_phase_2'. Type: None, Callback: None, Args: {}
2016-03-13 22:46:22,824 : DEBUG : Events : SwitchController._initialize_switches (priority: 1000) responding to event 'init_phase_2' with args {}
