2016-03-26 19:38:43,114 : INFO : Machine : Mission Pinball Framework v0.30.0.dev801
2016-03-26 19:38:43,115 : INFO : Machine : Loading config from original files
2016-03-26 19:38:43,215 : INFO : Machine : Machine config file #1: /Users/gabe/Dropbox/Pinball/Gabe/bnd/config/config
2016-03-26 19:38:43,386 : INFO : Machine : Config file cache created: /Users/gabe/Dropbox/Pinball/Gabe/bnd/__mpfcache__/config_config.p
2016-03-26 19:38:43,392 : INFO : FAST : Configuring FAST hardware.
2016-03-26 19:38:43,392 : INFO : Machine : Loading core modules...
2016-03-26 19:38:43,689 : INFO : FAST : Configuring FAST Controller for FAST IO boards.
2016-03-26 19:38:43,690 : INFO : FAST : Connecting to /dev/tty.usbserial-141C at 921600bps
2016-03-26 19:38:45,207 : INFO : FAST : Received ID acknowledgement. Processor: RGB, Board: FP-CPU-002-2, Firmware: 01.00
2016-03-26 19:38:45,209 : INFO : FAST : Connecting to /dev/tty.usbserial-141B at 921600bps
2016-03-26 19:38:46,726 : INFO : FAST : Received ID acknowledgement. Processor: NET, Board: FP-CPU-002-2, Firmware: 01.00
2016-03-26 19:38:46,742 : INFO : FAST : Fast IO Board 00: Model: FP-I/O-3208-2, Firmware: 01.00, Switches: 32, Drivers: 8
2016-03-26 19:38:46,758 : INFO : FAST : Fast IO Board 01: Model: FP-I/O-3208-2, Firmware: 01.00, Switches: 32, Drivers: 8
2016-03-26 19:38:46,774 : INFO : FAST : Fast IO Board 02: Model: FP-I/O-1616-2, Firmware: 01.00, Switches: 16, Drivers: 16
2016-03-26 19:38:46,859 : INFO : DeviceManager : Loading devices...
2016-03-26 19:38:46,911 : INFO : FAST : Received SA: 01,00,0B,00002400002D0000020100
2016-03-26 19:38:46,925 : WARNING : BCPClientSocket.local_display : Failed to connect to remote BCP host localhost:5050. Error: [Errno 61] Connection refused
2016-03-26 19:38:46,926 : WARNING : BCPClientSocket.local_display : Failed to connect to remote BCP host localhost:5050. Error: [Errno 61] Connection refused
2016-03-26 19:38:46,926 : INFO : Machine : Loading plugins...
2016-03-26 19:38:46,958 : WARNING : BCPClientSocket.local_display : Failed to connect to remote BCP host localhost:5050. Error: [Errno 61] Connection refused
2016-03-26 19:38:46,958 : INFO : SwitchController : Dumping current active switches
2016-03-26 19:38:46,958 : INFO : SwitchController : Active Switch|s_troughenter
2016-03-26 19:38:46,959 : INFO : SwitchController : Active Switch|s_drain
2016-03-26 19:38:46,959 : INFO : SwitchController : Active Switch|s_droptarget2
2016-03-26 19:38:46,959 : INFO : FAST : Received SA: 01,00,0B,00002400002D0000020100
2016-03-26 19:38:46,960 : INFO : Mode.attract : Mode Starting. Priority: 10
2016-03-26 19:38:46,962 : WARNING : BCPClientSocket.local_display : Failed to connect to remote BCP host localhost:5050. Error: [Errno 61] Connection refused
2016-03-26 19:38:46,962 : INFO : Mode Controller : +=========== ACTIVE MODES ============+
2016-03-26 19:38:46,962 : INFO : Mode Controller : | attract : 10                        |
2016-03-26 19:38:46,962 : INFO : Mode Controller : +-------------------------------------+
2016-03-26 19:38:47,948 : INFO : SwitchController : <<<<< switch: s_start, State:1 >>>>>
2016-03-26 19:38:48,170 : INFO : SwitchController : <<<<< switch: s_start, State:0 >>>>>
2016-03-26 19:38:48,171 : INFO : Mode.game : Mode Starting. Priority: 20
2016-03-26 19:38:48,172 : INFO : Mode Controller : +=========== ACTIVE MODES ============+
2016-03-26 19:38:48,172 : INFO : Mode Controller : +-------------------------------------+
2016-03-26 19:38:48,173 : INFO : Mode Controller : +=========== ACTIVE MODES ============+
2016-03-26 19:38:48,173 : INFO : Mode Controller : | game : 20                           |
2016-03-26 19:38:48,173 : INFO : Mode Controller : +-------------------------------------+
2016-03-26 19:38:48,174 : INFO : Mode.game : Player added successfully. Total players: 1
2016-03-26 19:38:48,175 : INFO : Mode.game : ***************************************************
2016-03-26 19:38:48,175 : INFO : Mode.game : ****************** BALL STARTING ******************
2016-03-26 19:38:48,175 : INFO : Mode.game : **                                               **
2016-03-26 19:38:48,176 : INFO : Mode.game : **    Player: 1    Ball: 1   Score: 0            **
2016-03-26 19:38:48,176 : INFO : Mode.game : **                                               **
2016-03-26 19:38:48,176 : INFO : Mode.game : ***************************************************
2016-03-26 19:38:48,176 : INFO : Mode.game : ***************************************************
2016-03-26 19:38:49,034 : INFO : SwitchController : <<<<< switch: s_plungerlane, State:1 >>>>>
2016-03-26 19:38:49,188 : WARNING : FAST : Received unknown serial command? TN:P. (This is ok to ignore for now while the FAST platform is in development)
2016-03-26 19:38:49,573 : INFO : SwitchController : <<<<< switch: s_troughenter, State:0 >>>>>
2016-03-26 19:38:49,643 : INFO : SwitchController : <<<<< switch: s_drain, State:0 >>>>>
2016-03-26 19:38:49,797 : INFO : SwitchController : <<<<< switch: s_troughenter, State:1 >>>>>
2016-03-26 19:38:50,733 : INFO : SwitchController : <<<<< switch: s_plungerlane, State:0 >>>>>
2016-03-26 19:38:51,274 : INFO : SwitchController : <<<<< switch: s_rightrampopto, State:1 >>>>>
2016-03-26 19:38:51,316 : INFO : SwitchController : <<<<< switch: s_rightrampopto, State:0 >>>>>
2016-03-26 19:38:51,786 : INFO : SwitchController : <<<<< switch: s_leftflipper, State:1 >>>>>
2016-03-26 19:38:51,901 : INFO : SwitchController : <<<<< switch: s_leftflipper, State:0 >>>>>
2016-03-26 19:38:52,403 : INFO : SwitchController : <<<<< switch: s_leftflipper, State:1 >>>>>
2016-03-26 19:38:52,647 : INFO : SwitchController : <<<<< switch: s_leftflipper, State:0 >>>>>
2016-03-26 19:38:53,714 : INFO : SwitchController : <<<<< switch: s_topkicker, State:1 >>>>>
2016-03-26 19:38:53,964 : INFO : SwitchController : <<<<< switch: s_rightupperflipper, State:1 >>>>>
2016-03-26 19:38:53,965 : INFO : SwitchController : <<<<< switch: s_rightflipper, State:1 >>>>>
2016-03-26 19:38:54,281 : INFO : SwitchController : <<<<< switch: s_topkicker, State:0 >>>>>
2016-03-26 19:38:54,384 : INFO : SwitchController : <<<<< switch: s_rightupperflipper, State:0 >>>>>
2016-03-26 19:38:54,384 : INFO : SwitchController : <<<<< switch: s_rightflipper, State:0 >>>>>
2016-03-26 19:38:54,908 : INFO : SwitchController : <<<<< switch: s_rightupperflipper, State:1 >>>>>
2016-03-26 19:38:54,909 : INFO : SwitchController : <<<<< switch: s_rightflipper, State:1 >>>>>
2016-03-26 19:38:55,240 : INFO : SwitchController : <<<<< switch: s_rightupperflipper, State:0 >>>>>
2016-03-26 19:38:55,240 : INFO : SwitchController : <<<<< switch: s_rightflipper, State:0 >>>>>
2016-03-26 19:38:55,412 : INFO : SwitchController : <<<<< switch: s_leftlane, State:1 >>>>>
2016-03-26 19:38:55,469 : INFO : SwitchController : <<<<< switch: s_leftlane, State:0 >>>>>
2016-03-26 19:38:57,725 : INFO : SwitchController : <<<<< switch: s_rightupperflipper, State:1 >>>>>
2016-03-26 19:38:57,725 : INFO : SwitchController : <<<<< switch: s_rightflipper, State:1 >>>>>
2016-03-26 19:38:57,907 : INFO : SwitchController : <<<<< switch: s_rightupperflipper, State:0 >>>>>
2016-03-26 19:38:57,907 : INFO : SwitchController : <<<<< switch: s_rightflipper, State:0 >>>>>
2016-03-26 19:38:58,594 : INFO : SwitchController : <<<<< switch: s_subwayopto, State:1 >>>>>
2016-03-26 19:38:58,652 : INFO : SwitchController : <<<<< switch: s_subwayopto, State:0 >>>>>
2016-03-26 19:38:59,153 : INFO : SwitchController : <<<<< switch: s_lowervukopto, State:1 >>>>>
2016-03-26 19:38:59,881 : INFO : SwitchController : <<<<< switch: s_lowervukopto, State:0 >>>>>
2016-03-26 19:39:00,301 : INFO : SwitchController : <<<<< switch: s_rightupperflipper, State:1 >>>>>
2016-03-26 19:39:00,301 : INFO : SwitchController : <<<<< switch: s_rightflipper, State:1 >>>>>
2016-03-26 19:39:00,358 : INFO : SwitchController : <<<<< switch: s_rightupperflipper, State:0 >>>>>
2016-03-26 19:39:00,359 : INFO : SwitchController : <<<<< switch: s_rightflipper, State:0 >>>>>
2016-03-26 19:39:01,604 : INFO : SwitchController : <<<<< switch: s_leftoutlane, State:1 >>>>>
2016-03-26 19:39:01,658 : INFO : SwitchController : <<<<< switch: s_leftoutlane, State:0 >>>>>
2016-03-26 19:39:03,742 : INFO : SwitchController : <<<<< switch: s_leftflipper, State:1 >>>>>
2016-03-26 19:39:03,906 : INFO : SwitchController : <<<<< switch: s_leftflipper, State:0 >>>>>
2016-03-26 19:39:04,517 : INFO : SwitchController : <<<<< switch: s_lowervukopto, State:1 >>>>>
2016-03-26 19:39:09,892 : INFO : SwitchController : <<<<< switch: s_lowervukopto, State:0 >>>>>
2016-03-26 19:39:10,319 : INFO : SwitchController : <<<<< switch: s_rightupperflipper, State:1 >>>>>
2016-03-26 19:39:10,320 : INFO : SwitchController : <<<<< switch: s_rightflipper, State:1 >>>>>
2016-03-26 19:39:10,406 : INFO : SwitchController : <<<<< switch: s_rightupperflipper, State:0 >>>>>
2016-03-26 19:39:10,407 : INFO : SwitchController : <<<<< switch: s_rightflipper, State:0 >>>>>
2016-03-26 19:39:10,705 : INFO : SwitchController : <<<<< switch: s_rightrampopto, State:1 >>>>>
2016-03-26 19:39:10,718 : INFO : SwitchController : <<<<< switch: s_rightrampopto, State:0 >>>>>
2016-03-26 19:39:11,416 : INFO : SwitchController : <<<<< switch: s_leftrampopto, State:1 >>>>>
2016-03-26 19:39:11,458 : INFO : SwitchController : <<<<< switch: s_leftrampopto, State:0 >>>>>
2016-03-26 19:39:13,229 : INFO : SwitchController : <<<<< switch: s_leftflipper, State:1 >>>>>
2016-03-26 19:39:13,424 : INFO : SwitchController : <<<<< switch: s_leftflipper, State:0 >>>>>
2016-03-26 19:39:14,985 : INFO : SwitchController : <<<<< switch: s_rightoutlane, State:1 >>>>>
2016-03-26 19:39:15,037 : INFO : SwitchController : <<<<< switch: s_rightoutlane, State:0 >>>>>
2016-03-26 19:39:17,001 : INFO : SwitchController : <<<<< switch: s_drain, State:1 >>>>>
2016-03-26 19:39:17,507 : INFO : Mode.game : ***************************************************
2016-03-26 19:39:17,508 : INFO : Mode.game : ****************** BALL STARTING ******************
2016-03-26 19:39:17,508 : INFO : Mode.game : **                                               **
2016-03-26 19:39:17,508 : INFO : Mode.game : **    Player: 1    Ball: 2   Score: 0            **
2016-03-26 19:39:17,508 : INFO : Mode.game : **                                               **
2016-03-26 19:39:17,509 : INFO : Mode.game : ***************************************************
2016-03-26 19:39:17,509 : INFO : Mode.game : ***************************************************
2016-03-26 19:39:18,431 : INFO : SwitchController : <<<<< switch: s_plungerlane, State:1 >>>>>
2016-03-26 19:39:18,545 : WARNING : FAST : Received unknown serial command? TN:P. (This is ok to ignore for now while the FAST platform is in development)
2016-03-26 19:39:18,927 : INFO : SwitchController : <<<<< switch: s_troughenter, State:0 >>>>>
2016-03-26 19:39:19,039 : INFO : SwitchController : <<<<< switch: s_drain, State:0 >>>>>
2016-03-26 19:39:19,191 : INFO : SwitchController : <<<<< switch: s_troughenter, State:1 >>>>>
2016-03-26 19:39:20,685 : INFO : SwitchController : <<<<< switch: s_plungerlane, State:0 >>>>>
2016-03-26 19:39:22,621 : INFO : SwitchController : <<<<< switch: s_leftsling, State:1 >>>>>
2016-03-26 19:39:22,635 : INFO : SwitchController : <<<<< switch: s_leftsling, State:0 >>>>>
2016-03-26 19:39:25,238 : INFO : SwitchController : <<<<< switch: s_leftflipper, State:1 >>>>>
2016-03-26 19:39:25,443 : INFO : SwitchController : <<<<< switch: s_leftflipper, State:0 >>>>>
2016-03-26 19:39:27,297 : INFO : SwitchController : <<<<< switch: s_rightupperflipper, State:1 >>>>>
2016-03-26 19:39:27,297 : INFO : SwitchController : <<<<< switch: s_rightflipper, State:1 >>>>>
2016-03-26 19:39:27,401 : INFO : SwitchController : <<<<< switch: s_rightupperflipper, State:0 >>>>>
2016-03-26 19:39:27,402 : INFO : SwitchController : <<<<< switch: s_rightflipper, State:0 >>>>>
2016-03-26 19:39:28,786 : INFO : SwitchController : <<<<< switch: s_leftsling, State:1 >>>>>
2016-03-26 19:39:28,800 : INFO : SwitchController : <<<<< switch: s_leftsling, State:0 >>>>>
2016-03-26 19:39:29,304 : INFO : SwitchController : <<<<< switch: s_rightsling, State:1 >>>>>
2016-03-26 19:39:29,318 : INFO : SwitchController : <<<<< switch: s_rightsling, State:0 >>>>>
2016-03-26 19:39:31,094 : INFO : SwitchController : <<<<< switch: s_rightupperflipper, State:1 >>>>>
2016-03-26 19:39:31,095 : INFO : SwitchController : <<<<< switch: s_rightflipper, State:1 >>>>>
2016-03-26 19:39:31,120 : INFO : SwitchController : <<<<< switch: s_rightupperflipper, State:0 >>>>>
2016-03-26 19:39:31,121 : INFO : SwitchController : <<<<< switch: s_rightflipper, State:0 >>>>>
2016-03-26 19:39:31,134 : INFO : SwitchController : <<<<< switch: s_rightupperflipper, State:1 >>>>>
2016-03-26 19:39:31,135 : INFO : SwitchController : <<<<< switch: s_rightflipper, State:1 >>>>>
2016-03-26 19:39:31,398 : INFO : SwitchController : <<<<< switch: s_rightupperflipper, State:0 >>>>>
2016-03-26 19:39:31,399 : INFO : SwitchController : <<<<< switch: s_rightflipper, State:0 >>>>>
2016-03-26 19:39:32,495 : INFO : SwitchController : <<<<< switch: s_leftflipper, State:1 >>>>>
2016-03-26 19:39:32,875 : INFO : SwitchController : <<<<< switch: s_leftflipper, State:0 >>>>>
2016-03-26 19:39:33,949 : INFO : SwitchController : <<<<< switch: s_leftflipper, State:1 >>>>>
2016-03-26 19:39:34,172 : INFO : SwitchController : <<<<< switch: s_leftflipper, State:0 >>>>>
2016-03-26 19:39:34,657 : INFO : SwitchController : <<<<< switch: s_rightupperflipper, State:1 >>>>>
2016-03-26 19:39:34,657 : INFO : SwitchController : <<<<< switch: s_rightflipper, State:1 >>>>>
2016-03-26 19:39:34,727 : INFO : SwitchController : <<<<< switch: s_rightupperflipper, State:0 >>>>>
2016-03-26 19:39:34,727 : INFO : SwitchController : <<<<< switch: s_rightflipper, State:0 >>>>>
2016-03-26 19:39:35,253 : INFO : SwitchController : <<<<< switch: s_droptarget1, State:1 >>>>>
2016-03-26 19:39:36,766 : INFO : SwitchController : <<<<< switch: s_leftflipper, State:1 >>>>>
2016-03-26 19:39:36,890 : INFO : SwitchController : <<<<< switch: s_leftflipper, State:0 >>>>>
2016-03-26 19:39:37,336 : INFO : SwitchController : <<<<< switch: s_leftinlane, State:1 >>>>>
2016-03-26 19:39:37,780 : INFO : SwitchController : <<<<< switch: s_leftinlane, State:0 >>>>>
2016-03-26 19:39:38,525 : INFO : SwitchController : <<<<< switch: s_leftflipper, State:1 >>>>>
2016-03-26 19:39:38,752 : INFO : SwitchController : <<<<< switch: s_leftflipper, State:0 >>>>>
2016-03-26 19:39:41,623 : INFO : SwitchController : <<<<< switch: s_leftflipper, State:1 >>>>>
2016-03-26 19:39:41,815 : INFO : SwitchController : <<<<< switch: s_leftflipper, State:0 >>>>>
2016-03-26 19:39:45,025 : INFO : SwitchController : <<<<< switch: s_rightupperflipper, State:1 >>>>>
2016-03-26 19:39:45,026 : INFO : SwitchController : <<<<< switch: s_rightflipper, State:1 >>>>>
2016-03-26 19:39:45,150 : INFO : SwitchController : <<<<< switch: s_rightupperflipper, State:0 >>>>>
2016-03-26 19:39:45,151 : INFO : SwitchController : <<<<< switch: s_rightflipper, State:0 >>>>>
2016-03-26 19:39:47,359 : INFO : SwitchController : <<<<< switch: s_leftflipper, State:1 >>>>>
2016-03-26 19:39:47,515 : INFO : SwitchController : <<<<< switch: s_leftflipper, State:0 >>>>>
2016-03-26 19:39:48,052 : INFO : SwitchController : <<<<< switch: s_droptarget5, State:1 >>>>>
2016-03-26 19:39:48,498 : INFO : SwitchController : <<<<< switch: s_rightupperflipper, State:1 >>>>>
2016-03-26 19:39:48,498 : INFO : SwitchController : <<<<< switch: s_rightflipper, State:1 >>>>>
2016-03-26 19:39:48,654 : INFO : SwitchController : <<<<< switch: s_rightupperflipper, State:0 >>>>>
2016-03-26 19:39:48,655 : INFO : SwitchController : <<<<< switch: s_rightflipper, State:0 >>>>>
2016-03-26 19:39:48,920 : INFO : SwitchController : <<<<< switch: s_rightupperflipper, State:1 >>>>>
2016-03-26 19:39:48,920 : INFO : SwitchController : <<<<< switch: s_rightflipper, State:1 >>>>>
2016-03-26 19:39:49,076 : INFO : SwitchController : <<<<< switch: s_rightupperflipper, State:0 >>>>>
2016-03-26 19:39:49,076 : INFO : SwitchController : <<<<< switch: s_rightflipper, State:0 >>>>>
2016-03-26 19:39:50,183 : INFO : SwitchController : <<<<< switch: s_leftoutlane, State:1 >>>>>
2016-03-26 19:39:50,226 : INFO : SwitchController : <<<<< switch: s_leftoutlane, State:0 >>>>>
2016-03-26 19:39:55,292 : INFO : SwitchController : <<<<< switch: s_lowervukopto, State:1 >>>>>
2016-03-26 19:39:55,322 : INFO : SwitchController : <<<<< switch: s_lowervukopto, State:0 >>>>>
2016-03-26 19:39:55,336 : INFO : SwitchController : <<<<< switch: s_lowervukopto, State:1 >>>>>
2016-03-26 19:39:56,065 : INFO : SwitchController : <<<<< switch: s_lowervukopto, State:0 >>>>>
2016-03-26 19:39:57,146 : INFO : SwitchController : <<<<< switch: s_droptarget4, State:1 >>>>>
2016-03-26 19:39:57,160 : INFO : SwitchController : <<<<< switch: s_droptarget4, State:0 >>>>>
2016-03-26 19:39:57,173 : INFO : SwitchController : <<<<< switch: s_droptarget4, State:1 >>>>>
2016-03-26 19:39:57,174 : INFO : SwitchController : <<<<< switch: s_droptarget3, State:1 >>>>>
2016-03-26 19:40:00,731 : INFO : SwitchController : <<<<< switch: s_leftsling, State:1 >>>>>
2016-03-26 19:40:00,762 : INFO : SwitchController : <<<<< switch: s_leftsling, State:0 >>>>>
2016-03-26 19:40:03,366 : INFO : SwitchController : <<<<< switch: s_spinner, State:1 >>>>>
2016-03-26 19:40:03,424 : INFO : SwitchController : <<<<< switch: s_spinner, State:0 >>>>>
2016-03-26 19:40:03,466 : INFO : SwitchController : <<<<< switch: s_spinner, State:1 >>>>>
2016-03-26 19:40:03,511 : INFO : SwitchController : <<<<< switch: s_spinner, State:0 >>>>>
2016-03-26 19:40:03,564 : INFO : SwitchController : <<<<< switch: s_spinner, State:1 >>>>>
2016-03-26 19:40:03,604 : INFO : SwitchController : <<<<< switch: s_spinner, State:0 >>>>>
2016-03-26 19:40:03,674 : INFO : SwitchController : <<<<< switch: s_spinner, State:1 >>>>>
2016-03-26 19:40:03,719 : INFO : SwitchController : <<<<< switch: s_spinner, State:0 >>>>>
2016-03-26 19:40:03,800 : INFO : SwitchController : <<<<< switch: s_spinner, State:1 >>>>>
2016-03-26 19:40:03,881 : INFO : SwitchController : <<<<< switch: s_spinner, State:0 >>>>>
2016-03-26 19:40:03,980 : INFO : SwitchController : <<<<< switch: s_spinner, State:1 >>>>>
2016-03-26 19:40:04,105 : INFO : SwitchController : <<<<< switch: s_toprightvuk, State:1 >>>>>
2016-03-26 19:40:04,187 : INFO : SwitchController : <<<<< switch: s_spinner, State:0 >>>>>
2016-03-26 19:40:04,662 : INFO : SwitchController : <<<<< switch: s_toprightvuk, State:0 >>>>>
2016-03-26 19:40:16,229 : INFO : SwitchController : <<<<< switch: s_topkickingtarget, State:1 >>>>>
2016-03-26 19:40:16,258 : INFO : SwitchController : <<<<< switch: s_topkickingtarget, State:0 >>>>>
2016-03-26 19:40:18,635 : INFO : SwitchController : <<<<< switch: s_leftorbit, State:1 >>>>>
2016-03-26 19:40:18,666 : INFO : SwitchController : <<<<< switch: s_leftorbit, State:0 >>>>>
2016-03-26 19:40:19,886 : INFO : SwitchController : <<<<< switch: s_leftorbit, State:1 >>>>>
2016-03-26 19:40:19,915 : INFO : SwitchController : <<<<< switch: s_leftorbit, State:0 >>>>>
2016-03-26 19:40:21,738 : INFO : SwitchController : <<<<< switch: s_bottomkickingtarget, State:1 >>>>>
2016-03-26 19:40:21,754 : INFO : SwitchController : <<<<< switch: s_bottomkickingtarget, State:0 >>>>>
2016-03-26 19:40:23,507 : INFO : SwitchController : <<<<< switch: s_leftorbit, State:1 >>>>>
2016-03-26 19:40:23,521 : INFO : SwitchController : <<<<< switch: s_leftorbit, State:0 >>>>>
2016-03-26 19:40:24,696 : INFO : SwitchController : <<<<< switch: s_leftorbit, State:1 >>>>>
2016-03-26 19:40:24,726 : INFO : SwitchController : <<<<< switch: s_leftorbit, State:0 >>>>>
2016-03-26 19:40:26,326 : INFO : SwitchController : <<<<< switch: s_bottomkickingtarget, State:1 >>>>>
2016-03-26 19:40:26,340 : INFO : SwitchController : <<<<< switch: s_bottomkickingtarget, State:0 >>>>>
2016-03-26 19:40:28,596 : INFO : SwitchController : <<<<< switch: s_topkickingtarget, State:1 >>>>>
2016-03-26 19:40:28,610 : INFO : SwitchController : <<<<< switch: s_topkickingtarget, State:0 >>>>>
2016-03-26 19:40:31,590 : INFO : SwitchController : <<<<< switch: s_leftsling, State:1 >>>>>
2016-03-26 19:40:31,616 : INFO : SwitchController : <<<<< switch: s_leftsling, State:0 >>>>>
2016-03-26 19:40:39,461 : INFO : SwitchController : <<<<< switch: s_bottomkickingtarget, State:1 >>>>>
2016-03-26 19:40:39,942 : INFO : SwitchController : <<<<< switch: s_bottomkickingtarget, State:0 >>>>>
2016-03-26 19:40:40,248 : INFO : SwitchController : <<<<< switch: s_bottomkickingtarget, State:1 >>>>>
2016-03-26 19:40:40,528 : INFO : SwitchController : <<<<< switch: s_bottomkickingtarget, State:0 >>>>>
2016-03-26 19:40:41,359 : INFO : SwitchController : <<<<< switch: s_topkickingtarget, State:1 >>>>>
2016-03-26 19:40:41,517 : INFO : SwitchController : <<<<< switch: s_topkickingtarget, State:0 >>>>>
2016-03-26 19:40:41,798 : INFO : SwitchController : <<<<< switch: s_topkickingtarget, State:1 >>>>>
2016-03-26 19:40:41,972 : INFO : SwitchController : <<<<< switch: s_topkickingtarget, State:0 >>>>>
2016-03-26 19:40:51,395 : INFO : Machine : Actual MPF loop rate: 69.96 Hz
2016-03-26 19:40:51,396 : INFO : root : MPF run loop ended.
