2016-06-17 19:38:23,956 : INFO : kivy : Factory: 179 symbols loaded
2016-06-17 19:38:24,043 : INFO : kivy : Image: Providers: img_tex, img_imageio, img_dds, img_gif, img_sdl2 (img_pil, img_ffpyplayer ignored)
2016-06-17 19:38:24,174 : INFO : kivy : VideoGstplayer: Using Gstreamer 1.4.5.0
2016-06-17 19:38:24,174 : INFO : kivy : Video: Provider: gstplayer
2016-06-17 19:38:24,188 : INFO : kivy : Loading MPF-MC controller
2016-06-17 19:38:24,188 : INFO : mpfmc : Mission Pinball Framework Media Controller v0.30.0.dev496
2016-06-17 19:38:24,188 : INFO : mpfmc : Machine path: /Users/gabe/Dropbox/Pinball/Gabe/bnd
2016-06-17 19:38:24,188 : INFO : mpfmc : Starting clock at 60.0Hz
2016-06-17 19:38:24,193 : INFO : kivy : Text: Provider: sdl2
2016-06-17 19:38:24,410 : INFO : kivy : OSC: using <multiprocessing> for socket
2016-06-17 19:38:24,412 : INFO : kivy : Window: Provider: sdl2
2016-06-17 19:38:24,523 : INFO : kivy : GL: OpenGL version <b'2.1 INTEL-10.8.77'>
2016-06-17 19:38:24,523 : INFO : kivy : GL: OpenGL vendor <b'Intel Inc.'>
2016-06-17 19:38:24,523 : INFO : kivy : GL: OpenGL renderer <b'Intel(R) Iris(TM) Graphics 6100'>
2016-06-17 19:38:24,523 : INFO : kivy : GL: OpenGL parsed version: 2, 1
2016-06-17 19:38:24,523 : INFO : kivy : GL: Shading version <b'1.20'>
2016-06-17 19:38:24,524 : INFO : kivy : GL: Texture max size <16384>
2016-06-17 19:38:24,524 : INFO : kivy : GL: Texture max units <16>
2016-06-17 19:38:24,537 : INFO : kivy : Window: auto add sdl2 input provider
2016-06-17 19:38:24,537 : INFO : kivy : Window: virtual keyboard not allowed, single mode, not docked
2016-06-17 19:38:24,540 : INFO : SoundSystem : SoundSystem: Using default 'sound_system' settings
2016-06-17 19:38:24,569 : INFO : AudioInterface : Initialized 0.30.0-dev16
2016-06-17 19:38:24,574 : INFO : kivy : Base: Start application main loop
2016-06-17 19:38:24,668 : INFO : kivy : Base: Leaving application in progress...
2016-06-17 19:38:24,668 : ERROR : kivy : 'dmd'
Traceback (most recent call last):
  File "/Applications/MPF.app/Contents/Frameworks/python/3.5.0/lib/python3.5/site-packages/mpfmc/commands/mc.py", line 149, in __init__
    machine_path=machine_path).run()
  File "/Applications/MPF.app/Contents/Resources/kivy/kivy/app.py", line 828, in run
    runTouchApp()
  File "/Applications/MPF.app/Contents/Resources/kivy/kivy/base.py", line 487, in runTouchApp
    EventLoop.window.mainloop()
  File "/Applications/MPF.app/Contents/Resources/kivy/kivy/core/window/window_sdl2.py", line 619, in mainloop
    self._mainloop()
  File "/Applications/MPF.app/Contents/Resources/kivy/kivy/core/window/window_sdl2.py", line 362, in _mainloop
    EventLoop.idle()
  File "/Applications/MPF.app/Contents/Resources/kivy/kivy/base.py", line 327, in idle
    Clock.tick()
  File "/Applications/MPF.app/Contents/Resources/kivy/kivy/clock.py", line 515, in tick
    self._process_events()
  File "/Applications/MPF.app/Contents/Resources/kivy/kivy/clock.py", line 647, in _process_events
    event.tick(self._last_tick, remove)
  File "/Applications/MPF.app/Contents/Resources/kivy/kivy/clock.py", line 406, in tick
    ret = callback(self._dt)
  File "/Applications/MPF.app/Contents/Frameworks/python/3.5.0/lib/python3.5/site-packages/mpfmc/uix/display.py", line 122, in _displays_initialized
    self.mc.displays_initialized()
  File "/Applications/MPF.app/Contents/Frameworks/python/3.5.0/lib/python3.5/site-packages/mpfmc/core/mc.py", line 199, in displays_initialized
    self._init()
  File "/Applications/MPF.app/Contents/Frameworks/python/3.5.0/lib/python3.5/site-packages/mpfmc/core/mc.py", line 235, in _init
    self.events.process_event_queue()
  File "/Applications/MPF.app/Contents/Frameworks/python/3.5.0/lib/python3.5/site-packages/mpf/core/events.py", line 481, in process_event_queue
    **event[3])
  File "/Applications/MPF.app/Contents/Frameworks/python/3.5.0/lib/python3.5/site-packages/mpf/core/events.py", line 416, in _process_event
    result = handler[0](**merged_kwargs)
  File "/Applications/MPF.app/Contents/Frameworks/python/3.5.0/lib/python3.5/site-packages/mpf/core/config_player.py", line 257, in config_play_callback
    self.play(settings=settings, context=context, priority=priority, **kwargs)
  File "/Applications/MPF.app/Contents/Frameworks/python/3.5.0/lib/python3.5/site-packages/mpfmc/config_players/slide_player.py", line 133, in play
    target.show_slide(slide_name=slide, key=full_context, **s)
  File "/Applications/MPF.app/Contents/Frameworks/python/3.5.0/lib/python3.5/site-packages/mpfmc/uix/slide_frame.py", line 185, in show_slide
    play_kwargs=play_kwargs)
  File "/Applications/MPF.app/Contents/Frameworks/python/3.5.0/lib/python3.5/site-packages/mpfmc/uix/slide_frame.py", line 167, in add_slide
    play_kwargs=play_kwargs)
  File "/Applications/MPF.app/Contents/Frameworks/python/3.5.0/lib/python3.5/site-packages/mpfmc/uix/slide.py", line 58, in __init__
    play_kwargs=play_kwargs)
  File "/Applications/MPF.app/Contents/Frameworks/python/3.5.0/lib/python3.5/site-packages/mpfmc/uix/slide.py", line 114, in add_widgets_from_config
    mc=self.mc, config=widget, slide=self, key=this_key)
  File "/Applications/MPF.app/Contents/Frameworks/python/3.5.0/lib/python3.5/site-packages/mpfmc/widgets/dmd.py", line 16, in __init__
    self.source = self.mc.displays[self.config['source_display']]
  File "/Applications/MPF.app/Contents/Frameworks/python/3.5.0/lib/python3.5/site-packages/mpf/core/case_insensitive_dict.py", line 14, in __getitem__
    return super().__getitem__(self.__class__.lower(key))
KeyError: 'dmd'
2016-06-17 19:38:24,673 : INFO : kivy : Stopping child threads... (1 remaining)
