2016-03-25 23:02:11,238 : INFO : Machine : Mission Pinball Framework v0.30.0.dev801
2016-03-25 23:02:11,238 : INFO : Machine : Loading cached config: /Users/gabe/Dropbox/Pinball/Gabe/bnd/__mpfcache__/config_config.p
2016-03-25 23:02:11,260 : INFO : FAST : Configuring FAST hardware.
2016-03-25 23:02:11,261 : INFO : Machine : Loading core modules...
2016-03-25 23:02:11,464 : INFO : FAST : Configuring FAST Controller for FAST IO boards.
2016-03-25 23:02:11,464 : INFO : FAST : Connecting to /dev/tty.usbserial-141C at 921600bps
2016-03-25 23:02:12,981 : INFO : FAST : Received ID acknowledgement. Processor: RGB, Board: FP-CPU-002-2, Firmware: 01.00
2016-03-25 23:02:12,982 : INFO : FAST : Connecting to /dev/tty.usbserial-141B at 921600bps
2016-03-25 23:02:14,499 : INFO : FAST : Received ID acknowledgement. Processor: NET, Board: FP-CPU-002-2, Firmware: 01.00
2016-03-25 23:02:14,515 : INFO : FAST : Fast IO Board 00: Model: FP-I/O-3208-2, Firmware: 01.00, Switches: 32, Drivers: 8
2016-03-25 23:02:14,531 : INFO : FAST : Fast IO Board 01: Model: FP-I/O-3208-2, Firmware: 01.00, Switches: 32, Drivers: 8
2016-03-25 23:02:14,547 : INFO : FAST : Fast IO Board 02: Model: FP-I/O-1616-2, Firmware: 01.00, Switches: 16, Drivers: 16
2016-03-25 23:02:14,633 : INFO : DeviceManager : Loading devices...
2016-03-25 23:02:14,691 : INFO : FAST : Received SA: 01,00,0B,00002400002D0000020100
2016-03-25 23:02:14,707 : WARNING : BCPClientSocket.local_display : Failed to connect to remote BCP host localhost:5050. Error: [Errno 61] Connection refused
2016-03-25 23:02:14,708 : WARNING : BCPClientSocket.local_display : Failed to connect to remote BCP host localhost:5050. Error: [Errno 61] Connection refused
2016-03-25 23:02:14,709 : WARNING : BCPClientSocket.local_display : Failed to connect to remote BCP host localhost:5050. Error: [Errno 61] Connection refused
2016-03-25 23:02:14,709 : INFO : Machine : Loading plugins...
2016-03-25 23:02:14,726 : WARNING : BCPClientSocket.local_display : Failed to connect to remote BCP host localhost:5050. Error: [Errno 61] Connection refused
2016-03-25 23:02:14,727 : INFO : SwitchController : Dumping current active switches
2016-03-25 23:02:14,728 : INFO : SwitchController : Active Switch|s_drain
2016-03-25 23:02:14,728 : INFO : SwitchController : Active Switch|s_troughenter
2016-03-25 23:02:14,728 : INFO : SwitchController : Active Switch|s_droptarget2
2016-03-25 23:02:14,729 : ERROR : root : Can't convert 'NoneType' object to str implicitly
Traceback (most recent call last):
  File "/Users/gabe/pinball/mpf30/mpf/commands/core.py", line 135, in __init__
    MachineController(mpf_path, machine_path, vars(args)).run()
  File "/Users/gabe/pinball/mpf30/mpf/core/machine.py", line 115, in __init__
    self.clear_boot_hold('init')
  File "/Users/gabe/pinball/mpf30/mpf/core/machine.py", line 745, in clear_boot_hold
    self.init_done()
  File "/Users/gabe/pinball/mpf30/mpf/core/machine.py", line 750, in init_done
    self.reset()
  File "/Users/gabe/pinball/mpf30/mpf/core/machine.py", line 418, in reset
    self.events.process_event_queue()
  File "/Users/gabe/pinball/mpf30/mpf/core/events.py", line 477, in process_event_queue
    **event[3])
  File "/Users/gabe/pinball/mpf30/mpf/core/events.py", line 412, in _process_event
    result = handler[0](**merged_kwargs)
  File "/Users/gabe/pinball/mpf30/mpf/core/device_manager.py", line 220, in _control_event_handler
    callback(mode=mode)
  File "/Users/gabe/pinball/mpf30/mpf/devices/autofire.py", line 65, in enable
    **self.config)
  File "/Users/gabe/pinball/mpf30/mpf/core/platform.py", line 86, in set_hw_rule
    **driver_settings_overrides)
  File "/Users/gabe/pinball/mpf30/mpf/platforms/fast.py", line 728, in write_hw_rule
    param[4] + ',' +
TypeError: Can't convert 'NoneType' object to str implicitly
