2016-03-26 11:20:29,827 : INFO : Machine : Mission Pinball Framework v0.30.0.dev801
2016-03-26 11:20:29,828 : INFO : Machine : Loading config from original files
2016-03-26 11:20:30,059 : INFO : Machine : Machine config file #1: /Users/gabe/Dropbox/Pinball/Gabe/bnd/config/config
2016-03-26 11:20:30,437 : INFO : Machine : Config file cache created: /Users/gabe/Dropbox/Pinball/Gabe/bnd/__mpfcache__/config_config.p
2016-03-26 11:20:30,611 : INFO : FAST : Configuring FAST hardware.
2016-03-26 11:20:30,612 : INFO : Machine : Loading core modules...
2016-03-26 11:20:31,775 : INFO : FAST : Configuring FAST Controller for FAST IO boards.
2016-03-26 11:20:31,775 : INFO : FAST : Connecting to /dev/tty.usbserial-141C at 921600bps
2016-03-26 11:20:33,293 : INFO : FAST : Received ID acknowledgement. Processor: RGB, Board: FP-CPU-002-2, Firmware: 01.00
2016-03-26 11:20:33,297 : INFO : FAST : Connecting to /dev/tty.usbserial-141B at 921600bps
2016-03-26 11:20:34,816 : INFO : FAST : Received ID acknowledgement. Processor: NET, Board: FP-CPU-002-2, Firmware: 01.00
2016-03-26 11:20:34,830 : INFO : FAST : Fast IO Board 00: Model: FP-I/O-3208-2, Firmware: 01.00, Switches: 32, Drivers: 8
2016-03-26 11:20:34,846 : INFO : FAST : Fast IO Board 01: Model: FP-I/O-3208-2, Firmware: 01.00, Switches: 32, Drivers: 8
2016-03-26 11:20:34,863 : INFO : FAST : Fast IO Board 02: Model: FP-I/O-1616-2, Firmware: 01.00, Switches: 16, Drivers: 16
2016-03-26 11:20:34,973 : INFO : DeviceManager : Loading devices...
2016-03-26 11:20:35,127 : INFO : FAST : Received SA: 01,00,0B,00002400002D0000020100
2016-03-26 11:20:35,160 : WARNING : BCPClientSocket.local_display : Failed to connect to remote BCP host localhost:5050. Error: [Errno 61] Connection refused
2016-03-26 11:20:35,164 : WARNING : BCPClientSocket.local_display : Failed to connect to remote BCP host localhost:5050. Error: [Errno 61] Connection refused
2016-03-26 11:20:35,170 : WARNING : BCPClientSocket.local_display : Failed to connect to remote BCP host localhost:5050. Error: [Errno 61] Connection refused
2016-03-26 11:20:35,172 : INFO : Machine : Loading plugins...
2016-03-26 11:20:35,293 : WARNING : BCPClientSocket.local_display : Failed to connect to remote BCP host localhost:5050. Error: [Errno 61] Connection refused
2016-03-26 11:20:35,297 : INFO : SwitchController : Dumping current active switches
2016-03-26 11:20:35,309 : INFO : SwitchController : Active Switch|s_drain
2016-03-26 11:20:35,310 : INFO : SwitchController : Active Switch|s_droptarget2
2016-03-26 11:20:35,310 : INFO : SwitchController : Active Switch|s_troughenter
2016-03-26 11:20:35,311 : INFO : Mode.attract : Mode Starting. Priority: 10
2016-03-26 11:20:35,312 : INFO : Mode Controller : +=========== ACTIVE MODES ============+
2016-03-26 11:20:35,312 : INFO : Mode Controller : | attract : 10                        |
2016-03-26 11:20:35,312 : INFO : Mode Controller : +-------------------------------------+
2016-03-26 11:20:36,722 : INFO : SwitchController : <<<<< switch: s_start, State:1 >>>>>
2016-03-26 11:20:36,907 : INFO : SwitchController : <<<<< switch: s_start, State:0 >>>>>
2016-03-26 11:20:36,911 : INFO : Mode.game : Mode Starting. Priority: 20
2016-03-26 11:20:36,921 : INFO : Mode Controller : +=========== ACTIVE MODES ============+
2016-03-26 11:20:36,922 : INFO : Mode Controller : +-------------------------------------+
2016-03-26 11:20:36,922 : INFO : Mode Controller : +=========== ACTIVE MODES ============+
2016-03-26 11:20:36,923 : INFO : Mode Controller : | game : 20                           |
2016-03-26 11:20:36,923 : INFO : Mode Controller : +-------------------------------------+
2016-03-26 11:20:36,926 : INFO : Mode.game : Player added successfully. Total players: 1
2016-03-26 11:20:36,936 : INFO : Mode.game : ***************************************************
2016-03-26 11:20:36,940 : INFO : Mode.game : ****************** BALL STARTING ******************
2016-03-26 11:20:36,941 : INFO : Mode.game : **                                               **
2016-03-26 11:20:36,942 : INFO : Mode.game : **    Player: 1    Ball: 1   Score: 0            **
2016-03-26 11:20:36,943 : INFO : Mode.game : **                                               **
2016-03-26 11:20:36,943 : INFO : Mode.game : ***************************************************
2016-03-26 11:20:36,943 : INFO : Mode.game : ***************************************************
2016-03-26 11:20:46,313 : INFO : Machine : Actual MPF loop rate: 71.02 Hz
2016-03-26 11:20:46,314 : INFO : root : MPF run loop ended.
