2016-05-14 00:29:04,932 : INFO : Machine : Mission Pinball Framework Core Engine v0.30.0.dev1482
2016-05-14 00:29:04,932 : DEBUG : Machine : Command line arguments: {'loglevel': 10, 'logfile': 'logs/2016-05-14-00-29-04-mpf-Gabriels-MacBook-Pro.local.log', 'force_platform': None, 'no_load_cache': False, 'create_config_cache': True, 'consoleloglevel': True, 'pause': False, 'bcp': False, 'configfile': ['config'], 'mpfconfigfile': '/Applications/MPF.app/Contents/Frameworks/python/3.5.0/lib/python3.5/site-packages/mpf/mpfconfig.yaml'}
2016-05-14 00:29:04,932 : DEBUG : Machine : MPF path: /Applications/MPF.app/Contents/Frameworks/python/3.5.0/lib/python3.5/site-packages/mpf
2016-05-14 00:29:04,932 : INFO : Machine : Machine path: /Users/gabe/Dropbox/Pinball/Gabe/bnd
2016-05-14 00:29:04,933 : DEBUG : Machine : Command line arguments: {'loglevel': 10, 'logfile': 'logs/2016-05-14-00-29-04-mpf-Gabriels-MacBook-Pro.local.log', 'force_platform': None, 'no_load_cache': False, 'create_config_cache': True, 'consoleloglevel': True, 'pause': False, 'bcp': False, 'configfile': ['config'], 'mpfconfigfile': '/Applications/MPF.app/Contents/Frameworks/python/3.5.0/lib/python3.5/site-packages/mpf/mpfconfig.yaml'}
2016-05-14 00:29:04,933 : DEBUG : Machine : Python version: 3.5.0
2016-05-14 00:29:04,933 : DEBUG : Machine : Platform: darwin
2016-05-14 00:29:04,933 : DEBUG : Machine : Python executable location: /Applications/MPF.app/Contents/Resources/python
2016-05-14 00:29:04,933 : DEBUG : Machine : 32-bit Python? False
2016-05-14 00:29:04,933 : DEBUG : Machine : Machine path: /Users/gabe/Dropbox/Pinball/Gabe/bnd
2016-05-14 00:29:05,244 : INFO : Machine : Loading cached config: /var/folders/c1/z5pg47y54_s14cd2m1zmk1kc0000gn/T/db0cb78b77a969ed262a283d7c7743faconfig
2016-05-14 00:29:05,245 : DEBUG : Clock : Starting clock (maximum frames per second=30.0)
2016-05-14 00:29:05,245 : INFO : Machine : Starting clock at 30.0Hz
2016-05-14 00:29:05,245 : DEBUG : Clock : Scheduled a recurring clock callback (callback=<bound method MachineController._check_crash_queue of <mpf.core.machine.MachineController object at 0x106831ef0>>, timeout=1, priority=1)
2016-05-14 00:29:05,255 : INFO : FAST : Configuring FAST hardware.
2016-05-14 00:29:05,257 : DEBUG : Pololu Maestro : Configuring template hardware interface.
2016-05-14 00:29:05,257 : DEBUG : Machine : Setting default platform to 'fast'
2016-05-14 00:29:05,257 : INFO : Machine : Loading core modules...
2016-05-14 00:29:05,257 : DEBUG : Machine : Loading 'mpf.core.events.EventManager' core module
2016-05-14 00:29:05,258 : DEBUG : Machine : Loading 'mpf.core.mode_controller.ModeController' core module
2016-05-14 00:29:05,260 : DEBUG : Events : Registered ModeController._load_modes as a handler for 'init_phase_2', priority: 1, kwargs: {}
2016-05-14 00:29:05,260 : DEBUG : Events : Registered ModeController._ball_ending as a handler for 'ball_ending', priority: 0, kwargs: {}
2016-05-14 00:29:05,260 : DEBUG : Events : Registered ModeController._ball_starting as a handler for 'ball_starting', priority: 0, kwargs: {}
2016-05-14 00:29:05,260 : DEBUG : Events : Registered ModeController._player_added as a handler for 'player_add_success', priority: 0, kwargs: {}
2016-05-14 00:29:05,260 : DEBUG : Events : Registered ModeController._player_turn_start as a handler for 'player_turn_start', priority: 1000000, kwargs: {}
2016-05-14 00:29:05,260 : DEBUG : Events : Registered ModeController._player_turn_stop as a handler for 'player_turn_stop', priority: 1000000, kwargs: {}
2016-05-14 00:29:05,261 : DEBUG : Machine : Loading 'mpf.core.config_processor.ConfigProcessor' core module
2016-05-14 00:29:05,261 : DEBUG : Machine : Loading 'mpf.core.shot_profile_manager.ShotProfileManager' core module
2016-05-14 00:29:05,261 : DEBUG : ShotProfileManager : Registering Shot Profile: 'default'
2016-05-14 00:29:05,262 : DEBUG : ShotProfileManager : Processed 'default' profile configuration: {'player_variable': '%_default', 'show_when_disabled': False, 'block': True, 'rotation_pattern': deque(['right']), 'advance_on_hit': True, 'state_names_to_rotate': [], 'states': [{'priority': 0, 'start_step': 1, 'speed': 1.0, 'manual_advance': False, 'reset': True, 'loops': -1, 'key': None, 'name': 'unlit', 'sync_ms': 0, 'hold': True, 'action': 'play', 'show_tokens': {}, 'show': 'off'}, {'priority': 0, 'start_step': 1, 'speed': 1.0, 'manual_advance': False, 'reset': True, 'loops': -1, 'key': None, 'name': 'lit', 'sync_ms': 0, 'hold': True, 'action': 'play', 'show_tokens': {}, 'show': 'on'}], 'state_names_to_not_rotate': [], 'loop': False, 'hold': None, 'show': None}
2016-05-14 00:29:05,262 : DEBUG : Mode Controller : Registering <bound method ShotProfileManager.mode_start_for_shots of <mpf.core.shot_profile_manager.ShotProfileManager object at 0x1068dac18>> as a mode start method. Config section: shots, priority: 0, kwargs: {}
2016-05-14 00:29:05,262 : DEBUG : Mode Controller : Registering <bound method ShotProfileManager.mode_start_for_shot_groups of <mpf.core.shot_profile_manager.ShotProfileManager object at 0x1068dac18>> as a mode start method. Config section: shot_groups, priority: 0, kwargs: {}
2016-05-14 00:29:05,262 : DEBUG : Events : Registered ShotProfileManager._player_turn_start as a handler for 'player_turn_start', priority: 1000000, kwargs: {}
2016-05-14 00:29:05,262 : DEBUG : Events : Registered ShotProfileManager._player_turn_stop as a handler for 'player_turn_stop', priority: 0, kwargs: {}
2016-05-14 00:29:05,263 : DEBUG : Machine : Loading 'mpf.core.device_manager.DeviceManager' core module
2016-05-14 00:29:05,263 : DEBUG : Events : Registered DeviceManager._load_device_modules as a handler for 'init_phase_1', priority: 1, kwargs: {}
2016-05-14 00:29:05,263 : DEBUG : Events : Registered DeviceManager.create_machinewide_device_control_events as a handler for 'init_phase_2', priority: 1, kwargs: {}
2016-05-14 00:29:05,263 : DEBUG : Events : Registered DeviceManager.create_collection_control_events as a handler for 'init_phase_2', priority: 1, kwargs: {}
2016-05-14 00:29:05,263 : DEBUG : Machine : Loading 'mpf.core.switch_controller.SwitchController' core module
2016-05-14 00:29:05,264 : DEBUG : Clock : Scheduled a recurring clock callback (callback=<bound method SwitchController._tick of <mpf.core.switch_controller.SwitchController object at 0x1068e1550>>, timeout=0, priority=1000)
2016-05-14 00:29:05,264 : DEBUG : Events : Registered SwitchController._initialize_switches as a handler for 'init_phase_2', priority: 1000, kwargs: {}
2016-05-14 00:29:05,264 : DEBUG : Events : Registered SwitchController.log_active_switches as a handler for 'machine_reset_phase_3', priority: 1, kwargs: {}
2016-05-14 00:29:05,264 : DEBUG : Machine : Loading 'mpf.core.ball_controller.BallController' core module
2016-05-14 00:29:05,265 : DEBUG : BallController : Loading the BallController
2016-05-14 00:29:05,265 : DEBUG : Events : Registered BallController.request_to_start_game as a handler for 'request_to_start_game', priority: 1, kwargs: {}
2016-05-14 00:29:05,265 : DEBUG : Events : Registered BallController._initialize as a handler for 'machine_reset_phase_2', priority: 1, kwargs: {}
2016-05-14 00:29:05,265 : DEBUG : Events : Registered BallController._init2 as a handler for 'init_phase_2', priority: 1, kwargs: {}
2016-05-14 00:29:05,265 : DEBUG : Machine : Loading 'mpf.core.assets.AssetManager' core module
2016-05-14 00:29:05,266 : DEBUG : AssetManager : Initializing...
2016-05-14 00:29:05,267 : DEBUG : Mode Controller : Registering <bound method AssetManager._load_mode_assets of <mpf.core.assets.AssetManager object at 0x1068e1cf8>> as a mode start method. Config section: None, priority: 0, kwargs: {}
2016-05-14 00:29:05,267 : DEBUG : Events : Registered AssetManager._create_assets as a handler for 'init_phase_3', priority: 1, kwargs: {}
2016-05-14 00:29:05,267 : DEBUG : Events : Registered AssetManager._bcp_client_asset_load as a handler for 'assets_to_load', priority: 1, kwargs: {}
2016-05-14 00:29:05,267 : DEBUG : Machine : Loading 'mpf.core.show_controller.ShowController' core module
2016-05-14 00:29:05,269 : DEBUG : Clock : Scheduled a recurring clock callback (callback=<bound method ShowController._tick of <mpf.core.show_controller.ShowController object at 0x1068e7e10>>, timeout=0, priority=1)
2016-05-14 00:29:05,269 : DEBUG : Events : Registered ShowController._initialize as a handler for 'init_phase_3', priority: 1, kwargs: {}
2016-05-14 00:29:05,269 : DEBUG : Machine : Loading 'mpf.core.bcp.BCP' core module
2016-05-14 00:29:05,270 : DEBUG : Events : Registered BCP.bcp_trigger as a handler for 'ball_started', priority: 1, kwargs: {'name': 'ball_started'}
2016-05-14 00:29:05,270 : DEBUG : Events : Registered BCP.bcp_trigger as a handler for 'ball_ended', priority: 1, kwargs: {'name': 'ball_ended'}
2016-05-14 00:29:05,270 : DEBUG : Events : Registered BCP.bcp_trigger as a handler for 'player_add_success', priority: 1, kwargs: {'name': 'player_add_success'}
2016-05-14 00:29:05,270 : DEBUG : Events : Registered BCP._bcp_event_callback as a handler for 'player_turn_start', priority: 1, kwargs: {'params': {'player_num': '%number'}, 'command': 'player_turn_start'}
2016-05-14 00:29:05,270 : DEBUG : Events : Registered BCP._bcp_event_callback as a handler for 'ball_started', priority: 1, kwargs: {'params': {'player_num': '%player', 'ball': '%ball'}, 'command': 'ball_start'}
2016-05-14 00:29:05,271 : DEBUG : Events : Registered BCP._bcp_event_callback as a handler for 'ball_ending', priority: 1, kwargs: {'command': 'ball_end'}
2016-05-14 00:29:05,271 : DEBUG : Events : Registered BCP._bcp_event_callback as a handler for 'clear', priority: 1, kwargs: {'params': {'key': '%key', 'name': 'clear'}, 'command': 'trigger'}
2016-05-14 00:29:05,271 : DEBUG : Events : Registered BCP.bcp_trigger as a handler for 'player_score', priority: 1, kwargs: {'name': 'player_score'}
2016-05-14 00:29:05,271 : DEBUG : Events : Registered BCP._setup_dmds as a handler for 'init_phase_1', priority: 1, kwargs: {}
2016-05-14 00:29:05,271 : DEBUG : Events : Registered BCP._setup_bcp_connections as a handler for 'init_phase_2', priority: 1, kwargs: {}
2016-05-14 00:29:05,271 : DEBUG : Clock : Scheduled a recurring clock callback (callback=<bound method BCP.get_bcp_messages of <BCP Module>>, timeout=0, priority=1)
2016-05-14 00:29:05,272 : DEBUG : Events : Registered BCP.bcp_player_added as a handler for 'player_add_success', priority: 1, kwargs: {}
2016-05-14 00:29:05,272 : DEBUG : Events : Registered BCP.bcp_reset as a handler for 'machine_reset_phase_1', priority: 1, kwargs: {}
2016-05-14 00:29:05,272 : DEBUG : Events : Registered BCP.increase_volume as a handler for 'increase_volume', priority: 1, kwargs: {}
2016-05-14 00:29:05,272 : DEBUG : Events : Registered BCP.decrease_volume as a handler for 'decrease_volume', priority: 1, kwargs: {}
2016-05-14 00:29:05,272 : DEBUG : Events : Registered BCP.enable_volume_keys as a handler for 'enable_volume_keys', priority: 1, kwargs: {}
2016-05-14 00:29:05,272 : DEBUG : Events : Registered BCP.disable_volume_keys as a handler for 'disable_volume_keys', priority: 1, kwargs: {}
2016-05-14 00:29:05,272 : DEBUG : Events : Registered BCP.get_led_coordinates as a handler for 'bcp_get_led_coordinates', priority: 1, kwargs: {}
2016-05-14 00:29:05,273 : DEBUG : Mode Controller : Registering <bound method BCP.bcp_mode_start of <BCP Module>> as a mode start method. Config section: mode, priority: 0, kwargs: {}
2016-05-14 00:29:05,273 : DEBUG : Machine : Loading 'mpf.core.logic_blocks.LogicBlocks' core module
2016-05-14 00:29:05,273 : DEBUG : Mode Controller : Registering <bound method LogicBlocks._process_config of <mpf.core.logic_blocks.LogicBlocks object at 0x1068af6a0>> as a mode start method. Config section: logic_blocks, priority: 0, kwargs: {}
2016-05-14 00:29:05,274 : DEBUG : Events : Registered LogicBlocks._create_player_logic_blocks as a handler for 'player_add_success', priority: 1, kwargs: {}
2016-05-14 00:29:05,274 : DEBUG : Events : Registered LogicBlocks.player_turn_start as a handler for 'player_turn_start', priority: 1, kwargs: {}
2016-05-14 00:29:05,274 : DEBUG : Events : Registered LogicBlocks.player_turn_stop as a handler for 'player_turn_stop', priority: 1, kwargs: {}
2016-05-14 00:29:05,274 : DEBUG : Machine : Loading 'mpf.core.scoring.ScoreController' core module
2016-05-14 00:29:05,275 : DEBUG : Score : Loading the Score Controller
2016-05-14 00:29:05,275 : DEBUG : Mode Controller : Registering <bound method ScoreController.mode_start of <mpf.core.scoring.ScoreController object at 0x1068f13c8>> as a mode start method. Config section: scoring, priority: 0, kwargs: {}
2016-05-14 00:29:05,278 : INFO : FAST : Configuring FAST Controller for FAST IO boards.
2016-05-14 00:29:05,278 : INFO : FAST : Connecting to /dev/tty.usbserial-141C at 921600bps
2016-05-14 00:29:06,780 : DEBUG : FAST : Sending 'ID:' command to port '/dev/tty.usbserial-141C'
2016-05-14 00:29:06,795 : DEBUG : FAST : Sending 'ID:' command to port '/dev/tty.usbserial-141C'
2016-05-14 00:29:06,796 : INFO : FAST : Received ID acknowledgement. Processor: RGB, Board: FP-CPU-002-2, Firmware: 01.00
2016-05-14 00:29:06,797 : INFO : FAST : Connecting to /dev/tty.usbserial-141B at 921600bps
2016-05-14 00:29:08,299 : DEBUG : FAST : Sending 'ID:' command to port '/dev/tty.usbserial-141B'
2016-05-14 00:29:08,315 : DEBUG : FAST : Sending 'ID:' command to port '/dev/tty.usbserial-141B'
2016-05-14 00:29:08,316 : INFO : FAST : Received ID acknowledgement. Processor: NET, Board: FP-CPU-002-2, Firmware: 01.00
2016-05-14 00:29:08,316 : DEBUG : FAST : Querying FAST IO boards...
2016-05-14 00:29:08,332 : INFO : FAST : Fast IO Board 00: Model: FP-I/O-3208-2, Firmware: 01.00, Switches: 32, Drivers: 8
2016-05-14 00:29:08,347 : INFO : FAST : Fast IO Board 01: Model: FP-I/O-3208-2, Firmware: 01.00, Switches: 32, Drivers: 8
2016-05-14 00:29:08,348 : INFO : FAST : Fast IO Board 02: Model: FP-I/O-1616-2, Firmware: 01.00, Switches: 16, Drivers: 16
2016-05-14 00:29:08,385 : DEBUG : Events : Registered ConfigPlayer._initialize as a handler for 'init_phase_1', priority: 1, kwargs: {}
2016-05-14 00:29:08,386 : DEBUG : Events : Registered ConfigPlayer.clear as a handler for 'clear', priority: 1, kwargs: {}
2016-05-14 00:29:08,387 : DEBUG : Events : Registered ConfigPlayer._initialize as a handler for 'init_phase_1', priority: 1, kwargs: {}
2016-05-14 00:29:08,388 : DEBUG : Events : Registered LightPlayer.clear as a handler for 'clear', priority: 1, kwargs: {}
2016-05-14 00:29:08,389 : DEBUG : Events : Registered ConfigPlayer._initialize as a handler for 'init_phase_1', priority: 1, kwargs: {}
2016-05-14 00:29:08,389 : DEBUG : Events : Registered ConfigPlayer.clear as a handler for 'clear', priority: 1, kwargs: {}
2016-05-14 00:29:08,390 : DEBUG : Events : Registered ConfigPlayer._initialize as a handler for 'init_phase_1', priority: 1, kwargs: {}
2016-05-14 00:29:08,390 : DEBUG : Events : Registered ConfigPlayer.clear as a handler for 'clear', priority: 1, kwargs: {}
2016-05-14 00:29:08,390 : DEBUG : Events : Registered ConfigPlayer._initialize as a handler for 'init_phase_1', priority: 1, kwargs: {}
2016-05-14 00:29:08,390 : DEBUG : Events : Registered ConfigPlayer.clear as a handler for 'clear', priority: 1, kwargs: {}
2016-05-14 00:29:08,391 : DEBUG : Events : Registered ConfigPlayer._initialize as a handler for 'init_phase_1', priority: 1, kwargs: {}
2016-05-14 00:29:08,391 : DEBUG : Events : Registered ConfigPlayer.clear as a handler for 'clear', priority: 1, kwargs: {}
2016-05-14 00:29:08,392 : DEBUG : Events : Registered ConfigPlayer._initialize as a handler for 'init_phase_1', priority: 1, kwargs: {}
2016-05-14 00:29:08,392 : DEBUG : Events : Registered LedPlayer.clear as a handler for 'clear', priority: 1, kwargs: {}
2016-05-14 00:29:08,394 : DEBUG : Events : Registered ConfigPlayer._initialize as a handler for 'init_phase_1', priority: 1, kwargs: {}
2016-05-14 00:29:08,394 : DEBUG : Events : Registered ConfigPlayer.clear as a handler for 'clear', priority: 1, kwargs: {}
2016-05-14 00:29:08,395 : DEBUG : Events : Registered ConfigPlayer._initialize as a handler for 'init_phase_1', priority: 1, kwargs: {}
2016-05-14 00:29:08,395 : DEBUG : Events : Registered ConfigPlayer.clear as a handler for 'clear', priority: 1, kwargs: {}
2016-05-14 00:29:08,395 : DEBUG : Events : Registered ConfigPlayer._initialize as a handler for 'init_phase_1', priority: 1, kwargs: {}
2016-05-14 00:29:08,396 : DEBUG : Events : Registered ShowPlayer.clear as a handler for 'clear', priority: 1, kwargs: {}
2016-05-14 00:29:08,396 : DEBUG : Machine : Registering Plugin Config Players
2016-05-14 00:29:08,396 : DEBUG : Machine : Registering slide_player = mpfmc.config_players.slide_player:register_with_mpf
2016-05-14 00:29:08,399 : DEBUG : Events : Registered ConfigPlayer._initialize as a handler for 'init_phase_1', priority: 1, kwargs: {}
2016-05-14 00:29:08,399 : DEBUG : Events : Registered ConfigPlayer.clear as a handler for 'clear', priority: 1, kwargs: {}
2016-05-14 00:29:08,399 : DEBUG : Machine : Registering sound_player = mpfmc.config_players.sound_player:register_with_mpf
2016-05-14 00:29:08,401 : DEBUG : Events : Registered ConfigPlayer._initialize as a handler for 'init_phase_1', priority: 1, kwargs: {}
2016-05-14 00:29:08,401 : DEBUG : Events : Registered ConfigPlayer.clear as a handler for 'clear', priority: 1, kwargs: {}
2016-05-14 00:29:08,401 : DEBUG : Machine : Registering widget_player = mpfmc.config_players.widget_player:register_with_mpf
2016-05-14 00:29:08,403 : DEBUG : Events : Registered ConfigPlayer._initialize as a handler for 'init_phase_1', priority: 1, kwargs: {}
2016-05-14 00:29:08,403 : DEBUG : Events : Registered ConfigPlayer.clear as a handler for 'clear', priority: 1, kwargs: {}
2016-05-14 00:29:08,403 : DEBUG : Events : Registered MachineController.power_off as a handler for 'shutdown', priority: 1, kwargs: {}
2016-05-14 00:29:08,403 : DEBUG : Events : Registered MachineController.power_off as a handler for 'sw_shutdown', priority: 1, kwargs: {}
2016-05-14 00:29:08,403 : DEBUG : Events : Registered MachineController.stop as a handler for 'quit', priority: 1, kwargs: {}
2016-05-14 00:29:08,404 : DEBUG : Events : Registered MachineController.stop as a handler for 'sw_quit', priority: 1, kwargs: {}
2016-05-14 00:29:08,404 : DEBUG : DataInterface : Loading machine_vars from /Users/gabe/Dropbox/Pinball/Gabe/bnd/data/machine_vars.yaml
2016-05-14 00:29:08,404 : DEBUG : YAML File Interface : Loading file: /Users/gabe/Dropbox/Pinball/Gabe/bnd/data/machine_vars.yaml
2016-05-14 00:29:08,405 : DEBUG : Machine : Setting machine_var 'player1_score' to: 0, (prior: 0, change: 0)
2016-05-14 00:29:08,405 : DEBUG : Events : ^^^^ Posted event 'machine_var_player1_score'. Type: None, Callback: None, Args: {'value': 0, 'change': 0, 'prev_value': 0}
2016-05-14 00:29:08,405 : DEBUG : Events : ============== EVENTS QUEUE =============
2016-05-14 00:29:08,405 : DEBUG : Events : machine_var_player1_score, None, None, {'value': 0, 'change': 0, 'prev_value': 0}
2016-05-14 00:29:08,406 : DEBUG : Events : =========================================
2016-05-14 00:29:08,406 : DEBUG : Events : ^^^^ Posted event 'init_phase_1'. Type: None, Callback: None, Args: {}
2016-05-14 00:29:08,406 : DEBUG : Events : ============== EVENTS QUEUE =============
2016-05-14 00:29:08,406 : DEBUG : Events : machine_var_player1_score, None, None, {'value': 0, 'change': 0, 'prev_value': 0}
2016-05-14 00:29:08,406 : DEBUG : Events : init_phase_1, None, None, {}
2016-05-14 00:29:08,406 : DEBUG : Events : =========================================
2016-05-14 00:29:08,406 : DEBUG : Events : ^^^^ Processing event 'machine_var_player1_score'. Type: None, Callback: None, Args: {'value': 0, 'change': 0, 'prev_value': 0}
2016-05-14 00:29:08,407 : DEBUG : Events : vvvv Finished event 'machine_var_player1_score'. Type: None. Callback: None. Args: {'value': 0, 'change': 0, 'prev_value': 0}
2016-05-14 00:29:08,407 : DEBUG : Events : ^^^^ Processing event 'init_phase_1'. Type: None, Callback: None, Args: {}
2016-05-14 00:29:08,407 : DEBUG : Events : DeviceManager._load_device_modules (priority: 1) responding to event 'init_phase_1' with args {}
2016-05-14 00:29:08,407 : INFO : DeviceManager : Loading devices...
2016-05-14 00:29:08,414 : DEBUG : Clock : Scheduled a recurring clock callback (callback=<bound method Led.update_leds of <class 'mpf.devices.led.Led'>>, timeout=0, priority=-100)
2016-05-14 00:29:08,418 : DEBUG : Events : Registered BallSearch.request_to_start_game as a handler for 'request_to_start_game', priority: 1, kwargs: {}
2016-05-14 00:29:08,460 : DEBUG : coil.c_leftflippermain : Enabling debug logging
2016-05-14 00:29:08,460 : DEBUG : coil.c_leftflippermain : Configuring device with settings: '{'hold_power32': None, 'platform': None, 'label': '%', 'pulse_pwm_mask': None, 'tags': [], 'pulse_power32': None, 'enable_events': {}, 'recycle_ms': None, 'recycle': False, 'connection': 'auto', 'debug': True, 'hold_power': None, 'allow_enable': False, 'number': '0', 'hold_pwm_mask': None, 'disable_events': {}, 'pulse_events': {}, 'pulse_ms': 25, 'pulse_power': None}'
2016-05-14 00:29:08,460 : DEBUG : coil.c_rightflippermain : Enabling debug logging
2016-05-14 00:29:08,460 : DEBUG : coil.c_rightflippermain : Configuring device with settings: '{'hold_power32': None, 'platform': None, 'label': '%', 'pulse_pwm_mask': None, 'tags': [], 'pulse_power32': None, 'enable_events': {}, 'recycle_ms': None, 'recycle': False, 'connection': 'auto', 'debug': True, 'hold_power': None, 'allow_enable': False, 'number': '3', 'hold_pwm_mask': None, 'disable_events': {}, 'pulse_events': {}, 'pulse_ms': 25, 'pulse_power': None}'
2016-05-14 00:29:08,460 : DEBUG : coil.c_upperrightflippermain : Enabling debug logging
2016-05-14 00:29:08,460 : DEBUG : coil.c_upperrightflippermain : Configuring device with settings: '{'hold_power32': None, 'platform': None, 'label': '%', 'pulse_pwm_mask': None, 'tags': [], 'pulse_power32': None, 'enable_events': {}, 'recycle_ms': None, 'recycle': False, 'connection': 'auto', 'debug': True, 'hold_power': None, 'allow_enable': False, 'number': '29', 'hold_pwm_mask': None, 'disable_events': {}, 'pulse_events': {}, 'pulse_ms': 20, 'pulse_power': None}'
2016-05-14 00:29:08,461 : DEBUG : coil.c_trougheject : Enabling debug logging
2016-05-14 00:29:08,461 : DEBUG : coil.c_trougheject : Configuring device with settings: '{'hold_power32': None, 'platform': None, 'label': '%', 'pulse_pwm_mask': None, 'tags': [], 'pulse_power32': None, 'enable_events': {}, 'recycle_ms': None, 'recycle': False, 'connection': 'auto', 'debug': True, 'hold_power': None, 'allow_enable': True, 'number': '6', 'hold_pwm_mask': None, 'disable_events': {}, 'pulse_events': {}, 'pulse_ms': 1000, 'pulse_power': None}'
2016-05-14 00:29:08,461 : DEBUG : coil.c_upperrightflipperhold : Enabling debug logging
2016-05-14 00:29:08,461 : DEBUG : coil.c_upperrightflipperhold : Configuring device with settings: '{'hold_power32': None, 'platform': None, 'label': '%', 'pulse_pwm_mask': None, 'tags': [], 'pulse_power32': None, 'enable_events': {}, 'recycle_ms': None, 'recycle': False, 'connection': 'auto', 'debug': True, 'hold_power': None, 'allow_enable': False, 'number': '25', 'hold_pwm_mask': None, 'disable_events': {}, 'pulse_events': {}, 'pulse_ms': None, 'pulse_power': None}'
2016-05-14 00:29:08,462 : DEBUG : ball_device.bd_drain : Enabling debug logging
2016-05-14 00:29:08,462 : DEBUG : ball_device.bd_drain : Configuring device with settings: '{'entrance_count_delay': 500, 'request_ball_events': [], 'max_eject_attempts': 0, 'entrance_events': {}, 'auto_fire_on_unexpected_ball': True, 'eject_coil_jam_pulse': None, 'eject_coil': <coil.c_draineject>, 'debug': True, 'exit_count_delay': 500, 'hold_coil': None, 'ball_missing_timeouts': [], 'hold_switches': [], 'confirm_eject_switch': None, 'eject_events': {}, 'ball_missing_target': <playfield.playfield>, 'ball_search_order': 100, 'jam_switch': None, 'confirm_eject_type': 'target', 'tags': ['drain'], 'mechanical_eject': False, 'eject_all_events': {}, 'entrance_switch': None, 'eject_targets': [<ball_device.bd_trough>, <ball_device.bd_plunger>, <playfield.playfield>], 'eject_coil_retry_pulse': None, 'label': '%', 'player_controlled_eject_event': None, 'ball_switches': [<switch.s_drain>], 'captures_from': <playfield.playfield>, 'target_on_unexpected_ball': None, 'confirm_eject_event': None, 'ball_capacity': None, 'eject_timeouts': [], 'hold_events': {}, 'entrance_switch_full_timeout': 0, 'hold_coil_release_time': 1000}'
2016-05-14 00:29:08,462 : DEBUG : ball_device.bd_trough : Enabling debug logging
2016-05-14 00:29:08,462 : DEBUG : ball_device.bd_trough : Configuring device with settings: '{'entrance_count_delay': 500, 'request_ball_events': [], 'max_eject_attempts': 0, 'entrance_events': {}, 'auto_fire_on_unexpected_ball': True, 'eject_coil_jam_pulse': None, 'eject_coil': <coil.c_trougheject>, 'tags': ['trough', 'home'], 'exit_count_delay': 500, 'hold_coil': None, 'ball_missing_timeouts': [], 'hold_switches': [], 'confirm_eject_switch': None, 'hold_events': {}, 'eject_events': {}, 'ball_missing_target': <playfield.playfield>, 'ball_search_order': 100, 'jam_switch': None, 'confirm_eject_type': 'target', 'entrance_switch_full_timeout': 3000, 'mechanical_eject': False, 'eject_all_events': {}, 'entrance_switch': <switch.s_troughenter>, 'eject_targets': [<ball_device.bd_plunger>, <playfield.playfield>], 'eject_coil_retry_pulse': None, 'label': '%', 'player_controlled_eject_event': None, 'ball_switches': [], 'captures_from': <playfield.playfield>, 'target_on_unexpected_ball': None, 'confirm_eject_event': None, 'ball_capacity': 3, 'eject_timeouts': [], 'debug': True, 'hold_coil_release_time': 1000}'
2016-05-14 00:29:08,463 : DEBUG : FASTDriver : Driver Settings: {'trigger_cmd': 'TN:', 'config_cmd': 'DN:'}
2016-05-14 00:29:08,463 : DEBUG : FASTDriver : Resetting driver {'trigger_cmd': 'TN:', 'config_cmd': 'DN:'}
2016-05-14 00:29:08,463 : DEBUG : coil.c_leftflippermain : Platform Driver: <Platform.FAST>
2016-05-14 00:29:08,464 : DEBUG : FASTDriver : Driver Settings: {'trigger_cmd': 'TN:', 'config_cmd': 'DN:'}
2016-05-14 00:29:08,464 : DEBUG : FASTDriver : Resetting driver {'trigger_cmd': 'TN:', 'config_cmd': 'DN:'}
2016-05-14 00:29:08,464 : DEBUG : FASTDriver : Driver Settings: {'trigger_cmd': 'TN:', 'config_cmd': 'DN:'}
2016-05-14 00:29:08,464 : DEBUG : FASTDriver : Resetting driver {'trigger_cmd': 'TN:', 'config_cmd': 'DN:'}
2016-05-14 00:29:08,465 : DEBUG : FASTDriver : Driver Settings: {'trigger_cmd': 'TN:', 'config_cmd': 'DN:'}
2016-05-14 00:29:08,465 : DEBUG : FASTDriver : Resetting driver {'trigger_cmd': 'TN:', 'config_cmd': 'DN:'}
2016-05-14 00:29:08,465 : DEBUG : FASTDriver : Driver Settings: {'trigger_cmd': 'TN:', 'config_cmd': 'DN:'}
2016-05-14 00:29:08,465 : DEBUG : FASTDriver : Resetting driver {'trigger_cmd': 'TN:', 'config_cmd': 'DN:'}
2016-05-14 00:29:08,466 : DEBUG : FASTDriver : Driver Settings: {'trigger_cmd': 'TN:', 'config_cmd': 'DN:'}
2016-05-14 00:29:08,466 : DEBUG : FASTDriver : Resetting driver {'trigger_cmd': 'TN:', 'config_cmd': 'DN:'}
2016-05-14 00:29:08,466 : DEBUG : FASTDriver : Driver Settings: {'trigger_cmd': 'TN:', 'config_cmd': 'DN:'}
2016-05-14 00:29:08,466 : DEBUG : FASTDriver : Resetting driver {'trigger_cmd': 'TN:', 'config_cmd': 'DN:'}
2016-05-14 00:29:08,467 : DEBUG : FASTDriver : Driver Settings: {'trigger_cmd': 'TN:', 'config_cmd': 'DN:'}
2016-05-14 00:29:08,467 : DEBUG : FASTDriver : Resetting driver {'trigger_cmd': 'TN:', 'config_cmd': 'DN:'}
2016-05-14 00:29:08,467 : DEBUG : FASTDriver : Driver Settings: {'trigger_cmd': 'TN:', 'config_cmd': 'DN:'}
2016-05-14 00:29:08,467 : DEBUG : FASTDriver : Resetting driver {'trigger_cmd': 'TN:', 'config_cmd': 'DN:'}
2016-05-14 00:29:08,467 : DEBUG : coil.c_rightflippermain : Platform Driver: <Platform.FAST>
2016-05-14 00:29:08,468 : DEBUG : FASTDriver : Driver Settings: {'trigger_cmd': 'TN:', 'config_cmd': 'DN:'}
2016-05-14 00:29:08,468 : DEBUG : FASTDriver : Resetting driver {'trigger_cmd': 'TN:', 'config_cmd': 'DN:'}
2016-05-14 00:29:08,468 : DEBUG : FASTDriver : Driver Settings: {'trigger_cmd': 'TN:', 'config_cmd': 'DN:'}
2016-05-14 00:29:08,468 : DEBUG : FASTDriver : Resetting driver {'trigger_cmd': 'TN:', 'config_cmd': 'DN:'}
2016-05-14 00:29:08,469 : DEBUG : FASTDriver : Driver Settings: {'trigger_cmd': 'TN:', 'config_cmd': 'DN:'}
2016-05-14 00:29:08,470 : DEBUG : FASTDriver : Resetting driver {'trigger_cmd': 'TN:', 'config_cmd': 'DN:'}
2016-05-14 00:29:08,470 : DEBUG : FASTDriver : Driver Settings: {'trigger_cmd': 'TN:', 'config_cmd': 'DN:'}
2016-05-14 00:29:08,470 : DEBUG : FASTDriver : Resetting driver {'trigger_cmd': 'TN:', 'config_cmd': 'DN:'}
2016-05-14 00:29:08,470 : DEBUG : FASTDriver : Driver Settings: {'trigger_cmd': 'TN:', 'config_cmd': 'DN:'}
2016-05-14 00:29:08,470 : DEBUG : FASTDriver : Resetting driver {'trigger_cmd': 'TN:', 'config_cmd': 'DN:'}
2016-05-14 00:29:08,471 : DEBUG : FASTDriver : Driver Settings: {'trigger_cmd': 'TN:', 'config_cmd': 'DN:'}
2016-05-14 00:29:08,471 : DEBUG : FASTDriver : Resetting driver {'trigger_cmd': 'TN:', 'config_cmd': 'DN:'}
2016-05-14 00:29:08,471 : DEBUG : coil.c_upperrightflippermain : Platform Driver: <Platform.FAST>
2016-05-14 00:29:08,471 : DEBUG : FASTDriver : Driver Settings: {'trigger_cmd': 'TN:', 'config_cmd': 'DN:'}
2016-05-14 00:29:08,472 : DEBUG : FASTDriver : Resetting driver {'trigger_cmd': 'TN:', 'config_cmd': 'DN:'}
2016-05-14 00:29:08,472 : DEBUG : FASTDriver : Driver Settings: {'trigger_cmd': 'TN:', 'config_cmd': 'DN:'}
2016-05-14 00:29:08,472 : DEBUG : FASTDriver : Resetting driver {'trigger_cmd': 'TN:', 'config_cmd': 'DN:'}
2016-05-14 00:29:08,472 : DEBUG : FASTDriver : Driver Settings: {'trigger_cmd': 'TN:', 'config_cmd': 'DN:'}
2016-05-14 00:29:08,472 : DEBUG : FASTDriver : Resetting driver {'trigger_cmd': 'TN:', 'config_cmd': 'DN:'}
2016-05-14 00:29:08,473 : DEBUG : coil.c_trougheject : Platform Driver: <Platform.FAST>
2016-05-14 00:29:08,473 : DEBUG : FASTDriver : Driver Settings: {'trigger_cmd': 'TN:', 'config_cmd': 'DN:'}
2016-05-14 00:29:08,473 : DEBUG : FASTDriver : Resetting driver {'trigger_cmd': 'TN:', 'config_cmd': 'DN:'}
2016-05-14 00:29:08,473 : DEBUG : FASTDriver : Driver Settings: {'trigger_cmd': 'TN:', 'config_cmd': 'DN:'}
2016-05-14 00:29:08,473 : DEBUG : FASTDriver : Resetting driver {'trigger_cmd': 'TN:', 'config_cmd': 'DN:'}
2016-05-14 00:29:08,474 : DEBUG : FASTDriver : Driver Settings: {'trigger_cmd': 'TN:', 'config_cmd': 'DN:'}
2016-05-14 00:29:08,474 : DEBUG : FASTDriver : Resetting driver {'trigger_cmd': 'TN:', 'config_cmd': 'DN:'}
2016-05-14 00:29:08,474 : DEBUG : coil.c_upperrightflipperhold : Platform Driver: <Platform.FAST>
2016-05-14 00:29:08,474 : DEBUG : FASTDriver : Driver Settings: {'trigger_cmd': 'TN:', 'config_cmd': 'DN:'}
2016-05-14 00:29:08,474 : DEBUG : FASTDriver : Resetting driver {'trigger_cmd': 'TN:', 'config_cmd': 'DN:'}
2016-05-14 00:29:08,475 : DEBUG : FASTDriver : Driver Settings: {'trigger_cmd': 'TN:', 'config_cmd': 'DN:'}
2016-05-14 00:29:08,475 : DEBUG : FASTDriver : Resetting driver {'trigger_cmd': 'TN:', 'config_cmd': 'DN:'}
2016-05-14 00:29:08,475 : DEBUG : FASTDriver : Driver Settings: {'trigger_cmd': 'TN:', 'config_cmd': 'DN:'}
2016-05-14 00:29:08,475 : DEBUG : FASTDriver : Resetting driver {'trigger_cmd': 'TN:', 'config_cmd': 'DN:'}
2016-05-14 00:29:08,476 : DEBUG : FAST : FAST Switch hardware tuple: ('28', 1)
2016-05-14 00:29:08,476 : DEBUG : FAST : FAST Switch hardware tuple: ('4D', 1)
2016-05-14 00:29:08,476 : DEBUG : FAST : FAST Switch hardware tuple: ('4A', 1)
2016-05-14 00:29:08,476 : DEBUG : FAST : FAST Switch hardware tuple: ('19', 1)
2016-05-14 00:29:08,477 : DEBUG : FAST : FAST Switch hardware tuple: ('11', 1)
2016-05-14 00:29:08,477 : DEBUG : FAST : FAST Switch hardware tuple: ('2C', 1)
2016-05-14 00:29:08,477 : DEBUG : FAST : FAST Switch hardware tuple: ('4C', 1)
2016-05-14 00:29:08,477 : DEBUG : FAST : FAST Switch hardware tuple: ('2E', 1)
2016-05-14 00:29:08,478 : DEBUG : FAST : FAST Switch hardware tuple: ('49', 1)
2016-05-14 00:29:08,478 : DEBUG : FAST : FAST Switch hardware tuple: ('4B', 1)
2016-05-14 00:29:08,478 : DEBUG : FAST : FAST Switch hardware tuple: ('03', 1)
2016-05-14 00:29:08,478 : DEBUG : FAST : FAST Switch hardware tuple: ('15', 1)
2016-05-14 00:29:08,479 : DEBUG : FAST : FAST Switch hardware tuple: ('4E', 1)
2016-05-14 00:29:08,479 : DEBUG : FAST : FAST Switch hardware tuple: ('2D', 1)
2016-05-14 00:29:08,479 : DEBUG : FAST : FAST Switch hardware tuple: ('13', 1)
2016-05-14 00:29:08,479 : DEBUG : FAST : FAST Switch hardware tuple: ('14', 1)
2016-05-14 00:29:08,480 : DEBUG : FAST : FAST Switch hardware tuple: ('10', 1)
2016-05-14 00:29:08,480 : DEBUG : FAST : FAST Switch hardware tuple: ('04', 1)
2016-05-14 00:29:08,480 : DEBUG : FAST : FAST Switch hardware tuple: ('01', 1)
2016-05-14 00:29:08,481 : DEBUG : FAST : FAST Switch hardware tuple: ('2A', 1)
2016-05-14 00:29:08,481 : DEBUG : FAST : FAST Switch hardware tuple: ('1B', 1)
2016-05-14 00:29:08,481 : DEBUG : FAST : FAST Switch hardware tuple: ('48', 1)
2016-05-14 00:29:08,481 : DEBUG : FAST : FAST Switch hardware tuple: ('12', 1)
2016-05-14 00:29:08,481 : DEBUG : FAST : FAST Switch hardware tuple: ('29', 1)
2016-05-14 00:29:08,482 : DEBUG : FAST : FAST Switch hardware tuple: ('18', 1)
2016-05-14 00:29:08,482 : DEBUG : FAST : FAST Switch hardware tuple: ('2F', 1)
2016-05-14 00:29:08,482 : DEBUG : FAST : FAST Switch hardware tuple: ('40', 1)
2016-05-14 00:29:08,482 : DEBUG : FAST : FAST Switch hardware tuple: ('16', 1)
2016-05-14 00:29:08,483 : DEBUG : FAST : FAST Switch hardware tuple: ('4F', 1)
2016-05-14 00:29:08,483 : DEBUG : FAST : FAST Switch hardware tuple: ('2B', 1)
2016-05-14 00:29:08,483 : DEBUG : FAST : FAST Switch hardware tuple: ('44', 1)
2016-05-14 00:29:08,483 : DEBUG : FAST : FAST Switch hardware tuple: ('45', 1)
2016-05-14 00:29:08,483 : DEBUG : FAST : FAST Switch hardware tuple: ('1A', 1)
2016-05-14 00:29:08,484 : DEBUG : FAST : FAST Switch hardware tuple: ('02', 1)
2016-05-14 00:29:08,484 : DEBUG : FAST : FAST Switch hardware tuple: ('42', 1)
2016-05-14 00:29:08,484 : DEBUG : FAST : FAST Switch hardware tuple: ('43', 1)
2016-05-14 00:29:08,485 : DEBUG : FAST : FAST Switch hardware tuple: ('00', 1)
2016-05-14 00:29:08,485 : DEBUG : FAST : FAST Switch hardware tuple: ('41', 1)
2016-05-14 00:29:08,485 : DEBUG : Clock : Scheduled a recurring clock callback (callback=<bound method HardwarePlatform.update_leds of <Platform.FAST>>, timeout=0, priority=1)
2016-05-14 00:29:08,485 : DEBUG : FASTLED : Creating FAST RGB LED at hardware address: 66
2016-05-14 00:29:08,486 : DEBUG : FASTLED : Creating FAST RGB LED at hardware address: 81
2016-05-14 00:29:08,486 : DEBUG : FASTLED : Creating FAST RGB LED at hardware address: 4A
2016-05-14 00:29:08,486 : DEBUG : FASTLED : Creating FAST RGB LED at hardware address: 5A
2016-05-14 00:29:08,486 : DEBUG : FASTLED : Creating FAST RGB LED at hardware address: 91
2016-05-14 00:29:08,486 : DEBUG : FASTLED : Creating FAST RGB LED at hardware address: 49
2016-05-14 00:29:08,487 : DEBUG : FASTLED : Creating FAST RGB LED at hardware address: 4B
2016-05-14 00:29:08,487 : DEBUG : FASTLED : Creating FAST RGB LED at hardware address: 5C
2016-05-14 00:29:08,487 : DEBUG : FASTLED : Creating FAST RGB LED at hardware address: 5D
2016-05-14 00:29:08,487 : DEBUG : FASTLED : Creating FAST RGB LED at hardware address: 89
2016-05-14 00:29:08,487 : DEBUG : FASTLED : Creating FAST RGB LED at hardware address: 90
2016-05-14 00:29:08,487 : DEBUG : FASTLED : Creating FAST RGB LED at hardware address: 93
2016-05-14 00:29:08,488 : DEBUG : FASTLED : Creating FAST RGB LED at hardware address: 8C
2016-05-14 00:29:08,488 : DEBUG : FASTLED : Creating FAST RGB LED at hardware address: 86
2016-05-14 00:29:08,488 : DEBUG : FASTLED : Creating FAST RGB LED at hardware address: 87
2016-05-14 00:29:08,488 : DEBUG : FASTLED : Creating FAST RGB LED at hardware address: 5E
2016-05-14 00:29:08,488 : DEBUG : FASTLED : Creating FAST RGB LED at hardware address: 61
2016-05-14 00:29:08,488 : DEBUG : FASTLED : Creating FAST RGB LED at hardware address: 4C
2016-05-14 00:29:08,488 : DEBUG : FASTLED : Creating FAST RGB LED at hardware address: 58
2016-05-14 00:29:08,489 : DEBUG : FASTLED : Creating FAST RGB LED at hardware address: 41
2016-05-14 00:29:08,489 : DEBUG : FASTLED : Creating FAST RGB LED at hardware address: 5B
2016-05-14 00:29:08,489 : DEBUG : FASTLED : Creating FAST RGB LED at hardware address: 4E
2016-05-14 00:29:08,489 : DEBUG : FASTLED : Creating FAST RGB LED at hardware address: 44
2016-05-14 00:29:08,489 : DEBUG : FASTLED : Creating FAST RGB LED at hardware address: 53
2016-05-14 00:29:08,489 : DEBUG : FASTLED : Creating FAST RGB LED at hardware address: 6D
2016-05-14 00:29:08,489 : DEBUG : FASTLED : Creating FAST RGB LED at hardware address: 65
2016-05-14 00:29:08,490 : DEBUG : FASTLED : Creating FAST RGB LED at hardware address: 56
2016-05-14 00:29:08,490 : DEBUG : FASTLED : Creating FAST RGB LED at hardware address: 68
2016-05-14 00:29:08,490 : DEBUG : FASTLED : Creating FAST RGB LED at hardware address: 6F
2016-05-14 00:29:08,490 : DEBUG : FASTLED : Creating FAST RGB LED at hardware address: 5F
2016-05-14 00:29:08,490 : DEBUG : FASTLED : Creating FAST RGB LED at hardware address: 94
2016-05-14 00:29:08,490 : DEBUG : FASTLED : Creating FAST RGB LED at hardware address: 88
2016-05-14 00:29:08,490 : DEBUG : FASTLED : Creating FAST RGB LED at hardware address: 8D
2016-05-14 00:29:08,491 : DEBUG : FASTLED : Creating FAST RGB LED at hardware address: 8E
2016-05-14 00:29:08,491 : DEBUG : FASTLED : Creating FAST RGB LED at hardware address: 6A
2016-05-14 00:29:08,491 : DEBUG : FASTLED : Creating FAST RGB LED at hardware address: 8F
2016-05-14 00:29:08,491 : DEBUG : FASTLED : Creating FAST RGB LED at hardware address: 54
2016-05-14 00:29:08,491 : DEBUG : FASTLED : Creating FAST RGB LED at hardware address: 47
2016-05-14 00:29:08,491 : DEBUG : FASTLED : Creating FAST RGB LED at hardware address: 85
2016-05-14 00:29:08,491 : DEBUG : FASTLED : Creating FAST RGB LED at hardware address: 8A
2016-05-14 00:29:08,492 : DEBUG : FASTLED : Creating FAST RGB LED at hardware address: 64
2016-05-14 00:29:08,492 : DEBUG : FASTLED : Creating FAST RGB LED at hardware address: 69
2016-05-14 00:29:08,492 : DEBUG : FASTLED : Creating FAST RGB LED at hardware address: 42
2016-05-14 00:29:08,492 : DEBUG : FASTLED : Creating FAST RGB LED at hardware address: 52
2016-05-14 00:29:08,492 : DEBUG : FASTLED : Creating FAST RGB LED at hardware address: 46
2016-05-14 00:29:08,492 : DEBUG : FASTLED : Creating FAST RGB LED at hardware address: 62
2016-05-14 00:29:08,492 : DEBUG : FASTLED : Creating FAST RGB LED at hardware address: 63
2016-05-14 00:29:08,493 : DEBUG : FASTLED : Creating FAST RGB LED at hardware address: 67
2016-05-14 00:29:08,493 : DEBUG : FASTLED : Creating FAST RGB LED at hardware address: 51
2016-05-14 00:29:08,493 : DEBUG : FASTLED : Creating FAST RGB LED at hardware address: 6E
2016-05-14 00:29:08,493 : DEBUG : FASTLED : Creating FAST RGB LED at hardware address: 57
2016-05-14 00:29:08,493 : DEBUG : FASTLED : Creating FAST RGB LED at hardware address: 4F
2016-05-14 00:29:08,493 : DEBUG : FASTLED : Creating FAST RGB LED at hardware address: 43
2016-05-14 00:29:08,493 : DEBUG : FASTLED : Creating FAST RGB LED at hardware address: 60
2016-05-14 00:29:08,494 : DEBUG : FASTLED : Creating FAST RGB LED at hardware address: 6C
2016-05-14 00:29:08,494 : DEBUG : FASTLED : Creating FAST RGB LED at hardware address: 48
2016-05-14 00:29:08,494 : DEBUG : FASTLED : Creating FAST RGB LED at hardware address: 59
2016-05-14 00:29:08,494 : DEBUG : FASTLED : Creating FAST RGB LED at hardware address: 6B
2016-05-14 00:29:08,494 : DEBUG : FASTLED : Creating FAST RGB LED at hardware address: 8B
2016-05-14 00:29:08,494 : DEBUG : FASTLED : Creating FAST RGB LED at hardware address: 92
2016-05-14 00:29:08,494 : DEBUG : FASTLED : Creating FAST RGB LED at hardware address: 4D
2016-05-14 00:29:08,494 : DEBUG : FASTLED : Creating FAST RGB LED at hardware address: 55
2016-05-14 00:29:08,495 : DEBUG : FASTLED : Creating FAST RGB LED at hardware address: 82
2016-05-14 00:29:08,495 : DEBUG : FASTLED : Creating FAST RGB LED at hardware address: 50
2016-05-14 00:29:08,495 : DEBUG : FASTLED : Creating FAST RGB LED at hardware address: 95
2016-05-14 00:29:08,495 : DEBUG : FASTLED : Creating FAST RGB LED at hardware address: 83
2016-05-14 00:29:08,495 : DEBUG : FASTLED : Creating FAST RGB LED at hardware address: 80
2016-05-14 00:29:08,495 : DEBUG : FASTLED : Creating FAST RGB LED at hardware address: 84
2016-05-14 00:29:08,497 : DEBUG : SwitchController : Registering switch handler: s_plungerlane, <bound method BallDevice._switch_changed of <ball_device.bd_plunger>>, state: 1, ms: 500, info: False, cb_kwargs: {}
2016-05-14 00:29:08,497 : DEBUG : SwitchController : Registering switch handler: s_plungerlane, <bound method BallDevice._switch_changed of <ball_device.bd_plunger>>, state: 0, ms: 1000, info: False, cb_kwargs: {}
2016-05-14 00:29:08,497 : DEBUG : Events : Registered BallDevice._target_ready as a handler for 'balldevice_playfield_ok_to_receive', priority: 1, kwargs: {'target': <playfield.playfield>}
2016-05-14 00:29:08,497 : DEBUG : Events : Registered BallDevice._source_device_eject_failed as a handler for 'balldevice_bd_drain_ball_eject_failed', priority: 1, kwargs: {}
2016-05-14 00:29:08,497 : DEBUG : Events : Registered BallDevice._source_device_eject_attempt as a handler for 'balldevice_bd_drain_ball_eject_attempt', priority: 1, kwargs: {}
2016-05-14 00:29:08,497 : DEBUG : Events : Registered BallDevice._source_device_ball_lost as a handler for 'balldevice_bd_drain_ball_lost', priority: 1, kwargs: {}
2016-05-14 00:29:08,498 : DEBUG : Events : Registered BallDevice._source_device_balls_available as a handler for 'balldevice_balls_available', priority: 1, kwargs: {}
2016-05-14 00:29:08,498 : DEBUG : Events : Registered BallDevice._source_device_eject_failed as a handler for 'balldevice_bd_trough_ball_eject_failed', priority: 1, kwargs: {}
2016-05-14 00:29:08,498 : DEBUG : Events : Registered BallDevice._source_device_eject_attempt as a handler for 'balldevice_bd_trough_ball_eject_attempt', priority: 1, kwargs: {}
2016-05-14 00:29:08,498 : DEBUG : Events : Registered BallDevice._source_device_ball_lost as a handler for 'balldevice_bd_trough_ball_lost', priority: 1, kwargs: {}
2016-05-14 00:29:08,498 : DEBUG : Events : Registered BallDevice._source_device_balls_available as a handler for 'balldevice_balls_available', priority: 1, kwargs: {}
2016-05-14 00:29:08,498 : DEBUG : Events : Registered BallDevice._initialize_phase_4 as a handler for 'init_phase_4', priority: 1, kwargs: {}
2016-05-14 00:29:08,499 : DEBUG : SwitchController : Registering switch handler: s_toprightvuk, <bound method BallDevice._switch_changed of <ball_device.bd_top_right_vuk>>, state: 1, ms: 500, info: False, cb_kwargs: {}
2016-05-14 00:29:08,499 : DEBUG : SwitchController : Registering switch handler: s_toprightvuk, <bound method BallDevice._switch_changed of <ball_device.bd_top_right_vuk>>, state: 0, ms: 500, info: False, cb_kwargs: {}
2016-05-14 00:29:08,499 : DEBUG : Events : Registered BallDevice._target_ready as a handler for 'balldevice_playfield_ok_to_receive', priority: 1, kwargs: {'target': <playfield.playfield>}
2016-05-14 00:29:08,499 : DEBUG : Events : Registered BallDevice._source_device_eject_failed as a handler for 'balldevice_bd_top_kicker_ball_eject_failed', priority: 1, kwargs: {}
2016-05-14 00:29:08,499 : DEBUG : Events : Registered BallDevice._source_device_eject_attempt as a handler for 'balldevice_bd_top_kicker_ball_eject_attempt', priority: 1, kwargs: {}
2016-05-14 00:29:08,499 : DEBUG : Events : Registered BallDevice._source_device_ball_lost as a handler for 'balldevice_bd_top_kicker_ball_lost', priority: 1, kwargs: {}
2016-05-14 00:29:08,500 : DEBUG : Events : Registered BallDevice._source_device_balls_available as a handler for 'balldevice_balls_available', priority: 1, kwargs: {}
2016-05-14 00:29:08,500 : DEBUG : Events : Registered BallDevice._initialize_phase_4 as a handler for 'init_phase_4', priority: 1, kwargs: {}
2016-05-14 00:29:08,500 : DEBUG : SwitchController : Registering switch handler: s_drain, <bound method BallDevice._switch_changed of <ball_device.bd_drain>>, state: 1, ms: 500, info: False, cb_kwargs: {}
2016-05-14 00:29:08,500 : DEBUG : SwitchController : Registering switch handler: s_drain, <bound method BallDevice._switch_changed of <ball_device.bd_drain>>, state: 0, ms: 500, info: False, cb_kwargs: {}
2016-05-14 00:29:08,500 : DEBUG : Events : Registered BallDevice._target_ready as a handler for 'balldevice_bd_trough_ok_to_receive', priority: 1, kwargs: {'target': <ball_device.bd_trough>}
2016-05-14 00:29:08,500 : DEBUG : Events : Registered BallDevice._target_ready as a handler for 'balldevice_bd_plunger_ok_to_receive', priority: 1, kwargs: {'target': <ball_device.bd_plunger>}
2016-05-14 00:29:08,501 : DEBUG : Events : Registered BallDevice._target_ready as a handler for 'balldevice_playfield_ok_to_receive', priority: 1, kwargs: {'target': <playfield.playfield>}
2016-05-14 00:29:08,501 : DEBUG : Events : Registered BallDevice._initialize_phase_4 as a handler for 'init_phase_4', priority: 1, kwargs: {}
2016-05-14 00:29:08,501 : DEBUG : SwitchController : Registering switch handler: s_lowervukopto, <bound method BallDevice._switch_changed of <ball_device.bd_lower_vuk>>, state: 1, ms: 600, info: False, cb_kwargs: {}
2016-05-14 00:29:08,501 : DEBUG : SwitchController : Registering switch handler: s_lowervukopto, <bound method BallDevice._switch_changed of <ball_device.bd_lower_vuk>>, state: 0, ms: 800, info: False, cb_kwargs: {}
2016-05-14 00:29:08,501 : DEBUG : Events : Registered BallDevice._target_ready as a handler for 'balldevice_playfield_ok_to_receive', priority: 1, kwargs: {'target': <playfield.playfield>}
2016-05-14 00:29:08,501 : DEBUG : Events : Registered BallDevice._initialize_phase_4 as a handler for 'init_phase_4', priority: 1, kwargs: {}
2016-05-14 00:29:08,501 : DEBUG : SwitchController : Registering switch handler: s_troughenter, <bound method BallDevice._entrance_switch_handler of <ball_device.bd_trough>>, state: 1, ms: 0, info: False, cb_kwargs: {}
2016-05-14 00:29:08,502 : DEBUG : SwitchController : Registering switch handler: s_troughenter, <bound method BallDevice._entrance_switch_full_handler of <ball_device.bd_trough>>, state: 1, ms: 3000, info: False, cb_kwargs: {}
2016-05-14 00:29:08,502 : DEBUG : Events : Registered BallDevice._target_ready as a handler for 'balldevice_bd_plunger_ok_to_receive', priority: 1, kwargs: {'target': <ball_device.bd_plunger>}
2016-05-14 00:29:08,502 : DEBUG : Events : Registered BallDevice._target_ready as a handler for 'balldevice_playfield_ok_to_receive', priority: 1, kwargs: {'target': <playfield.playfield>}
2016-05-14 00:29:08,502 : DEBUG : ball_device.bd_trough : EVENT: bd_drain to bd_trough
2016-05-14 00:29:08,502 : DEBUG : Events : Registered BallDevice._source_device_eject_failed as a handler for 'balldevice_bd_drain_ball_eject_failed', priority: 1, kwargs: {}
2016-05-14 00:29:08,502 : DEBUG : Events : Registered BallDevice._source_device_eject_attempt as a handler for 'balldevice_bd_drain_ball_eject_attempt', priority: 1, kwargs: {}
2016-05-14 00:29:08,502 : DEBUG : Events : Registered BallDevice._source_device_ball_lost as a handler for 'balldevice_bd_drain_ball_lost', priority: 1, kwargs: {}
2016-05-14 00:29:08,503 : DEBUG : Events : Registered BallDevice._source_device_balls_available as a handler for 'balldevice_balls_available', priority: 1, kwargs: {}
2016-05-14 00:29:08,503 : DEBUG : Events : Registered BallDevice._initialize_phase_4 as a handler for 'init_phase_4', priority: 1, kwargs: {}
2016-05-14 00:29:08,503 : DEBUG : SwitchController : Registering switch handler: s_topkicker, <bound method BallDevice._switch_changed of <ball_device.bd_top_kicker>>, state: 1, ms: 500, info: False, cb_kwargs: {}
2016-05-14 00:29:08,503 : DEBUG : SwitchController : Registering switch handler: s_topkicker, <bound method BallDevice._switch_changed of <ball_device.bd_top_kicker>>, state: 0, ms: 500, info: False, cb_kwargs: {}
2016-05-14 00:29:08,503 : DEBUG : Events : Registered BallDevice._target_ready as a handler for 'balldevice_playfield_ok_to_receive', priority: 1, kwargs: {'target': <playfield.playfield>}
2016-05-14 00:29:08,503 : DEBUG : Events : Registered BallDevice._target_ready as a handler for 'balldevice_bd_top_right_vuk_ok_to_receive', priority: 1, kwargs: {'target': <ball_device.bd_top_right_vuk>}
2016-05-14 00:29:08,504 : DEBUG : Events : Registered BallDevice._initialize_phase_4 as a handler for 'init_phase_4', priority: 1, kwargs: {}
2016-05-14 00:29:08,504 : DEBUG : Events : Registered Playfield._source_device_eject_success as a handler for 'balldevice_bd_plunger_ball_eject_success', priority: 1, kwargs: {}
2016-05-14 00:29:08,504 : DEBUG : Events : Registered Playfield._source_device_ball_lost as a handler for 'balldevice_bd_plunger_ball_lost', priority: 1, kwargs: {}
2016-05-14 00:29:08,504 : DEBUG : Events : Registered Playfield._source_device_eject_failed as a handler for 'balldevice_bd_plunger_ball_eject_failed', priority: 1, kwargs: {}
2016-05-14 00:29:08,504 : DEBUG : Events : Registered Playfield._source_device_eject_attempt as a handler for 'balldevice_bd_plunger_ball_eject_attempt', priority: 1, kwargs: {}
2016-05-14 00:29:08,504 : DEBUG : Events : Registered Playfield._source_device_eject_success as a handler for 'balldevice_bd_top_right_vuk_ball_eject_success', priority: 1, kwargs: {}
2016-05-14 00:29:08,504 : DEBUG : Events : Registered Playfield._source_device_ball_lost as a handler for 'balldevice_bd_top_right_vuk_ball_lost', priority: 1, kwargs: {}
2016-05-14 00:29:08,505 : DEBUG : Events : Registered Playfield._source_device_eject_failed as a handler for 'balldevice_bd_top_right_vuk_ball_eject_failed', priority: 1, kwargs: {}
2016-05-14 00:29:08,505 : DEBUG : Events : Registered Playfield._source_device_eject_attempt as a handler for 'balldevice_bd_top_right_vuk_ball_eject_attempt', priority: 1, kwargs: {}
2016-05-14 00:29:08,505 : DEBUG : Events : Registered Playfield._source_device_eject_success as a handler for 'balldevice_bd_drain_ball_eject_success', priority: 1, kwargs: {}
2016-05-14 00:29:08,505 : DEBUG : Events : Registered Playfield._source_device_ball_lost as a handler for 'balldevice_bd_drain_ball_lost', priority: 1, kwargs: {}
2016-05-14 00:29:08,505 : DEBUG : Events : Registered Playfield._source_device_eject_failed as a handler for 'balldevice_bd_drain_ball_eject_failed', priority: 1, kwargs: {}
2016-05-14 00:29:08,505 : DEBUG : Events : Registered Playfield._source_device_eject_attempt as a handler for 'balldevice_bd_drain_ball_eject_attempt', priority: 1, kwargs: {}
2016-05-14 00:29:08,505 : DEBUG : Events : Registered Playfield._source_device_eject_success as a handler for 'balldevice_bd_lower_vuk_ball_eject_success', priority: 1, kwargs: {}
2016-05-14 00:29:08,505 : DEBUG : Events : Registered Playfield._source_device_ball_lost as a handler for 'balldevice_bd_lower_vuk_ball_lost', priority: 1, kwargs: {}
2016-05-14 00:29:08,506 : DEBUG : Events : Registered Playfield._source_device_eject_failed as a handler for 'balldevice_bd_lower_vuk_ball_eject_failed', priority: 1, kwargs: {}
2016-05-14 00:29:08,506 : DEBUG : Events : Registered Playfield._source_device_eject_attempt as a handler for 'balldevice_bd_lower_vuk_ball_eject_attempt', priority: 1, kwargs: {}
2016-05-14 00:29:08,506 : DEBUG : Events : Registered Playfield._source_device_eject_success as a handler for 'balldevice_bd_trough_ball_eject_success', priority: 1, kwargs: {}
2016-05-14 00:29:08,506 : DEBUG : Events : Registered Playfield._source_device_ball_lost as a handler for 'balldevice_bd_trough_ball_lost', priority: 1, kwargs: {}
2016-05-14 00:29:08,506 : DEBUG : Events : Registered Playfield._source_device_eject_failed as a handler for 'balldevice_bd_trough_ball_eject_failed', priority: 1, kwargs: {}
2016-05-14 00:29:08,506 : DEBUG : Events : Registered Playfield._source_device_eject_attempt as a handler for 'balldevice_bd_trough_ball_eject_attempt', priority: 1, kwargs: {}
2016-05-14 00:29:08,506 : DEBUG : Events : Registered Playfield._source_device_eject_success as a handler for 'balldevice_bd_top_kicker_ball_eject_success', priority: 1, kwargs: {}
2016-05-14 00:29:08,507 : DEBUG : Events : Registered Playfield._source_device_ball_lost as a handler for 'balldevice_bd_top_kicker_ball_lost', priority: 1, kwargs: {}
2016-05-14 00:29:08,507 : DEBUG : Events : Registered Playfield._source_device_eject_failed as a handler for 'balldevice_bd_top_kicker_ball_eject_failed', priority: 1, kwargs: {}
2016-05-14 00:29:08,507 : DEBUG : Events : Registered Playfield._source_device_eject_attempt as a handler for 'balldevice_bd_top_kicker_ball_eject_attempt', priority: 1, kwargs: {}
2016-05-14 00:29:08,507 : DEBUG : Events : Registered Playfield._ball_removed_handler as a handler for 'balldevice_captured_from_playfield', priority: 1, kwargs: {}
2016-05-14 00:29:08,507 : DEBUG : Events : Registered Playfield.playfield_switch_hit as a handler for 'sw_playfield_active', priority: 1, kwargs: {}
2016-05-14 00:29:08,507 : DEBUG : Events : Registered DropTarget._update_state_from_switch as a handler for 'init_phase_4', priority: 1, kwargs: {}
2016-05-14 00:29:08,508 : DEBUG : Events : Registered DropTarget._register_switch_handlers as a handler for 'init_phase_4', priority: 1, kwargs: {}
2016-05-14 00:29:08,508 : DEBUG : Events : Registered DropTarget._update_state_from_switch as a handler for 'init_phase_4', priority: 1, kwargs: {}
2016-05-14 00:29:08,508 : DEBUG : Events : Registered DropTarget._register_switch_handlers as a handler for 'init_phase_4', priority: 1, kwargs: {}
2016-05-14 00:29:08,508 : DEBUG : Events : Registered DropTarget._update_state_from_switch as a handler for 'init_phase_4', priority: 1, kwargs: {}
2016-05-14 00:29:08,508 : DEBUG : Events : Registered DropTarget._register_switch_handlers as a handler for 'init_phase_4', priority: 1, kwargs: {}
2016-05-14 00:29:08,508 : DEBUG : Events : Registered DropTarget._update_state_from_switch as a handler for 'init_phase_4', priority: 1, kwargs: {}
2016-05-14 00:29:08,509 : DEBUG : Events : Registered DropTarget._register_switch_handlers as a handler for 'init_phase_4', priority: 1, kwargs: {}
2016-05-14 00:29:08,509 : DEBUG : Events : Registered DropTarget._update_state_from_switch as a handler for 'init_phase_4', priority: 1, kwargs: {}
2016-05-14 00:29:08,509 : DEBUG : Events : Registered DropTarget._register_switch_handlers as a handler for 'init_phase_4', priority: 1, kwargs: {}
2016-05-14 00:29:08,509 : DEBUG : Events : ^^^^ Posted event 'drop_targets_up'. Type: None, Callback: None, Args: {}
2016-05-14 00:29:08,509 : DEBUG : Events : ============== EVENTS QUEUE =============
2016-05-14 00:29:08,509 : DEBUG : Events : drop_targets_up, None, None, {}
2016-05-14 00:29:08,509 : DEBUG : Events : =========================================
2016-05-14 00:29:08,510 : DEBUG : Events : Registered Diverter._feeder_eject_attempt as a handler for 'balldevice_playfield_ball_eject_attempt', priority: 1, kwargs: {}
2016-05-14 00:29:08,512 : DEBUG : Events : Registered Diverter._feeder_eject_count_decrease as a handler for 'balldevice_playfield_ball_eject_failed', priority: 1, kwargs: {}
2016-05-14 00:29:08,513 : DEBUG : Events : Registered Diverter._feeder_eject_count_decrease as a handler for 'balldevice_playfield_ball_eject_success', priority: 1, kwargs: {}
2016-05-14 00:29:08,513 : DEBUG : Events : Registered Diverter._register_switches as a handler for 'init_phase_3', priority: 1, kwargs: {}
2016-05-14 00:29:08,513 : DEBUG : Events : Registered Servo._position_event as a handler for 's_rightbanktop_active', priority: 1, kwargs: {'position': 0.0}
2016-05-14 00:29:08,513 : DEBUG : Events : Registered Servo._position_event as a handler for 's_rightbankbottom_active', priority: 1, kwargs: {'position': 1.0}
2016-05-14 00:29:08,514 : DEBUG : Events : BCP._setup_dmds (priority: 1) responding to event 'init_phase_1' with args {}
2016-05-14 00:29:08,514 : DEBUG : Events : ConfigPlayer._initialize (priority: 1) responding to event 'init_phase_1' with args {}
2016-05-14 00:29:08,514 : DEBUG : Mode Controller : Registering <bound method ConfigPlayer.mode_start of ConfigPlayer.gis> as a mode start method. Config section: gi_player, priority: 0, kwargs: {}
2016-05-14 00:29:08,518 : DEBUG : Events : ConfigPlayer._initialize (priority: 1) responding to event 'init_phase_1' with args {}
2016-05-14 00:29:08,518 : DEBUG : Mode Controller : Registering <bound method ConfigPlayer.mode_start of ConfigPlayer.lights> as a mode start method. Config section: light_player, priority: 0, kwargs: {}
2016-05-14 00:29:08,518 : DEBUG : Events : ConfigPlayer._initialize (priority: 1) responding to event 'init_phase_1' with args {}
2016-05-14 00:29:08,518 : DEBUG : Mode Controller : Registering <bound method ConfigPlayer.mode_start of ConfigPlayer.coils> as a mode start method. Config section: coil_player, priority: 0, kwargs: {}
2016-05-14 00:29:08,518 : DEBUG : Events : ConfigPlayer._initialize (priority: 1) responding to event 'init_phase_1' with args {}
2016-05-14 00:29:08,518 : DEBUG : Mode Controller : Registering <bound method ConfigPlayer.mode_start of ConfigPlayer.bcp> as a mode start method. Config section: bcp_player, priority: 0, kwargs: {}
2016-05-14 00:29:08,518 : DEBUG : Events : ConfigPlayer._initialize (priority: 1) responding to event 'init_phase_1' with args {}
2016-05-14 00:29:08,519 : DEBUG : Mode Controller : Registering <bound method ConfigPlayer.mode_start of ConfigPlayer.events> as a mode start method. Config section: event_player, priority: 0, kwargs: {}
2016-05-14 00:29:08,520 : DEBUG : Events : ConfigPlayer._initialize (priority: 1) responding to event 'init_phase_1' with args {}
2016-05-14 00:29:08,520 : DEBUG : Mode Controller : Registering <bound method ConfigPlayer.mode_start of ConfigPlayer.triggers> as a mode start method. Config section: trigger_player, priority: 0, kwargs: {}
2016-05-14 00:29:08,521 : DEBUG : Events : ConfigPlayer._initialize (priority: 1) responding to event 'init_phase_1' with args {}
2016-05-14 00:29:08,521 : DEBUG : Mode Controller : Registering <bound method ConfigPlayer.mode_start of ConfigPlayer.leds> as a mode start method. Config section: led_player, priority: 0, kwargs: {}
2016-05-14 00:29:08,521 : DEBUG : Events : ConfigPlayer._initialize (priority: 1) responding to event 'init_phase_1' with args {}
2016-05-14 00:29:08,521 : DEBUG : Mode Controller : Registering <bound method ConfigPlayer.mode_start of ConfigPlayer.flashers> as a mode start method. Config section: flasher_player, priority: 0, kwargs: {}
2016-05-14 00:29:08,521 : DEBUG : Events : ConfigPlayer._initialize (priority: 1) responding to event 'init_phase_1' with args {}
2016-05-14 00:29:08,521 : DEBUG : Mode Controller : Registering <bound method ConfigPlayer.mode_start of ConfigPlayer.random_events> as a mode start method. Config section: random_event_player, priority: 0, kwargs: {}
2016-05-14 00:29:08,522 : DEBUG : Events : ConfigPlayer._initialize (priority: 1) responding to event 'init_phase_1' with args {}
2016-05-14 00:29:08,522 : DEBUG : Mode Controller : Registering <bound method ConfigPlayer.mode_start of ConfigPlayer.shows> as a mode start method. Config section: show_player, priority: 0, kwargs: {}
2016-05-14 00:29:08,522 : DEBUG : Events : ConfigPlayer._initialize (priority: 1) responding to event 'init_phase_1' with args {}
2016-05-14 00:29:08,522 : DEBUG : Mode Controller : Registering <bound method ConfigPlayer.mode_start of PluginPlayer.slides> as a mode start method. Config section: slide_player, priority: 0, kwargs: {}
2016-05-14 00:29:08,522 : DEBUG : Events : ConfigPlayer._initialize (priority: 1) responding to event 'init_phase_1' with args {}
2016-05-14 00:29:08,523 : DEBUG : Mode Controller : Registering <bound method ConfigPlayer.mode_start of PluginPlayer.sounds> as a mode start method. Config section: sound_player, priority: 0, kwargs: {}
2016-05-14 00:29:08,523 : DEBUG : Events : ConfigPlayer._initialize (priority: 1) responding to event 'init_phase_1' with args {}
2016-05-14 00:29:08,523 : DEBUG : Mode Controller : Registering <bound method ConfigPlayer.mode_start of PluginPlayer.widgets> as a mode start method. Config section: widget_player, priority: 0, kwargs: {}
2016-05-14 00:29:08,523 : DEBUG : Events : vvvv Finished event 'init_phase_1'. Type: None. Callback: None. Args: {}
2016-05-14 00:29:08,523 : DEBUG : Events : ^^^^ Processing event 'drop_targets_up'. Type: None, Callback: None, Args: {}
2016-05-14 00:29:08,524 : DEBUG : Events : vvvv Finished event 'drop_targets_up'. Type: None. Callback: None. Args: {}
2016-05-14 00:29:08,524 : DEBUG : Events : ^^^^ Posted event 'init_phase_2'. Type: None, Callback: None, Args: {}
2016-05-14 00:29:08,524 : DEBUG : Events : ============== EVENTS QUEUE =============
2016-05-14 00:29:08,524 : DEBUG : Events : init_phase_2, None, None, {}
2016-05-14 00:29:08,524 : DEBUG : Events : =========================================
2016-05-14 00:29:08,524 : DEBUG : Events : ^^^^ Processing event 'init_phase_2'. Type: None, Callback: None, Args: {}
2016-05-14 00:29:08,525 : DEBUG : Events : SwitchController._initialize_switches (priority: 1000) responding to event 'init_phase_2' with args {}
