2016-05-13 23:44:21,354 : INFO : Machine : Mission Pinball Framework Core Engine v0.30.0.dev1482
2016-05-13 23:44:21,354 : DEBUG : Machine : Command line arguments: {'mpfconfigfile': '/Applications/MPF.app/Contents/Frameworks/python/3.5.0/lib/python3.5/site-packages/mpf/mpfconfig.yaml', 'force_platform': None, 'bcp': True, 'logfile': 'logs/2016-05-13-23-44-21-mpf-Gabriels-MacBook-Pro.local.log', 'configfile': ['config'], 'consoleloglevel': True, 'loglevel': 10, 'create_config_cache': True, 'pause': False, 'no_load_cache': False}
2016-05-13 23:44:21,355 : DEBUG : Machine : MPF path: /Applications/MPF.app/Contents/Frameworks/python/3.5.0/lib/python3.5/site-packages/mpf
2016-05-13 23:44:21,355 : INFO : Machine : Machine path: /Users/gabe/Dropbox/Pinball/Gabe/bnd
2016-05-13 23:44:21,355 : DEBUG : Machine : Command line arguments: {'mpfconfigfile': '/Applications/MPF.app/Contents/Frameworks/python/3.5.0/lib/python3.5/site-packages/mpf/mpfconfig.yaml', 'force_platform': None, 'bcp': True, 'logfile': 'logs/2016-05-13-23-44-21-mpf-Gabriels-MacBook-Pro.local.log', 'configfile': ['config'], 'consoleloglevel': True, 'loglevel': 10, 'create_config_cache': True, 'pause': False, 'no_load_cache': False}
2016-05-13 23:44:21,355 : DEBUG : Machine : Python version: 3.5.0
2016-05-13 23:44:21,355 : DEBUG : Machine : Platform: darwin
2016-05-13 23:44:21,355 : DEBUG : Machine : Python executable location: /Applications/MPF.app/Contents/Resources/python
2016-05-13 23:44:21,355 : DEBUG : Machine : 32-bit Python? False
2016-05-13 23:44:21,356 : DEBUG : Machine : Machine path: /Users/gabe/Dropbox/Pinball/Gabe/bnd
2016-05-13 23:44:21,563 : INFO : Machine : Loading cached config: /var/folders/c1/z5pg47y54_s14cd2m1zmk1kc0000gn/T/db0cb78b77a969ed262a283d7c7743faconfig
2016-05-13 23:44:21,564 : DEBUG : Clock : Starting clock (maximum frames per second=30.0)
2016-05-13 23:44:21,564 : INFO : Machine : Starting clock at 30.0Hz
2016-05-13 23:44:21,564 : DEBUG : Clock : Scheduled a recurring clock callback (callback=<bound method MachineController._check_crash_queue of <mpf.core.machine.MachineController object at 0x1054eaeb8>>, timeout=1, priority=1)
2016-05-13 23:44:21,568 : DEBUG : Pololu Maestro : Configuring template hardware interface.
2016-05-13 23:44:21,571 : INFO : FAST : Configuring FAST hardware.
2016-05-13 23:44:21,571 : DEBUG : Machine : Setting default platform to 'fast'
2016-05-13 23:44:21,571 : INFO : Machine : Loading core modules...
2016-05-13 23:44:21,571 : DEBUG : Machine : Loading 'mpf.core.events.EventManager' core module
2016-05-13 23:44:21,572 : DEBUG : Machine : Loading 'mpf.core.mode_controller.ModeController' core module
2016-05-13 23:44:21,573 : DEBUG : Events : Registered ModeController._load_modes as a handler for 'init_phase_2', priority: 1, kwargs: {}
2016-05-13 23:44:21,573 : DEBUG : Events : Registered ModeController._ball_ending as a handler for 'ball_ending', priority: 0, kwargs: {}
2016-05-13 23:44:21,574 : DEBUG : Events : Registered ModeController._ball_starting as a handler for 'ball_starting', priority: 0, kwargs: {}
2016-05-13 23:44:21,574 : DEBUG : Events : Registered ModeController._player_added as a handler for 'player_add_success', priority: 0, kwargs: {}
2016-05-13 23:44:21,574 : DEBUG : Events : Registered ModeController._player_turn_start as a handler for 'player_turn_start', priority: 1000000, kwargs: {}
2016-05-13 23:44:21,574 : DEBUG : Events : Registered ModeController._player_turn_stop as a handler for 'player_turn_stop', priority: 1000000, kwargs: {}
2016-05-13 23:44:21,574 : DEBUG : Machine : Loading 'mpf.core.config_processor.ConfigProcessor' core module
2016-05-13 23:44:21,574 : DEBUG : Machine : Loading 'mpf.core.shot_profile_manager.ShotProfileManager' core module
2016-05-13 23:44:21,575 : DEBUG : ShotProfileManager : Registering Shot Profile: 'default'
2016-05-13 23:44:21,575 : DEBUG : ShotProfileManager : Processed 'default' profile configuration: {'states': [{'reset': True, 'action': 'play', 'manual_advance': False, 'speed': 1.0, 'hold': True, 'sync_ms': 0, 'show_tokens': {}, 'start_step': 1, 'loops': -1, 'key': None, 'show': 'off', 'priority': 0, 'name': 'unlit'}, {'reset': True, 'action': 'play', 'manual_advance': False, 'speed': 1.0, 'hold': True, 'sync_ms': 0, 'show_tokens': {}, 'start_step': 1, 'loops': -1, 'key': None, 'show': 'on', 'priority': 0, 'name': 'lit'}], 'state_names_to_rotate': [], 'player_variable': '%_default', 'show_when_disabled': False, 'state_names_to_not_rotate': [], 'block': True, 'advance_on_hit': True, 'hold': None, 'rotation_pattern': deque(['right']), 'show': None, 'loop': False}
2016-05-13 23:44:21,575 : DEBUG : Mode Controller : Registering <bound method ShotProfileManager.mode_start_for_shots of <mpf.core.shot_profile_manager.ShotProfileManager object at 0x10559c470>> as a mode start method. Config section: shots, priority: 0, kwargs: {}
2016-05-13 23:44:21,575 : DEBUG : Mode Controller : Registering <bound method ShotProfileManager.mode_start_for_shot_groups of <mpf.core.shot_profile_manager.ShotProfileManager object at 0x10559c470>> as a mode start method. Config section: shot_groups, priority: 0, kwargs: {}
2016-05-13 23:44:21,576 : DEBUG : Events : Registered ShotProfileManager._player_turn_start as a handler for 'player_turn_start', priority: 1000000, kwargs: {}
2016-05-13 23:44:21,576 : DEBUG : Events : Registered ShotProfileManager._player_turn_stop as a handler for 'player_turn_stop', priority: 0, kwargs: {}
2016-05-13 23:44:21,576 : DEBUG : Machine : Loading 'mpf.core.device_manager.DeviceManager' core module
2016-05-13 23:44:21,576 : DEBUG : Events : Registered DeviceManager._load_device_modules as a handler for 'init_phase_1', priority: 1, kwargs: {}
2016-05-13 23:44:21,576 : DEBUG : Events : Registered DeviceManager.create_machinewide_device_control_events as a handler for 'init_phase_2', priority: 1, kwargs: {}
2016-05-13 23:44:21,576 : DEBUG : Events : Registered DeviceManager.create_collection_control_events as a handler for 'init_phase_2', priority: 1, kwargs: {}
2016-05-13 23:44:21,576 : DEBUG : Machine : Loading 'mpf.core.switch_controller.SwitchController' core module
2016-05-13 23:44:21,577 : DEBUG : Clock : Scheduled a recurring clock callback (callback=<bound method SwitchController._tick of <mpf.core.switch_controller.SwitchController object at 0x10559c710>>, timeout=0, priority=1000)
2016-05-13 23:44:21,577 : DEBUG : Events : Registered SwitchController._initialize_switches as a handler for 'init_phase_2', priority: 1000, kwargs: {}
2016-05-13 23:44:21,577 : DEBUG : Events : Registered SwitchController.log_active_switches as a handler for 'machine_reset_phase_3', priority: 1, kwargs: {}
2016-05-13 23:44:21,577 : DEBUG : Machine : Loading 'mpf.core.ball_controller.BallController' core module
2016-05-13 23:44:21,578 : DEBUG : BallController : Loading the BallController
2016-05-13 23:44:21,578 : DEBUG : Events : Registered BallController.request_to_start_game as a handler for 'request_to_start_game', priority: 1, kwargs: {}
2016-05-13 23:44:21,578 : DEBUG : Events : Registered BallController._initialize as a handler for 'machine_reset_phase_2', priority: 1, kwargs: {}
2016-05-13 23:44:21,578 : DEBUG : Events : Registered BallController._init2 as a handler for 'init_phase_2', priority: 1, kwargs: {}
2016-05-13 23:44:21,578 : DEBUG : Machine : Loading 'mpf.core.assets.AssetManager' core module
2016-05-13 23:44:21,579 : DEBUG : AssetManager : Initializing...
2016-05-13 23:44:21,579 : DEBUG : Mode Controller : Registering <bound method AssetManager._load_mode_assets of <mpf.core.assets.AssetManager object at 0x10559ce48>> as a mode start method. Config section: None, priority: 0, kwargs: {}
2016-05-13 23:44:21,580 : DEBUG : Events : Registered AssetManager._create_assets as a handler for 'init_phase_3', priority: 1, kwargs: {}
2016-05-13 23:44:21,580 : DEBUG : Events : Registered AssetManager._bcp_client_asset_load as a handler for 'assets_to_load', priority: 1, kwargs: {}
2016-05-13 23:44:21,580 : DEBUG : Machine : Loading 'mpf.core.show_controller.ShowController' core module
2016-05-13 23:44:21,582 : DEBUG : Clock : Scheduled a recurring clock callback (callback=<bound method ShowController._tick of <mpf.core.show_controller.ShowController object at 0x10559f400>>, timeout=0, priority=1)
2016-05-13 23:44:21,582 : DEBUG : Events : Registered ShowController._initialize as a handler for 'init_phase_3', priority: 1, kwargs: {}
2016-05-13 23:44:21,582 : DEBUG : Machine : Loading 'mpf.core.bcp.BCP' core module
2016-05-13 23:44:21,582 : DEBUG : Events : Registered BCP.bcp_trigger as a handler for 'ball_started', priority: 1, kwargs: {'name': 'ball_started'}
2016-05-13 23:44:21,582 : DEBUG : Events : Registered BCP.bcp_trigger as a handler for 'ball_ended', priority: 1, kwargs: {'name': 'ball_ended'}
2016-05-13 23:44:21,582 : DEBUG : Events : Registered BCP.bcp_trigger as a handler for 'player_add_success', priority: 1, kwargs: {'name': 'player_add_success'}
2016-05-13 23:44:21,583 : DEBUG : Events : Registered BCP._bcp_event_callback as a handler for 'ball_ending', priority: 1, kwargs: {'command': 'ball_end'}
2016-05-13 23:44:21,583 : DEBUG : Events : Registered BCP._bcp_event_callback as a handler for 'player_turn_start', priority: 1, kwargs: {'command': 'player_turn_start', 'params': {'player_num': '%number'}}
2016-05-13 23:44:21,583 : DEBUG : Events : Registered BCP._bcp_event_callback as a handler for 'ball_started', priority: 1, kwargs: {'command': 'ball_start', 'params': {'ball': '%ball', 'player_num': '%player'}}
2016-05-13 23:44:21,583 : DEBUG : Events : Registered BCP._bcp_event_callback as a handler for 'clear', priority: 1, kwargs: {'command': 'trigger', 'params': {'key': '%key', 'name': 'clear'}}
2016-05-13 23:44:21,583 : DEBUG : Events : Registered BCP.bcp_trigger as a handler for 'player_score', priority: 1, kwargs: {'name': 'player_score'}
2016-05-13 23:44:21,583 : DEBUG : Events : Registered BCP._setup_dmds as a handler for 'init_phase_1', priority: 1, kwargs: {}
2016-05-13 23:44:21,583 : DEBUG : Events : Registered BCP._setup_bcp_connections as a handler for 'init_phase_2', priority: 1, kwargs: {}
2016-05-13 23:44:21,584 : DEBUG : Clock : Scheduled a recurring clock callback (callback=<bound method BCP.get_bcp_messages of <BCP Module>>, timeout=0, priority=1)
2016-05-13 23:44:21,584 : DEBUG : Events : Registered BCP.bcp_player_added as a handler for 'player_add_success', priority: 1, kwargs: {}
2016-05-13 23:44:21,584 : DEBUG : Events : Registered BCP.bcp_reset as a handler for 'machine_reset_phase_1', priority: 1, kwargs: {}
2016-05-13 23:44:21,584 : DEBUG : Events : Registered BCP.increase_volume as a handler for 'increase_volume', priority: 1, kwargs: {}
2016-05-13 23:44:21,584 : DEBUG : Events : Registered BCP.decrease_volume as a handler for 'decrease_volume', priority: 1, kwargs: {}
2016-05-13 23:44:21,584 : DEBUG : Events : Registered BCP.enable_volume_keys as a handler for 'enable_volume_keys', priority: 1, kwargs: {}
2016-05-13 23:44:21,584 : DEBUG : Events : Registered BCP.disable_volume_keys as a handler for 'disable_volume_keys', priority: 1, kwargs: {}
2016-05-13 23:44:21,585 : DEBUG : Events : Registered BCP.get_led_coordinates as a handler for 'bcp_get_led_coordinates', priority: 1, kwargs: {}
2016-05-13 23:44:21,585 : DEBUG : Mode Controller : Registering <bound method BCP.bcp_mode_start of <BCP Module>> as a mode start method. Config section: mode, priority: 0, kwargs: {}
2016-05-13 23:44:21,585 : DEBUG : Machine : Loading 'mpf.core.logic_blocks.LogicBlocks' core module
2016-05-13 23:44:21,585 : DEBUG : Mode Controller : Registering <bound method LogicBlocks._process_config of <mpf.core.logic_blocks.LogicBlocks object at 0x1055ad390>> as a mode start method. Config section: logic_blocks, priority: 0, kwargs: {}
2016-05-13 23:44:21,586 : DEBUG : Events : Registered LogicBlocks._create_player_logic_blocks as a handler for 'player_add_success', priority: 1, kwargs: {}
2016-05-13 23:44:21,586 : DEBUG : Events : Registered LogicBlocks.player_turn_start as a handler for 'player_turn_start', priority: 1, kwargs: {}
2016-05-13 23:44:21,586 : DEBUG : Events : Registered LogicBlocks.player_turn_stop as a handler for 'player_turn_stop', priority: 1, kwargs: {}
2016-05-13 23:44:21,586 : DEBUG : Machine : Loading 'mpf.core.scoring.ScoreController' core module
2016-05-13 23:44:21,586 : DEBUG : Score : Loading the Score Controller
2016-05-13 23:44:21,586 : DEBUG : Mode Controller : Registering <bound method ScoreController.mode_start of <mpf.core.scoring.ScoreController object at 0x1055ad7b8>> as a mode start method. Config section: scoring, priority: 0, kwargs: {}
2016-05-13 23:44:21,587 : INFO : FAST : Configuring FAST Controller for FAST IO boards.
2016-05-13 23:44:21,587 : INFO : FAST : Connecting to /dev/tty.usbserial-141C at 921600bps
2016-05-13 23:44:23,089 : DEBUG : FAST : Sending 'ID:' command to port '/dev/tty.usbserial-141C'
2016-05-13 23:44:23,104 : DEBUG : FAST : Sending 'ID:' command to port '/dev/tty.usbserial-141C'
2016-05-13 23:44:23,104 : INFO : FAST : Received ID acknowledgement. Processor: RGB, Board: FP-CPU-002-2, Firmware: 01.00
2016-05-13 23:44:23,105 : INFO : FAST : Connecting to /dev/tty.usbserial-141B at 921600bps
2016-05-13 23:44:24,608 : DEBUG : FAST : Sending 'ID:' command to port '/dev/tty.usbserial-141B'
2016-05-13 23:44:24,623 : DEBUG : FAST : Sending 'ID:' command to port '/dev/tty.usbserial-141B'
2016-05-13 23:44:24,624 : INFO : FAST : Received ID acknowledgement. Processor: NET, Board: FP-CPU-002-2, Firmware: 01.00
2016-05-13 23:44:24,624 : DEBUG : FAST : Querying FAST IO boards...
2016-05-13 23:44:24,640 : INFO : FAST : Fast IO Board 00: Model: FP-I/O-3208-2, Firmware: 01.00, Switches: 32, Drivers: 8
2016-05-13 23:44:24,655 : INFO : FAST : Fast IO Board 01: Model: FP-I/O-3208-2, Firmware: 01.00, Switches: 32, Drivers: 8
2016-05-13 23:44:24,656 : INFO : FAST : Fast IO Board 02: Model: FP-I/O-1616-2, Firmware: 01.00, Switches: 16, Drivers: 16
2016-05-13 23:44:24,696 : DEBUG : Events : Registered ConfigPlayer._initialize as a handler for 'init_phase_1', priority: 1, kwargs: {}
2016-05-13 23:44:24,696 : DEBUG : Events : Registered ConfigPlayer.clear as a handler for 'clear', priority: 1, kwargs: {}
2016-05-13 23:44:24,697 : DEBUG : Events : Registered ConfigPlayer._initialize as a handler for 'init_phase_1', priority: 1, kwargs: {}
2016-05-13 23:44:24,697 : DEBUG : Events : Registered LightPlayer.clear as a handler for 'clear', priority: 1, kwargs: {}
2016-05-13 23:44:24,698 : DEBUG : Events : Registered ConfigPlayer._initialize as a handler for 'init_phase_1', priority: 1, kwargs: {}
2016-05-13 23:44:24,698 : DEBUG : Events : Registered ConfigPlayer.clear as a handler for 'clear', priority: 1, kwargs: {}
2016-05-13 23:44:24,699 : DEBUG : Events : Registered ConfigPlayer._initialize as a handler for 'init_phase_1', priority: 1, kwargs: {}
2016-05-13 23:44:24,699 : DEBUG : Events : Registered ConfigPlayer.clear as a handler for 'clear', priority: 1, kwargs: {}
2016-05-13 23:44:24,700 : DEBUG : Events : Registered ConfigPlayer._initialize as a handler for 'init_phase_1', priority: 1, kwargs: {}
2016-05-13 23:44:24,700 : DEBUG : Events : Registered ConfigPlayer.clear as a handler for 'clear', priority: 1, kwargs: {}
2016-05-13 23:44:24,700 : DEBUG : Events : Registered ConfigPlayer._initialize as a handler for 'init_phase_1', priority: 1, kwargs: {}
2016-05-13 23:44:24,700 : DEBUG : Events : Registered LedPlayer.clear as a handler for 'clear', priority: 1, kwargs: {}
2016-05-13 23:44:24,701 : DEBUG : Events : Registered ConfigPlayer._initialize as a handler for 'init_phase_1', priority: 1, kwargs: {}
2016-05-13 23:44:24,701 : DEBUG : Events : Registered ConfigPlayer.clear as a handler for 'clear', priority: 1, kwargs: {}
2016-05-13 23:44:24,702 : DEBUG : Events : Registered ConfigPlayer._initialize as a handler for 'init_phase_1', priority: 1, kwargs: {}
2016-05-13 23:44:24,702 : DEBUG : Events : Registered ShowPlayer.clear as a handler for 'clear', priority: 1, kwargs: {}
2016-05-13 23:44:24,703 : DEBUG : Events : Registered ConfigPlayer._initialize as a handler for 'init_phase_1', priority: 1, kwargs: {}
2016-05-13 23:44:24,704 : DEBUG : Events : Registered ConfigPlayer.clear as a handler for 'clear', priority: 1, kwargs: {}
2016-05-13 23:44:24,705 : DEBUG : Events : Registered ConfigPlayer._initialize as a handler for 'init_phase_1', priority: 1, kwargs: {}
2016-05-13 23:44:24,706 : DEBUG : Events : Registered ConfigPlayer.clear as a handler for 'clear', priority: 1, kwargs: {}
2016-05-13 23:44:24,706 : DEBUG : Machine : Registering Plugin Config Players
2016-05-13 23:44:24,706 : DEBUG : Machine : Registering slide_player = mpfmc.config_players.slide_player:register_with_mpf
2016-05-13 23:44:24,710 : DEBUG : Events : Registered ConfigPlayer._initialize as a handler for 'init_phase_1', priority: 1, kwargs: {}
2016-05-13 23:44:24,711 : DEBUG : Events : Registered ConfigPlayer.clear as a handler for 'clear', priority: 1, kwargs: {}
2016-05-13 23:44:24,711 : DEBUG : Machine : Registering sound_player = mpfmc.config_players.sound_player:register_with_mpf
2016-05-13 23:44:24,714 : DEBUG : Events : Registered ConfigPlayer._initialize as a handler for 'init_phase_1', priority: 1, kwargs: {}
2016-05-13 23:44:24,714 : DEBUG : Events : Registered ConfigPlayer.clear as a handler for 'clear', priority: 1, kwargs: {}
2016-05-13 23:44:24,714 : DEBUG : Machine : Registering widget_player = mpfmc.config_players.widget_player:register_with_mpf
2016-05-13 23:44:24,717 : DEBUG : Events : Registered ConfigPlayer._initialize as a handler for 'init_phase_1', priority: 1, kwargs: {}
2016-05-13 23:44:24,717 : DEBUG : Events : Registered ConfigPlayer.clear as a handler for 'clear', priority: 1, kwargs: {}
2016-05-13 23:44:24,717 : DEBUG : Events : Registered MachineController.power_off as a handler for 'shutdown', priority: 1, kwargs: {}
2016-05-13 23:44:24,717 : DEBUG : Events : Registered MachineController.power_off as a handler for 'sw_shutdown', priority: 1, kwargs: {}
2016-05-13 23:44:24,717 : DEBUG : Events : Registered MachineController.stop as a handler for 'quit', priority: 1, kwargs: {}
2016-05-13 23:44:24,718 : DEBUG : Events : Registered MachineController.stop as a handler for 'sw_quit', priority: 1, kwargs: {}
2016-05-13 23:44:24,718 : DEBUG : DataInterface : Loading machine_vars from /Users/gabe/Dropbox/Pinball/Gabe/bnd/data/machine_vars.yaml
2016-05-13 23:44:24,718 : DEBUG : YAML File Interface : Loading file: /Users/gabe/Dropbox/Pinball/Gabe/bnd/data/machine_vars.yaml
2016-05-13 23:44:24,720 : DEBUG : Machine : Setting machine_var 'player1_score' to: 0, (prior: 0, change: 0)
2016-05-13 23:44:24,720 : DEBUG : Events : ^^^^ Posted event 'machine_var_player1_score'. Type: None, Callback: None, Args: {'change': 0, 'value': 0, 'prev_value': 0}
2016-05-13 23:44:24,720 : DEBUG : Events : ============== EVENTS QUEUE =============
2016-05-13 23:44:24,720 : DEBUG : Events : machine_var_player1_score, None, None, {'change': 0, 'value': 0, 'prev_value': 0}
2016-05-13 23:44:24,720 : DEBUG : Events : =========================================
2016-05-13 23:44:24,721 : DEBUG : Events : ^^^^ Posted event 'init_phase_1'. Type: None, Callback: None, Args: {}
2016-05-13 23:44:24,721 : DEBUG : Events : ============== EVENTS QUEUE =============
2016-05-13 23:44:24,721 : DEBUG : Events : machine_var_player1_score, None, None, {'change': 0, 'value': 0, 'prev_value': 0}
2016-05-13 23:44:24,721 : DEBUG : Events : init_phase_1, None, None, {}
2016-05-13 23:44:24,721 : DEBUG : Events : =========================================
2016-05-13 23:44:24,721 : DEBUG : Events : ^^^^ Processing event 'machine_var_player1_score'. Type: None, Callback: None, Args: {'change': 0, 'prev_value': 0, 'value': 0}
2016-05-13 23:44:24,722 : DEBUG : Events : vvvv Finished event 'machine_var_player1_score'. Type: None. Callback: None. Args: {'change': 0, 'prev_value': 0, 'value': 0}
2016-05-13 23:44:24,722 : DEBUG : Events : ^^^^ Processing event 'init_phase_1'. Type: None, Callback: None, Args: {}
2016-05-13 23:44:24,722 : DEBUG : Events : DeviceManager._load_device_modules (priority: 1) responding to event 'init_phase_1' with args {}
2016-05-13 23:44:24,722 : INFO : DeviceManager : Loading devices...
2016-05-13 23:44:24,730 : DEBUG : Clock : Scheduled a recurring clock callback (callback=<bound method Led.update_leds of <class 'mpf.devices.led.Led'>>, timeout=0, priority=-100)
2016-05-13 23:44:24,736 : DEBUG : Events : Registered BallSearch.request_to_start_game as a handler for 'request_to_start_game', priority: 1, kwargs: {}
2016-05-13 23:44:24,762 : DEBUG : coil.c_upperrightflippermain : Enabling debug logging
2016-05-13 23:44:24,762 : DEBUG : coil.c_upperrightflippermain : Configuring device with settings: '{'disable_events': {}, 'hold_power32': None, 'platform': None, 'debug': True, 'pulse_power32': None, 'tags': [], 'hold_power': None, 'allow_enable': False, 'number': '29', 'pulse_events': {}, 'hold_pwm_mask': None, 'recycle': False, 'recycle_ms': None, 'pulse_ms': 20, 'pulse_power': None, 'label': '%', 'connection': 'auto', 'enable_events': {}, 'pulse_pwm_mask': None}'
2016-05-13 23:44:24,763 : DEBUG : coil.c_upperrightflipperhold : Enabling debug logging
2016-05-13 23:44:24,763 : DEBUG : coil.c_upperrightflipperhold : Configuring device with settings: '{'disable_events': {}, 'hold_power32': None, 'platform': None, 'debug': True, 'pulse_power32': None, 'tags': [], 'hold_power': None, 'allow_enable': False, 'number': '25', 'pulse_events': {}, 'hold_pwm_mask': None, 'recycle': False, 'recycle_ms': None, 'pulse_ms': None, 'pulse_power': None, 'label': '%', 'connection': 'auto', 'enable_events': {}, 'pulse_pwm_mask': None}'
2016-05-13 23:44:24,763 : DEBUG : coil.c_trougheject : Enabling debug logging
2016-05-13 23:44:24,763 : DEBUG : coil.c_trougheject : Configuring device with settings: '{'disable_events': {}, 'hold_power32': None, 'platform': None, 'debug': True, 'pulse_power32': None, 'tags': [], 'hold_power': None, 'allow_enable': True, 'number': '6', 'pulse_events': {}, 'hold_pwm_mask': None, 'recycle': False, 'recycle_ms': None, 'pulse_ms': 1000, 'pulse_power': None, 'label': '%', 'connection': 'auto', 'enable_events': {}, 'pulse_pwm_mask': None}'
2016-05-13 23:44:24,763 : DEBUG : coil.c_leftflippermain : Enabling debug logging
2016-05-13 23:44:24,763 : DEBUG : coil.c_leftflippermain : Configuring device with settings: '{'disable_events': {}, 'hold_power32': None, 'platform': None, 'debug': True, 'pulse_power32': None, 'tags': [], 'hold_power': None, 'allow_enable': False, 'number': '0', 'pulse_events': {}, 'hold_pwm_mask': None, 'recycle': False, 'recycle_ms': None, 'pulse_ms': 25, 'pulse_power': None, 'label': '%', 'connection': 'auto', 'enable_events': {}, 'pulse_pwm_mask': None}'
2016-05-13 23:44:24,763 : DEBUG : coil.c_rightflippermain : Enabling debug logging
2016-05-13 23:44:24,764 : DEBUG : coil.c_rightflippermain : Configuring device with settings: '{'disable_events': {}, 'hold_power32': None, 'platform': None, 'debug': True, 'pulse_power32': None, 'tags': [], 'hold_power': None, 'allow_enable': False, 'number': '3', 'pulse_events': {}, 'hold_pwm_mask': None, 'recycle': False, 'recycle_ms': None, 'pulse_ms': 25, 'pulse_power': None, 'label': '%', 'connection': 'auto', 'enable_events': {}, 'pulse_pwm_mask': None}'
2016-05-13 23:44:24,764 : DEBUG : ball_device.bd_trough : Enabling debug logging
2016-05-13 23:44:24,764 : DEBUG : ball_device.bd_trough : Configuring device with settings: '{'eject_coil': <coil.c_trougheject>, 'jam_switch': None, 'confirm_eject_type': 'target', 'confirm_eject_switch': None, 'entrance_events': {}, 'tags': ['trough', 'home'], 'eject_coil_retry_pulse': None, 'ball_capacity': 3, 'exit_count_delay': 500, 'hold_switches': [], 'ball_missing_target': <playfield.playfield>, 'eject_timeouts': [], 'max_eject_attempts': 0, 'confirm_eject_event': None, 'entrance_switch': <switch.s_troughenter>, 'player_controlled_eject_event': None, 'auto_fire_on_unexpected_ball': True, 'hold_coil_release_time': 1000, 'eject_events': {}, 'eject_all_events': {}, 'debug': True, 'ball_search_order': 100, 'hold_coil': None, 'mechanical_eject': False, 'eject_targets': [<ball_device.bd_plunger>, <playfield.playfield>], 'hold_events': {}, 'target_on_unexpected_ball': None, 'ball_missing_timeouts': [], 'request_ball_events': [], 'eject_coil_jam_pulse': None, 'label': '%', 'ball_switches': [], 'captures_from': <playfield.playfield>, 'entrance_switch_full_timeout': 3000, 'entrance_count_delay': 500}'
2016-05-13 23:44:24,765 : DEBUG : ball_device.bd_drain : Enabling debug logging
2016-05-13 23:44:24,765 : DEBUG : ball_device.bd_drain : Configuring device with settings: '{'eject_coil': <coil.c_draineject>, 'jam_switch': None, 'confirm_eject_type': 'target', 'confirm_eject_switch': None, 'entrance_events': {}, 'tags': ['drain'], 'eject_coil_retry_pulse': None, 'ball_capacity': None, 'exit_count_delay': 500, 'hold_switches': [], 'ball_missing_target': <playfield.playfield>, 'eject_timeouts': [], 'max_eject_attempts': 0, 'confirm_eject_event': None, 'entrance_switch': None, 'player_controlled_eject_event': None, 'auto_fire_on_unexpected_ball': True, 'hold_coil_release_time': 1000, 'eject_events': {}, 'eject_all_events': {}, 'debug': True, 'ball_search_order': 100, 'hold_coil': None, 'mechanical_eject': False, 'eject_targets': [<ball_device.bd_trough>, <ball_device.bd_plunger>, <playfield.playfield>], 'hold_events': {}, 'target_on_unexpected_ball': None, 'ball_missing_timeouts': [], 'request_ball_events': [], 'eject_coil_jam_pulse': None, 'label': '%', 'ball_switches': [<switch.s_drain>], 'captures_from': <playfield.playfield>, 'entrance_switch_full_timeout': 0, 'entrance_count_delay': 500}'
2016-05-13 23:44:24,765 : DEBUG : FASTDriver : Driver Settings: {'config_cmd': 'DN:', 'trigger_cmd': 'TN:'}
2016-05-13 23:44:24,765 : DEBUG : FASTDriver : Resetting driver {'config_cmd': 'DN:', 'trigger_cmd': 'TN:'}
2016-05-13 23:44:24,766 : DEBUG : FASTDriver : Driver Settings: {'config_cmd': 'DN:', 'trigger_cmd': 'TN:'}
2016-05-13 23:44:24,766 : DEBUG : FASTDriver : Resetting driver {'config_cmd': 'DN:', 'trigger_cmd': 'TN:'}
2016-05-13 23:44:24,766 : DEBUG : coil.c_upperrightflippermain : Platform Driver: <Platform.FAST>
2016-05-13 23:44:24,767 : DEBUG : FASTDriver : Driver Settings: {'config_cmd': 'DN:', 'trigger_cmd': 'TN:'}
2016-05-13 23:44:24,767 : DEBUG : FASTDriver : Resetting driver {'config_cmd': 'DN:', 'trigger_cmd': 'TN:'}
2016-05-13 23:44:24,767 : DEBUG : FASTDriver : Driver Settings: {'config_cmd': 'DN:', 'trigger_cmd': 'TN:'}
2016-05-13 23:44:24,767 : DEBUG : FASTDriver : Resetting driver {'config_cmd': 'DN:', 'trigger_cmd': 'TN:'}
2016-05-13 23:44:24,768 : DEBUG : FASTDriver : Driver Settings: {'config_cmd': 'DN:', 'trigger_cmd': 'TN:'}
2016-05-13 23:44:24,768 : DEBUG : FASTDriver : Resetting driver {'config_cmd': 'DN:', 'trigger_cmd': 'TN:'}
2016-05-13 23:44:24,768 : DEBUG : FASTDriver : Driver Settings: {'config_cmd': 'DN:', 'trigger_cmd': 'TN:'}
2016-05-13 23:44:24,768 : DEBUG : FASTDriver : Resetting driver {'config_cmd': 'DN:', 'trigger_cmd': 'TN:'}
2016-05-13 23:44:24,768 : DEBUG : FASTDriver : Driver Settings: {'config_cmd': 'DN:', 'trigger_cmd': 'TN:'}
2016-05-13 23:44:24,769 : DEBUG : FASTDriver : Resetting driver {'config_cmd': 'DN:', 'trigger_cmd': 'TN:'}
2016-05-13 23:44:24,769 : DEBUG : FASTDriver : Driver Settings: {'config_cmd': 'DN:', 'trigger_cmd': 'TN:'}
2016-05-13 23:44:24,769 : DEBUG : FASTDriver : Resetting driver {'config_cmd': 'DN:', 'trigger_cmd': 'TN:'}
2016-05-13 23:44:24,769 : DEBUG : FASTDriver : Driver Settings: {'config_cmd': 'DN:', 'trigger_cmd': 'TN:'}
2016-05-13 23:44:24,769 : DEBUG : FASTDriver : Resetting driver {'config_cmd': 'DN:', 'trigger_cmd': 'TN:'}
2016-05-13 23:44:24,770 : DEBUG : coil.c_upperrightflipperhold : Platform Driver: <Platform.FAST>
2016-05-13 23:44:24,770 : DEBUG : FASTDriver : Driver Settings: {'config_cmd': 'DN:', 'trigger_cmd': 'TN:'}
2016-05-13 23:44:24,770 : DEBUG : FASTDriver : Resetting driver {'config_cmd': 'DN:', 'trigger_cmd': 'TN:'}
2016-05-13 23:44:24,770 : DEBUG : FASTDriver : Driver Settings: {'config_cmd': 'DN:', 'trigger_cmd': 'TN:'}
2016-05-13 23:44:24,770 : DEBUG : FASTDriver : Resetting driver {'config_cmd': 'DN:', 'trigger_cmd': 'TN:'}
2016-05-13 23:44:24,771 : DEBUG : FASTDriver : Driver Settings: {'config_cmd': 'DN:', 'trigger_cmd': 'TN:'}
2016-05-13 23:44:24,771 : DEBUG : FASTDriver : Resetting driver {'config_cmd': 'DN:', 'trigger_cmd': 'TN:'}
2016-05-13 23:44:24,771 : DEBUG : FASTDriver : Driver Settings: {'config_cmd': 'DN:', 'trigger_cmd': 'TN:'}
2016-05-13 23:44:24,771 : DEBUG : FASTDriver : Resetting driver {'config_cmd': 'DN:', 'trigger_cmd': 'TN:'}
2016-05-13 23:44:24,771 : DEBUG : FASTDriver : Driver Settings: {'config_cmd': 'DN:', 'trigger_cmd': 'TN:'}
2016-05-13 23:44:24,772 : DEBUG : FASTDriver : Resetting driver {'config_cmd': 'DN:', 'trigger_cmd': 'TN:'}
2016-05-13 23:44:24,772 : DEBUG : FASTDriver : Driver Settings: {'config_cmd': 'DN:', 'trigger_cmd': 'TN:'}
2016-05-13 23:44:24,772 : DEBUG : FASTDriver : Resetting driver {'config_cmd': 'DN:', 'trigger_cmd': 'TN:'}
2016-05-13 23:44:24,772 : DEBUG : FASTDriver : Driver Settings: {'config_cmd': 'DN:', 'trigger_cmd': 'TN:'}
2016-05-13 23:44:24,773 : DEBUG : FASTDriver : Resetting driver {'config_cmd': 'DN:', 'trigger_cmd': 'TN:'}
2016-05-13 23:44:24,773 : DEBUG : FASTDriver : Driver Settings: {'config_cmd': 'DN:', 'trigger_cmd': 'TN:'}
2016-05-13 23:44:24,773 : DEBUG : FASTDriver : Resetting driver {'config_cmd': 'DN:', 'trigger_cmd': 'TN:'}
2016-05-13 23:44:24,773 : DEBUG : coil.c_trougheject : Platform Driver: <Platform.FAST>
2016-05-13 23:44:24,773 : DEBUG : FASTDriver : Driver Settings: {'config_cmd': 'DN:', 'trigger_cmd': 'TN:'}
2016-05-13 23:44:24,773 : DEBUG : FASTDriver : Resetting driver {'config_cmd': 'DN:', 'trigger_cmd': 'TN:'}
2016-05-13 23:44:24,774 : DEBUG : coil.c_leftflippermain : Platform Driver: <Platform.FAST>
2016-05-13 23:44:24,774 : DEBUG : FASTDriver : Driver Settings: {'config_cmd': 'DN:', 'trigger_cmd': 'TN:'}
2016-05-13 23:44:24,774 : DEBUG : FASTDriver : Resetting driver {'config_cmd': 'DN:', 'trigger_cmd': 'TN:'}
2016-05-13 23:44:24,774 : DEBUG : FASTDriver : Driver Settings: {'config_cmd': 'DN:', 'trigger_cmd': 'TN:'}
2016-05-13 23:44:24,775 : DEBUG : FASTDriver : Resetting driver {'config_cmd': 'DN:', 'trigger_cmd': 'TN:'}
2016-05-13 23:44:24,775 : DEBUG : FASTDriver : Driver Settings: {'config_cmd': 'DN:', 'trigger_cmd': 'TN:'}
2016-05-13 23:44:24,775 : DEBUG : FASTDriver : Resetting driver {'config_cmd': 'DN:', 'trigger_cmd': 'TN:'}
2016-05-13 23:44:24,775 : DEBUG : FASTDriver : Driver Settings: {'config_cmd': 'DN:', 'trigger_cmd': 'TN:'}
2016-05-13 23:44:24,775 : DEBUG : FASTDriver : Resetting driver {'config_cmd': 'DN:', 'trigger_cmd': 'TN:'}
2016-05-13 23:44:24,776 : DEBUG : coil.c_rightflippermain : Platform Driver: <Platform.FAST>
2016-05-13 23:44:24,776 : DEBUG : FASTDriver : Driver Settings: {'config_cmd': 'DN:', 'trigger_cmd': 'TN:'}
2016-05-13 23:44:24,776 : DEBUG : FASTDriver : Resetting driver {'config_cmd': 'DN:', 'trigger_cmd': 'TN:'}
2016-05-13 23:44:24,776 : DEBUG : FASTDriver : Driver Settings: {'config_cmd': 'DN:', 'trigger_cmd': 'TN:'}
2016-05-13 23:44:24,776 : DEBUG : FASTDriver : Resetting driver {'config_cmd': 'DN:', 'trigger_cmd': 'TN:'}
2016-05-13 23:44:24,777 : DEBUG : FASTDriver : Driver Settings: {'config_cmd': 'DN:', 'trigger_cmd': 'TN:'}
2016-05-13 23:44:24,777 : DEBUG : FASTDriver : Resetting driver {'config_cmd': 'DN:', 'trigger_cmd': 'TN:'}
2016-05-13 23:44:24,778 : DEBUG : FASTDriver : Driver Settings: {'config_cmd': 'DN:', 'trigger_cmd': 'TN:'}
2016-05-13 23:44:24,778 : DEBUG : FASTDriver : Resetting driver {'config_cmd': 'DN:', 'trigger_cmd': 'TN:'}
2016-05-13 23:44:24,778 : DEBUG : FAST : FAST Switch hardware tuple: ('1B', 1)
2016-05-13 23:44:24,779 : DEBUG : FAST : FAST Switch hardware tuple: ('45', 1)
2016-05-13 23:44:24,779 : DEBUG : FAST : FAST Switch hardware tuple: ('28', 1)
2016-05-13 23:44:24,779 : DEBUG : FAST : FAST Switch hardware tuple: ('04', 1)
2016-05-13 23:44:24,780 : DEBUG : FAST : FAST Switch hardware tuple: ('15', 1)
2016-05-13 23:44:24,780 : DEBUG : FAST : FAST Switch hardware tuple: ('4E', 1)
2016-05-13 23:44:24,780 : DEBUG : FAST : FAST Switch hardware tuple: ('29', 1)
2016-05-13 23:44:24,780 : DEBUG : FAST : FAST Switch hardware tuple: ('4B', 1)
2016-05-13 23:44:24,781 : DEBUG : FAST : FAST Switch hardware tuple: ('4A', 1)
2016-05-13 23:44:24,781 : DEBUG : FAST : FAST Switch hardware tuple: ('12', 1)
2016-05-13 23:44:24,781 : DEBUG : FAST : FAST Switch hardware tuple: ('10', 1)
2016-05-13 23:44:24,781 : DEBUG : FAST : FAST Switch hardware tuple: ('2F', 1)
2016-05-13 23:44:24,782 : DEBUG : FAST : FAST Switch hardware tuple: ('48', 1)
2016-05-13 23:44:24,782 : DEBUG : FAST : FAST Switch hardware tuple: ('01', 1)
2016-05-13 23:44:24,782 : DEBUG : FAST : FAST Switch hardware tuple: ('2E', 1)
2016-05-13 23:44:24,782 : DEBUG : FAST : FAST Switch hardware tuple: ('18', 1)
2016-05-13 23:44:24,783 : DEBUG : FAST : FAST Switch hardware tuple: ('41', 1)
2016-05-13 23:44:24,783 : DEBUG : FAST : FAST Switch hardware tuple: ('42', 1)
2016-05-13 23:44:24,783 : DEBUG : FAST : FAST Switch hardware tuple: ('00', 1)
2016-05-13 23:44:24,784 : DEBUG : FAST : FAST Switch hardware tuple: ('16', 1)
2016-05-13 23:44:24,784 : DEBUG : FAST : FAST Switch hardware tuple: ('19', 1)
2016-05-13 23:44:24,785 : DEBUG : FAST : FAST Switch hardware tuple: ('2C', 1)
2016-05-13 23:44:24,785 : DEBUG : FAST : FAST Switch hardware tuple: ('03', 1)
2016-05-13 23:44:24,786 : DEBUG : FAST : FAST Switch hardware tuple: ('11', 1)
2016-05-13 23:44:24,786 : DEBUG : FAST : FAST Switch hardware tuple: ('14', 1)
2016-05-13 23:44:24,786 : DEBUG : FAST : FAST Switch hardware tuple: ('2D', 1)
2016-05-13 23:44:24,787 : DEBUG : FAST : FAST Switch hardware tuple: ('02', 1)
2016-05-13 23:44:24,787 : DEBUG : FAST : FAST Switch hardware tuple: ('49', 1)
2016-05-13 23:44:24,788 : DEBUG : FAST : FAST Switch hardware tuple: ('2B', 1)
2016-05-13 23:44:24,788 : DEBUG : FAST : FAST Switch hardware tuple: ('1A', 1)
2016-05-13 23:44:24,789 : DEBUG : FAST : FAST Switch hardware tuple: ('44', 1)
2016-05-13 23:44:24,790 : DEBUG : FAST : FAST Switch hardware tuple: ('40', 1)
2016-05-13 23:44:24,791 : DEBUG : FAST : FAST Switch hardware tuple: ('4D', 1)
2016-05-13 23:44:24,791 : DEBUG : FAST : FAST Switch hardware tuple: ('2A', 1)
2016-05-13 23:44:24,791 : DEBUG : FAST : FAST Switch hardware tuple: ('4F', 1)
2016-05-13 23:44:24,791 : DEBUG : FAST : FAST Switch hardware tuple: ('13', 1)
2016-05-13 23:44:24,792 : DEBUG : FAST : FAST Switch hardware tuple: ('4C', 1)
2016-05-13 23:44:24,792 : DEBUG : FAST : FAST Switch hardware tuple: ('43', 1)
2016-05-13 23:44:24,793 : DEBUG : Clock : Scheduled a recurring clock callback (callback=<bound method HardwarePlatform.update_leds of <Platform.FAST>>, timeout=0, priority=1)
2016-05-13 23:44:24,793 : DEBUG : FASTLED : Creating FAST RGB LED at hardware address: 94
2016-05-13 23:44:24,793 : DEBUG : FASTLED : Creating FAST RGB LED at hardware address: 67
2016-05-13 23:44:24,793 : DEBUG : FASTLED : Creating FAST RGB LED at hardware address: 6C
2016-05-13 23:44:24,794 : DEBUG : FASTLED : Creating FAST RGB LED at hardware address: 90
2016-05-13 23:44:24,794 : DEBUG : FASTLED : Creating FAST RGB LED at hardware address: 86
2016-05-13 23:44:24,794 : DEBUG : FASTLED : Creating FAST RGB LED at hardware address: 64
2016-05-13 23:44:24,794 : DEBUG : FASTLED : Creating FAST RGB LED at hardware address: 4E
2016-05-13 23:44:24,795 : DEBUG : FASTLED : Creating FAST RGB LED at hardware address: 5D
2016-05-13 23:44:24,795 : DEBUG : FASTLED : Creating FAST RGB LED at hardware address: 51
2016-05-13 23:44:24,795 : DEBUG : FASTLED : Creating FAST RGB LED at hardware address: 54
2016-05-13 23:44:24,795 : DEBUG : FASTLED : Creating FAST RGB LED at hardware address: 55
2016-05-13 23:44:24,796 : DEBUG : FASTLED : Creating FAST RGB LED at hardware address: 65
2016-05-13 23:44:24,796 : DEBUG : FASTLED : Creating FAST RGB LED at hardware address: 6A
2016-05-13 23:44:24,796 : DEBUG : FASTLED : Creating FAST RGB LED at hardware address: 8C
2016-05-13 23:44:24,796 : DEBUG : FASTLED : Creating FAST RGB LED at hardware address: 66
2016-05-13 23:44:24,797 : DEBUG : FASTLED : Creating FAST RGB LED at hardware address: 8B
2016-05-13 23:44:24,797 : DEBUG : FASTLED : Creating FAST RGB LED at hardware address: 41
2016-05-13 23:44:24,797 : DEBUG : FASTLED : Creating FAST RGB LED at hardware address: 53
2016-05-13 23:44:24,797 : DEBUG : FASTLED : Creating FAST RGB LED at hardware address: 62
2016-05-13 23:44:24,797 : DEBUG : FASTLED : Creating FAST RGB LED at hardware address: 60
2016-05-13 23:44:24,798 : DEBUG : FASTLED : Creating FAST RGB LED at hardware address: 4F
2016-05-13 23:44:24,798 : DEBUG : FASTLED : Creating FAST RGB LED at hardware address: 85
2016-05-13 23:44:24,798 : DEBUG : FASTLED : Creating FAST RGB LED at hardware address: 58
2016-05-13 23:44:24,798 : DEBUG : FASTLED : Creating FAST RGB LED at hardware address: 83
2016-05-13 23:44:24,798 : DEBUG : FASTLED : Creating FAST RGB LED at hardware address: 48
2016-05-13 23:44:24,798 : DEBUG : FASTLED : Creating FAST RGB LED at hardware address: 50
2016-05-13 23:44:24,798 : DEBUG : FASTLED : Creating FAST RGB LED at hardware address: 57
2016-05-13 23:44:24,799 : DEBUG : FASTLED : Creating FAST RGB LED at hardware address: 4D
2016-05-13 23:44:24,799 : DEBUG : FASTLED : Creating FAST RGB LED at hardware address: 82
2016-05-13 23:44:24,800 : DEBUG : FASTLED : Creating FAST RGB LED at hardware address: 46
2016-05-13 23:44:24,800 : DEBUG : FASTLED : Creating FAST RGB LED at hardware address: 43
2016-05-13 23:44:24,800 : DEBUG : FASTLED : Creating FAST RGB LED at hardware address: 47
2016-05-13 23:44:24,801 : DEBUG : FASTLED : Creating FAST RGB LED at hardware address: 4B
2016-05-13 23:44:24,801 : DEBUG : FASTLED : Creating FAST RGB LED at hardware address: 6E
2016-05-13 23:44:24,801 : DEBUG : FASTLED : Creating FAST RGB LED at hardware address: 8A
2016-05-13 23:44:24,801 : DEBUG : FASTLED : Creating FAST RGB LED at hardware address: 61
2016-05-13 23:44:24,802 : DEBUG : FASTLED : Creating FAST RGB LED at hardware address: 44
2016-05-13 23:44:24,802 : DEBUG : FASTLED : Creating FAST RGB LED at hardware address: 93
2016-05-13 23:44:24,802 : DEBUG : FASTLED : Creating FAST RGB LED at hardware address: 8F
2016-05-13 23:44:24,802 : DEBUG : FASTLED : Creating FAST RGB LED at hardware address: 59
2016-05-13 23:44:24,802 : DEBUG : FASTLED : Creating FAST RGB LED at hardware address: 87
2016-05-13 23:44:24,802 : DEBUG : FASTLED : Creating FAST RGB LED at hardware address: 63
2016-05-13 23:44:24,802 : DEBUG : FASTLED : Creating FAST RGB LED at hardware address: 5B
2016-05-13 23:44:24,803 : DEBUG : FASTLED : Creating FAST RGB LED at hardware address: 56
2016-05-13 23:44:24,803 : DEBUG : FASTLED : Creating FAST RGB LED at hardware address: 4A
2016-05-13 23:44:24,803 : DEBUG : FASTLED : Creating FAST RGB LED at hardware address: 68
2016-05-13 23:44:24,803 : DEBUG : FASTLED : Creating FAST RGB LED at hardware address: 5E
2016-05-13 23:44:24,803 : DEBUG : FASTLED : Creating FAST RGB LED at hardware address: 81
2016-05-13 23:44:24,803 : DEBUG : FASTLED : Creating FAST RGB LED at hardware address: 92
2016-05-13 23:44:24,804 : DEBUG : FASTLED : Creating FAST RGB LED at hardware address: 69
2016-05-13 23:44:24,804 : DEBUG : FASTLED : Creating FAST RGB LED at hardware address: 6F
2016-05-13 23:44:24,804 : DEBUG : FASTLED : Creating FAST RGB LED at hardware address: 8E
2016-05-13 23:44:24,804 : DEBUG : FASTLED : Creating FAST RGB LED at hardware address: 8D
2016-05-13 23:44:24,804 : DEBUG : FASTLED : Creating FAST RGB LED at hardware address: 6B
2016-05-13 23:44:24,804 : DEBUG : FASTLED : Creating FAST RGB LED at hardware address: 5F
2016-05-13 23:44:24,804 : DEBUG : FASTLED : Creating FAST RGB LED at hardware address: 5C
2016-05-13 23:44:24,804 : DEBUG : FASTLED : Creating FAST RGB LED at hardware address: 88
2016-05-13 23:44:24,805 : DEBUG : FASTLED : Creating FAST RGB LED at hardware address: 84
2016-05-13 23:44:24,805 : DEBUG : FASTLED : Creating FAST RGB LED at hardware address: 91
2016-05-13 23:44:24,805 : DEBUG : FASTLED : Creating FAST RGB LED at hardware address: 4C
2016-05-13 23:44:24,806 : DEBUG : FASTLED : Creating FAST RGB LED at hardware address: 52
2016-05-13 23:44:24,806 : DEBUG : FASTLED : Creating FAST RGB LED at hardware address: 5A
2016-05-13 23:44:24,806 : DEBUG : FASTLED : Creating FAST RGB LED at hardware address: 42
2016-05-13 23:44:24,806 : DEBUG : FASTLED : Creating FAST RGB LED at hardware address: 89
2016-05-13 23:44:24,807 : DEBUG : FASTLED : Creating FAST RGB LED at hardware address: 80
2016-05-13 23:44:24,807 : DEBUG : FASTLED : Creating FAST RGB LED at hardware address: 6D
2016-05-13 23:44:24,807 : DEBUG : FASTLED : Creating FAST RGB LED at hardware address: 49
2016-05-13 23:44:24,807 : DEBUG : FASTLED : Creating FAST RGB LED at hardware address: 95
2016-05-13 23:44:24,809 : DEBUG : SwitchController : Registering switch handler: s_plungerlane, <bound method BallDevice._switch_changed of <ball_device.bd_plunger>>, state: 1, ms: 500, info: False, cb_kwargs: {}
2016-05-13 23:44:24,809 : DEBUG : SwitchController : Registering switch handler: s_plungerlane, <bound method BallDevice._switch_changed of <ball_device.bd_plunger>>, state: 0, ms: 1000, info: False, cb_kwargs: {}
2016-05-13 23:44:24,810 : DEBUG : Events : Registered BallDevice._target_ready as a handler for 'balldevice_playfield_ok_to_receive', priority: 1, kwargs: {'target': <playfield.playfield>}
2016-05-13 23:44:24,810 : DEBUG : Events : Registered BallDevice._source_device_eject_failed as a handler for 'balldevice_bd_trough_ball_eject_failed', priority: 1, kwargs: {}
2016-05-13 23:44:24,810 : DEBUG : Events : Registered BallDevice._source_device_eject_attempt as a handler for 'balldevice_bd_trough_ball_eject_attempt', priority: 1, kwargs: {}
2016-05-13 23:44:24,810 : DEBUG : Events : Registered BallDevice._source_device_ball_lost as a handler for 'balldevice_bd_trough_ball_lost', priority: 1, kwargs: {}
2016-05-13 23:44:24,810 : DEBUG : Events : Registered BallDevice._source_device_balls_available as a handler for 'balldevice_balls_available', priority: 1, kwargs: {}
2016-05-13 23:44:24,810 : DEBUG : Events : Registered BallDevice._source_device_eject_failed as a handler for 'balldevice_bd_drain_ball_eject_failed', priority: 1, kwargs: {}
2016-05-13 23:44:24,811 : DEBUG : Events : Registered BallDevice._source_device_eject_attempt as a handler for 'balldevice_bd_drain_ball_eject_attempt', priority: 1, kwargs: {}
2016-05-13 23:44:24,811 : DEBUG : Events : Registered BallDevice._source_device_ball_lost as a handler for 'balldevice_bd_drain_ball_lost', priority: 1, kwargs: {}
2016-05-13 23:44:24,811 : DEBUG : Events : Registered BallDevice._source_device_balls_available as a handler for 'balldevice_balls_available', priority: 1, kwargs: {}
2016-05-13 23:44:24,811 : DEBUG : Events : Registered BallDevice._initialize_phase_4 as a handler for 'init_phase_4', priority: 1, kwargs: {}
2016-05-13 23:44:24,812 : DEBUG : SwitchController : Registering switch handler: s_troughenter, <bound method BallDevice._entrance_switch_handler of <ball_device.bd_trough>>, state: 1, ms: 0, info: False, cb_kwargs: {}
2016-05-13 23:44:24,812 : DEBUG : SwitchController : Registering switch handler: s_troughenter, <bound method BallDevice._entrance_switch_full_handler of <ball_device.bd_trough>>, state: 1, ms: 3000, info: False, cb_kwargs: {}
2016-05-13 23:44:24,812 : DEBUG : Events : Registered BallDevice._target_ready as a handler for 'balldevice_bd_plunger_ok_to_receive', priority: 1, kwargs: {'target': <ball_device.bd_plunger>}
2016-05-13 23:44:24,812 : DEBUG : Events : Registered BallDevice._target_ready as a handler for 'balldevice_playfield_ok_to_receive', priority: 1, kwargs: {'target': <playfield.playfield>}
2016-05-13 23:44:24,813 : DEBUG : ball_device.bd_trough : EVENT: bd_drain to bd_trough
2016-05-13 23:44:24,813 : DEBUG : Events : Registered BallDevice._source_device_eject_failed as a handler for 'balldevice_bd_drain_ball_eject_failed', priority: 1, kwargs: {}
2016-05-13 23:44:24,813 : DEBUG : Events : Registered BallDevice._source_device_eject_attempt as a handler for 'balldevice_bd_drain_ball_eject_attempt', priority: 1, kwargs: {}
2016-05-13 23:44:24,813 : DEBUG : Events : Registered BallDevice._source_device_ball_lost as a handler for 'balldevice_bd_drain_ball_lost', priority: 1, kwargs: {}
2016-05-13 23:44:24,813 : DEBUG : Events : Registered BallDevice._source_device_balls_available as a handler for 'balldevice_balls_available', priority: 1, kwargs: {}
2016-05-13 23:44:24,813 : DEBUG : Events : Registered BallDevice._initialize_phase_4 as a handler for 'init_phase_4', priority: 1, kwargs: {}
2016-05-13 23:44:24,813 : DEBUG : SwitchController : Registering switch handler: s_toprightvuk, <bound method BallDevice._switch_changed of <ball_device.bd_top_right_vuk>>, state: 1, ms: 500, info: False, cb_kwargs: {}
2016-05-13 23:44:24,813 : DEBUG : SwitchController : Registering switch handler: s_toprightvuk, <bound method BallDevice._switch_changed of <ball_device.bd_top_right_vuk>>, state: 0, ms: 500, info: False, cb_kwargs: {}
2016-05-13 23:44:24,814 : DEBUG : Events : Registered BallDevice._target_ready as a handler for 'balldevice_playfield_ok_to_receive', priority: 1, kwargs: {'target': <playfield.playfield>}
2016-05-13 23:44:24,814 : DEBUG : Events : Registered BallDevice._source_device_eject_failed as a handler for 'balldevice_bd_top_kicker_ball_eject_failed', priority: 1, kwargs: {}
2016-05-13 23:44:24,814 : DEBUG : Events : Registered BallDevice._source_device_eject_attempt as a handler for 'balldevice_bd_top_kicker_ball_eject_attempt', priority: 1, kwargs: {}
2016-05-13 23:44:24,814 : DEBUG : Events : Registered BallDevice._source_device_ball_lost as a handler for 'balldevice_bd_top_kicker_ball_lost', priority: 1, kwargs: {}
2016-05-13 23:44:24,814 : DEBUG : Events : Registered BallDevice._source_device_balls_available as a handler for 'balldevice_balls_available', priority: 1, kwargs: {}
2016-05-13 23:44:24,814 : DEBUG : Events : Registered BallDevice._initialize_phase_4 as a handler for 'init_phase_4', priority: 1, kwargs: {}
2016-05-13 23:44:24,814 : DEBUG : SwitchController : Registering switch handler: s_topkicker, <bound method BallDevice._switch_changed of <ball_device.bd_top_kicker>>, state: 1, ms: 500, info: False, cb_kwargs: {}
2016-05-13 23:44:24,814 : DEBUG : SwitchController : Registering switch handler: s_topkicker, <bound method BallDevice._switch_changed of <ball_device.bd_top_kicker>>, state: 0, ms: 500, info: False, cb_kwargs: {}
2016-05-13 23:44:24,815 : DEBUG : Events : Registered BallDevice._target_ready as a handler for 'balldevice_playfield_ok_to_receive', priority: 1, kwargs: {'target': <playfield.playfield>}
2016-05-13 23:44:24,815 : DEBUG : Events : Registered BallDevice._target_ready as a handler for 'balldevice_bd_top_right_vuk_ok_to_receive', priority: 1, kwargs: {'target': <ball_device.bd_top_right_vuk>}
2016-05-13 23:44:24,815 : DEBUG : Events : Registered BallDevice._initialize_phase_4 as a handler for 'init_phase_4', priority: 1, kwargs: {}
2016-05-13 23:44:24,815 : DEBUG : SwitchController : Registering switch handler: s_drain, <bound method BallDevice._switch_changed of <ball_device.bd_drain>>, state: 1, ms: 500, info: False, cb_kwargs: {}
2016-05-13 23:44:24,815 : DEBUG : SwitchController : Registering switch handler: s_drain, <bound method BallDevice._switch_changed of <ball_device.bd_drain>>, state: 0, ms: 500, info: False, cb_kwargs: {}
2016-05-13 23:44:24,815 : DEBUG : Events : Registered BallDevice._target_ready as a handler for 'balldevice_bd_trough_ok_to_receive', priority: 1, kwargs: {'target': <ball_device.bd_trough>}
2016-05-13 23:44:24,816 : DEBUG : Events : Registered BallDevice._target_ready as a handler for 'balldevice_bd_plunger_ok_to_receive', priority: 1, kwargs: {'target': <ball_device.bd_plunger>}
2016-05-13 23:44:24,816 : DEBUG : Events : Registered BallDevice._target_ready as a handler for 'balldevice_playfield_ok_to_receive', priority: 1, kwargs: {'target': <playfield.playfield>}
2016-05-13 23:44:24,816 : DEBUG : Events : Registered BallDevice._initialize_phase_4 as a handler for 'init_phase_4', priority: 1, kwargs: {}
2016-05-13 23:44:24,816 : DEBUG : Events : Registered BallDevice._target_ready as a handler for 'balldevice_playfield_ok_to_receive', priority: 1, kwargs: {'target': <playfield.playfield>}
2016-05-13 23:44:24,816 : DEBUG : Events : Registered BallDevice._target_ready as a handler for 'balldevice_bd_lower_vuk_ok_to_receive', priority: 1, kwargs: {'target': <ball_device.bd_lower_vuk>}
2016-05-13 23:44:24,816 : DEBUG : Events : Registered BallDevice._initialize_phase_4 as a handler for 'init_phase_4', priority: 1, kwargs: {}
2016-05-13 23:44:24,816 : DEBUG : SwitchController : Registering switch handler: s_lowervukopto, <bound method BallDevice._switch_changed of <ball_device.bd_lower_vuk>>, state: 1, ms: 600, info: False, cb_kwargs: {}
2016-05-13 23:44:24,816 : DEBUG : SwitchController : Registering switch handler: s_lowervukopto, <bound method BallDevice._switch_changed of <ball_device.bd_lower_vuk>>, state: 0, ms: 800, info: False, cb_kwargs: {}
2016-05-13 23:44:24,817 : DEBUG : Events : Registered BallDevice._target_ready as a handler for 'balldevice_playfield_ok_to_receive', priority: 1, kwargs: {'target': <playfield.playfield>}
2016-05-13 23:44:24,817 : DEBUG : Events : Registered BallDevice._source_device_eject_failed as a handler for 'balldevice_bd_jukebox_lock_ball_eject_failed', priority: 1, kwargs: {}
2016-05-13 23:44:24,817 : DEBUG : Events : Registered BallDevice._source_device_eject_attempt as a handler for 'balldevice_bd_jukebox_lock_ball_eject_attempt', priority: 1, kwargs: {}
2016-05-13 23:44:24,817 : DEBUG : Events : Registered BallDevice._source_device_ball_lost as a handler for 'balldevice_bd_jukebox_lock_ball_lost', priority: 1, kwargs: {}
2016-05-13 23:44:24,817 : DEBUG : Events : Registered BallDevice._source_device_balls_available as a handler for 'balldevice_balls_available', priority: 1, kwargs: {}
2016-05-13 23:44:24,817 : DEBUG : Events : Registered BallDevice._initialize_phase_4 as a handler for 'init_phase_4', priority: 1, kwargs: {}
2016-05-13 23:44:24,817 : DEBUG : Events : Registered Playfield._source_device_eject_success as a handler for 'balldevice_bd_plunger_ball_eject_success', priority: 1, kwargs: {}
2016-05-13 23:44:24,817 : DEBUG : Events : Registered Playfield._source_device_ball_lost as a handler for 'balldevice_bd_plunger_ball_lost', priority: 1, kwargs: {}
2016-05-13 23:44:24,818 : DEBUG : Events : Registered Playfield._source_device_eject_failed as a handler for 'balldevice_bd_plunger_ball_eject_failed', priority: 1, kwargs: {}
2016-05-13 23:44:24,818 : DEBUG : Events : Registered Playfield._source_device_eject_attempt as a handler for 'balldevice_bd_plunger_ball_eject_attempt', priority: 1, kwargs: {}
2016-05-13 23:44:24,818 : DEBUG : Events : Registered Playfield._source_device_eject_success as a handler for 'balldevice_bd_trough_ball_eject_success', priority: 1, kwargs: {}
2016-05-13 23:44:24,818 : DEBUG : Events : Registered Playfield._source_device_ball_lost as a handler for 'balldevice_bd_trough_ball_lost', priority: 1, kwargs: {}
2016-05-13 23:44:24,818 : DEBUG : Events : Registered Playfield._source_device_eject_failed as a handler for 'balldevice_bd_trough_ball_eject_failed', priority: 1, kwargs: {}
2016-05-13 23:44:24,818 : DEBUG : Events : Registered Playfield._source_device_eject_attempt as a handler for 'balldevice_bd_trough_ball_eject_attempt', priority: 1, kwargs: {}
2016-05-13 23:44:24,819 : DEBUG : Events : Registered Playfield._source_device_eject_success as a handler for 'balldevice_bd_top_right_vuk_ball_eject_success', priority: 1, kwargs: {}
2016-05-13 23:44:24,819 : DEBUG : Events : Registered Playfield._source_device_ball_lost as a handler for 'balldevice_bd_top_right_vuk_ball_lost', priority: 1, kwargs: {}
2016-05-13 23:44:24,819 : DEBUG : Events : Registered Playfield._source_device_eject_failed as a handler for 'balldevice_bd_top_right_vuk_ball_eject_failed', priority: 1, kwargs: {}
2016-05-13 23:44:24,819 : DEBUG : Events : Registered Playfield._source_device_eject_attempt as a handler for 'balldevice_bd_top_right_vuk_ball_eject_attempt', priority: 1, kwargs: {}
2016-05-13 23:44:24,819 : DEBUG : Events : Registered Playfield._source_device_eject_success as a handler for 'balldevice_bd_top_kicker_ball_eject_success', priority: 1, kwargs: {}
2016-05-13 23:44:24,819 : DEBUG : Events : Registered Playfield._source_device_ball_lost as a handler for 'balldevice_bd_top_kicker_ball_lost', priority: 1, kwargs: {}
2016-05-13 23:44:24,819 : DEBUG : Events : Registered Playfield._source_device_eject_failed as a handler for 'balldevice_bd_top_kicker_ball_eject_failed', priority: 1, kwargs: {}
2016-05-13 23:44:24,819 : DEBUG : Events : Registered Playfield._source_device_eject_attempt as a handler for 'balldevice_bd_top_kicker_ball_eject_attempt', priority: 1, kwargs: {}
2016-05-13 23:44:24,820 : DEBUG : Events : Registered Playfield._source_device_eject_success as a handler for 'balldevice_bd_lower_vuk_ball_eject_success', priority: 1, kwargs: {}
2016-05-13 23:44:24,820 : DEBUG : Events : Registered Playfield._source_device_ball_lost as a handler for 'balldevice_bd_lower_vuk_ball_lost', priority: 1, kwargs: {}
2016-05-13 23:44:24,820 : DEBUG : Events : Registered Playfield._source_device_eject_failed as a handler for 'balldevice_bd_lower_vuk_ball_eject_failed', priority: 1, kwargs: {}
2016-05-13 23:44:24,821 : DEBUG : Events : Registered Playfield._source_device_eject_attempt as a handler for 'balldevice_bd_lower_vuk_ball_eject_attempt', priority: 1, kwargs: {}
2016-05-13 23:44:24,821 : DEBUG : Events : Registered Playfield._source_device_eject_success as a handler for 'balldevice_bd_jukebox_lock_ball_eject_success', priority: 1, kwargs: {}
2016-05-13 23:44:24,821 : DEBUG : Events : Registered Playfield._source_device_ball_lost as a handler for 'balldevice_bd_jukebox_lock_ball_lost', priority: 1, kwargs: {}
2016-05-13 23:44:24,821 : DEBUG : Events : Registered Playfield._source_device_eject_failed as a handler for 'balldevice_bd_jukebox_lock_ball_eject_failed', priority: 1, kwargs: {}
2016-05-13 23:44:24,821 : DEBUG : Events : Registered Playfield._source_device_eject_attempt as a handler for 'balldevice_bd_jukebox_lock_ball_eject_attempt', priority: 1, kwargs: {}
2016-05-13 23:44:24,821 : DEBUG : Events : Registered Playfield._source_device_eject_success as a handler for 'balldevice_bd_drain_ball_eject_success', priority: 1, kwargs: {}
2016-05-13 23:44:24,821 : DEBUG : Events : Registered Playfield._source_device_ball_lost as a handler for 'balldevice_bd_drain_ball_lost', priority: 1, kwargs: {}
2016-05-13 23:44:24,821 : DEBUG : Events : Registered Playfield._source_device_eject_failed as a handler for 'balldevice_bd_drain_ball_eject_failed', priority: 1, kwargs: {}
2016-05-13 23:44:24,822 : DEBUG : Events : Registered Playfield._source_device_eject_attempt as a handler for 'balldevice_bd_drain_ball_eject_attempt', priority: 1, kwargs: {}
2016-05-13 23:44:24,822 : DEBUG : Events : Registered Playfield._ball_removed_handler as a handler for 'balldevice_captured_from_playfield', priority: 1, kwargs: {}
2016-05-13 23:44:24,822 : DEBUG : Events : Registered Playfield.playfield_switch_hit as a handler for 'sw_playfield_active', priority: 1, kwargs: {}
2016-05-13 23:44:24,822 : DEBUG : Events : Registered DropTarget._update_state_from_switch as a handler for 'init_phase_4', priority: 1, kwargs: {}
2016-05-13 23:44:24,822 : DEBUG : Events : Registered DropTarget._register_switch_handlers as a handler for 'init_phase_4', priority: 1, kwargs: {}
2016-05-13 23:44:24,822 : DEBUG : Events : Registered DropTarget._update_state_from_switch as a handler for 'init_phase_4', priority: 1, kwargs: {}
2016-05-13 23:44:24,822 : DEBUG : Events : Registered DropTarget._register_switch_handlers as a handler for 'init_phase_4', priority: 1, kwargs: {}
2016-05-13 23:44:24,823 : DEBUG : Events : Registered DropTarget._update_state_from_switch as a handler for 'init_phase_4', priority: 1, kwargs: {}
2016-05-13 23:44:24,823 : DEBUG : Events : Registered DropTarget._register_switch_handlers as a handler for 'init_phase_4', priority: 1, kwargs: {}
2016-05-13 23:44:24,823 : DEBUG : Events : Registered DropTarget._update_state_from_switch as a handler for 'init_phase_4', priority: 1, kwargs: {}
2016-05-13 23:44:24,823 : DEBUG : Events : Registered DropTarget._register_switch_handlers as a handler for 'init_phase_4', priority: 1, kwargs: {}
2016-05-13 23:44:24,823 : DEBUG : Events : Registered DropTarget._update_state_from_switch as a handler for 'init_phase_4', priority: 1, kwargs: {}
2016-05-13 23:44:24,823 : DEBUG : Events : Registered DropTarget._register_switch_handlers as a handler for 'init_phase_4', priority: 1, kwargs: {}
2016-05-13 23:44:24,824 : DEBUG : Events : ^^^^ Posted event 'drop_targets_up'. Type: None, Callback: None, Args: {}
2016-05-13 23:44:24,824 : DEBUG : Events : ============== EVENTS QUEUE =============
2016-05-13 23:44:24,824 : DEBUG : Events : drop_targets_up, None, None, {}
2016-05-13 23:44:24,824 : DEBUG : Events : =========================================
2016-05-13 23:44:24,825 : DEBUG : Events : Registered Diverter._feeder_eject_attempt as a handler for 'balldevice_playfield_ball_eject_attempt', priority: 1, kwargs: {}
2016-05-13 23:44:24,825 : DEBUG : Events : Registered Diverter._feeder_eject_count_decrease as a handler for 'balldevice_playfield_ball_eject_failed', priority: 1, kwargs: {}
2016-05-13 23:44:24,825 : DEBUG : Events : Registered Diverter._feeder_eject_count_decrease as a handler for 'balldevice_playfield_ball_eject_success', priority: 1, kwargs: {}
2016-05-13 23:44:24,825 : DEBUG : Events : Registered Diverter._register_switches as a handler for 'init_phase_3', priority: 1, kwargs: {}
2016-05-13 23:44:24,825 : DEBUG : Events : Registered Diverter._feeder_eject_attempt as a handler for 'balldevice_playfield_ball_eject_attempt', priority: 1, kwargs: {}
2016-05-13 23:44:24,826 : DEBUG : Events : Registered Diverter._feeder_eject_count_decrease as a handler for 'balldevice_playfield_ball_eject_failed', priority: 1, kwargs: {}
2016-05-13 23:44:24,826 : DEBUG : Events : Registered Diverter._feeder_eject_count_decrease as a handler for 'balldevice_playfield_ball_eject_success', priority: 1, kwargs: {}
2016-05-13 23:44:24,826 : DEBUG : Events : Registered Diverter._register_switches as a handler for 'init_phase_3', priority: 1, kwargs: {}
2016-05-13 23:44:24,826 : DEBUG : Events : Registered Servo._position_event as a handler for 'jukebox_position_down, s_rightbanktop_active', priority: 1, kwargs: {'position': 0.0}
2016-05-13 23:44:24,826 : DEBUG : Events : Registered Servo._position_event as a handler for 'jukebox_position_up, s_rightbankbottom_active', priority: 1, kwargs: {'position': 1.0}
2016-05-13 23:44:24,827 : DEBUG : Events : BCP._setup_dmds (priority: 1) responding to event 'init_phase_1' with args {}
2016-05-13 23:44:24,827 : DEBUG : Events : ConfigPlayer._initialize (priority: 1) responding to event 'init_phase_1' with args {}
2016-05-13 23:44:24,827 : DEBUG : Mode Controller : Registering <bound method ConfigPlayer.mode_start of ConfigPlayer.coils> as a mode start method. Config section: coil_player, priority: 0, kwargs: {}
2016-05-13 23:44:24,827 : DEBUG : Events : ConfigPlayer._initialize (priority: 1) responding to event 'init_phase_1' with args {}
2016-05-13 23:44:24,827 : DEBUG : Mode Controller : Registering <bound method ConfigPlayer.mode_start of ConfigPlayer.lights> as a mode start method. Config section: light_player, priority: 0, kwargs: {}
2016-05-13 23:44:24,827 : DEBUG : Events : ConfigPlayer._initialize (priority: 1) responding to event 'init_phase_1' with args {}
2016-05-13 23:44:24,828 : DEBUG : Mode Controller : Registering <bound method ConfigPlayer.mode_start of ConfigPlayer.bcp> as a mode start method. Config section: bcp_player, priority: 0, kwargs: {}
2016-05-13 23:44:24,828 : DEBUG : Events : ConfigPlayer._initialize (priority: 1) responding to event 'init_phase_1' with args {}
2016-05-13 23:44:24,828 : DEBUG : Mode Controller : Registering <bound method ConfigPlayer.mode_start of ConfigPlayer.random_events> as a mode start method. Config section: random_event_player, priority: 0, kwargs: {}
2016-05-13 23:44:24,828 : DEBUG : Events : ConfigPlayer._initialize (priority: 1) responding to event 'init_phase_1' with args {}
2016-05-13 23:44:24,829 : DEBUG : Mode Controller : Registering <bound method ConfigPlayer.mode_start of ConfigPlayer.flashers> as a mode start method. Config section: flasher_player, priority: 0, kwargs: {}
2016-05-13 23:44:24,829 : DEBUG : Events : ConfigPlayer._initialize (priority: 1) responding to event 'init_phase_1' with args {}
2016-05-13 23:44:24,829 : DEBUG : Mode Controller : Registering <bound method ConfigPlayer.mode_start of ConfigPlayer.leds> as a mode start method. Config section: led_player, priority: 0, kwargs: {}
2016-05-13 23:44:24,829 : DEBUG : Events : ConfigPlayer._initialize (priority: 1) responding to event 'init_phase_1' with args {}
2016-05-13 23:44:24,830 : DEBUG : Mode Controller : Registering <bound method ConfigPlayer.mode_start of ConfigPlayer.gis> as a mode start method. Config section: gi_player, priority: 0, kwargs: {}
2016-05-13 23:44:24,830 : DEBUG : Events : ConfigPlayer._initialize (priority: 1) responding to event 'init_phase_1' with args {}
2016-05-13 23:44:24,830 : DEBUG : Mode Controller : Registering <bound method ConfigPlayer.mode_start of ConfigPlayer.shows> as a mode start method. Config section: show_player, priority: 0, kwargs: {}
2016-05-13 23:44:24,830 : DEBUG : Events : ConfigPlayer._initialize (priority: 1) responding to event 'init_phase_1' with args {}
2016-05-13 23:44:24,830 : DEBUG : Mode Controller : Registering <bound method ConfigPlayer.mode_start of ConfigPlayer.events> as a mode start method. Config section: event_player, priority: 0, kwargs: {}
2016-05-13 23:44:24,830 : DEBUG : Events : ConfigPlayer._initialize (priority: 1) responding to event 'init_phase_1' with args {}
2016-05-13 23:44:24,830 : DEBUG : Mode Controller : Registering <bound method ConfigPlayer.mode_start of ConfigPlayer.triggers> as a mode start method. Config section: trigger_player, priority: 0, kwargs: {}
2016-05-13 23:44:24,831 : DEBUG : Events : ConfigPlayer._initialize (priority: 1) responding to event 'init_phase_1' with args {}
2016-05-13 23:44:24,831 : DEBUG : Mode Controller : Registering <bound method ConfigPlayer.mode_start of PluginPlayer.slides> as a mode start method. Config section: slide_player, priority: 0, kwargs: {}
2016-05-13 23:44:24,831 : DEBUG : Events : ConfigPlayer._initialize (priority: 1) responding to event 'init_phase_1' with args {}
2016-05-13 23:44:24,831 : DEBUG : Mode Controller : Registering <bound method ConfigPlayer.mode_start of PluginPlayer.sounds> as a mode start method. Config section: sound_player, priority: 0, kwargs: {}
2016-05-13 23:44:24,831 : DEBUG : Events : ConfigPlayer._initialize (priority: 1) responding to event 'init_phase_1' with args {}
2016-05-13 23:44:24,831 : DEBUG : Mode Controller : Registering <bound method ConfigPlayer.mode_start of PluginPlayer.widgets> as a mode start method. Config section: widget_player, priority: 0, kwargs: {}
2016-05-13 23:44:24,831 : DEBUG : Events : vvvv Finished event 'init_phase_1'. Type: None. Callback: None. Args: {}
2016-05-13 23:44:24,832 : DEBUG : Events : ^^^^ Processing event 'drop_targets_up'. Type: None, Callback: None, Args: {}
2016-05-13 23:44:24,832 : DEBUG : Events : vvvv Finished event 'drop_targets_up'. Type: None. Callback: None. Args: {}
2016-05-13 23:44:24,832 : DEBUG : Events : ^^^^ Posted event 'init_phase_2'. Type: None, Callback: None, Args: {}
2016-05-13 23:44:24,832 : DEBUG : Events : ============== EVENTS QUEUE =============
2016-05-13 23:44:24,832 : DEBUG : Events : init_phase_2, None, None, {}
2016-05-13 23:44:24,832 : DEBUG : Events : =========================================
2016-05-13 23:44:24,832 : DEBUG : Events : ^^^^ Processing event 'init_phase_2'. Type: None, Callback: None, Args: {}
2016-05-13 23:44:24,832 : DEBUG : Events : SwitchController._initialize_switches (priority: 1000) responding to event 'init_phase_2' with args {}
2016-05-13 23:44:24,833 : WARNING : FAST : Received unknown serial command? NN:07,                ,00.00,00,00,00,00,00,00,00,00. (This is ok to ignore for now while the FAST platform is in development)
2016-05-13 23:44:24,855 : DEBUG : FAST : Received SA: 01,00,0B,00000000002D00001F0100
2016-05-13 23:44:24,857 : DEBUG : Events : ModeController._load_modes (priority: 1) responding to event 'init_phase_2' with args {}
2016-05-13 23:44:24,858 : DEBUG : Mode Controller : Found MPF Mode folders: {'credits': 'credits', 'tilt': 'tilt', 'attract': 'attract', 'game': 'game', 'high_score': 'high_score'}
2016-05-13 23:44:24,859 : DEBUG : Mode Controller : Found Machine-specific Mode folders: {'hilo': 'hilo', 'base': 'base', 'jukebox_hurryup': 'jukebox_hurryup', 'light_hilo': 'light_hilo'}
2016-05-13 23:44:24,859 : DEBUG : Mode Controller : Processing mode: base
2016-05-13 23:44:24,860 : DEBUG : YAML File Interface : Loading file: /Users/gabe/Dropbox/Pinball/Gabe/bnd/modes/base/config/base.yaml
2016-05-13 23:44:24,865 : DEBUG : Mode Controller : Loading config from /Users/gabe/Dropbox/Pinball/Gabe/bnd/modes/base/config/base.yaml
2016-05-13 23:44:24,869 : DEBUG : Mode.base : Scanning config for mode-based devices
2016-05-13 23:44:24,870 : DEBUG : Events : Registered Mode.start as a handler for 'ball_starting', priority: 100, kwargs: {}
2016-05-13 23:44:24,870 : DEBUG : Events : Registered Base.jukebox_manager as a handler for 'jukebox_hit', priority: 1, kwargs: {'mode': <Mode.base>}
2016-05-13 23:44:24,870 : DEBUG : Mode Controller : Loaded code from modes.base.code.base
2016-05-13 23:44:24,870 : DEBUG : Mode Controller : Processing mode: attract
2016-05-13 23:44:24,871 : DEBUG : YAML File Interface : Loading file: /Applications/MPF.app/Contents/Frameworks/python/3.5.0/lib/python3.5/site-packages/mpf/modes/attract/config/attract.yaml
2016-05-13 23:44:24,872 : DEBUG : Mode Controller : Loading config from /Applications/MPF.app/Contents/Frameworks/python/3.5.0/lib/python3.5/site-packages/mpf/modes/attract/config/attract.yaml
2016-05-13 23:44:24,876 : DEBUG : Mode.attract : Scanning config for mode-based devices
2016-05-13 23:44:24,876 : DEBUG : Events : Registered Mode.start as a handler for 'game_ended', priority: 10, kwargs: {}
2016-05-13 23:44:24,876 : DEBUG : Events : Registered Mode.start as a handler for 'reset_complete', priority: 10, kwargs: {}
2016-05-13 23:44:24,876 : DEBUG : Mode Controller : Loaded code from mpf.modes.attract.code.attract
2016-05-13 23:44:24,876 : DEBUG : Mode Controller : Processing mode: game
2016-05-13 23:44:24,877 : DEBUG : YAML File Interface : Loading file: /Applications/MPF.app/Contents/Frameworks/python/3.5.0/lib/python3.5/site-packages/mpf/modes/game/config/game.yaml
2016-05-13 23:44:24,879 : DEBUG : Mode Controller : Loading config from /Applications/MPF.app/Contents/Frameworks/python/3.5.0/lib/python3.5/site-packages/mpf/modes/game/config/game.yaml
2016-05-13 23:44:24,881 : DEBUG : Mode.game : Scanning config for mode-based devices
2016-05-13 23:44:24,882 : DEBUG : Events : Registered Mode.start as a handler for 'game_start', priority: 20, kwargs: {}
2016-05-13 23:44:24,882 : DEBUG : Mode Controller : Loaded code from mpf.modes.game.code.game
2016-05-13 23:44:24,882 : DEBUG : Events : DeviceManager.create_machinewide_device_control_events (priority: 1) responding to event 'init_phase_2' with args {}
2016-05-13 23:44:24,883 : DEBUG : Events : Registered DeviceManager._control_event_handler as a handler for 'ball_starting', priority: 0, kwargs: {'ms_delay': 0, 'delay_mgr': <mpf.core.delays.DelayManager object at 0x1054ea5f8>, 'callback': <bound method AutofireCoil.enable of <autofire.right_sling>>}
2016-05-13 23:44:24,883 : DEBUG : Events : Registered DeviceManager._control_event_handler as a handler for 'ball_ending', priority: 0, kwargs: {'ms_delay': 0, 'delay_mgr': <mpf.core.delays.DelayManager object at 0x1054ea5f8>, 'callback': <bound method AutofireCoil.disable of <autofire.right_sling>>}
2016-05-13 23:44:24,883 : DEBUG : Events : Registered DeviceManager._control_event_handler as a handler for 'ball_starting', priority: 0, kwargs: {'ms_delay': 0, 'delay_mgr': <mpf.core.delays.DelayManager object at 0x1054ea5f8>, 'callback': <bound method AutofireCoil.enable of <autofire.left_pop>>}
2016-05-13 23:44:24,883 : DEBUG : Events : Registered DeviceManager._control_event_handler as a handler for 'ball_ending', priority: 0, kwargs: {'ms_delay': 0, 'delay_mgr': <mpf.core.delays.DelayManager object at 0x1054ea5f8>, 'callback': <bound method AutofireCoil.disable of <autofire.left_pop>>}
2016-05-13 23:44:24,883 : DEBUG : Events : Registered DeviceManager._control_event_handler as a handler for 'ball_starting', priority: 0, kwargs: {'ms_delay': 0, 'delay_mgr': <mpf.core.delays.DelayManager object at 0x1054ea5f8>, 'callback': <bound method AutofireCoil.enable of <autofire.bottom_pop>>}
2016-05-13 23:44:24,884 : DEBUG : Events : Registered DeviceManager._control_event_handler as a handler for 'ball_ending', priority: 0, kwargs: {'ms_delay': 0, 'delay_mgr': <mpf.core.delays.DelayManager object at 0x1054ea5f8>, 'callback': <bound method AutofireCoil.disable of <autofire.bottom_pop>>}
2016-05-13 23:44:24,884 : DEBUG : Events : Registered DeviceManager._control_event_handler as a handler for 'ball_starting', priority: 0, kwargs: {'ms_delay': 0, 'delay_mgr': <mpf.core.delays.DelayManager object at 0x1054ea5f8>, 'callback': <bound method AutofireCoil.enable of <autofire.top_kicking_target>>}
2016-05-13 23:44:24,884 : DEBUG : Events : Registered DeviceManager._control_event_handler as a handler for 'ball_ending', priority: 0, kwargs: {'ms_delay': 0, 'delay_mgr': <mpf.core.delays.DelayManager object at 0x1054ea5f8>, 'callback': <bound method AutofireCoil.disable of <autofire.top_kicking_target>>}
2016-05-13 23:44:24,884 : DEBUG : Events : Registered DeviceManager._control_event_handler as a handler for 'ball_starting', priority: 0, kwargs: {'ms_delay': 0, 'delay_mgr': <mpf.core.delays.DelayManager object at 0x1054ea5f8>, 'callback': <bound method AutofireCoil.enable of <autofire.right_pop>>}
2016-05-13 23:44:24,884 : DEBUG : Events : Registered DeviceManager._control_event_handler as a handler for 'ball_ending', priority: 0, kwargs: {'ms_delay': 0, 'delay_mgr': <mpf.core.delays.DelayManager object at 0x1054ea5f8>, 'callback': <bound method AutofireCoil.disable of <autofire.right_pop>>}
2016-05-13 23:44:24,885 : DEBUG : Events : Registered DeviceManager._control_event_handler as a handler for 'ball_starting', priority: 0, kwargs: {'ms_delay': 0, 'delay_mgr': <mpf.core.delays.DelayManager object at 0x1054ea5f8>, 'callback': <bound method AutofireCoil.enable of <autofire.left_sling>>}
2016-05-13 23:44:24,885 : DEBUG : Events : Registered DeviceManager._control_event_handler as a handler for 'ball_ending', priority: 0, kwargs: {'ms_delay': 0, 'delay_mgr': <mpf.core.delays.DelayManager object at 0x1054ea5f8>, 'callback': <bound method AutofireCoil.disable of <autofire.left_sling>>}
2016-05-13 23:44:24,885 : DEBUG : Events : Registered DeviceManager._control_event_handler as a handler for 'machine_reset_phase_3', priority: 0, kwargs: {'ms_delay': 0, 'delay_mgr': <mpf.core.delays.DelayManager object at 0x1054ea5f8>, 'callback': <bound method AutofireCoil.enable of <autofire.test_rule>>}
2016-05-13 23:44:24,885 : DEBUG : Events : Registered DeviceManager._control_event_handler as a handler for 'ball_ending', priority: 0, kwargs: {'ms_delay': 0, 'delay_mgr': <mpf.core.delays.DelayManager object at 0x1054ea5f8>, 'callback': <bound method AutofireCoil.disable of <autofire.test_rule>>}
2016-05-13 23:44:24,885 : DEBUG : Events : Registered DeviceManager._control_event_handler as a handler for 'ball_starting', priority: 0, kwargs: {'ms_delay': 0, 'delay_mgr': <mpf.core.delays.DelayManager object at 0x1054ea5f8>, 'callback': <bound method AutofireCoil.enable of <autofire.bottom_kicking_target>>}
2016-05-13 23:44:24,885 : DEBUG : Events : Registered DeviceManager._control_event_handler as a handler for 'ball_ending', priority: 0, kwargs: {'ms_delay': 0, 'delay_mgr': <mpf.core.delays.DelayManager object at 0x1054ea5f8>, 'callback': <bound method AutofireCoil.disable of <autofire.bottom_kicking_target>>}
2016-05-13 23:44:24,886 : DEBUG : Events : Registered DeviceManager._control_event_handler as a handler for 'machine_reset_phase_3', priority: 0, kwargs: {'ms_delay': 0, 'delay_mgr': <mpf.core.delays.DelayManager object at 0x1054ea5f8>, 'callback': <bound method AutofireCoil.enable of <autofire.test_rule2>>}
2016-05-13 23:44:24,886 : DEBUG : Events : Registered DeviceManager._control_event_handler as a handler for 'ball_ending', priority: 0, kwargs: {'ms_delay': 0, 'delay_mgr': <mpf.core.delays.DelayManager object at 0x1054ea5f8>, 'callback': <bound method AutofireCoil.disable of <autofire.test_rule2>>}
2016-05-13 23:44:24,886 : DEBUG : Events : Registered DeviceManager._control_event_handler as a handler for 'knockdown_left', priority: 0, kwargs: {'ms_delay': 0, 'delay_mgr': <mpf.core.delays.DelayManager object at 0x1054ea5f8>, 'callback': <bound method DropTarget.knockdown of <drop_target.dt_bottom_center>>}
2016-05-13 23:44:24,886 : DEBUG : Events : Registered DeviceManager._control_event_handler as a handler for 'knockdown_both', priority: 0, kwargs: {'ms_delay': 0, 'delay_mgr': <mpf.core.delays.DelayManager object at 0x1054ea5f8>, 'callback': <bound method DropTarget.knockdown of <drop_target.dt_bottom_center>>}
2016-05-13 23:44:24,887 : DEBUG : Events : Registered DeviceManager._control_event_handler as a handler for 'ball_starting', priority: 0, kwargs: {'ms_delay': 0, 'delay_mgr': <mpf.core.delays.DelayManager object at 0x1054ea5f8>, 'callback': <bound method DropTarget.reset of <drop_target.dt_bottom_center>>}
2016-05-13 23:44:24,887 : DEBUG : Events : Registered DeviceManager._control_event_handler as a handler for 'machine_reset_phase_3', priority: 0, kwargs: {'ms_delay': 0, 'delay_mgr': <mpf.core.delays.DelayManager object at 0x1054ea5f8>, 'callback': <bound method DropTarget.reset of <drop_target.dt_bottom_center>>}
2016-05-13 23:44:24,887 : DEBUG : Events : Registered DeviceManager._control_event_handler as a handler for 'ball_starting', priority: 0, kwargs: {'ms_delay': 0, 'delay_mgr': <mpf.core.delays.DelayManager object at 0x1054ea5f8>, 'callback': <bound method DropTarget.reset of <drop_target.dt_center>>}
2016-05-13 23:44:24,887 : DEBUG : Events : Registered DeviceManager._control_event_handler as a handler for 'machine_reset_phase_3', priority: 0, kwargs: {'ms_delay': 0, 'delay_mgr': <mpf.core.delays.DelayManager object at 0x1054ea5f8>, 'callback': <bound method DropTarget.reset of <drop_target.dt_center>>}
2016-05-13 23:44:24,887 : DEBUG : Events : Registered DeviceManager._control_event_handler as a handler for 'ball_starting', priority: 0, kwargs: {'ms_delay': 0, 'delay_mgr': <mpf.core.delays.DelayManager object at 0x1054ea5f8>, 'callback': <bound method DropTarget.reset of <drop_target.dt_top>>}
2016-05-13 23:44:24,887 : DEBUG : Events : Registered DeviceManager._control_event_handler as a handler for 'machine_reset_phase_3', priority: 0, kwargs: {'ms_delay': 0, 'delay_mgr': <mpf.core.delays.DelayManager object at 0x1054ea5f8>, 'callback': <bound method DropTarget.reset of <drop_target.dt_top>>}
2016-05-13 23:44:24,888 : DEBUG : Events : Registered DeviceManager._control_event_handler as a handler for 'knockdown_right', priority: 0, kwargs: {'ms_delay': 0, 'delay_mgr': <mpf.core.delays.DelayManager object at 0x1054ea5f8>, 'callback': <bound method DropTarget.knockdown of <drop_target.dt_bottom>>}
2016-05-13 23:44:24,888 : DEBUG : Events : Registered DeviceManager._control_event_handler as a handler for 'knockdown_both', priority: 0, kwargs: {'ms_delay': 0, 'delay_mgr': <mpf.core.delays.DelayManager object at 0x1054ea5f8>, 'callback': <bound method DropTarget.knockdown of <drop_target.dt_bottom>>}
2016-05-13 23:44:24,888 : DEBUG : Events : Registered DeviceManager._control_event_handler as a handler for 'ball_starting', priority: 0, kwargs: {'ms_delay': 0, 'delay_mgr': <mpf.core.delays.DelayManager object at 0x1054ea5f8>, 'callback': <bound method DropTarget.reset of <drop_target.dt_bottom>>}
2016-05-13 23:44:24,888 : DEBUG : Events : Registered DeviceManager._control_event_handler as a handler for 'machine_reset_phase_3', priority: 0, kwargs: {'ms_delay': 0, 'delay_mgr': <mpf.core.delays.DelayManager object at 0x1054ea5f8>, 'callback': <bound method DropTarget.reset of <drop_target.dt_bottom>>}
2016-05-13 23:44:24,888 : DEBUG : Events : Registered DeviceManager._control_event_handler as a handler for 'ball_starting', priority: 0, kwargs: {'ms_delay': 0, 'delay_mgr': <mpf.core.delays.DelayManager object at 0x1054ea5f8>, 'callback': <bound method DropTarget.reset of <drop_target.dt_top_center>>}
2016-05-13 23:44:24,889 : DEBUG : Events : Registered DeviceManager._control_event_handler as a handler for 'machine_reset_phase_3', priority: 0, kwargs: {'ms_delay': 0, 'delay_mgr': <mpf.core.delays.DelayManager object at 0x1054ea5f8>, 'callback': <bound method DropTarget.reset of <drop_target.dt_top_center>>}
2016-05-13 23:44:24,889 : DEBUG : Events : Registered DeviceManager._control_event_handler as a handler for 'ball_starting', priority: 0, kwargs: {'ms_delay': 0, 'delay_mgr': <mpf.core.delays.DelayManager object at 0x1054ea5f8>, 'callback': <bound method DropTargetBank.reset of <drop_target_bank.drop_targets>>}
2016-05-13 23:44:24,889 : DEBUG : Events : Registered DeviceManager._control_event_handler as a handler for 'reset_drop_targets', priority: 0, kwargs: {'ms_delay': 0, 'delay_mgr': <mpf.core.delays.DelayManager object at 0x1054ea5f8>, 'callback': <bound method DropTargetBank.reset of <drop_target_bank.drop_targets>>}
2016-05-13 23:44:24,889 : DEBUG : Events : Registered DeviceManager._control_event_handler as a handler for 'ball_ending', priority: 0, kwargs: {'ms_delay': 0, 'delay_mgr': <mpf.core.delays.DelayManager object at 0x1054ea5f8>, 'callback': <bound method Flipper.disable of <flipper.right_flipper>>}
2016-05-13 23:44:24,889 : DEBUG : Events : Registered DeviceManager._control_event_handler as a handler for 'ball_starting', priority: 0, kwargs: {'ms_delay': 0, 'delay_mgr': <mpf.core.delays.DelayManager object at 0x1054ea5f8>, 'callback': <bound method Flipper.enable of <flipper.right_flipper>>}
2016-05-13 23:44:24,890 : DEBUG : Events : Registered DeviceManager._control_event_handler as a handler for 'ball_ending', priority: 0, kwargs: {'ms_delay': 0, 'delay_mgr': <mpf.core.delays.DelayManager object at 0x1054ea5f8>, 'callback': <bound method Flipper.disable of <flipper.jukebox_test>>}
2016-05-13 23:44:24,890 : DEBUG : Events : Registered DeviceManager._control_event_handler as a handler for 'machine_reset_phase_3', priority: 0, kwargs: {'ms_delay': 0, 'delay_mgr': <mpf.core.delays.DelayManager object at 0x1054ea5f8>, 'callback': <bound method Flipper.enable of <flipper.jukebox_test>>}
2016-05-13 23:44:24,890 : DEBUG : Events : Registered DeviceManager._control_event_handler as a handler for 'ball_ending', priority: 0, kwargs: {'ms_delay': 0, 'delay_mgr': <mpf.core.delays.DelayManager object at 0x1054ea5f8>, 'callback': <bound method Flipper.disable of <flipper.upper_right_flipper>>}
2016-05-13 23:44:24,890 : DEBUG : Events : Registered DeviceManager._control_event_handler as a handler for 'ball_starting', priority: 0, kwargs: {'ms_delay': 0, 'delay_mgr': <mpf.core.delays.DelayManager object at 0x1054ea5f8>, 'callback': <bound method Flipper.enable of <flipper.upper_right_flipper>>}
2016-05-13 23:44:24,890 : DEBUG : Events : Registered DeviceManager._control_event_handler as a handler for 'machine_reset_phase_3', priority: 0, kwargs: {'ms_delay': 0, 'delay_mgr': <mpf.core.delays.DelayManager object at 0x1054ea5f8>, 'callback': <bound method Diverter.reset of <diverter.d_jukebox_magnet>>}
2016-05-13 23:44:24,894 : DEBUG : Events : Registered DeviceManager._control_event_handler as a handler for 'diverter_d_jukebox_scoop_activated', priority: 0, kwargs: {'ms_delay': 300, 'delay_mgr': <mpf.core.delays.DelayManager object at 0x1054ea5f8>, 'callback': <bound method Diverter.enable of <diverter.d_jukebox_magnet>>}
2016-05-13 23:44:24,894 : DEBUG : Events : Registered DeviceManager._control_event_handler as a handler for 'ball_ended', priority: 0, kwargs: {'ms_delay': 0, 'delay_mgr': <mpf.core.delays.DelayManager object at 0x1054ea5f8>, 'callback': <bound method Diverter.disable of <diverter.d_jukebox_magnet>>}
2016-05-13 23:44:24,894 : DEBUG : Events : Registered DeviceManager._control_event_handler as a handler for 'machine_reset_phase_3', priority: 0, kwargs: {'ms_delay': 0, 'delay_mgr': <mpf.core.delays.DelayManager object at 0x1054ea5f8>, 'callback': <bound method Diverter.reset of <diverter.d_diverter>>}
2016-05-13 23:44:24,894 : DEBUG : Events : Registered DeviceManager._control_event_handler as a handler for 'enable_diverter', priority: 0, kwargs: {'ms_delay': 0, 'delay_mgr': <mpf.core.delays.DelayManager object at 0x1054ea5f8>, 'callback': <bound method Diverter.enable of <diverter.d_diverter>>}
2016-05-13 23:44:24,895 : DEBUG : Events : Registered DeviceManager._control_event_handler as a handler for 'ball_ended', priority: 0, kwargs: {'ms_delay': 0, 'delay_mgr': <mpf.core.delays.DelayManager object at 0x1054ea5f8>, 'callback': <bound method Diverter.disable of <diverter.d_diverter>>}
2016-05-13 23:44:24,895 : DEBUG : Events : Registered DeviceManager._control_event_handler as a handler for 'reset_jukebox', priority: 0, kwargs: {'ms_delay': 0, 'delay_mgr': <mpf.core.delays.DelayManager object at 0x1054ea5f8>, 'callback': <bound method Servo.reset of <servo.jukebox_servo>>}
2016-05-13 23:44:24,895 : DEBUG : Events : DeviceManager.create_collection_control_events (priority: 1) responding to event 'init_phase_2' with args {}
2016-05-13 23:44:24,896 : DEBUG : Events : Registered DeviceManager._collection_control_event_handler as a handler for 'coils_disable', priority: 1, kwargs: {'method': 'disable', 'collection': 'coils'}
2016-05-13 23:44:24,896 : DEBUG : Events : Registered DeviceManager._collection_control_event_handler as a handler for 'leds_off', priority: 1, kwargs: {'method': 'off', 'collection': 'leds'}
2016-05-13 23:44:24,896 : DEBUG : Events : Registered DeviceManager._collection_control_event_handler as a handler for 'ball_devices_stop', priority: 1, kwargs: {'method': 'stop', 'collection': 'ball_devices'}
2016-05-13 23:44:24,896 : DEBUG : Events : Registered DeviceManager._collection_control_event_handler as a handler for 'ball_devices_eject_all', priority: 1, kwargs: {'method': 'eject_all', 'collection': 'ball_devices'}
2016-05-13 23:44:24,897 : DEBUG : Events : Registered DeviceManager._collection_control_event_handler as a handler for 'flippers_enable', priority: 1, kwargs: {'method': 'enable', 'collection': 'flippers'}
2016-05-13 23:44:24,897 : DEBUG : Events : Registered DeviceManager._collection_control_event_handler as a handler for 'flippers_disable', priority: 1, kwargs: {'method': 'disable', 'collection': 'flippers'}
2016-05-13 23:44:24,897 : DEBUG : Events : Registered DeviceManager._collection_control_event_handler as a handler for 'lights_off', priority: 1, kwargs: {'method': 'off', 'collection': 'lights'}
2016-05-13 23:44:24,897 : DEBUG : Events : Registered DeviceManager._collection_control_event_handler as a handler for 'gi_enable', priority: 1, kwargs: {'method': 'enable', 'collection': 'gi'}
2016-05-13 23:44:24,897 : DEBUG : Events : Registered DeviceManager._collection_control_event_handler as a handler for 'gi_disable', priority: 1, kwargs: {'method': 'disable', 'collection': 'gi'}
2016-05-13 23:44:24,897 : DEBUG : Events : Registered DeviceManager._collection_control_event_handler as a handler for 'autofires_enable', priority: 1, kwargs: {'method': 'enable', 'collection': 'autofires'}
2016-05-13 23:44:24,897 : DEBUG : Events : Registered DeviceManager._collection_control_event_handler as a handler for 'autofires_disable', priority: 1, kwargs: {'method': 'disable', 'collection': 'autofires'}
2016-05-13 23:44:24,898 : DEBUG : Events : BallController._init2 (priority: 1) responding to event 'init_phase_2' with args {}
2016-05-13 23:44:24,898 : DEBUG : SwitchController : Registering switch handler: s_plungerlane, <bound method BallController._update_num_balls_known of <mpf.core.ball_controller.BallController object at 0x10559c7f0>>, state: 1, ms: 500, info: False, cb_kwargs: {}
2016-05-13 23:44:24,898 : DEBUG : SwitchController : Registering switch handler: s_plungerlane, <bound method BallController._update_num_balls_known of <mpf.core.ball_controller.BallController object at 0x10559c7f0>>, state: 0, ms: 1000, info: False, cb_kwargs: {}
2016-05-13 23:44:24,898 : DEBUG : SwitchController : Registering switch handler: s_plungerlane, <bound method BallController._correct_playfield_count of <mpf.core.ball_controller.BallController object at 0x10559c7f0>>, state: 1, ms: 500, info: False, cb_kwargs: {}
2016-05-13 23:44:24,898 : DEBUG : SwitchController : Registering switch handler: s_plungerlane, <bound method BallController._correct_playfield_count of <mpf.core.ball_controller.BallController object at 0x10559c7f0>>, state: 0, ms: 1000, info: False, cb_kwargs: {}
2016-05-13 23:44:24,898 : DEBUG : SwitchController : Registering switch handler: s_toprightvuk, <bound method BallController._update_num_balls_known of <mpf.core.ball_controller.BallController object at 0x10559c7f0>>, state: 1, ms: 500, info: False, cb_kwargs: {}
2016-05-13 23:44:24,898 : DEBUG : SwitchController : Registering switch handler: s_toprightvuk, <bound method BallController._update_num_balls_known of <mpf.core.ball_controller.BallController object at 0x10559c7f0>>, state: 0, ms: 500, info: False, cb_kwargs: {}
2016-05-13 23:44:24,899 : DEBUG : SwitchController : Registering switch handler: s_toprightvuk, <bound method BallController._correct_playfield_count of <mpf.core.ball_controller.BallController object at 0x10559c7f0>>, state: 1, ms: 500, info: False, cb_kwargs: {}
2016-05-13 23:44:24,899 : DEBUG : SwitchController : Registering switch handler: s_toprightvuk, <bound method BallController._correct_playfield_count of <mpf.core.ball_controller.BallController object at 0x10559c7f0>>, state: 0, ms: 500, info: False, cb_kwargs: {}
2016-05-13 23:44:24,899 : DEBUG : SwitchController : Registering switch handler: s_topkicker, <bound method BallController._update_num_balls_known of <mpf.core.ball_controller.BallController object at 0x10559c7f0>>, state: 1, ms: 500, info: False, cb_kwargs: {}
2016-05-13 23:44:24,899 : DEBUG : SwitchController : Registering switch handler: s_topkicker, <bound method BallController._update_num_balls_known of <mpf.core.ball_controller.BallController object at 0x10559c7f0>>, state: 0, ms: 500, info: False, cb_kwargs: {}
2016-05-13 23:44:24,899 : DEBUG : SwitchController : Registering switch handler: s_topkicker, <bound method BallController._correct_playfield_count of <mpf.core.ball_controller.BallController object at 0x10559c7f0>>, state: 1, ms: 500, info: False, cb_kwargs: {}
2016-05-13 23:44:24,899 : DEBUG : SwitchController : Registering switch handler: s_topkicker, <bound method BallController._correct_playfield_count of <mpf.core.ball_controller.BallController object at 0x10559c7f0>>, state: 0, ms: 500, info: False, cb_kwargs: {}
2016-05-13 23:44:24,899 : DEBUG : SwitchController : Registering switch handler: s_lowervukopto, <bound method BallController._update_num_balls_known of <mpf.core.ball_controller.BallController object at 0x10559c7f0>>, state: 1, ms: 600, info: False, cb_kwargs: {}
2016-05-13 23:44:24,900 : DEBUG : SwitchController : Registering switch handler: s_lowervukopto, <bound method BallController._update_num_balls_known of <mpf.core.ball_controller.BallController object at 0x10559c7f0>>, state: 0, ms: 800, info: False, cb_kwargs: {}
2016-05-13 23:44:24,900 : DEBUG : SwitchController : Registering switch handler: s_lowervukopto, <bound method BallController._correct_playfield_count of <mpf.core.ball_controller.BallController object at 0x10559c7f0>>, state: 1, ms: 600, info: False, cb_kwargs: {}
2016-05-13 23:44:24,900 : DEBUG : SwitchController : Registering switch handler: s_lowervukopto, <bound method BallController._correct_playfield_count of <mpf.core.ball_controller.BallController object at 0x10559c7f0>>, state: 0, ms: 800, info: False, cb_kwargs: {}
2016-05-13 23:44:24,900 : DEBUG : SwitchController : Registering switch handler: s_drain, <bound method BallController._update_num_balls_known of <mpf.core.ball_controller.BallController object at 0x10559c7f0>>, state: 1, ms: 500, info: False, cb_kwargs: {}
2016-05-13 23:44:24,900 : DEBUG : SwitchController : Registering switch handler: s_drain, <bound method BallController._update_num_balls_known of <mpf.core.ball_controller.BallController object at 0x10559c7f0>>, state: 0, ms: 500, info: False, cb_kwargs: {}
2016-05-13 23:44:24,900 : DEBUG : SwitchController : Registering switch handler: s_drain, <bound method BallController._correct_playfield_count of <mpf.core.ball_controller.BallController object at 0x10559c7f0>>, state: 1, ms: 500, info: False, cb_kwargs: {}
2016-05-13 23:44:24,900 : DEBUG : SwitchController : Registering switch handler: s_drain, <bound method BallController._correct_playfield_count of <mpf.core.ball_controller.BallController object at 0x10559c7f0>>, state: 0, ms: 500, info: False, cb_kwargs: {}
2016-05-13 23:44:24,901 : DEBUG : Events : Registered BallController._correct_playfield_count as a handler for 'playfield_ball_count_change', priority: 1, kwargs: {}
2016-05-13 23:44:24,901 : DEBUG : BallController : Counting Balls
2016-05-13 23:44:24,901 : DEBUG : Events : BCP._setup_bcp_connections (priority: 1) responding to event 'init_phase_2' with args {}
2016-05-13 23:44:24,901 : DEBUG : BCPClientSocket.local_display : Setting up BCP Client...
2016-05-13 23:44:24,901 : INFO : BCPClientSocket.local_display : Waiting for BCP Media Controller at localhost:5050...
