2016-03-13 23:17:17,553 : INFO : Machine : Mission Pinball Framework v0.30.0.dev615
2016-03-13 23:17:17,553 : DEBUG : Machine : Command line arguments: {'loglevel': 10, 'create_config_cache': True, 'bcp': False, 'no_load_cache': False, 'mpfconfigfile': '/Users/gabe/pinball/mpf30/mpf/mpfconfig.yaml', 'pause': True, 'force_platform': None, 'logfile': 'logs/2016-03-13-23-17-17-mpf-Gabriels-MacBook-Pro.local.log', 'configfile': ['config'], 'consoleloglevel': True}
2016-03-13 23:17:17,553 : DEBUG : Machine : Python version: 3.5.0
2016-03-13 23:17:17,553 : DEBUG : Machine : Platform: darwin
2016-03-13 23:17:17,554 : DEBUG : Machine : Python executable location: /Applications/Kivy.app/Contents/Resources/python
2016-03-13 23:17:17,554 : DEBUG : Machine : 32-bit Python? False
2016-03-13 23:17:17,554 : DEBUG : Clock : Starting clock (maximum frames per second=60.0)
2016-03-13 23:17:17,554 : DEBUG : Clock : Scheduled a recurring clock callback (callback=<bound method MachineController._check_crash_queue of <mpf.core.machine.MachineController object at 0x1070f8ac8>>, timeout=1, priority=1)
2016-03-13 23:17:17,554 : DEBUG : Machine : Machine path: /Users/gabe/Dropbox/Pinball/Gabe/bnd
2016-03-13 23:17:17,555 : INFO : Machine : Loading cached config: /Users/gabe/Dropbox/Pinball/Gabe/bnd/__mpfcache__/config_config.p
2016-03-13 23:17:17,583 : INFO : FAST : Configuring FAST hardware.
2016-03-13 23:17:17,583 : DEBUG : Machine : Setting default platform to 'fast'
2016-03-13 23:17:17,584 : INFO : Machine : Loading core modules...
2016-03-13 23:17:17,584 : DEBUG : Machine : Loading 'mpf.core.events.EventManager' core module
2016-03-13 23:17:17,586 : DEBUG : Machine : Loading 'mpf.core.mode_controller.ModeController' core module
2016-03-13 23:17:17,588 : DEBUG : Events : Registered ModeController._load_modes as a handler for 'init_phase_2', priority: 1, kwargs: {}
2016-03-13 23:17:17,589 : DEBUG : Events : Registered ModeController._ball_ending as a handler for 'ball_ending', priority: 0, kwargs: {}
2016-03-13 23:17:17,589 : DEBUG : Events : Registered ModeController._ball_starting as a handler for 'ball_starting', priority: 0, kwargs: {}
2016-03-13 23:17:17,589 : DEBUG : Events : Registered ModeController._player_added as a handler for 'player_add_success', priority: 0, kwargs: {}
2016-03-13 23:17:17,589 : DEBUG : Events : Registered ModeController._player_turn_start as a handler for 'player_turn_start', priority: 1000000, kwargs: {}
2016-03-13 23:17:17,589 : DEBUG : Events : Registered ModeController._player_turn_stop as a handler for 'player_turn_stop', priority: 1000000, kwargs: {}
2016-03-13 23:17:17,589 : DEBUG : Machine : Loading 'mpf.core.config_processor.ConfigProcessor' core module
2016-03-13 23:17:17,589 : DEBUG : Machine : Loading 'mpf.core.shot_profile_manager.ShotProfileManager' core module
2016-03-13 23:17:17,590 : DEBUG : ShotProfileManager : Registering Shot Profile: 'default'
2016-03-13 23:17:17,792 : DEBUG : ShotProfileManager : Processed 'default' profile configuration: {'player_variable': '%_default', 'rotation_pattern': deque(['right']), 'state_names_to_not_rotate': [], 'loop': False, 'show_when_disabled': 'True', 'states': [{'sync_ms': 0, 'blend': False, 'script': 'off', 'repeat': 'True', 'show': None, 'hold': 'True', 'name': 'unlit', 'loops': 0, 'speed': 1.0, 'reset': False}, {'sync_ms': 0, 'blend': False, 'script': 'on', 'repeat': 'True', 'show': None, 'hold': 'True', 'name': 'lit', 'loops': 0, 'speed': 1.0, 'reset': False}], 'block': 'true', 'state_names_to_rotate': [], 'show': None}
2016-03-13 23:17:17,792 : DEBUG : Mode Controller : Registering <bound method ShotProfileManager.mode_start_for_shots of <mpf.core.shot_profile_manager.ShotProfileManager object at 0x107c079e8>> as a mode start method. Config section: shots, priority: 0, kwargs: {}
2016-03-13 23:17:17,792 : DEBUG : Mode Controller : Registering <bound method ShotProfileManager.mode_start_for_shot_groups of <mpf.core.shot_profile_manager.ShotProfileManager object at 0x107c079e8>> as a mode start method. Config section: shot_groups, priority: 0, kwargs: {}
2016-03-13 23:17:17,792 : DEBUG : Events : Registered ShotProfileManager._player_turn_start as a handler for 'player_turn_start', priority: 1000000, kwargs: {}
2016-03-13 23:17:17,792 : DEBUG : Events : Registered ShotProfileManager._player_turn_stop as a handler for 'player_turn_stop', priority: 0, kwargs: {}
2016-03-13 23:17:17,793 : DEBUG : Machine : Loading 'mpf.core.device_manager.DeviceManager' core module
2016-03-13 23:17:17,793 : DEBUG : Events : Registered DeviceManager._load_device_modules as a handler for 'init_phase_1', priority: 1, kwargs: {}
2016-03-13 23:17:17,793 : DEBUG : Events : Registered DeviceManager.create_machinewide_device_control_events as a handler for 'init_phase_2', priority: 1, kwargs: {}
2016-03-13 23:17:17,793 : DEBUG : Events : Registered DeviceManager.create_collection_control_events as a handler for 'init_phase_2', priority: 1, kwargs: {}
2016-03-13 23:17:17,793 : DEBUG : Machine : Loading 'mpf.core.switch_controller.SwitchController' core module
2016-03-13 23:17:17,794 : DEBUG : Clock : Scheduled a recurring clock callback (callback=<bound method SwitchController._tick of <mpf.core.switch_controller.SwitchController object at 0x107b93320>>, timeout=0, priority=1000)
2016-03-13 23:17:17,794 : DEBUG : Events : Registered SwitchController._initialize_switches as a handler for 'init_phase_2', priority: 1000, kwargs: {}
2016-03-13 23:17:17,794 : DEBUG : Events : Registered SwitchController.log_active_switches as a handler for 'machine_reset_phase_3', priority: 1, kwargs: {}
2016-03-13 23:17:17,794 : DEBUG : Machine : Loading 'mpf.core.ball_controller.BallController' core module
2016-03-13 23:17:17,795 : DEBUG : BallController : Loading the BallController
2016-03-13 23:17:17,795 : DEBUG : Events : Registered BallController.request_to_start_game as a handler for 'request_to_start_game', priority: 1, kwargs: {}
2016-03-13 23:17:17,795 : DEBUG : Events : Registered BallController._initialize as a handler for 'machine_reset_phase_2', priority: 1, kwargs: {}
2016-03-13 23:17:17,795 : DEBUG : Events : Registered BallController._init2 as a handler for 'init_phase_2', priority: 1, kwargs: {}
2016-03-13 23:17:17,795 : DEBUG : Machine : Loading 'mpf.core.assets.AssetManager' core module
2016-03-13 23:17:17,796 : DEBUG : Mode Controller : Registering <bound method AssetManager._load_mode_assets of <mpf.core.assets.AssetManager object at 0x107b93588>> as a mode start method. Config section: None, priority: 0, kwargs: {}
2016-03-13 23:17:17,796 : DEBUG : Events : Registered AssetManager._create_assets as a handler for 'init_phase_3', priority: 1, kwargs: {}
2016-03-13 23:17:17,796 : DEBUG : Events : Registered AssetManager._bcp_client_asset_load as a handler for 'assets_to_load', priority: 1, kwargs: {}
2016-03-13 23:17:17,797 : DEBUG : Machine : Loading 'mpf.core.show_controller.ShowController' core module
2016-03-13 23:17:17,798 : DEBUG : Clock : Scheduled a recurring clock callback (callback=<bound method ShowController._tick of <mpf.core.show_controller.ShowController object at 0x107ac4400>>, timeout=0, priority=1)
2016-03-13 23:17:17,798 : DEBUG : Events : Registered ShowController._initialize as a handler for 'init_phase_3', priority: 1, kwargs: {}
2016-03-13 23:17:17,799 : DEBUG : Machine : Loading 'mpf.core.bcp.BCP' core module
2016-03-13 23:17:17,799 : DEBUG : Events : Registered BCP.bcp_trigger as a handler for 'ball_started', priority: 1, kwargs: {'name': 'ball_started'}
2016-03-13 23:17:17,799 : DEBUG : Events : Registered BCP.bcp_trigger as a handler for 'ball_ended', priority: 1, kwargs: {'name': 'ball_ended'}
2016-03-13 23:17:17,799 : DEBUG : Events : Registered BCP.bcp_trigger as a handler for 'player_add_success', priority: 1, kwargs: {'name': 'player_add_success'}
2016-03-13 23:17:17,799 : DEBUG : Events : Registered BCP._bcp_event_callback as a handler for 'tilt', priority: 1, kwargs: {'command': 'tilt'}
2016-03-13 23:17:17,799 : DEBUG : Events : Registered BCP._bcp_event_callback as a handler for 'tilt_warning', priority: 1, kwargs: {'params': {'warnings_remaining': '%warnings_remaining', 'warnings': '%warnings'}, 'command': 'tilt_warning'}
2016-03-13 23:17:17,799 : DEBUG : Events : Registered BCP._bcp_event_callback as a handler for 'slam_tilt', priority: 1, kwargs: {'command': 'slam_tilt'}
2016-03-13 23:17:17,800 : DEBUG : Events : Registered BCP._bcp_event_callback as a handler for 'player_turn_start', priority: 1, kwargs: {'params': {'player_num': '%number'}, 'command': 'player_turn_start'}
2016-03-13 23:17:17,800 : DEBUG : Events : Registered BCP._bcp_event_callback as a handler for 'ball_started', priority: 1, kwargs: {'params': {'player_num': '%player', 'ball': '%ball'}, 'command': 'ball_start'}
2016-03-13 23:17:17,800 : DEBUG : Events : Registered BCP._bcp_event_callback as a handler for 'ball_ending', priority: 1, kwargs: {'command': 'ball_end'}
2016-03-13 23:17:17,800 : DEBUG : Events : Registered BCP.bcp_trigger as a handler for 'player_score', priority: 1, kwargs: {'name': 'player_score'}
2016-03-13 23:17:17,800 : DEBUG : Events : Registered BCP._setup_bcp_connections as a handler for 'init_phase_2', priority: 1, kwargs: {}
2016-03-13 23:17:17,800 : DEBUG : Clock : Scheduled a recurring clock callback (callback=<bound method BCP.get_bcp_messages of <BCP Module>>, timeout=0, priority=1)
2016-03-13 23:17:17,801 : DEBUG : Events : Registered BCP.bcp_player_added as a handler for 'player_add_success', priority: 1, kwargs: {}
2016-03-13 23:17:17,801 : DEBUG : Events : Registered BCP.bcp_reset as a handler for 'machine_reset_phase_1', priority: 1, kwargs: {}
2016-03-13 23:17:17,801 : DEBUG : Events : Registered BCP.increase_volume as a handler for 'increase_volume', priority: 1, kwargs: {}
2016-03-13 23:17:17,801 : DEBUG : Events : Registered BCP.decrease_volume as a handler for 'decrease_volume', priority: 1, kwargs: {}
2016-03-13 23:17:17,801 : DEBUG : Events : Registered BCP.enable_volume_keys as a handler for 'enable_volume_keys', priority: 1, kwargs: {}
2016-03-13 23:17:17,801 : DEBUG : Events : Registered BCP.disable_volume_keys as a handler for 'disable_volume_keys', priority: 1, kwargs: {}
2016-03-13 23:17:17,802 : DEBUG : Events : Registered BCP.get_led_coordinates as a handler for 'bcp_get_led_coordinates', priority: 1, kwargs: {}
2016-03-13 23:17:17,802 : DEBUG : Mode Controller : Registering <bound method BCP.bcp_mode_start of <BCP Module>> as a mode start method. Config section: mode, priority: 0, kwargs: {}
2016-03-13 23:17:17,802 : DEBUG : Machine : Loading 'mpf.core.logic_blocks.LogicBlocks' core module
2016-03-13 23:17:17,802 : DEBUG : Mode Controller : Registering <bound method LogicBlocks._process_config of <mpf.core.logic_blocks.LogicBlocks object at 0x107adec18>> as a mode start method. Config section: logic_blocks, priority: 0, kwargs: {}
2016-03-13 23:17:17,803 : DEBUG : Events : Registered LogicBlocks._create_player_logic_blocks as a handler for 'player_add_success', priority: 1, kwargs: {}
2016-03-13 23:17:17,803 : DEBUG : Events : Registered LogicBlocks.player_turn_start as a handler for 'player_turn_start', priority: 1, kwargs: {}
2016-03-13 23:17:17,803 : DEBUG : Events : Registered LogicBlocks.player_turn_stop as a handler for 'player_turn_stop', priority: 1, kwargs: {}
2016-03-13 23:17:17,803 : DEBUG : Machine : Loading 'mpf.core.scoring.ScoreController' core module
2016-03-13 23:17:17,804 : DEBUG : Score : Loading the Score Controller
2016-03-13 23:17:17,804 : DEBUG : Mode Controller : Registering <bound method ScoreController.mode_start of <mpf.core.scoring.ScoreController object at 0x107b02128>> as a mode start method. Config section: scoring, priority: 0, kwargs: {}
2016-03-13 23:17:17,804 : INFO : FAST : Configuring FAST Controller for FAST IO boards.
2016-03-13 23:17:17,804 : INFO : FAST : Connecting to /dev/tty.usbserial-141C at 921600bps
2016-03-13 23:17:19,306 : DEBUG : FAST : Sending 'ID:' command to port '/dev/tty.usbserial-141C'
2016-03-13 23:17:20,309 : INFO : FAST : Received ID acknowledgement. Processor: RGB, Board: FP-CPU-002-2, Firmware: 00.88
2016-03-13 23:17:20,310 : INFO : FAST : Connecting to /dev/tty.usbserial-141A at 921600bps
2016-03-13 23:17:21,812 : DEBUG : FAST : Sending 'ID:' command to port '/dev/tty.usbserial-141A'
2016-03-13 23:17:22,812 : INFO : FAST : Received ID acknowledgement. Processor: DMD, Board: FP-CPU-002-2, Firmware: 00.88
2016-03-13 23:17:22,813 : INFO : FAST : Connecting to /dev/tty.usbserial-141B at 921600bps
2016-03-13 23:17:24,315 : DEBUG : FAST : Sending 'ID:' command to port '/dev/tty.usbserial-141B'
2016-03-13 23:17:25,320 : INFO : FAST : Received ID acknowledgement. Processor: NET, Board: FP-CPU-002-2, Firmware: 00.98
2016-03-13 23:17:25,321 : DEBUG : FAST : Querying FAST IO boards...
2016-03-13 23:17:26,326 : INFO : FAST : Fast IO Board 00: Model: FP-I/O-3208-2, Firmware: 00.95, Switches: 32, Drivers: 8
2016-03-13 23:17:27,331 : INFO : FAST : Fast IO Board 01: Model: FP-I/O-3208-2, Firmware: 00.95, Switches: 32, Drivers: 8
2016-03-13 23:17:28,333 : INFO : FAST : Fast IO Board 02: Model: FP-I/O-1616-2, Firmware: 00.95, Switches: 16, Drivers: 16
2016-03-13 23:17:33,349 : DEBUG : Mode Controller : Registering <bound method ConfigPlayer.register_player_events of ConfigPlayer.flashers> as a mode start method. Config section: flasher_player, priority: 0, kwargs: {}
2016-03-13 23:17:33,349 : DEBUG : Events : Registered ConfigPlayer._initialize as a handler for 'init_phase_1', priority: 1, kwargs: {}
2016-03-13 23:17:33,350 : DEBUG : Mode Controller : Registering <bound method ConfigPlayer.register_player_events of ConfigPlayer.coils> as a mode start method. Config section: coil_player, priority: 0, kwargs: {}
2016-03-13 23:17:33,350 : DEBUG : Events : Registered ConfigPlayer._initialize as a handler for 'init_phase_1', priority: 1, kwargs: {}
2016-03-13 23:17:33,351 : DEBUG : Mode Controller : Registering <bound method ConfigPlayer.register_player_events of ConfigPlayer.lights> as a mode start method. Config section: light_player, priority: 0, kwargs: {}
2016-03-13 23:17:33,351 : DEBUG : Events : Registered ConfigPlayer._initialize as a handler for 'init_phase_1', priority: 1, kwargs: {}
2016-03-13 23:17:33,352 : DEBUG : Mode Controller : Registering <bound method ConfigPlayer.register_player_events of ConfigPlayer.bcp> as a mode start method. Config section: bcp_player, priority: 0, kwargs: {}
2016-03-13 23:17:33,352 : DEBUG : Events : Registered ConfigPlayer._initialize as a handler for 'init_phase_1', priority: 1, kwargs: {}
2016-03-13 23:17:33,352 : DEBUG : Mode Controller : Registering <bound method ConfigPlayer.register_player_events of ConfigPlayer.gis> as a mode start method. Config section: gi_player, priority: 0, kwargs: {}
2016-03-13 23:17:33,353 : DEBUG : Events : Registered ConfigPlayer._initialize as a handler for 'init_phase_1', priority: 1, kwargs: {}
2016-03-13 23:17:33,353 : DEBUG : Mode Controller : Registering <bound method ConfigPlayer.register_player_events of ConfigPlayer.random_events> as a mode start method. Config section: random_event_player, priority: 0, kwargs: {}
2016-03-13 23:17:33,353 : DEBUG : Events : Registered ConfigPlayer._initialize as a handler for 'init_phase_1', priority: 1, kwargs: {}
2016-03-13 23:17:33,353 : DEBUG : Mode Controller : Registering <bound method ConfigPlayer.register_player_events of ConfigPlayer.triggers> as a mode start method. Config section: trigger_player, priority: 0, kwargs: {}
2016-03-13 23:17:33,354 : DEBUG : Events : Registered ConfigPlayer._initialize as a handler for 'init_phase_1', priority: 1, kwargs: {}
2016-03-13 23:17:33,354 : DEBUG : Mode Controller : Registering <bound method ConfigPlayer.register_player_events of ConfigPlayer.events> as a mode start method. Config section: event_player, priority: 0, kwargs: {}
2016-03-13 23:17:33,354 : DEBUG : Events : Registered ConfigPlayer._initialize as a handler for 'init_phase_1', priority: 1, kwargs: {}
2016-03-13 23:17:33,355 : DEBUG : Mode Controller : Registering <bound method ConfigPlayer.register_player_events of ConfigPlayer.leds> as a mode start method. Config section: led_player, priority: 0, kwargs: {}
2016-03-13 23:17:33,355 : DEBUG : Events : Registered ConfigPlayer._initialize as a handler for 'init_phase_1', priority: 1, kwargs: {}
2016-03-13 23:17:33,355 : DEBUG : Mode Controller : Registering <bound method ConfigPlayer.register_player_events of ConfigPlayer.shows> as a mode start method. Config section: show_player, priority: 0, kwargs: {}
2016-03-13 23:17:33,355 : DEBUG : Events : Registered ConfigPlayer._initialize as a handler for 'init_phase_1', priority: 1, kwargs: {}
2016-03-13 23:17:33,355 : DEBUG : Events : Registered MachineController.power_off as a handler for 'shutdown', priority: 1, kwargs: {}
2016-03-13 23:17:33,356 : DEBUG : Events : Registered MachineController.power_off as a handler for 'sw_shutdown', priority: 1, kwargs: {}
2016-03-13 23:17:33,356 : DEBUG : Events : Registered MachineController.stop as a handler for 'quit', priority: 1, kwargs: {}
2016-03-13 23:17:33,356 : DEBUG : Events : Registered MachineController.stop as a handler for 'sw_quit', priority: 1, kwargs: {}
2016-03-13 23:17:33,356 : DEBUG : DataInterface : Loading machine_vars from /Users/gabe/Dropbox/Pinball/Gabe/bnd/data/machine_vars.yaml
2016-03-13 23:17:33,356 : DEBUG : DataInterface : Didn't find the machine_vars file. No prob. We'll create it when we save.
2016-03-13 23:17:33,356 : DEBUG : Events : ^^^^ Posted event 'init_phase_1'. Type: None, Callback: None, Args: {}
2016-03-13 23:17:33,357 : DEBUG : Events : ============== EVENTS QUEUE =============
2016-03-13 23:17:33,357 : DEBUG : Events : init_phase_1, None, None, {}
2016-03-13 23:17:33,357 : DEBUG : Events : =========================================
2016-03-13 23:17:33,357 : DEBUG : Events : ^^^^ Processing event 'init_phase_1'. Type: None, Callback: None, Args: {}
2016-03-13 23:17:33,357 : DEBUG : Events : DeviceManager._load_device_modules (priority: 1) responding to event 'init_phase_1' with args {}
2016-03-13 23:17:33,357 : INFO : DeviceManager : Loading devices...
2016-03-13 23:17:33,358 : DEBUG : FASTDriver : Driver Settings: {'config_cmd': 'DN:', 'trigger_cmd': 'TN:', 'pwm1': 'ff', 'number': '09', 'pwm32': None, 'allow_enable': False, 'pwm2': 'ff', 'recycle_ms': '00', 'mode': '10', 'pulse_ms': '0A'}
2016-03-13 23:17:33,358 : DEBUG : FASTDriver : Reseting driver {'config_cmd': 'DN:', 'trigger_cmd': 'TN:', 'pwm1': 'ff', 'number': '09', 'pwm32': None, 'allow_enable': False, 'pwm2': 'ff', 'recycle_ms': '00', 'mode': '10', 'pulse_ms': '0A'}
2016-03-13 23:17:33,358 : DEBUG : FASTDriver : Driver Settings: {'config_cmd': 'DN:', 'trigger_cmd': 'TN:', 'pwm1': 'ff', 'number': '0E', 'pwm32': None, 'allow_enable': False, 'pwm2': 'ff', 'recycle_ms': '00', 'mode': '10', 'pulse_ms': '28'}
2016-03-13 23:17:33,358 : DEBUG : FASTDriver : Reseting driver {'config_cmd': 'DN:', 'trigger_cmd': 'TN:', 'pwm1': 'ff', 'number': '0E', 'pwm32': None, 'allow_enable': False, 'pwm2': 'ff', 'recycle_ms': '00', 'mode': '10', 'pulse_ms': '28'}
2016-03-13 23:17:33,359 : DEBUG : FASTDriver : Driver Settings: {'config_cmd': 'DN:', 'trigger_cmd': 'TN:', 'pwm1': 'ff', 'number': '14', 'pwm32': None, 'allow_enable': False, 'pwm2': 'ff', 'recycle_ms': '00', 'mode': '10', 'pulse_ms': '05'}
2016-03-13 23:17:33,359 : DEBUG : FASTDriver : Reseting driver {'config_cmd': 'DN:', 'trigger_cmd': 'TN:', 'pwm1': 'ff', 'number': '14', 'pwm32': None, 'allow_enable': False, 'pwm2': 'ff', 'recycle_ms': '00', 'mode': '10', 'pulse_ms': '05'}
2016-03-13 23:17:33,359 : DEBUG : FASTDriver : Driver Settings: {'config_cmd': 'DN:', 'trigger_cmd': 'TN:', 'pwm1': 'ff', 'number': '02', 'pwm32': None, 'allow_enable': False, 'pwm2': 'ff', 'recycle_ms': '00', 'mode': '10', 'pulse_ms': '0A'}
2016-03-13 23:17:33,359 : DEBUG : FASTDriver : Reseting driver {'config_cmd': 'DN:', 'trigger_cmd': 'TN:', 'pwm1': 'ff', 'number': '02', 'pwm32': None, 'allow_enable': False, 'pwm2': 'ff', 'recycle_ms': '00', 'mode': '10', 'pulse_ms': '0A'}
2016-03-13 23:17:33,360 : DEBUG : FASTDriver : Driver Settings: {'config_cmd': 'DN:', 'trigger_cmd': 'TN:', 'pwm1': 'ff', 'number': '11', 'pwm32': None, 'allow_enable': False, 'pwm2': 'ff', 'recycle_ms': '00', 'mode': '10', 'pulse_ms': '0A'}
2016-03-13 23:17:33,360 : DEBUG : FASTDriver : Reseting driver {'config_cmd': 'DN:', 'trigger_cmd': 'TN:', 'pwm1': 'ff', 'number': '11', 'pwm32': None, 'allow_enable': False, 'pwm2': 'ff', 'recycle_ms': '00', 'mode': '10', 'pulse_ms': '0A'}
2016-03-13 23:17:33,360 : DEBUG : FASTDriver : Driver Settings: {'config_cmd': 'DN:', 'trigger_cmd': 'TN:', 'pwm1': 'ff', 'number': '06', 'pwm32': None, 'allow_enable': False, 'pwm2': 'ff', 'recycle_ms': '00', 'mode': '10', 'pulse_ms': '0A'}
2016-03-13 23:17:33,361 : DEBUG : FASTDriver : Reseting driver {'config_cmd': 'DN:', 'trigger_cmd': 'TN:', 'pwm1': 'ff', 'number': '06', 'pwm32': None, 'allow_enable': False, 'pwm2': 'ff', 'recycle_ms': '00', 'mode': '10', 'pulse_ms': '0A'}
2016-03-13 23:17:33,361 : DEBUG : FASTDriver : Driver Settings: {'config_cmd': 'DN:', 'trigger_cmd': 'TN:', 'pwm1': 'ff', 'number': '1A', 'pwm32': None, 'allow_enable': False, 'pwm2': 'ff', 'recycle_ms': '00', 'mode': '10', 'pulse_ms': '14'}
2016-03-13 23:17:33,361 : DEBUG : FASTDriver : Reseting driver {'config_cmd': 'DN:', 'trigger_cmd': 'TN:', 'pwm1': 'ff', 'number': '1A', 'pwm32': None, 'allow_enable': False, 'pwm2': 'ff', 'recycle_ms': '00', 'mode': '10', 'pulse_ms': '14'}
2016-03-13 23:17:33,361 : DEBUG : coil.c_upperrightflipperhold : Enabling debug logging
2016-03-13 23:17:33,362 : DEBUG : coil.c_upperrightflipperhold : Configuring device with settings: '{'tags': [], 'pwm_off_ms': None, 'label': '%', 'hold_power': None, 'pulse_power': None, 'pwm_on_ms': None, 'allow_enable': False, 'hold_pwm_mask': None, 'number': '25', 'pulse_ms': None, 'pulse_pwm_mask': None, 'hold_power32': None, 'platform': None, 'pulse_power32': None, 'number_str': '25', 'disable_events': {}, 'debug': True, 'recycle_ms': None, 'pulse_events': {}, 'enable_events': {}}'
2016-03-13 23:17:33,362 : DEBUG : coil.c_upperrightflipperhold : Platform Driver: <Platform.FAST>
2016-03-13 23:17:33,362 : DEBUG : FASTDriver : Driver Settings: {'config_cmd': 'DN:', 'trigger_cmd': 'TN:', 'pwm1': 'ff', 'number': '19', 'pwm32': None, 'allow_enable': False, 'pwm2': 'ff', 'recycle_ms': '00', 'mode': '10', 'pulse_ms': '0A'}
2016-03-13 23:17:33,362 : DEBUG : FASTDriver : Reseting driver {'config_cmd': 'DN:', 'trigger_cmd': 'TN:', 'pwm1': 'ff', 'number': '19', 'pwm32': None, 'allow_enable': False, 'pwm2': 'ff', 'recycle_ms': '00', 'mode': '10', 'pulse_ms': '0A'}
2016-03-13 23:17:33,363 : DEBUG : FASTDriver : Driver Settings: {'config_cmd': 'DN:', 'trigger_cmd': 'TN:', 'pwm1': 'ff', 'number': '10', 'pwm32': None, 'allow_enable': False, 'pwm2': 'ff', 'recycle_ms': '00', 'mode': '10', 'pulse_ms': '0A'}
2016-03-13 23:17:33,363 : DEBUG : FASTDriver : Reseting driver {'config_cmd': 'DN:', 'trigger_cmd': 'TN:', 'pwm1': 'ff', 'number': '10', 'pwm32': None, 'allow_enable': False, 'pwm2': 'ff', 'recycle_ms': '00', 'mode': '10', 'pulse_ms': '0A'}
2016-03-13 23:17:33,363 : DEBUG : FASTDriver : Driver Settings: {'config_cmd': 'DN:', 'trigger_cmd': 'TN:', 'pwm1': 'ff', 'number': '01', 'pwm32': None, 'allow_enable': False, 'pwm2': 'ff', 'recycle_ms': '00', 'mode': '10', 'pulse_ms': '0A'}
2016-03-13 23:17:33,363 : DEBUG : FASTDriver : Reseting driver {'config_cmd': 'DN:', 'trigger_cmd': 'TN:', 'pwm1': 'ff', 'number': '01', 'pwm32': None, 'allow_enable': False, 'pwm2': 'ff', 'recycle_ms': '00', 'mode': '10', 'pulse_ms': '0A'}
2016-03-13 23:17:33,363 : DEBUG : coil.c_leftflippermain : Enabling debug logging
2016-03-13 23:17:33,364 : DEBUG : coil.c_leftflippermain : Configuring device with settings: '{'tags': [], 'pwm_off_ms': None, 'label': '%', 'hold_power': None, 'pulse_power': None, 'pwm_on_ms': None, 'allow_enable': False, 'hold_pwm_mask': None, 'number': '0', 'pulse_ms': 35, 'pulse_pwm_mask': None, 'hold_power32': None, 'platform': None, 'pulse_power32': None, 'number_str': '0', 'disable_events': {}, 'debug': True, 'recycle_ms': None, 'pulse_events': {}, 'enable_events': {}}'
2016-03-13 23:17:33,364 : DEBUG : coil.c_leftflippermain : Platform Driver: <Platform.FAST>
2016-03-13 23:17:33,364 : DEBUG : FASTDriver : Driver Settings: {'config_cmd': 'DN:', 'trigger_cmd': 'TN:', 'pwm1': 'ff', 'number': '00', 'pwm32': None, 'allow_enable': False, 'pwm2': 'ff', 'recycle_ms': '00', 'mode': '10', 'pulse_ms': '23'}
2016-03-13 23:17:33,364 : DEBUG : FASTDriver : Reseting driver {'config_cmd': 'DN:', 'trigger_cmd': 'TN:', 'pwm1': 'ff', 'number': '00', 'pwm32': None, 'allow_enable': False, 'pwm2': 'ff', 'recycle_ms': '00', 'mode': '10', 'pulse_ms': '23'}
2016-03-13 23:17:33,365 : DEBUG : coil.c_upperrightflippermain : Enabling debug logging
2016-03-13 23:17:33,365 : DEBUG : coil.c_upperrightflippermain : Configuring device with settings: '{'tags': [], 'pwm_off_ms': None, 'label': '%', 'hold_power': None, 'pulse_power': None, 'pwm_on_ms': None, 'allow_enable': False, 'hold_pwm_mask': None, 'number': '29', 'pulse_ms': 25, 'pulse_pwm_mask': None, 'hold_power32': None, 'platform': None, 'pulse_power32': None, 'number_str': '29', 'disable_events': {}, 'debug': True, 'recycle_ms': None, 'pulse_events': {}, 'enable_events': {}}'
2016-03-13 23:17:33,365 : DEBUG : coil.c_upperrightflippermain : Platform Driver: <Platform.FAST>
2016-03-13 23:17:33,365 : DEBUG : FASTDriver : Driver Settings: {'config_cmd': 'DN:', 'trigger_cmd': 'TN:', 'pwm1': 'ff', 'number': '1D', 'pwm32': None, 'allow_enable': False, 'pwm2': 'ff', 'recycle_ms': '00', 'mode': '10', 'pulse_ms': '19'}
2016-03-13 23:17:33,365 : DEBUG : FASTDriver : Reseting driver {'config_cmd': 'DN:', 'trigger_cmd': 'TN:', 'pwm1': 'ff', 'number': '1D', 'pwm32': None, 'allow_enable': False, 'pwm2': 'ff', 'recycle_ms': '00', 'mode': '10', 'pulse_ms': '19'}
2016-03-13 23:17:33,366 : DEBUG : FASTDriver : Driver Settings: {'config_cmd': 'DN:', 'trigger_cmd': 'TN:', 'pwm1': 'ff', 'number': '13', 'pwm32': None, 'allow_enable': False, 'pwm2': 'ff', 'recycle_ms': '00', 'mode': '10', 'pulse_ms': '08'}
2016-03-13 23:17:33,366 : DEBUG : FASTDriver : Reseting driver {'config_cmd': 'DN:', 'trigger_cmd': 'TN:', 'pwm1': 'ff', 'number': '13', 'pwm32': None, 'allow_enable': False, 'pwm2': 'ff', 'recycle_ms': '00', 'mode': '10', 'pulse_ms': '08'}
2016-03-13 23:17:33,366 : DEBUG : FASTDriver : Driver Settings: {'config_cmd': 'DN:', 'trigger_cmd': 'TN:', 'pwm1': 'ff', 'number': '08', 'pwm32': None, 'allow_enable': False, 'pwm2': '01', 'recycle_ms': '00', 'mode': '10', 'pulse_ms': '0A'}
2016-03-13 23:17:33,366 : DEBUG : FASTDriver : Reseting driver {'config_cmd': 'DN:', 'trigger_cmd': 'TN:', 'pwm1': 'ff', 'number': '08', 'pwm32': None, 'allow_enable': False, 'pwm2': '01', 'recycle_ms': '00', 'mode': '10', 'pulse_ms': '0A'}
2016-03-13 23:17:33,367 : DEBUG : FASTDriver : Driver Settings: {'config_cmd': 'DN:', 'trigger_cmd': 'TN:', 'pwm1': 'ff', 'number': '0F', 'pwm32': None, 'allow_enable': False, 'pwm2': 'ff', 'recycle_ms': '00', 'mode': '10', 'pulse_ms': '0A'}
2016-03-13 23:17:33,367 : DEBUG : FASTDriver : Reseting driver {'config_cmd': 'DN:', 'trigger_cmd': 'TN:', 'pwm1': 'ff', 'number': '0F', 'pwm32': None, 'allow_enable': False, 'pwm2': 'ff', 'recycle_ms': '00', 'mode': '10', 'pulse_ms': '0A'}
2016-03-13 23:17:33,367 : DEBUG : FASTDriver : Driver Settings: {'config_cmd': 'DN:', 'trigger_cmd': 'TN:', 'pwm1': 'ff', 'number': '0B', 'pwm32': None, 'allow_enable': False, 'pwm2': 'ff', 'recycle_ms': '00', 'mode': '10', 'pulse_ms': '0A'}
2016-03-13 23:17:33,367 : DEBUG : FASTDriver : Reseting driver {'config_cmd': 'DN:', 'trigger_cmd': 'TN:', 'pwm1': 'ff', 'number': '0B', 'pwm32': None, 'allow_enable': False, 'pwm2': 'ff', 'recycle_ms': '00', 'mode': '10', 'pulse_ms': '0A'}
2016-03-13 23:17:33,368 : DEBUG : FASTDriver : Driver Settings: {'config_cmd': 'DN:', 'trigger_cmd': 'TN:', 'pwm1': 'ff', 'number': '0D', 'pwm32': None, 'allow_enable': False, 'pwm2': 'ff', 'recycle_ms': '00', 'mode': '10', 'pulse_ms': '0A'}
2016-03-13 23:17:33,368 : DEBUG : FASTDriver : Reseting driver {'config_cmd': 'DN:', 'trigger_cmd': 'TN:', 'pwm1': 'ff', 'number': '0D', 'pwm32': None, 'allow_enable': False, 'pwm2': 'ff', 'recycle_ms': '00', 'mode': '10', 'pulse_ms': '0A'}
2016-03-13 23:17:33,368 : DEBUG : FASTDriver : Driver Settings: {'config_cmd': 'DN:', 'trigger_cmd': 'TN:', 'pwm1': 'ff', 'number': '1C', 'pwm32': None, 'allow_enable': False, 'pwm2': 'ff', 'recycle_ms': '00', 'mode': '10', 'pulse_ms': '14'}
2016-03-13 23:17:33,368 : DEBUG : FASTDriver : Reseting driver {'config_cmd': 'DN:', 'trigger_cmd': 'TN:', 'pwm1': 'ff', 'number': '1C', 'pwm32': None, 'allow_enable': False, 'pwm2': 'ff', 'recycle_ms': '00', 'mode': '10', 'pulse_ms': '14'}
2016-03-13 23:17:33,369 : DEBUG : FASTDriver : Driver Settings: {'config_cmd': 'DN:', 'trigger_cmd': 'TN:', 'pwm1': 'ff', 'number': '07', 'pwm32': None, 'allow_enable': False, 'pwm2': 'ff', 'recycle_ms': '00', 'mode': '10', 'pulse_ms': '0A'}
2016-03-13 23:17:33,369 : DEBUG : FASTDriver : Reseting driver {'config_cmd': 'DN:', 'trigger_cmd': 'TN:', 'pwm1': 'ff', 'number': '07', 'pwm32': None, 'allow_enable': False, 'pwm2': 'ff', 'recycle_ms': '00', 'mode': '10', 'pulse_ms': '0A'}
2016-03-13 23:17:33,369 : DEBUG : FASTDriver : Driver Settings: {'config_cmd': 'DN:', 'trigger_cmd': 'TN:', 'pwm1': 'ff', 'number': '0C', 'pwm32': None, 'allow_enable': False, 'pwm2': 'ff', 'recycle_ms': '00', 'mode': '10', 'pulse_ms': '0A'}
2016-03-13 23:17:33,369 : DEBUG : FASTDriver : Reseting driver {'config_cmd': 'DN:', 'trigger_cmd': 'TN:', 'pwm1': 'ff', 'number': '0C', 'pwm32': None, 'allow_enable': False, 'pwm2': 'ff', 'recycle_ms': '00', 'mode': '10', 'pulse_ms': '0A'}
2016-03-13 23:17:33,370 : DEBUG : FASTDriver : Driver Settings: {'config_cmd': 'DN:', 'trigger_cmd': 'TN:', 'pwm1': 'ff', 'number': '12', 'pwm32': None, 'allow_enable': False, 'pwm2': 'ff', 'recycle_ms': '00', 'mode': '10', 'pulse_ms': '14'}
2016-03-13 23:17:33,370 : DEBUG : FASTDriver : Reseting driver {'config_cmd': 'DN:', 'trigger_cmd': 'TN:', 'pwm1': 'ff', 'number': '12', 'pwm32': None, 'allow_enable': False, 'pwm2': 'ff', 'recycle_ms': '00', 'mode': '10', 'pulse_ms': '14'}
2016-03-13 23:17:33,370 : DEBUG : FASTDriver : Driver Settings: {'config_cmd': 'DN:', 'trigger_cmd': 'TN:', 'pwm1': 'ff', 'number': '0A', 'pwm32': None, 'allow_enable': False, 'pwm2': 'ff', 'recycle_ms': '00', 'mode': '10', 'pulse_ms': '28'}
2016-03-13 23:17:33,370 : DEBUG : FASTDriver : Reseting driver {'config_cmd': 'DN:', 'trigger_cmd': 'TN:', 'pwm1': 'ff', 'number': '0A', 'pwm32': None, 'allow_enable': False, 'pwm2': 'ff', 'recycle_ms': '00', 'mode': '10', 'pulse_ms': '28'}
2016-03-13 23:17:33,371 : DEBUG : coil.c_rightflippermain : Enabling debug logging
2016-03-13 23:17:33,371 : DEBUG : coil.c_rightflippermain : Configuring device with settings: '{'tags': [], 'pwm_off_ms': None, 'label': '%', 'hold_power': None, 'pulse_power': None, 'pwm_on_ms': None, 'allow_enable': False, 'hold_pwm_mask': None, 'number': '3', 'pulse_ms': 35, 'pulse_pwm_mask': None, 'hold_power32': None, 'platform': None, 'pulse_power32': None, 'number_str': '3', 'disable_events': {}, 'debug': True, 'recycle_ms': None, 'pulse_events': {}, 'enable_events': {}}'
2016-03-13 23:17:33,371 : DEBUG : coil.c_rightflippermain : Platform Driver: <Platform.FAST>
2016-03-13 23:17:33,371 : DEBUG : FASTDriver : Driver Settings: {'config_cmd': 'DN:', 'trigger_cmd': 'TN:', 'pwm1': 'ff', 'number': '03', 'pwm32': None, 'allow_enable': False, 'pwm2': 'ff', 'recycle_ms': '00', 'mode': '10', 'pulse_ms': '23'}
2016-03-13 23:17:33,372 : DEBUG : FASTDriver : Reseting driver {'config_cmd': 'DN:', 'trigger_cmd': 'TN:', 'pwm1': 'ff', 'number': '03', 'pwm32': None, 'allow_enable': False, 'pwm2': 'ff', 'recycle_ms': '00', 'mode': '10', 'pulse_ms': '23'}
2016-03-13 23:17:33,372 : DEBUG : FASTDriver : Driver Settings: {'config_cmd': 'DN:', 'trigger_cmd': 'TN:', 'pwm1': 'ff', 'number': '04', 'pwm32': None, 'allow_enable': False, 'pwm2': 'ff', 'recycle_ms': '00', 'mode': '10', 'pulse_ms': '0A'}
2016-03-13 23:17:33,372 : DEBUG : FASTDriver : Reseting driver {'config_cmd': 'DN:', 'trigger_cmd': 'TN:', 'pwm1': 'ff', 'number': '04', 'pwm32': None, 'allow_enable': False, 'pwm2': 'ff', 'recycle_ms': '00', 'mode': '10', 'pulse_ms': '0A'}
2016-03-13 23:17:33,372 : DEBUG : FASTDriver : Driver Settings: {'config_cmd': 'DN:', 'trigger_cmd': 'TN:', 'pwm1': 'ff', 'number': '05', 'pwm32': None, 'allow_enable': False, 'pwm2': 'ff', 'recycle_ms': '00', 'mode': '10', 'pulse_ms': '14'}
2016-03-13 23:17:33,372 : DEBUG : FASTDriver : Reseting driver {'config_cmd': 'DN:', 'trigger_cmd': 'TN:', 'pwm1': 'ff', 'number': '05', 'pwm32': None, 'allow_enable': False, 'pwm2': 'ff', 'recycle_ms': '00', 'mode': '10', 'pulse_ms': '14'}
2016-03-13 23:17:33,373 : DEBUG : FASTDriver : Driver Settings: {'config_cmd': 'DN:', 'trigger_cmd': 'TN:', 'pwm1': 'ff', 'number': '1B', 'pwm32': None, 'allow_enable': False, 'pwm2': 'ff', 'recycle_ms': '00', 'mode': '10', 'pulse_ms': '14'}
2016-03-13 23:17:33,373 : DEBUG : FASTDriver : Reseting driver {'config_cmd': 'DN:', 'trigger_cmd': 'TN:', 'pwm1': 'ff', 'number': '1B', 'pwm32': None, 'allow_enable': False, 'pwm2': 'ff', 'recycle_ms': '00', 'mode': '10', 'pulse_ms': '14'}
2016-03-13 23:17:33,374 : DEBUG : switch.s_leftlane : Creating 's_leftlane' with config: {'tags': [], 'debug': False, 'label': '%', 'recycle_time': 0.0, 'debounce_close': 0, 'events_when_deactivated': [], 'number': '74', 'events_when_activated': [], 'type': 'NO', 'debounce_open': 0, 'number_str': '74', 'debounce': 'True', 'platform': None}
2016-03-13 23:17:33,374 : DEBUG : FAST : FAST Switch hardware tuple: ('4A', 1)
2016-03-13 23:17:33,374 : DEBUG : switch.s_rightsling : Creating 's_rightsling' with config: {'tags': [], 'debug': False, 'label': '%', 'recycle_time': 0.0, 'debounce_close': 0, 'events_when_deactivated': [], 'number': '25', 'events_when_activated': [], 'type': 'NO', 'debounce_open': 0, 'number_str': '25', 'debounce': 'True', 'platform': None}
2016-03-13 23:17:33,374 : DEBUG : FAST : FAST Switch hardware tuple: ('19', 1)
2016-03-13 23:17:33,375 : DEBUG : switch.s_leftoutlane : Creating 's_leftoutlane' with config: {'tags': [], 'debug': False, 'label': '%', 'recycle_time': 0.0, 'debounce_close': 0, 'events_when_deactivated': [], 'number': '20', 'events_when_activated': [], 'type': 'NO', 'debounce_open': 0, 'number_str': '20', 'debounce': 'True', 'platform': None}
2016-03-13 23:17:33,375 : DEBUG : FAST : FAST Switch hardware tuple: ('14', 1)
2016-03-13 23:17:33,375 : DEBUG : switch.s_rightrampopto : Creating 's_rightrampopto' with config: {'tags': [], 'debug': False, 'label': '%', 'recycle_time': 0.0, 'debounce_close': 0, 'events_when_deactivated': [], 'number': '72', 'events_when_activated': [], 'type': 'NC', 'debounce_open': 0, 'number_str': '72', 'debounce': 'True', 'platform': None}
2016-03-13 23:17:33,375 : DEBUG : FAST : FAST Switch hardware tuple: ('48', 1)
2016-03-13 23:17:33,376 : DEBUG : switch.s_leftinlane : Creating 's_leftinlane' with config: {'tags': [], 'debug': False, 'label': '%', 'recycle_time': 0.0, 'debounce_close': 0, 'events_when_deactivated': [], 'number': '22', 'events_when_activated': [], 'type': 'NO', 'debounce_open': 0, 'number_str': '22', 'debounce': 'True', 'platform': None}
2016-03-13 23:17:33,376 : DEBUG : FAST : FAST Switch hardware tuple: ('16', 1)
2016-03-13 23:17:33,376 : DEBUG : switch.s_rightinlane : Creating 's_rightinlane' with config: {'tags': [], 'debug': False, 'label': '%', 'recycle_time': 0.0, 'debounce_close': 0, 'events_when_deactivated': [], 'number': '24', 'events_when_activated': [], 'type': 'NO', 'debounce_open': 0, 'number_str': '24', 'debounce': 'True', 'platform': None}
2016-03-13 23:17:33,376 : DEBUG : FAST : FAST Switch hardware tuple: ('18', 1)
2016-03-13 23:17:33,377 : DEBUG : switch.s_toprightstandup : Creating 's_toprightstandup' with config: {'tags': [], 'debug': False, 'label': '%', 'recycle_time': 0.0, 'debounce_close': 0, 'events_when_deactivated': [], 'number': '27', 'events_when_activated': [], 'type': 'NO', 'debounce_open': 0, 'number_str': '27', 'debounce': 'True', 'platform': None}
2016-03-13 23:17:33,377 : DEBUG : FAST : FAST Switch hardware tuple: ('1B', 1)
2016-03-13 23:17:33,377 : DEBUG : switch.s_droptarget3 : Creating 's_droptarget3' with config: {'tags': [], 'debug': False, 'label': '%', 'recycle_time': 0.0, 'debounce_close': 0, 'events_when_deactivated': [], 'number': '66', 'events_when_activated': [], 'type': 'NO', 'debounce_open': 0, 'number_str': '66', 'debounce': 'True', 'platform': None}
2016-03-13 23:17:33,377 : DEBUG : FAST : FAST Switch hardware tuple: ('42', 1)
2016-03-13 23:17:33,378 : DEBUG : switch.s_leftrampopto : Creating 's_leftrampopto' with config: {'tags': [], 'debug': False, 'label': '%', 'recycle_time': 0.0, 'debounce_close': 0, 'events_when_deactivated': [], 'number': '45', 'events_when_activated': [], 'type': 'NC', 'debounce_open': 0, 'number_str': '45', 'debounce': 'True', 'platform': None}
2016-03-13 23:17:33,378 : DEBUG : FAST : FAST Switch hardware tuple: ('2D', 1)
2016-03-13 23:17:33,378 : DEBUG : switch.s_rightpop : Creating 's_rightpop' with config: {'tags': [], 'debug': False, 'label': '%', 'recycle_time': 0.0, 'debounce_close': 0, 'events_when_deactivated': [], 'number': '78', 'events_when_activated': [], 'type': 'NO', 'debounce_open': 0, 'number_str': '78', 'debounce': 'True', 'platform': None}
2016-03-13 23:17:33,378 : DEBUG : FAST : FAST Switch hardware tuple: ('4E', 1)
2016-03-13 23:17:33,379 : DEBUG : switch.s_leftpop : Creating 's_leftpop' with config: {'tags': [], 'debug': False, 'label': '%', 'recycle_time': 0.0, 'debounce_close': 0, 'events_when_deactivated': [], 'number': '77', 'events_when_activated': [], 'type': 'NO', 'debounce_open': 0, 'number_str': '77', 'debounce': 'True', 'platform': None}
2016-03-13 23:17:33,379 : DEBUG : FAST : FAST Switch hardware tuple: ('4D', 1)
2016-03-13 23:17:33,379 : DEBUG : switch.s_troughenter : Creating 's_troughenter' with config: {'tags': [], 'debug': False, 'label': '%', 'recycle_time': 0.0, 'debounce_close': 0, 'events_when_deactivated': [], 'number': '18', 'events_when_activated': [], 'type': 'NO', 'debounce_open': 0, 'number_str': '18', 'debounce': 'True', 'platform': None}
2016-03-13 23:17:33,379 : DEBUG : FAST : FAST Switch hardware tuple: ('12', 1)
2016-03-13 23:17:33,380 : DEBUG : switch.s_plungerlane : Creating 's_plungerlane' with config: {'tags': [], 'debug': False, 'label': '%', 'recycle_time': 0.0, 'debounce_close': 0, 'events_when_deactivated': [], 'number': '16', 'events_when_activated': [], 'type': 'NO', 'debounce_open': 0, 'number_str': '16', 'debounce': 'True', 'platform': None}
2016-03-13 23:17:33,380 : DEBUG : FAST : FAST Switch hardware tuple: ('10', 1)
2016-03-13 23:17:33,380 : DEBUG : switch.s_rightflipper : Creating 's_rightflipper' with config: {'tags': [], 'debug': False, 'label': '%', 'recycle_time': 0.0, 'debounce_close': 0, 'events_when_deactivated': [], 'number': '2', 'events_when_activated': [], 'type': 'NO', 'debounce_open': 0, 'number_str': '2', 'debounce': 'True', 'platform': None}
2016-03-13 23:17:33,380 : DEBUG : FAST : FAST Switch hardware tuple: ('02', 1)
2016-03-13 23:17:33,381 : DEBUG : switch.s_droptarget4 : Creating 's_droptarget4' with config: {'tags': [], 'debug': False, 'label': '%', 'recycle_time': 0.0, 'debounce_close': 0, 'events_when_deactivated': [], 'number': '67', 'events_when_activated': [], 'type': 'NO', 'debounce_open': 0, 'number_str': '67', 'debounce': 'True', 'platform': None}
2016-03-13 23:17:33,381 : DEBUG : FAST : FAST Switch hardware tuple: ('43', 1)
2016-03-13 23:17:33,381 : DEBUG : switch.s_jukeboxopto : Creating 's_jukeboxopto' with config: {'tags': ['jukebox'], 'debug': False, 'label': '%', 'recycle_time': 0.0, 'debounce_close': 0, 'events_when_deactivated': [], 'number': '40', 'events_when_activated': [], 'type': 'NC', 'debounce_open': 0, 'number_str': '40', 'debounce': 'True', 'platform': None}
2016-03-13 23:17:33,381 : DEBUG : FAST : FAST Switch hardware tuple: ('28', 1)
2016-03-13 23:17:33,382 : DEBUG : switch.s_rightlane : Creating 's_rightlane' with config: {'tags': [], 'debug': False, 'label': '%', 'recycle_time': 0.0, 'debounce_close': 0, 'events_when_deactivated': [], 'number': '73', 'events_when_activated': [], 'type': 'NO', 'debounce_open': 0, 'number_str': '73', 'debounce': 'True', 'platform': None}
2016-03-13 23:17:33,382 : DEBUG : FAST : FAST Switch hardware tuple: ('49', 1)
2016-03-13 23:17:33,382 : DEBUG : switch.s_droptarget2 : Creating 's_droptarget2' with config: {'tags': [], 'debug': False, 'label': '%', 'recycle_time': 0.0, 'debounce_close': 0, 'events_when_deactivated': [], 'number': '65', 'events_when_activated': [], 'type': 'NO', 'debounce_open': 0, 'number_str': '65', 'debounce': 'True', 'platform': None}
2016-03-13 23:17:33,382 : DEBUG : FAST : FAST Switch hardware tuple: ('41', 1)
2016-03-13 23:17:33,383 : DEBUG : switch.s_leftsling : Creating 's_leftsling' with config: {'tags': [], 'debug': False, 'label': '%', 'recycle_time': 0.0, 'debounce_close': 0, 'events_when_deactivated': [], 'number': '44', 'events_when_activated': [], 'type': 'NO', 'debounce_open': 0, 'number_str': '44', 'debounce': 'True', 'platform': None}
2016-03-13 23:17:33,383 : DEBUG : FAST : FAST Switch hardware tuple: ('2C', 1)
2016-03-13 23:17:33,383 : DEBUG : switch.s_drain : Creating 's_drain' with config: {'tags': [], 'debug': False, 'label': '%', 'recycle_time': 0.0, 'debounce_close': 0, 'events_when_deactivated': [], 'number': '21', 'events_when_activated': [], 'type': 'NO', 'debounce_open': 0, 'number_str': '21', 'debounce': 'True', 'platform': None}
2016-03-13 23:17:33,383 : DEBUG : FAST : FAST Switch hardware tuple: ('15', 1)
2016-03-13 23:17:33,383 : DEBUG : switch.s_toprightvuk : Creating 's_toprightvuk' with config: {'tags': [], 'debug': False, 'label': '%', 'recycle_time': 0.0, 'debounce_close': 0, 'events_when_deactivated': [], 'number': '69', 'events_when_activated': [], 'type': 'NO', 'debounce_open': 0, 'number_str': '69', 'debounce': 'True', 'platform': None}
2016-03-13 23:17:33,384 : DEBUG : FAST : FAST Switch hardware tuple: ('45', 1)
2016-03-13 23:17:33,384 : DEBUG : switch.s_bottompop : Creating 's_bottompop' with config: {'tags': [], 'debug': False, 'label': '%', 'recycle_time': 0.0, 'debounce_close': 0, 'events_when_deactivated': [], 'number': '79', 'events_when_activated': [], 'type': 'NO', 'debounce_open': 0, 'number_str': '79', 'debounce': 'True', 'platform': None}
2016-03-13 23:17:33,384 : DEBUG : FAST : FAST Switch hardware tuple: ('4F', 1)
2016-03-13 23:17:33,385 : DEBUG : switch.s_lowervukopto : Creating 's_lowervukopto' with config: {'tags': [], 'debug': False, 'label': '%', 'recycle_time': 0.0, 'debounce_close': 0, 'events_when_deactivated': [], 'number': '43', 'events_when_activated': [], 'type': 'NC', 'debounce_open': 0, 'number_str': '43', 'debounce': 'True', 'platform': None}
2016-03-13 23:17:33,385 : DEBUG : FAST : FAST Switch hardware tuple: ('2B', 1)
2016-03-13 23:17:33,386 : DEBUG : switch.s_subwayopto : Creating 's_subwayopto' with config: {'tags': [], 'debug': False, 'label': '%', 'recycle_time': 0.0, 'debounce_close': 0, 'events_when_deactivated': [], 'number': '42', 'events_when_activated': [], 'type': 'NC', 'debounce_open': 0, 'number_str': '42', 'debounce': 'True', 'platform': None}
2016-03-13 23:17:33,386 : DEBUG : FAST : FAST Switch hardware tuple: ('2A', 1)
2016-03-13 23:17:33,386 : DEBUG : switch.s_start : Creating 's_start' with config: {'tags': ['start'], 'debug': False, 'label': '%', 'recycle_time': 0.0, 'debounce_close': 0, 'events_when_deactivated': [], 'number': '3', 'events_when_activated': [], 'type': 'NO', 'debounce_open': 0, 'number_str': '3', 'debounce': 'True', 'platform': None}
2016-03-13 23:17:33,386 : DEBUG : FAST : FAST Switch hardware tuple: ('03', 1)
2016-03-13 23:17:33,387 : DEBUG : switch.s_leftorbit : Creating 's_leftorbit' with config: {'tags': [], 'debug': False, 'label': '%', 'recycle_time': 0.0, 'debounce_close': 0, 'events_when_deactivated': [], 'number': '47', 'events_when_activated': [], 'type': 'NO', 'debounce_open': 0, 'number_str': '47', 'debounce': 'True', 'platform': None}
2016-03-13 23:17:33,387 : DEBUG : FAST : FAST Switch hardware tuple: ('2F', 1)
2016-03-13 23:17:33,387 : DEBUG : switch.s_spinner : Creating 's_spinner' with config: {'tags': [], 'debug': False, 'label': '%', 'recycle_time': 0.0, 'debounce_close': 0, 'events_when_deactivated': [], 'number': '76', 'events_when_activated': [], 'type': 'NO', 'debounce_open': 0, 'number_str': '76', 'debounce': 'True', 'platform': None}
2016-03-13 23:17:33,387 : DEBUG : FAST : FAST Switch hardware tuple: ('4C', 1)
2016-03-13 23:17:33,388 : DEBUG : switch.s_rightupperflipper : Creating 's_rightupperflipper' with config: {'tags': [], 'debug': False, 'label': '%', 'recycle_time': 0.0, 'debounce_close': 0, 'events_when_deactivated': [], 'number': '1', 'events_when_activated': [], 'type': 'NO', 'debounce_open': 0, 'number_str': '1', 'debounce': 'True', 'platform': None}
2016-03-13 23:17:33,388 : DEBUG : FAST : FAST Switch hardware tuple: ('01', 1)
2016-03-13 23:17:33,388 : DEBUG : switch.s_rightbanktop : Creating 's_rightbanktop' with config: {'tags': [], 'debug': False, 'label': '%', 'recycle_time': 0.0, 'debounce_close': 0, 'events_when_deactivated': [], 'number': '26', 'events_when_activated': [], 'type': 'NO', 'debounce_open': 0, 'number_str': '26', 'debounce': 'True', 'platform': None}
2016-03-13 23:17:33,389 : DEBUG : FAST : FAST Switch hardware tuple: ('1A', 1)
2016-03-13 23:17:33,389 : DEBUG : switch.s_topkicker : Creating 's_topkicker' with config: {'tags': [], 'debug': False, 'label': '%', 'recycle_time': 0.0, 'debounce_close': 0, 'events_when_deactivated': [], 'number': '75', 'events_when_activated': [], 'type': 'NO', 'debounce_open': 0, 'number_str': '75', 'debounce': 'True', 'platform': None}
2016-03-13 23:17:33,389 : DEBUG : FAST : FAST Switch hardware tuple: ('4B', 1)
2016-03-13 23:17:33,389 : DEBUG : switch.s_topkickingtarget : Creating 's_topkickingtarget' with config: {'tags': [], 'debug': False, 'label': '%', 'recycle_time': 0.0, 'debounce_close': 0, 'events_when_deactivated': [], 'number': '41', 'events_when_activated': [], 'type': 'NO', 'debounce_open': 0, 'number_str': '41', 'debounce': 'True', 'platform': None}
2016-03-13 23:17:33,389 : DEBUG : FAST : FAST Switch hardware tuple: ('29', 1)
2016-03-13 23:17:33,390 : DEBUG : switch.s_rightoutlane : Creating 's_rightoutlane' with config: {'tags': [], 'debug': False, 'label': '%', 'recycle_time': 0.0, 'debounce_close': 0, 'events_when_deactivated': [], 'number': '19', 'events_when_activated': [], 'type': 'NO', 'debounce_open': 0, 'number_str': '19', 'debounce': 'True', 'platform': None}
2016-03-13 23:17:33,390 : DEBUG : FAST : FAST Switch hardware tuple: ('13', 1)
2016-03-13 23:17:33,390 : DEBUG : switch.s_leftflipper : Creating 's_leftflipper' with config: {'tags': [], 'debug': False, 'label': '%', 'recycle_time': 0.0, 'debounce_close': 0, 'events_when_deactivated': [], 'number': '0', 'events_when_activated': [], 'type': 'NO', 'debounce_open': 0, 'number_str': '0', 'debounce': 'True', 'platform': None}
2016-03-13 23:17:33,391 : DEBUG : FAST : FAST Switch hardware tuple: ('00', 1)
2016-03-13 23:17:33,391 : DEBUG : switch.s_droptarget1 : Creating 's_droptarget1' with config: {'tags': [], 'debug': False, 'label': '%', 'recycle_time': 0.0, 'debounce_close': 0, 'events_when_deactivated': [], 'number': '64', 'events_when_activated': [], 'type': 'NO', 'debounce_open': 0, 'number_str': '64', 'debounce': 'True', 'platform': None}
2016-03-13 23:17:33,391 : DEBUG : FAST : FAST Switch hardware tuple: ('40', 1)
2016-03-13 23:17:33,393 : DEBUG : switch.s_droptarget5 : Creating 's_droptarget5' with config: {'tags': [], 'debug': False, 'label': '%', 'recycle_time': 0.0, 'debounce_close': 0, 'events_when_deactivated': [], 'number': '68', 'events_when_activated': [], 'type': 'NO', 'debounce_open': 0, 'number_str': '68', 'debounce': 'True', 'platform': None}
2016-03-13 23:17:33,393 : DEBUG : FAST : FAST Switch hardware tuple: ('44', 1)
2016-03-13 23:17:33,394 : DEBUG : switch.s_rightbankbottom : Creating 's_rightbankbottom' with config: {'tags': ['plunger'], 'debug': False, 'label': '%', 'recycle_time': 0.0, 'debounce_close': 0, 'events_when_deactivated': [], 'number': '17', 'events_when_activated': [], 'type': 'NO', 'debounce_open': 0, 'number_str': '17', 'debounce': 'True', 'platform': None}
2016-03-13 23:17:33,394 : DEBUG : FAST : FAST Switch hardware tuple: ('11', 1)
2016-03-13 23:17:33,394 : DEBUG : switch.s_bottomkickingtarget : Creating 's_bottomkickingtarget' with config: {'tags': [], 'debug': False, 'label': '%', 'recycle_time': 0.0, 'debounce_close': 0, 'events_when_deactivated': [], 'number': '46', 'events_when_activated': [], 'type': 'NO', 'debounce_open': 0, 'number_str': '46', 'debounce': 'True', 'platform': None}
2016-03-13 23:17:33,394 : DEBUG : FAST : FAST Switch hardware tuple: ('2E', 1)
2016-03-13 23:17:33,397 : DEBUG : Clock : Scheduled a recurring clock callback (callback=<bound method Led.update_leds of <class 'mpf.devices.led.Led'>>, timeout=0, priority=-100)
2016-03-13 23:17:33,398 : DEBUG : Clock : Scheduled a recurring clock callback (callback=<bound method HardwarePlatform.update_leds of <Platform.FAST>>, timeout=0, priority=1)
2016-03-13 23:17:33,398 : DEBUG : FASTLED : Creating FAST RGB LED at hardware address: 91
2016-03-13 23:17:33,398 : DEBUG : FASTLED : Creating FAST RGB LED at hardware address: 49
2016-03-13 23:17:33,399 : DEBUG : FASTLED : Creating FAST RGB LED at hardware address: 8A
2016-03-13 23:17:33,399 : DEBUG : FASTLED : Creating FAST RGB LED at hardware address: 43
2016-03-13 23:17:33,400 : DEBUG : FASTLED : Creating FAST RGB LED at hardware address: 89
2016-03-13 23:17:33,400 : DEBUG : FASTLED : Creating FAST RGB LED at hardware address: 8E
2016-03-13 23:17:33,400 : DEBUG : FASTLED : Creating FAST RGB LED at hardware address: 41
2016-03-13 23:17:33,400 : DEBUG : FASTLED : Creating FAST RGB LED at hardware address: 65
2016-03-13 23:17:33,401 : DEBUG : FASTLED : Creating FAST RGB LED at hardware address: 6D
2016-03-13 23:17:33,401 : DEBUG : FASTLED : Creating FAST RGB LED at hardware address: 87
2016-03-13 23:17:33,401 : DEBUG : FASTLED : Creating FAST RGB LED at hardware address: 8D
2016-03-13 23:17:33,401 : DEBUG : FASTLED : Creating FAST RGB LED at hardware address: 52
2016-03-13 23:17:33,402 : DEBUG : FASTLED : Creating FAST RGB LED at hardware address: 5F
2016-03-13 23:17:33,402 : DEBUG : FASTLED : Creating FAST RGB LED at hardware address: 5C
2016-03-13 23:17:33,402 : DEBUG : FASTLED : Creating FAST RGB LED at hardware address: 95
2016-03-13 23:17:33,403 : DEBUG : FASTLED : Creating FAST RGB LED at hardware address: 4B
2016-03-13 23:17:33,403 : DEBUG : FASTLED : Creating FAST RGB LED at hardware address: 5A
2016-03-13 23:17:33,403 : DEBUG : FASTLED : Creating FAST RGB LED at hardware address: 54
2016-03-13 23:17:33,404 : DEBUG : FASTLED : Creating FAST RGB LED at hardware address: 8B
2016-03-13 23:17:33,404 : DEBUG : FASTLED : Creating FAST RGB LED at hardware address: 85
2016-03-13 23:17:33,404 : DEBUG : FASTLED : Creating FAST RGB LED at hardware address: 6A
2016-03-13 23:17:33,405 : DEBUG : FASTLED : Creating FAST RGB LED at hardware address: 4F
2016-03-13 23:17:33,405 : DEBUG : FASTLED : Creating FAST RGB LED at hardware address: 84
2016-03-13 23:17:33,405 : DEBUG : FASTLED : Creating FAST RGB LED at hardware address: 4D
2016-03-13 23:17:33,405 : DEBUG : FASTLED : Creating FAST RGB LED at hardware address: 93
2016-03-13 23:17:33,406 : DEBUG : FASTLED : Creating FAST RGB LED at hardware address: 6B
2016-03-13 23:17:33,406 : DEBUG : FASTLED : Creating FAST RGB LED at hardware address: 67
2016-03-13 23:17:33,406 : DEBUG : FASTLED : Creating FAST RGB LED at hardware address: 51
2016-03-13 23:17:33,406 : DEBUG : FASTLED : Creating FAST RGB LED at hardware address: 82
2016-03-13 23:17:33,407 : DEBUG : FASTLED : Creating FAST RGB LED at hardware address: 4E
2016-03-13 23:17:33,407 : DEBUG : FASTLED : Creating FAST RGB LED at hardware address: 60
2016-03-13 23:17:33,407 : DEBUG : FASTLED : Creating FAST RGB LED at hardware address: 57
2016-03-13 23:17:33,407 : DEBUG : FASTLED : Creating FAST RGB LED at hardware address: 55
2016-03-13 23:17:33,408 : DEBUG : FASTLED : Creating FAST RGB LED at hardware address: 6E
2016-03-13 23:17:33,408 : DEBUG : FASTLED : Creating FAST RGB LED at hardware address: 5B
2016-03-13 23:17:33,408 : DEBUG : FASTLED : Creating FAST RGB LED at hardware address: 64
2016-03-13 23:17:33,408 : DEBUG : FASTLED : Creating FAST RGB LED at hardware address: 68
2016-03-13 23:17:33,409 : DEBUG : FASTLED : Creating FAST RGB LED at hardware address: 47
2016-03-13 23:17:33,409 : DEBUG : FASTLED : Creating FAST RGB LED at hardware address: 94
2016-03-13 23:17:33,409 : DEBUG : FASTLED : Creating FAST RGB LED at hardware address: 44
2016-03-13 23:17:33,410 : DEBUG : FASTLED : Creating FAST RGB LED at hardware address: 56
2016-03-13 23:17:33,410 : DEBUG : FASTLED : Creating FAST RGB LED at hardware address: 8F
2016-03-13 23:17:33,410 : DEBUG : FASTLED : Creating FAST RGB LED at hardware address: 83
2016-03-13 23:17:33,410 : DEBUG : FASTLED : Creating FAST RGB LED at hardware address: 90
2016-03-13 23:17:33,411 : DEBUG : FASTLED : Creating FAST RGB LED at hardware address: 4C
2016-03-13 23:17:33,411 : DEBUG : FASTLED : Creating FAST RGB LED at hardware address: 46
2016-03-13 23:17:33,411 : DEBUG : FASTLED : Creating FAST RGB LED at hardware address: 6C
2016-03-13 23:17:33,412 : DEBUG : FASTLED : Creating FAST RGB LED at hardware address: 86
2016-03-13 23:17:33,412 : DEBUG : FASTLED : Creating FAST RGB LED at hardware address: 59
2016-03-13 23:17:33,412 : DEBUG : FASTLED : Creating FAST RGB LED at hardware address: 50
2016-03-13 23:17:33,412 : DEBUG : FASTLED : Creating FAST RGB LED at hardware address: 58
2016-03-13 23:17:33,413 : DEBUG : FASTLED : Creating FAST RGB LED at hardware address: 63
2016-03-13 23:17:33,413 : DEBUG : FASTLED : Creating FAST RGB LED at hardware address: 42
2016-03-13 23:17:33,413 : DEBUG : FASTLED : Creating FAST RGB LED at hardware address: 66
2016-03-13 23:17:33,413 : DEBUG : FASTLED : Creating FAST RGB LED at hardware address: 69
2016-03-13 23:17:33,414 : DEBUG : FASTLED : Creating FAST RGB LED at hardware address: 48
2016-03-13 23:17:33,414 : DEBUG : FASTLED : Creating FAST RGB LED at hardware address: 4A
2016-03-13 23:17:33,414 : DEBUG : FASTLED : Creating FAST RGB LED at hardware address: 61
2016-03-13 23:17:33,414 : DEBUG : FASTLED : Creating FAST RGB LED at hardware address: 92
2016-03-13 23:17:33,415 : DEBUG : FASTLED : Creating FAST RGB LED at hardware address: 8C
2016-03-13 23:17:33,415 : DEBUG : FASTLED : Creating FAST RGB LED at hardware address: 53
2016-03-13 23:17:33,415 : DEBUG : FASTLED : Creating FAST RGB LED at hardware address: 5D
2016-03-13 23:17:33,416 : DEBUG : FASTLED : Creating FAST RGB LED at hardware address: 6F
2016-03-13 23:17:33,416 : DEBUG : FASTLED : Creating FAST RGB LED at hardware address: 80
2016-03-13 23:17:33,416 : DEBUG : FASTLED : Creating FAST RGB LED at hardware address: 62
2016-03-13 23:17:33,416 : DEBUG : FASTLED : Creating FAST RGB LED at hardware address: 81
2016-03-13 23:17:33,417 : DEBUG : FASTLED : Creating FAST RGB LED at hardware address: 88
2016-03-13 23:17:33,417 : DEBUG : FASTLED : Creating FAST RGB LED at hardware address: 5E
2016-03-13 23:17:33,420 : DEBUG : Events : Registered BallDevice._initialize_phase_2 as a handler for 'init_phase_2', priority: 1, kwargs: {}
2016-03-13 23:17:33,420 : DEBUG : Events : Registered BallDevice._initialize_phase_3 as a handler for 'init_phase_3', priority: 1, kwargs: {}
2016-03-13 23:17:33,421 : DEBUG : Events : Registered BallDevice._initialize_phase_4 as a handler for 'init_phase_4', priority: 1, kwargs: {}
2016-03-13 23:17:33,421 : DEBUG : Events : Registered BallDevice._initialize_phase_2 as a handler for 'init_phase_2', priority: 1, kwargs: {}
2016-03-13 23:17:33,421 : DEBUG : Events : Registered BallDevice._initialize_phase_3 as a handler for 'init_phase_3', priority: 1, kwargs: {}
2016-03-13 23:17:33,421 : DEBUG : Events : Registered BallDevice._initialize_phase_4 as a handler for 'init_phase_4', priority: 1, kwargs: {}
2016-03-13 23:17:33,421 : DEBUG : Events : Registered BallDevice._initialize_phase_2 as a handler for 'init_phase_2', priority: 1, kwargs: {}
2016-03-13 23:17:33,422 : DEBUG : Events : Registered BallDevice._initialize_phase_3 as a handler for 'init_phase_3', priority: 1, kwargs: {}
2016-03-13 23:17:33,422 : DEBUG : Events : Registered BallDevice._initialize_phase_4 as a handler for 'init_phase_4', priority: 1, kwargs: {}
2016-03-13 23:17:33,422 : DEBUG : Events : Registered BallDevice._initialize_phase_2 as a handler for 'init_phase_2', priority: 1, kwargs: {}
2016-03-13 23:17:33,422 : DEBUG : Events : Registered BallDevice._initialize_phase_3 as a handler for 'init_phase_3', priority: 1, kwargs: {}
2016-03-13 23:17:33,422 : DEBUG : Events : Registered BallDevice._initialize_phase_4 as a handler for 'init_phase_4', priority: 1, kwargs: {}
2016-03-13 23:17:33,422 : DEBUG : Events : Registered BallDevice._initialize_phase_2 as a handler for 'init_phase_2', priority: 1, kwargs: {}
2016-03-13 23:17:33,423 : DEBUG : Events : Registered BallDevice._initialize_phase_3 as a handler for 'init_phase_3', priority: 1, kwargs: {}
2016-03-13 23:17:33,423 : DEBUG : Events : Registered BallDevice._initialize_phase_4 as a handler for 'init_phase_4', priority: 1, kwargs: {}
2016-03-13 23:17:33,423 : DEBUG : Events : Registered BallDevice._initialize_phase_2 as a handler for 'init_phase_2', priority: 1, kwargs: {}
2016-03-13 23:17:33,423 : DEBUG : Events : Registered BallDevice._initialize_phase_3 as a handler for 'init_phase_3', priority: 1, kwargs: {}
2016-03-13 23:17:33,423 : DEBUG : Events : Registered BallDevice._initialize_phase_4 as a handler for 'init_phase_4', priority: 1, kwargs: {}
2016-03-13 23:17:33,424 : DEBUG : Events : Registered BallSearch.request_to_start_game as a handler for 'request_to_start_game', priority: 1, kwargs: {}
2016-03-13 23:17:33,424 : DEBUG : Events : Registered Playfield._source_device_eject_success as a handler for 'balldevice_bd_lower_vuk_ball_eject_success', priority: 1, kwargs: {}
2016-03-13 23:17:33,424 : DEBUG : Events : Registered Playfield._source_device_eject_failed as a handler for 'balldevice_bd_lower_vuk_ball_eject_failed', priority: 1, kwargs: {}
2016-03-13 23:17:33,424 : DEBUG : Events : Registered Playfield._source_device_eject_attempt as a handler for 'balldevice_bd_lower_vuk_ball_eject_attempt', priority: 1, kwargs: {}
2016-03-13 23:17:33,424 : DEBUG : Events : Registered Playfield._source_device_eject_success as a handler for 'balldevice_bd_drain_ball_eject_success', priority: 1, kwargs: {}
2016-03-13 23:17:33,424 : DEBUG : Events : Registered Playfield._source_device_eject_failed as a handler for 'balldevice_bd_drain_ball_eject_failed', priority: 1, kwargs: {}
2016-03-13 23:17:33,424 : DEBUG : Events : Registered Playfield._source_device_eject_attempt as a handler for 'balldevice_bd_drain_ball_eject_attempt', priority: 1, kwargs: {}
2016-03-13 23:17:33,424 : DEBUG : Events : Registered Playfield._source_device_eject_success as a handler for 'balldevice_bd_plunger_ball_eject_success', priority: 1, kwargs: {}
2016-03-13 23:17:33,425 : DEBUG : Events : Registered Playfield._source_device_eject_failed as a handler for 'balldevice_bd_plunger_ball_eject_failed', priority: 1, kwargs: {}
2016-03-13 23:17:33,425 : DEBUG : Events : Registered Playfield._source_device_eject_attempt as a handler for 'balldevice_bd_plunger_ball_eject_attempt', priority: 1, kwargs: {}
2016-03-13 23:17:33,425 : DEBUG : Events : Registered Playfield._source_device_eject_success as a handler for 'balldevice_bd_top_kicker_ball_eject_success', priority: 1, kwargs: {}
2016-03-13 23:17:33,425 : DEBUG : Events : Registered Playfield._source_device_eject_failed as a handler for 'balldevice_bd_top_kicker_ball_eject_failed', priority: 1, kwargs: {}
2016-03-13 23:17:33,425 : DEBUG : Events : Registered Playfield._source_device_eject_attempt as a handler for 'balldevice_bd_top_kicker_ball_eject_attempt', priority: 1, kwargs: {}
2016-03-13 23:17:33,425 : DEBUG : Events : Registered Playfield._source_device_eject_success as a handler for 'balldevice_bd_trough_ball_eject_success', priority: 1, kwargs: {}
2016-03-13 23:17:33,425 : DEBUG : Events : Registered Playfield._source_device_eject_failed as a handler for 'balldevice_bd_trough_ball_eject_failed', priority: 1, kwargs: {}
2016-03-13 23:17:33,425 : DEBUG : Events : Registered Playfield._source_device_eject_attempt as a handler for 'balldevice_bd_trough_ball_eject_attempt', priority: 1, kwargs: {}
2016-03-13 23:17:33,425 : DEBUG : Events : Registered Playfield._source_device_eject_success as a handler for 'balldevice_bd_top_right_vuk_ball_eject_success', priority: 1, kwargs: {}
2016-03-13 23:17:33,425 : DEBUG : Events : Registered Playfield._source_device_eject_failed as a handler for 'balldevice_bd_top_right_vuk_ball_eject_failed', priority: 1, kwargs: {}
2016-03-13 23:17:33,425 : DEBUG : Events : Registered Playfield._source_device_eject_attempt as a handler for 'balldevice_bd_top_right_vuk_ball_eject_attempt', priority: 1, kwargs: {}
2016-03-13 23:17:33,425 : DEBUG : Events : Registered Playfield._ball_removed_handler as a handler for 'balldevice_captured_from_playfield', priority: 1, kwargs: {}
2016-03-13 23:17:33,425 : DEBUG : Events : Registered Playfield.playfield_switch_hit as a handler for 'sw_playfield_active', priority: 1, kwargs: {}
2016-03-13 23:17:33,425 : DEBUG : Events : Registered Playfield._initialize as a handler for 'init_phase_2', priority: 1, kwargs: {}
2016-03-13 23:17:33,428 : DEBUG : Events : Registered DropTarget._update_state_from_switch as a handler for 'init_phase_4', priority: 1, kwargs: {}
2016-03-13 23:17:33,428 : DEBUG : Events : Registered DropTarget._register_switch_handlers as a handler for 'init_phase_4', priority: 1, kwargs: {}
2016-03-13 23:17:33,428 : DEBUG : Events : Registered DropTarget._update_state_from_switch as a handler for 'init_phase_4', priority: 1, kwargs: {}
2016-03-13 23:17:33,428 : DEBUG : Events : Registered DropTarget._register_switch_handlers as a handler for 'init_phase_4', priority: 1, kwargs: {}
2016-03-13 23:17:33,429 : DEBUG : Events : Registered DropTarget._update_state_from_switch as a handler for 'init_phase_4', priority: 1, kwargs: {}
2016-03-13 23:17:33,429 : DEBUG : Events : Registered DropTarget._register_switch_handlers as a handler for 'init_phase_4', priority: 1, kwargs: {}
2016-03-13 23:17:33,429 : DEBUG : Events : Registered DropTarget._update_state_from_switch as a handler for 'init_phase_4', priority: 1, kwargs: {}
2016-03-13 23:17:33,430 : DEBUG : Events : Registered DropTarget._register_switch_handlers as a handler for 'init_phase_4', priority: 1, kwargs: {}
2016-03-13 23:17:33,430 : DEBUG : Events : Registered DropTarget._update_state_from_switch as a handler for 'init_phase_4', priority: 1, kwargs: {}
2016-03-13 23:17:33,430 : DEBUG : Events : Registered DropTarget._register_switch_handlers as a handler for 'init_phase_4', priority: 1, kwargs: {}
2016-03-13 23:17:33,431 : DEBUG : Events : ^^^^ Posted event 'drop_targets_up'. Type: None, Callback: None, Args: {}
2016-03-13 23:17:33,431 : DEBUG : Events : ============== EVENTS QUEUE =============
2016-03-13 23:17:33,431 : DEBUG : Events : drop_targets_up, None, None, {}
2016-03-13 23:17:33,431 : DEBUG : Events : =========================================
2016-03-13 23:17:33,433 : DEBUG : flipper.upper_right_flipper : Enabling debug logging
2016-03-13 23:17:33,433 : DEBUG : flipper.upper_right_flipper : Configuring device with settings: '{'use_eos': False, 'pwm_off_ms': None, 'label': '%', 'eos_switch': None, 'main_coil': <coil.c_upperrightflippermain>, 'pwm_on_ms': None, 'hold_coil': <coil.c_upperrightflipperhold>, 'hold_power32': None, 'enable_no_hold_events': {}, 'invert_events': {}, 'hold_power': None, 'disable_events': {'ball_ending': 0}, 'debug': True, 'enable_events': {'machine_reset_phase_3': 0}, 'drive_now': False, 'tags': [], 'pulse_pwm_mask': None, 'pulse_ms': None, 'pulse_power': None, 'activation_switch': <switch.s_rightupperflipper>, 'pulse_power32': None, 'hold_pwm_mask': None, 'debounced': False, 'recycle_ms': None}'
2016-03-13 23:17:33,433 : DEBUG : flipper.upper_right_flipper : Platform Driver: None
2016-03-13 23:17:33,433 : DEBUG : flipper.upper_right_flipper : Platform Driver: <Platform.FAST>
2016-03-13 23:17:33,434 : DEBUG : flipper.right_flipper : Enabling debug logging
2016-03-13 23:17:33,434 : DEBUG : flipper.right_flipper : Configuring device with settings: '{'use_eos': False, 'pwm_off_ms': None, 'label': '%', 'eos_switch': None, 'main_coil': <coil.c_rightflippermain>, 'pwm_on_ms': None, 'hold_coil': <coil.c_rightflipperhold>, 'hold_power32': None, 'enable_no_hold_events': {}, 'invert_events': {}, 'hold_power': None, 'disable_events': {'ball_ending': 0}, 'debug': True, 'enable_events': {'machine_reset_phase_3': 0}, 'drive_now': False, 'tags': [], 'pulse_pwm_mask': None, 'pulse_ms': None, 'pulse_power': None, 'activation_switch': <switch.s_rightflipper>, 'pulse_power32': None, 'hold_pwm_mask': None, 'debounced': False, 'recycle_ms': None}'
2016-03-13 23:17:33,434 : DEBUG : flipper.right_flipper : Platform Driver: None
2016-03-13 23:17:33,434 : DEBUG : flipper.right_flipper : Platform Driver: <Platform.FAST>
2016-03-13 23:17:33,434 : DEBUG : flipper.left_flipper : Enabling debug logging
2016-03-13 23:17:33,435 : DEBUG : flipper.left_flipper : Configuring device with settings: '{'use_eos': False, 'pwm_off_ms': None, 'label': '%', 'eos_switch': None, 'main_coil': <coil.c_leftflippermain>, 'pwm_on_ms': None, 'hold_coil': <coil.c_leftflipperhold>, 'hold_power32': None, 'enable_no_hold_events': {}, 'invert_events': {}, 'hold_power': None, 'disable_events': {'ball_ending': 0}, 'debug': True, 'enable_events': {'machine_reset_phase_3': 0}, 'drive_now': False, 'tags': [], 'pulse_pwm_mask': None, 'pulse_ms': None, 'pulse_power': None, 'activation_switch': <switch.s_leftflipper>, 'pulse_power32': None, 'hold_pwm_mask': None, 'debounced': False, 'recycle_ms': None}'
2016-03-13 23:17:33,435 : DEBUG : flipper.left_flipper : Platform Driver: None
2016-03-13 23:17:33,435 : DEBUG : flipper.left_flipper : Platform Driver: <Platform.FAST>
2016-03-13 23:17:33,436 : DEBUG : Events : Registered Diverter._feeder_eject_attempt as a handler for 'balldevice_playfield_ball_eject_attempt', priority: 1, kwargs: {}
2016-03-13 23:17:33,436 : DEBUG : Events : Registered Diverter._feeder_eject_count_decrease as a handler for 'balldevice_playfield_ball_eject_failed', priority: 1, kwargs: {}
2016-03-13 23:17:33,436 : DEBUG : Events : Registered Diverter._feeder_eject_count_decrease as a handler for 'balldevice_playfield_ball_eject_success', priority: 1, kwargs: {}
2016-03-13 23:17:33,436 : DEBUG : Events : Registered Diverter._register_switches as a handler for 'init_phase_3', priority: 1, kwargs: {}
2016-03-13 23:17:33,437 : DEBUG : Events : Registered Diverter._feeder_eject_attempt as a handler for 'balldevice_playfield_ball_eject_attempt', priority: 1, kwargs: {}
2016-03-13 23:17:33,437 : DEBUG : Events : Registered Diverter._feeder_eject_count_decrease as a handler for 'balldevice_playfield_ball_eject_failed', priority: 1, kwargs: {}
2016-03-13 23:17:33,437 : DEBUG : Events : Registered Diverter._feeder_eject_count_decrease as a handler for 'balldevice_playfield_ball_eject_success', priority: 1, kwargs: {}
2016-03-13 23:17:33,437 : DEBUG : Events : Registered Diverter._register_switches as a handler for 'init_phase_3', priority: 1, kwargs: {}
2016-03-13 23:17:33,440 : DEBUG : Events : ConfigPlayer._initialize (priority: 1) responding to event 'init_phase_1' with args {}
2016-03-13 23:17:33,440 : DEBUG : Events : ConfigPlayer._initialize (priority: 1) responding to event 'init_phase_1' with args {}
2016-03-13 23:17:33,440 : DEBUG : Events : ConfigPlayer._initialize (priority: 1) responding to event 'init_phase_1' with args {}
2016-03-13 23:17:33,440 : DEBUG : Events : ConfigPlayer._initialize (priority: 1) responding to event 'init_phase_1' with args {}
2016-03-13 23:17:33,440 : DEBUG : Events : ConfigPlayer._initialize (priority: 1) responding to event 'init_phase_1' with args {}
2016-03-13 23:17:33,440 : DEBUG : Events : ConfigPlayer._initialize (priority: 1) responding to event 'init_phase_1' with args {}
2016-03-13 23:17:33,440 : DEBUG : Events : ConfigPlayer._initialize (priority: 1) responding to event 'init_phase_1' with args {}
2016-03-13 23:17:33,441 : DEBUG : Events : ConfigPlayer._initialize (priority: 1) responding to event 'init_phase_1' with args {}
2016-03-13 23:17:33,441 : DEBUG : Events : ConfigPlayer._initialize (priority: 1) responding to event 'init_phase_1' with args {}
2016-03-13 23:17:33,441 : DEBUG : Events : ConfigPlayer._initialize (priority: 1) responding to event 'init_phase_1' with args {}
2016-03-13 23:17:33,441 : DEBUG : Events : Registered ShowPlayer.play as a handler for 'mode_attract_started', priority: 0, kwargs: {'settings': {'shows': {'concert2': {'blend': False, 'action': 'play', 'speed': 2.5, 'priority': 0, 'leds': 'l_right_pop', 'repeat': 'True', 'hold': False, 'loops': -1, 'step_num': 0}, 'new_flash': {'blend': False, 'action': 'play', 'speed': 2.0, 'priority': 0, 'leds': 'l_wizard_shot, l_advance_wizard, l_north_america, l_music_award', 'repeat': 'True', 'hold': False, 'loops': -1, 'step_num': 0}, 'gi_on': {'blend': False, 'action': 'play', 'speed': 1.0, 'priority': 0, 'repeat': 'True', 'hold': False, 'led_tags': 'gi', 'loops': -1, 'step_num': 0}, 'concert1': {'blend': False, 'action': 'play', 'speed': 2.5, 'priority': 0, 'leds': 'l_left_pop', 'repeat': 'True', 'hold': False, 'loops': -1, 'step_num': 0}, 'concert3': {'blend': False, 'action': 'play', 'speed': 2.5, 'priority': 0, 'leds': 'l_bottom_pop', 'repeat': 'True', 'hold': False, 'loops': -1, 'step_num': 0}}}, 'mode': None}
2016-03-13 23:17:33,441 : DEBUG : Events : vvvv Finished event 'init_phase_1'. Type: None. Callback: None. Args: {}
2016-03-13 23:17:33,441 : DEBUG : Events : ^^^^ Processing event 'drop_targets_up'. Type: None, Callback: None, Args: {}
2016-03-13 23:17:33,442 : DEBUG : Events : vvvv Finished event 'drop_targets_up'. Type: None. Callback: None. Args: {}
2016-03-13 23:17:33,442 : DEBUG : Events : ^^^^ Posted event 'init_phase_2'. Type: None, Callback: None, Args: {}
2016-03-13 23:17:33,442 : DEBUG : Events : ============== EVENTS QUEUE =============
2016-03-13 23:17:33,442 : DEBUG : Events : init_phase_2, None, None, {}
2016-03-13 23:17:33,442 : DEBUG : Events : =========================================
2016-03-13 23:17:33,442 : DEBUG : Events : ^^^^ Processing event 'init_phase_2'. Type: None, Callback: None, Args: {}
2016-03-13 23:17:33,442 : DEBUG : Events : SwitchController._initialize_switches (priority: 1000) responding to event 'init_phase_2' with args {}
