2016-05-13 23:50:20,590 : INFO : Machine : Mission Pinball Framework Core Engine v0.30.0.dev1482
2016-05-13 23:50:20,590 : DEBUG : Machine : Command line arguments: {'create_config_cache': True, 'configfile': ['config'], 'logfile': 'logs/2016-05-13-23-50-20-mpf-Gabriels-MacBook-Pro.local.log', 'pause': False, 'bcp': False, 'no_load_cache': False, 'loglevel': 10, 'mpfconfigfile': '/Applications/MPF.app/Contents/Frameworks/python/3.5.0/lib/python3.5/site-packages/mpf/mpfconfig.yaml', 'force_platform': None, 'consoleloglevel': True}
2016-05-13 23:50:20,590 : DEBUG : Machine : MPF path: /Applications/MPF.app/Contents/Frameworks/python/3.5.0/lib/python3.5/site-packages/mpf
2016-05-13 23:50:20,590 : INFO : Machine : Machine path: /Users/gabe/Dropbox/Pinball/Gabe/bnd
2016-05-13 23:50:20,590 : DEBUG : Machine : Command line arguments: {'create_config_cache': True, 'configfile': ['config'], 'logfile': 'logs/2016-05-13-23-50-20-mpf-Gabriels-MacBook-Pro.local.log', 'pause': False, 'bcp': False, 'no_load_cache': False, 'loglevel': 10, 'mpfconfigfile': '/Applications/MPF.app/Contents/Frameworks/python/3.5.0/lib/python3.5/site-packages/mpf/mpfconfig.yaml', 'force_platform': None, 'consoleloglevel': True}
2016-05-13 23:50:20,590 : DEBUG : Machine : Python version: 3.5.0
2016-05-13 23:50:20,591 : DEBUG : Machine : Platform: darwin
2016-05-13 23:50:20,591 : DEBUG : Machine : Python executable location: /Applications/MPF.app/Contents/Resources/python
2016-05-13 23:50:20,591 : DEBUG : Machine : 32-bit Python? False
2016-05-13 23:50:20,591 : DEBUG : Machine : Machine path: /Users/gabe/Dropbox/Pinball/Gabe/bnd
2016-05-13 23:50:20,843 : INFO : Machine : Loading config from original files
2016-05-13 23:50:20,844 : DEBUG : YAML File Interface : Loading file: /Applications/MPF.app/Contents/Frameworks/python/3.5.0/lib/python3.5/site-packages/mpf/mpfconfig.yaml
2016-05-13 23:50:20,894 : INFO : Machine : Machine config file #1: /Users/gabe/Dropbox/Pinball/Gabe/bnd/config/config
2016-05-13 23:50:20,894 : DEBUG : YAML File Interface : Loading file: /Users/gabe/Dropbox/Pinball/Gabe/bnd/config/config.yaml
2016-05-13 23:50:21,006 : INFO : Machine : Config file cache created: /var/folders/c1/z5pg47y54_s14cd2m1zmk1kc0000gn/T/db0cb78b77a969ed262a283d7c7743faconfig
2016-05-13 23:50:21,006 : DEBUG : Clock : Starting clock (maximum frames per second=30.0)
2016-05-13 23:50:21,007 : INFO : Machine : Starting clock at 30.0Hz
2016-05-13 23:50:21,007 : DEBUG : Clock : Scheduled a recurring clock callback (callback=<bound method MachineController._check_crash_queue of <mpf.core.machine.MachineController object at 0x110d80ef0>>, timeout=1, priority=1)
2016-05-13 23:50:21,013 : INFO : FAST : Configuring FAST hardware.
2016-05-13 23:50:21,013 : DEBUG : Pololu Maestro : Configuring template hardware interface.
2016-05-13 23:50:21,013 : DEBUG : Machine : Setting default platform to 'fast'
2016-05-13 23:50:21,013 : INFO : Machine : Loading core modules...
2016-05-13 23:50:21,013 : DEBUG : Machine : Loading 'mpf.core.events.EventManager' core module
2016-05-13 23:50:21,014 : DEBUG : Machine : Loading 'mpf.core.mode_controller.ModeController' core module
2016-05-13 23:50:21,015 : DEBUG : Events : Registered ModeController._load_modes as a handler for 'init_phase_2', priority: 1, kwargs: {}
2016-05-13 23:50:21,015 : DEBUG : Events : Registered ModeController._ball_ending as a handler for 'ball_ending', priority: 0, kwargs: {}
2016-05-13 23:50:21,016 : DEBUG : Events : Registered ModeController._ball_starting as a handler for 'ball_starting', priority: 0, kwargs: {}
2016-05-13 23:50:21,016 : DEBUG : Events : Registered ModeController._player_added as a handler for 'player_add_success', priority: 0, kwargs: {}
2016-05-13 23:50:21,016 : DEBUG : Events : Registered ModeController._player_turn_start as a handler for 'player_turn_start', priority: 1000000, kwargs: {}
2016-05-13 23:50:21,016 : DEBUG : Events : Registered ModeController._player_turn_stop as a handler for 'player_turn_stop', priority: 1000000, kwargs: {}
2016-05-13 23:50:21,016 : DEBUG : Machine : Loading 'mpf.core.config_processor.ConfigProcessor' core module
2016-05-13 23:50:21,017 : DEBUG : Machine : Loading 'mpf.core.shot_profile_manager.ShotProfileManager' core module
2016-05-13 23:50:21,017 : DEBUG : ShotProfileManager : Registering Shot Profile: 'default'
2016-05-13 23:50:21,018 : DEBUG : ShotProfileManager : Processed 'default' profile configuration: {'rotation_pattern': deque(['right']), 'hold': None, 'block': True, 'player_variable': '%_default', 'states': [{'hold': True, 'show_tokens': {}, 'priority': 0, 'name': 'unlit', 'reset': True, 'key': None, 'manual_advance': False, 'action': 'play', 'sync_ms': 0, 'start_step': 1, 'loops': -1, 'show': 'off', 'speed': 1.0}, {'hold': True, 'show_tokens': {}, 'priority': 0, 'name': 'lit', 'reset': True, 'key': None, 'manual_advance': False, 'action': 'play', 'sync_ms': 0, 'start_step': 1, 'loops': -1, 'show': 'on', 'speed': 1.0}], 'loop': False, 'show_when_disabled': False, 'state_names_to_not_rotate': [], 'state_names_to_rotate': [], 'show': None, 'advance_on_hit': True}
2016-05-13 23:50:21,018 : DEBUG : Mode Controller : Registering <bound method ShotProfileManager.mode_start_for_shots of <mpf.core.shot_profile_manager.ShotProfileManager object at 0x110e2f710>> as a mode start method. Config section: shots, priority: 0, kwargs: {}
2016-05-13 23:50:21,018 : DEBUG : Mode Controller : Registering <bound method ShotProfileManager.mode_start_for_shot_groups of <mpf.core.shot_profile_manager.ShotProfileManager object at 0x110e2f710>> as a mode start method. Config section: shot_groups, priority: 0, kwargs: {}
2016-05-13 23:50:21,018 : DEBUG : Events : Registered ShotProfileManager._player_turn_start as a handler for 'player_turn_start', priority: 1000000, kwargs: {}
2016-05-13 23:50:21,018 : DEBUG : Events : Registered ShotProfileManager._player_turn_stop as a handler for 'player_turn_stop', priority: 0, kwargs: {}
2016-05-13 23:50:21,018 : DEBUG : Machine : Loading 'mpf.core.device_manager.DeviceManager' core module
2016-05-13 23:50:21,019 : DEBUG : Events : Registered DeviceManager._load_device_modules as a handler for 'init_phase_1', priority: 1, kwargs: {}
2016-05-13 23:50:21,019 : DEBUG : Events : Registered DeviceManager.create_machinewide_device_control_events as a handler for 'init_phase_2', priority: 1, kwargs: {}
2016-05-13 23:50:21,019 : DEBUG : Events : Registered DeviceManager.create_collection_control_events as a handler for 'init_phase_2', priority: 1, kwargs: {}
2016-05-13 23:50:21,019 : DEBUG : Machine : Loading 'mpf.core.switch_controller.SwitchController' core module
2016-05-13 23:50:21,020 : DEBUG : Clock : Scheduled a recurring clock callback (callback=<bound method SwitchController._tick of <mpf.core.switch_controller.SwitchController object at 0x110e35588>>, timeout=0, priority=1000)
2016-05-13 23:50:21,020 : DEBUG : Events : Registered SwitchController._initialize_switches as a handler for 'init_phase_2', priority: 1000, kwargs: {}
2016-05-13 23:50:21,020 : DEBUG : Events : Registered SwitchController.log_active_switches as a handler for 'machine_reset_phase_3', priority: 1, kwargs: {}
2016-05-13 23:50:21,020 : DEBUG : Machine : Loading 'mpf.core.ball_controller.BallController' core module
2016-05-13 23:50:21,020 : DEBUG : BallController : Loading the BallController
2016-05-13 23:50:21,021 : DEBUG : Events : Registered BallController.request_to_start_game as a handler for 'request_to_start_game', priority: 1, kwargs: {}
2016-05-13 23:50:21,021 : DEBUG : Events : Registered BallController._initialize as a handler for 'machine_reset_phase_2', priority: 1, kwargs: {}
2016-05-13 23:50:21,021 : DEBUG : Events : Registered BallController._init2 as a handler for 'init_phase_2', priority: 1, kwargs: {}
2016-05-13 23:50:21,021 : DEBUG : Machine : Loading 'mpf.core.assets.AssetManager' core module
2016-05-13 23:50:21,022 : DEBUG : AssetManager : Initializing...
2016-05-13 23:50:21,022 : DEBUG : Mode Controller : Registering <bound method AssetManager._load_mode_assets of <mpf.core.assets.AssetManager object at 0x110e38208>> as a mode start method. Config section: None, priority: 0, kwargs: {}
2016-05-13 23:50:21,022 : DEBUG : Events : Registered AssetManager._create_assets as a handler for 'init_phase_3', priority: 1, kwargs: {}
2016-05-13 23:50:21,023 : DEBUG : Events : Registered AssetManager._bcp_client_asset_load as a handler for 'assets_to_load', priority: 1, kwargs: {}
2016-05-13 23:50:21,023 : DEBUG : Machine : Loading 'mpf.core.show_controller.ShowController' core module
2016-05-13 23:50:21,024 : DEBUG : Clock : Scheduled a recurring clock callback (callback=<bound method ShowController._tick of <mpf.core.show_controller.ShowController object at 0x110e3d0f0>>, timeout=0, priority=1)
2016-05-13 23:50:21,024 : DEBUG : Events : Registered ShowController._initialize as a handler for 'init_phase_3', priority: 1, kwargs: {}
2016-05-13 23:50:21,024 : DEBUG : Machine : Loading 'mpf.core.bcp.BCP' core module
2016-05-13 23:50:21,025 : DEBUG : Events : Registered BCP.bcp_trigger as a handler for 'ball_started', priority: 1, kwargs: {'name': 'ball_started'}
2016-05-13 23:50:21,025 : DEBUG : Events : Registered BCP.bcp_trigger as a handler for 'ball_ended', priority: 1, kwargs: {'name': 'ball_ended'}
2016-05-13 23:50:21,025 : DEBUG : Events : Registered BCP.bcp_trigger as a handler for 'player_add_success', priority: 1, kwargs: {'name': 'player_add_success'}
2016-05-13 23:50:21,025 : DEBUG : Events : Registered BCP._bcp_event_callback as a handler for 'ball_started', priority: 1, kwargs: {'params': {'player_num': '%player', 'ball': '%ball'}, 'command': 'ball_start'}
2016-05-13 23:50:21,025 : DEBUG : Events : Registered BCP._bcp_event_callback as a handler for 'clear', priority: 1, kwargs: {'params': {'key': '%key', 'name': 'clear'}, 'command': 'trigger'}
2016-05-13 23:50:21,025 : DEBUG : Events : Registered BCP._bcp_event_callback as a handler for 'ball_ending', priority: 1, kwargs: {'command': 'ball_end'}
2016-05-13 23:50:21,026 : DEBUG : Events : Registered BCP._bcp_event_callback as a handler for 'player_turn_start', priority: 1, kwargs: {'params': {'player_num': '%number'}, 'command': 'player_turn_start'}
2016-05-13 23:50:21,026 : DEBUG : Events : Registered BCP.bcp_trigger as a handler for 'player_score', priority: 1, kwargs: {'name': 'player_score'}
2016-05-13 23:50:21,026 : DEBUG : Events : Registered BCP._setup_dmds as a handler for 'init_phase_1', priority: 1, kwargs: {}
2016-05-13 23:50:21,026 : DEBUG : Events : Registered BCP._setup_bcp_connections as a handler for 'init_phase_2', priority: 1, kwargs: {}
2016-05-13 23:50:21,026 : DEBUG : Clock : Scheduled a recurring clock callback (callback=<bound method BCP.get_bcp_messages of <BCP Module>>, timeout=0, priority=1)
2016-05-13 23:50:21,026 : DEBUG : Events : Registered BCP.bcp_player_added as a handler for 'player_add_success', priority: 1, kwargs: {}
2016-05-13 23:50:21,026 : DEBUG : Events : Registered BCP.bcp_reset as a handler for 'machine_reset_phase_1', priority: 1, kwargs: {}
2016-05-13 23:50:21,027 : DEBUG : Events : Registered BCP.increase_volume as a handler for 'increase_volume', priority: 1, kwargs: {}
2016-05-13 23:50:21,027 : DEBUG : Events : Registered BCP.decrease_volume as a handler for 'decrease_volume', priority: 1, kwargs: {}
2016-05-13 23:50:21,027 : DEBUG : Events : Registered BCP.enable_volume_keys as a handler for 'enable_volume_keys', priority: 1, kwargs: {}
2016-05-13 23:50:21,027 : DEBUG : Events : Registered BCP.disable_volume_keys as a handler for 'disable_volume_keys', priority: 1, kwargs: {}
2016-05-13 23:50:21,027 : DEBUG : Events : Registered BCP.get_led_coordinates as a handler for 'bcp_get_led_coordinates', priority: 1, kwargs: {}
2016-05-13 23:50:21,027 : DEBUG : Mode Controller : Registering <bound method BCP.bcp_mode_start of <BCP Module>> as a mode start method. Config section: mode, priority: 0, kwargs: {}
2016-05-13 23:50:21,027 : DEBUG : Machine : Loading 'mpf.core.logic_blocks.LogicBlocks' core module
2016-05-13 23:50:21,028 : DEBUG : Mode Controller : Registering <bound method LogicBlocks._process_config of <mpf.core.logic_blocks.LogicBlocks object at 0x110e42c50>> as a mode start method. Config section: logic_blocks, priority: 0, kwargs: {}
2016-05-13 23:50:21,028 : DEBUG : Events : Registered LogicBlocks._create_player_logic_blocks as a handler for 'player_add_success', priority: 1, kwargs: {}
2016-05-13 23:50:21,028 : DEBUG : Events : Registered LogicBlocks.player_turn_start as a handler for 'player_turn_start', priority: 1, kwargs: {}
2016-05-13 23:50:21,028 : DEBUG : Events : Registered LogicBlocks.player_turn_stop as a handler for 'player_turn_stop', priority: 1, kwargs: {}
2016-05-13 23:50:21,029 : DEBUG : Machine : Loading 'mpf.core.scoring.ScoreController' core module
2016-05-13 23:50:21,029 : DEBUG : Score : Loading the Score Controller
2016-05-13 23:50:21,029 : DEBUG : Mode Controller : Registering <bound method ScoreController.mode_start of <mpf.core.scoring.ScoreController object at 0x110e42c18>> as a mode start method. Config section: scoring, priority: 0, kwargs: {}
2016-05-13 23:50:21,029 : INFO : FAST : Configuring FAST Controller for FAST IO boards.
2016-05-13 23:50:21,029 : INFO : FAST : Connecting to /dev/tty.usbserial-141C at 921600bps
2016-05-13 23:50:22,532 : DEBUG : FAST : Sending 'ID:' command to port '/dev/tty.usbserial-141C'
2016-05-13 23:50:22,547 : DEBUG : FAST : Sending 'ID:' command to port '/dev/tty.usbserial-141C'
2016-05-13 23:50:22,548 : INFO : FAST : Received ID acknowledgement. Processor: RGB, Board: FP-CPU-002-2, Firmware: 01.00
2016-05-13 23:50:22,549 : INFO : FAST : Connecting to /dev/tty.usbserial-141B at 921600bps
2016-05-13 23:50:24,051 : DEBUG : FAST : Sending 'ID:' command to port '/dev/tty.usbserial-141B'
2016-05-13 23:50:24,067 : DEBUG : FAST : Sending 'ID:' command to port '/dev/tty.usbserial-141B'
2016-05-13 23:50:24,067 : INFO : FAST : Received ID acknowledgement. Processor: NET, Board: FP-CPU-002-2, Firmware: 01.00
2016-05-13 23:50:24,068 : DEBUG : FAST : Querying FAST IO boards...
2016-05-13 23:50:24,083 : INFO : FAST : Fast IO Board 00: Model: FP-I/O-3208-2, Firmware: 01.00, Switches: 32, Drivers: 8
2016-05-13 23:50:24,099 : INFO : FAST : Fast IO Board 01: Model: FP-I/O-3208-2, Firmware: 01.00, Switches: 32, Drivers: 8
2016-05-13 23:50:24,101 : INFO : FAST : Fast IO Board 02: Model: FP-I/O-1616-2, Firmware: 01.00, Switches: 16, Drivers: 16
2016-05-13 23:50:24,133 : ERROR : root : [Errno 2] could not open port /dev/tty.usbmodem00153811: [Errno 2] No such file or directory: '/dev/tty.usbmodem00153811'
Traceback (most recent call last):
  File "/Applications/MPF.app/Contents/Frameworks/python/3.5.0/lib/python3.5/site-packages/serial/serialposix.py", line 291, in open
    self.fd = os.open(self.portstr, os.O_RDWR | os.O_NOCTTY | os.O_NONBLOCK)
FileNotFoundError: [Errno 2] No such file or directory: '/dev/tty.usbmodem00153811'

During handling of the above exception, another exception occurred:

Traceback (most recent call last):
  File "/Applications/MPF.app/Contents/Frameworks/python/3.5.0/lib/python3.5/site-packages/mpf/commands/game.py", line 130, in __init__
    MachineController(mpf_path, machine_path, vars(args)).run()
  File "/Applications/MPF.app/Contents/Frameworks/python/3.5.0/lib/python3.5/site-packages/mpf/core/machine.py", line 120, in __init__
    self._initialize_platforms()
  File "/Applications/MPF.app/Contents/Frameworks/python/3.5.0/lib/python3.5/site-packages/mpf/core/machine.py", line 178, in _initialize_platforms
    platform.initialize()
  File "/Applications/MPF.app/Contents/Frameworks/python/3.5.0/lib/python3.5/site-packages/mpf/platforms/pololu_maestro.py", line 41, in initialize
    self.serial = serial.Serial(self.platform.config['port'])
  File "/Applications/MPF.app/Contents/Frameworks/python/3.5.0/lib/python3.5/site-packages/serial/serialutil.py", line 180, in __init__
    self.open()
  File "/Applications/MPF.app/Contents/Frameworks/python/3.5.0/lib/python3.5/site-packages/serial/serialposix.py", line 294, in open
    raise SerialException(msg.errno, "could not open port %s: %s" % (self._port, msg))
serial.serialutil.SerialException: [Errno 2] could not open port /dev/tty.usbmodem00153811: [Errno 2] No such file or directory: '/dev/tty.usbmodem00153811'
