2016-03-26 19:48:23,270 : INFO : Machine : Mission Pinball Framework v0.30.0.dev801
2016-03-26 19:48:23,271 : INFO : Machine : Loading config from original files
2016-03-26 19:48:23,368 : INFO : Machine : Machine config file #1: /Users/gabe/Dropbox/Pinball/Gabe/bnd/config/config
2016-03-26 19:48:23,550 : INFO : Machine : Config file cache created: /Users/gabe/Dropbox/Pinball/Gabe/bnd/__mpfcache__/config_config.p
2016-03-26 19:48:23,558 : INFO : FAST : Configuring FAST hardware.
2016-03-26 19:48:23,559 : INFO : Machine : Loading core modules...
2016-03-26 19:48:23,792 : INFO : FAST : Configuring FAST Controller for FAST IO boards.
2016-03-26 19:48:23,792 : INFO : FAST : Connecting to /dev/tty.usbserial-141C at 921600bps
2016-03-26 19:48:25,310 : INFO : FAST : Received ID acknowledgement. Processor: RGB, Board: FP-CPU-002-2, Firmware: 01.00
2016-03-26 19:48:25,311 : INFO : FAST : Connecting to /dev/tty.usbserial-141B at 921600bps
2016-03-26 19:48:26,829 : INFO : FAST : Received ID acknowledgement. Processor: NET, Board: FP-CPU-002-2, Firmware: 01.00
2016-03-26 19:48:26,845 : INFO : FAST : Fast IO Board 00: Model: FP-I/O-3208-2, Firmware: 01.00, Switches: 32, Drivers: 8
2016-03-26 19:48:26,861 : INFO : FAST : Fast IO Board 01: Model: FP-I/O-3208-2, Firmware: 01.00, Switches: 32, Drivers: 8
2016-03-26 19:48:26,877 : INFO : FAST : Fast IO Board 02: Model: FP-I/O-1616-2, Firmware: 01.00, Switches: 16, Drivers: 16
2016-03-26 19:48:26,963 : INFO : DeviceManager : Loading devices...
2016-03-26 19:48:27,012 : INFO : FAST : Received SA: 01,00,0B,00000400002D00001F0900
2016-03-26 19:48:27,022 : WARNING : BCPClientSocket.local_display : Failed to connect to remote BCP host localhost:5050. Error: [Errno 61] Connection refused
2016-03-26 19:48:27,023 : WARNING : BCPClientSocket.local_display : Failed to connect to remote BCP host localhost:5050. Error: [Errno 61] Connection refused
2016-03-26 19:48:27,023 : INFO : Machine : Loading plugins...
2016-03-26 19:48:27,040 : WARNING : BCPClientSocket.local_display : Failed to connect to remote BCP host localhost:5050. Error: [Errno 61] Connection refused
2016-03-26 19:48:27,041 : INFO : SwitchController : Dumping current active switches
2016-03-26 19:48:27,041 : INFO : SwitchController : Active Switch|s_droptarget5
2016-03-26 19:48:27,041 : INFO : SwitchController : Active Switch|s_troughenter
2016-03-26 19:48:27,041 : INFO : SwitchController : Active Switch|s_droptarget4
2016-03-26 19:48:27,041 : INFO : SwitchController : Active Switch|s_topkicker
2016-03-26 19:48:27,041 : INFO : SwitchController : Active Switch|s_droptarget2
2016-03-26 19:48:27,041 : INFO : SwitchController : Active Switch|s_droptarget3
2016-03-26 19:48:27,042 : INFO : SwitchController : Active Switch|s_droptarget1
2016-03-26 19:48:27,042 : INFO : FAST : Received SA: 01,00,0B,00000400002D00001F0900
2016-03-26 19:48:27,043 : INFO : Mode.attract : Mode Starting. Priority: 10
2016-03-26 19:48:27,044 : WARNING : BCPClientSocket.local_display : Failed to connect to remote BCP host localhost:5050. Error: [Errno 61] Connection refused
2016-03-26 19:48:27,044 : INFO : Mode Controller : +=========== ACTIVE MODES ============+
2016-03-26 19:48:27,044 : INFO : Mode Controller : | attract : 10                        |
2016-03-26 19:48:27,044 : INFO : Mode Controller : +-------------------------------------+
2016-03-26 19:48:27,107 : INFO : SwitchController : <<<<< switch: s_topkicker, State:0 >>>>>
2016-03-26 19:48:27,481 : INFO : SwitchController : <<<<< switch: s_rightlane, State:1 >>>>>
2016-03-26 19:48:27,496 : INFO : SwitchController : <<<<< switch: s_rightlane, State:0 >>>>>
2016-03-26 19:48:32,075 : INFO : SwitchController : <<<<< switch: s_drain, State:1 >>>>>
2016-03-26 19:48:50,313 : INFO : Machine : Actual MPF loop rate: 69.67 Hz
2016-03-26 19:48:50,313 : INFO : root : MPF run loop ended.
