2016-03-11 15:22:02,864 : INFO : Machine : Mission Pinball Framework v0.30.0.dev615
2016-03-11 15:22:02,865 : INFO : Machine : Loading config from original files
2016-03-11 15:22:02,923 : INFO : Machine : Machine config file #1: /Users/gabe/pinball/bnd/config/config
2016-03-11 15:22:03,058 : INFO : Machine : Config file cache created: /Users/gabe/pinball/bnd/__mpfcache__/config_config.p
2016-03-11 15:22:03,064 : INFO : FAST : Configuring FAST hardware.
2016-03-11 15:22:03,064 : INFO : Machine : Loading core modules...
2016-03-11 15:22:03,233 : INFO : FAST : Configuring FAST Controller for FAST IO boards.
2016-03-11 15:22:03,233 : INFO : FAST : Connecting to /dev/tty.usbserial-141C at 921600bps
2016-03-11 15:22:05,736 : INFO : FAST : Received ID acknowledgement. Processor: RGB, Board: FP-CPU-002-2, Firmware: 00.88
2016-03-11 15:22:05,737 : INFO : FAST : Connecting to /dev/tty.usbserial-141A at 921600bps
2016-03-11 15:22:08,244 : INFO : FAST : Received ID acknowledgement. Processor: DMD, Board: FP-CPU-002-2, Firmware: 00.88
2016-03-11 15:22:08,246 : INFO : FAST : Connecting to /dev/tty.usbserial-141B at 921600bps
2016-03-11 15:22:10,750 : INFO : FAST : Received ID acknowledgement. Processor: NET, Board: FP-CPU-002-2, Firmware: 00.98
2016-03-11 15:22:11,755 : INFO : FAST : Fast IO Board 00: Model: FP-I/O-3208-2, Firmware: 00.95, Switches: 32, Drivers: 8
2016-03-11 15:22:12,758 : INFO : FAST : Fast IO Board 01: Model: FP-I/O-3208-2, Firmware: 00.95, Switches: 32, Drivers: 8
2016-03-11 15:22:13,762 : INFO : FAST : Fast IO Board 02: Model: FP-I/O-1616-2, Firmware: 00.95, Switches: 16, Drivers: 16
2016-03-11 15:22:18,780 : INFO : DeviceManager : Loading devices...
2016-03-11 15:22:37,049 : WARNING : FAST : Received unknown serial command? S,:F. (This is ok to ignore for now while the FAST platform is in development)
2016-03-11 15:22:37,049 : INFO : FAST : Received SA: 01,00,0B,00000000002D00001F0100
2016-03-11 15:22:37,068 : WARNING : BCPClientSocket.local_display : Failed to connect to remote BCP host localhost:5050. Error: [Errno 61] Connection refused
2016-03-11 15:22:37,069 : WARNING : BCPClientSocket.local_display : Failed to connect to remote BCP host localhost:5050. Error: [Errno 61] Connection refused
2016-03-11 15:22:37,070 : INFO : Machine : Loading plugins...
2016-03-11 15:22:37,082 : WARNING : BCPClientSocket.local_display : Failed to connect to remote BCP host localhost:5050. Error: [Errno 61] Connection refused
2016-03-11 15:22:37,082 : INFO : SwitchController : Dumping current active switches
2016-03-11 15:22:37,082 : INFO : SwitchController : Active Switch|s_droptarget5
2016-03-11 15:22:37,083 : INFO : SwitchController : Active Switch|s_droptarget3
2016-03-11 15:22:37,083 : INFO : SwitchController : Active Switch|s_droptarget1
2016-03-11 15:22:37,083 : INFO : SwitchController : Active Switch|s_droptarget2
2016-03-11 15:22:37,085 : INFO : SwitchController : Active Switch|s_droptarget4
2016-03-11 15:22:37,087 : INFO : Mode.attract : Mode Starting. Priority: 10
2016-03-11 15:22:37,091 : WARNING : BCPClientSocket.local_display : Failed to connect to remote BCP host localhost:5050. Error: [Errno 61] Connection refused
2016-03-11 15:22:37,091 : INFO : Mode Controller : +=========== ACTIVE MODES ============+
2016-03-11 15:22:37,091 : INFO : Mode Controller : | attract : 10                        |
2016-03-11 15:22:37,091 : INFO : Mode Controller : +-------------------------------------+
2016-03-11 15:23:17,536 : INFO : Machine : Actual MPF loop rate: 70.16 Hz
2016-03-11 15:23:17,537 : INFO : root : MPF run loop ended.
