2016-05-14 00:23:19,682 : INFO : Machine : Mission Pinball Framework Core Engine v0.30.0.dev1482
2016-05-14 00:23:19,683 : DEBUG : Machine : Command line arguments: {'mpfconfigfile': '/Applications/MPF.app/Contents/Frameworks/python/3.5.0/lib/python3.5/site-packages/mpf/mpfconfig.yaml', 'no_load_cache': False, 'pause': False, 'force_platform': None, 'create_config_cache': True, 'configfile': ['config'], 'consoleloglevel': True, 'loglevel': 10, 'bcp': False, 'logfile': 'logs/2016-05-14-00-23-19-mpf-Gabriels-MacBook-Pro.local.log'}
2016-05-14 00:23:19,683 : DEBUG : Machine : MPF path: /Applications/MPF.app/Contents/Frameworks/python/3.5.0/lib/python3.5/site-packages/mpf
2016-05-14 00:23:19,683 : INFO : Machine : Machine path: /Users/gabe/Dropbox/Pinball/Gabe/bnd
2016-05-14 00:23:19,683 : DEBUG : Machine : Command line arguments: {'mpfconfigfile': '/Applications/MPF.app/Contents/Frameworks/python/3.5.0/lib/python3.5/site-packages/mpf/mpfconfig.yaml', 'no_load_cache': False, 'pause': False, 'force_platform': None, 'create_config_cache': True, 'configfile': ['config'], 'consoleloglevel': True, 'loglevel': 10, 'bcp': False, 'logfile': 'logs/2016-05-14-00-23-19-mpf-Gabriels-MacBook-Pro.local.log'}
2016-05-14 00:23:19,683 : DEBUG : Machine : Python version: 3.5.0
2016-05-14 00:23:19,683 : DEBUG : Machine : Platform: darwin
2016-05-14 00:23:19,683 : DEBUG : Machine : Python executable location: /Applications/MPF.app/Contents/Resources/python
2016-05-14 00:23:19,683 : DEBUG : Machine : 32-bit Python? False
2016-05-14 00:23:19,684 : DEBUG : Machine : Machine path: /Users/gabe/Dropbox/Pinball/Gabe/bnd
2016-05-14 00:23:19,943 : INFO : Machine : Loading cached config: /var/folders/c1/z5pg47y54_s14cd2m1zmk1kc0000gn/T/db0cb78b77a969ed262a283d7c7743faconfig
2016-05-14 00:23:19,945 : DEBUG : Clock : Starting clock (maximum frames per second=30.0)
2016-05-14 00:23:19,945 : INFO : Machine : Starting clock at 30.0Hz
2016-05-14 00:23:19,945 : DEBUG : Clock : Scheduled a recurring clock callback (callback=<bound method MachineController._check_crash_queue of <mpf.core.machine.MachineController object at 0x10970fef0>>, timeout=1, priority=1)
2016-05-14 00:23:19,983 : INFO : FAST : Configuring FAST hardware.
2016-05-14 00:23:19,985 : DEBUG : Pololu Maestro : Configuring template hardware interface.
2016-05-14 00:23:19,985 : DEBUG : Machine : Setting default platform to 'fast'
2016-05-14 00:23:19,985 : INFO : Machine : Loading core modules...
2016-05-14 00:23:19,985 : DEBUG : Machine : Loading 'mpf.core.events.EventManager' core module
2016-05-14 00:23:19,986 : DEBUG : Machine : Loading 'mpf.core.mode_controller.ModeController' core module
2016-05-14 00:23:19,992 : DEBUG : Events : Registered ModeController._load_modes as a handler for 'init_phase_2', priority: 1, kwargs: {}
2016-05-14 00:23:19,993 : DEBUG : Events : Registered ModeController._ball_ending as a handler for 'ball_ending', priority: 0, kwargs: {}
2016-05-14 00:23:19,993 : DEBUG : Events : Registered ModeController._ball_starting as a handler for 'ball_starting', priority: 0, kwargs: {}
2016-05-14 00:23:19,993 : DEBUG : Events : Registered ModeController._player_added as a handler for 'player_add_success', priority: 0, kwargs: {}
2016-05-14 00:23:19,993 : DEBUG : Events : Registered ModeController._player_turn_start as a handler for 'player_turn_start', priority: 1000000, kwargs: {}
2016-05-14 00:23:19,993 : DEBUG : Events : Registered ModeController._player_turn_stop as a handler for 'player_turn_stop', priority: 1000000, kwargs: {}
2016-05-14 00:23:19,994 : DEBUG : Machine : Loading 'mpf.core.config_processor.ConfigProcessor' core module
2016-05-14 00:23:19,994 : DEBUG : Machine : Loading 'mpf.core.shot_profile_manager.ShotProfileManager' core module
2016-05-14 00:23:19,997 : DEBUG : ShotProfileManager : Registering Shot Profile: 'default'
2016-05-14 00:23:19,998 : DEBUG : ShotProfileManager : Processed 'default' profile configuration: {'show_when_disabled': False, 'block': True, 'states': [{'sync_ms': 0, 'name': 'unlit', 'loops': -1, 'manual_advance': False, 'show': 'off', 'action': 'play', 'show_tokens': {}, 'start_step': 1, 'hold': True, 'key': None, 'priority': 0, 'reset': True, 'speed': 1.0}, {'sync_ms': 0, 'name': 'lit', 'loops': -1, 'manual_advance': False, 'show': 'on', 'action': 'play', 'show_tokens': {}, 'start_step': 1, 'hold': True, 'key': None, 'priority': 0, 'reset': True, 'speed': 1.0}], 'state_names_to_not_rotate': [], 'advance_on_hit': True, 'rotation_pattern': deque(['right']), 'state_names_to_rotate': [], 'player_variable': '%_default', 'show': None, 'hold': None, 'loop': False}
2016-05-14 00:23:19,998 : DEBUG : Mode Controller : Registering <bound method ShotProfileManager.mode_start_for_shots of <mpf.core.shot_profile_manager.ShotProfileManager object at 0x1097b8a90>> as a mode start method. Config section: shots, priority: 0, kwargs: {}
2016-05-14 00:23:19,999 : DEBUG : Mode Controller : Registering <bound method ShotProfileManager.mode_start_for_shot_groups of <mpf.core.shot_profile_manager.ShotProfileManager object at 0x1097b8a90>> as a mode start method. Config section: shot_groups, priority: 0, kwargs: {}
2016-05-14 00:23:19,999 : DEBUG : Events : Registered ShotProfileManager._player_turn_start as a handler for 'player_turn_start', priority: 1000000, kwargs: {}
2016-05-14 00:23:19,999 : DEBUG : Events : Registered ShotProfileManager._player_turn_stop as a handler for 'player_turn_stop', priority: 0, kwargs: {}
2016-05-14 00:23:19,999 : DEBUG : Machine : Loading 'mpf.core.device_manager.DeviceManager' core module
2016-05-14 00:23:19,999 : DEBUG : Events : Registered DeviceManager._load_device_modules as a handler for 'init_phase_1', priority: 1, kwargs: {}
2016-05-14 00:23:19,999 : DEBUG : Events : Registered DeviceManager.create_machinewide_device_control_events as a handler for 'init_phase_2', priority: 1, kwargs: {}
2016-05-14 00:23:19,999 : DEBUG : Events : Registered DeviceManager.create_collection_control_events as a handler for 'init_phase_2', priority: 1, kwargs: {}
2016-05-14 00:23:20,000 : DEBUG : Machine : Loading 'mpf.core.switch_controller.SwitchController' core module
2016-05-14 00:23:20,004 : DEBUG : Clock : Scheduled a recurring clock callback (callback=<bound method SwitchController._tick of <mpf.core.switch_controller.SwitchController object at 0x1097bf668>>, timeout=0, priority=1000)
2016-05-14 00:23:20,004 : DEBUG : Events : Registered SwitchController._initialize_switches as a handler for 'init_phase_2', priority: 1000, kwargs: {}
2016-05-14 00:23:20,004 : DEBUG : Events : Registered SwitchController.log_active_switches as a handler for 'machine_reset_phase_3', priority: 1, kwargs: {}
2016-05-14 00:23:20,004 : DEBUG : Machine : Loading 'mpf.core.ball_controller.BallController' core module
2016-05-14 00:23:20,009 : DEBUG : BallController : Loading the BallController
2016-05-14 00:23:20,009 : DEBUG : Events : Registered BallController.request_to_start_game as a handler for 'request_to_start_game', priority: 1, kwargs: {}
2016-05-14 00:23:20,009 : DEBUG : Events : Registered BallController._initialize as a handler for 'machine_reset_phase_2', priority: 1, kwargs: {}
2016-05-14 00:23:20,009 : DEBUG : Events : Registered BallController._init2 as a handler for 'init_phase_2', priority: 1, kwargs: {}
2016-05-14 00:23:20,010 : DEBUG : Machine : Loading 'mpf.core.assets.AssetManager' core module
2016-05-14 00:23:20,011 : DEBUG : AssetManager : Initializing...
2016-05-14 00:23:20,019 : DEBUG : Mode Controller : Registering <bound method AssetManager._load_mode_assets of <mpf.core.assets.AssetManager object at 0x1097bfeb8>> as a mode start method. Config section: None, priority: 0, kwargs: {}
2016-05-14 00:23:20,020 : DEBUG : Events : Registered AssetManager._create_assets as a handler for 'init_phase_3', priority: 1, kwargs: {}
2016-05-14 00:23:20,020 : DEBUG : Events : Registered AssetManager._bcp_client_asset_load as a handler for 'assets_to_load', priority: 1, kwargs: {}
2016-05-14 00:23:20,020 : DEBUG : Machine : Loading 'mpf.core.show_controller.ShowController' core module
2016-05-14 00:23:20,038 : DEBUG : Clock : Scheduled a recurring clock callback (callback=<bound method ShowController._tick of <mpf.core.show_controller.ShowController object at 0x1097c5cc0>>, timeout=0, priority=1)
2016-05-14 00:23:20,039 : DEBUG : Events : Registered ShowController._initialize as a handler for 'init_phase_3', priority: 1, kwargs: {}
2016-05-14 00:23:20,040 : DEBUG : Machine : Loading 'mpf.core.bcp.BCP' core module
2016-05-14 00:23:20,041 : DEBUG : Events : Registered BCP.bcp_trigger as a handler for 'ball_started', priority: 1, kwargs: {'name': 'ball_started'}
2016-05-14 00:23:20,041 : DEBUG : Events : Registered BCP.bcp_trigger as a handler for 'ball_ended', priority: 1, kwargs: {'name': 'ball_ended'}
2016-05-14 00:23:20,042 : DEBUG : Events : Registered BCP.bcp_trigger as a handler for 'player_add_success', priority: 1, kwargs: {'name': 'player_add_success'}
2016-05-14 00:23:20,042 : DEBUG : Events : Registered BCP._bcp_event_callback as a handler for 'ball_ending', priority: 1, kwargs: {'command': 'ball_end'}
2016-05-14 00:23:20,043 : DEBUG : Events : Registered BCP._bcp_event_callback as a handler for 'player_turn_start', priority: 1, kwargs: {'params': {'player_num': '%number'}, 'command': 'player_turn_start'}
2016-05-14 00:23:20,043 : DEBUG : Events : Registered BCP._bcp_event_callback as a handler for 'ball_started', priority: 1, kwargs: {'params': {'player_num': '%player', 'ball': '%ball'}, 'command': 'ball_start'}
2016-05-14 00:23:20,043 : DEBUG : Events : Registered BCP._bcp_event_callback as a handler for 'clear', priority: 1, kwargs: {'params': {'key': '%key', 'name': 'clear'}, 'command': 'trigger'}
2016-05-14 00:23:20,044 : DEBUG : Events : Registered BCP.bcp_trigger as a handler for 'player_score', priority: 1, kwargs: {'name': 'player_score'}
2016-05-14 00:23:20,044 : DEBUG : Events : Registered BCP._setup_dmds as a handler for 'init_phase_1', priority: 1, kwargs: {}
2016-05-14 00:23:20,044 : DEBUG : Events : Registered BCP._setup_bcp_connections as a handler for 'init_phase_2', priority: 1, kwargs: {}
2016-05-14 00:23:20,045 : DEBUG : Clock : Scheduled a recurring clock callback (callback=<bound method BCP.get_bcp_messages of <BCP Module>>, timeout=0, priority=1)
2016-05-14 00:23:20,045 : DEBUG : Events : Registered BCP.bcp_player_added as a handler for 'player_add_success', priority: 1, kwargs: {}
2016-05-14 00:23:20,045 : DEBUG : Events : Registered BCP.bcp_reset as a handler for 'machine_reset_phase_1', priority: 1, kwargs: {}
2016-05-14 00:23:20,045 : DEBUG : Events : Registered BCP.increase_volume as a handler for 'increase_volume', priority: 1, kwargs: {}
2016-05-14 00:23:20,045 : DEBUG : Events : Registered BCP.decrease_volume as a handler for 'decrease_volume', priority: 1, kwargs: {}
2016-05-14 00:23:20,046 : DEBUG : Events : Registered BCP.enable_volume_keys as a handler for 'enable_volume_keys', priority: 1, kwargs: {}
2016-05-14 00:23:20,046 : DEBUG : Events : Registered BCP.disable_volume_keys as a handler for 'disable_volume_keys', priority: 1, kwargs: {}
2016-05-14 00:23:20,046 : DEBUG : Events : Registered BCP.get_led_coordinates as a handler for 'bcp_get_led_coordinates', priority: 1, kwargs: {}
2016-05-14 00:23:20,046 : DEBUG : Mode Controller : Registering <bound method BCP.bcp_mode_start of <BCP Module>> as a mode start method. Config section: mode, priority: 0, kwargs: {}
2016-05-14 00:23:20,046 : DEBUG : Machine : Loading 'mpf.core.logic_blocks.LogicBlocks' core module
2016-05-14 00:23:20,047 : DEBUG : Mode Controller : Registering <bound method LogicBlocks._process_config of <mpf.core.logic_blocks.LogicBlocks object at 0x10978d6a0>> as a mode start method. Config section: logic_blocks, priority: 0, kwargs: {}
2016-05-14 00:23:20,047 : DEBUG : Events : Registered LogicBlocks._create_player_logic_blocks as a handler for 'player_add_success', priority: 1, kwargs: {}
2016-05-14 00:23:20,048 : DEBUG : Events : Registered LogicBlocks.player_turn_start as a handler for 'player_turn_start', priority: 1, kwargs: {}
2016-05-14 00:23:20,048 : DEBUG : Events : Registered LogicBlocks.player_turn_stop as a handler for 'player_turn_stop', priority: 1, kwargs: {}
2016-05-14 00:23:20,048 : DEBUG : Machine : Loading 'mpf.core.scoring.ScoreController' core module
2016-05-14 00:23:20,053 : DEBUG : Score : Loading the Score Controller
2016-05-14 00:23:20,053 : DEBUG : Mode Controller : Registering <bound method ScoreController.mode_start of <mpf.core.scoring.ScoreController object at 0x1097cf518>> as a mode start method. Config section: scoring, priority: 0, kwargs: {}
2016-05-14 00:23:20,054 : ERROR : root : [Errno 16] could not open port /dev/tty.usbmodem00153811: [Errno 16] Resource busy: '/dev/tty.usbmodem00153811'
Traceback (most recent call last):
  File "/Applications/MPF.app/Contents/Frameworks/python/3.5.0/lib/python3.5/site-packages/serial/serialposix.py", line 291, in open
    self.fd = os.open(self.portstr, os.O_RDWR | os.O_NOCTTY | os.O_NONBLOCK)
OSError: [Errno 16] Resource busy: '/dev/tty.usbmodem00153811'

During handling of the above exception, another exception occurred:

Traceback (most recent call last):
  File "/Applications/MPF.app/Contents/Frameworks/python/3.5.0/lib/python3.5/site-packages/mpf/commands/game.py", line 130, in __init__
    MachineController(mpf_path, machine_path, vars(args)).run()
  File "/Applications/MPF.app/Contents/Frameworks/python/3.5.0/lib/python3.5/site-packages/mpf/core/machine.py", line 120, in __init__
    self._initialize_platforms()
  File "/Applications/MPF.app/Contents/Frameworks/python/3.5.0/lib/python3.5/site-packages/mpf/core/machine.py", line 178, in _initialize_platforms
    platform.initialize()
  File "/Applications/MPF.app/Contents/Frameworks/python/3.5.0/lib/python3.5/site-packages/mpf/platforms/pololu_maestro.py", line 41, in initialize
    self.serial = serial.Serial(self.platform.config['port'])
  File "/Applications/MPF.app/Contents/Frameworks/python/3.5.0/lib/python3.5/site-packages/serial/serialutil.py", line 180, in __init__
    self.open()
  File "/Applications/MPF.app/Contents/Frameworks/python/3.5.0/lib/python3.5/site-packages/serial/serialposix.py", line 294, in open
    raise SerialException(msg.errno, "could not open port %s: %s" % (self._port, msg))
serial.serialutil.SerialException: [Errno 16] could not open port /dev/tty.usbmodem00153811: [Errno 16] Resource busy: '/dev/tty.usbmodem00153811'
