2016-03-31 12:09:42,414 : INFO : Machine : Mission Pinball Framework v0.30.0.dev801
2016-03-31 12:09:42,414 : DEBUG : Machine : Command line arguments: {'force_platform': None, 'configfile': ['config'], 'pause': True, 'create_config_cache': True, 'no_load_cache': False, 'logfile': 'logs/2016-03-31-12-09-42-mpf-Gabriels-MacBook-Pro.local.log', 'consoleloglevel': True, 'loglevel': 10, 'mpfconfigfile': '/Users/gabe/pinball/mpf30/mpf/mpfconfig.yaml', 'bcp': True}
2016-03-31 12:09:42,415 : DEBUG : Machine : Python version: 3.5.0
2016-03-31 12:09:42,415 : DEBUG : Machine : Platform: darwin
2016-03-31 12:09:42,415 : DEBUG : Machine : Python executable location: /Applications/Kivy.app/Contents/Resources/python
2016-03-31 12:09:42,415 : DEBUG : Machine : 32-bit Python? False
2016-03-31 12:09:42,415 : DEBUG : Clock : Starting clock (maximum frames per second=60.0)
2016-03-31 12:09:42,416 : DEBUG : Clock : Scheduled a recurring clock callback (callback=<bound method MachineController._check_crash_queue of <mpf.core.machine.MachineController object at 0x107b455c0>>, timeout=1, priority=1)
2016-03-31 12:09:42,416 : DEBUG : Machine : Machine path: /Users/gabe/Dropbox/Pinball/Gabe/bnd
2016-03-31 12:09:42,417 : INFO : Machine : Loading cached config: /Users/gabe/Dropbox/Pinball/Gabe/bnd/__mpfcache__/config_config.p
2016-03-31 12:09:42,443 : INFO : FAST : Configuring FAST hardware.
2016-03-31 12:09:42,444 : DEBUG : Machine : Setting default platform to 'fast'
2016-03-31 12:09:42,444 : INFO : Machine : Loading core modules...
2016-03-31 12:09:42,444 : DEBUG : Machine : Loading 'mpf.core.events.EventManager' core module
2016-03-31 12:09:42,445 : DEBUG : Machine : Loading 'mpf.core.mode_controller.ModeController' core module
2016-03-31 12:09:42,454 : DEBUG : Events : Registered ModeController._load_modes as a handler for 'init_phase_2', priority: 1, kwargs: {}
2016-03-31 12:09:42,455 : DEBUG : Events : Registered ModeController._ball_ending as a handler for 'ball_ending', priority: 0, kwargs: {}
2016-03-31 12:09:42,455 : DEBUG : Events : Registered ModeController._ball_starting as a handler for 'ball_starting', priority: 0, kwargs: {}
2016-03-31 12:09:42,455 : DEBUG : Events : Registered ModeController._player_added as a handler for 'player_add_success', priority: 0, kwargs: {}
2016-03-31 12:09:42,456 : DEBUG : Events : Registered ModeController._player_turn_start as a handler for 'player_turn_start', priority: 1000000, kwargs: {}
2016-03-31 12:09:42,456 : DEBUG : Events : Registered ModeController._player_turn_stop as a handler for 'player_turn_stop', priority: 1000000, kwargs: {}
2016-03-31 12:09:42,457 : DEBUG : Machine : Loading 'mpf.core.config_processor.ConfigProcessor' core module
2016-03-31 12:09:42,457 : DEBUG : Machine : Loading 'mpf.core.shot_profile_manager.ShotProfileManager' core module
2016-03-31 12:09:42,458 : DEBUG : ShotProfileManager : Registering Shot Profile: 'default'
2016-03-31 12:09:42,719 : DEBUG : ShotProfileManager : Processed 'default' profile configuration: {'block': True, 'state_names_to_not_rotate': [], 'state_names_to_rotate': [], 'loop': False, 'advance_on_hit': True, 'show_when_disabled': True, 'show': None, 'states': [{'hold': True, 'reset': False, 'name': 'unlit', 'speed': 1.0, 'script': 'off', 'blend': False, 'show': None, 'repeat': True, 'sync_ms': 0}, {'hold': True, 'reset': False, 'name': 'lit', 'speed': 1.0, 'script': 'on', 'blend': False, 'show': None, 'repeat': True, 'sync_ms': 0}], 'rotation_pattern': deque(['right']), 'player_variable': '%_default'}
2016-03-31 12:09:42,719 : DEBUG : Mode Controller : Registering <bound method ShotProfileManager.mode_start_for_shots of <mpf.core.shot_profile_manager.ShotProfileManager object at 0x107bbca20>> as a mode start method. Config section: shots, priority: 0, kwargs: {}
2016-03-31 12:09:42,719 : DEBUG : Mode Controller : Registering <bound method ShotProfileManager.mode_start_for_shot_groups of <mpf.core.shot_profile_manager.ShotProfileManager object at 0x107bbca20>> as a mode start method. Config section: shot_groups, priority: 0, kwargs: {}
2016-03-31 12:09:42,720 : DEBUG : Events : Registered ShotProfileManager._player_turn_start as a handler for 'player_turn_start', priority: 1000000, kwargs: {}
2016-03-31 12:09:42,720 : DEBUG : Events : Registered ShotProfileManager._player_turn_stop as a handler for 'player_turn_stop', priority: 0, kwargs: {}
2016-03-31 12:09:42,720 : DEBUG : Machine : Loading 'mpf.core.device_manager.DeviceManager' core module
2016-03-31 12:09:42,720 : DEBUG : Events : Registered DeviceManager._load_device_modules as a handler for 'init_phase_1', priority: 1, kwargs: {}
2016-03-31 12:09:42,720 : DEBUG : Events : Registered DeviceManager.create_machinewide_device_control_events as a handler for 'init_phase_2', priority: 1, kwargs: {}
2016-03-31 12:09:42,720 : DEBUG : Events : Registered DeviceManager.create_collection_control_events as a handler for 'init_phase_2', priority: 1, kwargs: {}
2016-03-31 12:09:42,721 : DEBUG : Machine : Loading 'mpf.core.switch_controller.SwitchController' core module
2016-03-31 12:09:42,721 : DEBUG : Clock : Scheduled a recurring clock callback (callback=<bound method SwitchController._tick of <mpf.core.switch_controller.SwitchController object at 0x107c184a8>>, timeout=0, priority=1000)
2016-03-31 12:09:42,722 : DEBUG : Events : Registered SwitchController._initialize_switches as a handler for 'init_phase_2', priority: 1000, kwargs: {}
2016-03-31 12:09:42,722 : DEBUG : Events : Registered SwitchController.log_active_switches as a handler for 'machine_reset_phase_3', priority: 1, kwargs: {}
2016-03-31 12:09:42,722 : DEBUG : Machine : Loading 'mpf.core.ball_controller.BallController' core module
2016-03-31 12:09:42,723 : DEBUG : BallController : Loading the BallController
2016-03-31 12:09:42,723 : DEBUG : Events : Registered BallController.request_to_start_game as a handler for 'request_to_start_game', priority: 1, kwargs: {}
2016-03-31 12:09:42,723 : DEBUG : Events : Registered BallController._initialize as a handler for 'machine_reset_phase_2', priority: 1, kwargs: {}
2016-03-31 12:09:42,723 : DEBUG : Events : Registered BallController._init2 as a handler for 'init_phase_2', priority: 1, kwargs: {}
2016-03-31 12:09:42,723 : DEBUG : Machine : Loading 'mpf.core.assets.AssetManager' core module
2016-03-31 12:09:42,724 : DEBUG : Mode Controller : Registering <bound method AssetManager._load_mode_assets of <mpf.core.assets.AssetManager object at 0x107c24828>> as a mode start method. Config section: None, priority: 0, kwargs: {}
2016-03-31 12:09:42,725 : DEBUG : Events : Registered AssetManager._create_assets as a handler for 'init_phase_3', priority: 1, kwargs: {}
2016-03-31 12:09:42,725 : DEBUG : Events : Registered AssetManager._bcp_client_asset_load as a handler for 'assets_to_load', priority: 1, kwargs: {}
2016-03-31 12:09:42,725 : DEBUG : Machine : Loading 'mpf.core.show_controller.ShowController' core module
2016-03-31 12:09:42,728 : DEBUG : Clock : Scheduled a recurring clock callback (callback=<bound method ShowController._tick of <mpf.core.show_controller.ShowController object at 0x107c742b0>>, timeout=0, priority=1)
2016-03-31 12:09:42,728 : DEBUG : Events : Registered ShowController._initialize as a handler for 'init_phase_3', priority: 1, kwargs: {}
2016-03-31 12:09:42,728 : DEBUG : Machine : Loading 'mpf.core.bcp.BCP' core module
2016-03-31 12:09:42,728 : DEBUG : Events : Registered BCP.bcp_trigger as a handler for 'ball_started', priority: 1, kwargs: {'name': 'ball_started'}
2016-03-31 12:09:42,729 : DEBUG : Events : Registered BCP.bcp_trigger as a handler for 'ball_ended', priority: 1, kwargs: {'name': 'ball_ended'}
2016-03-31 12:09:42,729 : DEBUG : Events : Registered BCP.bcp_trigger as a handler for 'player_add_success', priority: 1, kwargs: {'name': 'player_add_success'}
2016-03-31 12:09:42,729 : DEBUG : Events : Registered BCP._bcp_event_callback as a handler for 'slam_tilt', priority: 1, kwargs: {'command': 'slam_tilt'}
2016-03-31 12:09:42,729 : DEBUG : Events : Registered BCP._bcp_event_callback as a handler for 'ball_started', priority: 1, kwargs: {'params': {'ball': '%ball', 'player_num': '%player'}, 'command': 'ball_start'}
2016-03-31 12:09:42,730 : DEBUG : Events : Registered BCP._bcp_event_callback as a handler for 'tilt', priority: 1, kwargs: {'command': 'tilt'}
2016-03-31 12:09:42,730 : DEBUG : Events : Registered BCP._bcp_event_callback as a handler for 'tilt_warning', priority: 1, kwargs: {'params': {'warnings': '%warnings', 'warnings_remaining': '%warnings_remaining'}, 'command': 'tilt_warning'}
2016-03-31 12:09:42,730 : DEBUG : Events : Registered BCP._bcp_event_callback as a handler for 'ball_ending', priority: 1, kwargs: {'command': 'ball_end'}
2016-03-31 12:09:42,730 : DEBUG : Events : Registered BCP._bcp_event_callback as a handler for 'player_turn_start', priority: 1, kwargs: {'params': {'player_num': '%number'}, 'command': 'player_turn_start'}
2016-03-31 12:09:42,730 : DEBUG : Events : Registered BCP.bcp_trigger as a handler for 'player_score', priority: 1, kwargs: {'name': 'player_score'}
2016-03-31 12:09:42,730 : DEBUG : Events : Registered BCP._setup_bcp_connections as a handler for 'init_phase_2', priority: 1, kwargs: {}
2016-03-31 12:09:42,731 : DEBUG : Clock : Scheduled a recurring clock callback (callback=<bound method BCP.get_bcp_messages of <BCP Module>>, timeout=0, priority=1)
2016-03-31 12:09:42,731 : DEBUG : Events : Registered BCP.bcp_player_added as a handler for 'player_add_success', priority: 1, kwargs: {}
2016-03-31 12:09:42,731 : DEBUG : Events : Registered BCP.bcp_reset as a handler for 'machine_reset_phase_1', priority: 1, kwargs: {}
2016-03-31 12:09:42,731 : DEBUG : Events : Registered BCP.increase_volume as a handler for 'increase_volume', priority: 1, kwargs: {}
2016-03-31 12:09:42,731 : DEBUG : Events : Registered BCP.decrease_volume as a handler for 'decrease_volume', priority: 1, kwargs: {}
2016-03-31 12:09:42,731 : DEBUG : Events : Registered BCP.enable_volume_keys as a handler for 'enable_volume_keys', priority: 1, kwargs: {}
2016-03-31 12:09:42,732 : DEBUG : Events : Registered BCP.disable_volume_keys as a handler for 'disable_volume_keys', priority: 1, kwargs: {}
2016-03-31 12:09:42,732 : DEBUG : Events : Registered BCP.get_led_coordinates as a handler for 'bcp_get_led_coordinates', priority: 1, kwargs: {}
2016-03-31 12:09:42,732 : DEBUG : Mode Controller : Registering <bound method BCP.bcp_mode_start of <BCP Module>> as a mode start method. Config section: mode, priority: 0, kwargs: {}
2016-03-31 12:09:42,732 : DEBUG : Machine : Loading 'mpf.core.logic_blocks.LogicBlocks' core module
2016-03-31 12:09:42,733 : DEBUG : Mode Controller : Registering <bound method LogicBlocks._process_config of <mpf.core.logic_blocks.LogicBlocks object at 0x107c975f8>> as a mode start method. Config section: logic_blocks, priority: 0, kwargs: {}
2016-03-31 12:09:42,733 : DEBUG : Events : Registered LogicBlocks._create_player_logic_blocks as a handler for 'player_add_success', priority: 1, kwargs: {}
2016-03-31 12:09:42,733 : DEBUG : Events : Registered LogicBlocks.player_turn_start as a handler for 'player_turn_start', priority: 1, kwargs: {}
2016-03-31 12:09:42,734 : DEBUG : Events : Registered LogicBlocks.player_turn_stop as a handler for 'player_turn_stop', priority: 1, kwargs: {}
2016-03-31 12:09:42,734 : DEBUG : Machine : Loading 'mpf.core.scoring.ScoreController' core module
2016-03-31 12:09:42,735 : DEBUG : Score : Loading the Score Controller
2016-03-31 12:09:42,735 : DEBUG : Mode Controller : Registering <bound method ScoreController.mode_start of <mpf.core.scoring.ScoreController object at 0x107cb1160>> as a mode start method. Config section: scoring, priority: 0, kwargs: {}
2016-03-31 12:09:42,735 : INFO : FAST : Configuring FAST Controller for FAST IO boards.
2016-03-31 12:09:42,735 : INFO : FAST : Connecting to /dev/tty.usbserial-141C at 921600bps
