2016-03-25 00:07:27,297 : INFO : Machine : Mission Pinball Framework v0.30.0.dev700
2016-03-25 00:07:27,297 : INFO : Machine : Loading cached config: /Users/gabe/Dropbox/Pinball/Gabe/bnd/__mpfcache__/config_config.p
2016-03-25 00:07:27,305 : INFO : FAST : Configuring FAST hardware.
2016-03-25 00:07:27,305 : INFO : Machine : Loading core modules...
2016-03-25 00:07:27,501 : INFO : FAST : Configuring FAST Controller for FAST IO boards.
2016-03-25 00:07:27,501 : INFO : FAST : Connecting to /dev/tty.usbserial-141C at 921600bps
2016-03-25 00:07:29,018 : INFO : FAST : Received ID acknowledgement. Processor: RGB, Board: FP-CPU-002-2, Firmware: 01.00
2016-03-25 00:07:29,019 : INFO : FAST : Connecting to /dev/tty.usbserial-141B at 921600bps
2016-03-25 00:07:30,538 : INFO : FAST : Received ID acknowledgement. Processor: NET, Board: FP-CPU-002-2, Firmware: 01.00
2016-03-25 00:07:30,554 : INFO : FAST : Fast IO Board 00: Model: FP-I/O-3208-2, Firmware: 01.00, Switches: 32, Drivers: 8
2016-03-25 00:07:30,570 : INFO : FAST : Fast IO Board 01: Model: FP-I/O-3208-2, Firmware: 01.00, Switches: 32, Drivers: 8
2016-03-25 00:07:30,585 : INFO : FAST : Fast IO Board 02: Model: FP-I/O-1616-2, Firmware: 01.00, Switches: 16, Drivers: 16
2016-03-25 00:07:30,671 : INFO : DeviceManager : Loading devices...
2016-03-25 00:07:30,722 : INFO : FAST : Received SA: 01,00,0B,00002400002D0000020100
2016-03-25 00:07:30,734 : WARNING : BCPClientSocket.local_display : Failed to connect to remote BCP host localhost:5050. Error: [Errno 61] Connection refused
2016-03-25 00:07:30,735 : WARNING : BCPClientSocket.local_display : Failed to connect to remote BCP host localhost:5050. Error: [Errno 61] Connection refused
2016-03-25 00:07:30,736 : WARNING : BCPClientSocket.local_display : Failed to connect to remote BCP host localhost:5050. Error: [Errno 61] Connection refused
2016-03-25 00:07:30,736 : WARNING : BCPClientSocket.local_display : Failed to connect to remote BCP host localhost:5050. Error: [Errno 61] Connection refused
2016-03-25 00:07:30,736 : INFO : Machine : Loading plugins...
2016-03-25 00:07:30,752 : INFO : SwitchController : Dumping current active switches
2016-03-25 00:07:30,752 : INFO : SwitchController : Active Switch|s_troughenter
2016-03-25 00:07:30,752 : INFO : SwitchController : Active Switch|s_drain
2016-03-25 00:07:30,753 : INFO : SwitchController : Active Switch|s_droptarget2
2016-03-25 00:07:30,753 : INFO : FAST : Received SA: 01,00,0B,00002400002D0000020100
2016-03-25 00:07:30,753 : INFO : Mode.attract : Mode Starting. Priority: 10
2016-03-25 00:07:30,754 : INFO : Mode Controller : +=========== ACTIVE MODES ============+
2016-03-25 00:07:30,754 : INFO : Mode Controller : | attract : 10                        |
2016-03-25 00:07:30,754 : INFO : Mode Controller : +-------------------------------------+
2016-03-25 00:07:33,796 : INFO : SwitchController : <<<<< switch: s_start, State:1 >>>>>
2016-03-25 00:07:34,048 : INFO : SwitchController : <<<<< switch: s_start, State:0 >>>>>
2016-03-25 00:07:34,049 : INFO : Mode.game : Mode Starting. Priority: 20
2016-03-25 00:07:34,049 : INFO : Mode Controller : +=========== ACTIVE MODES ============+
2016-03-25 00:07:34,050 : INFO : Mode Controller : +-------------------------------------+
2016-03-25 00:07:34,050 : INFO : Mode Controller : +=========== ACTIVE MODES ============+
2016-03-25 00:07:34,050 : INFO : Mode Controller : | game : 20                           |
2016-03-25 00:07:34,050 : INFO : Mode Controller : +-------------------------------------+
2016-03-25 00:07:34,051 : INFO : Mode.game : Player added successfully. Total players: 1
2016-03-25 00:07:34,052 : INFO : Mode.game : ***************************************************
2016-03-25 00:07:34,053 : INFO : Mode.game : ****************** BALL STARTING ******************
2016-03-25 00:07:34,055 : INFO : Mode.game : **                                               **
2016-03-25 00:07:34,055 : INFO : Mode.game : **    Player: 1    Ball: 1   Score: 0            **
2016-03-25 00:07:34,055 : INFO : Mode.game : **                                               **
2016-03-25 00:07:34,055 : INFO : Mode.game : ***************************************************
2016-03-25 00:07:34,055 : INFO : Mode.game : ***************************************************
2016-03-25 00:07:34,114 : INFO : SwitchController : <<<<< switch: s_droptarget4, State:1 >>>>>
2016-03-25 00:07:34,129 : INFO : SwitchController : <<<<< switch: s_droptarget4, State:0 >>>>>
2016-03-25 00:07:46,483 : INFO : Machine : Actual MPF loop rate: 68.78 Hz
2016-03-25 00:07:46,483 : INFO : root : MPF run loop ended.
