2016-03-25 22:40:34,075 : INFO : Machine : Mission Pinball Framework v0.30.0.dev801
2016-03-25 22:40:34,075 : INFO : Machine : Loading config from original files
2016-03-25 22:40:34,173 : INFO : Machine : Machine config file #1: /Users/gabe/Dropbox/Pinball/Gabe/bnd/config/config
2016-03-25 22:40:34,323 : INFO : Machine : Config file cache created: /Users/gabe/Dropbox/Pinball/Gabe/bnd/__mpfcache__/config_config.p
2016-03-25 22:40:34,329 : INFO : FAST : Configuring FAST hardware.
2016-03-25 22:40:34,330 : INFO : Machine : Loading core modules...
2016-03-25 22:40:34,550 : INFO : FAST : Configuring FAST Controller for FAST IO boards.
2016-03-25 22:40:34,550 : INFO : FAST : Connecting to /dev/tty.usbserial-141C at 921600bps
2016-03-25 22:40:36,068 : INFO : FAST : Received ID acknowledgement. Processor: RGB, Board: FP-CPU-002-2, Firmware: 01.00
2016-03-25 22:40:36,069 : INFO : FAST : Connecting to /dev/tty.usbserial-141B at 921600bps
2016-03-25 22:40:37,585 : INFO : FAST : Received ID acknowledgement. Processor: NET, Board: FP-CPU-002-2, Firmware: 01.00
2016-03-25 22:40:37,601 : INFO : FAST : Fast IO Board 00: Model: FP-I/O-3208-2, Firmware: 01.00, Switches: 32, Drivers: 8
2016-03-25 22:40:37,617 : INFO : FAST : Fast IO Board 01: Model: FP-I/O-3208-2, Firmware: 01.00, Switches: 32, Drivers: 8
2016-03-25 22:40:37,633 : INFO : FAST : Fast IO Board 02: Model: FP-I/O-1616-2, Firmware: 01.00, Switches: 16, Drivers: 16
2016-03-25 22:40:37,719 : INFO : DeviceManager : Loading devices...
2016-03-25 22:40:37,772 : INFO : FAST : Received SA: 01,00,0B,00002400002D0000020100
2016-03-25 22:40:37,790 : WARNING : BCPClientSocket.local_display : Failed to connect to remote BCP host localhost:5050. Error: [Errno 61] Connection refused
2016-03-25 22:40:37,791 : WARNING : BCPClientSocket.local_display : Failed to connect to remote BCP host localhost:5050. Error: [Errno 61] Connection refused
2016-03-25 22:40:37,791 : INFO : Machine : Loading plugins...
2016-03-25 22:40:37,814 : WARNING : BCPClientSocket.local_display : Failed to connect to remote BCP host localhost:5050. Error: [Errno 61] Connection refused
2016-03-25 22:40:37,815 : INFO : SwitchController : Dumping current active switches
2016-03-25 22:40:37,815 : INFO : SwitchController : Active Switch|s_drain
2016-03-25 22:40:37,815 : INFO : SwitchController : Active Switch|s_troughenter
2016-03-25 22:40:37,815 : INFO : SwitchController : Active Switch|s_droptarget2
2016-03-25 22:40:37,816 : INFO : FAST : Received SA: 01,00,0B,00002400002D0000020100
2016-03-25 22:40:37,816 : INFO : Mode.attract : Mode Starting. Priority: 10
2016-03-25 22:40:37,818 : WARNING : BCPClientSocket.local_display : Failed to connect to remote BCP host localhost:5050. Error: [Errno 61] Connection refused
2016-03-25 22:40:37,819 : INFO : Mode Controller : +=========== ACTIVE MODES ============+
2016-03-25 22:40:37,819 : INFO : Mode Controller : | attract : 10                        |
2016-03-25 22:40:37,820 : INFO : Mode Controller : +-------------------------------------+
2016-03-25 22:40:39,348 : INFO : Machine : Actual MPF loop rate: 68.32 Hz
2016-03-25 22:40:39,348 : INFO : root : MPF run loop ended.
