2016-06-17 19:39:26,900 : INFO : kivy : Factory: 179 symbols loaded
2016-06-17 19:39:26,990 : INFO : kivy : Image: Providers: img_tex, img_imageio, img_dds, img_gif, img_sdl2 (img_pil, img_ffpyplayer ignored)
2016-06-17 19:39:27,121 : INFO : kivy : VideoGstplayer: Using Gstreamer 1.4.5.0
2016-06-17 19:39:27,121 : INFO : kivy : Video: Provider: gstplayer
2016-06-17 19:39:27,135 : INFO : kivy : Loading MPF-MC controller
2016-06-17 19:39:27,135 : INFO : mpfmc : Mission Pinball Framework Media Controller v0.30.0.dev496
2016-06-17 19:39:27,136 : INFO : mpfmc : Machine path: /Users/gabe/Dropbox/Pinball/Gabe/bnd
2016-06-17 19:39:27,136 : INFO : mpfmc : Starting clock at 60.0Hz
2016-06-17 19:39:27,141 : INFO : kivy : Text: Provider: sdl2
2016-06-17 19:39:27,356 : INFO : kivy : OSC: using <multiprocessing> for socket
2016-06-17 19:39:27,358 : INFO : kivy : Window: Provider: sdl2
2016-06-17 19:39:27,468 : INFO : kivy : GL: OpenGL version <b'2.1 INTEL-10.8.77'>
2016-06-17 19:39:27,468 : INFO : kivy : GL: OpenGL vendor <b'Intel Inc.'>
2016-06-17 19:39:27,468 : INFO : kivy : GL: OpenGL renderer <b'Intel(R) Iris(TM) Graphics 6100'>
2016-06-17 19:39:27,468 : INFO : kivy : GL: OpenGL parsed version: 2, 1
2016-06-17 19:39:27,468 : INFO : kivy : GL: Shading version <b'1.20'>
2016-06-17 19:39:27,468 : INFO : kivy : GL: Texture max size <16384>
2016-06-17 19:39:27,469 : INFO : kivy : GL: Texture max units <16>
2016-06-17 19:39:27,483 : INFO : kivy : Window: auto add sdl2 input provider
2016-06-17 19:39:27,483 : INFO : kivy : Window: virtual keyboard not allowed, single mode, not docked
2016-06-17 19:39:27,484 : INFO : SoundSystem : SoundSystem: Using default 'sound_system' settings
2016-06-17 19:39:27,513 : INFO : AudioInterface : Initialized 0.30.0-dev16
2016-06-17 19:39:27,516 : INFO : kivy : Base: Start application main loop
2016-06-17 19:39:27,607 : INFO : kivy : GL: NPOT texture support is available
2016-06-17 19:39:27,616 : INFO : BCP : Starting up on localhost port 5050
2016-06-17 19:39:27,617 : INFO : BCP : Waiting for a connection...
2016-06-17 19:39:32,292 : INFO : BCP : Received connection from: 127.0.0.1:49968
2016-06-17 19:39:42,275 : INFO : BCP : Waiting for a connection...
2016-06-17 19:39:45,153 : INFO : kivy : Base: Leaving application in progress...
