2016-03-15 00:24:47,907 : INFO : Machine : Mission Pinball Framework v0.30.0.dev688
2016-03-15 00:24:47,907 : DEBUG : Machine : Command line arguments: {'logfile': 'logs/2016-03-15-00-24-47-mpf-Gabriels-MacBook-Pro.local.log', 'pause': True, 'force_platform': None, 'create_config_cache': True, 'no_load_cache': False, 'consoleloglevel': True, 'loglevel': 10, 'configfile': ['config'], 'mpfconfigfile': '/Users/gabe/pinball/mpf30/mpf/mpfconfig.yaml', 'bcp': True}
2016-03-15 00:24:47,907 : DEBUG : Machine : Python version: 3.5.0
2016-03-15 00:24:47,907 : DEBUG : Machine : Platform: darwin
2016-03-15 00:24:47,908 : DEBUG : Machine : Python executable location: /Applications/Kivy.app/Contents/Resources/python
2016-03-15 00:24:47,908 : DEBUG : Machine : 32-bit Python? False
2016-03-15 00:24:47,908 : DEBUG : Clock : Starting clock (maximum frames per second=60.0)
2016-03-15 00:24:47,908 : DEBUG : Clock : Scheduled a recurring clock callback (callback=<bound method MachineController._check_crash_queue of <mpf.core.machine.MachineController object at 0x109d0c0f0>>, timeout=1, priority=1)
2016-03-15 00:24:47,908 : DEBUG : Machine : Machine path: /Users/gabe/Dropbox/Pinball/Gabe/bnd
2016-03-15 00:24:47,909 : INFO : Machine : Loading cached config: /Users/gabe/Dropbox/Pinball/Gabe/bnd/__mpfcache__/config_config.p
2016-03-15 00:24:47,917 : INFO : FAST : Configuring FAST hardware.
2016-03-15 00:24:47,918 : DEBUG : Machine : Setting default platform to 'fast'
2016-03-15 00:24:47,918 : INFO : Machine : Loading core modules...
2016-03-15 00:24:47,918 : DEBUG : Machine : Loading 'mpf.core.events.EventManager' core module
2016-03-15 00:24:47,919 : DEBUG : Machine : Loading 'mpf.core.mode_controller.ModeController' core module
2016-03-15 00:24:47,921 : DEBUG : Events : Registered ModeController._load_modes as a handler for 'init_phase_2', priority: 1, kwargs: {}
2016-03-15 00:24:47,921 : DEBUG : Events : Registered ModeController._ball_ending as a handler for 'ball_ending', priority: 0, kwargs: {}
2016-03-15 00:24:47,922 : DEBUG : Events : Registered ModeController._ball_starting as a handler for 'ball_starting', priority: 0, kwargs: {}
2016-03-15 00:24:47,922 : DEBUG : Events : Registered ModeController._player_added as a handler for 'player_add_success', priority: 0, kwargs: {}
2016-03-15 00:24:47,922 : DEBUG : Events : Registered ModeController._player_turn_start as a handler for 'player_turn_start', priority: 1000000, kwargs: {}
2016-03-15 00:24:47,922 : DEBUG : Events : Registered ModeController._player_turn_stop as a handler for 'player_turn_stop', priority: 1000000, kwargs: {}
2016-03-15 00:24:47,922 : DEBUG : Machine : Loading 'mpf.core.config_processor.ConfigProcessor' core module
2016-03-15 00:24:47,923 : DEBUG : Machine : Loading 'mpf.core.shot_profile_manager.ShotProfileManager' core module
2016-03-15 00:24:47,923 : DEBUG : ShotProfileManager : Registering Shot Profile: 'default'
2016-03-15 00:24:48,140 : DEBUG : ShotProfileManager : Processed 'default' profile configuration: {'rotation_pattern': deque(['right']), 'player_variable': '%_default', 'block': 'true', 'loop': False, 'show_when_disabled': 'True', 'show': None, 'state_names_to_rotate': [], 'states': [{'sync_ms': 0, 'reset': False, 'repeat': 'True', 'hold': 'True', 'script': 'off', 'blend': False, 'name': 'unlit', 'loops': 0, 'show': None, 'speed': 1.0}, {'sync_ms': 0, 'reset': False, 'repeat': 'True', 'hold': 'True', 'script': 'on', 'blend': False, 'name': 'lit', 'loops': 0, 'show': None, 'speed': 1.0}], 'state_names_to_not_rotate': []}
2016-03-15 00:24:48,140 : DEBUG : Mode Controller : Registering <bound method ShotProfileManager.mode_start_for_shots of <mpf.core.shot_profile_manager.ShotProfileManager object at 0x109bcfe80>> as a mode start method. Config section: shots, priority: 0, kwargs: {}
2016-03-15 00:24:48,140 : DEBUG : Mode Controller : Registering <bound method ShotProfileManager.mode_start_for_shot_groups of <mpf.core.shot_profile_manager.ShotProfileManager object at 0x109bcfe80>> as a mode start method. Config section: shot_groups, priority: 0, kwargs: {}
2016-03-15 00:24:48,141 : DEBUG : Events : Registered ShotProfileManager._player_turn_start as a handler for 'player_turn_start', priority: 1000000, kwargs: {}
2016-03-15 00:24:48,141 : DEBUG : Events : Registered ShotProfileManager._player_turn_stop as a handler for 'player_turn_stop', priority: 0, kwargs: {}
2016-03-15 00:24:48,141 : DEBUG : Machine : Loading 'mpf.core.device_manager.DeviceManager' core module
2016-03-15 00:24:48,141 : DEBUG : Events : Registered DeviceManager._load_device_modules as a handler for 'init_phase_1', priority: 1, kwargs: {}
2016-03-15 00:24:48,141 : DEBUG : Events : Registered DeviceManager.create_machinewide_device_control_events as a handler for 'init_phase_2', priority: 1, kwargs: {}
2016-03-15 00:24:48,141 : DEBUG : Events : Registered DeviceManager.create_collection_control_events as a handler for 'init_phase_2', priority: 1, kwargs: {}
2016-03-15 00:24:48,142 : DEBUG : Machine : Loading 'mpf.core.switch_controller.SwitchController' core module
2016-03-15 00:24:48,142 : DEBUG : Clock : Scheduled a recurring clock callback (callback=<bound method SwitchController._tick of <mpf.core.switch_controller.SwitchController object at 0x109dd5240>>, timeout=0, priority=1000)
2016-03-15 00:24:48,142 : DEBUG : Events : Registered SwitchController._initialize_switches as a handler for 'init_phase_2', priority: 1000, kwargs: {}
2016-03-15 00:24:48,142 : DEBUG : Events : Registered SwitchController.log_active_switches as a handler for 'machine_reset_phase_3', priority: 1, kwargs: {}
2016-03-15 00:24:48,143 : DEBUG : Machine : Loading 'mpf.core.ball_controller.BallController' core module
2016-03-15 00:24:48,143 : DEBUG : BallController : Loading the BallController
2016-03-15 00:24:48,143 : DEBUG : Events : Registered BallController.request_to_start_game as a handler for 'request_to_start_game', priority: 1, kwargs: {}
2016-03-15 00:24:48,143 : DEBUG : Events : Registered BallController._initialize as a handler for 'machine_reset_phase_2', priority: 1, kwargs: {}
2016-03-15 00:24:48,143 : DEBUG : Events : Registered BallController._init2 as a handler for 'init_phase_2', priority: 1, kwargs: {}
2016-03-15 00:24:48,144 : DEBUG : Machine : Loading 'mpf.core.assets.AssetManager' core module
2016-03-15 00:24:48,144 : DEBUG : Mode Controller : Registering <bound method AssetManager._load_mode_assets of <mpf.core.assets.AssetManager object at 0x109dd5978>> as a mode start method. Config section: None, priority: 0, kwargs: {}
2016-03-15 00:24:48,144 : DEBUG : Events : Registered AssetManager._create_assets as a handler for 'init_phase_3', priority: 1, kwargs: {}
2016-03-15 00:24:48,145 : DEBUG : Events : Registered AssetManager._bcp_client_asset_load as a handler for 'assets_to_load', priority: 1, kwargs: {}
2016-03-15 00:24:48,145 : DEBUG : Machine : Loading 'mpf.core.show_controller.ShowController' core module
2016-03-15 00:24:48,146 : DEBUG : Clock : Scheduled a recurring clock callback (callback=<bound method ShowController._tick of <mpf.core.show_controller.ShowController object at 0x109e283c8>>, timeout=0, priority=1)
2016-03-15 00:24:48,146 : DEBUG : Events : Registered ShowController._initialize as a handler for 'init_phase_3', priority: 1, kwargs: {}
2016-03-15 00:24:48,146 : DEBUG : Machine : Loading 'mpf.core.bcp.BCP' core module
2016-03-15 00:24:48,147 : DEBUG : Events : Registered BCP.bcp_trigger as a handler for 'ball_started', priority: 1, kwargs: {'name': 'ball_started'}
2016-03-15 00:24:48,147 : DEBUG : Events : Registered BCP.bcp_trigger as a handler for 'ball_ended', priority: 1, kwargs: {'name': 'ball_ended'}
2016-03-15 00:24:48,147 : DEBUG : Events : Registered BCP.bcp_trigger as a handler for 'player_add_success', priority: 1, kwargs: {'name': 'player_add_success'}
2016-03-15 00:24:48,147 : DEBUG : Events : Registered BCP._bcp_event_callback as a handler for 'ball_ending', priority: 1, kwargs: {'command': 'ball_end'}
2016-03-15 00:24:48,147 : DEBUG : Events : Registered BCP._bcp_event_callback as a handler for 'slam_tilt', priority: 1, kwargs: {'command': 'slam_tilt'}
2016-03-15 00:24:48,147 : DEBUG : Events : Registered BCP._bcp_event_callback as a handler for 'player_turn_start', priority: 1, kwargs: {'command': 'player_turn_start', 'params': {'player_num': '%number'}}
2016-03-15 00:24:48,148 : DEBUG : Events : Registered BCP._bcp_event_callback as a handler for 'tilt_warning', priority: 1, kwargs: {'command': 'tilt_warning', 'params': {'warnings': '%warnings', 'warnings_remaining': '%warnings_remaining'}}
2016-03-15 00:24:48,148 : DEBUG : Events : Registered BCP._bcp_event_callback as a handler for 'ball_started', priority: 1, kwargs: {'command': 'ball_start', 'params': {'player_num': '%player', 'ball': '%ball'}}
2016-03-15 00:24:48,148 : DEBUG : Events : Registered BCP._bcp_event_callback as a handler for 'tilt', priority: 1, kwargs: {'command': 'tilt'}
2016-03-15 00:24:48,148 : DEBUG : Events : Registered BCP.bcp_trigger as a handler for 'player_score', priority: 1, kwargs: {'name': 'player_score'}
2016-03-15 00:24:48,148 : DEBUG : Events : Registered BCP._setup_bcp_connections as a handler for 'init_phase_2', priority: 1, kwargs: {}
2016-03-15 00:24:48,148 : DEBUG : Clock : Scheduled a recurring clock callback (callback=<bound method BCP.get_bcp_messages of <BCP Module>>, timeout=0, priority=1)
2016-03-15 00:24:48,149 : DEBUG : Events : Registered BCP.bcp_player_added as a handler for 'player_add_success', priority: 1, kwargs: {}
2016-03-15 00:24:48,149 : DEBUG : Events : Registered BCP.bcp_reset as a handler for 'machine_reset_phase_1', priority: 1, kwargs: {}
2016-03-15 00:24:48,149 : DEBUG : Events : Registered BCP.increase_volume as a handler for 'increase_volume', priority: 1, kwargs: {}
2016-03-15 00:24:48,149 : DEBUG : Events : Registered BCP.decrease_volume as a handler for 'decrease_volume', priority: 1, kwargs: {}
2016-03-15 00:24:48,149 : DEBUG : Events : Registered BCP.enable_volume_keys as a handler for 'enable_volume_keys', priority: 1, kwargs: {}
2016-03-15 00:24:48,149 : DEBUG : Events : Registered BCP.disable_volume_keys as a handler for 'disable_volume_keys', priority: 1, kwargs: {}
2016-03-15 00:24:48,149 : DEBUG : Events : Registered BCP.get_led_coordinates as a handler for 'bcp_get_led_coordinates', priority: 1, kwargs: {}
2016-03-15 00:24:48,149 : DEBUG : Mode Controller : Registering <bound method BCP.bcp_mode_start of <BCP Module>> as a mode start method. Config section: mode, priority: 0, kwargs: {}
2016-03-15 00:24:48,150 : DEBUG : Machine : Loading 'mpf.core.logic_blocks.LogicBlocks' core module
2016-03-15 00:24:48,150 : DEBUG : Mode Controller : Registering <bound method LogicBlocks._process_config of <mpf.core.logic_blocks.LogicBlocks object at 0x109e45e10>> as a mode start method. Config section: logic_blocks, priority: 0, kwargs: {}
2016-03-15 00:24:48,150 : DEBUG : Events : Registered LogicBlocks._create_player_logic_blocks as a handler for 'player_add_success', priority: 1, kwargs: {}
2016-03-15 00:24:48,150 : DEBUG : Events : Registered LogicBlocks.player_turn_start as a handler for 'player_turn_start', priority: 1, kwargs: {}
2016-03-15 00:24:48,151 : DEBUG : Events : Registered LogicBlocks.player_turn_stop as a handler for 'player_turn_stop', priority: 1, kwargs: {}
2016-03-15 00:24:48,151 : DEBUG : Machine : Loading 'mpf.core.scoring.ScoreController' core module
2016-03-15 00:24:48,151 : DEBUG : Score : Loading the Score Controller
2016-03-15 00:24:48,151 : DEBUG : Mode Controller : Registering <bound method ScoreController.mode_start of <mpf.core.scoring.ScoreController object at 0x109e60320>> as a mode start method. Config section: scoring, priority: 0, kwargs: {}
2016-03-15 00:24:48,151 : INFO : FAST : Configuring FAST Controller for FAST IO boards.
2016-03-15 00:24:48,152 : INFO : FAST : Connecting to /dev/tty.usbserial-141C at 921600bps
2016-03-15 00:24:49,657 : DEBUG : FAST : Sending 'ID:' command to port '/dev/tty.usbserial-141C'
2016-03-15 00:24:50,657 : DEBUG : FAST : Sending 'ID:' command to port '/dev/tty.usbserial-141C'
2016-03-15 00:24:51,657 : DEBUG : FAST : Sending 'ID:' command to port '/dev/tty.usbserial-141C'
2016-03-15 00:24:52,658 : DEBUG : FAST : Sending 'ID:' command to port '/dev/tty.usbserial-141C'
2016-03-15 00:24:53,658 : DEBUG : FAST : Sending 'ID:' command to port '/dev/tty.usbserial-141C'
2016-03-15 00:24:54,659 : DEBUG : FAST : Sending 'ID:' command to port '/dev/tty.usbserial-141C'
2016-03-15 00:24:55,664 : DEBUG : FAST : Sending 'ID:' command to port '/dev/tty.usbserial-141C'
2016-03-15 00:24:56,665 : DEBUG : FAST : Sending 'ID:' command to port '/dev/tty.usbserial-141C'
2016-03-15 00:24:57,665 : DEBUG : FAST : Sending 'ID:' command to port '/dev/tty.usbserial-141C'
2016-03-15 00:24:58,666 : DEBUG : FAST : Sending 'ID:' command to port '/dev/tty.usbserial-141C'
2016-03-15 00:24:59,666 : DEBUG : FAST : Sending 'ID:' command to port '/dev/tty.usbserial-141C'
2016-03-15 00:25:00,669 : DEBUG : FAST : Sending 'ID:' command to port '/dev/tty.usbserial-141C'
2016-03-15 00:25:01,670 : DEBUG : FAST : Sending 'ID:' command to port '/dev/tty.usbserial-141C'
