2016-03-31 12:34:32,734 : INFO : Machine : Mission Pinball Framework v0.30.0.dev801
2016-03-31 12:34:32,735 : DEBUG : Machine : Command line arguments: {'bcp': True, 'pause': True, 'consoleloglevel': True, 'configfile': ['config'], 'force_platform': None, 'loglevel': 10, 'create_config_cache': True, 'no_load_cache': False, 'mpfconfigfile': '/Users/gabe/pinball/mpf30/mpf/mpfconfig.yaml', 'logfile': 'logs/2016-03-31-12-34-32-mpf-Gabriels-MacBook-Pro.local.log'}
2016-03-31 12:34:32,735 : DEBUG : Machine : Python version: 3.5.0
2016-03-31 12:34:32,735 : DEBUG : Machine : Platform: darwin
2016-03-31 12:34:32,735 : DEBUG : Machine : Python executable location: /Applications/Kivy.app/Contents/Resources/python
2016-03-31 12:34:32,735 : DEBUG : Machine : 32-bit Python? False
2016-03-31 12:34:32,736 : DEBUG : Clock : Starting clock (maximum frames per second=60.0)
2016-03-31 12:34:32,736 : DEBUG : Clock : Scheduled a recurring clock callback (callback=<bound method MachineController._check_crash_queue of <mpf.core.machine.MachineController object at 0x106e995c0>>, timeout=1, priority=1)
2016-03-31 12:34:32,736 : DEBUG : Machine : Machine path: /Users/gabe/Dropbox/Pinball/Gabe/bnd
2016-03-31 12:34:32,736 : INFO : Machine : Loading cached config: /Users/gabe/Dropbox/Pinball/Gabe/bnd/__mpfcache__/config_config.p
2016-03-31 12:34:32,749 : INFO : FAST : Configuring FAST hardware.
2016-03-31 12:34:32,749 : DEBUG : Machine : Setting default platform to 'fast'
2016-03-31 12:34:32,749 : INFO : Machine : Loading core modules...
2016-03-31 12:34:32,749 : DEBUG : Machine : Loading 'mpf.core.events.EventManager' core module
2016-03-31 12:34:32,750 : DEBUG : Machine : Loading 'mpf.core.mode_controller.ModeController' core module
2016-03-31 12:34:32,753 : DEBUG : Events : Registered ModeController._load_modes as a handler for 'init_phase_2', priority: 1, kwargs: {}
2016-03-31 12:34:32,754 : DEBUG : Events : Registered ModeController._ball_ending as a handler for 'ball_ending', priority: 0, kwargs: {}
2016-03-31 12:34:32,754 : DEBUG : Events : Registered ModeController._ball_starting as a handler for 'ball_starting', priority: 0, kwargs: {}
2016-03-31 12:34:32,754 : DEBUG : Events : Registered ModeController._player_added as a handler for 'player_add_success', priority: 0, kwargs: {}
2016-03-31 12:34:32,754 : DEBUG : Events : Registered ModeController._player_turn_start as a handler for 'player_turn_start', priority: 1000000, kwargs: {}
2016-03-31 12:34:32,754 : DEBUG : Events : Registered ModeController._player_turn_stop as a handler for 'player_turn_stop', priority: 1000000, kwargs: {}
2016-03-31 12:34:32,754 : DEBUG : Machine : Loading 'mpf.core.config_processor.ConfigProcessor' core module
2016-03-31 12:34:32,755 : DEBUG : Machine : Loading 'mpf.core.shot_profile_manager.ShotProfileManager' core module
2016-03-31 12:34:32,756 : DEBUG : ShotProfileManager : Registering Shot Profile: 'default'
2016-03-31 12:34:32,920 : DEBUG : ShotProfileManager : Processed 'default' profile configuration: {'show_when_disabled': True, 'advance_on_hit': True, 'loop': False, 'state_names_to_rotate': [], 'block': True, 'show': None, 'rotation_pattern': deque(['right']), 'state_names_to_not_rotate': [], 'states': [{'reset': False, 'show': None, 'sync_ms': 0, 'repeat': True, 'script': 'off', 'speed': 1.0, 'name': 'unlit', 'hold': True, 'blend': False}, {'reset': False, 'show': None, 'sync_ms': 0, 'repeat': True, 'script': 'on', 'speed': 1.0, 'name': 'lit', 'hold': True, 'blend': False}], 'player_variable': '%_default'}
2016-03-31 12:34:32,920 : DEBUG : Mode Controller : Registering <bound method ShotProfileManager.mode_start_for_shots of <mpf.core.shot_profile_manager.ShotProfileManager object at 0x106f109e8>> as a mode start method. Config section: shots, priority: 0, kwargs: {}
2016-03-31 12:34:32,920 : DEBUG : Mode Controller : Registering <bound method ShotProfileManager.mode_start_for_shot_groups of <mpf.core.shot_profile_manager.ShotProfileManager object at 0x106f109e8>> as a mode start method. Config section: shot_groups, priority: 0, kwargs: {}
2016-03-31 12:34:32,921 : DEBUG : Events : Registered ShotProfileManager._player_turn_start as a handler for 'player_turn_start', priority: 1000000, kwargs: {}
2016-03-31 12:34:32,921 : DEBUG : Events : Registered ShotProfileManager._player_turn_stop as a handler for 'player_turn_stop', priority: 0, kwargs: {}
2016-03-31 12:34:32,921 : DEBUG : Machine : Loading 'mpf.core.device_manager.DeviceManager' core module
2016-03-31 12:34:32,921 : DEBUG : Events : Registered DeviceManager._load_device_modules as a handler for 'init_phase_1', priority: 1, kwargs: {}
2016-03-31 12:34:32,921 : DEBUG : Events : Registered DeviceManager.create_machinewide_device_control_events as a handler for 'init_phase_2', priority: 1, kwargs: {}
2016-03-31 12:34:32,922 : DEBUG : Events : Registered DeviceManager.create_collection_control_events as a handler for 'init_phase_2', priority: 1, kwargs: {}
2016-03-31 12:34:32,922 : DEBUG : Machine : Loading 'mpf.core.switch_controller.SwitchController' core module
2016-03-31 12:34:32,923 : DEBUG : Clock : Scheduled a recurring clock callback (callback=<bound method SwitchController._tick of <mpf.core.switch_controller.SwitchController object at 0x106f6c470>>, timeout=0, priority=1000)
2016-03-31 12:34:32,923 : DEBUG : Events : Registered SwitchController._initialize_switches as a handler for 'init_phase_2', priority: 1000, kwargs: {}
2016-03-31 12:34:32,923 : DEBUG : Events : Registered SwitchController.log_active_switches as a handler for 'machine_reset_phase_3', priority: 1, kwargs: {}
2016-03-31 12:34:32,923 : DEBUG : Machine : Loading 'mpf.core.ball_controller.BallController' core module
2016-03-31 12:34:32,924 : DEBUG : BallController : Loading the BallController
2016-03-31 12:34:32,924 : DEBUG : Events : Registered BallController.request_to_start_game as a handler for 'request_to_start_game', priority: 1, kwargs: {}
2016-03-31 12:34:32,924 : DEBUG : Events : Registered BallController._initialize as a handler for 'machine_reset_phase_2', priority: 1, kwargs: {}
2016-03-31 12:34:32,924 : DEBUG : Events : Registered BallController._init2 as a handler for 'init_phase_2', priority: 1, kwargs: {}
2016-03-31 12:34:32,924 : DEBUG : Machine : Loading 'mpf.core.assets.AssetManager' core module
2016-03-31 12:34:32,926 : DEBUG : Mode Controller : Registering <bound method AssetManager._load_mode_assets of <mpf.core.assets.AssetManager object at 0x106f78a20>> as a mode start method. Config section: None, priority: 0, kwargs: {}
2016-03-31 12:34:32,926 : DEBUG : Events : Registered AssetManager._create_assets as a handler for 'init_phase_3', priority: 1, kwargs: {}
2016-03-31 12:34:32,926 : DEBUG : Events : Registered AssetManager._bcp_client_asset_load as a handler for 'assets_to_load', priority: 1, kwargs: {}
2016-03-31 12:34:32,927 : DEBUG : Machine : Loading 'mpf.core.show_controller.ShowController' core module
2016-03-31 12:34:32,929 : DEBUG : Clock : Scheduled a recurring clock callback (callback=<bound method ShowController._tick of <mpf.core.show_controller.ShowController object at 0x106fc8278>>, timeout=0, priority=1)
2016-03-31 12:34:32,930 : DEBUG : Events : Registered ShowController._initialize as a handler for 'init_phase_3', priority: 1, kwargs: {}
2016-03-31 12:34:32,930 : DEBUG : Machine : Loading 'mpf.core.bcp.BCP' core module
2016-03-31 12:34:32,930 : DEBUG : Events : Registered BCP.bcp_trigger as a handler for 'ball_started', priority: 1, kwargs: {'name': 'ball_started'}
2016-03-31 12:34:32,930 : DEBUG : Events : Registered BCP.bcp_trigger as a handler for 'ball_ended', priority: 1, kwargs: {'name': 'ball_ended'}
2016-03-31 12:34:32,930 : DEBUG : Events : Registered BCP.bcp_trigger as a handler for 'player_add_success', priority: 1, kwargs: {'name': 'player_add_success'}
2016-03-31 12:34:32,930 : DEBUG : Events : Registered BCP._bcp_event_callback as a handler for 'player_turn_start', priority: 1, kwargs: {'command': 'player_turn_start', 'params': {'player_num': '%number'}}
2016-03-31 12:34:32,931 : DEBUG : Events : Registered BCP._bcp_event_callback as a handler for 'ball_started', priority: 1, kwargs: {'command': 'ball_start', 'params': {'ball': '%ball', 'player_num': '%player'}}
2016-03-31 12:34:32,931 : DEBUG : Events : Registered BCP._bcp_event_callback as a handler for 'slam_tilt', priority: 1, kwargs: {'command': 'slam_tilt'}
2016-03-31 12:34:32,931 : DEBUG : Events : Registered BCP._bcp_event_callback as a handler for 'tilt_warning', priority: 1, kwargs: {'command': 'tilt_warning', 'params': {'warnings_remaining': '%warnings_remaining', 'warnings': '%warnings'}}
2016-03-31 12:34:32,931 : DEBUG : Events : Registered BCP._bcp_event_callback as a handler for 'ball_ending', priority: 1, kwargs: {'command': 'ball_end'}
2016-03-31 12:34:32,931 : DEBUG : Events : Registered BCP._bcp_event_callback as a handler for 'tilt', priority: 1, kwargs: {'command': 'tilt'}
2016-03-31 12:34:32,932 : DEBUG : Events : Registered BCP.bcp_trigger as a handler for 'player_score', priority: 1, kwargs: {'name': 'player_score'}
2016-03-31 12:34:32,932 : DEBUG : Events : Registered BCP._setup_bcp_connections as a handler for 'init_phase_2', priority: 1, kwargs: {}
2016-03-31 12:34:32,932 : DEBUG : Clock : Scheduled a recurring clock callback (callback=<bound method BCP.get_bcp_messages of <BCP Module>>, timeout=0, priority=1)
2016-03-31 12:34:32,932 : DEBUG : Events : Registered BCP.bcp_player_added as a handler for 'player_add_success', priority: 1, kwargs: {}
2016-03-31 12:34:32,932 : DEBUG : Events : Registered BCP.bcp_reset as a handler for 'machine_reset_phase_1', priority: 1, kwargs: {}
2016-03-31 12:34:32,932 : DEBUG : Events : Registered BCP.increase_volume as a handler for 'increase_volume', priority: 1, kwargs: {}
2016-03-31 12:34:32,932 : DEBUG : Events : Registered BCP.decrease_volume as a handler for 'decrease_volume', priority: 1, kwargs: {}
2016-03-31 12:34:32,933 : DEBUG : Events : Registered BCP.enable_volume_keys as a handler for 'enable_volume_keys', priority: 1, kwargs: {}
2016-03-31 12:34:32,933 : DEBUG : Events : Registered BCP.disable_volume_keys as a handler for 'disable_volume_keys', priority: 1, kwargs: {}
2016-03-31 12:34:32,933 : DEBUG : Events : Registered BCP.get_led_coordinates as a handler for 'bcp_get_led_coordinates', priority: 1, kwargs: {}
2016-03-31 12:34:32,933 : DEBUG : Mode Controller : Registering <bound method BCP.bcp_mode_start of <BCP Module>> as a mode start method. Config section: mode, priority: 0, kwargs: {}
2016-03-31 12:34:32,933 : DEBUG : Machine : Loading 'mpf.core.logic_blocks.LogicBlocks' core module
2016-03-31 12:34:32,934 : DEBUG : Mode Controller : Registering <bound method LogicBlocks._process_config of <mpf.core.logic_blocks.LogicBlocks object at 0x106febf28>> as a mode start method. Config section: logic_blocks, priority: 0, kwargs: {}
2016-03-31 12:34:32,934 : DEBUG : Events : Registered LogicBlocks._create_player_logic_blocks as a handler for 'player_add_success', priority: 1, kwargs: {}
2016-03-31 12:34:32,934 : DEBUG : Events : Registered LogicBlocks.player_turn_start as a handler for 'player_turn_start', priority: 1, kwargs: {}
2016-03-31 12:34:32,934 : DEBUG : Events : Registered LogicBlocks.player_turn_stop as a handler for 'player_turn_stop', priority: 1, kwargs: {}
2016-03-31 12:34:32,935 : DEBUG : Machine : Loading 'mpf.core.scoring.ScoreController' core module
2016-03-31 12:34:32,935 : DEBUG : Score : Loading the Score Controller
2016-03-31 12:34:32,935 : DEBUG : Mode Controller : Registering <bound method ScoreController.mode_start of <mpf.core.scoring.ScoreController object at 0x107005128>> as a mode start method. Config section: scoring, priority: 0, kwargs: {}
2016-03-31 12:34:32,935 : INFO : FAST : Configuring FAST Controller for FAST IO boards.
2016-03-31 12:34:32,936 : INFO : FAST : Connecting to /dev/tty.usbserial-141C at 921600bps
2016-03-31 12:34:34,437 : DEBUG : FAST : Sending 'ID:' command to port '/dev/tty.usbserial-141C'
2016-03-31 12:34:34,452 : INFO : FAST : Received ID acknowledgement. Processor: RGB, Board: FP-CPU-002-2, Firmware: 01.00
2016-03-31 12:34:34,453 : INFO : FAST : Connecting to /dev/tty.usbserial-141B at 921600bps
2016-03-31 12:34:35,954 : DEBUG : FAST : Sending 'ID:' command to port '/dev/tty.usbserial-141B'
2016-03-31 12:34:35,970 : INFO : FAST : Received ID acknowledgement. Processor: NET, Board: FP-CPU-002-2, Firmware: 01.00
2016-03-31 12:34:35,971 : DEBUG : FAST : Querying FAST IO boards...
2016-03-31 12:34:35,987 : INFO : FAST : Fast IO Board 00: Model: FP-I/O-3208-2, Firmware: 01.00, Switches: 32, Drivers: 8
2016-03-31 12:34:36,003 : INFO : FAST : Fast IO Board 01: Model: FP-I/O-3208-2, Firmware: 01.00, Switches: 32, Drivers: 8
2016-03-31 12:34:36,019 : INFO : FAST : Fast IO Board 02: Model: FP-I/O-1616-2, Firmware: 01.00, Switches: 16, Drivers: 16
2016-03-31 12:34:36,101 : DEBUG : Events : Registered ConfigPlayer._initialize as a handler for 'init_phase_1', priority: 1, kwargs: {}
2016-03-31 12:34:36,102 : DEBUG : Events : Registered ConfigPlayer._initialize as a handler for 'init_phase_1', priority: 1, kwargs: {}
2016-03-31 12:34:36,103 : DEBUG : Events : Registered ConfigPlayer._initialize as a handler for 'init_phase_1', priority: 1, kwargs: {}
2016-03-31 12:34:36,103 : DEBUG : Events : Registered ConfigPlayer._initialize as a handler for 'init_phase_1', priority: 1, kwargs: {}
2016-03-31 12:34:36,104 : DEBUG : Events : Registered ConfigPlayer._initialize as a handler for 'init_phase_1', priority: 1, kwargs: {}
2016-03-31 12:34:36,105 : DEBUG : Events : Registered ConfigPlayer._initialize as a handler for 'init_phase_1', priority: 1, kwargs: {}
2016-03-31 12:34:36,105 : DEBUG : Events : Registered ConfigPlayer._initialize as a handler for 'init_phase_1', priority: 1, kwargs: {}
2016-03-31 12:34:36,106 : DEBUG : Events : Registered ConfigPlayer._initialize as a handler for 'init_phase_1', priority: 1, kwargs: {}
2016-03-31 12:34:36,107 : DEBUG : Events : Registered ConfigPlayer._initialize as a handler for 'init_phase_1', priority: 1, kwargs: {}
2016-03-31 12:34:36,107 : DEBUG : Events : Registered ConfigPlayer._initialize as a handler for 'init_phase_1', priority: 1, kwargs: {}
2016-03-31 12:34:36,107 : DEBUG : Machine : Registering Plugin Config Players
2016-03-31 12:34:36,108 : DEBUG : Events : Registered MachineController.power_off as a handler for 'shutdown', priority: 1, kwargs: {}
2016-03-31 12:34:36,108 : DEBUG : Events : Registered MachineController.power_off as a handler for 'sw_shutdown', priority: 1, kwargs: {}
2016-03-31 12:34:36,108 : DEBUG : Events : Registered MachineController.stop as a handler for 'quit', priority: 1, kwargs: {}
2016-03-31 12:34:36,108 : DEBUG : Events : Registered MachineController.stop as a handler for 'sw_quit', priority: 1, kwargs: {}
2016-03-31 12:34:36,108 : DEBUG : DataInterface : Loading machine_vars from /Users/gabe/Dropbox/Pinball/Gabe/bnd/data/machine_vars.yaml
2016-03-31 12:34:36,109 : DEBUG : YAML File Interface : Loading file: /Users/gabe/Dropbox/Pinball/Gabe/bnd/data/machine_vars.yaml
2016-03-31 12:34:36,111 : DEBUG : Machine : Setting machine_var 'player1_score' to: 0, (prior: 0, change: 0)
2016-03-31 12:34:36,112 : DEBUG : Events : ^^^^ Posted event 'machine_var_player1_score'. Type: None, Callback: None, Args: {'change': 0, 'value': 0, 'prev_value': 0}
2016-03-31 12:34:36,112 : DEBUG : Events : ============== EVENTS QUEUE =============
2016-03-31 12:34:36,112 : DEBUG : Events : machine_var_player1_score, None, None, {'change': 0, 'value': 0, 'prev_value': 0}
2016-03-31 12:34:36,112 : DEBUG : Events : =========================================
2016-03-31 12:34:36,112 : DEBUG : Events : ^^^^ Posted event 'init_phase_1'. Type: None, Callback: None, Args: {}
2016-03-31 12:34:36,112 : DEBUG : Events : ============== EVENTS QUEUE =============
2016-03-31 12:34:36,112 : DEBUG : Events : machine_var_player1_score, None, None, {'change': 0, 'value': 0, 'prev_value': 0}
2016-03-31 12:34:36,113 : DEBUG : Events : init_phase_1, None, None, {}
2016-03-31 12:34:36,113 : DEBUG : Events : =========================================
2016-03-31 12:34:36,113 : DEBUG : Events : ^^^^ Processing event 'machine_var_player1_score'. Type: None, Callback: None, Args: {'change': 0, 'value': 0, 'prev_value': 0}
2016-03-31 12:34:36,113 : DEBUG : Events : vvvv Finished event 'machine_var_player1_score'. Type: None. Callback: None. Args: {'change': 0, 'value': 0, 'prev_value': 0}
2016-03-31 12:34:36,113 : DEBUG : Events : ^^^^ Processing event 'init_phase_1'. Type: None, Callback: None, Args: {}
2016-03-31 12:34:36,113 : DEBUG : Events : DeviceManager._load_device_modules (priority: 1) responding to event 'init_phase_1' with args {}
2016-03-31 12:34:36,113 : INFO : DeviceManager : Loading devices...
2016-03-31 12:34:36,121 : DEBUG : Clock : Scheduled a recurring clock callback (callback=<bound method Led.update_leds of <class 'mpf.devices.led.Led'>>, timeout=0, priority=-100)
2016-03-31 12:34:36,127 : DEBUG : Events : Registered BallSearch.request_to_start_game as a handler for 'request_to_start_game', priority: 1, kwargs: {}
2016-03-31 12:34:36,155 : DEBUG : coil.c_trougheject : Enabling debug logging
2016-03-31 12:34:36,156 : DEBUG : coil.c_trougheject : Configuring device with settings: '{'allow_enable': True, 'pulse_power32': None, 'enable_events': {}, 'pwm_on_ms': None, 'pulse_events': {}, 'pwm_off_ms': None, 'pulse_pwm_mask': None, 'hold_power': None, 'pulse_ms': 1000, 'disable_events': {}, 'tags': [], 'number': '6', 'hold_pwm_mask': None, 'number_str': '6', 'platform': None, 'recycle_ms': None, 'label': '%', 'debug': True, 'hold_power32': None, 'pulse_power': None}'
2016-03-31 12:34:36,156 : DEBUG : coil.c_upperrightflippermain : Enabling debug logging
2016-03-31 12:34:36,156 : DEBUG : coil.c_upperrightflippermain : Configuring device with settings: '{'number_str': '29', 'pulse_power32': None, 'enable_events': {}, 'pwm_on_ms': None, 'pulse_events': {}, 'pwm_off_ms': None, 'allow_enable': False, 'pulse_pwm_mask': None, 'hold_power': None, 'pulse_ms': 20, 'disable_events': {}, 'tags': [], 'number': '29', 'hold_pwm_mask': None, 'platform': None, 'recycle_ms': None, 'label': '%', 'debug': True, 'hold_power32': None, 'pulse_power': None}'
2016-03-31 12:34:36,156 : DEBUG : coil.c_upperrightflipperhold : Enabling debug logging
2016-03-31 12:34:36,156 : DEBUG : coil.c_upperrightflipperhold : Configuring device with settings: '{'number_str': '25', 'pulse_power32': None, 'enable_events': {}, 'pwm_on_ms': None, 'pulse_events': {}, 'pwm_off_ms': None, 'allow_enable': False, 'pulse_pwm_mask': None, 'hold_power': None, 'pulse_ms': None, 'disable_events': {}, 'tags': [], 'number': '25', 'hold_pwm_mask': None, 'platform': None, 'recycle_ms': None, 'label': '%', 'debug': True, 'hold_power32': None, 'pulse_power': None}'
2016-03-31 12:34:36,156 : DEBUG : coil.c_leftflippermain : Enabling debug logging
2016-03-31 12:34:36,156 : DEBUG : coil.c_leftflippermain : Configuring device with settings: '{'number_str': '0', 'pulse_power32': None, 'enable_events': {}, 'pwm_on_ms': None, 'pulse_events': {}, 'pwm_off_ms': None, 'allow_enable': False, 'pulse_pwm_mask': None, 'hold_power': None, 'pulse_ms': 25, 'disable_events': {}, 'tags': [], 'number': '0', 'hold_pwm_mask': None, 'platform': None, 'recycle_ms': None, 'label': '%', 'debug': True, 'hold_power32': None, 'pulse_power': None}'
2016-03-31 12:34:36,157 : DEBUG : coil.c_rightflippermain : Enabling debug logging
2016-03-31 12:34:36,157 : DEBUG : coil.c_rightflippermain : Configuring device with settings: '{'number_str': '3', 'pulse_power32': None, 'enable_events': {}, 'pwm_on_ms': None, 'pulse_events': {}, 'pwm_off_ms': None, 'allow_enable': False, 'pulse_pwm_mask': None, 'hold_power': None, 'pulse_ms': 25, 'disable_events': {}, 'tags': [], 'number': '3', 'hold_pwm_mask': None, 'platform': None, 'recycle_ms': None, 'label': '%', 'debug': True, 'hold_power32': None, 'pulse_power': None}'
2016-03-31 12:34:36,157 : DEBUG : ball_device.bd_trough : Enabling debug logging
2016-03-31 12:34:36,157 : DEBUG : ball_device.bd_trough : Configuring device with settings: '{'exit_count_delay': 500, 'ball_capacity': 3, 'eject_targets': [<ball_device.bd_plunger>, <playfield.playfield>], 'mechanical_eject': False, 'entrance_switch_full_timeout': 3000, 'tags': ['trough', 'home'], 'jam_switch': None, 'entrance_events': {}, 'ball_missing_target': <playfield.playfield>, 'auto_fire_on_unexpected_ball': True, 'player_controlled_eject_event': None, 'confirm_eject_switch': None, 'debug': True, 'ball_search_order': 100, 'captures_from': <playfield.playfield>, 'request_ball_events': [], 'eject_timeouts': [], 'hold_switches': [], 'max_eject_attempts': 0, 'ball_missing_timeouts': [], 'ball_switches': [], 'hold_events': {}, 'hold_coil_release_time': 1000, 'entrance_count_delay': 500, 'entrance_switch': <switch.s_troughenter>, 'eject_coil_jam_pulse': None, 'eject_coil': <coil.c_trougheject>, 'hold_coil': None, 'confirm_eject_event': None, 'eject_coil_retry_pulse': None, 'confirm_eject_type': 'target', 'eject_events': {}, 'label': '%', 'eject_all_events': {}, 'stop_events': {}, 'target_on_unexpected_ball': None}'
2016-03-31 12:34:36,158 : DEBUG : ball_device.bd_drain : Enabling debug logging
2016-03-31 12:34:36,158 : DEBUG : ball_device.bd_drain : Configuring device with settings: '{'exit_count_delay': 500, 'ball_capacity': None, 'eject_targets': [<ball_device.bd_trough>, <ball_device.bd_plunger>, <playfield.playfield>], 'mechanical_eject': False, 'entrance_switch_full_timeout': 0, 'tags': ['drain'], 'jam_switch': None, 'entrance_events': {}, 'ball_missing_target': <playfield.playfield>, 'auto_fire_on_unexpected_ball': True, 'player_controlled_eject_event': None, 'confirm_eject_switch': None, 'debug': True, 'ball_search_order': 100, 'captures_from': <playfield.playfield>, 'request_ball_events': [], 'eject_timeouts': [], 'hold_switches': [], 'max_eject_attempts': 0, 'ball_missing_timeouts': [], 'hold_events': {}, 'hold_coil_release_time': 1000, 'entrance_count_delay': 500, 'entrance_switch': None, 'eject_coil_jam_pulse': None, 'eject_coil': <coil.c_draineject>, 'hold_coil': None, 'confirm_eject_event': None, 'ball_switches': [<switch.s_drain>], 'confirm_eject_type': 'target', 'eject_events': {}, 'label': '%', 'eject_all_events': {}, 'stop_events': {}, 'target_on_unexpected_ball': None, 'eject_coil_retry_pulse': None}'
2016-03-31 12:34:36,159 : DEBUG : FASTDriver : Driver Settings: {'number': '13', 'allow_enable': False, 'config_cmd': 'DN:', 'pwm32': None, 'pwm1': 'ff', 'recycle_ms': '00', 'mode': '10', 'trigger_cmd': 'TN:', 'pwm2': 'ff', 'pulse_ms': '08'}
2016-03-31 12:34:36,159 : DEBUG : FASTDriver : Resetting driver {'number': '13', 'allow_enable': False, 'config_cmd': 'DN:', 'pwm32': None, 'pwm1': 'ff', 'recycle_ms': '00', 'mode': '10', 'trigger_cmd': 'TN:', 'pwm2': 'ff', 'pulse_ms': '08'}
2016-03-31 12:34:36,159 : DEBUG : FASTDriver : Driver Settings: {'number': '0B', 'allow_enable': False, 'config_cmd': 'DN:', 'pwm32': None, 'pwm1': 'ff', 'recycle_ms': '00', 'mode': '10', 'trigger_cmd': 'TN:', 'pwm2': 'ff', 'pulse_ms': '0A'}
2016-03-31 12:34:36,159 : DEBUG : FASTDriver : Resetting driver {'number': '0B', 'allow_enable': False, 'config_cmd': 'DN:', 'pwm32': None, 'pwm1': 'ff', 'recycle_ms': '00', 'mode': '10', 'trigger_cmd': 'TN:', 'pwm2': 'ff', 'pulse_ms': '0A'}
2016-03-31 12:34:36,160 : DEBUG : FASTDriver : Driver Settings: {'number': '11', 'allow_enable': False, 'config_cmd': 'DN:', 'pwm32': None, 'pwm1': 'ff', 'recycle_ms': '00', 'mode': '10', 'trigger_cmd': 'TN:', 'pwm2': 'ff', 'pulse_ms': '0A'}
2016-03-31 12:34:36,160 : DEBUG : FASTDriver : Resetting driver {'number': '11', 'allow_enable': False, 'config_cmd': 'DN:', 'pwm32': None, 'pwm1': 'ff', 'recycle_ms': '00', 'mode': '10', 'trigger_cmd': 'TN:', 'pwm2': 'ff', 'pulse_ms': '0A'}
2016-03-31 12:34:36,160 : DEBUG : FASTDriver : Driver Settings: {'number': '1B', 'allow_enable': False, 'config_cmd': 'DN:', 'pwm32': None, 'pwm1': 'ff', 'recycle_ms': '00', 'mode': '10', 'trigger_cmd': 'TN:', 'pwm2': 'ff', 'pulse_ms': '14'}
2016-03-31 12:34:36,160 : DEBUG : FASTDriver : Resetting driver {'number': '1B', 'allow_enable': False, 'config_cmd': 'DN:', 'pwm32': None, 'pwm1': 'ff', 'recycle_ms': '00', 'mode': '10', 'trigger_cmd': 'TN:', 'pwm2': 'ff', 'pulse_ms': '14'}
2016-03-31 12:34:36,160 : DEBUG : FASTDriver : Driver Settings: {'number': '0E', 'allow_enable': False, 'config_cmd': 'DN:', 'pwm32': None, 'pwm1': 'ff', 'recycle_ms': '00', 'mode': '10', 'trigger_cmd': 'TN:', 'pwm2': 'ff', 'pulse_ms': '23'}
2016-03-31 12:34:36,161 : DEBUG : FASTDriver : Resetting driver {'number': '0E', 'allow_enable': False, 'config_cmd': 'DN:', 'pwm32': None, 'pwm1': 'ff', 'recycle_ms': '00', 'mode': '10', 'trigger_cmd': 'TN:', 'pwm2': 'ff', 'pulse_ms': '23'}
2016-03-31 12:34:36,161 : DEBUG : FASTDriver : Driver Settings: {'number': '01', 'allow_enable': False, 'config_cmd': 'DN:', 'pwm32': None, 'pwm1': 'ff', 'recycle_ms': '00', 'mode': '10', 'trigger_cmd': 'TN:', 'pwm2': 'ff', 'pulse_ms': '0A'}
2016-03-31 12:34:36,161 : DEBUG : FASTDriver : Resetting driver {'number': '01', 'allow_enable': False, 'config_cmd': 'DN:', 'pwm32': None, 'pwm1': 'ff', 'recycle_ms': '00', 'mode': '10', 'trigger_cmd': 'TN:', 'pwm2': 'ff', 'pulse_ms': '0A'}
2016-03-31 12:34:36,161 : DEBUG : FASTDriver : Driver Settings: {'number': '05', 'allow_enable': False, 'config_cmd': 'DN:', 'pwm32': None, 'pwm1': 'ff', 'recycle_ms': '00', 'mode': '10', 'trigger_cmd': 'TN:', 'pwm2': 'ff', 'pulse_ms': '14'}
2016-03-31 12:34:36,161 : DEBUG : FASTDriver : Resetting driver {'number': '05', 'allow_enable': False, 'config_cmd': 'DN:', 'pwm32': None, 'pwm1': 'ff', 'recycle_ms': '00', 'mode': '10', 'trigger_cmd': 'TN:', 'pwm2': 'ff', 'pulse_ms': '14'}
2016-03-31 12:34:36,162 : DEBUG : FASTDriver : Driver Settings: {'number': '0D', 'allow_enable': False, 'config_cmd': 'DN:', 'pwm32': None, 'pwm1': 'ff', 'recycle_ms': '00', 'mode': '10', 'trigger_cmd': 'TN:', 'pwm2': 'ff', 'pulse_ms': '0A'}
2016-03-31 12:34:36,162 : DEBUG : FASTDriver : Resetting driver {'number': '0D', 'allow_enable': False, 'config_cmd': 'DN:', 'pwm32': None, 'pwm1': 'ff', 'recycle_ms': '00', 'mode': '10', 'trigger_cmd': 'TN:', 'pwm2': 'ff', 'pulse_ms': '0A'}
2016-03-31 12:34:36,162 : DEBUG : FASTDriver : Driver Settings: {'number': '12', 'allow_enable': False, 'config_cmd': 'DN:', 'pwm32': None, 'pwm1': 'ff', 'recycle_ms': '00', 'mode': '10', 'trigger_cmd': 'TN:', 'pwm2': 'ff', 'pulse_ms': '02'}
2016-03-31 12:34:36,163 : DEBUG : FASTDriver : Resetting driver {'number': '12', 'allow_enable': False, 'config_cmd': 'DN:', 'pwm32': None, 'pwm1': 'ff', 'recycle_ms': '00', 'mode': '10', 'trigger_cmd': 'TN:', 'pwm2': 'ff', 'pulse_ms': '02'}
2016-03-31 12:34:36,163 : DEBUG : FASTDriver : Driver Settings: {'number': '07', 'allow_enable': False, 'config_cmd': 'DN:', 'pwm32': None, 'pwm1': 'ff', 'recycle_ms': '00', 'mode': '10', 'trigger_cmd': 'TN:', 'pwm2': 'ff', 'pulse_ms': '3C'}
2016-03-31 12:34:36,164 : DEBUG : FASTDriver : Resetting driver {'number': '07', 'allow_enable': False, 'config_cmd': 'DN:', 'pwm32': None, 'pwm1': 'ff', 'recycle_ms': '00', 'mode': '10', 'trigger_cmd': 'TN:', 'pwm2': 'ff', 'pulse_ms': '3C'}
2016-03-31 12:34:36,164 : DEBUG : FASTDriver : Driver Settings: {'number': '1C', 'allow_enable': False, 'config_cmd': 'DN:', 'pwm32': None, 'pwm1': 'ff', 'recycle_ms': '00', 'mode': '10', 'trigger_cmd': 'TN:', 'pwm2': 'ff', 'pulse_ms': '14'}
2016-03-31 12:34:36,164 : DEBUG : FASTDriver : Resetting driver {'number': '1C', 'allow_enable': False, 'config_cmd': 'DN:', 'pwm32': None, 'pwm1': 'ff', 'recycle_ms': '00', 'mode': '10', 'trigger_cmd': 'TN:', 'pwm2': 'ff', 'pulse_ms': '14'}
2016-03-31 12:34:36,164 : DEBUG : FASTDriver : Driver Settings: {'number': '10', 'allow_enable': False, 'config_cmd': 'DN:', 'pwm32': None, 'pwm1': 'ff', 'recycle_ms': '00', 'mode': '10', 'trigger_cmd': 'TN:', 'pwm2': 'ff', 'pulse_ms': '0A'}
2016-03-31 12:34:36,165 : DEBUG : FASTDriver : Resetting driver {'number': '10', 'allow_enable': False, 'config_cmd': 'DN:', 'pwm32': None, 'pwm1': 'ff', 'recycle_ms': '00', 'mode': '10', 'trigger_cmd': 'TN:', 'pwm2': 'ff', 'pulse_ms': '0A'}
2016-03-31 12:34:36,165 : DEBUG : FASTDriver : Driver Settings: {'number': '1A', 'allow_enable': False, 'config_cmd': 'DN:', 'pwm32': None, 'pwm1': 'ff', 'recycle_ms': '00', 'mode': '10', 'trigger_cmd': 'TN:', 'pwm2': 'ff', 'pulse_ms': '14'}
2016-03-31 12:34:36,165 : DEBUG : FASTDriver : Resetting driver {'number': '1A', 'allow_enable': False, 'config_cmd': 'DN:', 'pwm32': None, 'pwm1': 'ff', 'recycle_ms': '00', 'mode': '10', 'trigger_cmd': 'TN:', 'pwm2': 'ff', 'pulse_ms': '14'}
2016-03-31 12:34:36,165 : DEBUG : FASTDriver : Driver Settings: {'number': '08', 'allow_enable': False, 'config_cmd': 'DN:', 'pwm32': None, 'pwm1': 'ff', 'recycle_ms': '00', 'mode': '10', 'trigger_cmd': 'TN:', 'pwm2': '01', 'pulse_ms': '0A'}
2016-03-31 12:34:36,165 : DEBUG : FASTDriver : Resetting driver {'number': '08', 'allow_enable': False, 'config_cmd': 'DN:', 'pwm32': None, 'pwm1': 'ff', 'recycle_ms': '00', 'mode': '10', 'trigger_cmd': 'TN:', 'pwm2': '01', 'pulse_ms': '0A'}
2016-03-31 12:34:36,166 : DEBUG : coil.c_trougheject : Platform Driver: <Platform.FAST>
2016-03-31 12:34:36,166 : DEBUG : FASTDriver : Driver Settings: {'number': '06', 'allow_enable': True, 'config_cmd': 'DN:', 'pwm32': None, 'pwm1': 'ff', 'recycle_ms': '00', 'mode': '10', 'trigger_cmd': 'TN:', 'pwm2': 'ff', 'pulse_ms': 1000}
2016-03-31 12:34:36,166 : DEBUG : FASTDriver : Resetting driver {'number': '06', 'allow_enable': True, 'config_cmd': 'DN:', 'pwm32': None, 'pwm1': 'ff', 'recycle_ms': '00', 'mode': '10', 'trigger_cmd': 'TN:', 'pwm2': 'ff', 'pulse_ms': 1000}
2016-03-31 12:34:36,166 : DEBUG : coil.c_upperrightflippermain : Platform Driver: <Platform.FAST>
2016-03-31 12:34:36,167 : DEBUG : FASTDriver : Driver Settings: {'number': '1D', 'allow_enable': False, 'config_cmd': 'DN:', 'pwm32': None, 'pwm1': 'ff', 'recycle_ms': '00', 'mode': '10', 'trigger_cmd': 'TN:', 'pwm2': 'ff', 'pulse_ms': '14'}
2016-03-31 12:34:36,167 : DEBUG : FASTDriver : Resetting driver {'number': '1D', 'allow_enable': False, 'config_cmd': 'DN:', 'pwm32': None, 'pwm1': 'ff', 'recycle_ms': '00', 'mode': '10', 'trigger_cmd': 'TN:', 'pwm2': 'ff', 'pulse_ms': '14'}
2016-03-31 12:34:36,167 : DEBUG : FASTDriver : Driver Settings: {'number': '14', 'allow_enable': False, 'config_cmd': 'DN:', 'pwm32': None, 'pwm1': 'ff', 'recycle_ms': '00', 'mode': '10', 'trigger_cmd': 'TN:', 'pwm2': 'ff', 'pulse_ms': '1E'}
2016-03-31 12:34:36,167 : DEBUG : FASTDriver : Resetting driver {'number': '14', 'allow_enable': False, 'config_cmd': 'DN:', 'pwm32': None, 'pwm1': 'ff', 'recycle_ms': '00', 'mode': '10', 'trigger_cmd': 'TN:', 'pwm2': 'ff', 'pulse_ms': '1E'}
2016-03-31 12:34:36,167 : DEBUG : FASTDriver : Driver Settings: {'number': '04', 'allow_enable': False, 'config_cmd': 'DN:', 'pwm32': None, 'pwm1': 'ff', 'recycle_ms': '00', 'mode': '10', 'trigger_cmd': 'TN:', 'pwm2': 'ff', 'pulse_ms': '0A'}
2016-03-31 12:34:36,168 : DEBUG : FASTDriver : Resetting driver {'number': '04', 'allow_enable': False, 'config_cmd': 'DN:', 'pwm32': None, 'pwm1': 'ff', 'recycle_ms': '00', 'mode': '10', 'trigger_cmd': 'TN:', 'pwm2': 'ff', 'pulse_ms': '0A'}
2016-03-31 12:34:36,168 : DEBUG : FASTDriver : Driver Settings: {'number': '0F', 'allow_enable': False, 'config_cmd': 'DN:', 'pwm32': None, 'pwm1': 'ff', 'recycle_ms': '00', 'mode': '10', 'trigger_cmd': 'TN:', 'pwm2': 'ff', 'pulse_ms': '0A'}
2016-03-31 12:34:36,168 : DEBUG : FASTDriver : Resetting driver {'number': '0F', 'allow_enable': False, 'config_cmd': 'DN:', 'pwm32': None, 'pwm1': 'ff', 'recycle_ms': '00', 'mode': '10', 'trigger_cmd': 'TN:', 'pwm2': 'ff', 'pulse_ms': '0A'}
2016-03-31 12:34:36,168 : DEBUG : FASTDriver : Driver Settings: {'number': '0A', 'allow_enable': False, 'config_cmd': 'DN:', 'pwm32': None, 'pwm1': 'ff', 'recycle_ms': '00', 'mode': '10', 'trigger_cmd': 'TN:', 'pwm2': 'ff', 'pulse_ms': '28'}
2016-03-31 12:34:36,169 : DEBUG : FASTDriver : Resetting driver {'number': '0A', 'allow_enable': False, 'config_cmd': 'DN:', 'pwm32': None, 'pwm1': 'ff', 'recycle_ms': '00', 'mode': '10', 'trigger_cmd': 'TN:', 'pwm2': 'ff', 'pulse_ms': '28'}
2016-03-31 12:34:36,169 : DEBUG : coil.c_upperrightflipperhold : Platform Driver: <Platform.FAST>
2016-03-31 12:34:36,169 : DEBUG : FASTDriver : Driver Settings: {'number': '19', 'allow_enable': False, 'config_cmd': 'DN:', 'pwm32': None, 'pwm1': 'ff', 'recycle_ms': '00', 'mode': '10', 'trigger_cmd': 'TN:', 'pwm2': 'ff', 'pulse_ms': '0A'}
2016-03-31 12:34:36,169 : DEBUG : FASTDriver : Resetting driver {'number': '19', 'allow_enable': False, 'config_cmd': 'DN:', 'pwm32': None, 'pwm1': 'ff', 'recycle_ms': '00', 'mode': '10', 'trigger_cmd': 'TN:', 'pwm2': 'ff', 'pulse_ms': '0A'}
2016-03-31 12:34:36,169 : DEBUG : FASTDriver : Driver Settings: {'number': '09', 'allow_enable': False, 'config_cmd': 'DN:', 'pwm32': None, 'pwm1': 'ff', 'recycle_ms': '00', 'mode': '10', 'trigger_cmd': 'TN:', 'pwm2': 'ff', 'pulse_ms': '0A'}
2016-03-31 12:34:36,169 : DEBUG : FASTDriver : Resetting driver {'number': '09', 'allow_enable': False, 'config_cmd': 'DN:', 'pwm32': None, 'pwm1': 'ff', 'recycle_ms': '00', 'mode': '10', 'trigger_cmd': 'TN:', 'pwm2': 'ff', 'pulse_ms': '0A'}
2016-03-31 12:34:36,170 : DEBUG : coil.c_leftflippermain : Platform Driver: <Platform.FAST>
2016-03-31 12:34:36,170 : DEBUG : FASTDriver : Driver Settings: {'number': '00', 'allow_enable': False, 'config_cmd': 'DN:', 'pwm32': None, 'pwm1': 'ff', 'recycle_ms': '00', 'mode': '10', 'trigger_cmd': 'TN:', 'pwm2': 'ff', 'pulse_ms': '19'}
2016-03-31 12:34:36,170 : DEBUG : FASTDriver : Resetting driver {'number': '00', 'allow_enable': False, 'config_cmd': 'DN:', 'pwm32': None, 'pwm1': 'ff', 'recycle_ms': '00', 'mode': '10', 'trigger_cmd': 'TN:', 'pwm2': 'ff', 'pulse_ms': '19'}
2016-03-31 12:34:36,170 : DEBUG : coil.c_rightflippermain : Platform Driver: <Platform.FAST>
2016-03-31 12:34:36,170 : DEBUG : FASTDriver : Driver Settings: {'number': '03', 'allow_enable': False, 'config_cmd': 'DN:', 'pwm32': None, 'pwm1': 'ff', 'recycle_ms': '00', 'mode': '10', 'trigger_cmd': 'TN:', 'pwm2': 'ff', 'pulse_ms': '19'}
2016-03-31 12:34:36,171 : DEBUG : FASTDriver : Resetting driver {'number': '03', 'allow_enable': False, 'config_cmd': 'DN:', 'pwm32': None, 'pwm1': 'ff', 'recycle_ms': '00', 'mode': '10', 'trigger_cmd': 'TN:', 'pwm2': 'ff', 'pulse_ms': '19'}
2016-03-31 12:34:36,171 : DEBUG : FASTDriver : Driver Settings: {'number': '0C', 'allow_enable': False, 'config_cmd': 'DN:', 'pwm32': None, 'pwm1': 'ff', 'recycle_ms': '00', 'mode': '10', 'trigger_cmd': 'TN:', 'pwm2': 'ff', 'pulse_ms': '0A'}
2016-03-31 12:34:36,171 : DEBUG : FASTDriver : Resetting driver {'number': '0C', 'allow_enable': False, 'config_cmd': 'DN:', 'pwm32': None, 'pwm1': 'ff', 'recycle_ms': '00', 'mode': '10', 'trigger_cmd': 'TN:', 'pwm2': 'ff', 'pulse_ms': '0A'}
2016-03-31 12:34:36,171 : DEBUG : FASTDriver : Driver Settings: {'number': '02', 'allow_enable': False, 'config_cmd': 'DN:', 'pwm32': None, 'pwm1': 'ff', 'recycle_ms': '00', 'mode': '10', 'trigger_cmd': 'TN:', 'pwm2': 'ff', 'pulse_ms': '0A'}
2016-03-31 12:34:36,171 : DEBUG : FASTDriver : Resetting driver {'number': '02', 'allow_enable': False, 'config_cmd': 'DN:', 'pwm32': None, 'pwm1': 'ff', 'recycle_ms': '00', 'mode': '10', 'trigger_cmd': 'TN:', 'pwm2': 'ff', 'pulse_ms': '0A'}
2016-03-31 12:34:36,172 : DEBUG : FAST : FAST Switch hardware tuple: ('49', 1)
2016-03-31 12:34:36,172 : DEBUG : FAST : FAST Switch hardware tuple: ('4F', 1)
2016-03-31 12:34:36,172 : DEBUG : FAST : FAST Switch hardware tuple: ('14', 1)
2016-03-31 12:34:36,173 : DEBUG : FAST : FAST Switch hardware tuple: ('4D', 1)
2016-03-31 12:34:36,173 : DEBUG : FAST : FAST Switch hardware tuple: ('4E', 1)
2016-03-31 12:34:36,173 : DEBUG : FAST : FAST Switch hardware tuple: ('2E', 1)
2016-03-31 12:34:36,173 : DEBUG : FAST : FAST Switch hardware tuple: ('03', 1)
2016-03-31 12:34:36,174 : DEBUG : FAST : FAST Switch hardware tuple: ('19', 1)
2016-03-31 12:34:36,174 : DEBUG : FAST : FAST Switch hardware tuple: ('04', 1)
2016-03-31 12:34:36,174 : DEBUG : FAST : FAST Switch hardware tuple: ('2A', 1)
2016-03-31 12:34:36,174 : DEBUG : FAST : FAST Switch hardware tuple: ('02', 1)
2016-03-31 12:34:36,174 : DEBUG : FAST : FAST Switch hardware tuple: ('10', 1)
2016-03-31 12:34:36,175 : DEBUG : FAST : FAST Switch hardware tuple: ('12', 1)
2016-03-31 12:34:36,175 : DEBUG : FAST : FAST Switch hardware tuple: ('18', 1)
2016-03-31 12:34:36,175 : DEBUG : FAST : FAST Switch hardware tuple: ('01', 1)
2016-03-31 12:34:36,175 : DEBUG : FAST : FAST Switch hardware tuple: ('28', 1)
2016-03-31 12:34:36,175 : DEBUG : FAST : FAST Switch hardware tuple: ('42', 1)
2016-03-31 12:34:36,176 : DEBUG : FAST : FAST Switch hardware tuple: ('11', 1)
2016-03-31 12:34:36,176 : DEBUG : FAST : FAST Switch hardware tuple: ('2F', 1)
2016-03-31 12:34:36,176 : DEBUG : FAST : FAST Switch hardware tuple: ('4B', 1)
2016-03-31 12:34:36,176 : DEBUG : FAST : FAST Switch hardware tuple: ('41', 1)
2016-03-31 12:34:36,176 : DEBUG : FAST : FAST Switch hardware tuple: ('45', 1)
2016-03-31 12:34:36,176 : DEBUG : FAST : FAST Switch hardware tuple: ('2D', 1)
2016-03-31 12:34:36,176 : DEBUG : FAST : FAST Switch hardware tuple: ('43', 1)
2016-03-31 12:34:36,177 : DEBUG : FAST : FAST Switch hardware tuple: ('44', 1)
2016-03-31 12:34:36,177 : DEBUG : FAST : FAST Switch hardware tuple: ('16', 1)
2016-03-31 12:34:36,177 : DEBUG : FAST : FAST Switch hardware tuple: ('13', 1)
2016-03-31 12:34:36,177 : DEBUG : FAST : FAST Switch hardware tuple: ('40', 1)
2016-03-31 12:34:36,177 : DEBUG : FAST : FAST Switch hardware tuple: ('4C', 1)
2016-03-31 12:34:36,177 : DEBUG : FAST : FAST Switch hardware tuple: ('29', 1)
2016-03-31 12:34:36,178 : DEBUG : FAST : FAST Switch hardware tuple: ('1B', 1)
2016-03-31 12:34:36,178 : DEBUG : FAST : FAST Switch hardware tuple: ('00', 1)
2016-03-31 12:34:36,178 : DEBUG : FAST : FAST Switch hardware tuple: ('1A', 1)
2016-03-31 12:34:36,178 : DEBUG : FAST : FAST Switch hardware tuple: ('2B', 1)
2016-03-31 12:34:36,179 : DEBUG : FAST : FAST Switch hardware tuple: ('15', 1)
2016-03-31 12:34:36,179 : DEBUG : FAST : FAST Switch hardware tuple: ('2C', 1)
2016-03-31 12:34:36,180 : DEBUG : FAST : FAST Switch hardware tuple: ('4A', 1)
2016-03-31 12:34:36,181 : DEBUG : FAST : FAST Switch hardware tuple: ('48', 1)
2016-03-31 12:34:36,181 : DEBUG : Clock : Scheduled a recurring clock callback (callback=<bound method HardwarePlatform.update_leds of <Platform.FAST>>, timeout=0, priority=1)
2016-03-31 12:34:36,181 : DEBUG : FASTLED : Creating FAST RGB LED at hardware address: 8F
2016-03-31 12:34:36,182 : DEBUG : FASTLED : Creating FAST RGB LED at hardware address: 53
2016-03-31 12:34:36,183 : DEBUG : FASTLED : Creating FAST RGB LED at hardware address: 5C
2016-03-31 12:34:36,183 : DEBUG : FASTLED : Creating FAST RGB LED at hardware address: 46
2016-03-31 12:34:36,184 : DEBUG : FASTLED : Creating FAST RGB LED at hardware address: 55
2016-03-31 12:34:36,185 : DEBUG : FASTLED : Creating FAST RGB LED at hardware address: 8A
2016-03-31 12:34:36,185 : DEBUG : FASTLED : Creating FAST RGB LED at hardware address: 42
2016-03-31 12:34:36,185 : DEBUG : FASTLED : Creating FAST RGB LED at hardware address: 5F
2016-03-31 12:34:36,186 : DEBUG : FASTLED : Creating FAST RGB LED at hardware address: 65
2016-03-31 12:34:36,186 : DEBUG : FASTLED : Creating FAST RGB LED at hardware address: 6C
2016-03-31 12:34:36,186 : DEBUG : FASTLED : Creating FAST RGB LED at hardware address: 5E
2016-03-31 12:34:36,186 : DEBUG : FASTLED : Creating FAST RGB LED at hardware address: 58
2016-03-31 12:34:36,186 : DEBUG : FASTLED : Creating FAST RGB LED at hardware address: 4E
2016-03-31 12:34:36,187 : DEBUG : FASTLED : Creating FAST RGB LED at hardware address: 6B
2016-03-31 12:34:36,187 : DEBUG : FASTLED : Creating FAST RGB LED at hardware address: 86
2016-03-31 12:34:36,187 : DEBUG : FASTLED : Creating FAST RGB LED at hardware address: 4D
2016-03-31 12:34:36,187 : DEBUG : FASTLED : Creating FAST RGB LED at hardware address: 62
2016-03-31 12:34:36,187 : DEBUG : FASTLED : Creating FAST RGB LED at hardware address: 4F
2016-03-31 12:34:36,188 : DEBUG : FASTLED : Creating FAST RGB LED at hardware address: 48
2016-03-31 12:34:36,188 : DEBUG : FASTLED : Creating FAST RGB LED at hardware address: 5A
2016-03-31 12:34:36,188 : DEBUG : FASTLED : Creating FAST RGB LED at hardware address: 94
2016-03-31 12:34:36,188 : DEBUG : FASTLED : Creating FAST RGB LED at hardware address: 4C
2016-03-31 12:34:36,189 : DEBUG : FASTLED : Creating FAST RGB LED at hardware address: 6E
2016-03-31 12:34:36,189 : DEBUG : FASTLED : Creating FAST RGB LED at hardware address: 89
2016-03-31 12:34:36,189 : DEBUG : FASTLED : Creating FAST RGB LED at hardware address: 67
2016-03-31 12:34:36,189 : DEBUG : FASTLED : Creating FAST RGB LED at hardware address: 85
2016-03-31 12:34:36,190 : DEBUG : FASTLED : Creating FAST RGB LED at hardware address: 4A
2016-03-31 12:34:36,190 : DEBUG : FASTLED : Creating FAST RGB LED at hardware address: 51
2016-03-31 12:34:36,190 : DEBUG : FASTLED : Creating FAST RGB LED at hardware address: 5B
2016-03-31 12:34:36,190 : DEBUG : FASTLED : Creating FAST RGB LED at hardware address: 64
2016-03-31 12:34:36,191 : DEBUG : FASTLED : Creating FAST RGB LED at hardware address: 69
2016-03-31 12:34:36,191 : DEBUG : FASTLED : Creating FAST RGB LED at hardware address: 90
2016-03-31 12:34:36,192 : DEBUG : FASTLED : Creating FAST RGB LED at hardware address: 56
2016-03-31 12:34:36,192 : DEBUG : FASTLED : Creating FAST RGB LED at hardware address: 60
2016-03-31 12:34:36,192 : DEBUG : FASTLED : Creating FAST RGB LED at hardware address: 8E
2016-03-31 12:34:36,192 : DEBUG : FASTLED : Creating FAST RGB LED at hardware address: 80
2016-03-31 12:34:36,192 : DEBUG : FASTLED : Creating FAST RGB LED at hardware address: 63
2016-03-31 12:34:36,192 : DEBUG : FASTLED : Creating FAST RGB LED at hardware address: 8D
2016-03-31 12:34:36,193 : DEBUG : FASTLED : Creating FAST RGB LED at hardware address: 54
2016-03-31 12:34:36,193 : DEBUG : FASTLED : Creating FAST RGB LED at hardware address: 8C
2016-03-31 12:34:36,193 : DEBUG : FASTLED : Creating FAST RGB LED at hardware address: 83
2016-03-31 12:34:36,193 : DEBUG : FASTLED : Creating FAST RGB LED at hardware address: 43
2016-03-31 12:34:36,193 : DEBUG : FASTLED : Creating FAST RGB LED at hardware address: 87
2016-03-31 12:34:36,193 : DEBUG : FASTLED : Creating FAST RGB LED at hardware address: 91
2016-03-31 12:34:36,193 : DEBUG : FASTLED : Creating FAST RGB LED at hardware address: 6D
2016-03-31 12:34:36,193 : DEBUG : FASTLED : Creating FAST RGB LED at hardware address: 92
2016-03-31 12:34:36,194 : DEBUG : FASTLED : Creating FAST RGB LED at hardware address: 59
2016-03-31 12:34:36,194 : DEBUG : FASTLED : Creating FAST RGB LED at hardware address: 81
2016-03-31 12:34:36,194 : DEBUG : FASTLED : Creating FAST RGB LED at hardware address: 6F
2016-03-31 12:34:36,194 : DEBUG : FASTLED : Creating FAST RGB LED at hardware address: 41
2016-03-31 12:34:36,194 : DEBUG : FASTLED : Creating FAST RGB LED at hardware address: 68
2016-03-31 12:34:36,194 : DEBUG : FASTLED : Creating FAST RGB LED at hardware address: 50
2016-03-31 12:34:36,195 : DEBUG : FASTLED : Creating FAST RGB LED at hardware address: 47
2016-03-31 12:34:36,195 : DEBUG : FASTLED : Creating FAST RGB LED at hardware address: 57
2016-03-31 12:34:36,195 : DEBUG : FASTLED : Creating FAST RGB LED at hardware address: 66
2016-03-31 12:34:36,195 : DEBUG : FASTLED : Creating FAST RGB LED at hardware address: 8B
2016-03-31 12:34:36,195 : DEBUG : FASTLED : Creating FAST RGB LED at hardware address: 5D
2016-03-31 12:34:36,195 : DEBUG : FASTLED : Creating FAST RGB LED at hardware address: 44
2016-03-31 12:34:36,196 : DEBUG : FASTLED : Creating FAST RGB LED at hardware address: 4B
2016-03-31 12:34:36,197 : DEBUG : FASTLED : Creating FAST RGB LED at hardware address: 93
2016-03-31 12:34:36,197 : DEBUG : FASTLED : Creating FAST RGB LED at hardware address: 95
2016-03-31 12:34:36,198 : DEBUG : FASTLED : Creating FAST RGB LED at hardware address: 84
2016-03-31 12:34:36,198 : DEBUG : FASTLED : Creating FAST RGB LED at hardware address: 52
2016-03-31 12:34:36,198 : DEBUG : FASTLED : Creating FAST RGB LED at hardware address: 6A
2016-03-31 12:34:36,199 : DEBUG : FASTLED : Creating FAST RGB LED at hardware address: 82
2016-03-31 12:34:36,199 : DEBUG : FASTLED : Creating FAST RGB LED at hardware address: 49
2016-03-31 12:34:36,200 : DEBUG : FASTLED : Creating FAST RGB LED at hardware address: 61
2016-03-31 12:34:36,200 : DEBUG : FASTLED : Creating FAST RGB LED at hardware address: 88
2016-03-31 12:34:36,201 : DEBUG : SwitchController : Registering switch handler: s_toprightvuk, <bound method BallDevice._switch_changed of <ball_device.bd_top_right_vuk>>, state: 1, ms: 500, info: False, cb_kwargs: {}
2016-03-31 12:34:36,201 : DEBUG : SwitchController : Registering switch handler: s_toprightvuk, <bound method BallDevice._switch_changed of <ball_device.bd_top_right_vuk>>, state: 0, ms: 500, info: False, cb_kwargs: {}
2016-03-31 12:34:36,202 : DEBUG : Events : Registered BallDevice._target_ready as a handler for 'balldevice_playfield_ok_to_receive', priority: 1, kwargs: {'target': <playfield.playfield>}
2016-03-31 12:34:36,204 : DEBUG : Events : Registered BallDevice._source_device_eject_failed as a handler for 'balldevice_bd_top_kicker_ball_eject_failed', priority: 1, kwargs: {}
2016-03-31 12:34:36,204 : DEBUG : Events : Registered BallDevice._source_device_eject_attempt as a handler for 'balldevice_bd_top_kicker_ball_eject_attempt', priority: 1, kwargs: {}
2016-03-31 12:34:36,204 : DEBUG : Events : Registered BallDevice._source_device_ball_lost as a handler for 'balldevice_bd_top_kicker_ball_lost', priority: 1, kwargs: {}
2016-03-31 12:34:36,204 : DEBUG : Events : Registered BallDevice._source_device_balls_available as a handler for 'balldevice_balls_available', priority: 1, kwargs: {}
2016-03-31 12:34:36,205 : DEBUG : Events : Registered BallDevice._initialize_phase_4 as a handler for 'init_phase_4', priority: 1, kwargs: {}
2016-03-31 12:34:36,205 : DEBUG : SwitchController : Registering switch handler: s_topkicker, <bound method BallDevice._switch_changed of <ball_device.bd_top_kicker>>, state: 1, ms: 500, info: False, cb_kwargs: {}
2016-03-31 12:34:36,205 : DEBUG : SwitchController : Registering switch handler: s_topkicker, <bound method BallDevice._switch_changed of <ball_device.bd_top_kicker>>, state: 0, ms: 500, info: False, cb_kwargs: {}
2016-03-31 12:34:36,205 : DEBUG : Events : Registered BallDevice._target_ready as a handler for 'balldevice_playfield_ok_to_receive', priority: 1, kwargs: {'target': <playfield.playfield>}
2016-03-31 12:34:36,205 : DEBUG : Events : Registered BallDevice._target_ready as a handler for 'balldevice_bd_top_right_vuk_ok_to_receive', priority: 1, kwargs: {'target': <ball_device.bd_top_right_vuk>}
2016-03-31 12:34:36,206 : DEBUG : Events : Registered BallDevice._initialize_phase_4 as a handler for 'init_phase_4', priority: 1, kwargs: {}
2016-03-31 12:34:36,206 : DEBUG : SwitchController : Registering switch handler: s_lowervukopto, <bound method BallDevice._switch_changed of <ball_device.bd_lower_vuk>>, state: 1, ms: 600, info: False, cb_kwargs: {}
2016-03-31 12:34:36,206 : DEBUG : SwitchController : Registering switch handler: s_lowervukopto, <bound method BallDevice._switch_changed of <ball_device.bd_lower_vuk>>, state: 0, ms: 800, info: False, cb_kwargs: {}
2016-03-31 12:34:36,206 : DEBUG : Events : Registered BallDevice._target_ready as a handler for 'balldevice_playfield_ok_to_receive', priority: 1, kwargs: {'target': <playfield.playfield>}
2016-03-31 12:34:36,206 : DEBUG : Events : Registered BallDevice._initialize_phase_4 as a handler for 'init_phase_4', priority: 1, kwargs: {}
2016-03-31 12:34:36,206 : DEBUG : SwitchController : Registering switch handler: s_plungerlane, <bound method BallDevice._switch_changed of <ball_device.bd_plunger>>, state: 1, ms: 500, info: False, cb_kwargs: {}
2016-03-31 12:34:36,206 : DEBUG : SwitchController : Registering switch handler: s_plungerlane, <bound method BallDevice._switch_changed of <ball_device.bd_plunger>>, state: 0, ms: 1000, info: False, cb_kwargs: {}
2016-03-31 12:34:36,207 : DEBUG : Events : Registered BallDevice._target_ready as a handler for 'balldevice_playfield_ok_to_receive', priority: 1, kwargs: {'target': <playfield.playfield>}
2016-03-31 12:34:36,207 : DEBUG : Events : Registered BallDevice._source_device_eject_failed as a handler for 'balldevice_bd_trough_ball_eject_failed', priority: 1, kwargs: {}
2016-03-31 12:34:36,207 : DEBUG : Events : Registered BallDevice._source_device_eject_attempt as a handler for 'balldevice_bd_trough_ball_eject_attempt', priority: 1, kwargs: {}
2016-03-31 12:34:36,207 : DEBUG : Events : Registered BallDevice._source_device_ball_lost as a handler for 'balldevice_bd_trough_ball_lost', priority: 1, kwargs: {}
2016-03-31 12:34:36,207 : DEBUG : Events : Registered BallDevice._source_device_balls_available as a handler for 'balldevice_balls_available', priority: 1, kwargs: {}
2016-03-31 12:34:36,207 : DEBUG : Events : Registered BallDevice._source_device_eject_failed as a handler for 'balldevice_bd_drain_ball_eject_failed', priority: 1, kwargs: {}
2016-03-31 12:34:36,207 : DEBUG : Events : Registered BallDevice._source_device_eject_attempt as a handler for 'balldevice_bd_drain_ball_eject_attempt', priority: 1, kwargs: {}
2016-03-31 12:34:36,208 : DEBUG : Events : Registered BallDevice._source_device_ball_lost as a handler for 'balldevice_bd_drain_ball_lost', priority: 1, kwargs: {}
2016-03-31 12:34:36,208 : DEBUG : Events : Registered BallDevice._source_device_balls_available as a handler for 'balldevice_balls_available', priority: 1, kwargs: {}
2016-03-31 12:34:36,208 : DEBUG : Events : Registered BallDevice._initialize_phase_4 as a handler for 'init_phase_4', priority: 1, kwargs: {}
2016-03-31 12:34:36,208 : DEBUG : SwitchController : Registering switch handler: s_troughenter, <bound method BallDevice._entrance_switch_handler of <ball_device.bd_trough>>, state: 1, ms: 0, info: False, cb_kwargs: {}
2016-03-31 12:34:36,208 : DEBUG : SwitchController : Registering switch handler: s_troughenter, <bound method BallDevice._entrance_switch_full_handler of <ball_device.bd_trough>>, state: 1, ms: 3000, info: False, cb_kwargs: {}
2016-03-31 12:34:36,208 : DEBUG : Events : Registered BallDevice._target_ready as a handler for 'balldevice_bd_plunger_ok_to_receive', priority: 1, kwargs: {'target': <ball_device.bd_plunger>}
2016-03-31 12:34:36,208 : DEBUG : Events : Registered BallDevice._target_ready as a handler for 'balldevice_playfield_ok_to_receive', priority: 1, kwargs: {'target': <playfield.playfield>}
2016-03-31 12:34:36,209 : DEBUG : ball_device.bd_trough : EVENT: bd_drain to bd_trough
2016-03-31 12:34:36,209 : DEBUG : Events : Registered BallDevice._source_device_eject_failed as a handler for 'balldevice_bd_drain_ball_eject_failed', priority: 1, kwargs: {}
2016-03-31 12:34:36,209 : DEBUG : Events : Registered BallDevice._source_device_eject_attempt as a handler for 'balldevice_bd_drain_ball_eject_attempt', priority: 1, kwargs: {}
2016-03-31 12:34:36,209 : DEBUG : Events : Registered BallDevice._source_device_ball_lost as a handler for 'balldevice_bd_drain_ball_lost', priority: 1, kwargs: {}
2016-03-31 12:34:36,209 : DEBUG : Events : Registered BallDevice._source_device_balls_available as a handler for 'balldevice_balls_available', priority: 1, kwargs: {}
2016-03-31 12:34:36,209 : DEBUG : Events : Registered BallDevice._initialize_phase_4 as a handler for 'init_phase_4', priority: 1, kwargs: {}
2016-03-31 12:34:36,209 : DEBUG : SwitchController : Registering switch handler: s_drain, <bound method BallDevice._switch_changed of <ball_device.bd_drain>>, state: 1, ms: 500, info: False, cb_kwargs: {}
2016-03-31 12:34:36,210 : DEBUG : SwitchController : Registering switch handler: s_drain, <bound method BallDevice._switch_changed of <ball_device.bd_drain>>, state: 0, ms: 500, info: False, cb_kwargs: {}
2016-03-31 12:34:36,210 : DEBUG : Events : Registered BallDevice._target_ready as a handler for 'balldevice_bd_trough_ok_to_receive', priority: 1, kwargs: {'target': <ball_device.bd_trough>}
2016-03-31 12:34:36,210 : DEBUG : Events : Registered BallDevice._target_ready as a handler for 'balldevice_bd_plunger_ok_to_receive', priority: 1, kwargs: {'target': <ball_device.bd_plunger>}
2016-03-31 12:34:36,210 : DEBUG : Events : Registered BallDevice._target_ready as a handler for 'balldevice_playfield_ok_to_receive', priority: 1, kwargs: {'target': <playfield.playfield>}
2016-03-31 12:34:36,211 : DEBUG : Events : Registered BallDevice._initialize_phase_4 as a handler for 'init_phase_4', priority: 1, kwargs: {}
2016-03-31 12:34:36,211 : DEBUG : Events : Registered Playfield._source_device_eject_success as a handler for 'balldevice_bd_top_right_vuk_ball_eject_success', priority: 1, kwargs: {}
2016-03-31 12:34:36,211 : DEBUG : Events : Registered Playfield._source_device_eject_failed as a handler for 'balldevice_bd_top_right_vuk_ball_eject_failed', priority: 1, kwargs: {}
2016-03-31 12:34:36,211 : DEBUG : Events : Registered Playfield._source_device_eject_attempt as a handler for 'balldevice_bd_top_right_vuk_ball_eject_attempt', priority: 1, kwargs: {}
2016-03-31 12:34:36,211 : DEBUG : Events : Registered Playfield._source_device_eject_success as a handler for 'balldevice_bd_top_kicker_ball_eject_success', priority: 1, kwargs: {}
2016-03-31 12:34:36,211 : DEBUG : Events : Registered Playfield._source_device_eject_failed as a handler for 'balldevice_bd_top_kicker_ball_eject_failed', priority: 1, kwargs: {}
2016-03-31 12:34:36,212 : DEBUG : Events : Registered Playfield._source_device_eject_attempt as a handler for 'balldevice_bd_top_kicker_ball_eject_attempt', priority: 1, kwargs: {}
2016-03-31 12:34:36,212 : DEBUG : Events : Registered Playfield._source_device_eject_success as a handler for 'balldevice_bd_lower_vuk_ball_eject_success', priority: 1, kwargs: {}
2016-03-31 12:34:36,212 : DEBUG : Events : Registered Playfield._source_device_eject_failed as a handler for 'balldevice_bd_lower_vuk_ball_eject_failed', priority: 1, kwargs: {}
2016-03-31 12:34:36,212 : DEBUG : Events : Registered Playfield._source_device_eject_attempt as a handler for 'balldevice_bd_lower_vuk_ball_eject_attempt', priority: 1, kwargs: {}
2016-03-31 12:34:36,212 : DEBUG : Events : Registered Playfield._source_device_eject_success as a handler for 'balldevice_bd_plunger_ball_eject_success', priority: 1, kwargs: {}
2016-03-31 12:34:36,212 : DEBUG : Events : Registered Playfield._source_device_eject_failed as a handler for 'balldevice_bd_plunger_ball_eject_failed', priority: 1, kwargs: {}
2016-03-31 12:34:36,212 : DEBUG : Events : Registered Playfield._source_device_eject_attempt as a handler for 'balldevice_bd_plunger_ball_eject_attempt', priority: 1, kwargs: {}
2016-03-31 12:34:36,213 : DEBUG : Events : Registered Playfield._source_device_eject_success as a handler for 'balldevice_bd_trough_ball_eject_success', priority: 1, kwargs: {}
2016-03-31 12:34:36,213 : DEBUG : Events : Registered Playfield._source_device_eject_failed as a handler for 'balldevice_bd_trough_ball_eject_failed', priority: 1, kwargs: {}
2016-03-31 12:34:36,213 : DEBUG : Events : Registered Playfield._source_device_eject_attempt as a handler for 'balldevice_bd_trough_ball_eject_attempt', priority: 1, kwargs: {}
2016-03-31 12:34:36,213 : DEBUG : Events : Registered Playfield._source_device_eject_success as a handler for 'balldevice_bd_drain_ball_eject_success', priority: 1, kwargs: {}
2016-03-31 12:34:36,213 : DEBUG : Events : Registered Playfield._source_device_eject_failed as a handler for 'balldevice_bd_drain_ball_eject_failed', priority: 1, kwargs: {}
2016-03-31 12:34:36,213 : DEBUG : Events : Registered Playfield._source_device_eject_attempt as a handler for 'balldevice_bd_drain_ball_eject_attempt', priority: 1, kwargs: {}
2016-03-31 12:34:36,213 : DEBUG : Events : Registered Playfield._ball_removed_handler as a handler for 'balldevice_captured_from_playfield', priority: 1, kwargs: {}
2016-03-31 12:34:36,213 : DEBUG : Events : Registered Playfield.playfield_switch_hit as a handler for 'sw_playfield_active', priority: 1, kwargs: {}
2016-03-31 12:34:36,214 : DEBUG : Events : Registered DropTarget._update_state_from_switch as a handler for 'init_phase_4', priority: 1, kwargs: {}
2016-03-31 12:34:36,214 : DEBUG : Events : Registered DropTarget._register_switch_handlers as a handler for 'init_phase_4', priority: 1, kwargs: {}
2016-03-31 12:34:36,214 : DEBUG : Events : Registered DropTarget._update_state_from_switch as a handler for 'init_phase_4', priority: 1, kwargs: {}
2016-03-31 12:34:36,214 : DEBUG : Events : Registered DropTarget._register_switch_handlers as a handler for 'init_phase_4', priority: 1, kwargs: {}
2016-03-31 12:34:36,214 : DEBUG : Events : Registered DropTarget._update_state_from_switch as a handler for 'init_phase_4', priority: 1, kwargs: {}
2016-03-31 12:34:36,214 : DEBUG : Events : Registered DropTarget._register_switch_handlers as a handler for 'init_phase_4', priority: 1, kwargs: {}
2016-03-31 12:34:36,214 : DEBUG : Events : Registered DropTarget._update_state_from_switch as a handler for 'init_phase_4', priority: 1, kwargs: {}
2016-03-31 12:34:36,215 : DEBUG : Events : Registered DropTarget._register_switch_handlers as a handler for 'init_phase_4', priority: 1, kwargs: {}
2016-03-31 12:34:36,215 : DEBUG : Events : Registered DropTarget._update_state_from_switch as a handler for 'init_phase_4', priority: 1, kwargs: {}
2016-03-31 12:34:36,215 : DEBUG : Events : Registered DropTarget._register_switch_handlers as a handler for 'init_phase_4', priority: 1, kwargs: {}
2016-03-31 12:34:36,215 : DEBUG : Events : ^^^^ Posted event 'drop_targets_up'. Type: None, Callback: None, Args: {}
2016-03-31 12:34:36,215 : DEBUG : Events : ============== EVENTS QUEUE =============
2016-03-31 12:34:36,215 : DEBUG : Events : drop_targets_up, None, None, {}
2016-03-31 12:34:36,215 : DEBUG : Events : =========================================
2016-03-31 12:34:36,216 : DEBUG : Events : Registered Diverter._feeder_eject_attempt as a handler for 'balldevice_playfield_ball_eject_attempt', priority: 1, kwargs: {}
2016-03-31 12:34:36,216 : DEBUG : Events : Registered Diverter._feeder_eject_count_decrease as a handler for 'balldevice_playfield_ball_eject_failed', priority: 1, kwargs: {}
2016-03-31 12:34:36,216 : DEBUG : Events : Registered Diverter._feeder_eject_count_decrease as a handler for 'balldevice_playfield_ball_eject_success', priority: 1, kwargs: {}
2016-03-31 12:34:36,216 : DEBUG : Events : Registered Diverter._register_switches as a handler for 'init_phase_3', priority: 1, kwargs: {}
2016-03-31 12:34:36,216 : DEBUG : Events : Registered Diverter._feeder_eject_attempt as a handler for 'balldevice_playfield_ball_eject_attempt', priority: 1, kwargs: {}
2016-03-31 12:34:36,217 : DEBUG : Events : Registered Diverter._feeder_eject_count_decrease as a handler for 'balldevice_playfield_ball_eject_failed', priority: 1, kwargs: {}
2016-03-31 12:34:36,217 : DEBUG : Events : Registered Diverter._feeder_eject_count_decrease as a handler for 'balldevice_playfield_ball_eject_success', priority: 1, kwargs: {}
2016-03-31 12:34:36,217 : DEBUG : Events : Registered Diverter._register_switches as a handler for 'init_phase_3', priority: 1, kwargs: {}
2016-03-31 12:34:36,217 : DEBUG : Events : ConfigPlayer._initialize (priority: 1) responding to event 'init_phase_1' with args {}
2016-03-31 12:34:36,217 : DEBUG : Mode Controller : Registering <bound method ConfigPlayer.mode_start of ConfigPlayer.bcp> as a mode start method. Config section: bcp_player, priority: 0, kwargs: {}
2016-03-31 12:34:36,217 : DEBUG : Events : ConfigPlayer._initialize (priority: 1) responding to event 'init_phase_1' with args {}
2016-03-31 12:34:36,217 : DEBUG : Mode Controller : Registering <bound method ConfigPlayer.mode_start of ConfigPlayer.gis> as a mode start method. Config section: gi_player, priority: 0, kwargs: {}
2016-03-31 12:34:36,218 : DEBUG : Events : ConfigPlayer._initialize (priority: 1) responding to event 'init_phase_1' with args {}
2016-03-31 12:34:36,218 : DEBUG : Mode Controller : Registering <bound method ConfigPlayer.mode_start of ConfigPlayer.random_events> as a mode start method. Config section: random_event_player, priority: 0, kwargs: {}
2016-03-31 12:34:36,218 : DEBUG : Events : ConfigPlayer._initialize (priority: 1) responding to event 'init_phase_1' with args {}
2016-03-31 12:34:36,218 : DEBUG : Mode Controller : Registering <bound method ConfigPlayer.mode_start of ConfigPlayer.coils> as a mode start method. Config section: coil_player, priority: 0, kwargs: {}
2016-03-31 12:34:36,218 : DEBUG : Events : ConfigPlayer._initialize (priority: 1) responding to event 'init_phase_1' with args {}
2016-03-31 12:34:36,218 : DEBUG : Mode Controller : Registering <bound method ConfigPlayer.mode_start of ConfigPlayer.flashers> as a mode start method. Config section: flasher_player, priority: 0, kwargs: {}
2016-03-31 12:34:36,218 : DEBUG : Events : ConfigPlayer._initialize (priority: 1) responding to event 'init_phase_1' with args {}
2016-03-31 12:34:36,218 : DEBUG : Mode Controller : Registering <bound method ConfigPlayer.mode_start of ConfigPlayer.shows> as a mode start method. Config section: show_player, priority: 0, kwargs: {}
2016-03-31 12:34:36,219 : DEBUG : Events : ConfigPlayer._initialize (priority: 1) responding to event 'init_phase_1' with args {}
2016-03-31 12:34:36,219 : DEBUG : Mode Controller : Registering <bound method ConfigPlayer.mode_start of ConfigPlayer.triggers> as a mode start method. Config section: trigger_player, priority: 0, kwargs: {}
2016-03-31 12:34:36,219 : DEBUG : Events : ConfigPlayer._initialize (priority: 1) responding to event 'init_phase_1' with args {}
2016-03-31 12:34:36,219 : DEBUG : Mode Controller : Registering <bound method ConfigPlayer.mode_start of ConfigPlayer.events> as a mode start method. Config section: event_player, priority: 0, kwargs: {}
2016-03-31 12:34:36,219 : DEBUG : Events : ConfigPlayer._initialize (priority: 1) responding to event 'init_phase_1' with args {}
2016-03-31 12:34:36,219 : DEBUG : Mode Controller : Registering <bound method ConfigPlayer.mode_start of ConfigPlayer.leds> as a mode start method. Config section: led_player, priority: 0, kwargs: {}
2016-03-31 12:34:36,219 : DEBUG : Events : ConfigPlayer._initialize (priority: 1) responding to event 'init_phase_1' with args {}
2016-03-31 12:34:36,220 : DEBUG : Mode Controller : Registering <bound method ConfigPlayer.mode_start of ConfigPlayer.lights> as a mode start method. Config section: light_player, priority: 0, kwargs: {}
2016-03-31 12:34:36,220 : DEBUG : Events : vvvv Finished event 'init_phase_1'. Type: None. Callback: None. Args: {}
2016-03-31 12:34:36,220 : DEBUG : Events : ^^^^ Processing event 'drop_targets_up'. Type: None, Callback: None, Args: {}
2016-03-31 12:34:36,220 : DEBUG : Events : vvvv Finished event 'drop_targets_up'. Type: None. Callback: None. Args: {}
2016-03-31 12:34:36,220 : DEBUG : Events : ^^^^ Posted event 'init_phase_2'. Type: None, Callback: None, Args: {}
2016-03-31 12:34:36,220 : DEBUG : Events : ============== EVENTS QUEUE =============
2016-03-31 12:34:36,220 : DEBUG : Events : init_phase_2, None, None, {}
2016-03-31 12:34:36,220 : DEBUG : Events : =========================================
2016-03-31 12:34:36,220 : DEBUG : Events : ^^^^ Processing event 'init_phase_2'. Type: None, Callback: None, Args: {}
2016-03-31 12:34:36,221 : DEBUG : Events : SwitchController._initialize_switches (priority: 1000) responding to event 'init_phase_2' with args {}
2016-03-31 12:34:36,233 : INFO : FAST : Received SA: 01,00,0B,00002400002D00001F0100
2016-03-31 12:34:36,234 : DEBUG : Events : ModeController._load_modes (priority: 1) responding to event 'init_phase_2' with args {}
2016-03-31 12:34:36,235 : DEBUG : Mode Controller : Found MPF Mode folders: {'game': 'game', 'credits': 'credits', 'high_score': 'high_score', 'tilt': 'tilt', 'attract': 'attract'}
2016-03-31 12:34:36,236 : DEBUG : Mode Controller : Found Machine-specific Mode folders: {'hilo': 'hilo', 'jukebox_hurryup': 'jukebox_hurryup', 'light_hilo': 'light_hilo', 'base': 'base'}
2016-03-31 12:34:36,236 : DEBUG : Mode Controller : Processing mode: game
2016-03-31 12:34:36,237 : DEBUG : YAML File Interface : Loading file: /Users/gabe/pinball/mpf30/mpf/modes/game/config/game.yaml
2016-03-31 12:34:36,239 : DEBUG : Mode Controller : Loading config from /Users/gabe/pinball/mpf30/mpf/modes/game/config/game.yaml
2016-03-31 12:34:36,241 : DEBUG : Events : Registered Mode.start as a handler for 'game_start', priority: 20, kwargs: {}
2016-03-31 12:34:36,241 : DEBUG : Mode Controller : Loaded code from mpf.modes.game.code.game
2016-03-31 12:34:36,242 : DEBUG : Mode Controller : Processing mode: base
2016-03-31 12:34:36,242 : DEBUG : YAML File Interface : Loading file: /Users/gabe/Dropbox/Pinball/Gabe/bnd/modes/base/config/base.yaml
2016-03-31 12:34:36,245 : DEBUG : Mode Controller : Loading config from /Users/gabe/Dropbox/Pinball/Gabe/bnd/modes/base/config/base.yaml
2016-03-31 12:34:36,250 : ERROR : root : 'base'
Traceback (most recent call last):
  File "/Users/gabe/pinball/mpf30/mpf/core/mode_controller.py", line 182, in _load_mode
    config['mode']['code'].split('.')[0])
  File "/Applications/Kivy.app/Contents/Frameworks/python/3.5.0/lib/python3.5/importlib/__init__.py", line 126, in import_module
    return _bootstrap._gcd_import(name[level:], package, level)
  File "<frozen importlib._bootstrap>", line 986, in _gcd_import
  File "<frozen importlib._bootstrap>", line 969, in _find_and_load
  File "<frozen importlib._bootstrap>", line 958, in _find_and_load_unlocked
  File "<frozen importlib._bootstrap>", line 673, in _load_unlocked
  File "<frozen importlib._bootstrap_external>", line 662, in exec_module
  File "<frozen importlib._bootstrap>", line 222, in _call_with_frames_removed
  File "/Users/gabe/Dropbox/Pinball/Gabe/bnd/modes/base/code/base.py", line 1, in <module>
    from mpf.system.modes import Mode
ImportError: No module named 'mpf.system'

During handling of the above exception, another exception occurred:

Traceback (most recent call last):
  File "/Users/gabe/pinball/mpf30/mpf/commands/core.py", line 133, in __init__
    MachineController(mpf_path, machine_path, vars(args)).run()
  File "/Users/gabe/pinball/mpf30/mpf/core/machine.py", line 111, in __init__
    self._run_init_phases()
  File "/Users/gabe/pinball/mpf30/mpf/core/machine.py", line 129, in _run_init_phases
    self.events.process_event_queue()
  File "/Users/gabe/pinball/mpf30/mpf/core/events.py", line 477, in process_event_queue
    **event[3])
  File "/Users/gabe/pinball/mpf30/mpf/core/events.py", line 412, in _process_event
    result = handler[0](**merged_kwargs)
  File "/Users/gabe/pinball/mpf30/mpf/core/mode_controller.py", line 88, in _load_modes
    self.machine.modes[mode] = self._load_mode(mode.lower())
  File "/Users/gabe/pinball/mpf30/mpf/core/mode_controller.py", line 197, in _load_mode
    self._mpf_mode_folders[mode_string] + '.code.' +
KeyError: 'base'
