2016-03-25 00:09:39,796 : INFO : Machine : Mission Pinball Framework v0.30.0.dev700
2016-03-25 00:09:39,796 : INFO : Machine : Loading cached config: /Users/gabe/Dropbox/Pinball/Gabe/bnd/__mpfcache__/config_config.p
2016-03-25 00:09:39,803 : INFO : FAST : Configuring FAST hardware.
2016-03-25 00:09:39,803 : INFO : Machine : Loading core modules...
2016-03-25 00:09:40,004 : INFO : FAST : Configuring FAST Controller for FAST IO boards.
2016-03-25 00:09:40,004 : INFO : FAST : Connecting to /dev/tty.usbserial-141C at 921600bps
2016-03-25 00:09:41,521 : INFO : FAST : Received ID acknowledgement. Processor: RGB, Board: FP-CPU-002-2, Firmware: 01.00
2016-03-25 00:09:41,523 : INFO : FAST : Connecting to /dev/tty.usbserial-141B at 921600bps
2016-03-25 00:09:43,041 : INFO : FAST : Received ID acknowledgement. Processor: NET, Board: FP-CPU-002-2, Firmware: 01.00
2016-03-25 00:09:43,057 : INFO : FAST : Fast IO Board 00: Model: FP-I/O-3208-2, Firmware: 01.00, Switches: 32, Drivers: 8
2016-03-25 00:09:43,073 : INFO : FAST : Fast IO Board 01: Model: FP-I/O-3208-2, Firmware: 01.00, Switches: 32, Drivers: 8
2016-03-25 00:09:43,089 : INFO : FAST : Fast IO Board 02: Model: FP-I/O-1616-2, Firmware: 01.00, Switches: 16, Drivers: 16
2016-03-25 00:09:43,174 : INFO : DeviceManager : Loading devices...
2016-03-25 00:09:43,226 : INFO : FAST : Received SA: 01,00,0B,00002400002D0000020100
2016-03-25 00:09:43,239 : INFO : Machine : Loading plugins...
2016-03-25 00:09:43,254 : INFO : SwitchController : Dumping current active switches
2016-03-25 00:09:43,254 : INFO : SwitchController : Active Switch|s_troughenter
2016-03-25 00:09:43,254 : INFO : SwitchController : Active Switch|s_droptarget2
2016-03-25 00:09:43,254 : INFO : SwitchController : Active Switch|s_drain
2016-03-25 00:09:43,254 : INFO : FAST : Received SA: 01,00,0B,00002400002D0000020100
2016-03-25 00:09:43,255 : INFO : Mode.attract : Mode Starting. Priority: 10
2016-03-25 00:09:43,255 : INFO : Mode Controller : +=========== ACTIVE MODES ============+
2016-03-25 00:09:43,255 : INFO : Mode Controller : | attract : 10                        |
2016-03-25 00:09:43,256 : INFO : Mode Controller : +-------------------------------------+
2016-03-25 00:09:46,914 : INFO : SwitchController : <<<<< switch: s_start, State:1 >>>>>
2016-03-25 00:09:47,054 : INFO : SwitchController : <<<<< switch: s_start, State:0 >>>>>
2016-03-25 00:09:47,055 : INFO : Mode.game : Mode Starting. Priority: 20
2016-03-25 00:09:47,056 : INFO : Mode Controller : +=========== ACTIVE MODES ============+
2016-03-25 00:09:47,056 : INFO : Mode Controller : +-------------------------------------+
2016-03-25 00:09:47,056 : INFO : Mode Controller : +=========== ACTIVE MODES ============+
2016-03-25 00:09:47,057 : INFO : Mode Controller : | game : 20                           |
2016-03-25 00:09:47,057 : INFO : Mode Controller : +-------------------------------------+
2016-03-25 00:09:47,058 : INFO : Mode.game : Player added successfully. Total players: 1
2016-03-25 00:09:47,059 : INFO : Mode.game : ***************************************************
2016-03-25 00:09:47,060 : INFO : Mode.game : ****************** BALL STARTING ******************
2016-03-25 00:09:47,060 : INFO : Mode.game : **                                               **
2016-03-25 00:09:47,060 : INFO : Mode.game : **    Player: 1    Ball: 1   Score: 0            **
2016-03-25 00:09:47,061 : INFO : Mode.game : **                                               **
2016-03-25 00:09:47,061 : INFO : Mode.game : ***************************************************
2016-03-25 00:09:47,061 : INFO : Mode.game : ***************************************************
2016-03-25 00:09:47,133 : INFO : SwitchController : <<<<< switch: s_droptarget4, State:1 >>>>>
2016-03-25 00:09:47,147 : INFO : SwitchController : <<<<< switch: s_droptarget4, State:0 >>>>>
2016-03-25 00:09:55,839 : INFO : Machine : Actual MPF loop rate: 68.47 Hz
2016-03-25 00:09:55,839 : INFO : root : MPF run loop ended.
