2016-03-25 22:38:11,035 : INFO : Machine : Mission Pinball Framework v0.30.0.dev801
2016-03-25 22:38:11,036 : INFO : Machine : Loading config from original files
2016-03-25 22:38:11,135 : INFO : Machine : Machine config file #1: /Users/gabe/Dropbox/Pinball/Gabe/bnd/config/config
2016-03-25 22:38:11,298 : INFO : Machine : Config file cache created: /Users/gabe/Dropbox/Pinball/Gabe/bnd/__mpfcache__/config_config.p
2016-03-25 22:38:11,304 : INFO : FAST : Configuring FAST hardware.
2016-03-25 22:38:11,304 : INFO : Machine : Loading core modules...
2016-03-25 22:38:11,504 : INFO : FAST : Configuring FAST Controller for FAST IO boards.
2016-03-25 22:38:11,504 : INFO : FAST : Connecting to /dev/tty.usbserial-141C at 921600bps
2016-03-25 22:38:13,020 : INFO : FAST : Received ID acknowledgement. Processor: RGB, Board: FP-CPU-002-2, Firmware: 01.00
2016-03-25 22:38:13,021 : INFO : FAST : Connecting to /dev/tty.usbserial-141B at 921600bps
2016-03-25 22:38:14,539 : INFO : FAST : Received ID acknowledgement. Processor: NET, Board: FP-CPU-002-2, Firmware: 01.00
2016-03-25 22:38:14,554 : INFO : FAST : Fast IO Board 00: Model: FP-I/O-3208-2, Firmware: 01.00, Switches: 32, Drivers: 8
2016-03-25 22:38:14,571 : INFO : FAST : Fast IO Board 01: Model: FP-I/O-3208-2, Firmware: 01.00, Switches: 32, Drivers: 8
2016-03-25 22:38:14,586 : INFO : FAST : Fast IO Board 02: Model: FP-I/O-1616-2, Firmware: 01.00, Switches: 16, Drivers: 16
2016-03-25 22:38:14,673 : INFO : DeviceManager : Loading devices...
2016-03-25 22:38:14,739 : INFO : FAST : Received SA: 01,00,0B,00002400002D0000020100
2016-03-25 22:38:14,740 : INFO : FAST : Received SA: 01,00,0B,00002400002D0000020100
2016-03-25 22:38:14,752 : WARNING : BCPClientSocket.local_display : Failed to connect to remote BCP host localhost:5050. Error: [Errno 61] Connection refused
2016-03-25 22:38:14,754 : WARNING : BCPClientSocket.local_display : Failed to connect to remote BCP host localhost:5050. Error: [Errno 61] Connection refused
2016-03-25 22:38:14,754 : INFO : Machine : Loading plugins...
2016-03-25 22:38:14,771 : WARNING : BCPClientSocket.local_display : Failed to connect to remote BCP host localhost:5050. Error: [Errno 61] Connection refused
2016-03-25 22:38:14,771 : INFO : SwitchController : Dumping current active switches
2016-03-25 22:38:14,771 : INFO : SwitchController : Active Switch|s_drain
2016-03-25 22:38:14,772 : INFO : SwitchController : Active Switch|s_droptarget2
2016-03-25 22:38:14,772 : INFO : SwitchController : Active Switch|s_troughenter
2016-03-25 22:38:14,772 : INFO : Mode.attract : Mode Starting. Priority: 10
2016-03-25 22:38:14,777 : WARNING : BCPClientSocket.local_display : Failed to connect to remote BCP host localhost:5050. Error: [Errno 61] Connection refused
2016-03-25 22:38:14,777 : INFO : Mode Controller : +=========== ACTIVE MODES ============+
2016-03-25 22:38:14,778 : INFO : Mode Controller : | attract : 10                        |
2016-03-25 22:38:14,779 : INFO : Mode Controller : +-------------------------------------+
2016-03-25 22:38:16,518 : INFO : Machine : Actual MPF loop rate: 68.92 Hz
2016-03-25 22:38:16,518 : INFO : root : MPF run loop ended.
