2016-03-14 13:01:25,366 : INFO : Machine : Mission Pinball Framework v0.30.0.dev615
2016-03-14 13:01:25,366 : DEBUG : Machine : Command line arguments: {'no_load_cache': False, 'loglevel': 10, 'bcp': True, 'configfile': ['config'], 'pause': True, 'force_platform': None, 'create_config_cache': True, 'consoleloglevel': True, 'mpfconfigfile': '/Users/gabe/pinball/mpf30/mpf/mpfconfig.yaml', 'logfile': 'logs/2016-03-14-13-01-25-mpf-Gabriels-MacBook-Pro.local.log'}
2016-03-14 13:01:25,366 : DEBUG : Machine : Python version: 3.5.0
2016-03-14 13:01:25,367 : DEBUG : Machine : Platform: darwin
2016-03-14 13:01:25,367 : DEBUG : Machine : Python executable location: /Applications/Kivy.app/Contents/Resources/python
2016-03-14 13:01:25,367 : DEBUG : Machine : 32-bit Python? False
2016-03-14 13:01:25,367 : DEBUG : Clock : Starting clock (maximum frames per second=60.0)
2016-03-14 13:01:25,367 : DEBUG : Clock : Scheduled a recurring clock callback (callback=<bound method MachineController._check_crash_queue of <mpf.core.machine.MachineController object at 0x103b859b0>>, timeout=1, priority=1)
2016-03-14 13:01:25,367 : DEBUG : Machine : Machine path: /Users/gabe/Dropbox/Pinball/Gabe/bnd
2016-03-14 13:01:25,368 : INFO : Machine : Loading cached config: /Users/gabe/Dropbox/Pinball/Gabe/bnd/__mpfcache__/config_config.p
2016-03-14 13:01:25,374 : INFO : FAST : Configuring FAST hardware.
2016-03-14 13:01:25,374 : DEBUG : Machine : Setting default platform to 'fast'
2016-03-14 13:01:25,374 : INFO : Machine : Loading core modules...
2016-03-14 13:01:25,374 : DEBUG : Machine : Loading 'mpf.core.events.EventManager' core module
2016-03-14 13:01:25,376 : DEBUG : Machine : Loading 'mpf.core.mode_controller.ModeController' core module
2016-03-14 13:01:25,378 : DEBUG : Events : Registered ModeController._load_modes as a handler for 'init_phase_2', priority: 1, kwargs: {}
2016-03-14 13:01:25,378 : DEBUG : Events : Registered ModeController._ball_ending as a handler for 'ball_ending', priority: 0, kwargs: {}
2016-03-14 13:01:25,378 : DEBUG : Events : Registered ModeController._ball_starting as a handler for 'ball_starting', priority: 0, kwargs: {}
2016-03-14 13:01:25,379 : DEBUG : Events : Registered ModeController._player_added as a handler for 'player_add_success', priority: 0, kwargs: {}
2016-03-14 13:01:25,379 : DEBUG : Events : Registered ModeController._player_turn_start as a handler for 'player_turn_start', priority: 1000000, kwargs: {}
2016-03-14 13:01:25,379 : DEBUG : Events : Registered ModeController._player_turn_stop as a handler for 'player_turn_stop', priority: 1000000, kwargs: {}
2016-03-14 13:01:25,379 : DEBUG : Machine : Loading 'mpf.core.config_processor.ConfigProcessor' core module
2016-03-14 13:01:25,379 : DEBUG : Machine : Loading 'mpf.core.shot_profile_manager.ShotProfileManager' core module
2016-03-14 13:01:25,380 : DEBUG : ShotProfileManager : Registering Shot Profile: 'default'
2016-03-14 13:01:25,569 : DEBUG : ShotProfileManager : Processed 'default' profile configuration: {'state_names_to_not_rotate': [], 'states': [{'loops': 0, 'blend': False, 'show': None, 'name': 'unlit', 'script': 'off', 'hold': 'True', 'repeat': 'True', 'reset': False, 'sync_ms': 0, 'speed': 1.0}, {'loops': 0, 'blend': False, 'show': None, 'name': 'lit', 'script': 'on', 'hold': 'True', 'repeat': 'True', 'reset': False, 'sync_ms': 0, 'speed': 1.0}], 'block': 'true', 'player_variable': '%_default', 'loop': False, 'state_names_to_rotate': [], 'show_when_disabled': 'True', 'rotation_pattern': deque(['right']), 'show': None}
2016-03-14 13:01:25,569 : DEBUG : Mode Controller : Registering <bound method ShotProfileManager.mode_start_for_shots of <mpf.core.shot_profile_manager.ShotProfileManager object at 0x103a508d0>> as a mode start method. Config section: shots, priority: 0, kwargs: {}
2016-03-14 13:01:25,569 : DEBUG : Mode Controller : Registering <bound method ShotProfileManager.mode_start_for_shot_groups of <mpf.core.shot_profile_manager.ShotProfileManager object at 0x103a508d0>> as a mode start method. Config section: shot_groups, priority: 0, kwargs: {}
2016-03-14 13:01:25,569 : DEBUG : Events : Registered ShotProfileManager._player_turn_start as a handler for 'player_turn_start', priority: 1000000, kwargs: {}
2016-03-14 13:01:25,569 : DEBUG : Events : Registered ShotProfileManager._player_turn_stop as a handler for 'player_turn_stop', priority: 0, kwargs: {}
2016-03-14 13:01:25,569 : DEBUG : Machine : Loading 'mpf.core.device_manager.DeviceManager' core module
2016-03-14 13:01:25,570 : DEBUG : Events : Registered DeviceManager._load_device_modules as a handler for 'init_phase_1', priority: 1, kwargs: {}
2016-03-14 13:01:25,570 : DEBUG : Events : Registered DeviceManager.create_machinewide_device_control_events as a handler for 'init_phase_2', priority: 1, kwargs: {}
2016-03-14 13:01:25,570 : DEBUG : Events : Registered DeviceManager.create_collection_control_events as a handler for 'init_phase_2', priority: 1, kwargs: {}
2016-03-14 13:01:25,570 : DEBUG : Machine : Loading 'mpf.core.switch_controller.SwitchController' core module
2016-03-14 13:01:25,571 : DEBUG : Clock : Scheduled a recurring clock callback (callback=<bound method SwitchController._tick of <mpf.core.switch_controller.SwitchController object at 0x103c4a160>>, timeout=0, priority=1000)
2016-03-14 13:01:25,571 : DEBUG : Events : Registered SwitchController._initialize_switches as a handler for 'init_phase_2', priority: 1000, kwargs: {}
2016-03-14 13:01:25,571 : DEBUG : Events : Registered SwitchController.log_active_switches as a handler for 'machine_reset_phase_3', priority: 1, kwargs: {}
2016-03-14 13:01:25,571 : DEBUG : Machine : Loading 'mpf.core.ball_controller.BallController' core module
2016-03-14 13:01:25,571 : DEBUG : BallController : Loading the BallController
2016-03-14 13:01:25,571 : DEBUG : Events : Registered BallController.request_to_start_game as a handler for 'request_to_start_game', priority: 1, kwargs: {}
2016-03-14 13:01:25,572 : DEBUG : Events : Registered BallController._initialize as a handler for 'machine_reset_phase_2', priority: 1, kwargs: {}
2016-03-14 13:01:25,572 : DEBUG : Events : Registered BallController._init2 as a handler for 'init_phase_2', priority: 1, kwargs: {}
2016-03-14 13:01:25,572 : DEBUG : Machine : Loading 'mpf.core.assets.AssetManager' core module
2016-03-14 13:01:25,573 : DEBUG : Mode Controller : Registering <bound method AssetManager._load_mode_assets of <mpf.core.assets.AssetManager object at 0x103c4a8d0>> as a mode start method. Config section: None, priority: 0, kwargs: {}
2016-03-14 13:01:25,573 : DEBUG : Events : Registered AssetManager._create_assets as a handler for 'init_phase_3', priority: 1, kwargs: {}
2016-03-14 13:01:25,573 : DEBUG : Events : Registered AssetManager._bcp_client_asset_load as a handler for 'assets_to_load', priority: 1, kwargs: {}
2016-03-14 13:01:25,573 : DEBUG : Machine : Loading 'mpf.core.show_controller.ShowController' core module
2016-03-14 13:01:25,574 : DEBUG : Clock : Scheduled a recurring clock callback (callback=<bound method ShowController._tick of <mpf.core.show_controller.ShowController object at 0x103cc2128>>, timeout=0, priority=1)
2016-03-14 13:01:25,575 : DEBUG : Events : Registered ShowController._initialize as a handler for 'init_phase_3', priority: 1, kwargs: {}
2016-03-14 13:01:25,575 : DEBUG : Machine : Loading 'mpf.core.bcp.BCP' core module
2016-03-14 13:01:25,575 : DEBUG : Events : Registered BCP.bcp_trigger as a handler for 'ball_started', priority: 1, kwargs: {'name': 'ball_started'}
2016-03-14 13:01:25,575 : DEBUG : Events : Registered BCP.bcp_trigger as a handler for 'ball_ended', priority: 1, kwargs: {'name': 'ball_ended'}
2016-03-14 13:01:25,575 : DEBUG : Events : Registered BCP.bcp_trigger as a handler for 'player_add_success', priority: 1, kwargs: {'name': 'player_add_success'}
2016-03-14 13:01:25,575 : DEBUG : Events : Registered BCP._bcp_event_callback as a handler for 'slam_tilt', priority: 1, kwargs: {'command': 'slam_tilt'}
2016-03-14 13:01:25,576 : DEBUG : Events : Registered BCP._bcp_event_callback as a handler for 'tilt_warning', priority: 1, kwargs: {'params': {'warnings': '%warnings', 'warnings_remaining': '%warnings_remaining'}, 'command': 'tilt_warning'}
2016-03-14 13:01:25,576 : DEBUG : Events : Registered BCP._bcp_event_callback as a handler for 'ball_ending', priority: 1, kwargs: {'command': 'ball_end'}
2016-03-14 13:01:25,576 : DEBUG : Events : Registered BCP._bcp_event_callback as a handler for 'ball_started', priority: 1, kwargs: {'params': {'ball': '%ball', 'player_num': '%player'}, 'command': 'ball_start'}
2016-03-14 13:01:25,576 : DEBUG : Events : Registered BCP._bcp_event_callback as a handler for 'tilt', priority: 1, kwargs: {'command': 'tilt'}
2016-03-14 13:01:25,576 : DEBUG : Events : Registered BCP._bcp_event_callback as a handler for 'player_turn_start', priority: 1, kwargs: {'params': {'player_num': '%number'}, 'command': 'player_turn_start'}
2016-03-14 13:01:25,576 : DEBUG : Events : Registered BCP.bcp_trigger as a handler for 'player_score', priority: 1, kwargs: {'name': 'player_score'}
2016-03-14 13:01:25,576 : DEBUG : Events : Registered BCP._setup_bcp_connections as a handler for 'init_phase_2', priority: 1, kwargs: {}
2016-03-14 13:01:25,577 : DEBUG : Clock : Scheduled a recurring clock callback (callback=<bound method BCP.get_bcp_messages of <BCP Module>>, timeout=0, priority=1)
2016-03-14 13:01:25,577 : DEBUG : Events : Registered BCP.bcp_player_added as a handler for 'player_add_success', priority: 1, kwargs: {}
2016-03-14 13:01:25,577 : DEBUG : Events : Registered BCP.bcp_reset as a handler for 'machine_reset_phase_1', priority: 1, kwargs: {}
2016-03-14 13:01:25,577 : DEBUG : Events : Registered BCP.increase_volume as a handler for 'increase_volume', priority: 1, kwargs: {}
2016-03-14 13:01:25,577 : DEBUG : Events : Registered BCP.decrease_volume as a handler for 'decrease_volume', priority: 1, kwargs: {}
2016-03-14 13:01:25,577 : DEBUG : Events : Registered BCP.enable_volume_keys as a handler for 'enable_volume_keys', priority: 1, kwargs: {}
2016-03-14 13:01:25,577 : DEBUG : Events : Registered BCP.disable_volume_keys as a handler for 'disable_volume_keys', priority: 1, kwargs: {}
2016-03-14 13:01:25,578 : DEBUG : Events : Registered BCP.get_led_coordinates as a handler for 'bcp_get_led_coordinates', priority: 1, kwargs: {}
2016-03-14 13:01:25,578 : DEBUG : Mode Controller : Registering <bound method BCP.bcp_mode_start of <BCP Module>> as a mode start method. Config section: mode, priority: 0, kwargs: {}
2016-03-14 13:01:25,578 : DEBUG : Machine : Loading 'mpf.core.logic_blocks.LogicBlocks' core module
2016-03-14 13:01:25,578 : DEBUG : Mode Controller : Registering <bound method LogicBlocks._process_config of <mpf.core.logic_blocks.LogicBlocks object at 0x103cdf358>> as a mode start method. Config section: logic_blocks, priority: 0, kwargs: {}
2016-03-14 13:01:25,579 : DEBUG : Events : Registered LogicBlocks._create_player_logic_blocks as a handler for 'player_add_success', priority: 1, kwargs: {}
2016-03-14 13:01:25,579 : DEBUG : Events : Registered LogicBlocks.player_turn_start as a handler for 'player_turn_start', priority: 1, kwargs: {}
2016-03-14 13:01:25,579 : DEBUG : Events : Registered LogicBlocks.player_turn_stop as a handler for 'player_turn_stop', priority: 1, kwargs: {}
2016-03-14 13:01:25,579 : DEBUG : Machine : Loading 'mpf.core.scoring.ScoreController' core module
2016-03-14 13:01:25,579 : DEBUG : Score : Loading the Score Controller
2016-03-14 13:01:25,579 : DEBUG : Mode Controller : Registering <bound method ScoreController.mode_start of <mpf.core.scoring.ScoreController object at 0x103d13128>> as a mode start method. Config section: scoring, priority: 0, kwargs: {}
2016-03-14 13:01:25,580 : INFO : FAST : Configuring FAST Controller for FAST IO boards.
2016-03-14 13:01:25,580 : INFO : FAST : Connecting to /dev/tty.usbserial-141C at 921600bps
2016-03-14 13:01:27,083 : DEBUG : FAST : Sending 'ID:' command to port '/dev/tty.usbserial-141C'
2016-03-14 13:01:28,101 : INFO : FAST : Received ID acknowledgement. Processor: RGB, Board: FP-CPU-002-2, Firmware: 00.88
2016-03-14 13:01:28,102 : INFO : FAST : Connecting to /dev/tty.usbserial-141A at 921600bps
2016-03-14 13:01:29,604 : DEBUG : FAST : Sending 'ID:' command to port '/dev/tty.usbserial-141A'
2016-03-14 13:01:30,619 : INFO : FAST : Received ID acknowledgement. Processor: DMD, Board: FP-CPU-002-2, Firmware: 00.88
2016-03-14 13:01:30,621 : INFO : FAST : Connecting to /dev/tty.usbserial-141B at 921600bps
2016-03-14 13:01:32,122 : DEBUG : FAST : Sending 'ID:' command to port '/dev/tty.usbserial-141B'
2016-03-14 13:01:33,142 : INFO : FAST : Received ID acknowledgement. Processor: NET, Board: FP-CPU-002-2, Firmware: 00.98
2016-03-14 13:01:33,143 : DEBUG : FAST : Querying FAST IO boards...
2016-03-14 13:01:34,147 : INFO : FAST : Fast IO Board 00: Model: FP-I/O-3208-2, Firmware: 00.95, Switches: 32, Drivers: 8
2016-03-14 13:01:35,156 : INFO : FAST : Fast IO Board 01: Model: FP-I/O-3208-2, Firmware: 00.95, Switches: 32, Drivers: 8
2016-03-14 13:01:36,166 : INFO : FAST : Fast IO Board 02: Model: FP-I/O-1616-2, Firmware: 00.95, Switches: 16, Drivers: 16
2016-03-14 13:01:41,206 : DEBUG : Mode Controller : Registering <bound method ConfigPlayer.register_player_events of ConfigPlayer.lights> as a mode start method. Config section: light_player, priority: 0, kwargs: {}
2016-03-14 13:01:41,206 : DEBUG : Events : Registered ConfigPlayer._initialize as a handler for 'init_phase_1', priority: 1, kwargs: {}
2016-03-14 13:01:41,207 : DEBUG : Mode Controller : Registering <bound method ConfigPlayer.register_player_events of ConfigPlayer.triggers> as a mode start method. Config section: trigger_player, priority: 0, kwargs: {}
2016-03-14 13:01:41,207 : DEBUG : Events : Registered ConfigPlayer._initialize as a handler for 'init_phase_1', priority: 1, kwargs: {}
2016-03-14 13:01:41,208 : DEBUG : Mode Controller : Registering <bound method ConfigPlayer.register_player_events of ConfigPlayer.bcp> as a mode start method. Config section: bcp_player, priority: 0, kwargs: {}
2016-03-14 13:01:41,208 : DEBUG : Events : Registered ConfigPlayer._initialize as a handler for 'init_phase_1', priority: 1, kwargs: {}
2016-03-14 13:01:41,209 : DEBUG : Mode Controller : Registering <bound method ConfigPlayer.register_player_events of ConfigPlayer.coils> as a mode start method. Config section: coil_player, priority: 0, kwargs: {}
2016-03-14 13:01:41,209 : DEBUG : Events : Registered ConfigPlayer._initialize as a handler for 'init_phase_1', priority: 1, kwargs: {}
2016-03-14 13:01:41,209 : DEBUG : Mode Controller : Registering <bound method ConfigPlayer.register_player_events of ConfigPlayer.shows> as a mode start method. Config section: show_player, priority: 0, kwargs: {}
2016-03-14 13:01:41,209 : DEBUG : Events : Registered ConfigPlayer._initialize as a handler for 'init_phase_1', priority: 1, kwargs: {}
2016-03-14 13:01:41,210 : DEBUG : Mode Controller : Registering <bound method ConfigPlayer.register_player_events of ConfigPlayer.events> as a mode start method. Config section: event_player, priority: 0, kwargs: {}
2016-03-14 13:01:41,210 : DEBUG : Events : Registered ConfigPlayer._initialize as a handler for 'init_phase_1', priority: 1, kwargs: {}
2016-03-14 13:01:41,210 : DEBUG : Mode Controller : Registering <bound method ConfigPlayer.register_player_events of ConfigPlayer.flashers> as a mode start method. Config section: flasher_player, priority: 0, kwargs: {}
2016-03-14 13:01:41,210 : DEBUG : Events : Registered ConfigPlayer._initialize as a handler for 'init_phase_1', priority: 1, kwargs: {}
2016-03-14 13:01:41,211 : DEBUG : Mode Controller : Registering <bound method ConfigPlayer.register_player_events of ConfigPlayer.random_events> as a mode start method. Config section: random_event_player, priority: 0, kwargs: {}
2016-03-14 13:01:41,211 : DEBUG : Events : Registered ConfigPlayer._initialize as a handler for 'init_phase_1', priority: 1, kwargs: {}
2016-03-14 13:01:41,211 : DEBUG : Mode Controller : Registering <bound method ConfigPlayer.register_player_events of ConfigPlayer.leds> as a mode start method. Config section: led_player, priority: 0, kwargs: {}
2016-03-14 13:01:41,212 : DEBUG : Events : Registered ConfigPlayer._initialize as a handler for 'init_phase_1', priority: 1, kwargs: {}
2016-03-14 13:01:41,212 : DEBUG : Mode Controller : Registering <bound method ConfigPlayer.register_player_events of ConfigPlayer.gis> as a mode start method. Config section: gi_player, priority: 0, kwargs: {}
2016-03-14 13:01:41,212 : DEBUG : Events : Registered ConfigPlayer._initialize as a handler for 'init_phase_1', priority: 1, kwargs: {}
2016-03-14 13:01:41,212 : DEBUG : Events : Registered MachineController.power_off as a handler for 'shutdown', priority: 1, kwargs: {}
2016-03-14 13:01:41,212 : DEBUG : Events : Registered MachineController.power_off as a handler for 'sw_shutdown', priority: 1, kwargs: {}
2016-03-14 13:01:41,213 : DEBUG : Events : Registered MachineController.stop as a handler for 'quit', priority: 1, kwargs: {}
2016-03-14 13:01:41,213 : DEBUG : Events : Registered MachineController.stop as a handler for 'sw_quit', priority: 1, kwargs: {}
2016-03-14 13:01:41,213 : DEBUG : DataInterface : Loading machine_vars from /Users/gabe/Dropbox/Pinball/Gabe/bnd/data/machine_vars.yaml
2016-03-14 13:01:41,213 : DEBUG : DataInterface : Didn't find the machine_vars file. No prob. We'll create it when we save.
2016-03-14 13:01:41,213 : DEBUG : Events : ^^^^ Posted event 'init_phase_1'. Type: None, Callback: None, Args: {}
2016-03-14 13:01:41,213 : DEBUG : Events : ============== EVENTS QUEUE =============
2016-03-14 13:01:41,213 : DEBUG : Events : init_phase_1, None, None, {}
2016-03-14 13:01:41,214 : DEBUG : Events : =========================================
2016-03-14 13:01:41,214 : DEBUG : Events : ^^^^ Processing event 'init_phase_1'. Type: None, Callback: None, Args: {}
2016-03-14 13:01:41,214 : DEBUG : Events : DeviceManager._load_device_modules (priority: 1) responding to event 'init_phase_1' with args {}
2016-03-14 13:01:41,214 : INFO : DeviceManager : Loading devices...
2016-03-14 13:01:41,214 : DEBUG : FASTDriver : Driver Settings: {'config_cmd': 'DN:', 'pwm32': None, 'pulse_ms': '28', 'allow_enable': False, 'trigger_cmd': 'TN:', 'number': '0A', 'pwm1': 'ff', 'pwm2': 'ff', 'mode': '10', 'recycle_ms': '00'}
2016-03-14 13:01:41,215 : DEBUG : FASTDriver : Reseting driver {'config_cmd': 'DN:', 'pwm32': None, 'pulse_ms': '28', 'allow_enable': False, 'trigger_cmd': 'TN:', 'number': '0A', 'pwm1': 'ff', 'pwm2': 'ff', 'mode': '10', 'recycle_ms': '00'}
2016-03-14 13:01:41,215 : DEBUG : FASTDriver : Driver Settings: {'config_cmd': 'DN:', 'pwm32': None, 'pulse_ms': '0A', 'allow_enable': False, 'trigger_cmd': 'TN:', 'number': '08', 'pwm1': 'ff', 'pwm2': '01', 'mode': '10', 'recycle_ms': '00'}
2016-03-14 13:01:41,215 : DEBUG : FASTDriver : Reseting driver {'config_cmd': 'DN:', 'pwm32': None, 'pulse_ms': '0A', 'allow_enable': False, 'trigger_cmd': 'TN:', 'number': '08', 'pwm1': 'ff', 'pwm2': '01', 'mode': '10', 'recycle_ms': '00'}
2016-03-14 13:01:41,216 : DEBUG : FASTDriver : Driver Settings: {'config_cmd': 'DN:', 'pwm32': None, 'pulse_ms': '0A', 'allow_enable': False, 'trigger_cmd': 'TN:', 'number': '01', 'pwm1': 'ff', 'pwm2': 'ff', 'mode': '10', 'recycle_ms': '00'}
2016-03-14 13:01:41,216 : DEBUG : FASTDriver : Reseting driver {'config_cmd': 'DN:', 'pwm32': None, 'pulse_ms': '0A', 'allow_enable': False, 'trigger_cmd': 'TN:', 'number': '01', 'pwm1': 'ff', 'pwm2': 'ff', 'mode': '10', 'recycle_ms': '00'}
2016-03-14 13:01:41,216 : DEBUG : FASTDriver : Driver Settings: {'config_cmd': 'DN:', 'pwm32': None, 'pulse_ms': '14', 'allow_enable': False, 'trigger_cmd': 'TN:', 'number': '05', 'pwm1': 'ff', 'pwm2': 'ff', 'mode': '10', 'recycle_ms': '00'}
2016-03-14 13:01:41,216 : DEBUG : FASTDriver : Reseting driver {'config_cmd': 'DN:', 'pwm32': None, 'pulse_ms': '14', 'allow_enable': False, 'trigger_cmd': 'TN:', 'number': '05', 'pwm1': 'ff', 'pwm2': 'ff', 'mode': '10', 'recycle_ms': '00'}
2016-03-14 13:01:41,217 : DEBUG : FASTDriver : Driver Settings: {'config_cmd': 'DN:', 'pwm32': None, 'pulse_ms': '0A', 'allow_enable': False, 'trigger_cmd': 'TN:', 'number': '11', 'pwm1': 'ff', 'pwm2': 'ff', 'mode': '10', 'recycle_ms': '00'}
2016-03-14 13:01:41,217 : DEBUG : FASTDriver : Reseting driver {'config_cmd': 'DN:', 'pwm32': None, 'pulse_ms': '0A', 'allow_enable': False, 'trigger_cmd': 'TN:', 'number': '11', 'pwm1': 'ff', 'pwm2': 'ff', 'mode': '10', 'recycle_ms': '00'}
2016-03-14 13:01:41,217 : DEBUG : FASTDriver : Driver Settings: {'config_cmd': 'DN:', 'pwm32': None, 'pulse_ms': '0A', 'allow_enable': False, 'trigger_cmd': 'TN:', 'number': '0B', 'pwm1': 'ff', 'pwm2': 'ff', 'mode': '10', 'recycle_ms': '00'}
2016-03-14 13:01:41,218 : DEBUG : FASTDriver : Reseting driver {'config_cmd': 'DN:', 'pwm32': None, 'pulse_ms': '0A', 'allow_enable': False, 'trigger_cmd': 'TN:', 'number': '0B', 'pwm1': 'ff', 'pwm2': 'ff', 'mode': '10', 'recycle_ms': '00'}
2016-03-14 13:01:41,218 : DEBUG : FASTDriver : Driver Settings: {'config_cmd': 'DN:', 'pwm32': None, 'pulse_ms': '0A', 'allow_enable': False, 'trigger_cmd': 'TN:', 'number': '09', 'pwm1': 'ff', 'pwm2': 'ff', 'mode': '10', 'recycle_ms': '00'}
2016-03-14 13:01:41,218 : DEBUG : FASTDriver : Reseting driver {'config_cmd': 'DN:', 'pwm32': None, 'pulse_ms': '0A', 'allow_enable': False, 'trigger_cmd': 'TN:', 'number': '09', 'pwm1': 'ff', 'pwm2': 'ff', 'mode': '10', 'recycle_ms': '00'}
2016-03-14 13:01:41,218 : DEBUG : coil.c_upperrightflippermain : Enabling debug logging
2016-03-14 13:01:41,219 : DEBUG : coil.c_upperrightflippermain : Configuring device with settings: '{'pulse_ms': 25, 'enable_events': {}, 'hold_power': None, 'allow_enable': False, 'pulse_pwm_mask': None, 'tags': [], 'disable_events': {}, 'debug': True, 'pulse_power': None, 'platform': None, 'hold_power32': None, 'pulse_events': {}, 'pwm_on_ms': None, 'pwm_off_ms': None, 'number': '29', 'recycle_ms': None, 'hold_pwm_mask': None, 'pulse_power32': None, 'number_str': '29', 'label': '%'}'
2016-03-14 13:01:41,219 : DEBUG : coil.c_upperrightflippermain : Platform Driver: <Platform.FAST>
2016-03-14 13:01:41,219 : DEBUG : FASTDriver : Driver Settings: {'config_cmd': 'DN:', 'pwm32': None, 'pulse_ms': '19', 'allow_enable': False, 'trigger_cmd': 'TN:', 'number': '1D', 'pwm1': 'ff', 'pwm2': 'ff', 'mode': '10', 'recycle_ms': '00'}
2016-03-14 13:01:41,219 : DEBUG : FASTDriver : Reseting driver {'config_cmd': 'DN:', 'pwm32': None, 'pulse_ms': '19', 'allow_enable': False, 'trigger_cmd': 'TN:', 'number': '1D', 'pwm1': 'ff', 'pwm2': 'ff', 'mode': '10', 'recycle_ms': '00'}
2016-03-14 13:01:41,220 : DEBUG : FASTDriver : Driver Settings: {'config_cmd': 'DN:', 'pwm32': None, 'pulse_ms': '14', 'allow_enable': False, 'trigger_cmd': 'TN:', 'number': '12', 'pwm1': 'ff', 'pwm2': 'ff', 'mode': '10', 'recycle_ms': '00'}
2016-03-14 13:01:41,220 : DEBUG : FASTDriver : Reseting driver {'config_cmd': 'DN:', 'pwm32': None, 'pulse_ms': '14', 'allow_enable': False, 'trigger_cmd': 'TN:', 'number': '12', 'pwm1': 'ff', 'pwm2': 'ff', 'mode': '10', 'recycle_ms': '00'}
2016-03-14 13:01:41,220 : DEBUG : FASTDriver : Driver Settings: {'config_cmd': 'DN:', 'pwm32': None, 'pulse_ms': '0A', 'allow_enable': False, 'trigger_cmd': 'TN:', 'number': '04', 'pwm1': 'ff', 'pwm2': 'ff', 'mode': '10', 'recycle_ms': '00'}
2016-03-14 13:01:41,220 : DEBUG : FASTDriver : Reseting driver {'config_cmd': 'DN:', 'pwm32': None, 'pulse_ms': '0A', 'allow_enable': False, 'trigger_cmd': 'TN:', 'number': '04', 'pwm1': 'ff', 'pwm2': 'ff', 'mode': '10', 'recycle_ms': '00'}
2016-03-14 13:01:41,221 : DEBUG : FASTDriver : Driver Settings: {'config_cmd': 'DN:', 'pwm32': None, 'pulse_ms': '0A', 'allow_enable': False, 'trigger_cmd': 'TN:', 'number': '0D', 'pwm1': 'ff', 'pwm2': 'ff', 'mode': '10', 'recycle_ms': '00'}
2016-03-14 13:01:41,221 : DEBUG : FASTDriver : Reseting driver {'config_cmd': 'DN:', 'pwm32': None, 'pulse_ms': '0A', 'allow_enable': False, 'trigger_cmd': 'TN:', 'number': '0D', 'pwm1': 'ff', 'pwm2': 'ff', 'mode': '10', 'recycle_ms': '00'}
2016-03-14 13:01:41,221 : DEBUG : coil.c_leftflippermain : Enabling debug logging
2016-03-14 13:01:41,221 : DEBUG : coil.c_leftflippermain : Configuring device with settings: '{'pulse_ms': 35, 'enable_events': {}, 'hold_power': None, 'allow_enable': False, 'pulse_pwm_mask': None, 'tags': [], 'disable_events': {}, 'debug': True, 'pulse_power': None, 'platform': None, 'hold_power32': None, 'pulse_events': {}, 'pwm_on_ms': None, 'pwm_off_ms': None, 'number': '0', 'recycle_ms': None, 'hold_pwm_mask': None, 'pulse_power32': None, 'number_str': '0', 'label': '%'}'
2016-03-14 13:01:41,222 : DEBUG : coil.c_leftflippermain : Platform Driver: <Platform.FAST>
2016-03-14 13:01:41,222 : DEBUG : FASTDriver : Driver Settings: {'config_cmd': 'DN:', 'pwm32': None, 'pulse_ms': '23', 'allow_enable': False, 'trigger_cmd': 'TN:', 'number': '00', 'pwm1': 'ff', 'pwm2': 'ff', 'mode': '10', 'recycle_ms': '00'}
2016-03-14 13:01:41,222 : DEBUG : FASTDriver : Reseting driver {'config_cmd': 'DN:', 'pwm32': None, 'pulse_ms': '23', 'allow_enable': False, 'trigger_cmd': 'TN:', 'number': '00', 'pwm1': 'ff', 'pwm2': 'ff', 'mode': '10', 'recycle_ms': '00'}
2016-03-14 13:01:41,222 : DEBUG : FASTDriver : Driver Settings: {'config_cmd': 'DN:', 'pwm32': None, 'pulse_ms': '14', 'allow_enable': False, 'trigger_cmd': 'TN:', 'number': '1A', 'pwm1': 'ff', 'pwm2': 'ff', 'mode': '10', 'recycle_ms': '00'}
2016-03-14 13:01:41,222 : DEBUG : FASTDriver : Reseting driver {'config_cmd': 'DN:', 'pwm32': None, 'pulse_ms': '14', 'allow_enable': False, 'trigger_cmd': 'TN:', 'number': '1A', 'pwm1': 'ff', 'pwm2': 'ff', 'mode': '10', 'recycle_ms': '00'}
2016-03-14 13:01:41,223 : DEBUG : FASTDriver : Driver Settings: {'config_cmd': 'DN:', 'pwm32': None, 'pulse_ms': '0A', 'allow_enable': False, 'trigger_cmd': 'TN:', 'number': '0F', 'pwm1': 'ff', 'pwm2': 'ff', 'mode': '10', 'recycle_ms': '00'}
2016-03-14 13:01:41,223 : DEBUG : FASTDriver : Reseting driver {'config_cmd': 'DN:', 'pwm32': None, 'pulse_ms': '0A', 'allow_enable': False, 'trigger_cmd': 'TN:', 'number': '0F', 'pwm1': 'ff', 'pwm2': 'ff', 'mode': '10', 'recycle_ms': '00'}
2016-03-14 13:01:41,223 : DEBUG : FASTDriver : Driver Settings: {'config_cmd': 'DN:', 'pwm32': None, 'pulse_ms': '05', 'allow_enable': False, 'trigger_cmd': 'TN:', 'number': '14', 'pwm1': 'ff', 'pwm2': 'ff', 'mode': '10', 'recycle_ms': '00'}
2016-03-14 13:01:41,223 : DEBUG : FASTDriver : Reseting driver {'config_cmd': 'DN:', 'pwm32': None, 'pulse_ms': '05', 'allow_enable': False, 'trigger_cmd': 'TN:', 'number': '14', 'pwm1': 'ff', 'pwm2': 'ff', 'mode': '10', 'recycle_ms': '00'}
2016-03-14 13:01:41,224 : DEBUG : FASTDriver : Driver Settings: {'config_cmd': 'DN:', 'pwm32': None, 'pulse_ms': '14', 'allow_enable': False, 'trigger_cmd': 'TN:', 'number': '1B', 'pwm1': 'ff', 'pwm2': 'ff', 'mode': '10', 'recycle_ms': '00'}
2016-03-14 13:01:41,224 : DEBUG : FASTDriver : Reseting driver {'config_cmd': 'DN:', 'pwm32': None, 'pulse_ms': '14', 'allow_enable': False, 'trigger_cmd': 'TN:', 'number': '1B', 'pwm1': 'ff', 'pwm2': 'ff', 'mode': '10', 'recycle_ms': '00'}
2016-03-14 13:01:41,224 : DEBUG : FASTDriver : Driver Settings: {'config_cmd': 'DN:', 'pwm32': None, 'pulse_ms': '14', 'allow_enable': False, 'trigger_cmd': 'TN:', 'number': '1C', 'pwm1': 'ff', 'pwm2': 'ff', 'mode': '10', 'recycle_ms': '00'}
2016-03-14 13:01:41,225 : DEBUG : FASTDriver : Reseting driver {'config_cmd': 'DN:', 'pwm32': None, 'pulse_ms': '14', 'allow_enable': False, 'trigger_cmd': 'TN:', 'number': '1C', 'pwm1': 'ff', 'pwm2': 'ff', 'mode': '10', 'recycle_ms': '00'}
2016-03-14 13:01:41,225 : DEBUG : coil.c_rightflippermain : Enabling debug logging
2016-03-14 13:01:41,225 : DEBUG : coil.c_rightflippermain : Configuring device with settings: '{'pulse_ms': 35, 'enable_events': {}, 'hold_power': None, 'allow_enable': False, 'pulse_pwm_mask': None, 'tags': [], 'disable_events': {}, 'debug': True, 'pulse_power': None, 'platform': None, 'hold_power32': None, 'pulse_events': {}, 'pwm_on_ms': None, 'pwm_off_ms': None, 'number': '3', 'recycle_ms': None, 'hold_pwm_mask': None, 'pulse_power32': None, 'number_str': '3', 'label': '%'}'
2016-03-14 13:01:41,225 : DEBUG : coil.c_rightflippermain : Platform Driver: <Platform.FAST>
2016-03-14 13:01:41,225 : DEBUG : FASTDriver : Driver Settings: {'config_cmd': 'DN:', 'pwm32': None, 'pulse_ms': '23', 'allow_enable': False, 'trigger_cmd': 'TN:', 'number': '03', 'pwm1': 'ff', 'pwm2': 'ff', 'mode': '10', 'recycle_ms': '00'}
2016-03-14 13:01:41,226 : DEBUG : FASTDriver : Reseting driver {'config_cmd': 'DN:', 'pwm32': None, 'pulse_ms': '23', 'allow_enable': False, 'trigger_cmd': 'TN:', 'number': '03', 'pwm1': 'ff', 'pwm2': 'ff', 'mode': '10', 'recycle_ms': '00'}
2016-03-14 13:01:41,226 : DEBUG : FASTDriver : Driver Settings: {'config_cmd': 'DN:', 'pwm32': None, 'pulse_ms': '08', 'allow_enable': False, 'trigger_cmd': 'TN:', 'number': '13', 'pwm1': 'ff', 'pwm2': 'ff', 'mode': '10', 'recycle_ms': '00'}
2016-03-14 13:01:41,226 : DEBUG : FASTDriver : Reseting driver {'config_cmd': 'DN:', 'pwm32': None, 'pulse_ms': '08', 'allow_enable': False, 'trigger_cmd': 'TN:', 'number': '13', 'pwm1': 'ff', 'pwm2': 'ff', 'mode': '10', 'recycle_ms': '00'}
2016-03-14 13:01:41,226 : DEBUG : FASTDriver : Driver Settings: {'config_cmd': 'DN:', 'pwm32': None, 'pulse_ms': '0A', 'allow_enable': False, 'trigger_cmd': 'TN:', 'number': '07', 'pwm1': 'ff', 'pwm2': 'ff', 'mode': '10', 'recycle_ms': '00'}
2016-03-14 13:01:41,227 : DEBUG : FASTDriver : Reseting driver {'config_cmd': 'DN:', 'pwm32': None, 'pulse_ms': '0A', 'allow_enable': False, 'trigger_cmd': 'TN:', 'number': '07', 'pwm1': 'ff', 'pwm2': 'ff', 'mode': '10', 'recycle_ms': '00'}
2016-03-14 13:01:41,227 : DEBUG : coil.c_upperrightflipperhold : Enabling debug logging
2016-03-14 13:01:41,227 : DEBUG : coil.c_upperrightflipperhold : Configuring device with settings: '{'pulse_ms': None, 'enable_events': {}, 'hold_power': None, 'allow_enable': False, 'pulse_pwm_mask': None, 'tags': [], 'disable_events': {}, 'debug': True, 'pulse_power': None, 'platform': None, 'hold_power32': None, 'pulse_events': {}, 'pwm_on_ms': None, 'pwm_off_ms': None, 'number': '25', 'recycle_ms': None, 'hold_pwm_mask': None, 'pulse_power32': None, 'number_str': '25', 'label': '%'}'
2016-03-14 13:01:41,227 : DEBUG : coil.c_upperrightflipperhold : Platform Driver: <Platform.FAST>
2016-03-14 13:01:41,227 : DEBUG : FASTDriver : Driver Settings: {'config_cmd': 'DN:', 'pwm32': None, 'pulse_ms': '0A', 'allow_enable': False, 'trigger_cmd': 'TN:', 'number': '19', 'pwm1': 'ff', 'pwm2': 'ff', 'mode': '10', 'recycle_ms': '00'}
2016-03-14 13:01:41,228 : DEBUG : FASTDriver : Reseting driver {'config_cmd': 'DN:', 'pwm32': None, 'pulse_ms': '0A', 'allow_enable': False, 'trigger_cmd': 'TN:', 'number': '19', 'pwm1': 'ff', 'pwm2': 'ff', 'mode': '10', 'recycle_ms': '00'}
2016-03-14 13:01:41,228 : DEBUG : FASTDriver : Driver Settings: {'config_cmd': 'DN:', 'pwm32': None, 'pulse_ms': '0A', 'allow_enable': False, 'trigger_cmd': 'TN:', 'number': '02', 'pwm1': 'ff', 'pwm2': 'ff', 'mode': '10', 'recycle_ms': '00'}
2016-03-14 13:01:41,228 : DEBUG : FASTDriver : Reseting driver {'config_cmd': 'DN:', 'pwm32': None, 'pulse_ms': '0A', 'allow_enable': False, 'trigger_cmd': 'TN:', 'number': '02', 'pwm1': 'ff', 'pwm2': 'ff', 'mode': '10', 'recycle_ms': '00'}
2016-03-14 13:01:41,228 : DEBUG : FASTDriver : Driver Settings: {'config_cmd': 'DN:', 'pwm32': None, 'pulse_ms': '28', 'allow_enable': False, 'trigger_cmd': 'TN:', 'number': '0E', 'pwm1': 'ff', 'pwm2': 'ff', 'mode': '10', 'recycle_ms': '00'}
2016-03-14 13:01:41,228 : DEBUG : FASTDriver : Reseting driver {'config_cmd': 'DN:', 'pwm32': None, 'pulse_ms': '28', 'allow_enable': False, 'trigger_cmd': 'TN:', 'number': '0E', 'pwm1': 'ff', 'pwm2': 'ff', 'mode': '10', 'recycle_ms': '00'}
2016-03-14 13:01:41,229 : DEBUG : FASTDriver : Driver Settings: {'config_cmd': 'DN:', 'pwm32': None, 'pulse_ms': '0A', 'allow_enable': False, 'trigger_cmd': 'TN:', 'number': '06', 'pwm1': 'ff', 'pwm2': 'ff', 'mode': '10', 'recycle_ms': '00'}
2016-03-14 13:01:41,229 : DEBUG : FASTDriver : Reseting driver {'config_cmd': 'DN:', 'pwm32': None, 'pulse_ms': '0A', 'allow_enable': False, 'trigger_cmd': 'TN:', 'number': '06', 'pwm1': 'ff', 'pwm2': 'ff', 'mode': '10', 'recycle_ms': '00'}
2016-03-14 13:01:41,229 : DEBUG : FASTDriver : Driver Settings: {'config_cmd': 'DN:', 'pwm32': None, 'pulse_ms': '0A', 'allow_enable': False, 'trigger_cmd': 'TN:', 'number': '10', 'pwm1': 'ff', 'pwm2': 'ff', 'mode': '10', 'recycle_ms': '00'}
2016-03-14 13:01:41,230 : DEBUG : FASTDriver : Reseting driver {'config_cmd': 'DN:', 'pwm32': None, 'pulse_ms': '0A', 'allow_enable': False, 'trigger_cmd': 'TN:', 'number': '10', 'pwm1': 'ff', 'pwm2': 'ff', 'mode': '10', 'recycle_ms': '00'}
2016-03-14 13:01:41,230 : DEBUG : FASTDriver : Driver Settings: {'config_cmd': 'DN:', 'pwm32': None, 'pulse_ms': '0A', 'allow_enable': False, 'trigger_cmd': 'TN:', 'number': '0C', 'pwm1': 'ff', 'pwm2': 'ff', 'mode': '10', 'recycle_ms': '00'}
2016-03-14 13:01:41,230 : DEBUG : FASTDriver : Reseting driver {'config_cmd': 'DN:', 'pwm32': None, 'pulse_ms': '0A', 'allow_enable': False, 'trigger_cmd': 'TN:', 'number': '0C', 'pwm1': 'ff', 'pwm2': 'ff', 'mode': '10', 'recycle_ms': '00'}
2016-03-14 13:01:41,231 : DEBUG : switch.s_rightinlane : Creating 's_rightinlane' with config: {'type': 'NO', 'events_when_activated': [], 'tags': [], 'debug': False, 'events_when_deactivated': [], 'debounce': 'True', 'number_str': '24', 'debounce_open': 0, 'number': '24', 'platform': None, 'recycle_time': 0.0, 'debounce_close': 0, 'label': '%'}
2016-03-14 13:01:41,231 : DEBUG : FAST : FAST Switch hardware tuple: ('18', 1)
2016-03-14 13:01:41,231 : DEBUG : switch.s_rightlane : Creating 's_rightlane' with config: {'type': 'NO', 'events_when_activated': [], 'tags': [], 'debug': False, 'events_when_deactivated': [], 'debounce': 'True', 'number_str': '73', 'debounce_open': 0, 'number': '73', 'platform': None, 'recycle_time': 0.0, 'debounce_close': 0, 'label': '%'}
2016-03-14 13:01:41,231 : DEBUG : FAST : FAST Switch hardware tuple: ('49', 1)
2016-03-14 13:01:41,232 : DEBUG : switch.s_bottompop : Creating 's_bottompop' with config: {'type': 'NO', 'events_when_activated': [], 'tags': [], 'debug': False, 'events_when_deactivated': [], 'debounce': 'True', 'number_str': '79', 'debounce_open': 0, 'number': '79', 'platform': None, 'recycle_time': 0.0, 'debounce_close': 0, 'label': '%'}
2016-03-14 13:01:41,232 : DEBUG : FAST : FAST Switch hardware tuple: ('4F', 1)
2016-03-14 13:01:41,232 : DEBUG : switch.s_lowervukopto : Creating 's_lowervukopto' with config: {'type': 'NC', 'events_when_activated': [], 'tags': [], 'debug': False, 'events_when_deactivated': [], 'debounce': 'True', 'number_str': '43', 'debounce_open': 0, 'number': '43', 'platform': None, 'recycle_time': 0.0, 'debounce_close': 0, 'label': '%'}
2016-03-14 13:01:41,232 : DEBUG : FAST : FAST Switch hardware tuple: ('2B', 1)
2016-03-14 13:01:41,233 : DEBUG : switch.s_rightflipper : Creating 's_rightflipper' with config: {'type': 'NO', 'events_when_activated': [], 'tags': [], 'debug': False, 'events_when_deactivated': [], 'debounce': 'True', 'number_str': '2', 'debounce_open': 0, 'number': '2', 'platform': None, 'recycle_time': 0.0, 'debounce_close': 0, 'label': '%'}
2016-03-14 13:01:41,233 : DEBUG : FAST : FAST Switch hardware tuple: ('02', 1)
2016-03-14 13:01:41,233 : DEBUG : switch.s_troughenter : Creating 's_troughenter' with config: {'type': 'NO', 'events_when_activated': [], 'tags': [], 'debug': False, 'events_when_deactivated': [], 'debounce': 'True', 'number_str': '18', 'debounce_open': 0, 'number': '18', 'platform': None, 'recycle_time': 0.0, 'debounce_close': 0, 'label': '%'}
2016-03-14 13:01:41,233 : DEBUG : FAST : FAST Switch hardware tuple: ('12', 1)
2016-03-14 13:01:41,234 : DEBUG : switch.s_rightbanktop : Creating 's_rightbanktop' with config: {'type': 'NO', 'events_when_activated': [], 'tags': [], 'debug': False, 'events_when_deactivated': [], 'debounce': 'True', 'number_str': '26', 'debounce_open': 0, 'number': '26', 'platform': None, 'recycle_time': 0.0, 'debounce_close': 0, 'label': '%'}
2016-03-14 13:01:41,234 : DEBUG : FAST : FAST Switch hardware tuple: ('1A', 1)
2016-03-14 13:01:41,234 : DEBUG : switch.s_droptarget2 : Creating 's_droptarget2' with config: {'type': 'NO', 'events_when_activated': [], 'tags': [], 'debug': False, 'events_when_deactivated': [], 'debounce': 'True', 'number_str': '65', 'debounce_open': 0, 'number': '65', 'platform': None, 'recycle_time': 0.0, 'debounce_close': 0, 'label': '%'}
2016-03-14 13:01:41,234 : DEBUG : FAST : FAST Switch hardware tuple: ('41', 1)
2016-03-14 13:01:41,235 : DEBUG : switch.s_droptarget5 : Creating 's_droptarget5' with config: {'type': 'NO', 'events_when_activated': [], 'tags': [], 'debug': False, 'events_when_deactivated': [], 'debounce': 'True', 'number_str': '68', 'debounce_open': 0, 'number': '68', 'platform': None, 'recycle_time': 0.0, 'debounce_close': 0, 'label': '%'}
2016-03-14 13:01:41,235 : DEBUG : FAST : FAST Switch hardware tuple: ('44', 1)
2016-03-14 13:01:41,235 : DEBUG : switch.s_subwayopto : Creating 's_subwayopto' with config: {'type': 'NC', 'events_when_activated': [], 'tags': [], 'debug': False, 'events_when_deactivated': [], 'debounce': 'True', 'number_str': '42', 'debounce_open': 0, 'number': '42', 'platform': None, 'recycle_time': 0.0, 'debounce_close': 0, 'label': '%'}
2016-03-14 13:01:41,235 : DEBUG : FAST : FAST Switch hardware tuple: ('2A', 1)
2016-03-14 13:01:41,235 : DEBUG : switch.s_topkicker : Creating 's_topkicker' with config: {'type': 'NO', 'events_when_activated': [], 'tags': [], 'debug': False, 'events_when_deactivated': [], 'debounce': 'True', 'number_str': '75', 'debounce_open': 0, 'number': '75', 'platform': None, 'recycle_time': 0.0, 'debounce_close': 0, 'label': '%'}
2016-03-14 13:01:41,236 : DEBUG : FAST : FAST Switch hardware tuple: ('4B', 1)
2016-03-14 13:01:41,236 : DEBUG : switch.s_leftflipper : Creating 's_leftflipper' with config: {'type': 'NO', 'events_when_activated': [], 'tags': [], 'debug': False, 'events_when_deactivated': [], 'debounce': 'True', 'number_str': '0', 'debounce_open': 0, 'number': '0', 'platform': None, 'recycle_time': 0.0, 'debounce_close': 0, 'label': '%'}
2016-03-14 13:01:41,236 : DEBUG : FAST : FAST Switch hardware tuple: ('00', 1)
2016-03-14 13:01:41,237 : DEBUG : switch.s_rightrampopto : Creating 's_rightrampopto' with config: {'type': 'NC', 'events_when_activated': [], 'tags': [], 'debug': False, 'events_when_deactivated': [], 'debounce': 'True', 'number_str': '72', 'debounce_open': 0, 'number': '72', 'platform': None, 'recycle_time': 0.0, 'debounce_close': 0, 'label': '%'}
2016-03-14 13:01:41,237 : DEBUG : FAST : FAST Switch hardware tuple: ('48', 1)
2016-03-14 13:01:41,237 : DEBUG : switch.s_jukeboxopto : Creating 's_jukeboxopto' with config: {'type': 'NC', 'events_when_activated': [], 'tags': ['jukebox'], 'debug': False, 'events_when_deactivated': [], 'debounce': 'True', 'number_str': '40', 'debounce_open': 0, 'number': '40', 'platform': None, 'recycle_time': 0.0, 'debounce_close': 0, 'label': '%'}
2016-03-14 13:01:41,237 : DEBUG : FAST : FAST Switch hardware tuple: ('28', 1)
2016-03-14 13:01:41,237 : DEBUG : switch.s_droptarget3 : Creating 's_droptarget3' with config: {'type': 'NO', 'events_when_activated': [], 'tags': [], 'debug': False, 'events_when_deactivated': [], 'debounce': 'True', 'number_str': '66', 'debounce_open': 0, 'number': '66', 'platform': None, 'recycle_time': 0.0, 'debounce_close': 0, 'label': '%'}
2016-03-14 13:01:41,238 : DEBUG : FAST : FAST Switch hardware tuple: ('42', 1)
2016-03-14 13:01:41,238 : DEBUG : switch.s_leftsling : Creating 's_leftsling' with config: {'type': 'NO', 'events_when_activated': [], 'tags': [], 'debug': False, 'events_when_deactivated': [], 'debounce': 'True', 'number_str': '44', 'debounce_open': 0, 'number': '44', 'platform': None, 'recycle_time': 0.0, 'debounce_close': 0, 'label': '%'}
2016-03-14 13:01:41,238 : DEBUG : FAST : FAST Switch hardware tuple: ('2C', 1)
2016-03-14 13:01:41,238 : DEBUG : switch.s_rightupperflipper : Creating 's_rightupperflipper' with config: {'type': 'NO', 'events_when_activated': [], 'tags': [], 'debug': False, 'events_when_deactivated': [], 'debounce': 'True', 'number_str': '1', 'debounce_open': 0, 'number': '1', 'platform': None, 'recycle_time': 0.0, 'debounce_close': 0, 'label': '%'}
2016-03-14 13:01:41,239 : DEBUG : FAST : FAST Switch hardware tuple: ('01', 1)
2016-03-14 13:01:41,239 : DEBUG : switch.s_leftinlane : Creating 's_leftinlane' with config: {'type': 'NO', 'events_when_activated': [], 'tags': [], 'debug': False, 'events_when_deactivated': [], 'debounce': 'True', 'number_str': '22', 'debounce_open': 0, 'number': '22', 'platform': None, 'recycle_time': 0.0, 'debounce_close': 0, 'label': '%'}
2016-03-14 13:01:41,239 : DEBUG : FAST : FAST Switch hardware tuple: ('16', 1)
2016-03-14 13:01:41,239 : DEBUG : switch.s_plungerlane : Creating 's_plungerlane' with config: {'type': 'NO', 'events_when_activated': [], 'tags': [], 'debug': False, 'events_when_deactivated': [], 'debounce': 'True', 'number_str': '16', 'debounce_open': 0, 'number': '16', 'platform': None, 'recycle_time': 0.0, 'debounce_close': 0, 'label': '%'}
2016-03-14 13:01:41,239 : DEBUG : FAST : FAST Switch hardware tuple: ('10', 1)
2016-03-14 13:01:41,240 : DEBUG : switch.s_rightbankbottom : Creating 's_rightbankbottom' with config: {'type': 'NO', 'events_when_activated': [], 'tags': ['plunger'], 'debug': False, 'events_when_deactivated': [], 'debounce': 'True', 'number_str': '17', 'debounce_open': 0, 'number': '17', 'platform': None, 'recycle_time': 0.0, 'debounce_close': 0, 'label': '%'}
2016-03-14 13:01:41,240 : DEBUG : FAST : FAST Switch hardware tuple: ('11', 1)
2016-03-14 13:01:41,240 : DEBUG : switch.s_leftorbit : Creating 's_leftorbit' with config: {'type': 'NO', 'events_when_activated': [], 'tags': [], 'debug': False, 'events_when_deactivated': [], 'debounce': 'True', 'number_str': '47', 'debounce_open': 0, 'number': '47', 'platform': None, 'recycle_time': 0.0, 'debounce_close': 0, 'label': '%'}
2016-03-14 13:01:41,240 : DEBUG : FAST : FAST Switch hardware tuple: ('2F', 1)
2016-03-14 13:01:41,241 : DEBUG : switch.s_droptarget1 : Creating 's_droptarget1' with config: {'type': 'NO', 'events_when_activated': [], 'tags': [], 'debug': False, 'events_when_deactivated': [], 'debounce': 'True', 'number_str': '64', 'debounce_open': 0, 'number': '64', 'platform': None, 'recycle_time': 0.0, 'debounce_close': 0, 'label': '%'}
2016-03-14 13:01:41,241 : DEBUG : FAST : FAST Switch hardware tuple: ('40', 1)
2016-03-14 13:01:41,241 : DEBUG : switch.s_toprightvuk : Creating 's_toprightvuk' with config: {'type': 'NO', 'events_when_activated': [], 'tags': [], 'debug': False, 'events_when_deactivated': [], 'debounce': 'True', 'number_str': '69', 'debounce_open': 0, 'number': '69', 'platform': None, 'recycle_time': 0.0, 'debounce_close': 0, 'label': '%'}
2016-03-14 13:01:41,242 : DEBUG : FAST : FAST Switch hardware tuple: ('45', 1)
2016-03-14 13:01:41,242 : DEBUG : switch.s_bottomkickingtarget : Creating 's_bottomkickingtarget' with config: {'type': 'NO', 'events_when_activated': [], 'tags': [], 'debug': False, 'events_when_deactivated': [], 'debounce': 'True', 'number_str': '46', 'debounce_open': 0, 'number': '46', 'platform': None, 'recycle_time': 0.0, 'debounce_close': 0, 'label': '%'}
2016-03-14 13:01:41,242 : DEBUG : FAST : FAST Switch hardware tuple: ('2E', 1)
2016-03-14 13:01:41,242 : DEBUG : switch.s_topkickingtarget : Creating 's_topkickingtarget' with config: {'type': 'NO', 'events_when_activated': [], 'tags': [], 'debug': False, 'events_when_deactivated': [], 'debounce': 'True', 'number_str': '41', 'debounce_open': 0, 'number': '41', 'platform': None, 'recycle_time': 0.0, 'debounce_close': 0, 'label': '%'}
2016-03-14 13:01:41,242 : DEBUG : FAST : FAST Switch hardware tuple: ('29', 1)
2016-03-14 13:01:41,243 : DEBUG : switch.s_drain : Creating 's_drain' with config: {'type': 'NO', 'events_when_activated': [], 'tags': [], 'debug': False, 'events_when_deactivated': [], 'debounce': 'True', 'number_str': '21', 'debounce_open': 0, 'number': '21', 'platform': None, 'recycle_time': 0.0, 'debounce_close': 0, 'label': '%'}
2016-03-14 13:01:41,243 : DEBUG : FAST : FAST Switch hardware tuple: ('15', 1)
2016-03-14 13:01:41,243 : DEBUG : switch.s_leftrampopto : Creating 's_leftrampopto' with config: {'type': 'NC', 'events_when_activated': [], 'tags': [], 'debug': False, 'events_when_deactivated': [], 'debounce': 'True', 'number_str': '45', 'debounce_open': 0, 'number': '45', 'platform': None, 'recycle_time': 0.0, 'debounce_close': 0, 'label': '%'}
2016-03-14 13:01:41,243 : DEBUG : FAST : FAST Switch hardware tuple: ('2D', 1)
2016-03-14 13:01:41,243 : DEBUG : switch.s_toprightstandup : Creating 's_toprightstandup' with config: {'type': 'NO', 'events_when_activated': [], 'tags': [], 'debug': False, 'events_when_deactivated': [], 'debounce': 'True', 'number_str': '27', 'debounce_open': 0, 'number': '27', 'platform': None, 'recycle_time': 0.0, 'debounce_close': 0, 'label': '%'}
2016-03-14 13:01:41,244 : DEBUG : FAST : FAST Switch hardware tuple: ('1B', 1)
2016-03-14 13:01:41,244 : DEBUG : switch.s_droptarget4 : Creating 's_droptarget4' with config: {'type': 'NO', 'events_when_activated': [], 'tags': [], 'debug': False, 'events_when_deactivated': [], 'debounce': 'True', 'number_str': '67', 'debounce_open': 0, 'number': '67', 'platform': None, 'recycle_time': 0.0, 'debounce_close': 0, 'label': '%'}
2016-03-14 13:01:41,244 : DEBUG : FAST : FAST Switch hardware tuple: ('43', 1)
2016-03-14 13:01:41,245 : DEBUG : switch.s_spinner : Creating 's_spinner' with config: {'type': 'NO', 'events_when_activated': [], 'tags': [], 'debug': False, 'events_when_deactivated': [], 'debounce': 'True', 'number_str': '76', 'debounce_open': 0, 'number': '76', 'platform': None, 'recycle_time': 0.0, 'debounce_close': 0, 'label': '%'}
2016-03-14 13:01:41,245 : DEBUG : FAST : FAST Switch hardware tuple: ('4C', 1)
2016-03-14 13:01:41,245 : DEBUG : switch.s_rightsling : Creating 's_rightsling' with config: {'type': 'NO', 'events_when_activated': [], 'tags': [], 'debug': False, 'events_when_deactivated': [], 'debounce': 'True', 'number_str': '25', 'debounce_open': 0, 'number': '25', 'platform': None, 'recycle_time': 0.0, 'debounce_close': 0, 'label': '%'}
2016-03-14 13:01:41,246 : DEBUG : FAST : FAST Switch hardware tuple: ('19', 1)
2016-03-14 13:01:41,246 : DEBUG : switch.s_leftlane : Creating 's_leftlane' with config: {'type': 'NO', 'events_when_activated': [], 'tags': [], 'debug': False, 'events_when_deactivated': [], 'debounce': 'True', 'number_str': '74', 'debounce_open': 0, 'number': '74', 'platform': None, 'recycle_time': 0.0, 'debounce_close': 0, 'label': '%'}
2016-03-14 13:01:41,246 : DEBUG : FAST : FAST Switch hardware tuple: ('4A', 1)
2016-03-14 13:01:41,247 : DEBUG : switch.s_rightoutlane : Creating 's_rightoutlane' with config: {'type': 'NO', 'events_when_activated': [], 'tags': [], 'debug': False, 'events_when_deactivated': [], 'debounce': 'True', 'number_str': '19', 'debounce_open': 0, 'number': '19', 'platform': None, 'recycle_time': 0.0, 'debounce_close': 0, 'label': '%'}
2016-03-14 13:01:41,247 : DEBUG : FAST : FAST Switch hardware tuple: ('13', 1)
2016-03-14 13:01:41,247 : DEBUG : switch.s_start : Creating 's_start' with config: {'type': 'NO', 'events_when_activated': [], 'tags': ['start'], 'debug': False, 'events_when_deactivated': [], 'debounce': 'True', 'number_str': '3', 'debounce_open': 0, 'number': '3', 'platform': None, 'recycle_time': 0.0, 'debounce_close': 0, 'label': '%'}
2016-03-14 13:01:41,247 : DEBUG : FAST : FAST Switch hardware tuple: ('03', 1)
2016-03-14 13:01:41,247 : DEBUG : switch.s_rightpop : Creating 's_rightpop' with config: {'type': 'NO', 'events_when_activated': [], 'tags': [], 'debug': False, 'events_when_deactivated': [], 'debounce': 'True', 'number_str': '78', 'debounce_open': 0, 'number': '78', 'platform': None, 'recycle_time': 0.0, 'debounce_close': 0, 'label': '%'}
2016-03-14 13:01:41,249 : DEBUG : FAST : FAST Switch hardware tuple: ('4E', 1)
2016-03-14 13:01:41,250 : DEBUG : switch.s_leftoutlane : Creating 's_leftoutlane' with config: {'type': 'NO', 'events_when_activated': [], 'tags': [], 'debug': False, 'events_when_deactivated': [], 'debounce': 'True', 'number_str': '20', 'debounce_open': 0, 'number': '20', 'platform': None, 'recycle_time': 0.0, 'debounce_close': 0, 'label': '%'}
2016-03-14 13:01:41,250 : DEBUG : FAST : FAST Switch hardware tuple: ('14', 1)
2016-03-14 13:01:41,250 : DEBUG : switch.s_leftpop : Creating 's_leftpop' with config: {'type': 'NO', 'events_when_activated': [], 'tags': [], 'debug': False, 'events_when_deactivated': [], 'debounce': 'True', 'number_str': '77', 'debounce_open': 0, 'number': '77', 'platform': None, 'recycle_time': 0.0, 'debounce_close': 0, 'label': '%'}
2016-03-14 13:01:41,251 : DEBUG : FAST : FAST Switch hardware tuple: ('4D', 1)
2016-03-14 13:01:41,252 : DEBUG : Clock : Scheduled a recurring clock callback (callback=<bound method Led.update_leds of <class 'mpf.devices.led.Led'>>, timeout=0, priority=-100)
2016-03-14 13:01:41,252 : DEBUG : Clock : Scheduled a recurring clock callback (callback=<bound method HardwarePlatform.update_leds of <Platform.FAST>>, timeout=0, priority=1)
2016-03-14 13:01:41,252 : DEBUG : FASTLED : Creating FAST RGB LED at hardware address: 80
2016-03-14 13:01:41,253 : DEBUG : FASTLED : Creating FAST RGB LED at hardware address: 44
2016-03-14 13:01:41,253 : DEBUG : FASTLED : Creating FAST RGB LED at hardware address: 52
2016-03-14 13:01:41,253 : DEBUG : FASTLED : Creating FAST RGB LED at hardware address: 4B
2016-03-14 13:01:41,253 : DEBUG : FASTLED : Creating FAST RGB LED at hardware address: 5D
2016-03-14 13:01:41,254 : DEBUG : FASTLED : Creating FAST RGB LED at hardware address: 46
2016-03-14 13:01:41,254 : DEBUG : FASTLED : Creating FAST RGB LED at hardware address: 86
2016-03-14 13:01:41,254 : DEBUG : FASTLED : Creating FAST RGB LED at hardware address: 4F
2016-03-14 13:01:41,254 : DEBUG : FASTLED : Creating FAST RGB LED at hardware address: 62
2016-03-14 13:01:41,255 : DEBUG : FASTLED : Creating FAST RGB LED at hardware address: 6D
2016-03-14 13:01:41,255 : DEBUG : FASTLED : Creating FAST RGB LED at hardware address: 69
2016-03-14 13:01:41,255 : DEBUG : FASTLED : Creating FAST RGB LED at hardware address: 95
2016-03-14 13:01:41,255 : DEBUG : FASTLED : Creating FAST RGB LED at hardware address: 93
2016-03-14 13:01:41,256 : DEBUG : FASTLED : Creating FAST RGB LED at hardware address: 89
2016-03-14 13:01:41,256 : DEBUG : FASTLED : Creating FAST RGB LED at hardware address: 83
2016-03-14 13:01:41,256 : DEBUG : FASTLED : Creating FAST RGB LED at hardware address: 84
2016-03-14 13:01:41,257 : DEBUG : FASTLED : Creating FAST RGB LED at hardware address: 8C
2016-03-14 13:01:41,257 : DEBUG : FASTLED : Creating FAST RGB LED at hardware address: 5A
2016-03-14 13:01:41,257 : DEBUG : FASTLED : Creating FAST RGB LED at hardware address: 8D
2016-03-14 13:01:41,257 : DEBUG : FASTLED : Creating FAST RGB LED at hardware address: 42
2016-03-14 13:01:41,258 : DEBUG : FASTLED : Creating FAST RGB LED at hardware address: 53
2016-03-14 13:01:41,258 : DEBUG : FASTLED : Creating FAST RGB LED at hardware address: 67
2016-03-14 13:01:41,258 : DEBUG : FASTLED : Creating FAST RGB LED at hardware address: 90
2016-03-14 13:01:41,259 : DEBUG : FASTLED : Creating FAST RGB LED at hardware address: 57
2016-03-14 13:01:41,259 : DEBUG : FASTLED : Creating FAST RGB LED at hardware address: 6C
2016-03-14 13:01:41,259 : DEBUG : FASTLED : Creating FAST RGB LED at hardware address: 8E
2016-03-14 13:01:41,259 : DEBUG : FASTLED : Creating FAST RGB LED at hardware address: 41
2016-03-14 13:01:41,260 : DEBUG : FASTLED : Creating FAST RGB LED at hardware address: 88
2016-03-14 13:01:41,260 : DEBUG : FASTLED : Creating FAST RGB LED at hardware address: 6A
2016-03-14 13:01:41,260 : DEBUG : FASTLED : Creating FAST RGB LED at hardware address: 8B
2016-03-14 13:01:41,260 : DEBUG : FASTLED : Creating FAST RGB LED at hardware address: 60
2016-03-14 13:01:41,261 : DEBUG : FASTLED : Creating FAST RGB LED at hardware address: 4E
2016-03-14 13:01:41,261 : DEBUG : FASTLED : Creating FAST RGB LED at hardware address: 6E
2016-03-14 13:01:41,261 : DEBUG : FASTLED : Creating FAST RGB LED at hardware address: 55
2016-03-14 13:01:41,261 : DEBUG : FASTLED : Creating FAST RGB LED at hardware address: 5B
2016-03-14 13:01:41,262 : DEBUG : FASTLED : Creating FAST RGB LED at hardware address: 61
2016-03-14 13:01:41,263 : DEBUG : FASTLED : Creating FAST RGB LED at hardware address: 65
2016-03-14 13:01:41,264 : DEBUG : FASTLED : Creating FAST RGB LED at hardware address: 59
2016-03-14 13:01:41,265 : DEBUG : FASTLED : Creating FAST RGB LED at hardware address: 68
2016-03-14 13:01:41,266 : DEBUG : FASTLED : Creating FAST RGB LED at hardware address: 81
2016-03-14 13:01:41,267 : DEBUG : FASTLED : Creating FAST RGB LED at hardware address: 64
2016-03-14 13:01:41,267 : DEBUG : FASTLED : Creating FAST RGB LED at hardware address: 49
2016-03-14 13:01:41,267 : DEBUG : FASTLED : Creating FAST RGB LED at hardware address: 43
2016-03-14 13:01:41,268 : DEBUG : FASTLED : Creating FAST RGB LED at hardware address: 4D
2016-03-14 13:01:41,268 : DEBUG : FASTLED : Creating FAST RGB LED at hardware address: 50
2016-03-14 13:01:41,268 : DEBUG : FASTLED : Creating FAST RGB LED at hardware address: 8A
2016-03-14 13:01:41,268 : DEBUG : FASTLED : Creating FAST RGB LED at hardware address: 66
2016-03-14 13:01:41,268 : DEBUG : FASTLED : Creating FAST RGB LED at hardware address: 63
2016-03-14 13:01:41,269 : DEBUG : FASTLED : Creating FAST RGB LED at hardware address: 87
2016-03-14 13:01:41,269 : DEBUG : FASTLED : Creating FAST RGB LED at hardware address: 6B
2016-03-14 13:01:41,269 : DEBUG : FASTLED : Creating FAST RGB LED at hardware address: 85
2016-03-14 13:01:41,269 : DEBUG : FASTLED : Creating FAST RGB LED at hardware address: 91
2016-03-14 13:01:41,270 : DEBUG : FASTLED : Creating FAST RGB LED at hardware address: 5C
2016-03-14 13:01:41,270 : DEBUG : FASTLED : Creating FAST RGB LED at hardware address: 5F
2016-03-14 13:01:41,270 : DEBUG : FASTLED : Creating FAST RGB LED at hardware address: 92
2016-03-14 13:01:41,271 : DEBUG : FASTLED : Creating FAST RGB LED at hardware address: 4C
2016-03-14 13:01:41,271 : DEBUG : FASTLED : Creating FAST RGB LED at hardware address: 4A
2016-03-14 13:01:41,271 : DEBUG : FASTLED : Creating FAST RGB LED at hardware address: 82
2016-03-14 13:01:41,271 : DEBUG : FASTLED : Creating FAST RGB LED at hardware address: 51
2016-03-14 13:01:41,272 : DEBUG : FASTLED : Creating FAST RGB LED at hardware address: 58
2016-03-14 13:01:41,272 : DEBUG : FASTLED : Creating FAST RGB LED at hardware address: 47
2016-03-14 13:01:41,272 : DEBUG : FASTLED : Creating FAST RGB LED at hardware address: 48
2016-03-14 13:01:41,272 : DEBUG : FASTLED : Creating FAST RGB LED at hardware address: 5E
2016-03-14 13:01:41,273 : DEBUG : FASTLED : Creating FAST RGB LED at hardware address: 6F
2016-03-14 13:01:41,273 : DEBUG : FASTLED : Creating FAST RGB LED at hardware address: 8F
2016-03-14 13:01:41,273 : DEBUG : FASTLED : Creating FAST RGB LED at hardware address: 54
2016-03-14 13:01:41,273 : DEBUG : FASTLED : Creating FAST RGB LED at hardware address: 56
2016-03-14 13:01:41,274 : DEBUG : FASTLED : Creating FAST RGB LED at hardware address: 94
2016-03-14 13:01:41,278 : DEBUG : Events : Registered BallDevice._initialize_phase_2 as a handler for 'init_phase_2', priority: 1, kwargs: {}
2016-03-14 13:01:41,278 : DEBUG : Events : Registered BallDevice._initialize_phase_3 as a handler for 'init_phase_3', priority: 1, kwargs: {}
2016-03-14 13:01:41,278 : DEBUG : Events : Registered BallDevice._initialize_phase_4 as a handler for 'init_phase_4', priority: 1, kwargs: {}
2016-03-14 13:01:41,279 : DEBUG : Events : Registered BallDevice._initialize_phase_2 as a handler for 'init_phase_2', priority: 1, kwargs: {}
2016-03-14 13:01:41,279 : DEBUG : Events : Registered BallDevice._initialize_phase_3 as a handler for 'init_phase_3', priority: 1, kwargs: {}
2016-03-14 13:01:41,279 : DEBUG : Events : Registered BallDevice._initialize_phase_4 as a handler for 'init_phase_4', priority: 1, kwargs: {}
2016-03-14 13:01:41,280 : DEBUG : Events : Registered BallDevice._initialize_phase_2 as a handler for 'init_phase_2', priority: 1, kwargs: {}
2016-03-14 13:01:41,280 : DEBUG : Events : Registered BallDevice._initialize_phase_3 as a handler for 'init_phase_3', priority: 1, kwargs: {}
2016-03-14 13:01:41,280 : DEBUG : Events : Registered BallDevice._initialize_phase_4 as a handler for 'init_phase_4', priority: 1, kwargs: {}
2016-03-14 13:01:41,281 : DEBUG : Events : Registered BallDevice._initialize_phase_2 as a handler for 'init_phase_2', priority: 1, kwargs: {}
2016-03-14 13:01:41,282 : DEBUG : Events : Registered BallDevice._initialize_phase_3 as a handler for 'init_phase_3', priority: 1, kwargs: {}
2016-03-14 13:01:41,282 : DEBUG : Events : Registered BallDevice._initialize_phase_4 as a handler for 'init_phase_4', priority: 1, kwargs: {}
2016-03-14 13:01:41,283 : DEBUG : Events : Registered BallDevice._initialize_phase_2 as a handler for 'init_phase_2', priority: 1, kwargs: {}
2016-03-14 13:01:41,283 : DEBUG : Events : Registered BallDevice._initialize_phase_3 as a handler for 'init_phase_3', priority: 1, kwargs: {}
2016-03-14 13:01:41,283 : DEBUG : Events : Registered BallDevice._initialize_phase_4 as a handler for 'init_phase_4', priority: 1, kwargs: {}
2016-03-14 13:01:41,284 : DEBUG : Events : Registered BallDevice._initialize_phase_2 as a handler for 'init_phase_2', priority: 1, kwargs: {}
2016-03-14 13:01:41,284 : DEBUG : Events : Registered BallDevice._initialize_phase_3 as a handler for 'init_phase_3', priority: 1, kwargs: {}
2016-03-14 13:01:41,284 : DEBUG : Events : Registered BallDevice._initialize_phase_4 as a handler for 'init_phase_4', priority: 1, kwargs: {}
2016-03-14 13:01:41,285 : DEBUG : Events : Registered BallSearch.request_to_start_game as a handler for 'request_to_start_game', priority: 1, kwargs: {}
2016-03-14 13:01:41,285 : DEBUG : Events : Registered Playfield._source_device_eject_success as a handler for 'balldevice_bd_lower_vuk_ball_eject_success', priority: 1, kwargs: {}
2016-03-14 13:01:41,285 : DEBUG : Events : Registered Playfield._source_device_eject_failed as a handler for 'balldevice_bd_lower_vuk_ball_eject_failed', priority: 1, kwargs: {}
2016-03-14 13:01:41,285 : DEBUG : Events : Registered Playfield._source_device_eject_attempt as a handler for 'balldevice_bd_lower_vuk_ball_eject_attempt', priority: 1, kwargs: {}
2016-03-14 13:01:41,285 : DEBUG : Events : Registered Playfield._source_device_eject_success as a handler for 'balldevice_bd_plunger_ball_eject_success', priority: 1, kwargs: {}
2016-03-14 13:01:41,285 : DEBUG : Events : Registered Playfield._source_device_eject_failed as a handler for 'balldevice_bd_plunger_ball_eject_failed', priority: 1, kwargs: {}
2016-03-14 13:01:41,286 : DEBUG : Events : Registered Playfield._source_device_eject_attempt as a handler for 'balldevice_bd_plunger_ball_eject_attempt', priority: 1, kwargs: {}
2016-03-14 13:01:41,286 : DEBUG : Events : Registered Playfield._source_device_eject_success as a handler for 'balldevice_bd_top_right_vuk_ball_eject_success', priority: 1, kwargs: {}
2016-03-14 13:01:41,286 : DEBUG : Events : Registered Playfield._source_device_eject_failed as a handler for 'balldevice_bd_top_right_vuk_ball_eject_failed', priority: 1, kwargs: {}
2016-03-14 13:01:41,286 : DEBUG : Events : Registered Playfield._source_device_eject_attempt as a handler for 'balldevice_bd_top_right_vuk_ball_eject_attempt', priority: 1, kwargs: {}
2016-03-14 13:01:41,286 : DEBUG : Events : Registered Playfield._source_device_eject_success as a handler for 'balldevice_bd_top_kicker_ball_eject_success', priority: 1, kwargs: {}
2016-03-14 13:01:41,286 : DEBUG : Events : Registered Playfield._source_device_eject_failed as a handler for 'balldevice_bd_top_kicker_ball_eject_failed', priority: 1, kwargs: {}
2016-03-14 13:01:41,287 : DEBUG : Events : Registered Playfield._source_device_eject_attempt as a handler for 'balldevice_bd_top_kicker_ball_eject_attempt', priority: 1, kwargs: {}
2016-03-14 13:01:41,287 : DEBUG : Events : Registered Playfield._source_device_eject_success as a handler for 'balldevice_bd_drain_ball_eject_success', priority: 1, kwargs: {}
2016-03-14 13:01:41,287 : DEBUG : Events : Registered Playfield._source_device_eject_failed as a handler for 'balldevice_bd_drain_ball_eject_failed', priority: 1, kwargs: {}
2016-03-14 13:01:41,287 : DEBUG : Events : Registered Playfield._source_device_eject_attempt as a handler for 'balldevice_bd_drain_ball_eject_attempt', priority: 1, kwargs: {}
2016-03-14 13:01:41,287 : DEBUG : Events : Registered Playfield._source_device_eject_success as a handler for 'balldevice_bd_trough_ball_eject_success', priority: 1, kwargs: {}
2016-03-14 13:01:41,287 : DEBUG : Events : Registered Playfield._source_device_eject_failed as a handler for 'balldevice_bd_trough_ball_eject_failed', priority: 1, kwargs: {}
2016-03-14 13:01:41,287 : DEBUG : Events : Registered Playfield._source_device_eject_attempt as a handler for 'balldevice_bd_trough_ball_eject_attempt', priority: 1, kwargs: {}
2016-03-14 13:01:41,288 : DEBUG : Events : Registered Playfield._ball_removed_handler as a handler for 'balldevice_captured_from_playfield', priority: 1, kwargs: {}
2016-03-14 13:01:41,288 : DEBUG : Events : Registered Playfield.playfield_switch_hit as a handler for 'sw_playfield_active', priority: 1, kwargs: {}
2016-03-14 13:01:41,288 : DEBUG : Events : Registered Playfield._initialize as a handler for 'init_phase_2', priority: 1, kwargs: {}
2016-03-14 13:01:41,289 : DEBUG : Events : Registered DropTarget._update_state_from_switch as a handler for 'init_phase_4', priority: 1, kwargs: {}
2016-03-14 13:01:41,289 : DEBUG : Events : Registered DropTarget._register_switch_handlers as a handler for 'init_phase_4', priority: 1, kwargs: {}
2016-03-14 13:01:41,289 : DEBUG : Events : Registered DropTarget._update_state_from_switch as a handler for 'init_phase_4', priority: 1, kwargs: {}
2016-03-14 13:01:41,290 : DEBUG : Events : Registered DropTarget._register_switch_handlers as a handler for 'init_phase_4', priority: 1, kwargs: {}
2016-03-14 13:01:41,290 : DEBUG : Events : Registered DropTarget._update_state_from_switch as a handler for 'init_phase_4', priority: 1, kwargs: {}
2016-03-14 13:01:41,290 : DEBUG : Events : Registered DropTarget._register_switch_handlers as a handler for 'init_phase_4', priority: 1, kwargs: {}
2016-03-14 13:01:41,290 : DEBUG : Events : Registered DropTarget._update_state_from_switch as a handler for 'init_phase_4', priority: 1, kwargs: {}
2016-03-14 13:01:41,291 : DEBUG : Events : Registered DropTarget._register_switch_handlers as a handler for 'init_phase_4', priority: 1, kwargs: {}
2016-03-14 13:01:41,291 : DEBUG : Events : Registered DropTarget._update_state_from_switch as a handler for 'init_phase_4', priority: 1, kwargs: {}
2016-03-14 13:01:41,291 : DEBUG : Events : Registered DropTarget._register_switch_handlers as a handler for 'init_phase_4', priority: 1, kwargs: {}
2016-03-14 13:01:41,291 : DEBUG : Events : ^^^^ Posted event 'drop_targets_up'. Type: None, Callback: None, Args: {}
2016-03-14 13:01:41,292 : DEBUG : Events : ============== EVENTS QUEUE =============
2016-03-14 13:01:41,292 : DEBUG : Events : drop_targets_up, None, None, {}
2016-03-14 13:01:41,292 : DEBUG : Events : =========================================
2016-03-14 13:01:41,294 : DEBUG : flipper.left_flipper : Enabling debug logging
2016-03-14 13:01:41,294 : DEBUG : flipper.left_flipper : Configuring device with settings: '{'eos_switch': None, 'enable_no_hold_events': {}, 'hold_power': None, 'tags': [], 'hold_coil': <coil.c_leftflipperhold>, 'drive_now': False, 'hold_power32': None, 'pwm_off_ms': None, 'debounced': False, 'activation_switch': <switch.s_leftflipper>, 'hold_pwm_mask': None, 'pulse_ms': None, 'enable_events': {'machine_reset_phase_3': 0}, 'invert_events': {}, 'disable_events': {'ball_ending': 0}, 'pulse_pwm_mask': None, 'pulse_power': None, 'pulse_power32': None, 'label': '%', 'debug': True, 'pwm_on_ms': None, 'recycle_ms': None, 'use_eos': False, 'main_coil': <coil.c_leftflippermain>}'
2016-03-14 13:01:41,294 : DEBUG : flipper.left_flipper : Platform Driver: None
2016-03-14 13:01:41,294 : DEBUG : flipper.left_flipper : Platform Driver: <Platform.FAST>
2016-03-14 13:01:41,294 : DEBUG : flipper.upper_right_flipper : Enabling debug logging
2016-03-14 13:01:41,295 : DEBUG : flipper.upper_right_flipper : Configuring device with settings: '{'eos_switch': None, 'enable_no_hold_events': {}, 'hold_power': None, 'tags': [], 'hold_coil': <coil.c_upperrightflipperhold>, 'drive_now': False, 'hold_power32': None, 'pwm_off_ms': None, 'debounced': False, 'activation_switch': <switch.s_rightupperflipper>, 'hold_pwm_mask': None, 'pulse_ms': None, 'enable_events': {'machine_reset_phase_3': 0}, 'invert_events': {}, 'disable_events': {'ball_ending': 0}, 'pulse_pwm_mask': None, 'pulse_power': None, 'pulse_power32': None, 'label': '%', 'debug': True, 'pwm_on_ms': None, 'recycle_ms': None, 'use_eos': False, 'main_coil': <coil.c_upperrightflippermain>}'
2016-03-14 13:01:41,295 : DEBUG : flipper.upper_right_flipper : Platform Driver: None
2016-03-14 13:01:41,295 : DEBUG : flipper.upper_right_flipper : Platform Driver: <Platform.FAST>
2016-03-14 13:01:41,295 : DEBUG : flipper.right_flipper : Enabling debug logging
2016-03-14 13:01:41,295 : DEBUG : flipper.right_flipper : Configuring device with settings: '{'eos_switch': None, 'enable_no_hold_events': {}, 'hold_power': None, 'tags': [], 'hold_coil': <coil.c_rightflipperhold>, 'drive_now': False, 'hold_power32': None, 'pwm_off_ms': None, 'debounced': False, 'activation_switch': <switch.s_rightflipper>, 'hold_pwm_mask': None, 'pulse_ms': None, 'enable_events': {'machine_reset_phase_3': 0}, 'invert_events': {}, 'disable_events': {'ball_ending': 0}, 'pulse_pwm_mask': None, 'pulse_power': None, 'pulse_power32': None, 'label': '%', 'debug': True, 'pwm_on_ms': None, 'recycle_ms': None, 'use_eos': False, 'main_coil': <coil.c_rightflippermain>}'
2016-03-14 13:01:41,296 : DEBUG : flipper.right_flipper : Platform Driver: None
2016-03-14 13:01:41,296 : DEBUG : flipper.right_flipper : Platform Driver: <Platform.FAST>
2016-03-14 13:01:41,297 : DEBUG : Events : Registered Diverter._feeder_eject_attempt as a handler for 'balldevice_playfield_ball_eject_attempt', priority: 1, kwargs: {}
2016-03-14 13:01:41,297 : DEBUG : Events : Registered Diverter._feeder_eject_count_decrease as a handler for 'balldevice_playfield_ball_eject_failed', priority: 1, kwargs: {}
2016-03-14 13:01:41,297 : DEBUG : Events : Registered Diverter._feeder_eject_count_decrease as a handler for 'balldevice_playfield_ball_eject_success', priority: 1, kwargs: {}
2016-03-14 13:01:41,297 : DEBUG : Events : Registered Diverter._register_switches as a handler for 'init_phase_3', priority: 1, kwargs: {}
2016-03-14 13:01:41,297 : DEBUG : Events : Registered Diverter._feeder_eject_attempt as a handler for 'balldevice_playfield_ball_eject_attempt', priority: 1, kwargs: {}
2016-03-14 13:01:41,298 : DEBUG : Events : Registered Diverter._feeder_eject_count_decrease as a handler for 'balldevice_playfield_ball_eject_failed', priority: 1, kwargs: {}
2016-03-14 13:01:41,298 : DEBUG : Events : Registered Diverter._feeder_eject_count_decrease as a handler for 'balldevice_playfield_ball_eject_success', priority: 1, kwargs: {}
2016-03-14 13:01:41,298 : DEBUG : Events : Registered Diverter._register_switches as a handler for 'init_phase_3', priority: 1, kwargs: {}
2016-03-14 13:01:41,300 : DEBUG : Events : ConfigPlayer._initialize (priority: 1) responding to event 'init_phase_1' with args {}
2016-03-14 13:01:41,301 : DEBUG : Events : ConfigPlayer._initialize (priority: 1) responding to event 'init_phase_1' with args {}
2016-03-14 13:01:41,301 : DEBUG : Events : ConfigPlayer._initialize (priority: 1) responding to event 'init_phase_1' with args {}
2016-03-14 13:01:41,301 : DEBUG : Events : ConfigPlayer._initialize (priority: 1) responding to event 'init_phase_1' with args {}
2016-03-14 13:01:41,301 : DEBUG : Events : ConfigPlayer._initialize (priority: 1) responding to event 'init_phase_1' with args {}
2016-03-14 13:01:41,301 : DEBUG : Events : Registered ShowPlayer.play as a handler for 'mode_attract_started', priority: 0, kwargs: {'settings': {'shows': {'new_flash': {'leds': 'l_wizard_shot, l_advance_wizard, l_north_america, l_music_award', 'loops': -1, 'blend': False, 'repeat': 'True', 'priority': 0, 'step_num': 0, 'action': 'play', 'hold': False, 'speed': 2.0}, 'concert1': {'leds': 'l_left_pop', 'loops': -1, 'blend': False, 'repeat': 'True', 'priority': 0, 'step_num': 0, 'action': 'play', 'hold': False, 'speed': 2.5}, 'concert2': {'leds': 'l_right_pop', 'loops': -1, 'blend': False, 'repeat': 'True', 'priority': 0, 'step_num': 0, 'action': 'play', 'hold': False, 'speed': 2.5}, 'concert3': {'leds': 'l_bottom_pop', 'loops': -1, 'blend': False, 'repeat': 'True', 'priority': 0, 'step_num': 0, 'action': 'play', 'hold': False, 'speed': 2.5}, 'gi_on': {'led_tags': 'gi', 'loops': -1, 'blend': False, 'repeat': 'True', 'priority': 0, 'step_num': 0, 'action': 'play', 'hold': False, 'speed': 1.0}}}, 'mode': None}
2016-03-14 13:01:41,302 : DEBUG : Events : ConfigPlayer._initialize (priority: 1) responding to event 'init_phase_1' with args {}
2016-03-14 13:01:41,302 : DEBUG : Events : ConfigPlayer._initialize (priority: 1) responding to event 'init_phase_1' with args {}
2016-03-14 13:01:41,302 : DEBUG : Events : ConfigPlayer._initialize (priority: 1) responding to event 'init_phase_1' with args {}
2016-03-14 13:01:41,302 : DEBUG : Events : ConfigPlayer._initialize (priority: 1) responding to event 'init_phase_1' with args {}
2016-03-14 13:01:41,302 : DEBUG : Events : ConfigPlayer._initialize (priority: 1) responding to event 'init_phase_1' with args {}
2016-03-14 13:01:41,302 : DEBUG : Events : vvvv Finished event 'init_phase_1'. Type: None. Callback: None. Args: {}
2016-03-14 13:01:41,302 : DEBUG : Events : ^^^^ Processing event 'drop_targets_up'. Type: None, Callback: None, Args: {}
2016-03-14 13:01:41,302 : DEBUG : Events : vvvv Finished event 'drop_targets_up'. Type: None. Callback: None. Args: {}
2016-03-14 13:01:41,303 : DEBUG : Events : ^^^^ Posted event 'init_phase_2'. Type: None, Callback: None, Args: {}
2016-03-14 13:01:41,303 : DEBUG : Events : ============== EVENTS QUEUE =============
2016-03-14 13:01:41,303 : DEBUG : Events : init_phase_2, None, None, {}
2016-03-14 13:01:41,303 : DEBUG : Events : =========================================
2016-03-14 13:01:41,303 : DEBUG : Events : ^^^^ Processing event 'init_phase_2'. Type: None, Callback: None, Args: {}
2016-03-14 13:01:41,303 : DEBUG : Events : SwitchController._initialize_switches (priority: 1000) responding to event 'init_phase_2' with args {}
2016-03-14 13:01:58,689 : INFO : FAST : Received SA: 01,00,0B,00000000002D00001F0100
2016-03-14 13:01:58,694 : DEBUG : SwitchController : Processing switch. Name: None, state: 1, logical: False,num: ('18', 1), obj: None, debounced: True
2016-03-14 13:01:58,694 : ERROR : root : 's_rightinlane'
Traceback (most recent call last):
  File "/Users/gabe/pinball/mpf30/mpf/commands/core.py", line 135, in __init__
    MachineController(mpf_path, machine_path, vars(args)).run()
  File "/Users/gabe/pinball/mpf30/mpf/core/machine.py", line 132, in __init__
    self.events.process_event_queue()
  File "/Users/gabe/pinball/mpf30/mpf/core/events.py", line 492, in process_event_queue
    **event[3])
  File "/Users/gabe/pinball/mpf30/mpf/core/events.py", line 430, in _process_event
    result = handler[0](**merged_kwargs)
  File "/Users/gabe/pinball/mpf30/mpf/core/switch_controller.py", line 61, in _initialize_switches
    self.update_switches_from_hw()
  File "/Users/gabe/pinball/mpf30/mpf/core/switch_controller.py", line 129, in update_switches_from_hw
    switch_states = platform.get_hw_switch_states()
  File "/Users/gabe/pinball/mpf30/mpf/platforms/fast.py", line 358, in get_hw_switch_states
    self.tick(0.01)
  File "/Users/gabe/pinball/mpf30/mpf/platforms/fast.py", line 622, in tick
    self.process_received_message(self.receive_queue.get(False))
  File "/Users/gabe/pinball/mpf30/mpf/platforms/fast.py", line 305, in process_received_message
    self.fast_commands[cmd](payload)
  File "/Users/gabe/pinball/mpf30/mpf/platforms/fast.py", line 395, in receive_nw_closed
    num=(msg, 1))
  File "/Users/gabe/pinball/mpf30/mpf/core/switch_controller.py", line 349, in process_switch
    if self.switches[name]['state'] == state:
  File "/Users/gabe/pinball/mpf30/mpf/core/case_insensitive_dict.py", line 14, in __getitem__
    return super().__getitem__(self.__class__.lower(key))
KeyError: 's_rightinlane'
