2016-05-14 00:14:48,371 : INFO : Machine : Mission Pinball Framework Core Engine v0.30.0.dev1482
2016-05-14 00:14:48,372 : DEBUG : Machine : Command line arguments: {'force_platform': None, 'mpfconfigfile': '/Applications/MPF.app/Contents/Frameworks/python/3.5.0/lib/python3.5/site-packages/mpf/mpfconfig.yaml', 'configfile': ['config'], 'pause': False, 'bcp': False, 'create_config_cache': True, 'logfile': 'logs/2016-05-14-00-14-48-mpf-Gabriels-MacBook-Pro.local.log', 'no_load_cache': False, 'loglevel': 10, 'consoleloglevel': True}
2016-05-14 00:14:48,372 : DEBUG : Machine : MPF path: /Applications/MPF.app/Contents/Frameworks/python/3.5.0/lib/python3.5/site-packages/mpf
2016-05-14 00:14:48,372 : INFO : Machine : Machine path: /Users/gabe/Dropbox/Pinball/Gabe/bnd
2016-05-14 00:14:48,372 : DEBUG : Machine : Command line arguments: {'force_platform': None, 'mpfconfigfile': '/Applications/MPF.app/Contents/Frameworks/python/3.5.0/lib/python3.5/site-packages/mpf/mpfconfig.yaml', 'configfile': ['config'], 'pause': False, 'bcp': False, 'create_config_cache': True, 'logfile': 'logs/2016-05-14-00-14-48-mpf-Gabriels-MacBook-Pro.local.log', 'no_load_cache': False, 'loglevel': 10, 'consoleloglevel': True}
2016-05-14 00:14:48,372 : DEBUG : Machine : Python version: 3.5.0
2016-05-14 00:14:48,372 : DEBUG : Machine : Platform: darwin
2016-05-14 00:14:48,372 : DEBUG : Machine : Python executable location: /Applications/MPF.app/Contents/Resources/python
2016-05-14 00:14:48,372 : DEBUG : Machine : 32-bit Python? False
2016-05-14 00:14:48,373 : DEBUG : Machine : Machine path: /Users/gabe/Dropbox/Pinball/Gabe/bnd
2016-05-14 00:14:48,608 : INFO : Machine : Loading config from original files
2016-05-14 00:14:48,608 : DEBUG : YAML File Interface : Loading file: /Applications/MPF.app/Contents/Frameworks/python/3.5.0/lib/python3.5/site-packages/mpf/mpfconfig.yaml
2016-05-14 00:14:48,659 : INFO : Machine : Machine config file #1: /Users/gabe/Dropbox/Pinball/Gabe/bnd/config/config
2016-05-14 00:14:48,659 : DEBUG : YAML File Interface : Loading file: /Users/gabe/Dropbox/Pinball/Gabe/bnd/config/config.yaml
2016-05-14 00:14:48,807 : INFO : Machine : Config file cache created: /var/folders/c1/z5pg47y54_s14cd2m1zmk1kc0000gn/T/db0cb78b77a969ed262a283d7c7743faconfig
2016-05-14 00:14:48,808 : DEBUG : Clock : Starting clock (maximum frames per second=30.0)
2016-05-14 00:14:48,808 : INFO : Machine : Starting clock at 30.0Hz
2016-05-14 00:14:48,808 : DEBUG : Clock : Scheduled a recurring clock callback (callback=<bound method MachineController._check_crash_queue of <mpf.core.machine.MachineController object at 0x10f260ef0>>, timeout=1, priority=1)
2016-05-14 00:14:48,815 : DEBUG : Pololu Maestro : Configuring template hardware interface.
2016-05-14 00:14:48,822 : INFO : FAST : Configuring FAST hardware.
2016-05-14 00:14:48,822 : DEBUG : Machine : Setting default platform to 'fast'
2016-05-14 00:14:48,822 : INFO : Machine : Loading core modules...
2016-05-14 00:14:48,823 : DEBUG : Machine : Loading 'mpf.core.events.EventManager' core module
2016-05-14 00:14:48,824 : DEBUG : Machine : Loading 'mpf.core.mode_controller.ModeController' core module
2016-05-14 00:14:48,828 : DEBUG : Events : Registered ModeController._load_modes as a handler for 'init_phase_2', priority: 1, kwargs: {}
2016-05-14 00:14:48,828 : DEBUG : Events : Registered ModeController._ball_ending as a handler for 'ball_ending', priority: 0, kwargs: {}
2016-05-14 00:14:48,828 : DEBUG : Events : Registered ModeController._ball_starting as a handler for 'ball_starting', priority: 0, kwargs: {}
2016-05-14 00:14:48,828 : DEBUG : Events : Registered ModeController._player_added as a handler for 'player_add_success', priority: 0, kwargs: {}
2016-05-14 00:14:48,829 : DEBUG : Events : Registered ModeController._player_turn_start as a handler for 'player_turn_start', priority: 1000000, kwargs: {}
2016-05-14 00:14:48,829 : DEBUG : Events : Registered ModeController._player_turn_stop as a handler for 'player_turn_stop', priority: 1000000, kwargs: {}
2016-05-14 00:14:48,829 : DEBUG : Machine : Loading 'mpf.core.config_processor.ConfigProcessor' core module
2016-05-14 00:14:48,830 : DEBUG : Machine : Loading 'mpf.core.shot_profile_manager.ShotProfileManager' core module
2016-05-14 00:14:48,831 : DEBUG : ShotProfileManager : Registering Shot Profile: 'default'
2016-05-14 00:14:48,832 : DEBUG : ShotProfileManager : Processed 'default' profile configuration: {'block': True, 'loop': False, 'show': None, 'state_names_to_rotate': [], 'rotation_pattern': deque(['right']), 'advance_on_hit': True, 'hold': None, 'state_names_to_not_rotate': [], 'show_when_disabled': False, 'player_variable': '%_default', 'states': [{'manual_advance': False, 'sync_ms': 0, 'loops': -1, 'hold': True, 'action': 'play', 'show_tokens': {}, 'key': None, 'show': 'off', 'priority': 0, 'name': 'unlit', 'start_step': 1, 'speed': 1.0, 'reset': True}, {'manual_advance': False, 'sync_ms': 0, 'loops': -1, 'hold': True, 'action': 'play', 'show_tokens': {}, 'key': None, 'show': 'on', 'priority': 0, 'name': 'lit', 'start_step': 1, 'speed': 1.0, 'reset': True}]}
2016-05-14 00:14:48,833 : DEBUG : Mode Controller : Registering <bound method ShotProfileManager.mode_start_for_shots of <mpf.core.shot_profile_manager.ShotProfileManager object at 0x10f3098d0>> as a mode start method. Config section: shots, priority: 0, kwargs: {}
2016-05-14 00:14:48,833 : DEBUG : Mode Controller : Registering <bound method ShotProfileManager.mode_start_for_shot_groups of <mpf.core.shot_profile_manager.ShotProfileManager object at 0x10f3098d0>> as a mode start method. Config section: shot_groups, priority: 0, kwargs: {}
2016-05-14 00:14:48,834 : DEBUG : Events : Registered ShotProfileManager._player_turn_start as a handler for 'player_turn_start', priority: 1000000, kwargs: {}
2016-05-14 00:14:48,834 : DEBUG : Events : Registered ShotProfileManager._player_turn_stop as a handler for 'player_turn_stop', priority: 0, kwargs: {}
2016-05-14 00:14:48,834 : DEBUG : Machine : Loading 'mpf.core.device_manager.DeviceManager' core module
2016-05-14 00:14:48,835 : DEBUG : Events : Registered DeviceManager._load_device_modules as a handler for 'init_phase_1', priority: 1, kwargs: {}
2016-05-14 00:14:48,835 : DEBUG : Events : Registered DeviceManager.create_machinewide_device_control_events as a handler for 'init_phase_2', priority: 1, kwargs: {}
2016-05-14 00:14:48,836 : DEBUG : Events : Registered DeviceManager.create_collection_control_events as a handler for 'init_phase_2', priority: 1, kwargs: {}
2016-05-14 00:14:48,836 : DEBUG : Machine : Loading 'mpf.core.switch_controller.SwitchController' core module
2016-05-14 00:14:48,837 : DEBUG : Clock : Scheduled a recurring clock callback (callback=<bound method SwitchController._tick of <mpf.core.switch_controller.SwitchController object at 0x10f310630>>, timeout=0, priority=1000)
2016-05-14 00:14:48,838 : DEBUG : Events : Registered SwitchController._initialize_switches as a handler for 'init_phase_2', priority: 1000, kwargs: {}
2016-05-14 00:14:48,838 : DEBUG : Events : Registered SwitchController.log_active_switches as a handler for 'machine_reset_phase_3', priority: 1, kwargs: {}
2016-05-14 00:14:48,838 : DEBUG : Machine : Loading 'mpf.core.ball_controller.BallController' core module
2016-05-14 00:14:48,839 : DEBUG : BallController : Loading the BallController
2016-05-14 00:14:48,839 : DEBUG : Events : Registered BallController.request_to_start_game as a handler for 'request_to_start_game', priority: 1, kwargs: {}
2016-05-14 00:14:48,839 : DEBUG : Events : Registered BallController._initialize as a handler for 'machine_reset_phase_2', priority: 1, kwargs: {}
2016-05-14 00:14:48,840 : DEBUG : Events : Registered BallController._init2 as a handler for 'init_phase_2', priority: 1, kwargs: {}
2016-05-14 00:14:48,840 : DEBUG : Machine : Loading 'mpf.core.assets.AssetManager' core module
2016-05-14 00:14:48,841 : DEBUG : AssetManager : Initializing...
2016-05-14 00:14:48,842 : DEBUG : Mode Controller : Registering <bound method AssetManager._load_mode_assets of <mpf.core.assets.AssetManager object at 0x10f3131d0>> as a mode start method. Config section: None, priority: 0, kwargs: {}
2016-05-14 00:14:48,842 : DEBUG : Events : Registered AssetManager._create_assets as a handler for 'init_phase_3', priority: 1, kwargs: {}
2016-05-14 00:14:48,843 : DEBUG : Events : Registered AssetManager._bcp_client_asset_load as a handler for 'assets_to_load', priority: 1, kwargs: {}
2016-05-14 00:14:48,843 : DEBUG : Machine : Loading 'mpf.core.show_controller.ShowController' core module
2016-05-14 00:14:48,848 : DEBUG : Clock : Scheduled a recurring clock callback (callback=<bound method ShowController._tick of <mpf.core.show_controller.ShowController object at 0x10f3138d0>>, timeout=0, priority=1)
2016-05-14 00:14:48,849 : DEBUG : Events : Registered ShowController._initialize as a handler for 'init_phase_3', priority: 1, kwargs: {}
2016-05-14 00:14:48,849 : DEBUG : Machine : Loading 'mpf.core.bcp.BCP' core module
2016-05-14 00:14:48,849 : DEBUG : Events : Registered BCP.bcp_trigger as a handler for 'ball_started', priority: 1, kwargs: {'name': 'ball_started'}
2016-05-14 00:14:48,849 : DEBUG : Events : Registered BCP.bcp_trigger as a handler for 'ball_ended', priority: 1, kwargs: {'name': 'ball_ended'}
2016-05-14 00:14:48,850 : DEBUG : Events : Registered BCP.bcp_trigger as a handler for 'player_add_success', priority: 1, kwargs: {'name': 'player_add_success'}
2016-05-14 00:14:48,850 : DEBUG : Events : Registered BCP._bcp_event_callback as a handler for 'player_turn_start', priority: 1, kwargs: {'command': 'player_turn_start', 'params': {'player_num': '%number'}}
2016-05-14 00:14:48,850 : DEBUG : Events : Registered BCP._bcp_event_callback as a handler for 'ball_started', priority: 1, kwargs: {'command': 'ball_start', 'params': {'player_num': '%player', 'ball': '%ball'}}
2016-05-14 00:14:48,850 : DEBUG : Events : Registered BCP._bcp_event_callback as a handler for 'ball_ending', priority: 1, kwargs: {'command': 'ball_end'}
2016-05-14 00:14:48,851 : DEBUG : Events : Registered BCP._bcp_event_callback as a handler for 'clear', priority: 1, kwargs: {'command': 'trigger', 'params': {'key': '%key', 'name': 'clear'}}
2016-05-14 00:14:48,852 : DEBUG : Events : Registered BCP.bcp_trigger as a handler for 'player_score', priority: 1, kwargs: {'name': 'player_score'}
2016-05-14 00:14:48,852 : DEBUG : Events : Registered BCP._setup_dmds as a handler for 'init_phase_1', priority: 1, kwargs: {}
2016-05-14 00:14:48,853 : DEBUG : Events : Registered BCP._setup_bcp_connections as a handler for 'init_phase_2', priority: 1, kwargs: {}
2016-05-14 00:14:48,853 : DEBUG : Clock : Scheduled a recurring clock callback (callback=<bound method BCP.get_bcp_messages of <BCP Module>>, timeout=0, priority=1)
2016-05-14 00:14:48,853 : DEBUG : Events : Registered BCP.bcp_player_added as a handler for 'player_add_success', priority: 1, kwargs: {}
2016-05-14 00:14:48,853 : DEBUG : Events : Registered BCP.bcp_reset as a handler for 'machine_reset_phase_1', priority: 1, kwargs: {}
2016-05-14 00:14:48,853 : DEBUG : Events : Registered BCP.increase_volume as a handler for 'increase_volume', priority: 1, kwargs: {}
2016-05-14 00:14:48,854 : DEBUG : Events : Registered BCP.decrease_volume as a handler for 'decrease_volume', priority: 1, kwargs: {}
2016-05-14 00:14:48,854 : DEBUG : Events : Registered BCP.enable_volume_keys as a handler for 'enable_volume_keys', priority: 1, kwargs: {}
2016-05-14 00:14:48,854 : DEBUG : Events : Registered BCP.disable_volume_keys as a handler for 'disable_volume_keys', priority: 1, kwargs: {}
2016-05-14 00:14:48,854 : DEBUG : Events : Registered BCP.get_led_coordinates as a handler for 'bcp_get_led_coordinates', priority: 1, kwargs: {}
2016-05-14 00:14:48,854 : DEBUG : Mode Controller : Registering <bound method BCP.bcp_mode_start of <BCP Module>> as a mode start method. Config section: mode, priority: 0, kwargs: {}
2016-05-14 00:14:48,854 : DEBUG : Machine : Loading 'mpf.core.logic_blocks.LogicBlocks' core module
2016-05-14 00:14:48,856 : DEBUG : Mode Controller : Registering <bound method LogicBlocks._process_config of <mpf.core.logic_blocks.LogicBlocks object at 0x10f31e7f0>> as a mode start method. Config section: logic_blocks, priority: 0, kwargs: {}
2016-05-14 00:14:48,856 : DEBUG : Events : Registered LogicBlocks._create_player_logic_blocks as a handler for 'player_add_success', priority: 1, kwargs: {}
2016-05-14 00:14:48,856 : DEBUG : Events : Registered LogicBlocks.player_turn_start as a handler for 'player_turn_start', priority: 1, kwargs: {}
2016-05-14 00:14:48,856 : DEBUG : Events : Registered LogicBlocks.player_turn_stop as a handler for 'player_turn_stop', priority: 1, kwargs: {}
2016-05-14 00:14:48,856 : DEBUG : Machine : Loading 'mpf.core.scoring.ScoreController' core module
2016-05-14 00:14:48,857 : DEBUG : Score : Loading the Score Controller
2016-05-14 00:14:48,857 : DEBUG : Mode Controller : Registering <bound method ScoreController.mode_start of <mpf.core.scoring.ScoreController object at 0x10f320ba8>> as a mode start method. Config section: scoring, priority: 0, kwargs: {}
2016-05-14 00:14:48,857 : ERROR : ConfigProcessor : Your config contains a value for the setting "pololu_maestro:servo_min", but this is not a valid setting name.
2016-05-14 00:14:48,857 : ERROR : root : Your config contains a value for the setting "pololu_maestro:servo_min", but this is not a valid setting name.
Traceback (most recent call last):
  File "/Applications/MPF.app/Contents/Frameworks/python/3.5.0/lib/python3.5/site-packages/mpf/commands/game.py", line 130, in __init__
    MachineController(mpf_path, machine_path, vars(args)).run()
  File "/Applications/MPF.app/Contents/Frameworks/python/3.5.0/lib/python3.5/site-packages/mpf/core/machine.py", line 120, in __init__
    self._initialize_platforms()
  File "/Applications/MPF.app/Contents/Frameworks/python/3.5.0/lib/python3.5/site-packages/mpf/core/machine.py", line 178, in _initialize_platforms
    platform.initialize()
  File "/Applications/MPF.app/Contents/Frameworks/python/3.5.0/lib/python3.5/site-packages/mpf/platforms/pololu_maestro.py", line 35, in initialize
    self.config)
  File "/Applications/MPF.app/Contents/Frameworks/python/3.5.0/lib/python3.5/site-packages/mpf/core/config_validator.py", line 1226, in validate_config
    validation_failure_info)
  File "/Applications/MPF.app/Contents/Frameworks/python/3.5.0/lib/python3.5/site-packages/mpf/core/config_validator.py", line 1359, in check_for_invalid_sections
    'setting "' + path_string + '", but this is not a valid '
AssertionError: Your config contains a value for the setting "pololu_maestro:servo_min", but this is not a valid setting name.
