2016-06-17 19:37:14,285 : INFO : kivy : Factory: 179 symbols loaded
2016-06-17 19:37:14,379 : INFO : kivy : Image: Providers: img_tex, img_imageio, img_dds, img_gif, img_sdl2 (img_pil, img_ffpyplayer ignored)
2016-06-17 19:37:14,505 : INFO : kivy : VideoGstplayer: Using Gstreamer 1.4.5.0
2016-06-17 19:37:14,505 : INFO : kivy : Video: Provider: gstplayer
2016-06-17 19:37:14,517 : INFO : kivy : Loading MPF-MC controller
2016-06-17 19:37:14,518 : INFO : mpfmc : Mission Pinball Framework Media Controller v0.30.0.dev496
2016-06-17 19:37:14,518 : INFO : mpfmc : Machine path: /Users/gabe/Dropbox/Pinball/Gabe/bnd
2016-06-17 19:37:14,518 : INFO : mpfmc : Starting clock at 60.0Hz
2016-06-17 19:37:14,523 : INFO : kivy : Text: Provider: sdl2
2016-06-17 19:37:14,733 : INFO : kivy : OSC: using <multiprocessing> for socket
2016-06-17 19:37:14,735 : INFO : kivy : Window: Provider: sdl2
2016-06-17 19:37:14,854 : INFO : kivy : GL: OpenGL version <b'2.1 INTEL-10.8.77'>
2016-06-17 19:37:14,854 : INFO : kivy : GL: OpenGL vendor <b'Intel Inc.'>
2016-06-17 19:37:14,855 : INFO : kivy : GL: OpenGL renderer <b'Intel(R) Iris(TM) Graphics 6100'>
2016-06-17 19:37:14,855 : INFO : kivy : GL: OpenGL parsed version: 2, 1
2016-06-17 19:37:14,855 : INFO : kivy : GL: Shading version <b'1.20'>
2016-06-17 19:37:14,855 : INFO : kivy : GL: Texture max size <16384>
2016-06-17 19:37:14,855 : INFO : kivy : GL: Texture max units <16>
2016-06-17 19:37:14,871 : INFO : kivy : Window: auto add sdl2 input provider
2016-06-17 19:37:14,871 : INFO : kivy : Window: virtual keyboard not allowed, single mode, not docked
2016-06-17 19:37:14,873 : INFO : SoundSystem : SoundSystem: Using default 'sound_system' settings
2016-06-17 19:37:14,906 : INFO : AudioInterface : Initialized 0.30.0-dev16
2016-06-17 19:37:14,909 : INFO : kivy : Base: Start application main loop
2016-06-17 19:37:15,032 : INFO : kivy : GL: NPOT texture support is available
2016-06-17 19:37:15,042 : INFO : BCP : Starting up on localhost port 5050
2016-06-17 19:37:15,043 : INFO : BCP : Waiting for a connection...
2016-06-17 19:37:21,364 : INFO : kivy : Base: Leaving application in progress...
