2016-03-25 00:17:17,181 : INFO : Machine : Mission Pinball Framework v0.30.0.dev700
2016-03-25 00:17:17,181 : INFO : Machine : Loading config from original files
2016-03-25 00:17:17,241 : INFO : Machine : Machine config file #1: /Users/gabe/Dropbox/Pinball/Gabe/bnd/config/config
2016-03-25 00:17:17,423 : INFO : Machine : Config file cache created: /Users/gabe/Dropbox/Pinball/Gabe/bnd/__mpfcache__/config_config.p
2016-03-25 00:17:17,430 : INFO : FAST : Configuring FAST hardware.
2016-03-25 00:17:17,430 : INFO : Machine : Loading core modules...
2016-03-25 00:17:17,601 : INFO : FAST : Configuring FAST Controller for FAST IO boards.
2016-03-25 00:17:17,601 : INFO : FAST : Connecting to /dev/tty.usbserial-141C at 921600bps
2016-03-25 00:17:19,119 : INFO : FAST : Received ID acknowledgement. Processor: RGB, Board: FP-CPU-002-2, Firmware: 01.00
2016-03-25 00:17:19,119 : INFO : FAST : Connecting to /dev/tty.usbserial-141B at 921600bps
2016-03-25 00:17:20,637 : INFO : FAST : Received ID acknowledgement. Processor: NET, Board: FP-CPU-002-2, Firmware: 01.00
2016-03-25 00:17:20,653 : INFO : FAST : Fast IO Board 00: Model: FP-I/O-3208-2, Firmware: 01.00, Switches: 32, Drivers: 8
2016-03-25 00:17:20,669 : INFO : FAST : Fast IO Board 01: Model: FP-I/O-3208-2, Firmware: 01.00, Switches: 32, Drivers: 8
2016-03-25 00:17:20,685 : INFO : FAST : Fast IO Board 02: Model: FP-I/O-1616-2, Firmware: 01.00, Switches: 16, Drivers: 16
2016-03-25 00:17:20,771 : INFO : DeviceManager : Loading devices...
2016-03-25 00:17:20,821 : INFO : FAST : Received SA: 01,00,0B,00002000002D0000020100
2016-03-25 00:17:20,834 : INFO : Machine : Loading plugins...
2016-03-25 00:17:20,849 : INFO : SwitchController : Dumping current active switches
2016-03-25 00:17:20,850 : INFO : SwitchController : Active Switch|s_drain
2016-03-25 00:17:20,850 : INFO : SwitchController : Active Switch|s_droptarget2
2016-03-25 00:17:20,850 : INFO : FAST : Received SA: 01,00,0B,00002000002D0000020100
2016-03-25 00:17:20,851 : INFO : Mode.attract : Mode Starting. Priority: 10
2016-03-25 00:17:20,851 : INFO : Mode Controller : +=========== ACTIVE MODES ============+
2016-03-25 00:17:20,851 : INFO : Mode Controller : | attract : 10                        |
2016-03-25 00:17:20,851 : INFO : Mode Controller : +-------------------------------------+
2016-03-25 00:17:23,145 : INFO : SwitchController : <<<<< switch: s_leftoutlane, State:1 >>>>>
2016-03-25 00:17:23,220 : INFO : SwitchController : <<<<< switch: s_drain, State:0 >>>>>
2016-03-25 00:17:23,354 : INFO : SwitchController : <<<<< switch: s_leftoutlane, State:0 >>>>>
2016-03-25 00:17:23,427 : INFO : SwitchController : <<<<< switch: s_troughenter, State:1 >>>>>
2016-03-25 00:17:23,427 : WARNING : ball_device.bd_trough : Device received balls but is already full. Ignoring!
2016-03-25 00:17:25,379 : INFO : SwitchController : <<<<< switch: s_leftinlane, State:1 >>>>>
2016-03-25 00:17:25,834 : INFO : SwitchController : <<<<< switch: s_leftinlane, State:0 >>>>>
2016-03-25 00:17:26,208 : INFO : SwitchController : <<<<< switch: s_leftinlane, State:1 >>>>>
2016-03-25 00:17:26,621 : INFO : SwitchController : <<<<< switch: s_leftinlane, State:0 >>>>>
2016-03-25 00:17:26,972 : INFO : SwitchController : <<<<< switch: s_leftinlane, State:1 >>>>>
2016-03-25 00:17:27,398 : INFO : SwitchController : <<<<< switch: s_leftinlane, State:0 >>>>>
2016-03-25 00:17:30,755 : INFO : Machine : Actual MPF loop rate: 68.89 Hz
2016-03-25 00:17:30,756 : INFO : root : MPF run loop ended.
