2016-03-25 16:44:41,253 : INFO : Machine : Mission Pinball Framework v0.30.0.dev801
2016-03-25 16:44:41,254 : INFO : Machine : Loading config from original files
2016-03-25 16:44:41,327 : INFO : Machine : Machine config file #1: /Users/gabe/Dropbox/Pinball/Gabe/bnd/config/config
2016-03-25 16:44:41,476 : INFO : Machine : Config file cache created: /Users/gabe/Dropbox/Pinball/Gabe/bnd/__mpfcache__/config_config.p
2016-03-25 16:44:41,482 : INFO : FAST : Configuring FAST hardware.
2016-03-25 16:44:41,482 : INFO : Machine : Loading core modules...
2016-03-25 16:44:41,655 : INFO : FAST : Configuring FAST Controller for FAST IO boards.
2016-03-25 16:44:41,655 : INFO : FAST : Connecting to /dev/tty.usbserial-141C at 921600bps
2016-03-25 16:44:43,171 : INFO : FAST : Received ID acknowledgement. Processor: RGB, Board: FP-CPU-002-2, Firmware: 01.00
2016-03-25 16:44:43,172 : INFO : FAST : Connecting to /dev/tty.usbserial-141B at 921600bps
2016-03-25 16:44:44,690 : INFO : FAST : Received ID acknowledgement. Processor: NET, Board: FP-CPU-002-2, Firmware: 01.00
2016-03-25 16:44:44,707 : INFO : FAST : Fast IO Board 00: Model: FP-I/O-3208-2, Firmware: 01.00, Switches: 32, Drivers: 8
2016-03-25 16:44:44,723 : INFO : FAST : Fast IO Board 01: Model: FP-I/O-3208-2, Firmware: 01.00, Switches: 32, Drivers: 8
2016-03-25 16:44:44,738 : INFO : FAST : Fast IO Board 02: Model: FP-I/O-1616-2, Firmware: 01.00, Switches: 16, Drivers: 16
2016-03-25 16:44:44,826 : INFO : DeviceManager : Loading devices...
2016-03-25 16:44:44,877 : INFO : FAST : Received SA: 01,00,0B,00002400002D0000020100
2016-03-25 16:44:44,892 : WARNING : BCPClientSocket.local_display : Failed to connect to remote BCP host localhost:5050. Error: [Errno 61] Connection refused
2016-03-25 16:44:44,893 : WARNING : BCPClientSocket.local_display : Failed to connect to remote BCP host localhost:5050. Error: [Errno 61] Connection refused
2016-03-25 16:44:44,894 : WARNING : BCPClientSocket.local_display : Failed to connect to remote BCP host localhost:5050. Error: [Errno 61] Connection refused
2016-03-25 16:44:44,895 : WARNING : BCPClientSocket.local_display : Failed to connect to remote BCP host localhost:5050. Error: [Errno 61] Connection refused
2016-03-25 16:44:44,895 : INFO : Machine : Loading plugins...
2016-03-25 16:44:44,910 : INFO : SwitchController : Dumping current active switches
2016-03-25 16:44:44,911 : INFO : SwitchController : Active Switch|s_drain
2016-03-25 16:44:44,911 : INFO : SwitchController : Active Switch|s_troughenter
2016-03-25 16:44:44,911 : INFO : SwitchController : Active Switch|s_droptarget2
2016-03-25 16:44:44,914 : INFO : FAST : Received SA: 01,00,0B,00002400002D0000020100
2016-03-25 16:44:44,915 : INFO : Mode.attract : Mode Starting. Priority: 10
2016-03-25 16:44:44,916 : INFO : Mode Controller : +=========== ACTIVE MODES ============+
2016-03-25 16:44:44,916 : INFO : Mode Controller : | attract : 10                        |
2016-03-25 16:44:44,916 : INFO : Mode Controller : +-------------------------------------+
2016-03-25 16:44:52,022 : INFO : SwitchController : <<<<< switch: s_start, State:1 >>>>>
2016-03-25 16:44:52,450 : INFO : SwitchController : <<<<< switch: s_start, State:0 >>>>>
2016-03-25 16:44:52,451 : INFO : Mode.game : Mode Starting. Priority: 20
2016-03-25 16:44:52,452 : INFO : Mode Controller : +=========== ACTIVE MODES ============+
2016-03-25 16:44:52,452 : INFO : Mode Controller : +-------------------------------------+
2016-03-25 16:44:52,453 : INFO : Mode Controller : +=========== ACTIVE MODES ============+
2016-03-25 16:44:52,453 : INFO : Mode Controller : | game : 20                           |
2016-03-25 16:44:52,453 : INFO : Mode Controller : +-------------------------------------+
2016-03-25 16:44:52,454 : INFO : Mode.game : Player added successfully. Total players: 1
2016-03-25 16:44:52,455 : INFO : Mode.game : ***************************************************
2016-03-25 16:44:52,455 : INFO : Mode.game : ****************** BALL STARTING ******************
2016-03-25 16:44:52,455 : INFO : Mode.game : **                                               **
2016-03-25 16:44:52,455 : INFO : Mode.game : **    Player: 1    Ball: 1   Score: 0            **
2016-03-25 16:44:52,455 : INFO : Mode.game : **                                               **
2016-03-25 16:44:52,456 : INFO : Mode.game : ***************************************************
2016-03-25 16:44:52,457 : INFO : Mode.game : ***************************************************
2016-03-25 16:44:52,528 : INFO : SwitchController : <<<<< switch: s_droptarget4, State:1 >>>>>
2016-03-25 16:44:52,543 : INFO : SwitchController : <<<<< switch: s_droptarget4, State:0 >>>>>
2016-03-25 16:45:11,318 : INFO : Machine : Actual MPF loop rate: 69.76 Hz
2016-03-25 16:45:11,319 : INFO : root : MPF run loop ended.
