2016-03-26 19:45:08,168 : INFO : Machine : Mission Pinball Framework v0.30.0.dev801
2016-03-26 19:45:08,169 : INFO : Machine : Loading config from original files
2016-03-26 19:45:08,301 : INFO : Machine : Machine config file #1: /Users/gabe/Dropbox/Pinball/Gabe/bnd/config/config
2016-03-26 19:45:08,449 : INFO : Machine : Config file cache created: /Users/gabe/Dropbox/Pinball/Gabe/bnd/__mpfcache__/config_config.p
2016-03-26 19:45:08,454 : INFO : FAST : Configuring FAST hardware.
2016-03-26 19:45:08,454 : INFO : Machine : Loading core modules...
2016-03-26 19:45:08,684 : INFO : FAST : Configuring FAST Controller for FAST IO boards.
2016-03-26 19:45:08,684 : INFO : FAST : Connecting to /dev/tty.usbserial-141C at 921600bps
2016-03-26 19:45:10,201 : INFO : FAST : Received ID acknowledgement. Processor: RGB, Board: FP-CPU-002-2, Firmware: 01.00
2016-03-26 19:45:10,203 : INFO : FAST : Connecting to /dev/tty.usbserial-141B at 921600bps
2016-03-26 19:45:11,721 : INFO : FAST : Received ID acknowledgement. Processor: NET, Board: FP-CPU-002-2, Firmware: 01.00
2016-03-26 19:45:11,738 : INFO : FAST : Fast IO Board 00: Model: FP-I/O-3208-2, Firmware: 01.00, Switches: 32, Drivers: 8
2016-03-26 19:45:11,753 : INFO : FAST : Fast IO Board 01: Model: FP-I/O-3208-2, Firmware: 01.00, Switches: 32, Drivers: 8
2016-03-26 19:45:11,769 : INFO : FAST : Fast IO Board 02: Model: FP-I/O-1616-2, Firmware: 01.00, Switches: 16, Drivers: 16
2016-03-26 19:45:11,855 : INFO : DeviceManager : Loading devices...
2016-03-26 19:45:11,906 : INFO : FAST : Received SA: 01,00,0B,00002400002D00001F0100
2016-03-26 19:45:11,919 : WARNING : BCPClientSocket.local_display : Failed to connect to remote BCP host localhost:5050. Error: [Errno 61] Connection refused
2016-03-26 19:45:11,920 : WARNING : BCPClientSocket.local_display : Failed to connect to remote BCP host localhost:5050. Error: [Errno 61] Connection refused
2016-03-26 19:45:11,921 : WARNING : BCPClientSocket.local_display : Failed to connect to remote BCP host localhost:5050. Error: [Errno 61] Connection refused
2016-03-26 19:45:11,921 : INFO : Machine : Loading plugins...
2016-03-26 19:45:11,938 : WARNING : BCPClientSocket.local_display : Failed to connect to remote BCP host localhost:5050. Error: [Errno 61] Connection refused
2016-03-26 19:45:11,938 : INFO : SwitchController : Dumping current active switches
2016-03-26 19:45:11,938 : INFO : SwitchController : Active Switch|s_droptarget2
2016-03-26 19:45:11,938 : INFO : SwitchController : Active Switch|s_droptarget4
2016-03-26 19:45:11,938 : INFO : SwitchController : Active Switch|s_droptarget5
2016-03-26 19:45:11,939 : INFO : SwitchController : Active Switch|s_droptarget3
2016-03-26 19:45:11,939 : INFO : SwitchController : Active Switch|s_troughenter
2016-03-26 19:45:11,939 : INFO : SwitchController : Active Switch|s_droptarget1
2016-03-26 19:45:11,939 : INFO : SwitchController : Active Switch|s_drain
2016-03-26 19:45:11,939 : INFO : FAST : Received SA: 01,00,0B,00002400002D00001F0100
2016-03-26 19:45:11,940 : INFO : Mode.attract : Mode Starting. Priority: 10
2016-03-26 19:45:11,940 : INFO : Mode Controller : +=========== ACTIVE MODES ============+
2016-03-26 19:45:11,940 : INFO : Mode Controller : | attract : 10                        |
2016-03-26 19:45:11,941 : INFO : Mode Controller : +-------------------------------------+
2016-03-26 19:45:18,102 : INFO : SwitchController : <<<<< switch: s_start, State:1 >>>>>
2016-03-26 19:45:18,352 : INFO : SwitchController : <<<<< switch: s_start, State:0 >>>>>
2016-03-26 19:45:18,353 : INFO : Mode.game : Mode Starting. Priority: 20
2016-03-26 19:45:18,354 : INFO : Mode Controller : +=========== ACTIVE MODES ============+
2016-03-26 19:45:18,354 : INFO : Mode Controller : +-------------------------------------+
2016-03-26 19:45:18,354 : INFO : Mode Controller : +=========== ACTIVE MODES ============+
2016-03-26 19:45:18,355 : INFO : Mode Controller : | game : 20                           |
2016-03-26 19:45:18,355 : INFO : Mode Controller : +-------------------------------------+
2016-03-26 19:45:18,356 : INFO : Mode.game : Player added successfully. Total players: 1
2016-03-26 19:45:18,358 : INFO : Mode.game : ***************************************************
2016-03-26 19:45:18,358 : INFO : Mode.game : ****************** BALL STARTING ******************
2016-03-26 19:45:18,359 : INFO : Mode.game : **                                               **
2016-03-26 19:45:18,359 : INFO : Mode.game : **    Player: 1    Ball: 1   Score: 0            **
2016-03-26 19:45:18,359 : INFO : Mode.game : **                                               **
2016-03-26 19:45:18,360 : INFO : Mode.game : ***************************************************
2016-03-26 19:45:18,360 : INFO : Mode.game : ***************************************************
2016-03-26 19:45:19,331 : INFO : SwitchController : <<<<< switch: s_plungerlane, State:1 >>>>>
2016-03-26 19:45:19,373 : WARNING : FAST : Received unknown serial command? TN:P. (This is ok to ignore for now while the FAST platform is in development)
2016-03-26 19:45:19,776 : INFO : SwitchController : <<<<< switch: s_troughenter, State:0 >>>>>
2016-03-26 19:45:19,935 : INFO : SwitchController : <<<<< switch: s_drain, State:0 >>>>>
2016-03-26 19:45:20,106 : INFO : SwitchController : <<<<< switch: s_troughenter, State:1 >>>>>
2016-03-26 19:45:22,819 : INFO : SwitchController : <<<<< switch: s_launch, State:1 >>>>>
2016-03-26 19:45:22,981 : INFO : SwitchController : <<<<< switch: s_launch, State:0 >>>>>
2016-03-26 19:45:24,147 : INFO : SwitchController : <<<<< switch: s_launch, State:1 >>>>>
2016-03-26 19:45:24,405 : INFO : SwitchController : <<<<< switch: s_launch, State:0 >>>>>
2016-03-26 19:46:17,120 : INFO : Machine : Actual MPF loop rate: 70.42 Hz
2016-03-26 19:46:17,120 : INFO : root : MPF run loop ended.
