2016-03-31 12:34:19,101 : INFO : Machine : Mission Pinball Framework v0.30.0.dev801
2016-03-31 12:34:19,101 : DEBUG : Machine : Command line arguments: {'logfile': 'logs/2016-03-31-12-34-19-mpf-Gabriels-MacBook-Pro.local.log', 'mpfconfigfile': '/Users/gabe/pinball/mpf30/mpf/mpfconfig.yaml', 'pause': True, 'force_platform': None, 'consoleloglevel': True, 'bcp': True, 'create_config_cache': True, 'no_load_cache': False, 'loglevel': 10, 'configfile': ['config']}
2016-03-31 12:34:19,101 : DEBUG : Machine : Python version: 3.5.0
2016-03-31 12:34:19,101 : DEBUG : Machine : Platform: darwin
2016-03-31 12:34:19,101 : DEBUG : Machine : Python executable location: /Applications/Kivy.app/Contents/Resources/python
2016-03-31 12:34:19,101 : DEBUG : Machine : 32-bit Python? False
2016-03-31 12:34:19,102 : DEBUG : Clock : Starting clock (maximum frames per second=60.0)
2016-03-31 12:34:19,102 : DEBUG : Clock : Scheduled a recurring clock callback (callback=<bound method MachineController._check_crash_queue of <mpf.core.machine.MachineController object at 0x10eafe5c0>>, timeout=1, priority=1)
2016-03-31 12:34:19,102 : DEBUG : Machine : Machine path: /Users/gabe/Dropbox/Pinball/Gabe/bnd
2016-03-31 12:34:19,103 : INFO : Machine : Loading cached config: /Users/gabe/Dropbox/Pinball/Gabe/bnd/__mpfcache__/config_config.p
2016-03-31 12:34:19,121 : INFO : FAST : Configuring FAST hardware.
2016-03-31 12:34:19,122 : DEBUG : Machine : Setting default platform to 'fast'
2016-03-31 12:34:19,122 : INFO : Machine : Loading core modules...
2016-03-31 12:34:19,122 : DEBUG : Machine : Loading 'mpf.core.events.EventManager' core module
2016-03-31 12:34:19,123 : DEBUG : Machine : Loading 'mpf.core.mode_controller.ModeController' core module
2016-03-31 12:34:19,127 : DEBUG : Events : Registered ModeController._load_modes as a handler for 'init_phase_2', priority: 1, kwargs: {}
2016-03-31 12:34:19,127 : DEBUG : Events : Registered ModeController._ball_ending as a handler for 'ball_ending', priority: 0, kwargs: {}
2016-03-31 12:34:19,127 : DEBUG : Events : Registered ModeController._ball_starting as a handler for 'ball_starting', priority: 0, kwargs: {}
2016-03-31 12:34:19,128 : DEBUG : Events : Registered ModeController._player_added as a handler for 'player_add_success', priority: 0, kwargs: {}
2016-03-31 12:34:19,128 : DEBUG : Events : Registered ModeController._player_turn_start as a handler for 'player_turn_start', priority: 1000000, kwargs: {}
2016-03-31 12:34:19,128 : DEBUG : Events : Registered ModeController._player_turn_stop as a handler for 'player_turn_stop', priority: 1000000, kwargs: {}
2016-03-31 12:34:19,128 : DEBUG : Machine : Loading 'mpf.core.config_processor.ConfigProcessor' core module
2016-03-31 12:34:19,128 : DEBUG : Machine : Loading 'mpf.core.shot_profile_manager.ShotProfileManager' core module
2016-03-31 12:34:19,129 : DEBUG : ShotProfileManager : Registering Shot Profile: 'default'
2016-03-31 12:34:19,377 : DEBUG : ShotProfileManager : Processed 'default' profile configuration: {'loop': False, 'player_variable': '%_default', 'advance_on_hit': True, 'state_names_to_not_rotate': [], 'show': None, 'states': [{'name': 'unlit', 'repeat': True, 'reset': False, 'show': None, 'hold': True, 'blend': False, 'script': 'off', 'speed': 1.0, 'sync_ms': 0}, {'name': 'lit', 'repeat': True, 'reset': False, 'show': None, 'hold': True, 'blend': False, 'script': 'on', 'speed': 1.0, 'sync_ms': 0}], 'show_when_disabled': True, 'rotation_pattern': deque(['right']), 'block': True, 'state_names_to_rotate': []}
2016-03-31 12:34:19,377 : DEBUG : Mode Controller : Registering <bound method ShotProfileManager.mode_start_for_shots of <mpf.core.shot_profile_manager.ShotProfileManager object at 0x10eb759e8>> as a mode start method. Config section: shots, priority: 0, kwargs: {}
2016-03-31 12:34:19,378 : DEBUG : Mode Controller : Registering <bound method ShotProfileManager.mode_start_for_shot_groups of <mpf.core.shot_profile_manager.ShotProfileManager object at 0x10eb759e8>> as a mode start method. Config section: shot_groups, priority: 0, kwargs: {}
2016-03-31 12:34:19,378 : DEBUG : Events : Registered ShotProfileManager._player_turn_start as a handler for 'player_turn_start', priority: 1000000, kwargs: {}
2016-03-31 12:34:19,378 : DEBUG : Events : Registered ShotProfileManager._player_turn_stop as a handler for 'player_turn_stop', priority: 0, kwargs: {}
2016-03-31 12:34:19,379 : DEBUG : Machine : Loading 'mpf.core.device_manager.DeviceManager' core module
2016-03-31 12:34:19,379 : DEBUG : Events : Registered DeviceManager._load_device_modules as a handler for 'init_phase_1', priority: 1, kwargs: {}
2016-03-31 12:34:19,379 : DEBUG : Events : Registered DeviceManager.create_machinewide_device_control_events as a handler for 'init_phase_2', priority: 1, kwargs: {}
2016-03-31 12:34:19,379 : DEBUG : Events : Registered DeviceManager.create_collection_control_events as a handler for 'init_phase_2', priority: 1, kwargs: {}
2016-03-31 12:34:19,379 : DEBUG : Machine : Loading 'mpf.core.switch_controller.SwitchController' core module
2016-03-31 12:34:19,381 : DEBUG : Clock : Scheduled a recurring clock callback (callback=<bound method SwitchController._tick of <mpf.core.switch_controller.SwitchController object at 0x10eb75358>>, timeout=0, priority=1000)
2016-03-31 12:34:19,381 : DEBUG : Events : Registered SwitchController._initialize_switches as a handler for 'init_phase_2', priority: 1000, kwargs: {}
2016-03-31 12:34:19,381 : DEBUG : Events : Registered SwitchController.log_active_switches as a handler for 'machine_reset_phase_3', priority: 1, kwargs: {}
2016-03-31 12:34:19,381 : DEBUG : Machine : Loading 'mpf.core.ball_controller.BallController' core module
2016-03-31 12:34:19,382 : DEBUG : BallController : Loading the BallController
2016-03-31 12:34:19,382 : DEBUG : Events : Registered BallController.request_to_start_game as a handler for 'request_to_start_game', priority: 1, kwargs: {}
2016-03-31 12:34:19,382 : DEBUG : Events : Registered BallController._initialize as a handler for 'machine_reset_phase_2', priority: 1, kwargs: {}
2016-03-31 12:34:19,382 : DEBUG : Events : Registered BallController._init2 as a handler for 'init_phase_2', priority: 1, kwargs: {}
2016-03-31 12:34:19,383 : DEBUG : Machine : Loading 'mpf.core.assets.AssetManager' core module
2016-03-31 12:34:19,384 : DEBUG : Mode Controller : Registering <bound method AssetManager._load_mode_assets of <mpf.core.assets.AssetManager object at 0x10ebdd860>> as a mode start method. Config section: None, priority: 0, kwargs: {}
2016-03-31 12:34:19,384 : DEBUG : Events : Registered AssetManager._create_assets as a handler for 'init_phase_3', priority: 1, kwargs: {}
2016-03-31 12:34:19,384 : DEBUG : Events : Registered AssetManager._bcp_client_asset_load as a handler for 'assets_to_load', priority: 1, kwargs: {}
2016-03-31 12:34:19,384 : DEBUG : Machine : Loading 'mpf.core.show_controller.ShowController' core module
2016-03-31 12:34:19,386 : DEBUG : Clock : Scheduled a recurring clock callback (callback=<bound method ShowController._tick of <mpf.core.show_controller.ShowController object at 0x10ec2d2b0>>, timeout=0, priority=1)
2016-03-31 12:34:19,387 : DEBUG : Events : Registered ShowController._initialize as a handler for 'init_phase_3', priority: 1, kwargs: {}
2016-03-31 12:34:19,387 : DEBUG : Machine : Loading 'mpf.core.bcp.BCP' core module
2016-03-31 12:34:19,387 : DEBUG : Events : Registered BCP.bcp_trigger as a handler for 'ball_started', priority: 1, kwargs: {'name': 'ball_started'}
2016-03-31 12:34:19,387 : DEBUG : Events : Registered BCP.bcp_trigger as a handler for 'ball_ended', priority: 1, kwargs: {'name': 'ball_ended'}
2016-03-31 12:34:19,387 : DEBUG : Events : Registered BCP.bcp_trigger as a handler for 'player_add_success', priority: 1, kwargs: {'name': 'player_add_success'}
2016-03-31 12:34:19,388 : DEBUG : Events : Registered BCP._bcp_event_callback as a handler for 'slam_tilt', priority: 1, kwargs: {'command': 'slam_tilt'}
2016-03-31 12:34:19,388 : DEBUG : Events : Registered BCP._bcp_event_callback as a handler for 'tilt_warning', priority: 1, kwargs: {'command': 'tilt_warning', 'params': {'warnings_remaining': '%warnings_remaining', 'warnings': '%warnings'}}
2016-03-31 12:34:19,388 : DEBUG : Events : Registered BCP._bcp_event_callback as a handler for 'ball_started', priority: 1, kwargs: {'command': 'ball_start', 'params': {'ball': '%ball', 'player_num': '%player'}}
2016-03-31 12:34:19,388 : DEBUG : Events : Registered BCP._bcp_event_callback as a handler for 'tilt', priority: 1, kwargs: {'command': 'tilt'}
2016-03-31 12:34:19,388 : DEBUG : Events : Registered BCP._bcp_event_callback as a handler for 'player_turn_start', priority: 1, kwargs: {'command': 'player_turn_start', 'params': {'player_num': '%number'}}
2016-03-31 12:34:19,388 : DEBUG : Events : Registered BCP._bcp_event_callback as a handler for 'ball_ending', priority: 1, kwargs: {'command': 'ball_end'}
2016-03-31 12:34:19,389 : DEBUG : Events : Registered BCP.bcp_trigger as a handler for 'player_score', priority: 1, kwargs: {'name': 'player_score'}
2016-03-31 12:34:19,389 : DEBUG : Events : Registered BCP._setup_bcp_connections as a handler for 'init_phase_2', priority: 1, kwargs: {}
2016-03-31 12:34:19,389 : DEBUG : Clock : Scheduled a recurring clock callback (callback=<bound method BCP.get_bcp_messages of <BCP Module>>, timeout=0, priority=1)
2016-03-31 12:34:19,389 : DEBUG : Events : Registered BCP.bcp_player_added as a handler for 'player_add_success', priority: 1, kwargs: {}
2016-03-31 12:34:19,389 : DEBUG : Events : Registered BCP.bcp_reset as a handler for 'machine_reset_phase_1', priority: 1, kwargs: {}
2016-03-31 12:34:19,390 : DEBUG : Events : Registered BCP.increase_volume as a handler for 'increase_volume', priority: 1, kwargs: {}
2016-03-31 12:34:19,390 : DEBUG : Events : Registered BCP.decrease_volume as a handler for 'decrease_volume', priority: 1, kwargs: {}
2016-03-31 12:34:19,390 : DEBUG : Events : Registered BCP.enable_volume_keys as a handler for 'enable_volume_keys', priority: 1, kwargs: {}
2016-03-31 12:34:19,390 : DEBUG : Events : Registered BCP.disable_volume_keys as a handler for 'disable_volume_keys', priority: 1, kwargs: {}
2016-03-31 12:34:19,391 : DEBUG : Events : Registered BCP.get_led_coordinates as a handler for 'bcp_get_led_coordinates', priority: 1, kwargs: {}
2016-03-31 12:34:19,391 : DEBUG : Mode Controller : Registering <bound method BCP.bcp_mode_start of <BCP Module>> as a mode start method. Config section: mode, priority: 0, kwargs: {}
2016-03-31 12:34:19,391 : DEBUG : Machine : Loading 'mpf.core.logic_blocks.LogicBlocks' core module
2016-03-31 12:34:19,392 : DEBUG : Mode Controller : Registering <bound method LogicBlocks._process_config of <mpf.core.logic_blocks.LogicBlocks object at 0x10ec50e48>> as a mode start method. Config section: logic_blocks, priority: 0, kwargs: {}
2016-03-31 12:34:19,392 : DEBUG : Events : Registered LogicBlocks._create_player_logic_blocks as a handler for 'player_add_success', priority: 1, kwargs: {}
2016-03-31 12:34:19,392 : DEBUG : Events : Registered LogicBlocks.player_turn_start as a handler for 'player_turn_start', priority: 1, kwargs: {}
2016-03-31 12:34:19,392 : DEBUG : Events : Registered LogicBlocks.player_turn_stop as a handler for 'player_turn_stop', priority: 1, kwargs: {}
2016-03-31 12:34:19,392 : DEBUG : Machine : Loading 'mpf.core.scoring.ScoreController' core module
2016-03-31 12:34:19,394 : DEBUG : Score : Loading the Score Controller
2016-03-31 12:34:19,394 : DEBUG : Mode Controller : Registering <bound method ScoreController.mode_start of <mpf.core.scoring.ScoreController object at 0x10ec6a320>> as a mode start method. Config section: scoring, priority: 0, kwargs: {}
2016-03-31 12:34:19,394 : INFO : FAST : Configuring FAST Controller for FAST IO boards.
2016-03-31 12:34:19,394 : INFO : FAST : Connecting to /dev/tty.usbserial-141C at 921600bps
2016-03-31 12:34:20,896 : DEBUG : FAST : Sending 'ID:' command to port '/dev/tty.usbserial-141C'
2016-03-31 12:34:20,911 : INFO : FAST : Received ID acknowledgement. Processor: RGB, Board: FP-CPU-002-2, Firmware: 01.00
2016-03-31 12:34:20,912 : INFO : FAST : Connecting to /dev/tty.usbserial-141B at 921600bps
2016-03-31 12:34:22,414 : DEBUG : FAST : Sending 'ID:' command to port '/dev/tty.usbserial-141B'
2016-03-31 12:34:22,429 : INFO : FAST : Received ID acknowledgement. Processor: NET, Board: FP-CPU-002-2, Firmware: 01.00
2016-03-31 12:34:22,429 : DEBUG : FAST : Querying FAST IO boards...
2016-03-31 12:34:22,446 : INFO : FAST : Fast IO Board 00: Model: FP-I/O-3208-2, Firmware: 01.00, Switches: 32, Drivers: 8
2016-03-31 12:34:22,466 : INFO : FAST : Fast IO Board 01: Model: FP-I/O-3208-2, Firmware: 01.00, Switches: 32, Drivers: 8
2016-03-31 12:34:22,478 : INFO : FAST : Fast IO Board 02: Model: FP-I/O-1616-2, Firmware: 01.00, Switches: 16, Drivers: 16
2016-03-31 12:34:22,560 : DEBUG : Events : Registered ConfigPlayer._initialize as a handler for 'init_phase_1', priority: 1, kwargs: {}
2016-03-31 12:34:22,561 : DEBUG : Events : Registered ConfigPlayer._initialize as a handler for 'init_phase_1', priority: 1, kwargs: {}
2016-03-31 12:34:22,561 : DEBUG : Events : Registered ConfigPlayer._initialize as a handler for 'init_phase_1', priority: 1, kwargs: {}
2016-03-31 12:34:22,563 : DEBUG : Events : Registered ConfigPlayer._initialize as a handler for 'init_phase_1', priority: 1, kwargs: {}
2016-03-31 12:34:22,564 : DEBUG : Events : Registered ConfigPlayer._initialize as a handler for 'init_phase_1', priority: 1, kwargs: {}
2016-03-31 12:34:22,564 : DEBUG : Events : Registered ConfigPlayer._initialize as a handler for 'init_phase_1', priority: 1, kwargs: {}
2016-03-31 12:34:22,565 : DEBUG : Events : Registered ConfigPlayer._initialize as a handler for 'init_phase_1', priority: 1, kwargs: {}
2016-03-31 12:34:22,566 : DEBUG : Events : Registered ConfigPlayer._initialize as a handler for 'init_phase_1', priority: 1, kwargs: {}
2016-03-31 12:34:22,567 : DEBUG : Events : Registered ConfigPlayer._initialize as a handler for 'init_phase_1', priority: 1, kwargs: {}
2016-03-31 12:34:22,567 : DEBUG : Events : Registered ConfigPlayer._initialize as a handler for 'init_phase_1', priority: 1, kwargs: {}
2016-03-31 12:34:22,568 : DEBUG : Machine : Registering Plugin Config Players
2016-03-31 12:34:22,568 : DEBUG : Events : Registered MachineController.power_off as a handler for 'shutdown', priority: 1, kwargs: {}
2016-03-31 12:34:22,568 : DEBUG : Events : Registered MachineController.power_off as a handler for 'sw_shutdown', priority: 1, kwargs: {}
2016-03-31 12:34:22,568 : DEBUG : Events : Registered MachineController.stop as a handler for 'quit', priority: 1, kwargs: {}
2016-03-31 12:34:22,568 : DEBUG : Events : Registered MachineController.stop as a handler for 'sw_quit', priority: 1, kwargs: {}
2016-03-31 12:34:22,569 : DEBUG : DataInterface : Loading machine_vars from /Users/gabe/Dropbox/Pinball/Gabe/bnd/data/machine_vars.yaml
2016-03-31 12:34:22,569 : DEBUG : YAML File Interface : Loading file: /Users/gabe/Dropbox/Pinball/Gabe/bnd/data/machine_vars.yaml
2016-03-31 12:34:22,571 : DEBUG : Machine : Setting machine_var 'player1_score' to: 0, (prior: 0, change: 0)
2016-03-31 12:34:22,571 : DEBUG : Events : ^^^^ Posted event 'machine_var_player1_score'. Type: None, Callback: None, Args: {'value': 0, 'prev_value': 0, 'change': 0}
2016-03-31 12:34:22,571 : DEBUG : Events : ============== EVENTS QUEUE =============
2016-03-31 12:34:22,571 : DEBUG : Events : machine_var_player1_score, None, None, {'value': 0, 'prev_value': 0, 'change': 0}
2016-03-31 12:34:22,571 : DEBUG : Events : =========================================
2016-03-31 12:34:22,571 : DEBUG : Events : ^^^^ Posted event 'init_phase_1'. Type: None, Callback: None, Args: {}
2016-03-31 12:34:22,571 : DEBUG : Events : ============== EVENTS QUEUE =============
2016-03-31 12:34:22,572 : DEBUG : Events : machine_var_player1_score, None, None, {'value': 0, 'prev_value': 0, 'change': 0}
2016-03-31 12:34:22,572 : DEBUG : Events : init_phase_1, None, None, {}
2016-03-31 12:34:22,572 : DEBUG : Events : =========================================
2016-03-31 12:34:22,572 : DEBUG : Events : ^^^^ Processing event 'machine_var_player1_score'. Type: None, Callback: None, Args: {'value': 0, 'prev_value': 0, 'change': 0}
2016-03-31 12:34:22,572 : DEBUG : Events : vvvv Finished event 'machine_var_player1_score'. Type: None. Callback: None. Args: {'value': 0, 'prev_value': 0, 'change': 0}
2016-03-31 12:34:22,572 : DEBUG : Events : ^^^^ Processing event 'init_phase_1'. Type: None, Callback: None, Args: {}
2016-03-31 12:34:22,572 : DEBUG : Events : DeviceManager._load_device_modules (priority: 1) responding to event 'init_phase_1' with args {}
2016-03-31 12:34:22,572 : INFO : DeviceManager : Loading devices...
2016-03-31 12:34:22,577 : DEBUG : Clock : Scheduled a recurring clock callback (callback=<bound method Led.update_leds of <class 'mpf.devices.led.Led'>>, timeout=0, priority=-100)
2016-03-31 12:34:22,582 : DEBUG : Events : Registered BallSearch.request_to_start_game as a handler for 'request_to_start_game', priority: 1, kwargs: {}
2016-03-31 12:34:22,605 : DEBUG : coil.c_rightflippermain : Enabling debug logging
2016-03-31 12:34:22,605 : DEBUG : coil.c_rightflippermain : Configuring device with settings: '{'pwm_on_ms': None, 'enable_events': {}, 'allow_enable': False, 'number_str': '3', 'hold_pwm_mask': None, 'platform': None, 'disable_events': {}, 'hold_power': None, 'tags': [], 'pulse_pwm_mask': None, 'recycle_ms': None, 'pwm_off_ms': None, 'pulse_events': {}, 'number': '3', 'label': '%', 'pulse_power': None, 'pulse_ms': 25, 'debug': True, 'pulse_power32': None, 'hold_power32': None}'
2016-03-31 12:34:22,605 : DEBUG : coil.c_upperrightflipperhold : Enabling debug logging
2016-03-31 12:34:22,605 : DEBUG : coil.c_upperrightflipperhold : Configuring device with settings: '{'pwm_on_ms': None, 'enable_events': {}, 'allow_enable': False, 'number_str': '25', 'hold_pwm_mask': None, 'platform': None, 'hold_power': None, 'disable_events': {}, 'tags': [], 'pulse_pwm_mask': None, 'recycle_ms': None, 'pwm_off_ms': None, 'pulse_events': {}, 'number': '25', 'label': '%', 'pulse_power': None, 'pulse_ms': None, 'debug': True, 'pulse_power32': None, 'hold_power32': None}'
2016-03-31 12:34:22,606 : DEBUG : coil.c_upperrightflippermain : Enabling debug logging
2016-03-31 12:34:22,606 : DEBUG : coil.c_upperrightflippermain : Configuring device with settings: '{'pwm_on_ms': None, 'enable_events': {}, 'allow_enable': False, 'number_str': '29', 'hold_pwm_mask': None, 'platform': None, 'disable_events': {}, 'hold_power': None, 'tags': [], 'pulse_pwm_mask': None, 'recycle_ms': None, 'pwm_off_ms': None, 'pulse_events': {}, 'number': '29', 'label': '%', 'pulse_power': None, 'pulse_ms': 20, 'debug': True, 'pulse_power32': None, 'hold_power32': None}'
2016-03-31 12:34:22,606 : DEBUG : coil.c_leftflippermain : Enabling debug logging
2016-03-31 12:34:22,606 : DEBUG : coil.c_leftflippermain : Configuring device with settings: '{'pwm_on_ms': None, 'enable_events': {}, 'allow_enable': False, 'number_str': '0', 'hold_pwm_mask': None, 'platform': None, 'disable_events': {}, 'hold_power': None, 'tags': [], 'pulse_pwm_mask': None, 'recycle_ms': None, 'pwm_off_ms': None, 'pulse_events': {}, 'number': '0', 'label': '%', 'pulse_power': None, 'pulse_ms': 25, 'debug': True, 'pulse_power32': None, 'hold_power32': None}'
2016-03-31 12:34:22,606 : DEBUG : coil.c_trougheject : Enabling debug logging
2016-03-31 12:34:22,606 : DEBUG : coil.c_trougheject : Configuring device with settings: '{'pwm_on_ms': None, 'enable_events': {}, 'allow_enable': True, 'number_str': '6', 'hold_pwm_mask': None, 'platform': None, 'disable_events': {}, 'hold_power': None, 'tags': [], 'pulse_pwm_mask': None, 'recycle_ms': None, 'pwm_off_ms': None, 'pulse_events': {}, 'number': '6', 'label': '%', 'pulse_power': None, 'pulse_ms': 1000, 'debug': True, 'pulse_power32': None, 'hold_power32': None}'
2016-03-31 12:34:22,607 : DEBUG : ball_device.bd_drain : Enabling debug logging
2016-03-31 12:34:22,607 : DEBUG : ball_device.bd_drain : Configuring device with settings: '{'jam_switch': None, 'mechanical_eject': False, 'hold_events': {}, 'eject_coil_jam_pulse': None, 'max_eject_attempts': 0, 'eject_coil_retry_pulse': None, 'hold_coil_release_time': 1000, 'eject_timeouts': [], 'player_controlled_eject_event': None, 'ball_missing_target': <playfield.playfield>, 'ball_search_order': 100, 'entrance_switch_full_timeout': 0, 'eject_coil': <coil.c_draineject>, 'entrance_events': {}, 'captures_from': <playfield.playfield>, 'ball_missing_timeouts': [], 'tags': ['drain'], 'hold_switches': [], 'eject_all_events': {}, 'confirm_eject_switch': None, 'confirm_eject_event': None, 'stop_events': {}, 'ball_capacity': None, 'exit_count_delay': 500, 'ball_switches': [<switch.s_drain>], 'eject_targets': [<ball_device.bd_trough>, <ball_device.bd_plunger>, <playfield.playfield>], 'eject_events': {}, 'confirm_eject_type': 'target', 'entrance_count_delay': 500, 'target_on_unexpected_ball': None, 'label': '%', 'auto_fire_on_unexpected_ball': True, 'debug': True, 'hold_coil': None, 'request_ball_events': [], 'entrance_switch': None}'
2016-03-31 12:34:22,607 : DEBUG : ball_device.bd_trough : Enabling debug logging
2016-03-31 12:34:22,608 : DEBUG : ball_device.bd_trough : Configuring device with settings: '{'jam_switch': None, 'mechanical_eject': False, 'hold_events': {}, 'eject_coil_jam_pulse': None, 'max_eject_attempts': 0, 'eject_coil_retry_pulse': None, 'hold_coil_release_time': 1000, 'eject_timeouts': [], 'player_controlled_eject_event': None, 'ball_missing_target': <playfield.playfield>, 'ball_search_order': 100, 'entrance_switch_full_timeout': 3000, 'eject_coil': <coil.c_trougheject>, 'entrance_events': {}, 'captures_from': <playfield.playfield>, 'ball_missing_timeouts': [], 'tags': ['trough', 'home'], 'hold_switches': [], 'eject_all_events': {}, 'confirm_eject_switch': None, 'confirm_eject_event': None, 'stop_events': {}, 'hold_coil': None, 'exit_count_delay': 500, 'ball_switches': [], 'eject_targets': [<ball_device.bd_plunger>, <playfield.playfield>], 'eject_events': {}, 'confirm_eject_type': 'target', 'entrance_count_delay': 500, 'target_on_unexpected_ball': None, 'label': '%', 'auto_fire_on_unexpected_ball': True, 'debug': True, 'ball_capacity': 3, 'request_ball_events': [], 'entrance_switch': <switch.s_troughenter>}'
2016-03-31 12:34:22,608 : DEBUG : coil.c_rightflippermain : Platform Driver: <Platform.FAST>
2016-03-31 12:34:22,608 : DEBUG : FASTDriver : Driver Settings: {'pwm32': None, 'pwm1': 'ff', 'number': '03', 'trigger_cmd': 'TN:', 'allow_enable': False, 'mode': '10', 'pulse_ms': '19', 'pwm2': 'ff', 'recycle_ms': '00', 'config_cmd': 'DN:'}
2016-03-31 12:34:22,608 : DEBUG : FASTDriver : Resetting driver {'pwm32': None, 'pwm1': 'ff', 'number': '03', 'trigger_cmd': 'TN:', 'allow_enable': False, 'mode': '10', 'pulse_ms': '19', 'pwm2': 'ff', 'recycle_ms': '00', 'config_cmd': 'DN:'}
2016-03-31 12:34:22,609 : DEBUG : FASTDriver : Driver Settings: {'pwm32': None, 'pwm1': 'ff', 'number': '0F', 'trigger_cmd': 'TN:', 'allow_enable': False, 'mode': '10', 'pulse_ms': '0A', 'pwm2': 'ff', 'recycle_ms': '00', 'config_cmd': 'DN:'}
2016-03-31 12:34:22,609 : DEBUG : FASTDriver : Resetting driver {'pwm32': None, 'pwm1': 'ff', 'number': '0F', 'trigger_cmd': 'TN:', 'allow_enable': False, 'mode': '10', 'pulse_ms': '0A', 'pwm2': 'ff', 'recycle_ms': '00', 'config_cmd': 'DN:'}
2016-03-31 12:34:22,609 : DEBUG : FASTDriver : Driver Settings: {'pwm32': None, 'pwm1': 'ff', 'number': '14', 'trigger_cmd': 'TN:', 'allow_enable': False, 'mode': '10', 'pulse_ms': '1E', 'pwm2': 'ff', 'recycle_ms': '00', 'config_cmd': 'DN:'}
2016-03-31 12:34:22,610 : DEBUG : FASTDriver : Resetting driver {'pwm32': None, 'pwm1': 'ff', 'number': '14', 'trigger_cmd': 'TN:', 'allow_enable': False, 'mode': '10', 'pulse_ms': '1E', 'pwm2': 'ff', 'recycle_ms': '00', 'config_cmd': 'DN:'}
2016-03-31 12:34:22,610 : DEBUG : coil.c_upperrightflipperhold : Platform Driver: <Platform.FAST>
2016-03-31 12:34:22,610 : DEBUG : FASTDriver : Driver Settings: {'pwm32': None, 'pwm1': 'ff', 'number': '19', 'trigger_cmd': 'TN:', 'allow_enable': False, 'mode': '10', 'pulse_ms': '0A', 'pwm2': 'ff', 'recycle_ms': '00', 'config_cmd': 'DN:'}
2016-03-31 12:34:22,610 : DEBUG : FASTDriver : Resetting driver {'pwm32': None, 'pwm1': 'ff', 'number': '19', 'trigger_cmd': 'TN:', 'allow_enable': False, 'mode': '10', 'pulse_ms': '0A', 'pwm2': 'ff', 'recycle_ms': '00', 'config_cmd': 'DN:'}
2016-03-31 12:34:22,610 : DEBUG : FASTDriver : Driver Settings: {'pwm32': None, 'pwm1': 'ff', 'number': '1C', 'trigger_cmd': 'TN:', 'allow_enable': False, 'mode': '10', 'pulse_ms': '14', 'pwm2': 'ff', 'recycle_ms': '00', 'config_cmd': 'DN:'}
2016-03-31 12:34:22,611 : DEBUG : FASTDriver : Resetting driver {'pwm32': None, 'pwm1': 'ff', 'number': '1C', 'trigger_cmd': 'TN:', 'allow_enable': False, 'mode': '10', 'pulse_ms': '14', 'pwm2': 'ff', 'recycle_ms': '00', 'config_cmd': 'DN:'}
2016-03-31 12:34:22,611 : DEBUG : FASTDriver : Driver Settings: {'pwm32': None, 'pwm1': 'ff', 'number': '10', 'trigger_cmd': 'TN:', 'allow_enable': False, 'mode': '10', 'pulse_ms': '0A', 'pwm2': 'ff', 'recycle_ms': '00', 'config_cmd': 'DN:'}
2016-03-31 12:34:22,611 : DEBUG : FASTDriver : Resetting driver {'pwm32': None, 'pwm1': 'ff', 'number': '10', 'trigger_cmd': 'TN:', 'allow_enable': False, 'mode': '10', 'pulse_ms': '0A', 'pwm2': 'ff', 'recycle_ms': '00', 'config_cmd': 'DN:'}
2016-03-31 12:34:22,611 : DEBUG : FASTDriver : Driver Settings: {'pwm32': None, 'pwm1': 'ff', 'number': '09', 'trigger_cmd': 'TN:', 'allow_enable': False, 'mode': '10', 'pulse_ms': '0A', 'pwm2': 'ff', 'recycle_ms': '00', 'config_cmd': 'DN:'}
2016-03-31 12:34:22,612 : DEBUG : FASTDriver : Resetting driver {'pwm32': None, 'pwm1': 'ff', 'number': '09', 'trigger_cmd': 'TN:', 'allow_enable': False, 'mode': '10', 'pulse_ms': '0A', 'pwm2': 'ff', 'recycle_ms': '00', 'config_cmd': 'DN:'}
2016-03-31 12:34:22,612 : DEBUG : coil.c_upperrightflippermain : Platform Driver: <Platform.FAST>
2016-03-31 12:34:22,612 : DEBUG : FASTDriver : Driver Settings: {'pwm32': None, 'pwm1': 'ff', 'number': '1D', 'trigger_cmd': 'TN:', 'allow_enable': False, 'mode': '10', 'pulse_ms': '14', 'pwm2': 'ff', 'recycle_ms': '00', 'config_cmd': 'DN:'}
2016-03-31 12:34:22,612 : DEBUG : FASTDriver : Resetting driver {'pwm32': None, 'pwm1': 'ff', 'number': '1D', 'trigger_cmd': 'TN:', 'allow_enable': False, 'mode': '10', 'pulse_ms': '14', 'pwm2': 'ff', 'recycle_ms': '00', 'config_cmd': 'DN:'}
2016-03-31 12:34:22,613 : DEBUG : FASTDriver : Driver Settings: {'pwm32': None, 'pwm1': 'ff', 'number': '1B', 'trigger_cmd': 'TN:', 'allow_enable': False, 'mode': '10', 'pulse_ms': '14', 'pwm2': 'ff', 'recycle_ms': '00', 'config_cmd': 'DN:'}
2016-03-31 12:34:22,613 : DEBUG : FASTDriver : Resetting driver {'pwm32': None, 'pwm1': 'ff', 'number': '1B', 'trigger_cmd': 'TN:', 'allow_enable': False, 'mode': '10', 'pulse_ms': '14', 'pwm2': 'ff', 'recycle_ms': '00', 'config_cmd': 'DN:'}
2016-03-31 12:34:22,613 : DEBUG : FASTDriver : Driver Settings: {'pwm32': None, 'pwm1': 'ff', 'number': '02', 'trigger_cmd': 'TN:', 'allow_enable': False, 'mode': '10', 'pulse_ms': '0A', 'pwm2': 'ff', 'recycle_ms': '00', 'config_cmd': 'DN:'}
2016-03-31 12:34:22,614 : DEBUG : FASTDriver : Resetting driver {'pwm32': None, 'pwm1': 'ff', 'number': '02', 'trigger_cmd': 'TN:', 'allow_enable': False, 'mode': '10', 'pulse_ms': '0A', 'pwm2': 'ff', 'recycle_ms': '00', 'config_cmd': 'DN:'}
2016-03-31 12:34:22,614 : DEBUG : FASTDriver : Driver Settings: {'pwm32': None, 'pwm1': 'ff', 'number': '11', 'trigger_cmd': 'TN:', 'allow_enable': False, 'mode': '10', 'pulse_ms': '0A', 'pwm2': 'ff', 'recycle_ms': '00', 'config_cmd': 'DN:'}
2016-03-31 12:34:22,615 : DEBUG : FASTDriver : Resetting driver {'pwm32': None, 'pwm1': 'ff', 'number': '11', 'trigger_cmd': 'TN:', 'allow_enable': False, 'mode': '10', 'pulse_ms': '0A', 'pwm2': 'ff', 'recycle_ms': '00', 'config_cmd': 'DN:'}
2016-03-31 12:34:22,615 : DEBUG : FASTDriver : Driver Settings: {'pwm32': None, 'pwm1': 'ff', 'number': '04', 'trigger_cmd': 'TN:', 'allow_enable': False, 'mode': '10', 'pulse_ms': '0A', 'pwm2': 'ff', 'recycle_ms': '00', 'config_cmd': 'DN:'}
2016-03-31 12:34:22,615 : DEBUG : FASTDriver : Resetting driver {'pwm32': None, 'pwm1': 'ff', 'number': '04', 'trigger_cmd': 'TN:', 'allow_enable': False, 'mode': '10', 'pulse_ms': '0A', 'pwm2': 'ff', 'recycle_ms': '00', 'config_cmd': 'DN:'}
2016-03-31 12:34:22,616 : DEBUG : coil.c_leftflippermain : Platform Driver: <Platform.FAST>
2016-03-31 12:34:22,616 : DEBUG : FASTDriver : Driver Settings: {'pwm32': None, 'pwm1': 'ff', 'number': '00', 'trigger_cmd': 'TN:', 'allow_enable': False, 'mode': '10', 'pulse_ms': '19', 'pwm2': 'ff', 'recycle_ms': '00', 'config_cmd': 'DN:'}
2016-03-31 12:34:22,616 : DEBUG : FASTDriver : Resetting driver {'pwm32': None, 'pwm1': 'ff', 'number': '00', 'trigger_cmd': 'TN:', 'allow_enable': False, 'mode': '10', 'pulse_ms': '19', 'pwm2': 'ff', 'recycle_ms': '00', 'config_cmd': 'DN:'}
2016-03-31 12:34:22,616 : DEBUG : FASTDriver : Driver Settings: {'pwm32': None, 'pwm1': 'ff', 'number': '0A', 'trigger_cmd': 'TN:', 'allow_enable': False, 'mode': '10', 'pulse_ms': '28', 'pwm2': 'ff', 'recycle_ms': '00', 'config_cmd': 'DN:'}
2016-03-31 12:34:22,617 : DEBUG : FASTDriver : Resetting driver {'pwm32': None, 'pwm1': 'ff', 'number': '0A', 'trigger_cmd': 'TN:', 'allow_enable': False, 'mode': '10', 'pulse_ms': '28', 'pwm2': 'ff', 'recycle_ms': '00', 'config_cmd': 'DN:'}
2016-03-31 12:34:22,617 : DEBUG : FASTDriver : Driver Settings: {'pwm32': None, 'pwm1': 'ff', 'number': '0E', 'trigger_cmd': 'TN:', 'allow_enable': False, 'mode': '10', 'pulse_ms': '23', 'pwm2': 'ff', 'recycle_ms': '00', 'config_cmd': 'DN:'}
2016-03-31 12:34:22,617 : DEBUG : FASTDriver : Resetting driver {'pwm32': None, 'pwm1': 'ff', 'number': '0E', 'trigger_cmd': 'TN:', 'allow_enable': False, 'mode': '10', 'pulse_ms': '23', 'pwm2': 'ff', 'recycle_ms': '00', 'config_cmd': 'DN:'}
2016-03-31 12:34:22,617 : DEBUG : FASTDriver : Driver Settings: {'pwm32': None, 'pwm1': 'ff', 'number': '07', 'trigger_cmd': 'TN:', 'allow_enable': False, 'mode': '10', 'pulse_ms': '3C', 'pwm2': 'ff', 'recycle_ms': '00', 'config_cmd': 'DN:'}
2016-03-31 12:34:22,618 : DEBUG : FASTDriver : Resetting driver {'pwm32': None, 'pwm1': 'ff', 'number': '07', 'trigger_cmd': 'TN:', 'allow_enable': False, 'mode': '10', 'pulse_ms': '3C', 'pwm2': 'ff', 'recycle_ms': '00', 'config_cmd': 'DN:'}
2016-03-31 12:34:22,619 : DEBUG : FASTDriver : Driver Settings: {'pwm32': None, 'pwm1': 'ff', 'number': '0C', 'trigger_cmd': 'TN:', 'allow_enable': False, 'mode': '10', 'pulse_ms': '0A', 'pwm2': 'ff', 'recycle_ms': '00', 'config_cmd': 'DN:'}
2016-03-31 12:34:22,620 : DEBUG : FASTDriver : Resetting driver {'pwm32': None, 'pwm1': 'ff', 'number': '0C', 'trigger_cmd': 'TN:', 'allow_enable': False, 'mode': '10', 'pulse_ms': '0A', 'pwm2': 'ff', 'recycle_ms': '00', 'config_cmd': 'DN:'}
2016-03-31 12:34:22,620 : DEBUG : FASTDriver : Driver Settings: {'pwm32': None, 'pwm1': 'ff', 'number': '01', 'trigger_cmd': 'TN:', 'allow_enable': False, 'mode': '10', 'pulse_ms': '0A', 'pwm2': 'ff', 'recycle_ms': '00', 'config_cmd': 'DN:'}
2016-03-31 12:34:22,621 : DEBUG : FASTDriver : Resetting driver {'pwm32': None, 'pwm1': 'ff', 'number': '01', 'trigger_cmd': 'TN:', 'allow_enable': False, 'mode': '10', 'pulse_ms': '0A', 'pwm2': 'ff', 'recycle_ms': '00', 'config_cmd': 'DN:'}
2016-03-31 12:34:22,622 : DEBUG : coil.c_trougheject : Platform Driver: <Platform.FAST>
2016-03-31 12:34:22,622 : DEBUG : FASTDriver : Driver Settings: {'pwm32': None, 'pwm1': 'ff', 'number': '06', 'trigger_cmd': 'TN:', 'allow_enable': True, 'mode': '10', 'pulse_ms': 1000, 'pwm2': 'ff', 'recycle_ms': '00', 'config_cmd': 'DN:'}
2016-03-31 12:34:22,622 : DEBUG : FASTDriver : Resetting driver {'pwm32': None, 'pwm1': 'ff', 'number': '06', 'trigger_cmd': 'TN:', 'allow_enable': True, 'mode': '10', 'pulse_ms': 1000, 'pwm2': 'ff', 'recycle_ms': '00', 'config_cmd': 'DN:'}
2016-03-31 12:34:22,622 : DEBUG : FASTDriver : Driver Settings: {'pwm32': None, 'pwm1': 'ff', 'number': '08', 'trigger_cmd': 'TN:', 'allow_enable': False, 'mode': '10', 'pulse_ms': '0A', 'pwm2': '01', 'recycle_ms': '00', 'config_cmd': 'DN:'}
2016-03-31 12:34:22,623 : DEBUG : FASTDriver : Resetting driver {'pwm32': None, 'pwm1': 'ff', 'number': '08', 'trigger_cmd': 'TN:', 'allow_enable': False, 'mode': '10', 'pulse_ms': '0A', 'pwm2': '01', 'recycle_ms': '00', 'config_cmd': 'DN:'}
2016-03-31 12:34:22,623 : DEBUG : FASTDriver : Driver Settings: {'pwm32': None, 'pwm1': 'ff', 'number': '05', 'trigger_cmd': 'TN:', 'allow_enable': False, 'mode': '10', 'pulse_ms': '14', 'pwm2': 'ff', 'recycle_ms': '00', 'config_cmd': 'DN:'}
2016-03-31 12:34:22,623 : DEBUG : FASTDriver : Resetting driver {'pwm32': None, 'pwm1': 'ff', 'number': '05', 'trigger_cmd': 'TN:', 'allow_enable': False, 'mode': '10', 'pulse_ms': '14', 'pwm2': 'ff', 'recycle_ms': '00', 'config_cmd': 'DN:'}
2016-03-31 12:34:22,624 : DEBUG : FASTDriver : Driver Settings: {'pwm32': None, 'pwm1': 'ff', 'number': '0D', 'trigger_cmd': 'TN:', 'allow_enable': False, 'mode': '10', 'pulse_ms': '0A', 'pwm2': 'ff', 'recycle_ms': '00', 'config_cmd': 'DN:'}
2016-03-31 12:34:22,624 : DEBUG : FASTDriver : Resetting driver {'pwm32': None, 'pwm1': 'ff', 'number': '0D', 'trigger_cmd': 'TN:', 'allow_enable': False, 'mode': '10', 'pulse_ms': '0A', 'pwm2': 'ff', 'recycle_ms': '00', 'config_cmd': 'DN:'}
2016-03-31 12:34:22,624 : DEBUG : FASTDriver : Driver Settings: {'pwm32': None, 'pwm1': 'ff', 'number': '1A', 'trigger_cmd': 'TN:', 'allow_enable': False, 'mode': '10', 'pulse_ms': '14', 'pwm2': 'ff', 'recycle_ms': '00', 'config_cmd': 'DN:'}
2016-03-31 12:34:22,625 : DEBUG : FASTDriver : Resetting driver {'pwm32': None, 'pwm1': 'ff', 'number': '1A', 'trigger_cmd': 'TN:', 'allow_enable': False, 'mode': '10', 'pulse_ms': '14', 'pwm2': 'ff', 'recycle_ms': '00', 'config_cmd': 'DN:'}
2016-03-31 12:34:22,625 : DEBUG : FASTDriver : Driver Settings: {'pwm32': None, 'pwm1': 'ff', 'number': '13', 'trigger_cmd': 'TN:', 'allow_enable': False, 'mode': '10', 'pulse_ms': '08', 'pwm2': 'ff', 'recycle_ms': '00', 'config_cmd': 'DN:'}
2016-03-31 12:34:22,625 : DEBUG : FASTDriver : Resetting driver {'pwm32': None, 'pwm1': 'ff', 'number': '13', 'trigger_cmd': 'TN:', 'allow_enable': False, 'mode': '10', 'pulse_ms': '08', 'pwm2': 'ff', 'recycle_ms': '00', 'config_cmd': 'DN:'}
2016-03-31 12:34:22,626 : DEBUG : FASTDriver : Driver Settings: {'pwm32': None, 'pwm1': 'ff', 'number': '0B', 'trigger_cmd': 'TN:', 'allow_enable': False, 'mode': '10', 'pulse_ms': '0A', 'pwm2': 'ff', 'recycle_ms': '00', 'config_cmd': 'DN:'}
2016-03-31 12:34:22,626 : DEBUG : FASTDriver : Resetting driver {'pwm32': None, 'pwm1': 'ff', 'number': '0B', 'trigger_cmd': 'TN:', 'allow_enable': False, 'mode': '10', 'pulse_ms': '0A', 'pwm2': 'ff', 'recycle_ms': '00', 'config_cmd': 'DN:'}
2016-03-31 12:34:22,627 : DEBUG : FASTDriver : Driver Settings: {'pwm32': None, 'pwm1': 'ff', 'number': '12', 'trigger_cmd': 'TN:', 'allow_enable': False, 'mode': '10', 'pulse_ms': '02', 'pwm2': 'ff', 'recycle_ms': '00', 'config_cmd': 'DN:'}
2016-03-31 12:34:22,627 : DEBUG : FASTDriver : Resetting driver {'pwm32': None, 'pwm1': 'ff', 'number': '12', 'trigger_cmd': 'TN:', 'allow_enable': False, 'mode': '10', 'pulse_ms': '02', 'pwm2': 'ff', 'recycle_ms': '00', 'config_cmd': 'DN:'}
2016-03-31 12:34:22,627 : DEBUG : FAST : FAST Switch hardware tuple: ('11', 1)
2016-03-31 12:34:22,627 : DEBUG : FAST : FAST Switch hardware tuple: ('2C', 1)
2016-03-31 12:34:22,628 : DEBUG : FAST : FAST Switch hardware tuple: ('02', 1)
2016-03-31 12:34:22,628 : DEBUG : FAST : FAST Switch hardware tuple: ('2B', 1)
2016-03-31 12:34:22,628 : DEBUG : FAST : FAST Switch hardware tuple: ('4D', 1)
2016-03-31 12:34:22,628 : DEBUG : FAST : FAST Switch hardware tuple: ('12', 1)
2016-03-31 12:34:22,629 : DEBUG : FAST : FAST Switch hardware tuple: ('44', 1)
2016-03-31 12:34:22,629 : DEBUG : FAST : FAST Switch hardware tuple: ('2F', 1)
2016-03-31 12:34:22,629 : DEBUG : FAST : FAST Switch hardware tuple: ('4E', 1)
2016-03-31 12:34:22,629 : DEBUG : FAST : FAST Switch hardware tuple: ('19', 1)
2016-03-31 12:34:22,629 : DEBUG : FAST : FAST Switch hardware tuple: ('1B', 1)
2016-03-31 12:34:22,630 : DEBUG : FAST : FAST Switch hardware tuple: ('2D', 1)
2016-03-31 12:34:22,630 : DEBUG : FAST : FAST Switch hardware tuple: ('15', 1)
2016-03-31 12:34:22,630 : DEBUG : FAST : FAST Switch hardware tuple: ('29', 1)
2016-03-31 12:34:22,630 : DEBUG : FAST : FAST Switch hardware tuple: ('41', 1)
2016-03-31 12:34:22,630 : DEBUG : FAST : FAST Switch hardware tuple: ('18', 1)
2016-03-31 12:34:22,631 : DEBUG : FAST : FAST Switch hardware tuple: ('00', 1)
2016-03-31 12:34:22,631 : DEBUG : FAST : FAST Switch hardware tuple: ('10', 1)
2016-03-31 12:34:22,631 : DEBUG : FAST : FAST Switch hardware tuple: ('40', 1)
2016-03-31 12:34:22,632 : DEBUG : FAST : FAST Switch hardware tuple: ('03', 1)
2016-03-31 12:34:22,632 : DEBUG : FAST : FAST Switch hardware tuple: ('1A', 1)
2016-03-31 12:34:22,632 : DEBUG : FAST : FAST Switch hardware tuple: ('01', 1)
2016-03-31 12:34:22,632 : DEBUG : FAST : FAST Switch hardware tuple: ('42', 1)
2016-03-31 12:34:22,632 : DEBUG : FAST : FAST Switch hardware tuple: ('04', 1)
2016-03-31 12:34:22,632 : DEBUG : FAST : FAST Switch hardware tuple: ('28', 1)
2016-03-31 12:34:22,633 : DEBUG : FAST : FAST Switch hardware tuple: ('43', 1)
2016-03-31 12:34:22,633 : DEBUG : FAST : FAST Switch hardware tuple: ('2E', 1)
2016-03-31 12:34:22,633 : DEBUG : FAST : FAST Switch hardware tuple: ('13', 1)
2016-03-31 12:34:22,633 : DEBUG : FAST : FAST Switch hardware tuple: ('4A', 1)
2016-03-31 12:34:22,634 : DEBUG : FAST : FAST Switch hardware tuple: ('4C', 1)
2016-03-31 12:34:22,634 : DEBUG : FAST : FAST Switch hardware tuple: ('4B', 1)
2016-03-31 12:34:22,634 : DEBUG : FAST : FAST Switch hardware tuple: ('14', 1)
2016-03-31 12:34:22,634 : DEBUG : FAST : FAST Switch hardware tuple: ('4F', 1)
2016-03-31 12:34:22,634 : DEBUG : FAST : FAST Switch hardware tuple: ('45', 1)
2016-03-31 12:34:22,635 : DEBUG : FAST : FAST Switch hardware tuple: ('2A', 1)
2016-03-31 12:34:22,635 : DEBUG : FAST : FAST Switch hardware tuple: ('16', 1)
2016-03-31 12:34:22,635 : DEBUG : FAST : FAST Switch hardware tuple: ('48', 1)
2016-03-31 12:34:22,635 : DEBUG : FAST : FAST Switch hardware tuple: ('49', 1)
2016-03-31 12:34:22,635 : DEBUG : Clock : Scheduled a recurring clock callback (callback=<bound method HardwarePlatform.update_leds of <Platform.FAST>>, timeout=0, priority=1)
2016-03-31 12:34:22,636 : DEBUG : FASTLED : Creating FAST RGB LED at hardware address: 5B
2016-03-31 12:34:22,636 : DEBUG : FASTLED : Creating FAST RGB LED at hardware address: 5F
2016-03-31 12:34:22,636 : DEBUG : FASTLED : Creating FAST RGB LED at hardware address: 6A
2016-03-31 12:34:22,636 : DEBUG : FASTLED : Creating FAST RGB LED at hardware address: 89
2016-03-31 12:34:22,636 : DEBUG : FASTLED : Creating FAST RGB LED at hardware address: 85
2016-03-31 12:34:22,637 : DEBUG : FASTLED : Creating FAST RGB LED at hardware address: 55
2016-03-31 12:34:22,637 : DEBUG : FASTLED : Creating FAST RGB LED at hardware address: 61
2016-03-31 12:34:22,637 : DEBUG : FASTLED : Creating FAST RGB LED at hardware address: 50
2016-03-31 12:34:22,638 : DEBUG : FASTLED : Creating FAST RGB LED at hardware address: 66
2016-03-31 12:34:22,638 : DEBUG : FASTLED : Creating FAST RGB LED at hardware address: 8B
2016-03-31 12:34:22,638 : DEBUG : FASTLED : Creating FAST RGB LED at hardware address: 67
2016-03-31 12:34:22,639 : DEBUG : FASTLED : Creating FAST RGB LED at hardware address: 65
2016-03-31 12:34:22,639 : DEBUG : FASTLED : Creating FAST RGB LED at hardware address: 44
2016-03-31 12:34:22,640 : DEBUG : FASTLED : Creating FAST RGB LED at hardware address: 82
2016-03-31 12:34:22,640 : DEBUG : FASTLED : Creating FAST RGB LED at hardware address: 4D
2016-03-31 12:34:22,641 : DEBUG : FASTLED : Creating FAST RGB LED at hardware address: 59
2016-03-31 12:34:22,642 : DEBUG : FASTLED : Creating FAST RGB LED at hardware address: 94
2016-03-31 12:34:22,642 : DEBUG : FASTLED : Creating FAST RGB LED at hardware address: 84
2016-03-31 12:34:22,643 : DEBUG : FASTLED : Creating FAST RGB LED at hardware address: 92
2016-03-31 12:34:22,644 : DEBUG : FASTLED : Creating FAST RGB LED at hardware address: 42
2016-03-31 12:34:22,644 : DEBUG : FASTLED : Creating FAST RGB LED at hardware address: 88
2016-03-31 12:34:22,644 : DEBUG : FASTLED : Creating FAST RGB LED at hardware address: 6E
2016-03-31 12:34:22,644 : DEBUG : FASTLED : Creating FAST RGB LED at hardware address: 43
2016-03-31 12:34:22,644 : DEBUG : FASTLED : Creating FAST RGB LED at hardware address: 5E
2016-03-31 12:34:22,645 : DEBUG : FASTLED : Creating FAST RGB LED at hardware address: 5D
2016-03-31 12:34:22,645 : DEBUG : FASTLED : Creating FAST RGB LED at hardware address: 4F
2016-03-31 12:34:22,645 : DEBUG : FASTLED : Creating FAST RGB LED at hardware address: 48
2016-03-31 12:34:22,645 : DEBUG : FASTLED : Creating FAST RGB LED at hardware address: 8F
2016-03-31 12:34:22,645 : DEBUG : FASTLED : Creating FAST RGB LED at hardware address: 57
2016-03-31 12:34:22,645 : DEBUG : FASTLED : Creating FAST RGB LED at hardware address: 69
2016-03-31 12:34:22,645 : DEBUG : FASTLED : Creating FAST RGB LED at hardware address: 58
2016-03-31 12:34:22,646 : DEBUG : FASTLED : Creating FAST RGB LED at hardware address: 5C
2016-03-31 12:34:22,647 : DEBUG : FASTLED : Creating FAST RGB LED at hardware address: 8C
2016-03-31 12:34:22,647 : DEBUG : FASTLED : Creating FAST RGB LED at hardware address: 8E
2016-03-31 12:34:22,647 : DEBUG : FASTLED : Creating FAST RGB LED at hardware address: 51
2016-03-31 12:34:22,647 : DEBUG : FASTLED : Creating FAST RGB LED at hardware address: 68
2016-03-31 12:34:22,647 : DEBUG : FASTLED : Creating FAST RGB LED at hardware address: 8A
2016-03-31 12:34:22,648 : DEBUG : FASTLED : Creating FAST RGB LED at hardware address: 86
2016-03-31 12:34:22,648 : DEBUG : FASTLED : Creating FAST RGB LED at hardware address: 49
2016-03-31 12:34:22,648 : DEBUG : FASTLED : Creating FAST RGB LED at hardware address: 87
2016-03-31 12:34:22,648 : DEBUG : FASTLED : Creating FAST RGB LED at hardware address: 53
2016-03-31 12:34:22,648 : DEBUG : FASTLED : Creating FAST RGB LED at hardware address: 95
2016-03-31 12:34:22,649 : DEBUG : FASTLED : Creating FAST RGB LED at hardware address: 90
2016-03-31 12:34:22,649 : DEBUG : FASTLED : Creating FAST RGB LED at hardware address: 6B
2016-03-31 12:34:22,649 : DEBUG : FASTLED : Creating FAST RGB LED at hardware address: 64
2016-03-31 12:34:22,649 : DEBUG : FASTLED : Creating FAST RGB LED at hardware address: 4B
2016-03-31 12:34:22,649 : DEBUG : FASTLED : Creating FAST RGB LED at hardware address: 81
2016-03-31 12:34:22,649 : DEBUG : FASTLED : Creating FAST RGB LED at hardware address: 6F
2016-03-31 12:34:22,650 : DEBUG : FASTLED : Creating FAST RGB LED at hardware address: 46
2016-03-31 12:34:22,650 : DEBUG : FASTLED : Creating FAST RGB LED at hardware address: 62
2016-03-31 12:34:22,650 : DEBUG : FASTLED : Creating FAST RGB LED at hardware address: 41
2016-03-31 12:34:22,650 : DEBUG : FASTLED : Creating FAST RGB LED at hardware address: 8D
2016-03-31 12:34:22,650 : DEBUG : FASTLED : Creating FAST RGB LED at hardware address: 91
2016-03-31 12:34:22,650 : DEBUG : FASTLED : Creating FAST RGB LED at hardware address: 63
2016-03-31 12:34:22,651 : DEBUG : FASTLED : Creating FAST RGB LED at hardware address: 54
2016-03-31 12:34:22,651 : DEBUG : FASTLED : Creating FAST RGB LED at hardware address: 47
2016-03-31 12:34:22,651 : DEBUG : FASTLED : Creating FAST RGB LED at hardware address: 56
2016-03-31 12:34:22,651 : DEBUG : FASTLED : Creating FAST RGB LED at hardware address: 6C
2016-03-31 12:34:22,651 : DEBUG : FASTLED : Creating FAST RGB LED at hardware address: 93
2016-03-31 12:34:22,651 : DEBUG : FASTLED : Creating FAST RGB LED at hardware address: 52
2016-03-31 12:34:22,652 : DEBUG : FASTLED : Creating FAST RGB LED at hardware address: 80
2016-03-31 12:34:22,652 : DEBUG : FASTLED : Creating FAST RGB LED at hardware address: 4C
2016-03-31 12:34:22,652 : DEBUG : FASTLED : Creating FAST RGB LED at hardware address: 60
2016-03-31 12:34:22,652 : DEBUG : FASTLED : Creating FAST RGB LED at hardware address: 6D
2016-03-31 12:34:22,652 : DEBUG : FASTLED : Creating FAST RGB LED at hardware address: 4A
2016-03-31 12:34:22,652 : DEBUG : FASTLED : Creating FAST RGB LED at hardware address: 4E
2016-03-31 12:34:22,653 : DEBUG : FASTLED : Creating FAST RGB LED at hardware address: 5A
2016-03-31 12:34:22,653 : DEBUG : FASTLED : Creating FAST RGB LED at hardware address: 83
2016-03-31 12:34:22,653 : DEBUG : SwitchController : Registering switch handler: s_plungerlane, <bound method BallDevice._switch_changed of <ball_device.bd_plunger>>, state: 1, ms: 500, info: False, cb_kwargs: {}
2016-03-31 12:34:22,653 : DEBUG : SwitchController : Registering switch handler: s_plungerlane, <bound method BallDevice._switch_changed of <ball_device.bd_plunger>>, state: 0, ms: 1000, info: False, cb_kwargs: {}
2016-03-31 12:34:22,654 : DEBUG : Events : Registered BallDevice._target_ready as a handler for 'balldevice_playfield_ok_to_receive', priority: 1, kwargs: {'target': <playfield.playfield>}
2016-03-31 12:34:22,654 : DEBUG : Events : Registered BallDevice._source_device_eject_failed as a handler for 'balldevice_bd_trough_ball_eject_failed', priority: 1, kwargs: {}
2016-03-31 12:34:22,655 : DEBUG : Events : Registered BallDevice._source_device_eject_attempt as a handler for 'balldevice_bd_trough_ball_eject_attempt', priority: 1, kwargs: {}
2016-03-31 12:34:22,656 : DEBUG : Events : Registered BallDevice._source_device_ball_lost as a handler for 'balldevice_bd_trough_ball_lost', priority: 1, kwargs: {}
2016-03-31 12:34:22,656 : DEBUG : Events : Registered BallDevice._source_device_balls_available as a handler for 'balldevice_balls_available', priority: 1, kwargs: {}
2016-03-31 12:34:22,656 : DEBUG : Events : Registered BallDevice._source_device_eject_failed as a handler for 'balldevice_bd_drain_ball_eject_failed', priority: 1, kwargs: {}
2016-03-31 12:34:22,656 : DEBUG : Events : Registered BallDevice._source_device_eject_attempt as a handler for 'balldevice_bd_drain_ball_eject_attempt', priority: 1, kwargs: {}
2016-03-31 12:34:22,656 : DEBUG : Events : Registered BallDevice._source_device_ball_lost as a handler for 'balldevice_bd_drain_ball_lost', priority: 1, kwargs: {}
2016-03-31 12:34:22,656 : DEBUG : Events : Registered BallDevice._source_device_balls_available as a handler for 'balldevice_balls_available', priority: 1, kwargs: {}
2016-03-31 12:34:22,657 : DEBUG : Events : Registered BallDevice._initialize_phase_4 as a handler for 'init_phase_4', priority: 1, kwargs: {}
2016-03-31 12:34:22,657 : DEBUG : SwitchController : Registering switch handler: s_drain, <bound method BallDevice._switch_changed of <ball_device.bd_drain>>, state: 1, ms: 500, info: False, cb_kwargs: {}
2016-03-31 12:34:22,657 : DEBUG : SwitchController : Registering switch handler: s_drain, <bound method BallDevice._switch_changed of <ball_device.bd_drain>>, state: 0, ms: 500, info: False, cb_kwargs: {}
2016-03-31 12:34:22,657 : DEBUG : Events : Registered BallDevice._target_ready as a handler for 'balldevice_bd_trough_ok_to_receive', priority: 1, kwargs: {'target': <ball_device.bd_trough>}
2016-03-31 12:34:22,657 : DEBUG : Events : Registered BallDevice._target_ready as a handler for 'balldevice_bd_plunger_ok_to_receive', priority: 1, kwargs: {'target': <ball_device.bd_plunger>}
2016-03-31 12:34:22,658 : DEBUG : Events : Registered BallDevice._target_ready as a handler for 'balldevice_playfield_ok_to_receive', priority: 1, kwargs: {'target': <playfield.playfield>}
2016-03-31 12:34:22,658 : DEBUG : Events : Registered BallDevice._initialize_phase_4 as a handler for 'init_phase_4', priority: 1, kwargs: {}
2016-03-31 12:34:22,658 : DEBUG : SwitchController : Registering switch handler: s_troughenter, <bound method BallDevice._entrance_switch_handler of <ball_device.bd_trough>>, state: 1, ms: 0, info: False, cb_kwargs: {}
2016-03-31 12:34:22,658 : DEBUG : SwitchController : Registering switch handler: s_troughenter, <bound method BallDevice._entrance_switch_full_handler of <ball_device.bd_trough>>, state: 1, ms: 3000, info: False, cb_kwargs: {}
2016-03-31 12:34:22,658 : DEBUG : Events : Registered BallDevice._target_ready as a handler for 'balldevice_bd_plunger_ok_to_receive', priority: 1, kwargs: {'target': <ball_device.bd_plunger>}
2016-03-31 12:34:22,658 : DEBUG : Events : Registered BallDevice._target_ready as a handler for 'balldevice_playfield_ok_to_receive', priority: 1, kwargs: {'target': <playfield.playfield>}
2016-03-31 12:34:22,659 : DEBUG : ball_device.bd_trough : EVENT: bd_drain to bd_trough
2016-03-31 12:34:22,659 : DEBUG : Events : Registered BallDevice._source_device_eject_failed as a handler for 'balldevice_bd_drain_ball_eject_failed', priority: 1, kwargs: {}
2016-03-31 12:34:22,659 : DEBUG : Events : Registered BallDevice._source_device_eject_attempt as a handler for 'balldevice_bd_drain_ball_eject_attempt', priority: 1, kwargs: {}
2016-03-31 12:34:22,659 : DEBUG : Events : Registered BallDevice._source_device_ball_lost as a handler for 'balldevice_bd_drain_ball_lost', priority: 1, kwargs: {}
2016-03-31 12:34:22,659 : DEBUG : Events : Registered BallDevice._source_device_balls_available as a handler for 'balldevice_balls_available', priority: 1, kwargs: {}
2016-03-31 12:34:22,659 : DEBUG : Events : Registered BallDevice._initialize_phase_4 as a handler for 'init_phase_4', priority: 1, kwargs: {}
2016-03-31 12:34:22,660 : DEBUG : SwitchController : Registering switch handler: s_lowervukopto, <bound method BallDevice._switch_changed of <ball_device.bd_lower_vuk>>, state: 1, ms: 600, info: False, cb_kwargs: {}
2016-03-31 12:34:22,660 : DEBUG : SwitchController : Registering switch handler: s_lowervukopto, <bound method BallDevice._switch_changed of <ball_device.bd_lower_vuk>>, state: 0, ms: 800, info: False, cb_kwargs: {}
2016-03-31 12:34:22,660 : DEBUG : Events : Registered BallDevice._target_ready as a handler for 'balldevice_playfield_ok_to_receive', priority: 1, kwargs: {'target': <playfield.playfield>}
2016-03-31 12:34:22,660 : DEBUG : Events : Registered BallDevice._initialize_phase_4 as a handler for 'init_phase_4', priority: 1, kwargs: {}
2016-03-31 12:34:22,660 : DEBUG : SwitchController : Registering switch handler: s_topkicker, <bound method BallDevice._switch_changed of <ball_device.bd_top_kicker>>, state: 1, ms: 500, info: False, cb_kwargs: {}
2016-03-31 12:34:22,660 : DEBUG : SwitchController : Registering switch handler: s_topkicker, <bound method BallDevice._switch_changed of <ball_device.bd_top_kicker>>, state: 0, ms: 500, info: False, cb_kwargs: {}
2016-03-31 12:34:22,661 : DEBUG : Events : Registered BallDevice._target_ready as a handler for 'balldevice_playfield_ok_to_receive', priority: 1, kwargs: {'target': <playfield.playfield>}
2016-03-31 12:34:22,661 : DEBUG : Events : Registered BallDevice._target_ready as a handler for 'balldevice_bd_top_right_vuk_ok_to_receive', priority: 1, kwargs: {'target': <ball_device.bd_top_right_vuk>}
2016-03-31 12:34:22,661 : DEBUG : Events : Registered BallDevice._initialize_phase_4 as a handler for 'init_phase_4', priority: 1, kwargs: {}
2016-03-31 12:34:22,661 : DEBUG : SwitchController : Registering switch handler: s_toprightvuk, <bound method BallDevice._switch_changed of <ball_device.bd_top_right_vuk>>, state: 1, ms: 500, info: False, cb_kwargs: {}
2016-03-31 12:34:22,661 : DEBUG : SwitchController : Registering switch handler: s_toprightvuk, <bound method BallDevice._switch_changed of <ball_device.bd_top_right_vuk>>, state: 0, ms: 500, info: False, cb_kwargs: {}
2016-03-31 12:34:22,662 : DEBUG : Events : Registered BallDevice._target_ready as a handler for 'balldevice_playfield_ok_to_receive', priority: 1, kwargs: {'target': <playfield.playfield>}
2016-03-31 12:34:22,662 : DEBUG : Events : Registered BallDevice._source_device_eject_failed as a handler for 'balldevice_bd_top_kicker_ball_eject_failed', priority: 1, kwargs: {}
2016-03-31 12:34:22,662 : DEBUG : Events : Registered BallDevice._source_device_eject_attempt as a handler for 'balldevice_bd_top_kicker_ball_eject_attempt', priority: 1, kwargs: {}
2016-03-31 12:34:22,663 : DEBUG : Events : Registered BallDevice._source_device_ball_lost as a handler for 'balldevice_bd_top_kicker_ball_lost', priority: 1, kwargs: {}
2016-03-31 12:34:22,663 : DEBUG : Events : Registered BallDevice._source_device_balls_available as a handler for 'balldevice_balls_available', priority: 1, kwargs: {}
2016-03-31 12:34:22,664 : DEBUG : Events : Registered BallDevice._initialize_phase_4 as a handler for 'init_phase_4', priority: 1, kwargs: {}
2016-03-31 12:34:22,664 : DEBUG : Events : Registered Playfield._source_device_eject_success as a handler for 'balldevice_bd_trough_ball_eject_success', priority: 1, kwargs: {}
2016-03-31 12:34:22,664 : DEBUG : Events : Registered Playfield._source_device_eject_failed as a handler for 'balldevice_bd_trough_ball_eject_failed', priority: 1, kwargs: {}
2016-03-31 12:34:22,665 : DEBUG : Events : Registered Playfield._source_device_eject_attempt as a handler for 'balldevice_bd_trough_ball_eject_attempt', priority: 1, kwargs: {}
2016-03-31 12:34:22,665 : DEBUG : Events : Registered Playfield._source_device_eject_success as a handler for 'balldevice_bd_drain_ball_eject_success', priority: 1, kwargs: {}
2016-03-31 12:34:22,665 : DEBUG : Events : Registered Playfield._source_device_eject_failed as a handler for 'balldevice_bd_drain_ball_eject_failed', priority: 1, kwargs: {}
2016-03-31 12:34:22,665 : DEBUG : Events : Registered Playfield._source_device_eject_attempt as a handler for 'balldevice_bd_drain_ball_eject_attempt', priority: 1, kwargs: {}
2016-03-31 12:34:22,665 : DEBUG : Events : Registered Playfield._source_device_eject_success as a handler for 'balldevice_bd_plunger_ball_eject_success', priority: 1, kwargs: {}
2016-03-31 12:34:22,666 : DEBUG : Events : Registered Playfield._source_device_eject_failed as a handler for 'balldevice_bd_plunger_ball_eject_failed', priority: 1, kwargs: {}
2016-03-31 12:34:22,666 : DEBUG : Events : Registered Playfield._source_device_eject_attempt as a handler for 'balldevice_bd_plunger_ball_eject_attempt', priority: 1, kwargs: {}
2016-03-31 12:34:22,666 : DEBUG : Events : Registered Playfield._source_device_eject_success as a handler for 'balldevice_bd_lower_vuk_ball_eject_success', priority: 1, kwargs: {}
2016-03-31 12:34:22,666 : DEBUG : Events : Registered Playfield._source_device_eject_failed as a handler for 'balldevice_bd_lower_vuk_ball_eject_failed', priority: 1, kwargs: {}
2016-03-31 12:34:22,666 : DEBUG : Events : Registered Playfield._source_device_eject_attempt as a handler for 'balldevice_bd_lower_vuk_ball_eject_attempt', priority: 1, kwargs: {}
2016-03-31 12:34:22,666 : DEBUG : Events : Registered Playfield._source_device_eject_success as a handler for 'balldevice_bd_top_kicker_ball_eject_success', priority: 1, kwargs: {}
2016-03-31 12:34:22,667 : DEBUG : Events : Registered Playfield._source_device_eject_failed as a handler for 'balldevice_bd_top_kicker_ball_eject_failed', priority: 1, kwargs: {}
2016-03-31 12:34:22,667 : DEBUG : Events : Registered Playfield._source_device_eject_attempt as a handler for 'balldevice_bd_top_kicker_ball_eject_attempt', priority: 1, kwargs: {}
2016-03-31 12:34:22,667 : DEBUG : Events : Registered Playfield._source_device_eject_success as a handler for 'balldevice_bd_top_right_vuk_ball_eject_success', priority: 1, kwargs: {}
2016-03-31 12:34:22,667 : DEBUG : Events : Registered Playfield._source_device_eject_failed as a handler for 'balldevice_bd_top_right_vuk_ball_eject_failed', priority: 1, kwargs: {}
2016-03-31 12:34:22,667 : DEBUG : Events : Registered Playfield._source_device_eject_attempt as a handler for 'balldevice_bd_top_right_vuk_ball_eject_attempt', priority: 1, kwargs: {}
2016-03-31 12:34:22,667 : DEBUG : Events : Registered Playfield._ball_removed_handler as a handler for 'balldevice_captured_from_playfield', priority: 1, kwargs: {}
2016-03-31 12:34:22,668 : DEBUG : Events : Registered Playfield.playfield_switch_hit as a handler for 'sw_playfield_active', priority: 1, kwargs: {}
2016-03-31 12:34:22,668 : DEBUG : Events : Registered DropTarget._update_state_from_switch as a handler for 'init_phase_4', priority: 1, kwargs: {}
2016-03-31 12:34:22,668 : DEBUG : Events : Registered DropTarget._register_switch_handlers as a handler for 'init_phase_4', priority: 1, kwargs: {}
2016-03-31 12:34:22,668 : DEBUG : Events : Registered DropTarget._update_state_from_switch as a handler for 'init_phase_4', priority: 1, kwargs: {}
2016-03-31 12:34:22,668 : DEBUG : Events : Registered DropTarget._register_switch_handlers as a handler for 'init_phase_4', priority: 1, kwargs: {}
2016-03-31 12:34:22,668 : DEBUG : Events : Registered DropTarget._update_state_from_switch as a handler for 'init_phase_4', priority: 1, kwargs: {}
2016-03-31 12:34:22,668 : DEBUG : Events : Registered DropTarget._register_switch_handlers as a handler for 'init_phase_4', priority: 1, kwargs: {}
2016-03-31 12:34:22,669 : DEBUG : Events : Registered DropTarget._update_state_from_switch as a handler for 'init_phase_4', priority: 1, kwargs: {}
2016-03-31 12:34:22,669 : DEBUG : Events : Registered DropTarget._register_switch_handlers as a handler for 'init_phase_4', priority: 1, kwargs: {}
2016-03-31 12:34:22,669 : DEBUG : Events : Registered DropTarget._update_state_from_switch as a handler for 'init_phase_4', priority: 1, kwargs: {}
2016-03-31 12:34:22,669 : DEBUG : Events : Registered DropTarget._register_switch_handlers as a handler for 'init_phase_4', priority: 1, kwargs: {}
2016-03-31 12:34:22,669 : DEBUG : Events : ^^^^ Posted event 'drop_targets_up'. Type: None, Callback: None, Args: {}
2016-03-31 12:34:22,669 : DEBUG : Events : ============== EVENTS QUEUE =============
2016-03-31 12:34:22,669 : DEBUG : Events : drop_targets_up, None, None, {}
2016-03-31 12:34:22,670 : DEBUG : Events : =========================================
2016-03-31 12:34:22,670 : DEBUG : Events : Registered Diverter._feeder_eject_attempt as a handler for 'balldevice_playfield_ball_eject_attempt', priority: 1, kwargs: {}
2016-03-31 12:34:22,670 : DEBUG : Events : Registered Diverter._feeder_eject_count_decrease as a handler for 'balldevice_playfield_ball_eject_failed', priority: 1, kwargs: {}
2016-03-31 12:34:22,670 : DEBUG : Events : Registered Diverter._feeder_eject_count_decrease as a handler for 'balldevice_playfield_ball_eject_success', priority: 1, kwargs: {}
2016-03-31 12:34:22,670 : DEBUG : Events : Registered Diverter._register_switches as a handler for 'init_phase_3', priority: 1, kwargs: {}
2016-03-31 12:34:22,671 : DEBUG : Events : Registered Diverter._feeder_eject_attempt as a handler for 'balldevice_playfield_ball_eject_attempt', priority: 1, kwargs: {}
2016-03-31 12:34:22,671 : DEBUG : Events : Registered Diverter._feeder_eject_count_decrease as a handler for 'balldevice_playfield_ball_eject_failed', priority: 1, kwargs: {}
2016-03-31 12:34:22,671 : DEBUG : Events : Registered Diverter._feeder_eject_count_decrease as a handler for 'balldevice_playfield_ball_eject_success', priority: 1, kwargs: {}
2016-03-31 12:34:22,671 : DEBUG : Events : Registered Diverter._register_switches as a handler for 'init_phase_3', priority: 1, kwargs: {}
2016-03-31 12:34:22,671 : DEBUG : Events : ConfigPlayer._initialize (priority: 1) responding to event 'init_phase_1' with args {}
2016-03-31 12:34:22,671 : DEBUG : Mode Controller : Registering <bound method ConfigPlayer.mode_start of ConfigPlayer.events> as a mode start method. Config section: event_player, priority: 0, kwargs: {}
2016-03-31 12:34:22,672 : DEBUG : Events : ConfigPlayer._initialize (priority: 1) responding to event 'init_phase_1' with args {}
2016-03-31 12:34:22,672 : DEBUG : Mode Controller : Registering <bound method ConfigPlayer.mode_start of ConfigPlayer.random_events> as a mode start method. Config section: random_event_player, priority: 0, kwargs: {}
2016-03-31 12:34:22,672 : DEBUG : Events : ConfigPlayer._initialize (priority: 1) responding to event 'init_phase_1' with args {}
2016-03-31 12:34:22,672 : DEBUG : Mode Controller : Registering <bound method ConfigPlayer.mode_start of ConfigPlayer.gis> as a mode start method. Config section: gi_player, priority: 0, kwargs: {}
2016-03-31 12:34:22,672 : DEBUG : Events : ConfigPlayer._initialize (priority: 1) responding to event 'init_phase_1' with args {}
2016-03-31 12:34:22,672 : DEBUG : Mode Controller : Registering <bound method ConfigPlayer.mode_start of ConfigPlayer.triggers> as a mode start method. Config section: trigger_player, priority: 0, kwargs: {}
2016-03-31 12:34:22,672 : DEBUG : Events : ConfigPlayer._initialize (priority: 1) responding to event 'init_phase_1' with args {}
2016-03-31 12:34:22,673 : DEBUG : Mode Controller : Registering <bound method ConfigPlayer.mode_start of ConfigPlayer.shows> as a mode start method. Config section: show_player, priority: 0, kwargs: {}
2016-03-31 12:34:22,673 : DEBUG : Events : ConfigPlayer._initialize (priority: 1) responding to event 'init_phase_1' with args {}
2016-03-31 12:34:22,673 : DEBUG : Mode Controller : Registering <bound method ConfigPlayer.mode_start of ConfigPlayer.leds> as a mode start method. Config section: led_player, priority: 0, kwargs: {}
2016-03-31 12:34:22,673 : DEBUG : Events : ConfigPlayer._initialize (priority: 1) responding to event 'init_phase_1' with args {}
2016-03-31 12:34:22,673 : DEBUG : Mode Controller : Registering <bound method ConfigPlayer.mode_start of ConfigPlayer.bcp> as a mode start method. Config section: bcp_player, priority: 0, kwargs: {}
2016-03-31 12:34:22,673 : DEBUG : Events : ConfigPlayer._initialize (priority: 1) responding to event 'init_phase_1' with args {}
2016-03-31 12:34:22,673 : DEBUG : Mode Controller : Registering <bound method ConfigPlayer.mode_start of ConfigPlayer.lights> as a mode start method. Config section: light_player, priority: 0, kwargs: {}
2016-03-31 12:34:22,674 : DEBUG : Events : ConfigPlayer._initialize (priority: 1) responding to event 'init_phase_1' with args {}
2016-03-31 12:34:22,674 : DEBUG : Mode Controller : Registering <bound method ConfigPlayer.mode_start of ConfigPlayer.flashers> as a mode start method. Config section: flasher_player, priority: 0, kwargs: {}
2016-03-31 12:34:22,674 : DEBUG : Events : ConfigPlayer._initialize (priority: 1) responding to event 'init_phase_1' with args {}
2016-03-31 12:34:22,674 : DEBUG : Mode Controller : Registering <bound method ConfigPlayer.mode_start of ConfigPlayer.coils> as a mode start method. Config section: coil_player, priority: 0, kwargs: {}
2016-03-31 12:34:22,674 : DEBUG : Events : vvvv Finished event 'init_phase_1'. Type: None. Callback: None. Args: {}
2016-03-31 12:34:22,674 : DEBUG : Events : ^^^^ Processing event 'drop_targets_up'. Type: None, Callback: None, Args: {}
2016-03-31 12:34:22,674 : DEBUG : Events : vvvv Finished event 'drop_targets_up'. Type: None. Callback: None. Args: {}
2016-03-31 12:34:22,675 : DEBUG : Events : ^^^^ Posted event 'init_phase_2'. Type: None, Callback: None, Args: {}
2016-03-31 12:34:22,675 : DEBUG : Events : ============== EVENTS QUEUE =============
2016-03-31 12:34:22,675 : DEBUG : Events : init_phase_2, None, None, {}
2016-03-31 12:34:22,675 : DEBUG : Events : =========================================
2016-03-31 12:34:22,675 : DEBUG : Events : ^^^^ Processing event 'init_phase_2'. Type: None, Callback: None, Args: {}
2016-03-31 12:34:22,675 : DEBUG : Events : SwitchController._initialize_switches (priority: 1000) responding to event 'init_phase_2' with args {}
2016-03-31 12:34:22,687 : INFO : FAST : Received SA: 01,00,0B,00002400002D00001F0100
2016-03-31 12:34:22,688 : DEBUG : Events : ModeController._load_modes (priority: 1) responding to event 'init_phase_2' with args {}
2016-03-31 12:34:22,689 : DEBUG : Mode Controller : Found MPF Mode folders: {'credits': 'credits', 'high_score': 'high_score', 'attract': 'attract', 'game': 'game', 'tilt': 'tilt'}
2016-03-31 12:34:22,690 : DEBUG : Mode Controller : Found Machine-specific Mode folders: {'light_hilo': 'light_hilo', 'hilo': 'hilo', 'base': 'base', 'jukebox_hurryup': 'jukebox_hurryup'}
2016-03-31 12:34:22,690 : DEBUG : Mode Controller : Processing mode: base
2016-03-31 12:34:22,690 : DEBUG : YAML File Interface : Loading file: /Users/gabe/Dropbox/Pinball/Gabe/bnd/modes/base/config/base.yaml
2016-03-31 12:34:22,693 : DEBUG : Mode Controller : Loading config from /Users/gabe/Dropbox/Pinball/Gabe/bnd/modes/base/config/base.yaml
2016-03-31 12:34:22,699 : ERROR : root : invalid syntax (base.py, line 24)
Traceback (most recent call last):
  File "/Users/gabe/pinball/mpf30/mpf/commands/core.py", line 133, in __init__
    MachineController(mpf_path, machine_path, vars(args)).run()
  File "/Users/gabe/pinball/mpf30/mpf/core/machine.py", line 111, in __init__
    self._run_init_phases()
  File "/Users/gabe/pinball/mpf30/mpf/core/machine.py", line 129, in _run_init_phases
    self.events.process_event_queue()
  File "/Users/gabe/pinball/mpf30/mpf/core/events.py", line 477, in process_event_queue
    **event[3])
  File "/Users/gabe/pinball/mpf30/mpf/core/events.py", line 412, in _process_event
    result = handler[0](**merged_kwargs)
  File "/Users/gabe/pinball/mpf30/mpf/core/mode_controller.py", line 88, in _load_modes
    self.machine.modes[mode] = self._load_mode(mode.lower())
  File "/Users/gabe/pinball/mpf30/mpf/core/mode_controller.py", line 182, in _load_mode
    config['mode']['code'].split('.')[0])
  File "/Applications/Kivy.app/Contents/Frameworks/python/3.5.0/lib/python3.5/importlib/__init__.py", line 126, in import_module
    return _bootstrap._gcd_import(name[level:], package, level)
  File "<frozen importlib._bootstrap>", line 986, in _gcd_import
  File "<frozen importlib._bootstrap>", line 969, in _find_and_load
  File "<frozen importlib._bootstrap>", line 958, in _find_and_load_unlocked
  File "<frozen importlib._bootstrap>", line 673, in _load_unlocked
  File "<frozen importlib._bootstrap_external>", line 658, in exec_module
  File "<frozen importlib._bootstrap_external>", line 764, in get_code
  File "<frozen importlib._bootstrap_external>", line 724, in source_to_code
  File "<frozen importlib._bootstrap>", line 222, in _call_with_frames_removed
  File "/Users/gabe/Dropbox/Pinball/Gabe/bnd/modes/base/code/base.py", line 24
    else
       ^
SyntaxError: invalid syntax
