2016-03-25 16:39:05,413 : INFO : Machine : Mission Pinball Framework v0.30.0.dev801
2016-03-25 16:39:05,413 : INFO : Machine : Loading config from original files
2016-03-25 16:39:05,478 : INFO : Machine : Machine config file #1: /Users/gabe/Dropbox/Pinball/Gabe/bnd/config/config
2016-03-25 16:39:05,612 : INFO : Machine : Config file cache created: /Users/gabe/Dropbox/Pinball/Gabe/bnd/__mpfcache__/config_config.p
2016-03-25 16:39:05,617 : INFO : FAST : Configuring FAST hardware.
2016-03-25 16:39:05,617 : INFO : Machine : Loading core modules...
2016-03-25 16:39:05,789 : INFO : FAST : Configuring FAST Controller for FAST IO boards.
2016-03-25 16:39:05,790 : INFO : FAST : Connecting to /dev/tty.usbserial-141C at 921600bps
2016-03-25 16:39:07,307 : INFO : FAST : Received ID acknowledgement. Processor: RGB, Board: FP-CPU-002-2, Firmware: 01.00
2016-03-25 16:39:07,308 : INFO : FAST : Connecting to /dev/tty.usbserial-141B at 921600bps
2016-03-25 16:39:08,826 : INFO : FAST : Received ID acknowledgement. Processor: NET, Board: FP-CPU-002-2, Firmware: 01.00
2016-03-25 16:39:08,842 : INFO : FAST : Fast IO Board 00: Model: FP-I/O-3208-2, Firmware: 01.00, Switches: 32, Drivers: 8
2016-03-25 16:39:08,858 : INFO : FAST : Fast IO Board 01: Model: FP-I/O-3208-2, Firmware: 01.00, Switches: 32, Drivers: 8
2016-03-25 16:39:08,874 : INFO : FAST : Fast IO Board 02: Model: FP-I/O-1616-2, Firmware: 01.00, Switches: 16, Drivers: 16
2016-03-25 16:39:08,959 : INFO : DeviceManager : Loading devices...
2016-03-25 16:39:09,021 : INFO : FAST : Received SA: 01,00,0B,00002400002D0000020100
2016-03-25 16:39:09,022 : INFO : FAST : Received SA: 01,00,0B,00002400002D0000020100
2016-03-25 16:39:09,033 : WARNING : BCPClientSocket.local_display : Failed to connect to remote BCP host localhost:5050. Error: [Errno 61] Connection refused
2016-03-25 16:39:09,035 : WARNING : BCPClientSocket.local_display : Failed to connect to remote BCP host localhost:5050. Error: [Errno 61] Connection refused
2016-03-25 16:39:09,035 : WARNING : BCPClientSocket.local_display : Failed to connect to remote BCP host localhost:5050. Error: [Errno 61] Connection refused
2016-03-25 16:39:09,036 : INFO : Machine : Loading plugins...
2016-03-25 16:39:09,051 : WARNING : BCPClientSocket.local_display : Failed to connect to remote BCP host localhost:5050. Error: [Errno 61] Connection refused
2016-03-25 16:39:09,051 : INFO : SwitchController : Dumping current active switches
2016-03-25 16:39:09,051 : INFO : SwitchController : Active Switch|s_troughenter
2016-03-25 16:39:09,051 : INFO : SwitchController : Active Switch|s_drain
2016-03-25 16:39:09,051 : INFO : SwitchController : Active Switch|s_droptarget2
2016-03-25 16:39:09,052 : INFO : Mode.attract : Mode Starting. Priority: 10
2016-03-25 16:39:09,053 : INFO : Mode Controller : +=========== ACTIVE MODES ============+
2016-03-25 16:39:09,053 : INFO : Mode Controller : | attract : 10                        |
2016-03-25 16:39:09,053 : INFO : Mode Controller : +-------------------------------------+
2016-03-25 16:39:09,157 : INFO : SwitchController : <<<<< switch: s_drain, State:0 >>>>>
2016-03-25 16:39:09,848 : INFO : SwitchController : <<<<< switch: s_drain, State:1 >>>>>
2016-03-25 16:39:14,064 : INFO : SwitchController : <<<<< switch: s_drain, State:0 >>>>>
2016-03-25 16:39:18,303 : INFO : SwitchController : <<<<< switch: s_start, State:1 >>>>>
2016-03-25 16:39:18,535 : INFO : SwitchController : <<<<< switch: s_start, State:0 >>>>>
2016-03-25 16:39:18,536 : WARNING : BallController : BallController denies game start. Not enough balls
2016-03-25 16:39:23,567 : INFO : SwitchController : <<<<< switch: s_start, State:1 >>>>>
2016-03-25 16:39:23,854 : INFO : SwitchController : <<<<< switch: s_start, State:0 >>>>>
2016-03-25 16:39:23,855 : WARNING : BallController : BallController denies game start. Not enough balls
2016-03-25 16:39:26,789 : INFO : SwitchController : <<<<< switch: s_drain, State:1 >>>>>
2016-03-25 16:39:27,318 : INFO : SwitchController : <<<<< switch: s_start, State:1 >>>>>
2016-03-25 16:39:27,405 : INFO : SwitchController : <<<<< switch: s_drain, State:0 >>>>>
2016-03-25 16:39:27,618 : INFO : SwitchController : <<<<< switch: s_start, State:0 >>>>>
2016-03-25 16:39:27,619 : WARNING : BallController : BallController denies game start. Not enough balls
2016-03-25 16:39:28,123 : INFO : SwitchController : <<<<< switch: s_drain, State:1 >>>>>
2016-03-25 16:39:28,951 : INFO : SwitchController : <<<<< switch: s_start, State:1 >>>>>
2016-03-25 16:39:29,132 : INFO : SwitchController : <<<<< switch: s_start, State:0 >>>>>
2016-03-25 16:39:29,133 : INFO : Mode.game : Mode Starting. Priority: 20
2016-03-25 16:39:29,134 : INFO : Mode Controller : +=========== ACTIVE MODES ============+
2016-03-25 16:39:29,134 : INFO : Mode Controller : +-------------------------------------+
2016-03-25 16:39:29,135 : INFO : Mode Controller : +=========== ACTIVE MODES ============+
2016-03-25 16:39:29,135 : INFO : Mode Controller : | game : 20                           |
2016-03-25 16:39:29,135 : INFO : Mode Controller : +-------------------------------------+
2016-03-25 16:39:29,136 : INFO : Mode.game : Player added successfully. Total players: 1
2016-03-25 16:39:29,136 : INFO : Mode.game : ***************************************************
2016-03-25 16:39:29,136 : INFO : Mode.game : ****************** BALL STARTING ******************
2016-03-25 16:39:29,137 : INFO : Mode.game : **                                               **
2016-03-25 16:39:29,137 : INFO : Mode.game : **    Player: 1    Ball: 1   Score: 0            **
2016-03-25 16:39:29,138 : INFO : Mode.game : **                                               **
2016-03-25 16:39:29,138 : INFO : Mode.game : ***************************************************
2016-03-25 16:39:29,138 : INFO : Mode.game : ***************************************************
2016-03-25 16:39:31,869 : INFO : SwitchController : <<<<< switch: s_start, State:1 >>>>>
2016-03-25 16:39:31,870 : INFO : Mode.game : Player added successfully. Total players: 2
2016-03-25 16:39:32,210 : INFO : SwitchController : <<<<< switch: s_start, State:0 >>>>>
2016-03-25 16:39:33,429 : INFO : SwitchController : <<<<< switch: s_start, State:1 >>>>>
2016-03-25 16:39:33,430 : INFO : Mode.game : Player added successfully. Total players: 3
2016-03-25 16:39:33,510 : INFO : SwitchController : <<<<< switch: s_start, State:0 >>>>>
2016-03-25 16:39:33,610 : INFO : SwitchController : <<<<< switch: s_start, State:1 >>>>>
2016-03-25 16:39:33,611 : INFO : Mode.game : Player added successfully. Total players: 4
2016-03-25 16:39:33,697 : INFO : SwitchController : <<<<< switch: s_start, State:0 >>>>>
2016-03-25 16:39:33,779 : INFO : SwitchController : <<<<< switch: s_start, State:1 >>>>>
2016-03-25 16:39:33,894 : INFO : SwitchController : <<<<< switch: s_start, State:0 >>>>>
2016-03-25 16:39:33,979 : INFO : SwitchController : <<<<< switch: s_start, State:1 >>>>>
2016-03-25 16:39:34,063 : INFO : SwitchController : <<<<< switch: s_start, State:0 >>>>>
2016-03-25 16:39:37,424 : INFO : SwitchController : <<<<< switch: s_drain, State:0 >>>>>
2016-03-25 16:39:38,132 : INFO : SwitchController : <<<<< switch: s_drain, State:1 >>>>>
2016-03-25 16:39:39,622 : INFO : Machine : Actual MPF loop rate: 67.8 Hz
2016-03-25 16:39:39,622 : INFO : root : MPF run loop ended.
