2016-03-13 23:17:39,881 : INFO : Machine : Mission Pinball Framework v0.30.0.dev615
2016-03-13 23:17:39,881 : DEBUG : Machine : Command line arguments: {'mpfconfigfile': '/Users/gabe/pinball/mpf30/mpf/mpfconfig.yaml', 'no_load_cache': False, 'force_platform': None, 'pause': True, 'loglevel': 10, 'create_config_cache': True, 'bcp': False, 'configfile': ['config'], 'logfile': 'logs/2016-03-13-23-17-39-mpf-Gabriels-MacBook-Pro.local.log', 'consoleloglevel': True}
2016-03-13 23:17:39,882 : DEBUG : Machine : Python version: 3.5.0
2016-03-13 23:17:39,882 : DEBUG : Machine : Platform: darwin
2016-03-13 23:17:39,882 : DEBUG : Machine : Python executable location: /Applications/Kivy.app/Contents/Resources/python
2016-03-13 23:17:39,882 : DEBUG : Machine : 32-bit Python? False
2016-03-13 23:17:39,882 : DEBUG : Clock : Starting clock (maximum frames per second=60.0)
2016-03-13 23:17:39,883 : DEBUG : Clock : Scheduled a recurring clock callback (callback=<bound method MachineController._check_crash_queue of <mpf.core.machine.MachineController object at 0x1102cab00>>, timeout=1, priority=1)
2016-03-13 23:17:39,883 : DEBUG : Machine : Machine path: /Users/gabe/Dropbox/Pinball/Gabe/bnd
2016-03-13 23:17:39,883 : INFO : Machine : Loading cached config: /Users/gabe/Dropbox/Pinball/Gabe/bnd/__mpfcache__/config_config.p
2016-03-13 23:17:39,890 : INFO : FAST : Configuring FAST hardware.
2016-03-13 23:17:39,890 : DEBUG : Machine : Setting default platform to 'fast'
2016-03-13 23:17:39,890 : INFO : Machine : Loading core modules...
2016-03-13 23:17:39,890 : DEBUG : Machine : Loading 'mpf.core.events.EventManager' core module
2016-03-13 23:17:39,891 : DEBUG : Machine : Loading 'mpf.core.mode_controller.ModeController' core module
2016-03-13 23:17:39,892 : DEBUG : Events : Registered ModeController._load_modes as a handler for 'init_phase_2', priority: 1, kwargs: {}
2016-03-13 23:17:39,892 : DEBUG : Events : Registered ModeController._ball_ending as a handler for 'ball_ending', priority: 0, kwargs: {}
2016-03-13 23:17:39,892 : DEBUG : Events : Registered ModeController._ball_starting as a handler for 'ball_starting', priority: 0, kwargs: {}
2016-03-13 23:17:39,892 : DEBUG : Events : Registered ModeController._player_added as a handler for 'player_add_success', priority: 0, kwargs: {}
2016-03-13 23:17:39,892 : DEBUG : Events : Registered ModeController._player_turn_start as a handler for 'player_turn_start', priority: 1000000, kwargs: {}
2016-03-13 23:17:39,893 : DEBUG : Events : Registered ModeController._player_turn_stop as a handler for 'player_turn_stop', priority: 1000000, kwargs: {}
2016-03-13 23:17:39,893 : DEBUG : Machine : Loading 'mpf.core.config_processor.ConfigProcessor' core module
2016-03-13 23:17:39,893 : DEBUG : Machine : Loading 'mpf.core.shot_profile_manager.ShotProfileManager' core module
2016-03-13 23:17:39,893 : DEBUG : ShotProfileManager : Registering Shot Profile: 'default'
2016-03-13 23:17:40,086 : DEBUG : ShotProfileManager : Processed 'default' profile configuration: {'rotation_pattern': deque(['right']), 'loop': False, 'block': 'true', 'state_names_to_rotate': [], 'states': [{'blend': False, 'sync_ms': 0, 'hold': 'True', 'repeat': 'True', 'loops': 0, 'speed': 1.0, 'reset': False, 'show': None, 'name': 'unlit', 'script': 'off'}, {'blend': False, 'sync_ms': 0, 'hold': 'True', 'repeat': 'True', 'loops': 0, 'speed': 1.0, 'reset': False, 'show': None, 'name': 'lit', 'script': 'on'}], 'show_when_disabled': 'True', 'state_names_to_not_rotate': [], 'player_variable': '%_default', 'show': None}
2016-03-13 23:17:40,086 : DEBUG : Mode Controller : Registering <bound method ShotProfileManager.mode_start_for_shots of <mpf.core.shot_profile_manager.ShotProfileManager object at 0x110b7bba8>> as a mode start method. Config section: shots, priority: 0, kwargs: {}
2016-03-13 23:17:40,086 : DEBUG : Mode Controller : Registering <bound method ShotProfileManager.mode_start_for_shot_groups of <mpf.core.shot_profile_manager.ShotProfileManager object at 0x110b7bba8>> as a mode start method. Config section: shot_groups, priority: 0, kwargs: {}
2016-03-13 23:17:40,087 : DEBUG : Events : Registered ShotProfileManager._player_turn_start as a handler for 'player_turn_start', priority: 1000000, kwargs: {}
2016-03-13 23:17:40,087 : DEBUG : Events : Registered ShotProfileManager._player_turn_stop as a handler for 'player_turn_stop', priority: 0, kwargs: {}
2016-03-13 23:17:40,087 : DEBUG : Machine : Loading 'mpf.core.device_manager.DeviceManager' core module
2016-03-13 23:17:40,087 : DEBUG : Events : Registered DeviceManager._load_device_modules as a handler for 'init_phase_1', priority: 1, kwargs: {}
2016-03-13 23:17:40,087 : DEBUG : Events : Registered DeviceManager.create_machinewide_device_control_events as a handler for 'init_phase_2', priority: 1, kwargs: {}
2016-03-13 23:17:40,087 : DEBUG : Events : Registered DeviceManager.create_collection_control_events as a handler for 'init_phase_2', priority: 1, kwargs: {}
2016-03-13 23:17:40,087 : DEBUG : Machine : Loading 'mpf.core.switch_controller.SwitchController' core module
2016-03-13 23:17:40,088 : DEBUG : Clock : Scheduled a recurring clock callback (callback=<bound method SwitchController._tick of <mpf.core.switch_controller.SwitchController object at 0x110c6c550>>, timeout=0, priority=1000)
2016-03-13 23:17:40,088 : DEBUG : Events : Registered SwitchController._initialize_switches as a handler for 'init_phase_2', priority: 1000, kwargs: {}
2016-03-13 23:17:40,088 : DEBUG : Events : Registered SwitchController.log_active_switches as a handler for 'machine_reset_phase_3', priority: 1, kwargs: {}
2016-03-13 23:17:40,088 : DEBUG : Machine : Loading 'mpf.core.ball_controller.BallController' core module
2016-03-13 23:17:40,089 : DEBUG : BallController : Loading the BallController
2016-03-13 23:17:40,089 : DEBUG : Events : Registered BallController.request_to_start_game as a handler for 'request_to_start_game', priority: 1, kwargs: {}
2016-03-13 23:17:40,089 : DEBUG : Events : Registered BallController._initialize as a handler for 'machine_reset_phase_2', priority: 1, kwargs: {}
2016-03-13 23:17:40,090 : DEBUG : Events : Registered BallController._init2 as a handler for 'init_phase_2', priority: 1, kwargs: {}
2016-03-13 23:17:40,090 : DEBUG : Machine : Loading 'mpf.core.assets.AssetManager' core module
2016-03-13 23:17:40,091 : DEBUG : Mode Controller : Registering <bound method AssetManager._load_mode_assets of <mpf.core.assets.AssetManager object at 0x110c6c940>> as a mode start method. Config section: None, priority: 0, kwargs: {}
2016-03-13 23:17:40,091 : DEBUG : Events : Registered AssetManager._create_assets as a handler for 'init_phase_3', priority: 1, kwargs: {}
2016-03-13 23:17:40,091 : DEBUG : Events : Registered AssetManager._bcp_client_asset_load as a handler for 'assets_to_load', priority: 1, kwargs: {}
2016-03-13 23:17:40,091 : DEBUG : Machine : Loading 'mpf.core.show_controller.ShowController' core module
2016-03-13 23:17:40,093 : DEBUG : Clock : Scheduled a recurring clock callback (callback=<bound method ShowController._tick of <mpf.core.show_controller.ShowController object at 0x110cd9128>>, timeout=0, priority=1)
2016-03-13 23:17:40,093 : DEBUG : Events : Registered ShowController._initialize as a handler for 'init_phase_3', priority: 1, kwargs: {}
2016-03-13 23:17:40,093 : DEBUG : Machine : Loading 'mpf.core.bcp.BCP' core module
2016-03-13 23:17:40,093 : DEBUG : Events : Registered BCP.bcp_trigger as a handler for 'ball_started', priority: 1, kwargs: {'name': 'ball_started'}
2016-03-13 23:17:40,094 : DEBUG : Events : Registered BCP.bcp_trigger as a handler for 'ball_ended', priority: 1, kwargs: {'name': 'ball_ended'}
2016-03-13 23:17:40,094 : DEBUG : Events : Registered BCP.bcp_trigger as a handler for 'player_add_success', priority: 1, kwargs: {'name': 'player_add_success'}
2016-03-13 23:17:40,094 : DEBUG : Events : Registered BCP._bcp_event_callback as a handler for 'tilt_warning', priority: 1, kwargs: {'params': {'warnings': '%warnings', 'warnings_remaining': '%warnings_remaining'}, 'command': 'tilt_warning'}
2016-03-13 23:17:40,094 : DEBUG : Events : Registered BCP._bcp_event_callback as a handler for 'player_turn_start', priority: 1, kwargs: {'params': {'player_num': '%number'}, 'command': 'player_turn_start'}
2016-03-13 23:17:40,094 : DEBUG : Events : Registered BCP._bcp_event_callback as a handler for 'tilt', priority: 1, kwargs: {'command': 'tilt'}
2016-03-13 23:17:40,094 : DEBUG : Events : Registered BCP._bcp_event_callback as a handler for 'ball_started', priority: 1, kwargs: {'params': {'player_num': '%player', 'ball': '%ball'}, 'command': 'ball_start'}
2016-03-13 23:17:40,095 : DEBUG : Events : Registered BCP._bcp_event_callback as a handler for 'ball_ending', priority: 1, kwargs: {'command': 'ball_end'}
2016-03-13 23:17:40,095 : DEBUG : Events : Registered BCP._bcp_event_callback as a handler for 'slam_tilt', priority: 1, kwargs: {'command': 'slam_tilt'}
2016-03-13 23:17:40,095 : DEBUG : Events : Registered BCP.bcp_trigger as a handler for 'player_score', priority: 1, kwargs: {'name': 'player_score'}
2016-03-13 23:17:40,095 : DEBUG : Events : Registered BCP._setup_bcp_connections as a handler for 'init_phase_2', priority: 1, kwargs: {}
2016-03-13 23:17:40,095 : DEBUG : Clock : Scheduled a recurring clock callback (callback=<bound method BCP.get_bcp_messages of <BCP Module>>, timeout=0, priority=1)
2016-03-13 23:17:40,095 : DEBUG : Events : Registered BCP.bcp_player_added as a handler for 'player_add_success', priority: 1, kwargs: {}
2016-03-13 23:17:40,095 : DEBUG : Events : Registered BCP.bcp_reset as a handler for 'machine_reset_phase_1', priority: 1, kwargs: {}
2016-03-13 23:17:40,095 : DEBUG : Events : Registered BCP.increase_volume as a handler for 'increase_volume', priority: 1, kwargs: {}
2016-03-13 23:17:40,096 : DEBUG : Events : Registered BCP.decrease_volume as a handler for 'decrease_volume', priority: 1, kwargs: {}
2016-03-13 23:17:40,096 : DEBUG : Events : Registered BCP.enable_volume_keys as a handler for 'enable_volume_keys', priority: 1, kwargs: {}
2016-03-13 23:17:40,096 : DEBUG : Events : Registered BCP.disable_volume_keys as a handler for 'disable_volume_keys', priority: 1, kwargs: {}
2016-03-13 23:17:40,096 : DEBUG : Events : Registered BCP.get_led_coordinates as a handler for 'bcp_get_led_coordinates', priority: 1, kwargs: {}
2016-03-13 23:17:40,096 : DEBUG : Mode Controller : Registering <bound method BCP.bcp_mode_start of <BCP Module>> as a mode start method. Config section: mode, priority: 0, kwargs: {}
2016-03-13 23:17:40,096 : DEBUG : Machine : Loading 'mpf.core.logic_blocks.LogicBlocks' core module
2016-03-13 23:17:40,097 : DEBUG : Mode Controller : Registering <bound method LogicBlocks._process_config of <mpf.core.logic_blocks.LogicBlocks object at 0x110cf6e48>> as a mode start method. Config section: logic_blocks, priority: 0, kwargs: {}
2016-03-13 23:17:40,097 : DEBUG : Events : Registered LogicBlocks._create_player_logic_blocks as a handler for 'player_add_success', priority: 1, kwargs: {}
2016-03-13 23:17:40,097 : DEBUG : Events : Registered LogicBlocks.player_turn_start as a handler for 'player_turn_start', priority: 1, kwargs: {}
2016-03-13 23:17:40,097 : DEBUG : Events : Registered LogicBlocks.player_turn_stop as a handler for 'player_turn_stop', priority: 1, kwargs: {}
2016-03-13 23:17:40,097 : DEBUG : Machine : Loading 'mpf.core.scoring.ScoreController' core module
2016-03-13 23:17:40,097 : DEBUG : Score : Loading the Score Controller
2016-03-13 23:17:40,098 : DEBUG : Mode Controller : Registering <bound method ScoreController.mode_start of <mpf.core.scoring.ScoreController object at 0x110d2a3c8>> as a mode start method. Config section: scoring, priority: 0, kwargs: {}
2016-03-13 23:17:40,098 : INFO : FAST : Configuring FAST Controller for FAST IO boards.
2016-03-13 23:17:40,098 : INFO : FAST : Connecting to /dev/tty.usbserial-141C at 921600bps
2016-03-13 23:17:41,599 : DEBUG : FAST : Sending 'ID:' command to port '/dev/tty.usbserial-141C'
2016-03-13 23:17:42,604 : INFO : FAST : Received ID acknowledgement. Processor: RGB, Board: FP-CPU-002-2, Firmware: 00.88
2016-03-13 23:17:42,606 : INFO : FAST : Connecting to /dev/tty.usbserial-141A at 921600bps
2016-03-13 23:17:44,108 : DEBUG : FAST : Sending 'ID:' command to port '/dev/tty.usbserial-141A'
2016-03-13 23:17:45,111 : INFO : FAST : Received ID acknowledgement. Processor: DMD, Board: FP-CPU-002-2, Firmware: 00.88
2016-03-13 23:17:45,112 : INFO : FAST : Connecting to /dev/tty.usbserial-141B at 921600bps
2016-03-13 23:17:46,614 : DEBUG : FAST : Sending 'ID:' command to port '/dev/tty.usbserial-141B'
2016-03-13 23:17:47,615 : INFO : FAST : Received ID acknowledgement. Processor: NET, Board: FP-CPU-002-2, Firmware: 00.98
2016-03-13 23:17:47,616 : DEBUG : FAST : Querying FAST IO boards...
2016-03-13 23:17:48,616 : INFO : FAST : Fast IO Board 00: Model: FP-I/O-3208-2, Firmware: 00.95, Switches: 32, Drivers: 8
2016-03-13 23:17:49,622 : INFO : FAST : Fast IO Board 01: Model: FP-I/O-3208-2, Firmware: 00.95, Switches: 32, Drivers: 8
2016-03-13 23:17:50,625 : INFO : FAST : Fast IO Board 02: Model: FP-I/O-1616-2, Firmware: 00.95, Switches: 16, Drivers: 16
2016-03-13 23:17:55,640 : DEBUG : Mode Controller : Registering <bound method ConfigPlayer.register_player_events of ConfigPlayer.leds> as a mode start method. Config section: led_player, priority: 0, kwargs: {}
2016-03-13 23:17:55,640 : DEBUG : Events : Registered ConfigPlayer._initialize as a handler for 'init_phase_1', priority: 1, kwargs: {}
2016-03-13 23:17:55,640 : DEBUG : Mode Controller : Registering <bound method ConfigPlayer.register_player_events of ConfigPlayer.triggers> as a mode start method. Config section: trigger_player, priority: 0, kwargs: {}
2016-03-13 23:17:55,641 : DEBUG : Events : Registered ConfigPlayer._initialize as a handler for 'init_phase_1', priority: 1, kwargs: {}
2016-03-13 23:17:55,641 : DEBUG : Mode Controller : Registering <bound method ConfigPlayer.register_player_events of ConfigPlayer.coils> as a mode start method. Config section: coil_player, priority: 0, kwargs: {}
2016-03-13 23:17:55,642 : DEBUG : Events : Registered ConfigPlayer._initialize as a handler for 'init_phase_1', priority: 1, kwargs: {}
2016-03-13 23:17:55,642 : DEBUG : Mode Controller : Registering <bound method ConfigPlayer.register_player_events of ConfigPlayer.random_events> as a mode start method. Config section: random_event_player, priority: 0, kwargs: {}
2016-03-13 23:17:55,642 : DEBUG : Events : Registered ConfigPlayer._initialize as a handler for 'init_phase_1', priority: 1, kwargs: {}
2016-03-13 23:17:55,643 : DEBUG : Mode Controller : Registering <bound method ConfigPlayer.register_player_events of ConfigPlayer.lights> as a mode start method. Config section: light_player, priority: 0, kwargs: {}
2016-03-13 23:17:55,643 : DEBUG : Events : Registered ConfigPlayer._initialize as a handler for 'init_phase_1', priority: 1, kwargs: {}
2016-03-13 23:17:55,643 : DEBUG : Mode Controller : Registering <bound method ConfigPlayer.register_player_events of ConfigPlayer.gis> as a mode start method. Config section: gi_player, priority: 0, kwargs: {}
2016-03-13 23:17:55,644 : DEBUG : Events : Registered ConfigPlayer._initialize as a handler for 'init_phase_1', priority: 1, kwargs: {}
2016-03-13 23:17:55,644 : DEBUG : Mode Controller : Registering <bound method ConfigPlayer.register_player_events of ConfigPlayer.bcp> as a mode start method. Config section: bcp_player, priority: 0, kwargs: {}
2016-03-13 23:17:55,644 : DEBUG : Events : Registered ConfigPlayer._initialize as a handler for 'init_phase_1', priority: 1, kwargs: {}
2016-03-13 23:17:55,644 : DEBUG : Mode Controller : Registering <bound method ConfigPlayer.register_player_events of ConfigPlayer.events> as a mode start method. Config section: event_player, priority: 0, kwargs: {}
2016-03-13 23:17:55,645 : DEBUG : Events : Registered ConfigPlayer._initialize as a handler for 'init_phase_1', priority: 1, kwargs: {}
2016-03-13 23:17:55,645 : DEBUG : Mode Controller : Registering <bound method ConfigPlayer.register_player_events of ConfigPlayer.flashers> as a mode start method. Config section: flasher_player, priority: 0, kwargs: {}
2016-03-13 23:17:55,645 : DEBUG : Events : Registered ConfigPlayer._initialize as a handler for 'init_phase_1', priority: 1, kwargs: {}
2016-03-13 23:17:55,646 : DEBUG : Mode Controller : Registering <bound method ConfigPlayer.register_player_events of ConfigPlayer.shows> as a mode start method. Config section: show_player, priority: 0, kwargs: {}
2016-03-13 23:17:55,646 : DEBUG : Events : Registered ConfigPlayer._initialize as a handler for 'init_phase_1', priority: 1, kwargs: {}
2016-03-13 23:17:55,646 : DEBUG : Events : Registered MachineController.power_off as a handler for 'shutdown', priority: 1, kwargs: {}
2016-03-13 23:17:55,646 : DEBUG : Events : Registered MachineController.power_off as a handler for 'sw_shutdown', priority: 1, kwargs: {}
2016-03-13 23:17:55,646 : DEBUG : Events : Registered MachineController.stop as a handler for 'quit', priority: 1, kwargs: {}
2016-03-13 23:17:55,646 : DEBUG : Events : Registered MachineController.stop as a handler for 'sw_quit', priority: 1, kwargs: {}
2016-03-13 23:17:55,647 : DEBUG : DataInterface : Loading machine_vars from /Users/gabe/Dropbox/Pinball/Gabe/bnd/data/machine_vars.yaml
2016-03-13 23:17:55,647 : DEBUG : DataInterface : Didn't find the machine_vars file. No prob. We'll create it when we save.
2016-03-13 23:17:55,647 : DEBUG : Events : ^^^^ Posted event 'init_phase_1'. Type: None, Callback: None, Args: {}
2016-03-13 23:17:55,647 : DEBUG : Events : ============== EVENTS QUEUE =============
2016-03-13 23:17:55,647 : DEBUG : Events : init_phase_1, None, None, {}
2016-03-13 23:17:55,647 : DEBUG : Events : =========================================
2016-03-13 23:17:55,647 : DEBUG : Events : ^^^^ Processing event 'init_phase_1'. Type: None, Callback: None, Args: {}
2016-03-13 23:17:55,647 : DEBUG : Events : DeviceManager._load_device_modules (priority: 1) responding to event 'init_phase_1' with args {}
2016-03-13 23:17:55,648 : INFO : DeviceManager : Loading devices...
2016-03-13 23:17:55,648 : DEBUG : FASTDriver : Driver Settings: {'pwm1': 'ff', 'pwm2': 'ff', 'config_cmd': 'DN:', 'number': '0D', 'recycle_ms': '00', 'pwm32': None, 'pulse_ms': '0A', 'trigger_cmd': 'TN:', 'allow_enable': False, 'mode': '10'}
2016-03-13 23:17:55,648 : DEBUG : FASTDriver : Reseting driver {'pwm1': 'ff', 'pwm2': 'ff', 'config_cmd': 'DN:', 'number': '0D', 'recycle_ms': '00', 'pwm32': None, 'pulse_ms': '0A', 'trigger_cmd': 'TN:', 'allow_enable': False, 'mode': '10'}
2016-03-13 23:17:55,649 : DEBUG : FASTDriver : Driver Settings: {'pwm1': 'ff', 'pwm2': 'ff', 'config_cmd': 'DN:', 'number': '07', 'recycle_ms': '00', 'pwm32': None, 'pulse_ms': '0A', 'trigger_cmd': 'TN:', 'allow_enable': False, 'mode': '10'}
2016-03-13 23:17:55,649 : DEBUG : FASTDriver : Reseting driver {'pwm1': 'ff', 'pwm2': 'ff', 'config_cmd': 'DN:', 'number': '07', 'recycle_ms': '00', 'pwm32': None, 'pulse_ms': '0A', 'trigger_cmd': 'TN:', 'allow_enable': False, 'mode': '10'}
2016-03-13 23:17:55,649 : DEBUG : FASTDriver : Driver Settings: {'pwm1': 'ff', 'pwm2': 'ff', 'config_cmd': 'DN:', 'number': '11', 'recycle_ms': '00', 'pwm32': None, 'pulse_ms': '0A', 'trigger_cmd': 'TN:', 'allow_enable': False, 'mode': '10'}
2016-03-13 23:17:55,649 : DEBUG : FASTDriver : Reseting driver {'pwm1': 'ff', 'pwm2': 'ff', 'config_cmd': 'DN:', 'number': '11', 'recycle_ms': '00', 'pwm32': None, 'pulse_ms': '0A', 'trigger_cmd': 'TN:', 'allow_enable': False, 'mode': '10'}
2016-03-13 23:17:55,650 : DEBUG : FASTDriver : Driver Settings: {'pwm1': 'ff', 'pwm2': 'ff', 'config_cmd': 'DN:', 'number': '13', 'recycle_ms': '00', 'pwm32': None, 'pulse_ms': '08', 'trigger_cmd': 'TN:', 'allow_enable': False, 'mode': '10'}
2016-03-13 23:17:55,650 : DEBUG : FASTDriver : Reseting driver {'pwm1': 'ff', 'pwm2': 'ff', 'config_cmd': 'DN:', 'number': '13', 'recycle_ms': '00', 'pwm32': None, 'pulse_ms': '08', 'trigger_cmd': 'TN:', 'allow_enable': False, 'mode': '10'}
2016-03-13 23:17:55,650 : DEBUG : FASTDriver : Driver Settings: {'pwm1': 'ff', 'pwm2': 'ff', 'config_cmd': 'DN:', 'number': '0A', 'recycle_ms': '00', 'pwm32': None, 'pulse_ms': '28', 'trigger_cmd': 'TN:', 'allow_enable': False, 'mode': '10'}
2016-03-13 23:17:55,650 : DEBUG : FASTDriver : Reseting driver {'pwm1': 'ff', 'pwm2': 'ff', 'config_cmd': 'DN:', 'number': '0A', 'recycle_ms': '00', 'pwm32': None, 'pulse_ms': '28', 'trigger_cmd': 'TN:', 'allow_enable': False, 'mode': '10'}
2016-03-13 23:17:55,651 : DEBUG : coil.c_rightflippermain : Enabling debug logging
2016-03-13 23:17:55,651 : DEBUG : coil.c_rightflippermain : Configuring device with settings: '{'hold_power': None, 'pulse_pwm_mask': None, 'pulse_power32': None, 'debug': True, 'label': '%', 'tags': [], 'number': '3', 'pulse_ms': 35, 'platform': None, 'hold_pwm_mask': None, 'number_str': '3', 'pwm_on_ms': None, 'hold_power32': None, 'pwm_off_ms': None, 'recycle_ms': None, 'disable_events': {}, 'enable_events': {}, 'pulse_power': None, 'allow_enable': False, 'pulse_events': {}}'
2016-03-13 23:17:55,651 : DEBUG : coil.c_rightflippermain : Platform Driver: <Platform.FAST>
2016-03-13 23:17:55,651 : DEBUG : FASTDriver : Driver Settings: {'pwm1': 'ff', 'pwm2': 'ff', 'config_cmd': 'DN:', 'number': '03', 'recycle_ms': '00', 'pwm32': None, 'pulse_ms': '23', 'trigger_cmd': 'TN:', 'allow_enable': False, 'mode': '10'}
2016-03-13 23:17:55,652 : DEBUG : FASTDriver : Reseting driver {'pwm1': 'ff', 'pwm2': 'ff', 'config_cmd': 'DN:', 'number': '03', 'recycle_ms': '00', 'pwm32': None, 'pulse_ms': '23', 'trigger_cmd': 'TN:', 'allow_enable': False, 'mode': '10'}
2016-03-13 23:17:55,652 : DEBUG : FASTDriver : Driver Settings: {'pwm1': 'ff', 'pwm2': 'ff', 'config_cmd': 'DN:', 'number': '1A', 'recycle_ms': '00', 'pwm32': None, 'pulse_ms': '14', 'trigger_cmd': 'TN:', 'allow_enable': False, 'mode': '10'}
2016-03-13 23:17:55,652 : DEBUG : FASTDriver : Reseting driver {'pwm1': 'ff', 'pwm2': 'ff', 'config_cmd': 'DN:', 'number': '1A', 'recycle_ms': '00', 'pwm32': None, 'pulse_ms': '14', 'trigger_cmd': 'TN:', 'allow_enable': False, 'mode': '10'}
2016-03-13 23:17:55,652 : DEBUG : FASTDriver : Driver Settings: {'pwm1': 'ff', 'pwm2': 'ff', 'config_cmd': 'DN:', 'number': '04', 'recycle_ms': '00', 'pwm32': None, 'pulse_ms': '0A', 'trigger_cmd': 'TN:', 'allow_enable': False, 'mode': '10'}
2016-03-13 23:17:55,653 : DEBUG : FASTDriver : Reseting driver {'pwm1': 'ff', 'pwm2': 'ff', 'config_cmd': 'DN:', 'number': '04', 'recycle_ms': '00', 'pwm32': None, 'pulse_ms': '0A', 'trigger_cmd': 'TN:', 'allow_enable': False, 'mode': '10'}
2016-03-13 23:17:55,653 : DEBUG : FASTDriver : Driver Settings: {'pwm1': 'ff', 'pwm2': 'ff', 'config_cmd': 'DN:', 'number': '1C', 'recycle_ms': '00', 'pwm32': None, 'pulse_ms': '14', 'trigger_cmd': 'TN:', 'allow_enable': False, 'mode': '10'}
2016-03-13 23:17:55,653 : DEBUG : FASTDriver : Reseting driver {'pwm1': 'ff', 'pwm2': 'ff', 'config_cmd': 'DN:', 'number': '1C', 'recycle_ms': '00', 'pwm32': None, 'pulse_ms': '14', 'trigger_cmd': 'TN:', 'allow_enable': False, 'mode': '10'}
2016-03-13 23:17:55,654 : DEBUG : FASTDriver : Driver Settings: {'pwm1': 'ff', 'pwm2': 'ff', 'config_cmd': 'DN:', 'number': '0C', 'recycle_ms': '00', 'pwm32': None, 'pulse_ms': '0A', 'trigger_cmd': 'TN:', 'allow_enable': False, 'mode': '10'}
2016-03-13 23:17:55,654 : DEBUG : FASTDriver : Reseting driver {'pwm1': 'ff', 'pwm2': 'ff', 'config_cmd': 'DN:', 'number': '0C', 'recycle_ms': '00', 'pwm32': None, 'pulse_ms': '0A', 'trigger_cmd': 'TN:', 'allow_enable': False, 'mode': '10'}
2016-03-13 23:17:55,654 : DEBUG : coil.c_upperrightflipperhold : Enabling debug logging
2016-03-13 23:17:55,654 : DEBUG : coil.c_upperrightflipperhold : Configuring device with settings: '{'hold_power': None, 'pulse_pwm_mask': None, 'pulse_power32': None, 'debug': True, 'label': '%', 'tags': [], 'number': '25', 'pulse_ms': None, 'platform': None, 'hold_pwm_mask': None, 'number_str': '25', 'pwm_on_ms': None, 'hold_power32': None, 'pwm_off_ms': None, 'recycle_ms': None, 'disable_events': {}, 'enable_events': {}, 'pulse_power': None, 'allow_enable': False, 'pulse_events': {}}'
2016-03-13 23:17:55,654 : DEBUG : coil.c_upperrightflipperhold : Platform Driver: <Platform.FAST>
2016-03-13 23:17:55,655 : DEBUG : FASTDriver : Driver Settings: {'pwm1': 'ff', 'pwm2': 'ff', 'config_cmd': 'DN:', 'number': '19', 'recycle_ms': '00', 'pwm32': None, 'pulse_ms': '0A', 'trigger_cmd': 'TN:', 'allow_enable': False, 'mode': '10'}
2016-03-13 23:17:55,655 : DEBUG : FASTDriver : Reseting driver {'pwm1': 'ff', 'pwm2': 'ff', 'config_cmd': 'DN:', 'number': '19', 'recycle_ms': '00', 'pwm32': None, 'pulse_ms': '0A', 'trigger_cmd': 'TN:', 'allow_enable': False, 'mode': '10'}
2016-03-13 23:17:55,655 : DEBUG : FASTDriver : Driver Settings: {'pwm1': 'ff', 'pwm2': '01', 'config_cmd': 'DN:', 'number': '08', 'recycle_ms': '00', 'pwm32': None, 'pulse_ms': '0A', 'trigger_cmd': 'TN:', 'allow_enable': False, 'mode': '10'}
2016-03-13 23:17:55,655 : DEBUG : FASTDriver : Reseting driver {'pwm1': 'ff', 'pwm2': '01', 'config_cmd': 'DN:', 'number': '08', 'recycle_ms': '00', 'pwm32': None, 'pulse_ms': '0A', 'trigger_cmd': 'TN:', 'allow_enable': False, 'mode': '10'}
2016-03-13 23:17:55,656 : DEBUG : FASTDriver : Driver Settings: {'pwm1': 'ff', 'pwm2': 'ff', 'config_cmd': 'DN:', 'number': '06', 'recycle_ms': '00', 'pwm32': None, 'pulse_ms': '0A', 'trigger_cmd': 'TN:', 'allow_enable': False, 'mode': '10'}
2016-03-13 23:17:55,656 : DEBUG : FASTDriver : Reseting driver {'pwm1': 'ff', 'pwm2': 'ff', 'config_cmd': 'DN:', 'number': '06', 'recycle_ms': '00', 'pwm32': None, 'pulse_ms': '0A', 'trigger_cmd': 'TN:', 'allow_enable': False, 'mode': '10'}
2016-03-13 23:17:55,656 : DEBUG : FASTDriver : Driver Settings: {'pwm1': 'ff', 'pwm2': 'ff', 'config_cmd': 'DN:', 'number': '0B', 'recycle_ms': '00', 'pwm32': None, 'pulse_ms': '0A', 'trigger_cmd': 'TN:', 'allow_enable': False, 'mode': '10'}
2016-03-13 23:17:55,656 : DEBUG : FASTDriver : Reseting driver {'pwm1': 'ff', 'pwm2': 'ff', 'config_cmd': 'DN:', 'number': '0B', 'recycle_ms': '00', 'pwm32': None, 'pulse_ms': '0A', 'trigger_cmd': 'TN:', 'allow_enable': False, 'mode': '10'}
2016-03-13 23:17:55,657 : DEBUG : FASTDriver : Driver Settings: {'pwm1': 'ff', 'pwm2': 'ff', 'config_cmd': 'DN:', 'number': '0F', 'recycle_ms': '00', 'pwm32': None, 'pulse_ms': '0A', 'trigger_cmd': 'TN:', 'allow_enable': False, 'mode': '10'}
2016-03-13 23:17:55,657 : DEBUG : FASTDriver : Reseting driver {'pwm1': 'ff', 'pwm2': 'ff', 'config_cmd': 'DN:', 'number': '0F', 'recycle_ms': '00', 'pwm32': None, 'pulse_ms': '0A', 'trigger_cmd': 'TN:', 'allow_enable': False, 'mode': '10'}
2016-03-13 23:17:55,657 : DEBUG : FASTDriver : Driver Settings: {'pwm1': 'ff', 'pwm2': 'ff', 'config_cmd': 'DN:', 'number': '1B', 'recycle_ms': '00', 'pwm32': None, 'pulse_ms': '14', 'trigger_cmd': 'TN:', 'allow_enable': False, 'mode': '10'}
2016-03-13 23:17:55,657 : DEBUG : FASTDriver : Reseting driver {'pwm1': 'ff', 'pwm2': 'ff', 'config_cmd': 'DN:', 'number': '1B', 'recycle_ms': '00', 'pwm32': None, 'pulse_ms': '14', 'trigger_cmd': 'TN:', 'allow_enable': False, 'mode': '10'}
2016-03-13 23:17:55,658 : DEBUG : FASTDriver : Driver Settings: {'pwm1': 'ff', 'pwm2': 'ff', 'config_cmd': 'DN:', 'number': '05', 'recycle_ms': '00', 'pwm32': None, 'pulse_ms': '14', 'trigger_cmd': 'TN:', 'allow_enable': False, 'mode': '10'}
2016-03-13 23:17:55,658 : DEBUG : FASTDriver : Reseting driver {'pwm1': 'ff', 'pwm2': 'ff', 'config_cmd': 'DN:', 'number': '05', 'recycle_ms': '00', 'pwm32': None, 'pulse_ms': '14', 'trigger_cmd': 'TN:', 'allow_enable': False, 'mode': '10'}
2016-03-13 23:17:55,658 : DEBUG : FASTDriver : Driver Settings: {'pwm1': 'ff', 'pwm2': 'ff', 'config_cmd': 'DN:', 'number': '12', 'recycle_ms': '00', 'pwm32': None, 'pulse_ms': '14', 'trigger_cmd': 'TN:', 'allow_enable': False, 'mode': '10'}
2016-03-13 23:17:55,658 : DEBUG : FASTDriver : Reseting driver {'pwm1': 'ff', 'pwm2': 'ff', 'config_cmd': 'DN:', 'number': '12', 'recycle_ms': '00', 'pwm32': None, 'pulse_ms': '14', 'trigger_cmd': 'TN:', 'allow_enable': False, 'mode': '10'}
2016-03-13 23:17:55,658 : DEBUG : FASTDriver : Driver Settings: {'pwm1': 'ff', 'pwm2': 'ff', 'config_cmd': 'DN:', 'number': '01', 'recycle_ms': '00', 'pwm32': None, 'pulse_ms': '0A', 'trigger_cmd': 'TN:', 'allow_enable': False, 'mode': '10'}
2016-03-13 23:17:55,659 : DEBUG : FASTDriver : Reseting driver {'pwm1': 'ff', 'pwm2': 'ff', 'config_cmd': 'DN:', 'number': '01', 'recycle_ms': '00', 'pwm32': None, 'pulse_ms': '0A', 'trigger_cmd': 'TN:', 'allow_enable': False, 'mode': '10'}
2016-03-13 23:17:55,659 : DEBUG : FASTDriver : Driver Settings: {'pwm1': 'ff', 'pwm2': 'ff', 'config_cmd': 'DN:', 'number': '10', 'recycle_ms': '00', 'pwm32': None, 'pulse_ms': '0A', 'trigger_cmd': 'TN:', 'allow_enable': False, 'mode': '10'}
2016-03-13 23:17:55,659 : DEBUG : FASTDriver : Reseting driver {'pwm1': 'ff', 'pwm2': 'ff', 'config_cmd': 'DN:', 'number': '10', 'recycle_ms': '00', 'pwm32': None, 'pulse_ms': '0A', 'trigger_cmd': 'TN:', 'allow_enable': False, 'mode': '10'}
2016-03-13 23:17:55,660 : DEBUG : coil.c_leftflippermain : Enabling debug logging
2016-03-13 23:17:55,660 : DEBUG : coil.c_leftflippermain : Configuring device with settings: '{'hold_power': None, 'pulse_pwm_mask': None, 'pulse_power32': None, 'debug': True, 'label': '%', 'tags': [], 'number': '0', 'pulse_ms': 35, 'platform': None, 'hold_pwm_mask': None, 'number_str': '0', 'pwm_on_ms': None, 'hold_power32': None, 'pwm_off_ms': None, 'recycle_ms': None, 'disable_events': {}, 'enable_events': {}, 'pulse_power': None, 'allow_enable': False, 'pulse_events': {}}'
2016-03-13 23:17:55,660 : DEBUG : coil.c_leftflippermain : Platform Driver: <Platform.FAST>
2016-03-13 23:17:55,660 : DEBUG : FASTDriver : Driver Settings: {'pwm1': 'ff', 'pwm2': 'ff', 'config_cmd': 'DN:', 'number': '00', 'recycle_ms': '00', 'pwm32': None, 'pulse_ms': '23', 'trigger_cmd': 'TN:', 'allow_enable': False, 'mode': '10'}
2016-03-13 23:17:55,660 : DEBUG : FASTDriver : Reseting driver {'pwm1': 'ff', 'pwm2': 'ff', 'config_cmd': 'DN:', 'number': '00', 'recycle_ms': '00', 'pwm32': None, 'pulse_ms': '23', 'trigger_cmd': 'TN:', 'allow_enable': False, 'mode': '10'}
2016-03-13 23:17:55,661 : DEBUG : FASTDriver : Driver Settings: {'pwm1': 'ff', 'pwm2': 'ff', 'config_cmd': 'DN:', 'number': '0E', 'recycle_ms': '00', 'pwm32': None, 'pulse_ms': '28', 'trigger_cmd': 'TN:', 'allow_enable': False, 'mode': '10'}
2016-03-13 23:17:55,661 : DEBUG : FASTDriver : Reseting driver {'pwm1': 'ff', 'pwm2': 'ff', 'config_cmd': 'DN:', 'number': '0E', 'recycle_ms': '00', 'pwm32': None, 'pulse_ms': '28', 'trigger_cmd': 'TN:', 'allow_enable': False, 'mode': '10'}
2016-03-13 23:17:55,661 : DEBUG : coil.c_upperrightflippermain : Enabling debug logging
2016-03-13 23:17:55,661 : DEBUG : coil.c_upperrightflippermain : Configuring device with settings: '{'hold_power': None, 'pulse_pwm_mask': None, 'pulse_power32': None, 'debug': True, 'label': '%', 'tags': [], 'number': '29', 'pulse_ms': 25, 'platform': None, 'hold_pwm_mask': None, 'number_str': '29', 'pwm_on_ms': None, 'hold_power32': None, 'pwm_off_ms': None, 'recycle_ms': None, 'disable_events': {}, 'enable_events': {}, 'pulse_power': None, 'allow_enable': False, 'pulse_events': {}}'
2016-03-13 23:17:55,661 : DEBUG : coil.c_upperrightflippermain : Platform Driver: <Platform.FAST>
2016-03-13 23:17:55,662 : DEBUG : FASTDriver : Driver Settings: {'pwm1': 'ff', 'pwm2': 'ff', 'config_cmd': 'DN:', 'number': '1D', 'recycle_ms': '00', 'pwm32': None, 'pulse_ms': '19', 'trigger_cmd': 'TN:', 'allow_enable': False, 'mode': '10'}
2016-03-13 23:17:55,662 : DEBUG : FASTDriver : Reseting driver {'pwm1': 'ff', 'pwm2': 'ff', 'config_cmd': 'DN:', 'number': '1D', 'recycle_ms': '00', 'pwm32': None, 'pulse_ms': '19', 'trigger_cmd': 'TN:', 'allow_enable': False, 'mode': '10'}
2016-03-13 23:17:55,662 : DEBUG : FASTDriver : Driver Settings: {'pwm1': 'ff', 'pwm2': 'ff', 'config_cmd': 'DN:', 'number': '02', 'recycle_ms': '00', 'pwm32': None, 'pulse_ms': '0A', 'trigger_cmd': 'TN:', 'allow_enable': False, 'mode': '10'}
2016-03-13 23:17:55,662 : DEBUG : FASTDriver : Reseting driver {'pwm1': 'ff', 'pwm2': 'ff', 'config_cmd': 'DN:', 'number': '02', 'recycle_ms': '00', 'pwm32': None, 'pulse_ms': '0A', 'trigger_cmd': 'TN:', 'allow_enable': False, 'mode': '10'}
2016-03-13 23:17:55,663 : DEBUG : FASTDriver : Driver Settings: {'pwm1': 'ff', 'pwm2': 'ff', 'config_cmd': 'DN:', 'number': '09', 'recycle_ms': '00', 'pwm32': None, 'pulse_ms': '0A', 'trigger_cmd': 'TN:', 'allow_enable': False, 'mode': '10'}
2016-03-13 23:17:55,663 : DEBUG : FASTDriver : Reseting driver {'pwm1': 'ff', 'pwm2': 'ff', 'config_cmd': 'DN:', 'number': '09', 'recycle_ms': '00', 'pwm32': None, 'pulse_ms': '0A', 'trigger_cmd': 'TN:', 'allow_enable': False, 'mode': '10'}
2016-03-13 23:17:55,663 : DEBUG : FASTDriver : Driver Settings: {'pwm1': 'ff', 'pwm2': 'ff', 'config_cmd': 'DN:', 'number': '14', 'recycle_ms': '00', 'pwm32': None, 'pulse_ms': '05', 'trigger_cmd': 'TN:', 'allow_enable': False, 'mode': '10'}
2016-03-13 23:17:55,663 : DEBUG : FASTDriver : Reseting driver {'pwm1': 'ff', 'pwm2': 'ff', 'config_cmd': 'DN:', 'number': '14', 'recycle_ms': '00', 'pwm32': None, 'pulse_ms': '05', 'trigger_cmd': 'TN:', 'allow_enable': False, 'mode': '10'}
2016-03-13 23:17:55,664 : DEBUG : switch.s_droptarget4 : Creating 's_droptarget4' with config: {'debounce': 'True', 'debug': False, 'label': '%', 'events_when_deactivated': [], 'number': '67', 'debounce_close': 0, 'number_str': '67', 'events_when_activated': [], 'debounce_open': 0, 'platform': None, 'type': 'NO', 'recycle_time': 0.0, 'tags': []}
2016-03-13 23:17:55,664 : DEBUG : FAST : FAST Switch hardware tuple: ('43', 1)
2016-03-13 23:17:55,664 : DEBUG : switch.s_rightoutlane : Creating 's_rightoutlane' with config: {'debounce': 'True', 'debug': False, 'label': '%', 'events_when_deactivated': [], 'number': '19', 'debounce_close': 0, 'number_str': '19', 'events_when_activated': [], 'debounce_open': 0, 'platform': None, 'type': 'NO', 'recycle_time': 0.0, 'tags': []}
2016-03-13 23:17:55,665 : DEBUG : FAST : FAST Switch hardware tuple: ('13', 1)
2016-03-13 23:17:55,665 : DEBUG : switch.s_rightsling : Creating 's_rightsling' with config: {'debounce': 'True', 'debug': False, 'label': '%', 'events_when_deactivated': [], 'number': '25', 'debounce_close': 0, 'number_str': '25', 'events_when_activated': [], 'debounce_open': 0, 'platform': None, 'type': 'NO', 'recycle_time': 0.0, 'tags': []}
2016-03-13 23:17:55,665 : DEBUG : FAST : FAST Switch hardware tuple: ('19', 1)
2016-03-13 23:17:55,665 : DEBUG : switch.s_leftsling : Creating 's_leftsling' with config: {'debounce': 'True', 'debug': False, 'label': '%', 'events_when_deactivated': [], 'number': '44', 'debounce_close': 0, 'number_str': '44', 'events_when_activated': [], 'debounce_open': 0, 'platform': None, 'type': 'NO', 'recycle_time': 0.0, 'tags': []}
2016-03-13 23:17:55,666 : DEBUG : FAST : FAST Switch hardware tuple: ('2C', 1)
2016-03-13 23:17:55,666 : DEBUG : switch.s_bottompop : Creating 's_bottompop' with config: {'debounce': 'True', 'debug': False, 'label': '%', 'events_when_deactivated': [], 'number': '79', 'debounce_close': 0, 'number_str': '79', 'events_when_activated': [], 'debounce_open': 0, 'platform': None, 'type': 'NO', 'recycle_time': 0.0, 'tags': []}
2016-03-13 23:17:55,666 : DEBUG : FAST : FAST Switch hardware tuple: ('4F', 1)
2016-03-13 23:17:55,666 : DEBUG : switch.s_toprightvuk : Creating 's_toprightvuk' with config: {'debounce': 'True', 'debug': False, 'label': '%', 'events_when_deactivated': [], 'number': '69', 'debounce_close': 0, 'number_str': '69', 'events_when_activated': [], 'debounce_open': 0, 'platform': None, 'type': 'NO', 'recycle_time': 0.0, 'tags': []}
2016-03-13 23:17:55,667 : DEBUG : FAST : FAST Switch hardware tuple: ('45', 1)
2016-03-13 23:17:55,667 : DEBUG : switch.s_rightinlane : Creating 's_rightinlane' with config: {'debounce': 'True', 'debug': False, 'label': '%', 'events_when_deactivated': [], 'number': '24', 'debounce_close': 0, 'number_str': '24', 'events_when_activated': [], 'debounce_open': 0, 'platform': None, 'type': 'NO', 'recycle_time': 0.0, 'tags': []}
2016-03-13 23:17:55,667 : DEBUG : FAST : FAST Switch hardware tuple: ('18', 1)
2016-03-13 23:17:55,667 : DEBUG : switch.s_toprightstandup : Creating 's_toprightstandup' with config: {'debounce': 'True', 'debug': False, 'label': '%', 'events_when_deactivated': [], 'number': '27', 'debounce_close': 0, 'number_str': '27', 'events_when_activated': [], 'debounce_open': 0, 'platform': None, 'type': 'NO', 'recycle_time': 0.0, 'tags': []}
2016-03-13 23:17:55,667 : DEBUG : FAST : FAST Switch hardware tuple: ('1B', 1)
2016-03-13 23:17:55,668 : DEBUG : switch.s_leftinlane : Creating 's_leftinlane' with config: {'debounce': 'True', 'debug': False, 'label': '%', 'events_when_deactivated': [], 'number': '22', 'debounce_close': 0, 'number_str': '22', 'events_when_activated': [], 'debounce_open': 0, 'platform': None, 'type': 'NO', 'recycle_time': 0.0, 'tags': []}
2016-03-13 23:17:55,668 : DEBUG : FAST : FAST Switch hardware tuple: ('16', 1)
2016-03-13 23:17:55,668 : DEBUG : switch.s_rightupperflipper : Creating 's_rightupperflipper' with config: {'debounce': 'True', 'debug': False, 'label': '%', 'events_when_deactivated': [], 'number': '1', 'debounce_close': 0, 'number_str': '1', 'events_when_activated': [], 'debounce_open': 0, 'platform': None, 'type': 'NO', 'recycle_time': 0.0, 'tags': []}
2016-03-13 23:17:55,668 : DEBUG : FAST : FAST Switch hardware tuple: ('01', 1)
2016-03-13 23:17:55,669 : DEBUG : switch.s_topkicker : Creating 's_topkicker' with config: {'debounce': 'True', 'debug': False, 'label': '%', 'events_when_deactivated': [], 'number': '75', 'debounce_close': 0, 'number_str': '75', 'events_when_activated': [], 'debounce_open': 0, 'platform': None, 'type': 'NO', 'recycle_time': 0.0, 'tags': []}
2016-03-13 23:17:55,669 : DEBUG : FAST : FAST Switch hardware tuple: ('4B', 1)
2016-03-13 23:17:55,669 : DEBUG : switch.s_rightrampopto : Creating 's_rightrampopto' with config: {'debounce': 'True', 'debug': False, 'label': '%', 'events_when_deactivated': [], 'number': '72', 'debounce_close': 0, 'number_str': '72', 'events_when_activated': [], 'debounce_open': 0, 'platform': None, 'type': 'NC', 'recycle_time': 0.0, 'tags': []}
2016-03-13 23:17:55,669 : DEBUG : FAST : FAST Switch hardware tuple: ('48', 1)
2016-03-13 23:17:55,670 : DEBUG : switch.s_leftorbit : Creating 's_leftorbit' with config: {'debounce': 'True', 'debug': False, 'label': '%', 'events_when_deactivated': [], 'number': '47', 'debounce_close': 0, 'number_str': '47', 'events_when_activated': [], 'debounce_open': 0, 'platform': None, 'type': 'NO', 'recycle_time': 0.0, 'tags': []}
2016-03-13 23:17:55,670 : DEBUG : FAST : FAST Switch hardware tuple: ('2F', 1)
2016-03-13 23:17:55,670 : DEBUG : switch.s_leftlane : Creating 's_leftlane' with config: {'debounce': 'True', 'debug': False, 'label': '%', 'events_when_deactivated': [], 'number': '74', 'debounce_close': 0, 'number_str': '74', 'events_when_activated': [], 'debounce_open': 0, 'platform': None, 'type': 'NO', 'recycle_time': 0.0, 'tags': []}
2016-03-13 23:17:55,670 : DEBUG : FAST : FAST Switch hardware tuple: ('4A', 1)
2016-03-13 23:17:55,671 : DEBUG : switch.s_droptarget5 : Creating 's_droptarget5' with config: {'debounce': 'True', 'debug': False, 'label': '%', 'events_when_deactivated': [], 'number': '68', 'debounce_close': 0, 'number_str': '68', 'events_when_activated': [], 'debounce_open': 0, 'platform': None, 'type': 'NO', 'recycle_time': 0.0, 'tags': []}
2016-03-13 23:17:55,671 : DEBUG : FAST : FAST Switch hardware tuple: ('44', 1)
2016-03-13 23:17:55,671 : DEBUG : switch.s_droptarget2 : Creating 's_droptarget2' with config: {'debounce': 'True', 'debug': False, 'label': '%', 'events_when_deactivated': [], 'number': '65', 'debounce_close': 0, 'number_str': '65', 'events_when_activated': [], 'debounce_open': 0, 'platform': None, 'type': 'NO', 'recycle_time': 0.0, 'tags': []}
2016-03-13 23:17:55,671 : DEBUG : FAST : FAST Switch hardware tuple: ('41', 1)
2016-03-13 23:17:55,672 : DEBUG : switch.s_topkickingtarget : Creating 's_topkickingtarget' with config: {'debounce': 'True', 'debug': False, 'label': '%', 'events_when_deactivated': [], 'number': '41', 'debounce_close': 0, 'number_str': '41', 'events_when_activated': [], 'debounce_open': 0, 'platform': None, 'type': 'NO', 'recycle_time': 0.0, 'tags': []}
2016-03-13 23:17:55,672 : DEBUG : FAST : FAST Switch hardware tuple: ('29', 1)
2016-03-13 23:17:55,672 : DEBUG : switch.s_subwayopto : Creating 's_subwayopto' with config: {'debounce': 'True', 'debug': False, 'label': '%', 'events_when_deactivated': [], 'number': '42', 'debounce_close': 0, 'number_str': '42', 'events_when_activated': [], 'debounce_open': 0, 'platform': None, 'type': 'NC', 'recycle_time': 0.0, 'tags': []}
2016-03-13 23:17:55,672 : DEBUG : FAST : FAST Switch hardware tuple: ('2A', 1)
2016-03-13 23:17:55,673 : DEBUG : switch.s_rightpop : Creating 's_rightpop' with config: {'debounce': 'True', 'debug': False, 'label': '%', 'events_when_deactivated': [], 'number': '78', 'debounce_close': 0, 'number_str': '78', 'events_when_activated': [], 'debounce_open': 0, 'platform': None, 'type': 'NO', 'recycle_time': 0.0, 'tags': []}
2016-03-13 23:17:55,673 : DEBUG : FAST : FAST Switch hardware tuple: ('4E', 1)
2016-03-13 23:17:55,673 : DEBUG : switch.s_leftrampopto : Creating 's_leftrampopto' with config: {'debounce': 'True', 'debug': False, 'label': '%', 'events_when_deactivated': [], 'number': '45', 'debounce_close': 0, 'number_str': '45', 'events_when_activated': [], 'debounce_open': 0, 'platform': None, 'type': 'NC', 'recycle_time': 0.0, 'tags': []}
2016-03-13 23:17:55,674 : DEBUG : FAST : FAST Switch hardware tuple: ('2D', 1)
2016-03-13 23:17:55,674 : DEBUG : switch.s_bottomkickingtarget : Creating 's_bottomkickingtarget' with config: {'debounce': 'True', 'debug': False, 'label': '%', 'events_when_deactivated': [], 'number': '46', 'debounce_close': 0, 'number_str': '46', 'events_when_activated': [], 'debounce_open': 0, 'platform': None, 'type': 'NO', 'recycle_time': 0.0, 'tags': []}
2016-03-13 23:17:55,674 : DEBUG : FAST : FAST Switch hardware tuple: ('2E', 1)
2016-03-13 23:17:55,674 : DEBUG : switch.s_leftflipper : Creating 's_leftflipper' with config: {'debounce': 'True', 'debug': False, 'label': '%', 'events_when_deactivated': [], 'number': '0', 'debounce_close': 0, 'number_str': '0', 'events_when_activated': [], 'debounce_open': 0, 'platform': None, 'type': 'NO', 'recycle_time': 0.0, 'tags': []}
2016-03-13 23:17:55,675 : DEBUG : FAST : FAST Switch hardware tuple: ('00', 1)
2016-03-13 23:17:55,675 : DEBUG : switch.s_rightbanktop : Creating 's_rightbanktop' with config: {'debounce': 'True', 'debug': False, 'label': '%', 'events_when_deactivated': [], 'number': '26', 'debounce_close': 0, 'number_str': '26', 'events_when_activated': [], 'debounce_open': 0, 'platform': None, 'type': 'NO', 'recycle_time': 0.0, 'tags': []}
2016-03-13 23:17:55,675 : DEBUG : FAST : FAST Switch hardware tuple: ('1A', 1)
2016-03-13 23:17:55,675 : DEBUG : switch.s_plungerlane : Creating 's_plungerlane' with config: {'debounce': 'True', 'debug': False, 'label': '%', 'events_when_deactivated': [], 'number': '16', 'debounce_close': 0, 'number_str': '16', 'events_when_activated': [], 'debounce_open': 0, 'platform': None, 'type': 'NO', 'recycle_time': 0.0, 'tags': []}
2016-03-13 23:17:55,676 : DEBUG : FAST : FAST Switch hardware tuple: ('10', 1)
2016-03-13 23:17:55,676 : DEBUG : switch.s_start : Creating 's_start' with config: {'debounce': 'True', 'debug': False, 'label': '%', 'tags': ['start'], 'number': '3', 'debounce_close': 0, 'number_str': '3', 'events_when_activated': [], 'debounce_open': 0, 'platform': None, 'type': 'NO', 'recycle_time': 0.0, 'events_when_deactivated': []}
2016-03-13 23:17:55,676 : DEBUG : FAST : FAST Switch hardware tuple: ('03', 1)
2016-03-13 23:17:55,676 : DEBUG : switch.s_lowervukopto : Creating 's_lowervukopto' with config: {'debounce': 'True', 'debug': False, 'label': '%', 'events_when_deactivated': [], 'number': '43', 'debounce_close': 0, 'number_str': '43', 'events_when_activated': [], 'debounce_open': 0, 'platform': None, 'type': 'NC', 'recycle_time': 0.0, 'tags': []}
2016-03-13 23:17:55,676 : DEBUG : FAST : FAST Switch hardware tuple: ('2B', 1)
2016-03-13 23:17:55,677 : DEBUG : switch.s_troughenter : Creating 's_troughenter' with config: {'debounce': 'True', 'debug': False, 'label': '%', 'events_when_deactivated': [], 'number': '18', 'debounce_close': 0, 'number_str': '18', 'events_when_activated': [], 'debounce_open': 0, 'platform': None, 'type': 'NO', 'recycle_time': 0.0, 'tags': []}
2016-03-13 23:17:55,677 : DEBUG : FAST : FAST Switch hardware tuple: ('12', 1)
2016-03-13 23:17:55,677 : DEBUG : switch.s_leftpop : Creating 's_leftpop' with config: {'debounce': 'True', 'debug': False, 'label': '%', 'events_when_deactivated': [], 'number': '77', 'debounce_close': 0, 'number_str': '77', 'events_when_activated': [], 'debounce_open': 0, 'platform': None, 'type': 'NO', 'recycle_time': 0.0, 'tags': []}
2016-03-13 23:17:55,677 : DEBUG : FAST : FAST Switch hardware tuple: ('4D', 1)
2016-03-13 23:17:55,677 : DEBUG : switch.s_drain : Creating 's_drain' with config: {'debounce': 'True', 'debug': False, 'label': '%', 'events_when_deactivated': [], 'number': '21', 'debounce_close': 0, 'number_str': '21', 'events_when_activated': [], 'debounce_open': 0, 'platform': None, 'type': 'NO', 'recycle_time': 0.0, 'tags': []}
2016-03-13 23:17:55,678 : DEBUG : FAST : FAST Switch hardware tuple: ('15', 1)
2016-03-13 23:17:55,678 : DEBUG : switch.s_droptarget3 : Creating 's_droptarget3' with config: {'debounce': 'True', 'debug': False, 'label': '%', 'events_when_deactivated': [], 'number': '66', 'debounce_close': 0, 'number_str': '66', 'events_when_activated': [], 'debounce_open': 0, 'platform': None, 'type': 'NO', 'recycle_time': 0.0, 'tags': []}
2016-03-13 23:17:55,678 : DEBUG : FAST : FAST Switch hardware tuple: ('42', 1)
2016-03-13 23:17:55,679 : DEBUG : switch.s_leftoutlane : Creating 's_leftoutlane' with config: {'debounce': 'True', 'debug': False, 'label': '%', 'events_when_deactivated': [], 'number': '20', 'debounce_close': 0, 'number_str': '20', 'events_when_activated': [], 'debounce_open': 0, 'platform': None, 'type': 'NO', 'recycle_time': 0.0, 'tags': []}
2016-03-13 23:17:55,679 : DEBUG : FAST : FAST Switch hardware tuple: ('14', 1)
2016-03-13 23:17:55,679 : DEBUG : switch.s_rightbankbottom : Creating 's_rightbankbottom' with config: {'debounce': 'True', 'debug': False, 'label': '%', 'tags': ['plunger'], 'number': '17', 'debounce_close': 0, 'number_str': '17', 'events_when_activated': [], 'debounce_open': 0, 'platform': None, 'type': 'NO', 'recycle_time': 0.0, 'events_when_deactivated': []}
2016-03-13 23:17:55,679 : DEBUG : FAST : FAST Switch hardware tuple: ('11', 1)
2016-03-13 23:17:55,680 : DEBUG : switch.s_rightlane : Creating 's_rightlane' with config: {'debounce': 'True', 'debug': False, 'label': '%', 'events_when_deactivated': [], 'number': '73', 'debounce_close': 0, 'number_str': '73', 'events_when_activated': [], 'debounce_open': 0, 'platform': None, 'type': 'NO', 'recycle_time': 0.0, 'tags': []}
2016-03-13 23:17:55,680 : DEBUG : FAST : FAST Switch hardware tuple: ('49', 1)
2016-03-13 23:17:55,680 : DEBUG : switch.s_rightflipper : Creating 's_rightflipper' with config: {'debounce': 'True', 'debug': False, 'label': '%', 'events_when_deactivated': [], 'number': '2', 'debounce_close': 0, 'number_str': '2', 'events_when_activated': [], 'debounce_open': 0, 'platform': None, 'type': 'NO', 'recycle_time': 0.0, 'tags': []}
2016-03-13 23:17:55,680 : DEBUG : FAST : FAST Switch hardware tuple: ('02', 1)
2016-03-13 23:17:55,681 : DEBUG : switch.s_jukeboxopto : Creating 's_jukeboxopto' with config: {'debounce': 'True', 'debug': False, 'label': '%', 'tags': ['jukebox'], 'number': '40', 'debounce_close': 0, 'number_str': '40', 'events_when_activated': [], 'debounce_open': 0, 'platform': None, 'type': 'NC', 'recycle_time': 0.0, 'events_when_deactivated': []}
2016-03-13 23:17:55,681 : DEBUG : FAST : FAST Switch hardware tuple: ('28', 1)
2016-03-13 23:17:55,681 : DEBUG : switch.s_droptarget1 : Creating 's_droptarget1' with config: {'debounce': 'True', 'debug': False, 'label': '%', 'events_when_deactivated': [], 'number': '64', 'debounce_close': 0, 'number_str': '64', 'events_when_activated': [], 'debounce_open': 0, 'platform': None, 'type': 'NO', 'recycle_time': 0.0, 'tags': []}
2016-03-13 23:17:55,681 : DEBUG : FAST : FAST Switch hardware tuple: ('40', 1)
2016-03-13 23:17:55,682 : DEBUG : switch.s_spinner : Creating 's_spinner' with config: {'debounce': 'True', 'debug': False, 'label': '%', 'events_when_deactivated': [], 'number': '76', 'debounce_close': 0, 'number_str': '76', 'events_when_activated': [], 'debounce_open': 0, 'platform': None, 'type': 'NO', 'recycle_time': 0.0, 'tags': []}
2016-03-13 23:17:55,682 : DEBUG : FAST : FAST Switch hardware tuple: ('4C', 1)
2016-03-13 23:17:55,684 : DEBUG : Clock : Scheduled a recurring clock callback (callback=<bound method Led.update_leds of <class 'mpf.devices.led.Led'>>, timeout=0, priority=-100)
2016-03-13 23:17:55,685 : DEBUG : Clock : Scheduled a recurring clock callback (callback=<bound method HardwarePlatform.update_leds of <Platform.FAST>>, timeout=0, priority=1)
2016-03-13 23:17:55,685 : DEBUG : FASTLED : Creating FAST RGB LED at hardware address: 88
2016-03-13 23:17:55,685 : DEBUG : FASTLED : Creating FAST RGB LED at hardware address: 4D
2016-03-13 23:17:55,685 : DEBUG : FASTLED : Creating FAST RGB LED at hardware address: 50
2016-03-13 23:17:55,686 : DEBUG : FASTLED : Creating FAST RGB LED at hardware address: 89
2016-03-13 23:17:55,686 : DEBUG : FASTLED : Creating FAST RGB LED at hardware address: 80
2016-03-13 23:17:55,686 : DEBUG : FASTLED : Creating FAST RGB LED at hardware address: 63
2016-03-13 23:17:55,686 : DEBUG : FASTLED : Creating FAST RGB LED at hardware address: 51
2016-03-13 23:17:55,687 : DEBUG : FASTLED : Creating FAST RGB LED at hardware address: 57
2016-03-13 23:17:55,687 : DEBUG : FASTLED : Creating FAST RGB LED at hardware address: 6E
2016-03-13 23:17:55,687 : DEBUG : FASTLED : Creating FAST RGB LED at hardware address: 44
2016-03-13 23:17:55,687 : DEBUG : FASTLED : Creating FAST RGB LED at hardware address: 6C
2016-03-13 23:17:55,688 : DEBUG : FASTLED : Creating FAST RGB LED at hardware address: 60
2016-03-13 23:17:55,688 : DEBUG : FASTLED : Creating FAST RGB LED at hardware address: 43
2016-03-13 23:17:55,688 : DEBUG : FASTLED : Creating FAST RGB LED at hardware address: 83
2016-03-13 23:17:55,689 : DEBUG : FASTLED : Creating FAST RGB LED at hardware address: 94
2016-03-13 23:17:55,690 : DEBUG : FASTLED : Creating FAST RGB LED at hardware address: 82
2016-03-13 23:17:55,691 : DEBUG : FASTLED : Creating FAST RGB LED at hardware address: 90
2016-03-13 23:17:55,692 : DEBUG : FASTLED : Creating FAST RGB LED at hardware address: 86
2016-03-13 23:17:55,692 : DEBUG : FASTLED : Creating FAST RGB LED at hardware address: 53
2016-03-13 23:17:55,693 : DEBUG : FASTLED : Creating FAST RGB LED at hardware address: 48
2016-03-13 23:17:55,693 : DEBUG : FASTLED : Creating FAST RGB LED at hardware address: 5D
2016-03-13 23:17:55,693 : DEBUG : FASTLED : Creating FAST RGB LED at hardware address: 5E
2016-03-13 23:17:55,693 : DEBUG : FASTLED : Creating FAST RGB LED at hardware address: 64
2016-03-13 23:17:55,694 : DEBUG : FASTLED : Creating FAST RGB LED at hardware address: 84
2016-03-13 23:17:55,694 : DEBUG : FASTLED : Creating FAST RGB LED at hardware address: 95
2016-03-13 23:17:55,694 : DEBUG : FASTLED : Creating FAST RGB LED at hardware address: 61
2016-03-13 23:17:55,694 : DEBUG : FASTLED : Creating FAST RGB LED at hardware address: 56
2016-03-13 23:17:55,695 : DEBUG : FASTLED : Creating FAST RGB LED at hardware address: 8E
2016-03-13 23:17:55,695 : DEBUG : FASTLED : Creating FAST RGB LED at hardware address: 62
2016-03-13 23:17:55,695 : DEBUG : FASTLED : Creating FAST RGB LED at hardware address: 92
2016-03-13 23:17:55,695 : DEBUG : FASTLED : Creating FAST RGB LED at hardware address: 49
2016-03-13 23:17:55,696 : DEBUG : FASTLED : Creating FAST RGB LED at hardware address: 8D
2016-03-13 23:17:55,696 : DEBUG : FASTLED : Creating FAST RGB LED at hardware address: 5C
2016-03-13 23:17:55,696 : DEBUG : FASTLED : Creating FAST RGB LED at hardware address: 8C
2016-03-13 23:17:55,696 : DEBUG : FASTLED : Creating FAST RGB LED at hardware address: 93
2016-03-13 23:17:55,697 : DEBUG : FASTLED : Creating FAST RGB LED at hardware address: 4E
2016-03-13 23:17:55,697 : DEBUG : FASTLED : Creating FAST RGB LED at hardware address: 46
2016-03-13 23:17:55,697 : DEBUG : FASTLED : Creating FAST RGB LED at hardware address: 55
2016-03-13 23:17:55,698 : DEBUG : FASTLED : Creating FAST RGB LED at hardware address: 87
2016-03-13 23:17:55,698 : DEBUG : FASTLED : Creating FAST RGB LED at hardware address: 68
2016-03-13 23:17:55,699 : DEBUG : FASTLED : Creating FAST RGB LED at hardware address: 54
2016-03-13 23:17:55,699 : DEBUG : FASTLED : Creating FAST RGB LED at hardware address: 4F
2016-03-13 23:17:55,699 : DEBUG : FASTLED : Creating FAST RGB LED at hardware address: 41
2016-03-13 23:17:55,699 : DEBUG : FASTLED : Creating FAST RGB LED at hardware address: 6A
2016-03-13 23:17:55,700 : DEBUG : FASTLED : Creating FAST RGB LED at hardware address: 52
2016-03-13 23:17:55,700 : DEBUG : FASTLED : Creating FAST RGB LED at hardware address: 4A
2016-03-13 23:17:55,700 : DEBUG : FASTLED : Creating FAST RGB LED at hardware address: 8F
2016-03-13 23:17:55,700 : DEBUG : FASTLED : Creating FAST RGB LED at hardware address: 5A
2016-03-13 23:17:55,701 : DEBUG : FASTLED : Creating FAST RGB LED at hardware address: 8A
2016-03-13 23:17:55,701 : DEBUG : FASTLED : Creating FAST RGB LED at hardware address: 6F
2016-03-13 23:17:55,701 : DEBUG : FASTLED : Creating FAST RGB LED at hardware address: 4C
2016-03-13 23:17:55,701 : DEBUG : FASTLED : Creating FAST RGB LED at hardware address: 65
2016-03-13 23:17:55,702 : DEBUG : FASTLED : Creating FAST RGB LED at hardware address: 6D
2016-03-13 23:17:55,702 : DEBUG : FASTLED : Creating FAST RGB LED at hardware address: 91
2016-03-13 23:17:55,702 : DEBUG : FASTLED : Creating FAST RGB LED at hardware address: 66
2016-03-13 23:17:55,703 : DEBUG : FASTLED : Creating FAST RGB LED at hardware address: 6B
2016-03-13 23:17:55,703 : DEBUG : FASTLED : Creating FAST RGB LED at hardware address: 8B
2016-03-13 23:17:55,703 : DEBUG : FASTLED : Creating FAST RGB LED at hardware address: 47
2016-03-13 23:17:55,703 : DEBUG : FASTLED : Creating FAST RGB LED at hardware address: 69
2016-03-13 23:17:55,704 : DEBUG : FASTLED : Creating FAST RGB LED at hardware address: 85
2016-03-13 23:17:55,704 : DEBUG : FASTLED : Creating FAST RGB LED at hardware address: 5F
2016-03-13 23:17:55,704 : DEBUG : FASTLED : Creating FAST RGB LED at hardware address: 42
2016-03-13 23:17:55,704 : DEBUG : FASTLED : Creating FAST RGB LED at hardware address: 58
2016-03-13 23:17:55,705 : DEBUG : FASTLED : Creating FAST RGB LED at hardware address: 81
2016-03-13 23:17:55,705 : DEBUG : FASTLED : Creating FAST RGB LED at hardware address: 5B
2016-03-13 23:17:55,705 : DEBUG : FASTLED : Creating FAST RGB LED at hardware address: 59
2016-03-13 23:17:55,706 : DEBUG : FASTLED : Creating FAST RGB LED at hardware address: 4B
2016-03-13 23:17:55,706 : DEBUG : FASTLED : Creating FAST RGB LED at hardware address: 67
2016-03-13 23:17:55,709 : DEBUG : Events : Registered BallDevice._initialize_phase_2 as a handler for 'init_phase_2', priority: 1, kwargs: {}
2016-03-13 23:17:55,709 : DEBUG : Events : Registered BallDevice._initialize_phase_3 as a handler for 'init_phase_3', priority: 1, kwargs: {}
2016-03-13 23:17:55,709 : DEBUG : Events : Registered BallDevice._initialize_phase_4 as a handler for 'init_phase_4', priority: 1, kwargs: {}
2016-03-13 23:17:55,710 : DEBUG : Events : Registered BallDevice._initialize_phase_2 as a handler for 'init_phase_2', priority: 1, kwargs: {}
2016-03-13 23:17:55,710 : DEBUG : Events : Registered BallDevice._initialize_phase_3 as a handler for 'init_phase_3', priority: 1, kwargs: {}
2016-03-13 23:17:55,710 : DEBUG : Events : Registered BallDevice._initialize_phase_4 as a handler for 'init_phase_4', priority: 1, kwargs: {}
2016-03-13 23:17:55,711 : DEBUG : Events : Registered BallDevice._initialize_phase_2 as a handler for 'init_phase_2', priority: 1, kwargs: {}
2016-03-13 23:17:55,711 : DEBUG : Events : Registered BallDevice._initialize_phase_3 as a handler for 'init_phase_3', priority: 1, kwargs: {}
2016-03-13 23:17:55,711 : DEBUG : Events : Registered BallDevice._initialize_phase_4 as a handler for 'init_phase_4', priority: 1, kwargs: {}
2016-03-13 23:17:55,711 : DEBUG : Events : Registered BallDevice._initialize_phase_2 as a handler for 'init_phase_2', priority: 1, kwargs: {}
2016-03-13 23:17:55,711 : DEBUG : Events : Registered BallDevice._initialize_phase_3 as a handler for 'init_phase_3', priority: 1, kwargs: {}
2016-03-13 23:17:55,712 : DEBUG : Events : Registered BallDevice._initialize_phase_4 as a handler for 'init_phase_4', priority: 1, kwargs: {}
2016-03-13 23:17:55,712 : DEBUG : Events : Registered BallDevice._initialize_phase_2 as a handler for 'init_phase_2', priority: 1, kwargs: {}
2016-03-13 23:17:55,712 : DEBUG : Events : Registered BallDevice._initialize_phase_3 as a handler for 'init_phase_3', priority: 1, kwargs: {}
2016-03-13 23:17:55,712 : DEBUG : Events : Registered BallDevice._initialize_phase_4 as a handler for 'init_phase_4', priority: 1, kwargs: {}
2016-03-13 23:17:55,713 : DEBUG : Events : Registered BallDevice._initialize_phase_2 as a handler for 'init_phase_2', priority: 1, kwargs: {}
2016-03-13 23:17:55,713 : DEBUG : Events : Registered BallDevice._initialize_phase_3 as a handler for 'init_phase_3', priority: 1, kwargs: {}
2016-03-13 23:17:55,713 : DEBUG : Events : Registered BallDevice._initialize_phase_4 as a handler for 'init_phase_4', priority: 1, kwargs: {}
2016-03-13 23:17:55,714 : DEBUG : Events : Registered BallSearch.request_to_start_game as a handler for 'request_to_start_game', priority: 1, kwargs: {}
2016-03-13 23:17:55,716 : DEBUG : Events : Registered Playfield._source_device_eject_success as a handler for 'balldevice_bd_plunger_ball_eject_success', priority: 1, kwargs: {}
2016-03-13 23:17:55,716 : DEBUG : Events : Registered Playfield._source_device_eject_failed as a handler for 'balldevice_bd_plunger_ball_eject_failed', priority: 1, kwargs: {}
2016-03-13 23:17:55,716 : DEBUG : Events : Registered Playfield._source_device_eject_attempt as a handler for 'balldevice_bd_plunger_ball_eject_attempt', priority: 1, kwargs: {}
2016-03-13 23:17:55,716 : DEBUG : Events : Registered Playfield._source_device_eject_success as a handler for 'balldevice_bd_top_kicker_ball_eject_success', priority: 1, kwargs: {}
2016-03-13 23:17:55,716 : DEBUG : Events : Registered Playfield._source_device_eject_failed as a handler for 'balldevice_bd_top_kicker_ball_eject_failed', priority: 1, kwargs: {}
2016-03-13 23:17:55,717 : DEBUG : Events : Registered Playfield._source_device_eject_attempt as a handler for 'balldevice_bd_top_kicker_ball_eject_attempt', priority: 1, kwargs: {}
2016-03-13 23:17:55,717 : DEBUG : Events : Registered Playfield._source_device_eject_success as a handler for 'balldevice_bd_drain_ball_eject_success', priority: 1, kwargs: {}
2016-03-13 23:17:55,717 : DEBUG : Events : Registered Playfield._source_device_eject_failed as a handler for 'balldevice_bd_drain_ball_eject_failed', priority: 1, kwargs: {}
2016-03-13 23:17:55,717 : DEBUG : Events : Registered Playfield._source_device_eject_attempt as a handler for 'balldevice_bd_drain_ball_eject_attempt', priority: 1, kwargs: {}
2016-03-13 23:17:55,717 : DEBUG : Events : Registered Playfield._source_device_eject_success as a handler for 'balldevice_bd_top_right_vuk_ball_eject_success', priority: 1, kwargs: {}
2016-03-13 23:17:55,717 : DEBUG : Events : Registered Playfield._source_device_eject_failed as a handler for 'balldevice_bd_top_right_vuk_ball_eject_failed', priority: 1, kwargs: {}
2016-03-13 23:17:55,717 : DEBUG : Events : Registered Playfield._source_device_eject_attempt as a handler for 'balldevice_bd_top_right_vuk_ball_eject_attempt', priority: 1, kwargs: {}
2016-03-13 23:17:55,718 : DEBUG : Events : Registered Playfield._source_device_eject_success as a handler for 'balldevice_bd_lower_vuk_ball_eject_success', priority: 1, kwargs: {}
2016-03-13 23:17:55,718 : DEBUG : Events : Registered Playfield._source_device_eject_failed as a handler for 'balldevice_bd_lower_vuk_ball_eject_failed', priority: 1, kwargs: {}
2016-03-13 23:17:55,718 : DEBUG : Events : Registered Playfield._source_device_eject_attempt as a handler for 'balldevice_bd_lower_vuk_ball_eject_attempt', priority: 1, kwargs: {}
2016-03-13 23:17:55,718 : DEBUG : Events : Registered Playfield._source_device_eject_success as a handler for 'balldevice_bd_trough_ball_eject_success', priority: 1, kwargs: {}
2016-03-13 23:17:55,718 : DEBUG : Events : Registered Playfield._source_device_eject_failed as a handler for 'balldevice_bd_trough_ball_eject_failed', priority: 1, kwargs: {}
2016-03-13 23:17:55,718 : DEBUG : Events : Registered Playfield._source_device_eject_attempt as a handler for 'balldevice_bd_trough_ball_eject_attempt', priority: 1, kwargs: {}
2016-03-13 23:17:55,719 : DEBUG : Events : Registered Playfield._ball_removed_handler as a handler for 'balldevice_captured_from_playfield', priority: 1, kwargs: {}
2016-03-13 23:17:55,719 : DEBUG : Events : Registered Playfield.playfield_switch_hit as a handler for 'sw_playfield_active', priority: 1, kwargs: {}
2016-03-13 23:17:55,719 : DEBUG : Events : Registered Playfield._initialize as a handler for 'init_phase_2', priority: 1, kwargs: {}
2016-03-13 23:17:55,720 : DEBUG : Events : Registered DropTarget._update_state_from_switch as a handler for 'init_phase_4', priority: 1, kwargs: {}
2016-03-13 23:17:55,720 : DEBUG : Events : Registered DropTarget._register_switch_handlers as a handler for 'init_phase_4', priority: 1, kwargs: {}
2016-03-13 23:17:55,720 : DEBUG : Events : Registered DropTarget._update_state_from_switch as a handler for 'init_phase_4', priority: 1, kwargs: {}
2016-03-13 23:17:55,720 : DEBUG : Events : Registered DropTarget._register_switch_handlers as a handler for 'init_phase_4', priority: 1, kwargs: {}
2016-03-13 23:17:55,720 : DEBUG : Events : Registered DropTarget._update_state_from_switch as a handler for 'init_phase_4', priority: 1, kwargs: {}
2016-03-13 23:17:55,721 : DEBUG : Events : Registered DropTarget._register_switch_handlers as a handler for 'init_phase_4', priority: 1, kwargs: {}
2016-03-13 23:17:55,721 : DEBUG : Events : Registered DropTarget._update_state_from_switch as a handler for 'init_phase_4', priority: 1, kwargs: {}
2016-03-13 23:17:55,721 : DEBUG : Events : Registered DropTarget._register_switch_handlers as a handler for 'init_phase_4', priority: 1, kwargs: {}
2016-03-13 23:17:55,722 : DEBUG : Events : Registered DropTarget._update_state_from_switch as a handler for 'init_phase_4', priority: 1, kwargs: {}
2016-03-13 23:17:55,722 : DEBUG : Events : Registered DropTarget._register_switch_handlers as a handler for 'init_phase_4', priority: 1, kwargs: {}
2016-03-13 23:17:55,723 : DEBUG : Events : ^^^^ Posted event 'drop_targets_up'. Type: None, Callback: None, Args: {}
2016-03-13 23:17:55,723 : DEBUG : Events : ============== EVENTS QUEUE =============
2016-03-13 23:17:55,724 : DEBUG : Events : drop_targets_up, None, None, {}
2016-03-13 23:17:55,724 : DEBUG : Events : =========================================
2016-03-13 23:17:55,727 : DEBUG : flipper.right_flipper : Enabling debug logging
2016-03-13 23:17:55,727 : DEBUG : flipper.right_flipper : Configuring device with settings: '{'hold_power': None, 'debug': True, 'tags': [], 'disable_events': {'ball_ending': 0}, 'pulse_pwm_mask': None, 'pulse_power32': None, 'activation_switch': <switch.s_rightflipper>, 'enable_no_hold_events': {}, 'drive_now': False, 'hold_pwm_mask': None, 'use_eos': False, 'main_coil': <coil.c_rightflippermain>, 'pulse_power': None, 'eos_switch': None, 'hold_coil': <coil.c_rightflipperhold>, 'label': '%', 'invert_events': {}, 'pulse_ms': None, 'enable_events': {'machine_reset_phase_3': 0}, 'debounced': False, 'pwm_on_ms': None, 'hold_power32': None, 'pwm_off_ms': None, 'recycle_ms': None}'
2016-03-13 23:17:55,727 : DEBUG : flipper.right_flipper : Platform Driver: None
2016-03-13 23:17:55,728 : DEBUG : flipper.right_flipper : Platform Driver: <Platform.FAST>
2016-03-13 23:17:55,728 : DEBUG : flipper.upper_right_flipper : Enabling debug logging
2016-03-13 23:17:55,728 : DEBUG : flipper.upper_right_flipper : Configuring device with settings: '{'hold_power': None, 'debug': True, 'tags': [], 'disable_events': {'ball_ending': 0}, 'pulse_pwm_mask': None, 'pulse_power32': None, 'activation_switch': <switch.s_rightupperflipper>, 'enable_no_hold_events': {}, 'drive_now': False, 'hold_pwm_mask': None, 'use_eos': False, 'main_coil': <coil.c_upperrightflippermain>, 'pulse_power': None, 'eos_switch': None, 'hold_coil': <coil.c_upperrightflipperhold>, 'label': '%', 'invert_events': {}, 'pulse_ms': None, 'enable_events': {'machine_reset_phase_3': 0}, 'debounced': False, 'pwm_on_ms': None, 'hold_power32': None, 'pwm_off_ms': None, 'recycle_ms': None}'
2016-03-13 23:17:55,728 : DEBUG : flipper.upper_right_flipper : Platform Driver: None
2016-03-13 23:17:55,728 : DEBUG : flipper.upper_right_flipper : Platform Driver: <Platform.FAST>
2016-03-13 23:17:55,729 : DEBUG : flipper.left_flipper : Enabling debug logging
2016-03-13 23:17:55,729 : DEBUG : flipper.left_flipper : Configuring device with settings: '{'hold_power': None, 'debug': True, 'tags': [], 'disable_events': {'ball_ending': 0}, 'pulse_pwm_mask': None, 'pulse_power32': None, 'activation_switch': <switch.s_leftflipper>, 'enable_no_hold_events': {}, 'drive_now': False, 'hold_pwm_mask': None, 'use_eos': False, 'main_coil': <coil.c_leftflippermain>, 'pulse_power': None, 'eos_switch': None, 'hold_coil': <coil.c_leftflipperhold>, 'label': '%', 'invert_events': {}, 'pulse_ms': None, 'enable_events': {'machine_reset_phase_3': 0}, 'debounced': False, 'pwm_on_ms': None, 'hold_power32': None, 'pwm_off_ms': None, 'recycle_ms': None}'
2016-03-13 23:17:55,729 : DEBUG : flipper.left_flipper : Platform Driver: None
2016-03-13 23:17:55,729 : DEBUG : flipper.left_flipper : Platform Driver: <Platform.FAST>
2016-03-13 23:17:55,730 : DEBUG : Events : Registered Diverter._feeder_eject_attempt as a handler for 'balldevice_playfield_ball_eject_attempt', priority: 1, kwargs: {}
2016-03-13 23:17:55,730 : DEBUG : Events : Registered Diverter._feeder_eject_count_decrease as a handler for 'balldevice_playfield_ball_eject_failed', priority: 1, kwargs: {}
2016-03-13 23:17:55,730 : DEBUG : Events : Registered Diverter._feeder_eject_count_decrease as a handler for 'balldevice_playfield_ball_eject_success', priority: 1, kwargs: {}
2016-03-13 23:17:55,731 : DEBUG : Events : Registered Diverter._register_switches as a handler for 'init_phase_3', priority: 1, kwargs: {}
2016-03-13 23:17:55,731 : DEBUG : Events : Registered Diverter._feeder_eject_attempt as a handler for 'balldevice_playfield_ball_eject_attempt', priority: 1, kwargs: {}
2016-03-13 23:17:55,731 : DEBUG : Events : Registered Diverter._feeder_eject_count_decrease as a handler for 'balldevice_playfield_ball_eject_failed', priority: 1, kwargs: {}
2016-03-13 23:17:55,731 : DEBUG : Events : Registered Diverter._feeder_eject_count_decrease as a handler for 'balldevice_playfield_ball_eject_success', priority: 1, kwargs: {}
2016-03-13 23:17:55,731 : DEBUG : Events : Registered Diverter._register_switches as a handler for 'init_phase_3', priority: 1, kwargs: {}
2016-03-13 23:17:55,734 : DEBUG : Events : ConfigPlayer._initialize (priority: 1) responding to event 'init_phase_1' with args {}
2016-03-13 23:17:55,734 : DEBUG : Events : ConfigPlayer._initialize (priority: 1) responding to event 'init_phase_1' with args {}
2016-03-13 23:17:55,734 : DEBUG : Events : ConfigPlayer._initialize (priority: 1) responding to event 'init_phase_1' with args {}
2016-03-13 23:17:55,734 : DEBUG : Events : ConfigPlayer._initialize (priority: 1) responding to event 'init_phase_1' with args {}
2016-03-13 23:17:55,734 : DEBUG : Events : ConfigPlayer._initialize (priority: 1) responding to event 'init_phase_1' with args {}
2016-03-13 23:17:55,734 : DEBUG : Events : ConfigPlayer._initialize (priority: 1) responding to event 'init_phase_1' with args {}
2016-03-13 23:17:55,735 : DEBUG : Events : ConfigPlayer._initialize (priority: 1) responding to event 'init_phase_1' with args {}
2016-03-13 23:17:55,735 : DEBUG : Events : ConfigPlayer._initialize (priority: 1) responding to event 'init_phase_1' with args {}
2016-03-13 23:17:55,735 : DEBUG : Events : ConfigPlayer._initialize (priority: 1) responding to event 'init_phase_1' with args {}
2016-03-13 23:17:55,735 : DEBUG : Events : ConfigPlayer._initialize (priority: 1) responding to event 'init_phase_1' with args {}
2016-03-13 23:17:55,735 : DEBUG : Events : Registered ShowPlayer.play as a handler for 'mode_attract_started', priority: 0, kwargs: {'settings': {'shows': {'concert1': {'blend': False, 'leds': 'l_left_pop', 'hold': False, 'repeat': 'True', 'loops': -1, 'priority': 0, 'speed': 2.5, 'step_num': 0, 'action': 'play'}, 'gi_on': {'blend': False, 'priority': 0, 'hold': False, 'repeat': 'True', 'loops': -1, 'speed': 1.0, 'step_num': 0, 'led_tags': 'gi', 'action': 'play'}, 'concert3': {'blend': False, 'leds': 'l_bottom_pop', 'hold': False, 'repeat': 'True', 'loops': -1, 'priority': 0, 'speed': 2.5, 'step_num': 0, 'action': 'play'}, 'new_flash': {'blend': False, 'leds': 'l_wizard_shot, l_advance_wizard, l_north_america, l_music_award', 'hold': False, 'repeat': 'True', 'loops': -1, 'priority': 0, 'speed': 2.0, 'step_num': 0, 'action': 'play'}, 'concert2': {'blend': False, 'leds': 'l_right_pop', 'hold': False, 'repeat': 'True', 'loops': -1, 'priority': 0, 'speed': 2.5, 'step_num': 0, 'action': 'play'}}}, 'mode': None}
2016-03-13 23:17:55,736 : DEBUG : Events : vvvv Finished event 'init_phase_1'. Type: None. Callback: None. Args: {}
2016-03-13 23:17:55,736 : DEBUG : Events : ^^^^ Processing event 'drop_targets_up'. Type: None, Callback: None, Args: {}
2016-03-13 23:17:55,736 : DEBUG : Events : vvvv Finished event 'drop_targets_up'. Type: None. Callback: None. Args: {}
2016-03-13 23:17:55,736 : DEBUG : Events : ^^^^ Posted event 'init_phase_2'. Type: None, Callback: None, Args: {}
2016-03-13 23:17:55,736 : DEBUG : Events : ============== EVENTS QUEUE =============
2016-03-13 23:17:55,736 : DEBUG : Events : init_phase_2, None, None, {}
2016-03-13 23:17:55,736 : DEBUG : Events : =========================================
2016-03-13 23:17:55,736 : DEBUG : Events : ^^^^ Processing event 'init_phase_2'. Type: None, Callback: None, Args: {}
2016-03-13 23:17:55,736 : DEBUG : Events : SwitchController._initialize_switches (priority: 1000) responding to event 'init_phase_2' with args {}
