2016-03-25 00:10:59,911 : INFO : Machine : Mission Pinball Framework v0.30.0.dev700
2016-03-25 00:10:59,911 : INFO : Machine : Loading config from original files
2016-03-25 00:10:59,979 : INFO : Machine : Machine config file #1: /Users/gabe/Dropbox/Pinball/Gabe/bnd/config/config
2016-03-25 00:11:00,123 : INFO : Machine : Config file cache created: /Users/gabe/Dropbox/Pinball/Gabe/bnd/__mpfcache__/config_config.p
2016-03-25 00:11:00,129 : INFO : FAST : Configuring FAST hardware.
2016-03-25 00:11:00,129 : INFO : Machine : Loading core modules...
2016-03-25 00:11:00,305 : INFO : FAST : Configuring FAST Controller for FAST IO boards.
2016-03-25 00:11:00,305 : INFO : FAST : Connecting to /dev/tty.usbserial-141C at 921600bps
2016-03-25 00:11:01,822 : INFO : FAST : Received ID acknowledgement. Processor: RGB, Board: FP-CPU-002-2, Firmware: 01.00
2016-03-25 00:11:01,822 : INFO : FAST : Connecting to /dev/tty.usbserial-141B at 921600bps
2016-03-25 00:11:03,340 : INFO : FAST : Received ID acknowledgement. Processor: NET, Board: FP-CPU-002-2, Firmware: 01.00
2016-03-25 00:11:03,356 : INFO : FAST : Fast IO Board 00: Model: FP-I/O-3208-2, Firmware: 01.00, Switches: 32, Drivers: 8
2016-03-25 00:11:03,372 : INFO : FAST : Fast IO Board 01: Model: FP-I/O-3208-2, Firmware: 01.00, Switches: 32, Drivers: 8
2016-03-25 00:11:03,389 : INFO : FAST : Fast IO Board 02: Model: FP-I/O-1616-2, Firmware: 01.00, Switches: 16, Drivers: 16
2016-03-25 00:11:03,474 : INFO : DeviceManager : Loading devices...
2016-03-25 00:11:03,539 : INFO : FAST : Received SA: 01,00,0B,00000400002D0000020100
2016-03-25 00:11:03,540 : INFO : FAST : Received SA: 01,00,0B,00000400002D0000020100
2016-03-25 00:11:03,551 : INFO : Machine : Loading plugins...
2016-03-25 00:11:03,569 : INFO : SwitchController : Dumping current active switches
2016-03-25 00:11:03,569 : INFO : SwitchController : Active Switch|s_troughenter
2016-03-25 00:11:03,569 : INFO : SwitchController : Active Switch|s_droptarget2
2016-03-25 00:11:03,570 : INFO : Mode.attract : Mode Starting. Priority: 10
2016-03-25 00:11:03,570 : INFO : Mode Controller : +=========== ACTIVE MODES ============+
2016-03-25 00:11:03,571 : INFO : Mode Controller : | attract : 10                        |
2016-03-25 00:11:03,571 : INFO : Mode Controller : +-------------------------------------+
2016-03-25 00:11:07,762 : INFO : SwitchController : <<<<< switch: s_start, State:1 >>>>>
2016-03-25 00:11:07,911 : INFO : SwitchController : <<<<< switch: s_start, State:0 >>>>>
2016-03-25 00:11:07,912 : INFO : Mode.game : Mode Starting. Priority: 20
2016-03-25 00:11:07,913 : INFO : Mode Controller : +=========== ACTIVE MODES ============+
2016-03-25 00:11:07,913 : INFO : Mode Controller : +-------------------------------------+
2016-03-25 00:11:07,914 : INFO : Mode Controller : +=========== ACTIVE MODES ============+
2016-03-25 00:11:07,914 : INFO : Mode Controller : | game : 20                           |
2016-03-25 00:11:07,914 : INFO : Mode Controller : +-------------------------------------+
2016-03-25 00:11:07,915 : INFO : Mode.game : Player added successfully. Total players: 1
2016-03-25 00:11:07,916 : INFO : Mode.game : ***************************************************
2016-03-25 00:11:07,916 : INFO : Mode.game : ****************** BALL STARTING ******************
2016-03-25 00:11:07,917 : INFO : Mode.game : **                                               **
2016-03-25 00:11:07,917 : INFO : Mode.game : **    Player: 1    Ball: 1   Score: 0            **
2016-03-25 00:11:07,917 : INFO : Mode.game : **                                               **
2016-03-25 00:11:07,917 : INFO : Mode.game : ***************************************************
2016-03-25 00:11:07,917 : INFO : Mode.game : ***************************************************
2016-03-25 00:11:12,215 : INFO : SwitchController : <<<<< switch: s_plungerlane, State:1 >>>>>
2016-03-25 00:11:12,554 : INFO : SwitchController : <<<<< switch: s_troughenter, State:0 >>>>>
2016-03-25 00:11:14,153 : INFO : SwitchController : <<<<< switch: s_plungerlane, State:0 >>>>>
2016-03-25 00:11:15,902 : INFO : SwitchController : <<<<< switch: s_drain, State:1 >>>>>
2016-03-25 00:11:15,905 : INFO : Mode.game : ***************************************************
2016-03-25 00:11:15,905 : INFO : Mode.game : ****************** BALL STARTING ******************
2016-03-25 00:11:15,905 : INFO : Mode.game : **                                               **
2016-03-25 00:11:15,906 : INFO : Mode.game : **    Player: 1    Ball: 2   Score: 0            **
2016-03-25 00:11:15,906 : INFO : Mode.game : **                                               **
2016-03-25 00:11:15,906 : INFO : Mode.game : ***************************************************
2016-03-25 00:11:15,906 : INFO : Mode.game : ***************************************************
2016-03-25 00:11:15,908 : WARNING : ball_device.bd_drain : Device reporting more balls contained than its capacity.
2016-03-25 00:11:34,012 : INFO : Machine : Actual MPF loop rate: 68.52 Hz
2016-03-25 00:11:34,012 : INFO : root : MPF run loop ended.
