2016-03-14 23:55:27,847 : INFO : Machine : Mission Pinball Framework v0.30.0.dev688
2016-03-14 23:55:27,847 : DEBUG : Machine : Command line arguments: {'bcp': True, 'pause': True, 'consoleloglevel': True, 'logfile': 'logs/2016-03-14-23-55-27-mpf-Gabriels-MacBook-Pro.local.log', 'no_load_cache': False, 'loglevel': 10, 'configfile': ['config'], 'create_config_cache': True, 'mpfconfigfile': '/Users/gabe/pinball/mpf30/mpf/mpfconfig.yaml', 'force_platform': None}
2016-03-14 23:55:27,847 : DEBUG : Machine : Python version: 3.5.0
2016-03-14 23:55:27,847 : DEBUG : Machine : Platform: darwin
2016-03-14 23:55:27,847 : DEBUG : Machine : Python executable location: /Applications/Kivy.app/Contents/Resources/python
2016-03-14 23:55:27,848 : DEBUG : Machine : 32-bit Python? False
2016-03-14 23:55:27,848 : DEBUG : Clock : Starting clock (maximum frames per second=60.0)
2016-03-14 23:55:27,848 : DEBUG : Clock : Scheduled a recurring clock callback (callback=<bound method MachineController._check_crash_queue of <mpf.core.machine.MachineController object at 0x105fd60f0>>, timeout=1, priority=1)
2016-03-14 23:55:27,848 : DEBUG : Machine : Machine path: /Users/gabe/Dropbox/Pinball/Gabe/bnd
2016-03-14 23:55:27,848 : INFO : Machine : Loading cached config: /Users/gabe/Dropbox/Pinball/Gabe/bnd/__mpfcache__/config_config.p
2016-03-14 23:55:27,856 : INFO : FAST : Configuring FAST hardware.
2016-03-14 23:55:27,856 : DEBUG : Machine : Setting default platform to 'fast'
2016-03-14 23:55:27,856 : INFO : Machine : Loading core modules...
2016-03-14 23:55:27,856 : DEBUG : Machine : Loading 'mpf.core.events.EventManager' core module
2016-03-14 23:55:27,857 : DEBUG : Machine : Loading 'mpf.core.mode_controller.ModeController' core module
2016-03-14 23:55:27,858 : DEBUG : Events : Registered ModeController._load_modes as a handler for 'init_phase_2', priority: 1, kwargs: {}
2016-03-14 23:55:27,858 : DEBUG : Events : Registered ModeController._ball_ending as a handler for 'ball_ending', priority: 0, kwargs: {}
2016-03-14 23:55:27,859 : DEBUG : Events : Registered ModeController._ball_starting as a handler for 'ball_starting', priority: 0, kwargs: {}
2016-03-14 23:55:27,859 : DEBUG : Events : Registered ModeController._player_added as a handler for 'player_add_success', priority: 0, kwargs: {}
2016-03-14 23:55:27,859 : DEBUG : Events : Registered ModeController._player_turn_start as a handler for 'player_turn_start', priority: 1000000, kwargs: {}
2016-03-14 23:55:27,859 : DEBUG : Events : Registered ModeController._player_turn_stop as a handler for 'player_turn_stop', priority: 1000000, kwargs: {}
2016-03-14 23:55:27,859 : DEBUG : Machine : Loading 'mpf.core.config_processor.ConfigProcessor' core module
2016-03-14 23:55:27,859 : DEBUG : Machine : Loading 'mpf.core.shot_profile_manager.ShotProfileManager' core module
2016-03-14 23:55:27,859 : DEBUG : ShotProfileManager : Registering Shot Profile: 'default'
2016-03-14 23:55:28,059 : DEBUG : ShotProfileManager : Processed 'default' profile configuration: {'states': [{'name': 'unlit', 'script': 'off', 'speed': 1.0, 'blend': False, 'hold': 'True', 'loops': 0, 'show': None, 'repeat': 'True', 'sync_ms': 0, 'reset': False}, {'name': 'lit', 'script': 'on', 'speed': 1.0, 'blend': False, 'hold': 'True', 'loops': 0, 'show': None, 'repeat': 'True', 'sync_ms': 0, 'reset': False}], 'loop': False, 'block': 'true', 'show_when_disabled': 'True', 'state_names_to_rotate': [], 'rotation_pattern': deque(['right']), 'player_variable': '%_default', 'state_names_to_not_rotate': [], 'show': None}
2016-03-14 23:55:28,059 : DEBUG : Mode Controller : Registering <bound method ShotProfileManager.mode_start_for_shots of <mpf.core.shot_profile_manager.ShotProfileManager object at 0x105e99e10>> as a mode start method. Config section: shots, priority: 0, kwargs: {}
2016-03-14 23:55:28,059 : DEBUG : Mode Controller : Registering <bound method ShotProfileManager.mode_start_for_shot_groups of <mpf.core.shot_profile_manager.ShotProfileManager object at 0x105e99e10>> as a mode start method. Config section: shot_groups, priority: 0, kwargs: {}
2016-03-14 23:55:28,059 : DEBUG : Events : Registered ShotProfileManager._player_turn_start as a handler for 'player_turn_start', priority: 1000000, kwargs: {}
2016-03-14 23:55:28,059 : DEBUG : Events : Registered ShotProfileManager._player_turn_stop as a handler for 'player_turn_stop', priority: 0, kwargs: {}
2016-03-14 23:55:28,059 : DEBUG : Machine : Loading 'mpf.core.device_manager.DeviceManager' core module
2016-03-14 23:55:28,060 : DEBUG : Events : Registered DeviceManager._load_device_modules as a handler for 'init_phase_1', priority: 1, kwargs: {}
2016-03-14 23:55:28,060 : DEBUG : Events : Registered DeviceManager.create_machinewide_device_control_events as a handler for 'init_phase_2', priority: 1, kwargs: {}
2016-03-14 23:55:28,060 : DEBUG : Events : Registered DeviceManager.create_collection_control_events as a handler for 'init_phase_2', priority: 1, kwargs: {}
2016-03-14 23:55:28,060 : DEBUG : Machine : Loading 'mpf.core.switch_controller.SwitchController' core module
2016-03-14 23:55:28,061 : DEBUG : Clock : Scheduled a recurring clock callback (callback=<bound method SwitchController._tick of <mpf.core.switch_controller.SwitchController object at 0x10609f278>>, timeout=0, priority=1000)
2016-03-14 23:55:28,061 : DEBUG : Events : Registered SwitchController._initialize_switches as a handler for 'init_phase_2', priority: 1000, kwargs: {}
2016-03-14 23:55:28,061 : DEBUG : Events : Registered SwitchController.log_active_switches as a handler for 'machine_reset_phase_3', priority: 1, kwargs: {}
2016-03-14 23:55:28,061 : DEBUG : Machine : Loading 'mpf.core.ball_controller.BallController' core module
2016-03-14 23:55:28,062 : DEBUG : BallController : Loading the BallController
2016-03-14 23:55:28,062 : DEBUG : Events : Registered BallController.request_to_start_game as a handler for 'request_to_start_game', priority: 1, kwargs: {}
2016-03-14 23:55:28,062 : DEBUG : Events : Registered BallController._initialize as a handler for 'machine_reset_phase_2', priority: 1, kwargs: {}
2016-03-14 23:55:28,062 : DEBUG : Events : Registered BallController._init2 as a handler for 'init_phase_2', priority: 1, kwargs: {}
2016-03-14 23:55:28,062 : DEBUG : Machine : Loading 'mpf.core.assets.AssetManager' core module
2016-03-14 23:55:28,063 : DEBUG : Mode Controller : Registering <bound method AssetManager._load_mode_assets of <mpf.core.assets.AssetManager object at 0x10609f9e8>> as a mode start method. Config section: None, priority: 0, kwargs: {}
2016-03-14 23:55:28,063 : DEBUG : Events : Registered AssetManager._create_assets as a handler for 'init_phase_3', priority: 1, kwargs: {}
2016-03-14 23:55:28,063 : DEBUG : Events : Registered AssetManager._bcp_client_asset_load as a handler for 'assets_to_load', priority: 1, kwargs: {}
2016-03-14 23:55:28,063 : DEBUG : Machine : Loading 'mpf.core.show_controller.ShowController' core module
2016-03-14 23:55:28,065 : DEBUG : Clock : Scheduled a recurring clock callback (callback=<bound method ShowController._tick of <mpf.core.show_controller.ShowController object at 0x1060f2080>>, timeout=0, priority=1)
2016-03-14 23:55:28,065 : DEBUG : Events : Registered ShowController._initialize as a handler for 'init_phase_3', priority: 1, kwargs: {}
2016-03-14 23:55:28,066 : DEBUG : Machine : Loading 'mpf.core.bcp.BCP' core module
2016-03-14 23:55:28,066 : DEBUG : Events : Registered BCP.bcp_trigger as a handler for 'ball_started', priority: 1, kwargs: {'name': 'ball_started'}
2016-03-14 23:55:28,066 : DEBUG : Events : Registered BCP.bcp_trigger as a handler for 'ball_ended', priority: 1, kwargs: {'name': 'ball_ended'}
2016-03-14 23:55:28,066 : DEBUG : Events : Registered BCP.bcp_trigger as a handler for 'player_add_success', priority: 1, kwargs: {'name': 'player_add_success'}
2016-03-14 23:55:28,067 : DEBUG : Events : Registered BCP._bcp_event_callback as a handler for 'tilt', priority: 1, kwargs: {'command': 'tilt'}
2016-03-14 23:55:28,067 : DEBUG : Events : Registered BCP._bcp_event_callback as a handler for 'slam_tilt', priority: 1, kwargs: {'command': 'slam_tilt'}
2016-03-14 23:55:28,067 : DEBUG : Events : Registered BCP._bcp_event_callback as a handler for 'ball_started', priority: 1, kwargs: {'params': {'player_num': '%player', 'ball': '%ball'}, 'command': 'ball_start'}
2016-03-14 23:55:28,067 : DEBUG : Events : Registered BCP._bcp_event_callback as a handler for 'player_turn_start', priority: 1, kwargs: {'params': {'player_num': '%number'}, 'command': 'player_turn_start'}
2016-03-14 23:55:28,068 : DEBUG : Events : Registered BCP._bcp_event_callback as a handler for 'tilt_warning', priority: 1, kwargs: {'params': {'warnings_remaining': '%warnings_remaining', 'warnings': '%warnings'}, 'command': 'tilt_warning'}
2016-03-14 23:55:28,068 : DEBUG : Events : Registered BCP._bcp_event_callback as a handler for 'ball_ending', priority: 1, kwargs: {'command': 'ball_end'}
2016-03-14 23:55:28,068 : DEBUG : Events : Registered BCP.bcp_trigger as a handler for 'player_score', priority: 1, kwargs: {'name': 'player_score'}
2016-03-14 23:55:28,068 : DEBUG : Events : Registered BCP._setup_bcp_connections as a handler for 'init_phase_2', priority: 1, kwargs: {}
2016-03-14 23:55:28,068 : DEBUG : Clock : Scheduled a recurring clock callback (callback=<bound method BCP.get_bcp_messages of <BCP Module>>, timeout=0, priority=1)
2016-03-14 23:55:28,069 : DEBUG : Events : Registered BCP.bcp_player_added as a handler for 'player_add_success', priority: 1, kwargs: {}
2016-03-14 23:55:28,069 : DEBUG : Events : Registered BCP.bcp_reset as a handler for 'machine_reset_phase_1', priority: 1, kwargs: {}
2016-03-14 23:55:28,069 : DEBUG : Events : Registered BCP.increase_volume as a handler for 'increase_volume', priority: 1, kwargs: {}
2016-03-14 23:55:28,069 : DEBUG : Events : Registered BCP.decrease_volume as a handler for 'decrease_volume', priority: 1, kwargs: {}
2016-03-14 23:55:28,069 : DEBUG : Events : Registered BCP.enable_volume_keys as a handler for 'enable_volume_keys', priority: 1, kwargs: {}
2016-03-14 23:55:28,069 : DEBUG : Events : Registered BCP.disable_volume_keys as a handler for 'disable_volume_keys', priority: 1, kwargs: {}
2016-03-14 23:55:28,069 : DEBUG : Events : Registered BCP.get_led_coordinates as a handler for 'bcp_get_led_coordinates', priority: 1, kwargs: {}
2016-03-14 23:55:28,070 : DEBUG : Mode Controller : Registering <bound method BCP.bcp_mode_start of <BCP Module>> as a mode start method. Config section: mode, priority: 0, kwargs: {}
2016-03-14 23:55:28,070 : DEBUG : Machine : Loading 'mpf.core.logic_blocks.LogicBlocks' core module
2016-03-14 23:55:28,070 : DEBUG : Mode Controller : Registering <bound method LogicBlocks._process_config of <mpf.core.logic_blocks.LogicBlocks object at 0x10610fc50>> as a mode start method. Config section: logic_blocks, priority: 0, kwargs: {}
2016-03-14 23:55:28,070 : DEBUG : Events : Registered LogicBlocks._create_player_logic_blocks as a handler for 'player_add_success', priority: 1, kwargs: {}
2016-03-14 23:55:28,071 : DEBUG : Events : Registered LogicBlocks.player_turn_start as a handler for 'player_turn_start', priority: 1, kwargs: {}
2016-03-14 23:55:28,071 : DEBUG : Events : Registered LogicBlocks.player_turn_stop as a handler for 'player_turn_stop', priority: 1, kwargs: {}
2016-03-14 23:55:28,071 : DEBUG : Machine : Loading 'mpf.core.scoring.ScoreController' core module
2016-03-14 23:55:28,071 : DEBUG : Score : Loading the Score Controller
2016-03-14 23:55:28,071 : DEBUG : Mode Controller : Registering <bound method ScoreController.mode_start of <mpf.core.scoring.ScoreController object at 0x10612a1d0>> as a mode start method. Config section: scoring, priority: 0, kwargs: {}
2016-03-14 23:55:28,072 : INFO : FAST : Configuring FAST Controller for FAST IO boards.
2016-03-14 23:55:28,072 : INFO : FAST : Connecting to /dev/tty.usbserial-141C at 921600bps
2016-03-14 23:55:29,575 : DEBUG : FAST : Sending 'ID:' command to port '/dev/tty.usbserial-141C'
2016-03-14 23:55:29,589 : INFO : FAST : Received ID acknowledgement. Processor: RGB, Board: FP-CPU-002-2, Firmware: 01.00
2016-03-14 23:55:29,590 : INFO : FAST : Connecting to /dev/tty.usbserial-141A at 921600bps
2016-03-14 23:55:31,093 : DEBUG : FAST : Sending 'ID:' command to port '/dev/tty.usbserial-141A'
2016-03-14 23:55:32,098 : DEBUG : FAST : Sending 'ID:' command to port '/dev/tty.usbserial-141A'
2016-03-14 23:55:33,102 : DEBUG : FAST : Sending 'ID:' command to port '/dev/tty.usbserial-141A'
2016-03-14 23:55:34,103 : DEBUG : FAST : Sending 'ID:' command to port '/dev/tty.usbserial-141A'
2016-03-14 23:55:35,104 : DEBUG : FAST : Sending 'ID:' command to port '/dev/tty.usbserial-141A'
2016-03-14 23:55:36,106 : DEBUG : FAST : Sending 'ID:' command to port '/dev/tty.usbserial-141A'
2016-03-14 23:55:37,107 : DEBUG : FAST : Sending 'ID:' command to port '/dev/tty.usbserial-141A'
2016-03-14 23:55:38,108 : DEBUG : FAST : Sending 'ID:' command to port '/dev/tty.usbserial-141A'
2016-03-14 23:55:39,109 : DEBUG : FAST : Sending 'ID:' command to port '/dev/tty.usbserial-141A'
2016-03-14 23:55:40,110 : DEBUG : FAST : Sending 'ID:' command to port '/dev/tty.usbserial-141A'
