2016-06-17 19:38:44,532 : INFO : kivy : Factory: 179 symbols loaded
2016-06-17 19:38:44,619 : INFO : kivy : Image: Providers: img_tex, img_imageio, img_dds, img_gif, img_sdl2 (img_pil, img_ffpyplayer ignored)
2016-06-17 19:38:44,745 : INFO : kivy : VideoGstplayer: Using Gstreamer 1.4.5.0
2016-06-17 19:38:44,745 : INFO : kivy : Video: Provider: gstplayer
2016-06-17 19:38:44,757 : INFO : kivy : Loading MPF-MC controller
2016-06-17 19:38:44,758 : INFO : mpfmc : Mission Pinball Framework Media Controller v0.30.0.dev496
2016-06-17 19:38:44,758 : INFO : mpfmc : Machine path: /Users/gabe/Dropbox/Pinball/Gabe/bnd
2016-06-17 19:38:44,758 : INFO : mpfmc : Starting clock at 60.0Hz
2016-06-17 19:38:44,763 : INFO : kivy : Text: Provider: sdl2
2016-06-17 19:38:44,981 : INFO : kivy : OSC: using <multiprocessing> for socket
2016-06-17 19:38:44,983 : INFO : kivy : Window: Provider: sdl2
2016-06-17 19:38:45,086 : INFO : kivy : GL: OpenGL version <b'2.1 INTEL-10.8.77'>
2016-06-17 19:38:45,086 : INFO : kivy : GL: OpenGL vendor <b'Intel Inc.'>
2016-06-17 19:38:45,086 : INFO : kivy : GL: OpenGL renderer <b'Intel(R) Iris(TM) Graphics 6100'>
2016-06-17 19:38:45,087 : INFO : kivy : GL: OpenGL parsed version: 2, 1
2016-06-17 19:38:45,087 : INFO : kivy : GL: Shading version <b'1.20'>
2016-06-17 19:38:45,087 : INFO : kivy : GL: Texture max size <16384>
2016-06-17 19:38:45,087 : INFO : kivy : GL: Texture max units <16>
2016-06-17 19:38:45,100 : INFO : kivy : Window: auto add sdl2 input provider
2016-06-17 19:38:45,100 : INFO : kivy : Window: virtual keyboard not allowed, single mode, not docked
2016-06-17 19:38:45,102 : INFO : SoundSystem : SoundSystem: Using default 'sound_system' settings
2016-06-17 19:38:45,125 : INFO : AudioInterface : Initialized 0.30.0-dev16
2016-06-17 19:38:45,129 : INFO : kivy : Base: Start application main loop
2016-06-17 19:38:45,229 : INFO : kivy : GL: NPOT texture support is available
2016-06-17 19:38:45,238 : INFO : BCP : Starting up on localhost port 5050
2016-06-17 19:38:45,239 : INFO : BCP : Waiting for a connection...
2016-06-17 19:38:48,261 : INFO : kivy : Base: Leaving application in progress...
2016-06-17 19:38:48,262 : INFO : mpfmc : Stopping...
2016-06-17 19:38:48,262 : INFO : mpfmc : Loop rate 69.85Hz
2016-06-17 19:38:48,262 : INFO : kivy : MC run loop ended.
2016-06-17 19:38:48,262 : INFO : kivy : Stopping child threads... (3 remaining)
2016-06-17 19:38:49,261 : INFO : BCP : Stopping BCP sending thread
2016-06-17 19:38:49,262 : INFO : BCP : Stopping BCP listener thread
2016-06-17 19:38:49,271 : INFO : kivy : All child threads stopped.
