2016-06-17 19:40:36,280 : INFO : kivy : Factory: 179 symbols loaded
2016-06-17 19:40:36,366 : INFO : kivy : Image: Providers: img_tex, img_imageio, img_dds, img_gif, img_sdl2 (img_pil, img_ffpyplayer ignored)
2016-06-17 19:40:36,494 : INFO : kivy : VideoGstplayer: Using Gstreamer 1.4.5.0
2016-06-17 19:40:36,495 : INFO : kivy : Video: Provider: gstplayer
2016-06-17 19:40:36,507 : INFO : kivy : Loading MPF-MC controller
2016-06-17 19:40:36,507 : INFO : mpfmc : Mission Pinball Framework Media Controller v0.30.0.dev496
2016-06-17 19:40:36,508 : INFO : mpfmc : Machine path: /Users/gabe/Dropbox/Pinball/Gabe/bnd
2016-06-17 19:40:36,508 : INFO : mpfmc : Starting clock at 60.0Hz
2016-06-17 19:40:36,513 : INFO : kivy : Text: Provider: sdl2
2016-06-17 19:40:36,731 : INFO : kivy : OSC: using <multiprocessing> for socket
2016-06-17 19:40:36,733 : INFO : kivy : Window: Provider: sdl2
2016-06-17 19:40:36,835 : INFO : kivy : GL: OpenGL version <b'2.1 INTEL-10.8.77'>
2016-06-17 19:40:36,835 : INFO : kivy : GL: OpenGL vendor <b'Intel Inc.'>
2016-06-17 19:40:36,835 : INFO : kivy : GL: OpenGL renderer <b'Intel(R) Iris(TM) Graphics 6100'>
2016-06-17 19:40:36,836 : INFO : kivy : GL: OpenGL parsed version: 2, 1
2016-06-17 19:40:36,836 : INFO : kivy : GL: Shading version <b'1.20'>
2016-06-17 19:40:36,836 : INFO : kivy : GL: Texture max size <16384>
2016-06-17 19:40:36,836 : INFO : kivy : GL: Texture max units <16>
2016-06-17 19:40:36,849 : INFO : kivy : Window: auto add sdl2 input provider
2016-06-17 19:40:36,850 : INFO : kivy : Window: virtual keyboard not allowed, single mode, not docked
2016-06-17 19:40:36,851 : INFO : SoundSystem : SoundSystem: Using default 'sound_system' settings
2016-06-17 19:40:36,872 : INFO : AudioInterface : Initialized 0.30.0-dev16
2016-06-17 19:40:36,874 : INFO : kivy : Base: Start application main loop
2016-06-17 19:40:36,976 : INFO : kivy : GL: NPOT texture support is available
2016-06-17 19:40:36,986 : INFO : BCP : Starting up on localhost port 5050
2016-06-17 19:40:36,987 : INFO : BCP : Waiting for a connection...
2016-06-17 19:40:39,698 : INFO : BCP : Received connection from: 127.0.0.1:49973
2016-06-17 19:40:44,618 : INFO : BCP : Waiting for a connection...
2016-06-17 19:40:48,031 : INFO : kivy : Base: Leaving application in progress...
2016-06-17 19:40:48,031 : INFO : mpfmc : Stopping...
2016-06-17 19:40:48,031 : INFO : mpfmc : Loop rate 73.04Hz
2016-06-17 19:40:48,031 : INFO : kivy : MC run loop ended.
2016-06-17 19:40:48,032 : INFO : kivy : Stopping child threads... (3 remaining)
2016-06-17 19:40:48,636 : INFO : BCP : Stopping BCP listener thread
2016-06-17 19:40:48,759 : INFO : BCP : Stopping BCP sending thread
2016-06-17 19:40:48,939 : INFO : kivy : All child threads stopped.
