2016-03-26 20:12:30,363 : INFO : Machine : Mission Pinball Framework v0.30.0.dev801
2016-03-26 20:12:30,364 : INFO : Machine : Loading config from original files
2016-03-26 20:12:30,447 : INFO : Machine : Machine config file #1: /Users/gabe/Dropbox/Pinball/Gabe/bnd/config/config
2016-03-26 20:12:30,582 : INFO : Machine : Config file cache created: /Users/gabe/Dropbox/Pinball/Gabe/bnd/__mpfcache__/config_config.p
2016-03-26 20:12:30,587 : INFO : FAST : Configuring FAST hardware.
2016-03-26 20:12:30,587 : INFO : Machine : Loading core modules...
2016-03-26 20:12:30,774 : INFO : FAST : Configuring FAST Controller for FAST IO boards.
2016-03-26 20:12:30,775 : INFO : FAST : Connecting to /dev/tty.usbserial-141C at 921600bps
2016-03-26 20:12:32,292 : INFO : FAST : Received ID acknowledgement. Processor: RGB, Board: FP-CPU-002-2, Firmware: 01.00
2016-03-26 20:12:32,293 : INFO : FAST : Connecting to /dev/tty.usbserial-141B at 921600bps
2016-03-26 20:12:33,810 : INFO : FAST : Received ID acknowledgement. Processor: NET, Board: FP-CPU-002-2, Firmware: 01.00
2016-03-26 20:12:33,827 : INFO : FAST : Fast IO Board 00: Model: FP-I/O-3208-2, Firmware: 01.00, Switches: 32, Drivers: 8
2016-03-26 20:12:33,842 : INFO : FAST : Fast IO Board 01: Model: FP-I/O-3208-2, Firmware: 01.00, Switches: 32, Drivers: 8
2016-03-26 20:12:33,858 : INFO : FAST : Fast IO Board 02: Model: FP-I/O-1616-2, Firmware: 01.00, Switches: 16, Drivers: 16
2016-03-26 20:12:33,945 : INFO : DeviceManager : Loading devices...
2016-03-26 20:12:34,011 : INFO : FAST : Received SA: 01,00,0B,00000400002D00001F0900
2016-03-26 20:12:34,012 : INFO : FAST : Received SA: 01,00,0B,00000400002D00001F0900
2016-03-26 20:12:34,024 : WARNING : BCPClientSocket.local_display : Failed to connect to remote BCP host localhost:5050. Error: [Errno 61] Connection refused
2016-03-26 20:12:34,026 : WARNING : BCPClientSocket.local_display : Failed to connect to remote BCP host localhost:5050. Error: [Errno 61] Connection refused
2016-03-26 20:12:34,027 : WARNING : BCPClientSocket.local_display : Failed to connect to remote BCP host localhost:5050. Error: [Errno 61] Connection refused
2016-03-26 20:12:34,028 : INFO : Machine : Loading plugins...
2016-03-26 20:12:34,045 : WARNING : BCPClientSocket.local_display : Failed to connect to remote BCP host localhost:5050. Error: [Errno 61] Connection refused
2016-03-26 20:12:34,046 : INFO : SwitchController : Dumping current active switches
2016-03-26 20:12:34,046 : INFO : SwitchController : Active Switch|s_droptarget3
2016-03-26 20:12:34,046 : INFO : SwitchController : Active Switch|s_droptarget4
2016-03-26 20:12:34,046 : INFO : SwitchController : Active Switch|s_droptarget1
2016-03-26 20:12:34,046 : INFO : SwitchController : Active Switch|s_droptarget5
2016-03-26 20:12:34,046 : INFO : SwitchController : Active Switch|s_topkicker
2016-03-26 20:12:34,047 : INFO : SwitchController : Active Switch|s_droptarget2
2016-03-26 20:12:34,047 : INFO : SwitchController : Active Switch|s_troughenter
2016-03-26 20:12:34,047 : INFO : Mode.attract : Mode Starting. Priority: 10
2016-03-26 20:12:34,048 : INFO : Mode Controller : +=========== ACTIVE MODES ============+
2016-03-26 20:12:34,048 : INFO : Mode Controller : | attract : 10                        |
2016-03-26 20:12:34,049 : INFO : Mode Controller : +-------------------------------------+
2016-03-26 20:12:34,141 : INFO : SwitchController : <<<<< switch: s_topkicker, State:0 >>>>>
2016-03-26 20:12:35,445 : INFO : SwitchController : <<<<< switch: s_leftlane, State:1 >>>>>
2016-03-26 20:12:35,488 : INFO : SwitchController : <<<<< switch: s_leftlane, State:0 >>>>>
2016-03-26 20:12:35,895 : INFO : SwitchController : <<<<< switch: s_rightpop, State:1 >>>>>
2016-03-26 20:12:35,979 : INFO : SwitchController : <<<<< switch: s_rightpop, State:0 >>>>>
2016-03-26 20:12:37,767 : INFO : SwitchController : <<<<< switch: s_topkicker, State:1 >>>>>
2016-03-26 20:12:44,028 : INFO : SwitchController : <<<<< switch: s_topkicker, State:0 >>>>>
2016-03-26 20:12:45,440 : INFO : SwitchController : <<<<< switch: s_leftlane, State:1 >>>>>
2016-03-26 20:12:45,467 : INFO : SwitchController : <<<<< switch: s_leftlane, State:0 >>>>>
2016-03-26 20:12:48,136 : INFO : SwitchController : <<<<< switch: s_topkicker, State:1 >>>>>
2016-03-26 20:12:48,179 : INFO : SwitchController : <<<<< switch: s_topkicker, State:0 >>>>>
2016-03-26 20:12:48,236 : INFO : SwitchController : <<<<< switch: s_topkicker, State:1 >>>>>
2016-03-26 20:12:54,047 : INFO : SwitchController : <<<<< switch: s_topkicker, State:0 >>>>>
2016-03-26 20:12:54,386 : INFO : SwitchController : <<<<< switch: s_topkicker, State:1 >>>>>
2016-03-26 20:13:04,064 : INFO : SwitchController : <<<<< switch: s_topkicker, State:0 >>>>>
2016-03-26 20:13:04,767 : INFO : Machine : Actual MPF loop rate: 70.29 Hz
2016-03-26 20:13:04,767 : INFO : root : MPF run loop ended.
