2016-05-13 23:43:42,514 : INFO : Machine : Mission Pinball Framework Core Engine v0.30.0.dev1482
2016-05-13 23:43:42,514 : DEBUG : Machine : Command line arguments: {'pause': False, 'consoleloglevel': True, 'logfile': 'logs/2016-05-13-23-43-42-mpf-Gabriels-MacBook-Pro.local.log', 'no_load_cache': False, 'create_config_cache': True, 'force_platform': None, 'loglevel': 10, 'bcp': True, 'configfile': ['config'], 'mpfconfigfile': '/Applications/MPF.app/Contents/Frameworks/python/3.5.0/lib/python3.5/site-packages/mpf/mpfconfig.yaml'}
2016-05-13 23:43:42,514 : DEBUG : Machine : MPF path: /Applications/MPF.app/Contents/Frameworks/python/3.5.0/lib/python3.5/site-packages/mpf
2016-05-13 23:43:42,514 : INFO : Machine : Machine path: /Users/gabe/Dropbox/Pinball/Gabe/bnd
2016-05-13 23:43:42,515 : DEBUG : Machine : Command line arguments: {'pause': False, 'consoleloglevel': True, 'logfile': 'logs/2016-05-13-23-43-42-mpf-Gabriels-MacBook-Pro.local.log', 'no_load_cache': False, 'create_config_cache': True, 'force_platform': None, 'loglevel': 10, 'bcp': True, 'configfile': ['config'], 'mpfconfigfile': '/Applications/MPF.app/Contents/Frameworks/python/3.5.0/lib/python3.5/site-packages/mpf/mpfconfig.yaml'}
2016-05-13 23:43:42,515 : DEBUG : Machine : Python version: 3.5.0
2016-05-13 23:43:42,515 : DEBUG : Machine : Platform: darwin
2016-05-13 23:43:42,515 : DEBUG : Machine : Python executable location: /Applications/MPF.app/Contents/Resources/python
2016-05-13 23:43:42,515 : DEBUG : Machine : 32-bit Python? False
2016-05-13 23:43:42,515 : DEBUG : Machine : Machine path: /Users/gabe/Dropbox/Pinball/Gabe/bnd
2016-05-13 23:43:42,866 : INFO : Machine : Loading cached config: /var/folders/c1/z5pg47y54_s14cd2m1zmk1kc0000gn/T/db0cb78b77a969ed262a283d7c7743faconfig
2016-05-13 23:43:42,867 : DEBUG : Clock : Starting clock (maximum frames per second=30.0)
2016-05-13 23:43:42,867 : INFO : Machine : Starting clock at 30.0Hz
2016-05-13 23:43:42,867 : DEBUG : Clock : Scheduled a recurring clock callback (callback=<bound method MachineController._check_crash_queue of <mpf.core.machine.MachineController object at 0x10f859e48>>, timeout=1, priority=1)
2016-05-13 23:43:42,876 : INFO : FAST : Configuring FAST hardware.
2016-05-13 23:43:42,877 : DEBUG : Pololu Maestro : Configuring template hardware interface.
2016-05-13 23:43:42,877 : DEBUG : Machine : Setting default platform to 'fast'
2016-05-13 23:43:42,877 : INFO : Machine : Loading core modules...
2016-05-13 23:43:42,877 : DEBUG : Machine : Loading 'mpf.core.events.EventManager' core module
2016-05-13 23:43:42,878 : DEBUG : Machine : Loading 'mpf.core.mode_controller.ModeController' core module
2016-05-13 23:43:42,880 : DEBUG : Events : Registered ModeController._load_modes as a handler for 'init_phase_2', priority: 1, kwargs: {}
2016-05-13 23:43:42,880 : DEBUG : Events : Registered ModeController._ball_ending as a handler for 'ball_ending', priority: 0, kwargs: {}
2016-05-13 23:43:42,880 : DEBUG : Events : Registered ModeController._ball_starting as a handler for 'ball_starting', priority: 0, kwargs: {}
2016-05-13 23:43:42,880 : DEBUG : Events : Registered ModeController._player_added as a handler for 'player_add_success', priority: 0, kwargs: {}
2016-05-13 23:43:42,880 : DEBUG : Events : Registered ModeController._player_turn_start as a handler for 'player_turn_start', priority: 1000000, kwargs: {}
2016-05-13 23:43:42,881 : DEBUG : Events : Registered ModeController._player_turn_stop as a handler for 'player_turn_stop', priority: 1000000, kwargs: {}
2016-05-13 23:43:42,881 : DEBUG : Machine : Loading 'mpf.core.config_processor.ConfigProcessor' core module
2016-05-13 23:43:42,881 : DEBUG : Machine : Loading 'mpf.core.shot_profile_manager.ShotProfileManager' core module
2016-05-13 23:43:42,881 : DEBUG : ShotProfileManager : Registering Shot Profile: 'default'
2016-05-13 23:43:42,882 : DEBUG : ShotProfileManager : Processed 'default' profile configuration: {'player_variable': '%_default', 'rotation_pattern': deque(['right']), 'state_names_to_not_rotate': [], 'show': None, 'show_when_disabled': False, 'state_names_to_rotate': [], 'loop': False, 'block': True, 'advance_on_hit': True, 'hold': None, 'states': [{'show_tokens': {}, 'speed': 1.0, 'priority': 0, 'start_step': 1, 'hold': True, 'reset': True, 'loops': -1, 'action': 'play', 'show': 'off', 'sync_ms': 0, 'name': 'unlit', 'key': None, 'manual_advance': False}, {'show_tokens': {}, 'speed': 1.0, 'priority': 0, 'start_step': 1, 'hold': True, 'reset': True, 'loops': -1, 'action': 'play', 'show': 'on', 'sync_ms': 0, 'name': 'lit', 'key': None, 'manual_advance': False}]}
2016-05-13 23:43:42,882 : DEBUG : Mode Controller : Registering <bound method ShotProfileManager.mode_start_for_shots of <mpf.core.shot_profile_manager.ShotProfileManager object at 0x10f904be0>> as a mode start method. Config section: shots, priority: 0, kwargs: {}
2016-05-13 23:43:42,882 : DEBUG : Mode Controller : Registering <bound method ShotProfileManager.mode_start_for_shot_groups of <mpf.core.shot_profile_manager.ShotProfileManager object at 0x10f904be0>> as a mode start method. Config section: shot_groups, priority: 0, kwargs: {}
2016-05-13 23:43:42,882 : DEBUG : Events : Registered ShotProfileManager._player_turn_start as a handler for 'player_turn_start', priority: 1000000, kwargs: {}
2016-05-13 23:43:42,883 : DEBUG : Events : Registered ShotProfileManager._player_turn_stop as a handler for 'player_turn_stop', priority: 0, kwargs: {}
2016-05-13 23:43:42,883 : DEBUG : Machine : Loading 'mpf.core.device_manager.DeviceManager' core module
2016-05-13 23:43:42,883 : DEBUG : Events : Registered DeviceManager._load_device_modules as a handler for 'init_phase_1', priority: 1, kwargs: {}
2016-05-13 23:43:42,883 : DEBUG : Events : Registered DeviceManager.create_machinewide_device_control_events as a handler for 'init_phase_2', priority: 1, kwargs: {}
2016-05-13 23:43:42,883 : DEBUG : Events : Registered DeviceManager.create_collection_control_events as a handler for 'init_phase_2', priority: 1, kwargs: {}
2016-05-13 23:43:42,883 : DEBUG : Machine : Loading 'mpf.core.switch_controller.SwitchController' core module
2016-05-13 23:43:42,884 : DEBUG : Clock : Scheduled a recurring clock callback (callback=<bound method SwitchController._tick of <mpf.core.switch_controller.SwitchController object at 0x10f90b898>>, timeout=0, priority=1000)
2016-05-13 23:43:42,884 : DEBUG : Events : Registered SwitchController._initialize_switches as a handler for 'init_phase_2', priority: 1000, kwargs: {}
2016-05-13 23:43:42,884 : DEBUG : Events : Registered SwitchController.log_active_switches as a handler for 'machine_reset_phase_3', priority: 1, kwargs: {}
2016-05-13 23:43:42,884 : DEBUG : Machine : Loading 'mpf.core.ball_controller.BallController' core module
2016-05-13 23:43:42,885 : DEBUG : BallController : Loading the BallController
2016-05-13 23:43:42,885 : DEBUG : Events : Registered BallController.request_to_start_game as a handler for 'request_to_start_game', priority: 1, kwargs: {}
2016-05-13 23:43:42,885 : DEBUG : Events : Registered BallController._initialize as a handler for 'machine_reset_phase_2', priority: 1, kwargs: {}
2016-05-13 23:43:42,885 : DEBUG : Events : Registered BallController._init2 as a handler for 'init_phase_2', priority: 1, kwargs: {}
2016-05-13 23:43:42,886 : DEBUG : Machine : Loading 'mpf.core.assets.AssetManager' core module
2016-05-13 23:43:42,886 : DEBUG : AssetManager : Initializing...
2016-05-13 23:43:42,887 : DEBUG : Mode Controller : Registering <bound method AssetManager._load_mode_assets of <mpf.core.assets.AssetManager object at 0x10f90e2e8>> as a mode start method. Config section: None, priority: 0, kwargs: {}
2016-05-13 23:43:42,887 : DEBUG : Events : Registered AssetManager._create_assets as a handler for 'init_phase_3', priority: 1, kwargs: {}
2016-05-13 23:43:42,887 : DEBUG : Events : Registered AssetManager._bcp_client_asset_load as a handler for 'assets_to_load', priority: 1, kwargs: {}
2016-05-13 23:43:42,887 : DEBUG : Machine : Loading 'mpf.core.show_controller.ShowController' core module
2016-05-13 23:43:42,889 : DEBUG : Clock : Scheduled a recurring clock callback (callback=<bound method ShowController._tick of <mpf.core.show_controller.ShowController object at 0x10f911f28>>, timeout=0, priority=1)
2016-05-13 23:43:42,889 : DEBUG : Events : Registered ShowController._initialize as a handler for 'init_phase_3', priority: 1, kwargs: {}
2016-05-13 23:43:42,890 : DEBUG : Machine : Loading 'mpf.core.bcp.BCP' core module
2016-05-13 23:43:42,890 : DEBUG : Events : Registered BCP.bcp_trigger as a handler for 'ball_started', priority: 1, kwargs: {'name': 'ball_started'}
2016-05-13 23:43:42,890 : DEBUG : Events : Registered BCP.bcp_trigger as a handler for 'ball_ended', priority: 1, kwargs: {'name': 'ball_ended'}
2016-05-13 23:43:42,890 : DEBUG : Events : Registered BCP.bcp_trigger as a handler for 'player_add_success', priority: 1, kwargs: {'name': 'player_add_success'}
2016-05-13 23:43:42,890 : DEBUG : Events : Registered BCP._bcp_event_callback as a handler for 'ball_started', priority: 1, kwargs: {'command': 'ball_start', 'params': {'ball': '%ball', 'player_num': '%player'}}
2016-05-13 23:43:42,891 : DEBUG : Events : Registered BCP._bcp_event_callback as a handler for 'clear', priority: 1, kwargs: {'command': 'trigger', 'params': {'name': 'clear', 'key': '%key'}}
2016-05-13 23:43:42,891 : DEBUG : Events : Registered BCP._bcp_event_callback as a handler for 'player_turn_start', priority: 1, kwargs: {'command': 'player_turn_start', 'params': {'player_num': '%number'}}
2016-05-13 23:43:42,891 : DEBUG : Events : Registered BCP._bcp_event_callback as a handler for 'ball_ending', priority: 1, kwargs: {'command': 'ball_end'}
2016-05-13 23:43:42,891 : DEBUG : Events : Registered BCP.bcp_trigger as a handler for 'player_score', priority: 1, kwargs: {'name': 'player_score'}
2016-05-13 23:43:42,891 : DEBUG : Events : Registered BCP._setup_dmds as a handler for 'init_phase_1', priority: 1, kwargs: {}
2016-05-13 23:43:42,891 : DEBUG : Events : Registered BCP._setup_bcp_connections as a handler for 'init_phase_2', priority: 1, kwargs: {}
2016-05-13 23:43:42,891 : DEBUG : Clock : Scheduled a recurring clock callback (callback=<bound method BCP.get_bcp_messages of <BCP Module>>, timeout=0, priority=1)
2016-05-13 23:43:42,892 : DEBUG : Events : Registered BCP.bcp_player_added as a handler for 'player_add_success', priority: 1, kwargs: {}
2016-05-13 23:43:42,892 : DEBUG : Events : Registered BCP.bcp_reset as a handler for 'machine_reset_phase_1', priority: 1, kwargs: {}
2016-05-13 23:43:42,892 : DEBUG : Events : Registered BCP.increase_volume as a handler for 'increase_volume', priority: 1, kwargs: {}
2016-05-13 23:43:42,892 : DEBUG : Events : Registered BCP.decrease_volume as a handler for 'decrease_volume', priority: 1, kwargs: {}
2016-05-13 23:43:42,892 : DEBUG : Events : Registered BCP.enable_volume_keys as a handler for 'enable_volume_keys', priority: 1, kwargs: {}
2016-05-13 23:43:42,892 : DEBUG : Events : Registered BCP.disable_volume_keys as a handler for 'disable_volume_keys', priority: 1, kwargs: {}
2016-05-13 23:43:42,893 : DEBUG : Events : Registered BCP.get_led_coordinates as a handler for 'bcp_get_led_coordinates', priority: 1, kwargs: {}
2016-05-13 23:43:42,893 : DEBUG : Mode Controller : Registering <bound method BCP.bcp_mode_start of <BCP Module>> as a mode start method. Config section: mode, priority: 0, kwargs: {}
2016-05-13 23:43:42,893 : DEBUG : Machine : Loading 'mpf.core.logic_blocks.LogicBlocks' core module
2016-05-13 23:43:42,893 : DEBUG : Mode Controller : Registering <bound method LogicBlocks._process_config of <mpf.core.logic_blocks.LogicBlocks object at 0x10f8d9908>> as a mode start method. Config section: logic_blocks, priority: 0, kwargs: {}
2016-05-13 23:43:42,894 : DEBUG : Events : Registered LogicBlocks._create_player_logic_blocks as a handler for 'player_add_success', priority: 1, kwargs: {}
2016-05-13 23:43:42,894 : DEBUG : Events : Registered LogicBlocks.player_turn_start as a handler for 'player_turn_start', priority: 1, kwargs: {}
2016-05-13 23:43:42,894 : DEBUG : Events : Registered LogicBlocks.player_turn_stop as a handler for 'player_turn_stop', priority: 1, kwargs: {}
2016-05-13 23:43:42,894 : DEBUG : Machine : Loading 'mpf.core.scoring.ScoreController' core module
2016-05-13 23:43:42,895 : DEBUG : Score : Loading the Score Controller
2016-05-13 23:43:42,895 : DEBUG : Mode Controller : Registering <bound method ScoreController.mode_start of <mpf.core.scoring.ScoreController object at 0x10f91c630>> as a mode start method. Config section: scoring, priority: 0, kwargs: {}
2016-05-13 23:43:42,895 : INFO : FAST : Configuring FAST Controller for FAST IO boards.
2016-05-13 23:43:42,895 : INFO : FAST : Connecting to /dev/tty.usbserial-141C at 921600bps
2016-05-13 23:43:44,397 : DEBUG : FAST : Sending 'ID:' command to port '/dev/tty.usbserial-141C'
2016-05-13 23:43:44,412 : DEBUG : FAST : Sending 'ID:' command to port '/dev/tty.usbserial-141C'
2016-05-13 23:43:44,413 : INFO : FAST : Received ID acknowledgement. Processor: RGB, Board: FP-CPU-002-2, Firmware: 01.00
2016-05-13 23:43:44,413 : INFO : FAST : Connecting to /dev/tty.usbserial-141B at 921600bps
2016-05-13 23:43:45,915 : DEBUG : FAST : Sending 'ID:' command to port '/dev/tty.usbserial-141B'
2016-05-13 23:43:46,918 : DEBUG : FAST : Sending 'ID:' command to port '/dev/tty.usbserial-141B'
2016-05-13 23:43:47,923 : DEBUG : FAST : Sending 'ID:' command to port '/dev/tty.usbserial-141B'
2016-05-13 23:43:48,925 : DEBUG : FAST : Sending 'ID:' command to port '/dev/tty.usbserial-141B'
2016-05-13 23:43:49,927 : DEBUG : FAST : Sending 'ID:' command to port '/dev/tty.usbserial-141B'
2016-05-13 23:43:50,929 : DEBUG : FAST : Sending 'ID:' command to port '/dev/tty.usbserial-141B'
2016-05-13 23:43:51,931 : DEBUG : FAST : Sending 'ID:' command to port '/dev/tty.usbserial-141B'
2016-05-13 23:43:52,936 : DEBUG : FAST : Sending 'ID:' command to port '/dev/tty.usbserial-141B'
2016-05-13 23:43:53,939 : DEBUG : FAST : Sending 'ID:' command to port '/dev/tty.usbserial-141B'
2016-05-13 23:43:54,942 : DEBUG : FAST : Sending 'ID:' command to port '/dev/tty.usbserial-141B'
2016-05-13 23:43:55,945 : DEBUG : FAST : Sending 'ID:' command to port '/dev/tty.usbserial-141B'
