2016-03-25 00:19:50,852 : INFO : Machine : Mission Pinball Framework v0.30.0.dev700
2016-03-25 00:19:50,853 : INFO : Machine : Loading config from original files
2016-03-25 00:19:50,933 : INFO : Machine : Machine config file #1: /Users/gabe/Dropbox/Pinball/Gabe/bnd/config/config
2016-03-25 00:19:51,084 : INFO : Machine : Config file cache created: /Users/gabe/Dropbox/Pinball/Gabe/bnd/__mpfcache__/config_config.p
2016-03-25 00:19:51,090 : INFO : FAST : Configuring FAST hardware.
2016-03-25 00:19:51,090 : INFO : Machine : Loading core modules...
2016-03-25 00:19:51,257 : INFO : FAST : Configuring FAST Controller for FAST IO boards.
2016-03-25 00:19:51,257 : INFO : FAST : Connecting to /dev/tty.usbserial-141C at 921600bps
2016-03-25 00:19:52,774 : INFO : FAST : Received ID acknowledgement. Processor: RGB, Board: FP-CPU-002-2, Firmware: 01.00
2016-03-25 00:19:52,775 : INFO : FAST : Connecting to /dev/tty.usbserial-141B at 921600bps
2016-03-25 00:19:54,292 : INFO : FAST : Received ID acknowledgement. Processor: NET, Board: FP-CPU-002-2, Firmware: 01.00
2016-03-25 00:19:54,308 : INFO : FAST : Fast IO Board 00: Model: FP-I/O-3208-2, Firmware: 01.00, Switches: 32, Drivers: 8
2016-03-25 00:19:54,324 : INFO : FAST : Fast IO Board 01: Model: FP-I/O-3208-2, Firmware: 01.00, Switches: 32, Drivers: 8
2016-03-25 00:19:54,340 : INFO : FAST : Fast IO Board 02: Model: FP-I/O-1616-2, Firmware: 01.00, Switches: 16, Drivers: 16
2016-03-25 00:19:54,424 : INFO : DeviceManager : Loading devices...
2016-03-25 00:19:54,496 : INFO : FAST : Received SA: 01,00,0B,00002000002D0000020100
2016-03-25 00:19:54,497 : INFO : FAST : Received SA: 01,00,0B,00002000002D0000020100
2016-03-25 00:19:54,506 : INFO : Machine : Loading plugins...
2016-03-25 00:19:54,522 : INFO : SwitchController : Dumping current active switches
2016-03-25 00:19:54,522 : INFO : SwitchController : Active Switch|s_droptarget2
2016-03-25 00:19:54,522 : INFO : SwitchController : Active Switch|s_drain
2016-03-25 00:19:54,523 : INFO : Mode.attract : Mode Starting. Priority: 10
2016-03-25 00:19:54,524 : INFO : Mode Controller : +=========== ACTIVE MODES ============+
2016-03-25 00:19:54,524 : INFO : Mode Controller : | attract : 10                        |
2016-03-25 00:19:54,524 : INFO : Mode Controller : +-------------------------------------+
2016-03-25 00:19:54,642 : INFO : SwitchController : <<<<< switch: s_drain, State:0 >>>>>
2016-03-25 00:19:54,782 : INFO : SwitchController : <<<<< switch: s_troughenter, State:1 >>>>>
2016-03-25 00:19:56,988 : INFO : SwitchController : <<<<< switch: s_leftinlane, State:1 >>>>>
2016-03-25 00:19:57,645 : INFO : SwitchController : <<<<< switch: s_leftinlane, State:0 >>>>>
2016-03-25 00:19:58,160 : INFO : SwitchController : <<<<< switch: s_leftinlane, State:1 >>>>>
2016-03-25 00:19:58,711 : INFO : SwitchController : <<<<< switch: s_leftinlane, State:0 >>>>>
2016-03-25 00:19:59,284 : INFO : SwitchController : <<<<< switch: s_leftinlane, State:1 >>>>>
2016-03-25 00:19:59,840 : INFO : SwitchController : <<<<< switch: s_leftinlane, State:0 >>>>>
2016-03-25 00:20:00,150 : INFO : SwitchController : <<<<< switch: s_leftinlane, State:1 >>>>>
2016-03-25 00:20:00,713 : INFO : SwitchController : <<<<< switch: s_leftinlane, State:0 >>>>>
2016-03-25 00:20:12,445 : INFO : Machine : Actual MPF loop rate: 70.81 Hz
2016-03-25 00:20:12,445 : INFO : root : MPF run loop ended.
