2016-06-17 17:53:38,142 : INFO : kivy : Factory: 179 symbols loaded
2016-06-17 17:53:38,246 : INFO : kivy : Image: Providers: img_tex, img_imageio, img_dds, img_gif, img_sdl2 (img_pil, img_ffpyplayer ignored)
2016-06-17 17:53:38,393 : INFO : kivy : VideoGstplayer: Using Gstreamer 1.4.5.0
2016-06-17 17:53:38,393 : INFO : kivy : Video: Provider: gstplayer
2016-06-17 17:53:38,413 : INFO : kivy : Loading MPF-MC controller
2016-06-17 17:53:38,413 : INFO : mpfmc : Mission Pinball Framework Media Controller v0.30.0.dev496
2016-06-17 17:53:38,414 : INFO : mpfmc : Machine path: /Users/gabe/Dropbox/Pinball/Gabe/bnd
2016-06-17 17:53:38,414 : INFO : mpfmc : Starting clock at 60.0Hz
2016-06-17 17:53:38,423 : INFO : kivy : Text: Provider: sdl2
2016-06-17 17:53:38,644 : INFO : kivy : OSC: using <multiprocessing> for socket
2016-06-17 17:53:38,646 : INFO : kivy : Window: Provider: sdl2
2016-06-17 17:53:38,795 : INFO : kivy : GL: OpenGL version <b'2.1 INTEL-10.8.77'>
2016-06-17 17:53:38,795 : INFO : kivy : GL: OpenGL vendor <b'Intel Inc.'>
2016-06-17 17:53:38,796 : INFO : kivy : GL: OpenGL renderer <b'Intel(R) Iris(TM) Graphics 6100'>
2016-06-17 17:53:38,796 : INFO : kivy : GL: OpenGL parsed version: 2, 1
2016-06-17 17:53:38,796 : INFO : kivy : GL: Shading version <b'1.20'>
2016-06-17 17:53:38,796 : INFO : kivy : GL: Texture max size <16384>
2016-06-17 17:53:38,796 : INFO : kivy : GL: Texture max units <16>
2016-06-17 17:53:38,814 : INFO : kivy : Window: auto add sdl2 input provider
2016-06-17 17:53:38,814 : INFO : kivy : Window: virtual keyboard not allowed, single mode, not docked
2016-06-17 17:53:38,818 : INFO : SoundSystem : SoundSystem: Using default 'sound_system' settings
2016-06-17 17:53:38,847 : INFO : AudioInterface : Initialized 0.30.0-dev16
2016-06-17 17:53:38,853 : INFO : kivy : Base: Start application main loop
2016-06-17 17:53:38,993 : INFO : kivy : GL: NPOT texture support is available
2016-06-17 17:53:39,057 : INFO : BCP : Starting up on localhost port 5050
2016-06-17 17:53:39,059 : INFO : BCP : Waiting for a connection...
2016-06-17 17:53:45,627 : INFO : BCP : Received connection from: 127.0.0.1:65109
2016-06-17 17:53:45,710 : INFO : mpfmc : Stopping...
2016-06-17 17:53:45,743 : INFO : mpfmc : Loop rate 58.75Hz
2016-06-17 17:53:45,764 : INFO : kivy : Base: Leaving application in progress...
2016-06-17 17:53:45,793 : INFO : mpfmc : Stopping...
2016-06-17 17:53:45,793 : INFO : mpfmc : Loop rate 58.75Hz
2016-06-17 17:53:45,794 : INFO : kivy : MC run loop ended.
2016-06-17 17:53:45,794 : INFO : kivy : Stopping child threads... (2 remaining)
2016-06-17 17:53:46,731 : INFO : BCP : Stopping BCP sending thread
2016-06-17 17:53:46,803 : INFO : kivy : All child threads stopped.
