2016-05-13 17:31:04,539 : INFO : Machine : Mission Pinball Framework v0.30.0.dev887
2016-05-13 17:31:04,540 : INFO : Machine : Loading cached config: /Users/gabe/Dropbox/Pinball/Gabe/bnd/__mpfcache__/config_config.p
2016-05-13 17:31:04,547 : INFO : FAST : Configuring FAST hardware.
2016-05-13 17:31:04,547 : INFO : Machine : Loading core modules...
2016-05-13 17:31:04,834 : INFO : FAST : Configuring FAST Controller for FAST IO boards.
2016-05-13 17:31:04,834 : INFO : FAST : Connecting to /dev/tty.usbserial-141C at 921600bps
2016-05-13 17:31:06,352 : INFO : FAST : Received ID acknowledgement. Processor: RGB, Board: FP-CPU-002-2, Firmware: 01.00
2016-05-13 17:31:06,353 : INFO : FAST : Connecting to /dev/tty.usbserial-141B at 921600bps
2016-05-13 17:31:07,870 : INFO : FAST : Received ID acknowledgement. Processor: NET, Board: FP-CPU-002-2, Firmware: 01.00
2016-05-13 17:31:07,887 : INFO : FAST : Fast IO Board 00: Model: FP-I/O-3208-2, Firmware: 01.00, Switches: 32, Drivers: 8
2016-05-13 17:31:07,902 : INFO : FAST : Fast IO Board 01: Model: FP-I/O-3208-2, Firmware: 01.00, Switches: 32, Drivers: 8
2016-05-13 17:31:07,919 : INFO : FAST : Fast IO Board 02: Model: FP-I/O-1616-2, Firmware: 01.00, Switches: 16, Drivers: 16
2016-05-13 17:31:08,020 : INFO : DeviceManager : Loading devices...
2016-05-13 17:31:08,082 : INFO : FAST : Received SA: 01,00,09,00000000002D00001F
2016-05-13 17:31:08,082 : INFO : FAST : Received SA: 01,00,09,00000000002D00001F
2016-05-13 17:31:08,083 : WARNING : SwitchController : Received a status update from hardware switch ('4C', 1), but that switch is not in your config. Just FYI.
2016-05-13 17:31:08,083 : WARNING : SwitchController : Received a status update from hardware switch ('48', 1), but that switch is not in your config. Just FYI.
2016-05-13 17:31:08,083 : WARNING : SwitchController : Received a status update from hardware switch ('4E', 1), but that switch is not in your config. Just FYI.
2016-05-13 17:31:08,083 : WARNING : SwitchController : Received a status update from hardware switch ('49', 1), but that switch is not in your config. Just FYI.
2016-05-13 17:31:08,083 : WARNING : SwitchController : Received a status update from hardware switch ('4A', 1), but that switch is not in your config. Just FYI.
2016-05-13 17:31:08,083 : WARNING : SwitchController : Received a status update from hardware switch ('4D', 1), but that switch is not in your config. Just FYI.
2016-05-13 17:31:08,084 : WARNING : SwitchController : Received a status update from hardware switch ('4F', 1), but that switch is not in your config. Just FYI.
2016-05-13 17:31:08,084 : WARNING : SwitchController : Received a status update from hardware switch ('4B', 1), but that switch is not in your config. Just FYI.
2016-05-13 17:31:08,107 : WARNING : BCPClientSocket.local_display : Failed to connect to remote BCP host localhost:5050. Error: [Errno 61] Connection refused
2016-05-13 17:31:08,109 : WARNING : BCPClientSocket.local_display : Failed to connect to remote BCP host localhost:5050. Error: [Errno 61] Connection refused
2016-05-13 17:31:08,110 : WARNING : BCPClientSocket.local_display : Failed to connect to remote BCP host localhost:5050. Error: [Errno 61] Connection refused
2016-05-13 17:31:08,110 : INFO : Machine : Loading plugins...
2016-05-13 17:31:08,137 : WARNING : BCPClientSocket.local_display : Failed to connect to remote BCP host localhost:5050. Error: [Errno 61] Connection refused
2016-05-13 17:31:08,137 : INFO : SwitchController : Dumping current active switches
2016-05-13 17:31:08,138 : INFO : SwitchController : Active Switch|s_droptarget4
2016-05-13 17:31:08,138 : INFO : SwitchController : Active Switch|s_droptarget5
2016-05-13 17:31:08,138 : INFO : SwitchController : Active Switch|s_droptarget3
2016-05-13 17:31:08,138 : INFO : SwitchController : Active Switch|s_droptarget2
2016-05-13 17:31:08,138 : INFO : SwitchController : Active Switch|s_droptarget1
2016-05-13 17:31:08,139 : INFO : Mode.attract : Mode Starting. Priority: 10
2016-05-13 17:31:08,139 : INFO : Mode Controller : +=========== ACTIVE MODES ============+
2016-05-13 17:31:08,139 : INFO : Mode Controller : | attract : 10                        |
2016-05-13 17:31:08,140 : INFO : Mode Controller : +-------------------------------------+
2016-05-13 17:31:12,106 : INFO : SwitchController : <<<<< switch: s_rightbankbottom, State:1 >>>>>
2016-05-13 17:31:12,260 : INFO : SwitchController : <<<<< switch: s_rightbankbottom, State:0 >>>>>
2016-05-13 17:31:13,987 : INFO : SwitchController : <<<<< switch: s_rightbanktop, State:1 >>>>>
2016-05-13 17:31:14,263 : INFO : SwitchController : <<<<< switch: s_rightbanktop, State:0 >>>>>
2016-05-13 17:31:15,265 : INFO : SwitchController : <<<<< switch: s_rightbanktop, State:1 >>>>>
2016-05-13 17:31:15,490 : INFO : SwitchController : <<<<< switch: s_rightbanktop, State:0 >>>>>
2016-05-13 17:31:16,176 : INFO : SwitchController : <<<<< switch: s_rightbankbottom, State:1 >>>>>
2016-05-13 17:31:16,349 : INFO : SwitchController : <<<<< switch: s_rightbankbottom, State:0 >>>>>
2016-05-13 17:31:17,147 : INFO : SwitchController : <<<<< switch: s_rightbanktop, State:1 >>>>>
2016-05-13 17:31:17,370 : INFO : SwitchController : <<<<< switch: s_rightbanktop, State:0 >>>>>
2016-05-13 17:31:18,271 : INFO : SwitchController : <<<<< switch: s_rightbankbottom, State:1 >>>>>
2016-05-13 17:31:18,469 : INFO : SwitchController : <<<<< switch: s_rightbankbottom, State:0 >>>>>
2016-05-13 17:31:19,048 : INFO : SwitchController : <<<<< switch: s_rightbanktop, State:1 >>>>>
2016-05-13 17:31:19,260 : INFO : SwitchController : <<<<< switch: s_rightbanktop, State:0 >>>>>
2016-05-13 17:31:22,323 : INFO : Machine : Actual MPF loop rate: 69.75 Hz
2016-05-13 17:31:22,323 : INFO : root : MPF run loop ended.
