2016-04-01 00:06:27,882 : INFO : Machine : Mission Pinball Framework v0.30.0.dev801
2016-04-01 00:06:27,882 : DEBUG : Machine : Command line arguments: {'bcp': True, 'configfile': ['config'], 'mpfconfigfile': '/Users/gabe/pinball/mpf30/mpf/mpfconfig.yaml', 'logfile': 'logs/2016-04-01-00-06-27-mpf-Gabriels-MacBook-Pro.local.log', 'force_platform': None, 'loglevel': 10, 'create_config_cache': True, 'no_load_cache': False, 'consoleloglevel': True, 'pause': True}
2016-04-01 00:06:27,882 : DEBUG : Machine : Python version: 3.5.0
2016-04-01 00:06:27,882 : DEBUG : Machine : Platform: darwin
2016-04-01 00:06:27,883 : DEBUG : Machine : Python executable location: /Applications/Kivy.app/Contents/Resources/python
2016-04-01 00:06:27,883 : DEBUG : Machine : 32-bit Python? False
2016-04-01 00:06:27,884 : DEBUG : Clock : Starting clock (maximum frames per second=60.0)
2016-04-01 00:06:27,884 : DEBUG : Clock : Scheduled a recurring clock callback (callback=<bound method MachineController._check_crash_queue of <mpf.core.machine.MachineController object at 0x10942b668>>, timeout=1, priority=1)
2016-04-01 00:06:27,884 : DEBUG : Machine : Machine path: /Users/gabe/Dropbox/Pinball/Gabe/bnd
2016-04-01 00:06:27,885 : INFO : Machine : Loading config from original files
2016-04-01 00:06:27,885 : DEBUG : YAML File Interface : Loading file: /Users/gabe/pinball/mpf30/mpf/mpfconfig.yaml
2016-04-01 00:06:28,021 : INFO : Machine : Machine config file #1: /Users/gabe/Dropbox/Pinball/Gabe/bnd/config/config
2016-04-01 00:06:28,022 : DEBUG : YAML File Interface : Loading file: /Users/gabe/Dropbox/Pinball/Gabe/bnd/config/config.yaml
2016-04-01 00:06:28,216 : INFO : Machine : Config file cache created: /Users/gabe/Dropbox/Pinball/Gabe/bnd/__mpfcache__/config_config.p
2016-04-01 00:06:28,248 : INFO : FAST : Configuring FAST hardware.
2016-04-01 00:06:28,249 : DEBUG : Machine : Setting default platform to 'fast'
2016-04-01 00:06:28,249 : INFO : Machine : Loading core modules...
2016-04-01 00:06:28,249 : DEBUG : Machine : Loading 'mpf.core.events.EventManager' core module
2016-04-01 00:06:28,253 : DEBUG : Machine : Loading 'mpf.core.mode_controller.ModeController' core module
2016-04-01 00:06:28,257 : DEBUG : Events : Registered ModeController._load_modes as a handler for 'init_phase_2', priority: 1, kwargs: {}
2016-04-01 00:06:28,258 : DEBUG : Events : Registered ModeController._ball_ending as a handler for 'ball_ending', priority: 0, kwargs: {}
2016-04-01 00:06:28,259 : DEBUG : Events : Registered ModeController._ball_starting as a handler for 'ball_starting', priority: 0, kwargs: {}
2016-04-01 00:06:28,259 : DEBUG : Events : Registered ModeController._player_added as a handler for 'player_add_success', priority: 0, kwargs: {}
2016-04-01 00:06:28,259 : DEBUG : Events : Registered ModeController._player_turn_start as a handler for 'player_turn_start', priority: 1000000, kwargs: {}
2016-04-01 00:06:28,260 : DEBUG : Events : Registered ModeController._player_turn_stop as a handler for 'player_turn_stop', priority: 1000000, kwargs: {}
2016-04-01 00:06:28,260 : DEBUG : Machine : Loading 'mpf.core.config_processor.ConfigProcessor' core module
2016-04-01 00:06:28,261 : DEBUG : Machine : Loading 'mpf.core.shot_profile_manager.ShotProfileManager' core module
2016-04-01 00:06:28,262 : DEBUG : ShotProfileManager : Registering Shot Profile: 'default'
2016-04-01 00:06:28,510 : DEBUG : ShotProfileManager : Processed 'default' profile configuration: {'player_variable': '%_default', 'loop': False, 'state_names_to_not_rotate': [], 'state_names_to_rotate': [], 'block': True, 'rotation_pattern': deque(['right']), 'show': None, 'show_when_disabled': True, 'advance_on_hit': True, 'states': [{'name': 'unlit', 'reset': False, 'repeat': True, 'speed': 1.0, 'show': None, 'blend': False, 'script': 'off', 'hold': True, 'sync_ms': 0}, {'name': 'lit', 'reset': False, 'repeat': True, 'speed': 1.0, 'show': None, 'blend': False, 'script': 'on', 'hold': True, 'sync_ms': 0}]}
2016-04-01 00:06:28,510 : DEBUG : Mode Controller : Registering <bound method ShotProfileManager.mode_start_for_shots of <mpf.core.shot_profile_manager.ShotProfileManager object at 0x10947e4e0>> as a mode start method. Config section: shots, priority: 0, kwargs: {}
2016-04-01 00:06:28,510 : DEBUG : Mode Controller : Registering <bound method ShotProfileManager.mode_start_for_shot_groups of <mpf.core.shot_profile_manager.ShotProfileManager object at 0x10947e4e0>> as a mode start method. Config section: shot_groups, priority: 0, kwargs: {}
2016-04-01 00:06:28,511 : DEBUG : Events : Registered ShotProfileManager._player_turn_start as a handler for 'player_turn_start', priority: 1000000, kwargs: {}
2016-04-01 00:06:28,511 : DEBUG : Events : Registered ShotProfileManager._player_turn_stop as a handler for 'player_turn_stop', priority: 0, kwargs: {}
2016-04-01 00:06:28,511 : DEBUG : Machine : Loading 'mpf.core.device_manager.DeviceManager' core module
2016-04-01 00:06:28,512 : DEBUG : Events : Registered DeviceManager._load_device_modules as a handler for 'init_phase_1', priority: 1, kwargs: {}
2016-04-01 00:06:28,512 : DEBUG : Events : Registered DeviceManager.create_machinewide_device_control_events as a handler for 'init_phase_2', priority: 1, kwargs: {}
2016-04-01 00:06:28,513 : DEBUG : Events : Registered DeviceManager.create_collection_control_events as a handler for 'init_phase_2', priority: 1, kwargs: {}
2016-04-01 00:06:28,513 : DEBUG : Machine : Loading 'mpf.core.switch_controller.SwitchController' core module
2016-04-01 00:06:28,514 : DEBUG : Clock : Scheduled a recurring clock callback (callback=<bound method SwitchController._tick of <mpf.core.switch_controller.SwitchController object at 0x10948e5c0>>, timeout=0, priority=1000)
2016-04-01 00:06:28,515 : DEBUG : Events : Registered SwitchController._initialize_switches as a handler for 'init_phase_2', priority: 1000, kwargs: {}
2016-04-01 00:06:28,515 : DEBUG : Events : Registered SwitchController.log_active_switches as a handler for 'machine_reset_phase_3', priority: 1, kwargs: {}
2016-04-01 00:06:28,515 : DEBUG : Machine : Loading 'mpf.core.ball_controller.BallController' core module
2016-04-01 00:06:28,516 : DEBUG : BallController : Loading the BallController
2016-04-01 00:06:28,516 : DEBUG : Events : Registered BallController.request_to_start_game as a handler for 'request_to_start_game', priority: 1, kwargs: {}
2016-04-01 00:06:28,517 : DEBUG : Events : Registered BallController._initialize as a handler for 'machine_reset_phase_2', priority: 1, kwargs: {}
2016-04-01 00:06:28,517 : DEBUG : Events : Registered BallController._init2 as a handler for 'init_phase_2', priority: 1, kwargs: {}
2016-04-01 00:06:28,517 : DEBUG : Machine : Loading 'mpf.core.assets.AssetManager' core module
2016-04-01 00:06:28,519 : DEBUG : Mode Controller : Registering <bound method AssetManager._load_mode_assets of <mpf.core.assets.AssetManager object at 0x10948eda0>> as a mode start method. Config section: None, priority: 0, kwargs: {}
2016-04-01 00:06:28,519 : DEBUG : Events : Registered AssetManager._create_assets as a handler for 'init_phase_3', priority: 1, kwargs: {}
2016-04-01 00:06:28,519 : DEBUG : Events : Registered AssetManager._bcp_client_asset_load as a handler for 'assets_to_load', priority: 1, kwargs: {}
2016-04-01 00:06:28,519 : DEBUG : Machine : Loading 'mpf.core.show_controller.ShowController' core module
2016-04-01 00:06:28,523 : DEBUG : Clock : Scheduled a recurring clock callback (callback=<bound method ShowController._tick of <mpf.core.show_controller.ShowController object at 0x1094b09b0>>, timeout=0, priority=1)
2016-04-01 00:06:28,523 : DEBUG : Events : Registered ShowController._initialize as a handler for 'init_phase_3', priority: 1, kwargs: {}
2016-04-01 00:06:28,524 : DEBUG : Machine : Loading 'mpf.core.bcp.BCP' core module
2016-04-01 00:06:28,524 : DEBUG : Events : Registered BCP.bcp_trigger as a handler for 'ball_started', priority: 1, kwargs: {'name': 'ball_started'}
2016-04-01 00:06:28,524 : DEBUG : Events : Registered BCP.bcp_trigger as a handler for 'ball_ended', priority: 1, kwargs: {'name': 'ball_ended'}
2016-04-01 00:06:28,524 : DEBUG : Events : Registered BCP.bcp_trigger as a handler for 'player_add_success', priority: 1, kwargs: {'name': 'player_add_success'}
2016-04-01 00:06:28,525 : DEBUG : Events : Registered BCP._bcp_event_callback as a handler for 'tilt_warning', priority: 1, kwargs: {'command': 'tilt_warning', 'params': {'warnings': '%warnings', 'warnings_remaining': '%warnings_remaining'}}
2016-04-01 00:06:28,525 : DEBUG : Events : Registered BCP._bcp_event_callback as a handler for 'ball_ending', priority: 1, kwargs: {'command': 'ball_end'}
2016-04-01 00:06:28,525 : DEBUG : Events : Registered BCP._bcp_event_callback as a handler for 'tilt', priority: 1, kwargs: {'command': 'tilt'}
2016-04-01 00:06:28,525 : DEBUG : Events : Registered BCP._bcp_event_callback as a handler for 'player_turn_start', priority: 1, kwargs: {'command': 'player_turn_start', 'params': {'player_num': '%number'}}
2016-04-01 00:06:28,525 : DEBUG : Events : Registered BCP._bcp_event_callback as a handler for 'slam_tilt', priority: 1, kwargs: {'command': 'slam_tilt'}
2016-04-01 00:06:28,526 : DEBUG : Events : Registered BCP._bcp_event_callback as a handler for 'ball_started', priority: 1, kwargs: {'command': 'ball_start', 'params': {'ball': '%ball', 'player_num': '%player'}}
2016-04-01 00:06:28,526 : DEBUG : Events : Registered BCP.bcp_trigger as a handler for 'player_score', priority: 1, kwargs: {'name': 'player_score'}
2016-04-01 00:06:28,526 : DEBUG : Events : Registered BCP._setup_bcp_connections as a handler for 'init_phase_2', priority: 1, kwargs: {}
2016-04-01 00:06:28,526 : DEBUG : Clock : Scheduled a recurring clock callback (callback=<bound method BCP.get_bcp_messages of <BCP Module>>, timeout=0, priority=1)
2016-04-01 00:06:28,526 : DEBUG : Events : Registered BCP.bcp_player_added as a handler for 'player_add_success', priority: 1, kwargs: {}
2016-04-01 00:06:28,526 : DEBUG : Events : Registered BCP.bcp_reset as a handler for 'machine_reset_phase_1', priority: 1, kwargs: {}
2016-04-01 00:06:28,527 : DEBUG : Events : Registered BCP.increase_volume as a handler for 'increase_volume', priority: 1, kwargs: {}
2016-04-01 00:06:28,527 : DEBUG : Events : Registered BCP.decrease_volume as a handler for 'decrease_volume', priority: 1, kwargs: {}
2016-04-01 00:06:28,527 : DEBUG : Events : Registered BCP.enable_volume_keys as a handler for 'enable_volume_keys', priority: 1, kwargs: {}
2016-04-01 00:06:28,527 : DEBUG : Events : Registered BCP.disable_volume_keys as a handler for 'disable_volume_keys', priority: 1, kwargs: {}
2016-04-01 00:06:28,527 : DEBUG : Events : Registered BCP.get_led_coordinates as a handler for 'bcp_get_led_coordinates', priority: 1, kwargs: {}
2016-04-01 00:06:28,528 : DEBUG : Mode Controller : Registering <bound method BCP.bcp_mode_start of <BCP Module>> as a mode start method. Config section: mode, priority: 0, kwargs: {}
2016-04-01 00:06:28,528 : DEBUG : Machine : Loading 'mpf.core.logic_blocks.LogicBlocks' core module
2016-04-01 00:06:28,529 : DEBUG : Mode Controller : Registering <bound method LogicBlocks._process_config of <mpf.core.logic_blocks.LogicBlocks object at 0x1094b5828>> as a mode start method. Config section: logic_blocks, priority: 0, kwargs: {}
2016-04-01 00:06:28,529 : DEBUG : Events : Registered LogicBlocks._create_player_logic_blocks as a handler for 'player_add_success', priority: 1, kwargs: {}
2016-04-01 00:06:28,529 : DEBUG : Events : Registered LogicBlocks.player_turn_start as a handler for 'player_turn_start', priority: 1, kwargs: {}
2016-04-01 00:06:28,530 : DEBUG : Events : Registered LogicBlocks.player_turn_stop as a handler for 'player_turn_stop', priority: 1, kwargs: {}
2016-04-01 00:06:28,530 : DEBUG : Machine : Loading 'mpf.core.scoring.ScoreController' core module
2016-04-01 00:06:28,531 : DEBUG : Score : Loading the Score Controller
2016-04-01 00:06:28,531 : DEBUG : Mode Controller : Registering <bound method ScoreController.mode_start of <mpf.core.scoring.ScoreController object at 0x1094b5550>> as a mode start method. Config section: scoring, priority: 0, kwargs: {}
2016-04-01 00:06:28,531 : INFO : FAST : Configuring FAST Controller for FAST IO boards.
2016-04-01 00:06:28,532 : INFO : FAST : Connecting to /dev/tty.usbserial-141C at 921600bps
2016-04-01 00:06:30,034 : DEBUG : FAST : Sending 'ID:' command to port '/dev/tty.usbserial-141C'
2016-04-01 00:06:30,050 : INFO : FAST : Received ID acknowledgement. Processor: RGB, Board: FP-CPU-002-2, Firmware: 01.00
2016-04-01 00:06:30,052 : INFO : FAST : Connecting to /dev/tty.usbserial-141B at 921600bps
2016-04-01 00:06:31,554 : DEBUG : FAST : Sending 'ID:' command to port '/dev/tty.usbserial-141B'
2016-04-01 00:06:31,570 : INFO : FAST : Received ID acknowledgement. Processor: NET, Board: FP-CPU-002-2, Firmware: 01.00
2016-04-01 00:06:31,570 : DEBUG : FAST : Querying FAST IO boards...
2016-04-01 00:06:31,586 : INFO : FAST : Fast IO Board 00: Model: FP-I/O-3208-2, Firmware: 01.00, Switches: 32, Drivers: 8
2016-04-01 00:06:31,602 : INFO : FAST : Fast IO Board 01: Model: FP-I/O-3208-2, Firmware: 01.00, Switches: 32, Drivers: 8
2016-04-01 00:06:31,618 : INFO : FAST : Fast IO Board 02: Model: FP-I/O-1616-2, Firmware: 01.00, Switches: 16, Drivers: 16
2016-04-01 00:06:31,701 : DEBUG : Events : Registered ConfigPlayer._initialize as a handler for 'init_phase_1', priority: 1, kwargs: {}
2016-04-01 00:06:31,702 : DEBUG : Events : Registered ConfigPlayer._initialize as a handler for 'init_phase_1', priority: 1, kwargs: {}
2016-04-01 00:06:31,703 : DEBUG : Events : Registered ConfigPlayer._initialize as a handler for 'init_phase_1', priority: 1, kwargs: {}
2016-04-01 00:06:31,703 : DEBUG : Events : Registered ConfigPlayer._initialize as a handler for 'init_phase_1', priority: 1, kwargs: {}
2016-04-01 00:06:31,704 : DEBUG : Events : Registered ConfigPlayer._initialize as a handler for 'init_phase_1', priority: 1, kwargs: {}
2016-04-01 00:06:31,705 : DEBUG : Events : Registered ConfigPlayer._initialize as a handler for 'init_phase_1', priority: 1, kwargs: {}
2016-04-01 00:06:31,706 : DEBUG : Events : Registered ConfigPlayer._initialize as a handler for 'init_phase_1', priority: 1, kwargs: {}
2016-04-01 00:06:31,707 : DEBUG : Events : Registered ConfigPlayer._initialize as a handler for 'init_phase_1', priority: 1, kwargs: {}
2016-04-01 00:06:31,707 : DEBUG : Events : Registered ConfigPlayer._initialize as a handler for 'init_phase_1', priority: 1, kwargs: {}
2016-04-01 00:06:31,708 : DEBUG : Events : Registered ConfigPlayer._initialize as a handler for 'init_phase_1', priority: 1, kwargs: {}
2016-04-01 00:06:31,708 : DEBUG : Machine : Registering Plugin Config Players
2016-04-01 00:06:31,708 : DEBUG : Machine : Registering slide_player = mpfmc.config_players.slide_player:register_with_mpf
2016-04-01 00:06:31,713 : DEBUG : Events : Registered PluginPlayer._initialize as a handler for 'init_phase_1', priority: 1, kwargs: {}
2016-04-01 00:06:31,713 : DEBUG : Machine : Registering sound_player = mpfmc.config_players.sound_player:register_with_mpf
2016-04-01 00:06:31,715 : DEBUG : Events : Registered PluginPlayer._initialize as a handler for 'init_phase_1', priority: 1, kwargs: {}
2016-04-01 00:06:31,716 : DEBUG : Machine : Registering widget_player = mpfmc.config_players.widget_player:register_with_mpf
2016-04-01 00:06:31,718 : DEBUG : Events : Registered PluginPlayer._initialize as a handler for 'init_phase_1', priority: 1, kwargs: {}
2016-04-01 00:06:31,718 : DEBUG : Events : Registered MachineController.power_off as a handler for 'shutdown', priority: 1, kwargs: {}
2016-04-01 00:06:31,718 : DEBUG : Events : Registered MachineController.power_off as a handler for 'sw_shutdown', priority: 1, kwargs: {}
2016-04-01 00:06:31,719 : DEBUG : Events : Registered MachineController.stop as a handler for 'quit', priority: 1, kwargs: {}
2016-04-01 00:06:31,719 : DEBUG : Events : Registered MachineController.stop as a handler for 'sw_quit', priority: 1, kwargs: {}
2016-04-01 00:06:31,719 : DEBUG : DataInterface : Loading machine_vars from /Users/gabe/Dropbox/Pinball/Gabe/bnd/data/machine_vars.yaml
2016-04-01 00:06:31,719 : DEBUG : YAML File Interface : Loading file: /Users/gabe/Dropbox/Pinball/Gabe/bnd/data/machine_vars.yaml
2016-04-01 00:06:31,721 : DEBUG : Machine : Setting machine_var 'player1_score' to: 0, (prior: 0, change: 0)
2016-04-01 00:06:31,721 : DEBUG : Events : ^^^^ Posted event 'machine_var_player1_score'. Type: None, Callback: None, Args: {'change': 0, 'value': 0, 'prev_value': 0}
2016-04-01 00:06:31,721 : DEBUG : Events : ============== EVENTS QUEUE =============
2016-04-01 00:06:31,721 : DEBUG : Events : machine_var_player1_score, None, None, {'change': 0, 'value': 0, 'prev_value': 0}
2016-04-01 00:06:31,721 : DEBUG : Events : =========================================
2016-04-01 00:06:31,722 : DEBUG : Events : ^^^^ Posted event 'init_phase_1'. Type: None, Callback: None, Args: {}
2016-04-01 00:06:31,722 : DEBUG : Events : ============== EVENTS QUEUE =============
2016-04-01 00:06:31,722 : DEBUG : Events : machine_var_player1_score, None, None, {'change': 0, 'value': 0, 'prev_value': 0}
2016-04-01 00:06:31,722 : DEBUG : Events : init_phase_1, None, None, {}
2016-04-01 00:06:31,722 : DEBUG : Events : =========================================
2016-04-01 00:06:31,722 : DEBUG : Events : ^^^^ Processing event 'machine_var_player1_score'. Type: None, Callback: None, Args: {'change': 0, 'value': 0, 'prev_value': 0}
2016-04-01 00:06:31,722 : DEBUG : Events : vvvv Finished event 'machine_var_player1_score'. Type: None. Callback: None. Args: {'change': 0, 'value': 0, 'prev_value': 0}
2016-04-01 00:06:31,723 : DEBUG : Events : ^^^^ Processing event 'init_phase_1'. Type: None, Callback: None, Args: {}
2016-04-01 00:06:31,723 : DEBUG : Events : DeviceManager._load_device_modules (priority: 1) responding to event 'init_phase_1' with args {}
2016-04-01 00:06:31,723 : INFO : DeviceManager : Loading devices...
2016-04-01 00:06:31,727 : DEBUG : Clock : Scheduled a recurring clock callback (callback=<bound method Led.update_leds of <class 'mpf.devices.led.Led'>>, timeout=0, priority=-100)
2016-04-01 00:06:31,732 : DEBUG : Events : Registered BallSearch.request_to_start_game as a handler for 'request_to_start_game', priority: 1, kwargs: {}
2016-04-01 00:06:31,746 : ERROR : ConfigProcessor : Your config contains a value for the setting "coils:c_jukeboxhold:pulse", but this is not a valid setting name.
2016-04-01 00:06:31,746 : ERROR : root : Your config contains a value for the setting "coils:c_jukeboxhold:pulse", but this is not a valid setting name.
Traceback (most recent call last):
  File "/Users/gabe/pinball/mpf30/mpf/commands/core.py", line 133, in __init__
    MachineController(mpf_path, machine_path, vars(args)).run()
  File "/Users/gabe/pinball/mpf30/mpf/core/machine.py", line 111, in __init__
    self._run_init_phases()
  File "/Users/gabe/pinball/mpf30/mpf/core/machine.py", line 127, in _run_init_phases
    self.events.process_event_queue()
  File "/Users/gabe/pinball/mpf30/mpf/core/events.py", line 477, in process_event_queue
    **event[3])
  File "/Users/gabe/pinball/mpf30/mpf/core/events.py", line 412, in _process_event
    result = handler[0](**merged_kwargs)
  File "/Users/gabe/pinball/mpf30/mpf/core/device_manager.py", line 60, in _load_device_modules
    self.load_devices_config(validate=True)
  File "/Users/gabe/pinball/mpf30/mpf/core/device_manager.py", line 106, in load_devices_config
    device_cls.config_section, config[device_name], device_name)
  File "/Users/gabe/pinball/mpf30/mpf/core/config_validator.py", line 1100, in validate_config
    validation_failure_info)
  File "/Users/gabe/pinball/mpf30/mpf/core/config_validator.py", line 1238, in check_for_invalid_sections
    'setting "' + path_string + '", but this is not a valid '
AssertionError: Your config contains a value for the setting "coils:c_jukeboxhold:pulse", but this is not a valid setting name.
