2016-03-31 12:33:18,483 : INFO : Machine : Mission Pinball Framework v0.30.0.dev801
2016-03-31 12:33:18,483 : DEBUG : Machine : Command line arguments: {'loglevel': 10, 'bcp': True, 'create_config_cache': True, 'force_platform': None, 'no_load_cache': False, 'pause': True, 'logfile': 'logs/2016-03-31-12-33-18-mpf-Gabriels-MacBook-Pro.local.log', 'configfile': ['config'], 'consoleloglevel': True, 'mpfconfigfile': '/Users/gabe/pinball/mpf30/mpf/mpfconfig.yaml'}
2016-03-31 12:33:18,483 : DEBUG : Machine : Python version: 3.5.0
2016-03-31 12:33:18,484 : DEBUG : Machine : Platform: darwin
2016-03-31 12:33:18,484 : DEBUG : Machine : Python executable location: /Applications/Kivy.app/Contents/Resources/python
2016-03-31 12:33:18,484 : DEBUG : Machine : 32-bit Python? False
2016-03-31 12:33:18,484 : DEBUG : Clock : Starting clock (maximum frames per second=60.0)
2016-03-31 12:33:18,485 : DEBUG : Clock : Scheduled a recurring clock callback (callback=<bound method MachineController._check_crash_queue of <mpf.core.machine.MachineController object at 0x10f9555c0>>, timeout=1, priority=1)
2016-03-31 12:33:18,485 : DEBUG : Machine : Machine path: /Users/gabe/Dropbox/Pinball/Gabe/bnd
2016-03-31 12:33:18,486 : INFO : Machine : Loading cached config: /Users/gabe/Dropbox/Pinball/Gabe/bnd/__mpfcache__/config_config.p
2016-03-31 12:33:18,508 : INFO : FAST : Configuring FAST hardware.
2016-03-31 12:33:18,509 : DEBUG : Machine : Setting default platform to 'fast'
2016-03-31 12:33:18,509 : INFO : Machine : Loading core modules...
2016-03-31 12:33:18,509 : DEBUG : Machine : Loading 'mpf.core.events.EventManager' core module
2016-03-31 12:33:18,510 : DEBUG : Machine : Loading 'mpf.core.mode_controller.ModeController' core module
2016-03-31 12:33:18,513 : DEBUG : Events : Registered ModeController._load_modes as a handler for 'init_phase_2', priority: 1, kwargs: {}
2016-03-31 12:33:18,513 : DEBUG : Events : Registered ModeController._ball_ending as a handler for 'ball_ending', priority: 0, kwargs: {}
2016-03-31 12:33:18,514 : DEBUG : Events : Registered ModeController._ball_starting as a handler for 'ball_starting', priority: 0, kwargs: {}
2016-03-31 12:33:18,514 : DEBUG : Events : Registered ModeController._player_added as a handler for 'player_add_success', priority: 0, kwargs: {}
2016-03-31 12:33:18,514 : DEBUG : Events : Registered ModeController._player_turn_start as a handler for 'player_turn_start', priority: 1000000, kwargs: {}
2016-03-31 12:33:18,514 : DEBUG : Events : Registered ModeController._player_turn_stop as a handler for 'player_turn_stop', priority: 1000000, kwargs: {}
2016-03-31 12:33:18,514 : DEBUG : Machine : Loading 'mpf.core.config_processor.ConfigProcessor' core module
2016-03-31 12:33:18,515 : DEBUG : Machine : Loading 'mpf.core.shot_profile_manager.ShotProfileManager' core module
2016-03-31 12:33:18,517 : DEBUG : ShotProfileManager : Registering Shot Profile: 'default'
2016-03-31 12:33:18,766 : DEBUG : ShotProfileManager : Processed 'default' profile configuration: {'states': [{'hold': True, 'reset': False, 'show': None, 'sync_ms': 0, 'repeat': True, 'blend': False, 'name': 'unlit', 'speed': 1.0, 'script': 'off'}, {'hold': True, 'reset': False, 'show': None, 'sync_ms': 0, 'repeat': True, 'blend': False, 'name': 'lit', 'speed': 1.0, 'script': 'on'}], 'block': True, 'show_when_disabled': True, 'show': None, 'player_variable': '%_default', 'rotation_pattern': deque(['right']), 'state_names_to_not_rotate': [], 'state_names_to_rotate': [], 'advance_on_hit': True, 'loop': False}
2016-03-31 12:33:18,766 : DEBUG : Mode Controller : Registering <bound method ShotProfileManager.mode_start_for_shots of <mpf.core.shot_profile_manager.ShotProfileManager object at 0x10f9cc9e8>> as a mode start method. Config section: shots, priority: 0, kwargs: {}
2016-03-31 12:33:18,766 : DEBUG : Mode Controller : Registering <bound method ShotProfileManager.mode_start_for_shot_groups of <mpf.core.shot_profile_manager.ShotProfileManager object at 0x10f9cc9e8>> as a mode start method. Config section: shot_groups, priority: 0, kwargs: {}
2016-03-31 12:33:18,766 : DEBUG : Events : Registered ShotProfileManager._player_turn_start as a handler for 'player_turn_start', priority: 1000000, kwargs: {}
2016-03-31 12:33:18,767 : DEBUG : Events : Registered ShotProfileManager._player_turn_stop as a handler for 'player_turn_stop', priority: 0, kwargs: {}
2016-03-31 12:33:18,767 : DEBUG : Machine : Loading 'mpf.core.device_manager.DeviceManager' core module
2016-03-31 12:33:18,767 : DEBUG : Events : Registered DeviceManager._load_device_modules as a handler for 'init_phase_1', priority: 1, kwargs: {}
2016-03-31 12:33:18,767 : DEBUG : Events : Registered DeviceManager.create_machinewide_device_control_events as a handler for 'init_phase_2', priority: 1, kwargs: {}
2016-03-31 12:33:18,767 : DEBUG : Events : Registered DeviceManager.create_collection_control_events as a handler for 'init_phase_2', priority: 1, kwargs: {}
2016-03-31 12:33:18,767 : DEBUG : Machine : Loading 'mpf.core.switch_controller.SwitchController' core module
2016-03-31 12:33:18,770 : DEBUG : Clock : Scheduled a recurring clock callback (callback=<bound method SwitchController._tick of <mpf.core.switch_controller.SwitchController object at 0x10fa28470>>, timeout=0, priority=1000)
2016-03-31 12:33:18,770 : DEBUG : Events : Registered SwitchController._initialize_switches as a handler for 'init_phase_2', priority: 1000, kwargs: {}
2016-03-31 12:33:18,770 : DEBUG : Events : Registered SwitchController.log_active_switches as a handler for 'machine_reset_phase_3', priority: 1, kwargs: {}
2016-03-31 12:33:18,770 : DEBUG : Machine : Loading 'mpf.core.ball_controller.BallController' core module
2016-03-31 12:33:18,771 : DEBUG : BallController : Loading the BallController
2016-03-31 12:33:18,771 : DEBUG : Events : Registered BallController.request_to_start_game as a handler for 'request_to_start_game', priority: 1, kwargs: {}
2016-03-31 12:33:18,772 : DEBUG : Events : Registered BallController._initialize as a handler for 'machine_reset_phase_2', priority: 1, kwargs: {}
2016-03-31 12:33:18,772 : DEBUG : Events : Registered BallController._init2 as a handler for 'init_phase_2', priority: 1, kwargs: {}
2016-03-31 12:33:18,772 : DEBUG : Machine : Loading 'mpf.core.assets.AssetManager' core module
2016-03-31 12:33:18,774 : DEBUG : Mode Controller : Registering <bound method AssetManager._load_mode_assets of <mpf.core.assets.AssetManager object at 0x10fa4c860>> as a mode start method. Config section: None, priority: 0, kwargs: {}
2016-03-31 12:33:18,774 : DEBUG : Events : Registered AssetManager._create_assets as a handler for 'init_phase_3', priority: 1, kwargs: {}
2016-03-31 12:33:18,774 : DEBUG : Events : Registered AssetManager._bcp_client_asset_load as a handler for 'assets_to_load', priority: 1, kwargs: {}
2016-03-31 12:33:18,774 : DEBUG : Machine : Loading 'mpf.core.show_controller.ShowController' core module
2016-03-31 12:33:18,777 : DEBUG : Clock : Scheduled a recurring clock callback (callback=<bound method ShowController._tick of <mpf.core.show_controller.ShowController object at 0x10fa84208>>, timeout=0, priority=1)
2016-03-31 12:33:18,777 : DEBUG : Events : Registered ShowController._initialize as a handler for 'init_phase_3', priority: 1, kwargs: {}
2016-03-31 12:33:18,777 : DEBUG : Machine : Loading 'mpf.core.bcp.BCP' core module
2016-03-31 12:33:18,777 : DEBUG : Events : Registered BCP.bcp_trigger as a handler for 'ball_started', priority: 1, kwargs: {'name': 'ball_started'}
2016-03-31 12:33:18,777 : DEBUG : Events : Registered BCP.bcp_trigger as a handler for 'ball_ended', priority: 1, kwargs: {'name': 'ball_ended'}
2016-03-31 12:33:18,778 : DEBUG : Events : Registered BCP.bcp_trigger as a handler for 'player_add_success', priority: 1, kwargs: {'name': 'player_add_success'}
2016-03-31 12:33:18,778 : DEBUG : Events : Registered BCP._bcp_event_callback as a handler for 'tilt_warning', priority: 1, kwargs: {'params': {'warnings': '%warnings', 'warnings_remaining': '%warnings_remaining'}, 'command': 'tilt_warning'}
2016-03-31 12:33:18,778 : DEBUG : Events : Registered BCP._bcp_event_callback as a handler for 'ball_started', priority: 1, kwargs: {'params': {'player_num': '%player', 'ball': '%ball'}, 'command': 'ball_start'}
2016-03-31 12:33:18,778 : DEBUG : Events : Registered BCP._bcp_event_callback as a handler for 'tilt', priority: 1, kwargs: {'command': 'tilt'}
2016-03-31 12:33:18,778 : DEBUG : Events : Registered BCP._bcp_event_callback as a handler for 'player_turn_start', priority: 1, kwargs: {'params': {'player_num': '%number'}, 'command': 'player_turn_start'}
2016-03-31 12:33:18,778 : DEBUG : Events : Registered BCP._bcp_event_callback as a handler for 'slam_tilt', priority: 1, kwargs: {'command': 'slam_tilt'}
2016-03-31 12:33:18,779 : DEBUG : Events : Registered BCP._bcp_event_callback as a handler for 'ball_ending', priority: 1, kwargs: {'command': 'ball_end'}
2016-03-31 12:33:18,779 : DEBUG : Events : Registered BCP.bcp_trigger as a handler for 'player_score', priority: 1, kwargs: {'name': 'player_score'}
2016-03-31 12:33:18,779 : DEBUG : Events : Registered BCP._setup_bcp_connections as a handler for 'init_phase_2', priority: 1, kwargs: {}
2016-03-31 12:33:18,779 : DEBUG : Clock : Scheduled a recurring clock callback (callback=<bound method BCP.get_bcp_messages of <BCP Module>>, timeout=0, priority=1)
2016-03-31 12:33:18,780 : DEBUG : Events : Registered BCP.bcp_player_added as a handler for 'player_add_success', priority: 1, kwargs: {}
2016-03-31 12:33:18,780 : DEBUG : Events : Registered BCP.bcp_reset as a handler for 'machine_reset_phase_1', priority: 1, kwargs: {}
2016-03-31 12:33:18,780 : DEBUG : Events : Registered BCP.increase_volume as a handler for 'increase_volume', priority: 1, kwargs: {}
2016-03-31 12:33:18,780 : DEBUG : Events : Registered BCP.decrease_volume as a handler for 'decrease_volume', priority: 1, kwargs: {}
2016-03-31 12:33:18,780 : DEBUG : Events : Registered BCP.enable_volume_keys as a handler for 'enable_volume_keys', priority: 1, kwargs: {}
2016-03-31 12:33:18,780 : DEBUG : Events : Registered BCP.disable_volume_keys as a handler for 'disable_volume_keys', priority: 1, kwargs: {}
2016-03-31 12:33:18,781 : DEBUG : Events : Registered BCP.get_led_coordinates as a handler for 'bcp_get_led_coordinates', priority: 1, kwargs: {}
2016-03-31 12:33:18,781 : DEBUG : Mode Controller : Registering <bound method BCP.bcp_mode_start of <BCP Module>> as a mode start method. Config section: mode, priority: 0, kwargs: {}
2016-03-31 12:33:18,781 : DEBUG : Machine : Loading 'mpf.core.logic_blocks.LogicBlocks' core module
2016-03-31 12:33:18,782 : DEBUG : Mode Controller : Registering <bound method LogicBlocks._process_config of <mpf.core.logic_blocks.LogicBlocks object at 0x10faa7e48>> as a mode start method. Config section: logic_blocks, priority: 0, kwargs: {}
2016-03-31 12:33:18,782 : DEBUG : Events : Registered LogicBlocks._create_player_logic_blocks as a handler for 'player_add_success', priority: 1, kwargs: {}
2016-03-31 12:33:18,782 : DEBUG : Events : Registered LogicBlocks.player_turn_start as a handler for 'player_turn_start', priority: 1, kwargs: {}
2016-03-31 12:33:18,782 : DEBUG : Events : Registered LogicBlocks.player_turn_stop as a handler for 'player_turn_stop', priority: 1, kwargs: {}
2016-03-31 12:33:18,783 : DEBUG : Machine : Loading 'mpf.core.scoring.ScoreController' core module
2016-03-31 12:33:18,783 : DEBUG : Score : Loading the Score Controller
2016-03-31 12:33:18,784 : DEBUG : Mode Controller : Registering <bound method ScoreController.mode_start of <mpf.core.scoring.ScoreController object at 0x10fac1128>> as a mode start method. Config section: scoring, priority: 0, kwargs: {}
2016-03-31 12:33:18,784 : INFO : FAST : Configuring FAST Controller for FAST IO boards.
2016-03-31 12:33:18,784 : INFO : FAST : Connecting to /dev/tty.usbserial-141C at 921600bps
2016-03-31 12:33:20,287 : DEBUG : FAST : Sending 'ID:' command to port '/dev/tty.usbserial-141C'
2016-03-31 12:33:20,302 : INFO : FAST : Received ID acknowledgement. Processor: RGB, Board: FP-CPU-002-2, Firmware: 01.00
2016-03-31 12:33:20,303 : INFO : FAST : Connecting to /dev/tty.usbserial-141B at 921600bps
2016-03-31 12:33:21,804 : DEBUG : FAST : Sending 'ID:' command to port '/dev/tty.usbserial-141B'
2016-03-31 12:33:21,820 : INFO : FAST : Received ID acknowledgement. Processor: NET, Board: FP-CPU-002-2, Firmware: 01.00
2016-03-31 12:33:21,821 : DEBUG : FAST : Querying FAST IO boards...
2016-03-31 12:33:21,837 : INFO : FAST : Fast IO Board 00: Model: FP-I/O-3208-2, Firmware: 01.00, Switches: 32, Drivers: 8
2016-03-31 12:33:21,852 : INFO : FAST : Fast IO Board 01: Model: FP-I/O-3208-2, Firmware: 01.00, Switches: 32, Drivers: 8
2016-03-31 12:33:21,868 : INFO : FAST : Fast IO Board 02: Model: FP-I/O-1616-2, Firmware: 01.00, Switches: 16, Drivers: 16
2016-03-31 12:33:21,953 : DEBUG : Events : Registered ConfigPlayer._initialize as a handler for 'init_phase_1', priority: 1, kwargs: {}
2016-03-31 12:33:21,954 : DEBUG : Events : Registered ConfigPlayer._initialize as a handler for 'init_phase_1', priority: 1, kwargs: {}
2016-03-31 12:33:21,954 : DEBUG : Events : Registered ConfigPlayer._initialize as a handler for 'init_phase_1', priority: 1, kwargs: {}
2016-03-31 12:33:21,955 : DEBUG : Events : Registered ConfigPlayer._initialize as a handler for 'init_phase_1', priority: 1, kwargs: {}
2016-03-31 12:33:21,956 : DEBUG : Events : Registered ConfigPlayer._initialize as a handler for 'init_phase_1', priority: 1, kwargs: {}
2016-03-31 12:33:21,956 : DEBUG : Events : Registered ConfigPlayer._initialize as a handler for 'init_phase_1', priority: 1, kwargs: {}
2016-03-31 12:33:21,957 : DEBUG : Events : Registered ConfigPlayer._initialize as a handler for 'init_phase_1', priority: 1, kwargs: {}
2016-03-31 12:33:21,958 : DEBUG : Events : Registered ConfigPlayer._initialize as a handler for 'init_phase_1', priority: 1, kwargs: {}
2016-03-31 12:33:21,958 : DEBUG : Events : Registered ConfigPlayer._initialize as a handler for 'init_phase_1', priority: 1, kwargs: {}
2016-03-31 12:33:21,959 : DEBUG : Events : Registered ConfigPlayer._initialize as a handler for 'init_phase_1', priority: 1, kwargs: {}
2016-03-31 12:33:21,959 : DEBUG : Machine : Registering Plugin Config Players
2016-03-31 12:33:21,959 : DEBUG : Events : Registered MachineController.power_off as a handler for 'shutdown', priority: 1, kwargs: {}
2016-03-31 12:33:21,959 : DEBUG : Events : Registered MachineController.power_off as a handler for 'sw_shutdown', priority: 1, kwargs: {}
2016-03-31 12:33:21,960 : DEBUG : Events : Registered MachineController.stop as a handler for 'quit', priority: 1, kwargs: {}
2016-03-31 12:33:21,960 : DEBUG : Events : Registered MachineController.stop as a handler for 'sw_quit', priority: 1, kwargs: {}
2016-03-31 12:33:21,960 : DEBUG : DataInterface : Loading machine_vars from /Users/gabe/Dropbox/Pinball/Gabe/bnd/data/machine_vars.yaml
2016-03-31 12:33:21,960 : DEBUG : YAML File Interface : Loading file: /Users/gabe/Dropbox/Pinball/Gabe/bnd/data/machine_vars.yaml
2016-03-31 12:33:21,962 : DEBUG : Machine : Setting machine_var 'player1_score' to: 0, (prior: 0, change: 0)
2016-03-31 12:33:21,962 : DEBUG : Events : ^^^^ Posted event 'machine_var_player1_score'. Type: None, Callback: None, Args: {'value': 0, 'change': 0, 'prev_value': 0}
2016-03-31 12:33:21,962 : DEBUG : Events : ============== EVENTS QUEUE =============
2016-03-31 12:33:21,962 : DEBUG : Events : machine_var_player1_score, None, None, {'value': 0, 'change': 0, 'prev_value': 0}
2016-03-31 12:33:21,962 : DEBUG : Events : =========================================
2016-03-31 12:33:21,962 : DEBUG : Events : ^^^^ Posted event 'init_phase_1'. Type: None, Callback: None, Args: {}
2016-03-31 12:33:21,962 : DEBUG : Events : ============== EVENTS QUEUE =============
2016-03-31 12:33:21,962 : DEBUG : Events : machine_var_player1_score, None, None, {'value': 0, 'change': 0, 'prev_value': 0}
2016-03-31 12:33:21,963 : DEBUG : Events : init_phase_1, None, None, {}
2016-03-31 12:33:21,963 : DEBUG : Events : =========================================
2016-03-31 12:33:21,963 : DEBUG : Events : ^^^^ Processing event 'machine_var_player1_score'. Type: None, Callback: None, Args: {'value': 0, 'change': 0, 'prev_value': 0}
2016-03-31 12:33:21,963 : DEBUG : Events : vvvv Finished event 'machine_var_player1_score'. Type: None. Callback: None. Args: {'value': 0, 'change': 0, 'prev_value': 0}
2016-03-31 12:33:21,963 : DEBUG : Events : ^^^^ Processing event 'init_phase_1'. Type: None, Callback: None, Args: {}
2016-03-31 12:33:21,963 : DEBUG : Events : DeviceManager._load_device_modules (priority: 1) responding to event 'init_phase_1' with args {}
2016-03-31 12:33:21,963 : INFO : DeviceManager : Loading devices...
2016-03-31 12:33:21,967 : DEBUG : Clock : Scheduled a recurring clock callback (callback=<bound method Led.update_leds of <class 'mpf.devices.led.Led'>>, timeout=0, priority=-100)
2016-03-31 12:33:21,973 : DEBUG : Events : Registered BallSearch.request_to_start_game as a handler for 'request_to_start_game', priority: 1, kwargs: {}
2016-03-31 12:33:22,001 : DEBUG : coil.c_trougheject : Enabling debug logging
2016-03-31 12:33:22,001 : DEBUG : coil.c_trougheject : Configuring device with settings: '{'hold_power32': None, 'recycle_ms': None, 'tags': [], 'platform': None, 'hold_pwm_mask': None, 'hold_power': None, 'label': '%', 'disable_events': {}, 'number_str': '6', 'pwm_on_ms': None, 'pulse_power': None, 'pulse_power32': None, 'pulse_pwm_mask': None, 'debug': True, 'pulse_events': {}, 'allow_enable': True, 'pulse_ms': 1000, 'enable_events': {}, 'number': '6', 'pwm_off_ms': None}'
2016-03-31 12:33:22,001 : DEBUG : coil.c_rightflippermain : Enabling debug logging
2016-03-31 12:33:22,001 : DEBUG : coil.c_rightflippermain : Configuring device with settings: '{'hold_power32': None, 'recycle_ms': None, 'tags': [], 'platform': None, 'hold_pwm_mask': None, 'hold_power': None, 'label': '%', 'disable_events': {}, 'number_str': '3', 'pwm_on_ms': None, 'pulse_power': None, 'pulse_power32': None, 'pulse_pwm_mask': None, 'debug': True, 'pulse_events': {}, 'allow_enable': False, 'pulse_ms': 25, 'enable_events': {}, 'number': '3', 'pwm_off_ms': None}'
2016-03-31 12:33:22,001 : DEBUG : coil.c_upperrightflippermain : Enabling debug logging
2016-03-31 12:33:22,002 : DEBUG : coil.c_upperrightflippermain : Configuring device with settings: '{'hold_power32': None, 'recycle_ms': None, 'tags': [], 'platform': None, 'hold_pwm_mask': None, 'hold_power': None, 'label': '%', 'disable_events': {}, 'number_str': '29', 'pwm_on_ms': None, 'pulse_power': None, 'pulse_power32': None, 'pulse_pwm_mask': None, 'debug': True, 'pulse_events': {}, 'allow_enable': False, 'pulse_ms': 20, 'enable_events': {}, 'number': '29', 'pwm_off_ms': None}'
2016-03-31 12:33:22,002 : DEBUG : coil.c_leftflippermain : Enabling debug logging
2016-03-31 12:33:22,002 : DEBUG : coil.c_leftflippermain : Configuring device with settings: '{'hold_power32': None, 'recycle_ms': None, 'tags': [], 'platform': None, 'hold_pwm_mask': None, 'hold_power': None, 'label': '%', 'disable_events': {}, 'number_str': '0', 'pwm_on_ms': None, 'pulse_power': None, 'pulse_power32': None, 'pulse_pwm_mask': None, 'debug': True, 'pulse_events': {}, 'allow_enable': False, 'pulse_ms': 25, 'enable_events': {}, 'number': '0', 'pwm_off_ms': None}'
2016-03-31 12:33:22,002 : DEBUG : coil.c_upperrightflipperhold : Enabling debug logging
2016-03-31 12:33:22,002 : DEBUG : coil.c_upperrightflipperhold : Configuring device with settings: '{'hold_power32': None, 'recycle_ms': None, 'tags': [], 'platform': None, 'hold_pwm_mask': None, 'hold_power': None, 'label': '%', 'disable_events': {}, 'number_str': '25', 'pwm_on_ms': None, 'pulse_power': None, 'pulse_power32': None, 'pulse_pwm_mask': None, 'debug': True, 'pulse_events': {}, 'allow_enable': False, 'pulse_ms': None, 'enable_events': {}, 'number': '25', 'pwm_off_ms': None}'
2016-03-31 12:33:22,003 : DEBUG : ball_device.bd_drain : Enabling debug logging
2016-03-31 12:33:22,003 : DEBUG : ball_device.bd_drain : Configuring device with settings: '{'eject_targets': [<ball_device.bd_trough>, <ball_device.bd_plunger>, <playfield.playfield>], 'eject_coil': <coil.c_draineject>, 'ball_switches': [<switch.s_drain>], 'tags': ['drain'], 'ball_missing_timeouts': [], 'target_on_unexpected_ball': None, 'eject_all_events': {}, 'confirm_eject_event': None, 'eject_events': {}, 'ball_search_order': 100, 'entrance_count_delay': 500, 'stop_events': {}, 'hold_coil_release_time': 1000, 'mechanical_eject': False, 'debug': True, 'confirm_eject_switch': None, 'captures_from': <playfield.playfield>, 'entrance_switch_full_timeout': 0, 'request_ball_events': [], 'entrance_switch': None, 'auto_fire_on_unexpected_ball': True, 'eject_timeouts': [], 'player_controlled_eject_event': None, 'eject_coil_retry_pulse': None, 'ball_capacity': None, 'label': '%', 'jam_switch': None, 'hold_events': {}, 'entrance_events': {}, 'hold_coil': None, 'exit_count_delay': 500, 'confirm_eject_type': 'target', 'ball_missing_target': <playfield.playfield>, 'eject_coil_jam_pulse': None, 'max_eject_attempts': 0, 'hold_switches': []}'
2016-03-31 12:33:22,003 : DEBUG : ball_device.bd_trough : Enabling debug logging
2016-03-31 12:33:22,003 : DEBUG : ball_device.bd_trough : Configuring device with settings: '{'eject_targets': [<ball_device.bd_plunger>, <playfield.playfield>], 'eject_coil': <coil.c_trougheject>, 'ball_switches': [], 'tags': ['trough', 'home'], 'entrance_switch_full_timeout': 3000, 'target_on_unexpected_ball': None, 'eject_all_events': {}, 'confirm_eject_event': None, 'eject_events': {}, 'ball_search_order': 100, 'entrance_count_delay': 500, 'stop_events': {}, 'hold_coil_release_time': 1000, 'mechanical_eject': False, 'debug': True, 'confirm_eject_switch': None, 'captures_from': <playfield.playfield>, 'ball_missing_timeouts': [], 'request_ball_events': [], 'entrance_switch': <switch.s_troughenter>, 'auto_fire_on_unexpected_ball': True, 'eject_timeouts': [], 'player_controlled_eject_event': None, 'eject_coil_retry_pulse': None, 'ball_capacity': 3, 'label': '%', 'jam_switch': None, 'hold_events': {}, 'entrance_events': {}, 'hold_coil': None, 'exit_count_delay': 500, 'confirm_eject_type': 'target', 'ball_missing_target': <playfield.playfield>, 'eject_coil_jam_pulse': None, 'max_eject_attempts': 0, 'hold_switches': []}'
2016-03-31 12:33:22,004 : DEBUG : FASTDriver : Driver Settings: {'recycle_ms': '00', 'pwm2': 'ff', 'pwm1': 'ff', 'mode': '10', 'allow_enable': False, 'pulse_ms': '0A', 'number': '0C', 'config_cmd': 'DN:', 'trigger_cmd': 'TN:', 'pwm32': None}
2016-03-31 12:33:22,005 : DEBUG : FASTDriver : Resetting driver {'recycle_ms': '00', 'pwm2': 'ff', 'pwm1': 'ff', 'mode': '10', 'allow_enable': False, 'pulse_ms': '0A', 'number': '0C', 'config_cmd': 'DN:', 'trigger_cmd': 'TN:', 'pwm32': None}
2016-03-31 12:33:22,005 : DEBUG : FASTDriver : Driver Settings: {'recycle_ms': '00', 'pwm2': 'ff', 'pwm1': 'ff', 'mode': '10', 'allow_enable': False, 'pulse_ms': '0A', 'number': '0D', 'config_cmd': 'DN:', 'trigger_cmd': 'TN:', 'pwm32': None}
2016-03-31 12:33:22,005 : DEBUG : FASTDriver : Resetting driver {'recycle_ms': '00', 'pwm2': 'ff', 'pwm1': 'ff', 'mode': '10', 'allow_enable': False, 'pulse_ms': '0A', 'number': '0D', 'config_cmd': 'DN:', 'trigger_cmd': 'TN:', 'pwm32': None}
2016-03-31 12:33:22,006 : DEBUG : FASTDriver : Driver Settings: {'recycle_ms': '00', 'pwm2': 'ff', 'pwm1': 'ff', 'mode': '10', 'allow_enable': False, 'pulse_ms': '0A', 'number': '09', 'config_cmd': 'DN:', 'trigger_cmd': 'TN:', 'pwm32': None}
2016-03-31 12:33:22,006 : DEBUG : FASTDriver : Resetting driver {'recycle_ms': '00', 'pwm2': 'ff', 'pwm1': 'ff', 'mode': '10', 'allow_enable': False, 'pulse_ms': '0A', 'number': '09', 'config_cmd': 'DN:', 'trigger_cmd': 'TN:', 'pwm32': None}
2016-03-31 12:33:22,006 : DEBUG : FASTDriver : Driver Settings: {'recycle_ms': '00', 'pwm2': 'ff', 'pwm1': 'ff', 'mode': '10', 'allow_enable': False, 'pulse_ms': '0A', 'number': '10', 'config_cmd': 'DN:', 'trigger_cmd': 'TN:', 'pwm32': None}
2016-03-31 12:33:22,007 : DEBUG : FASTDriver : Resetting driver {'recycle_ms': '00', 'pwm2': 'ff', 'pwm1': 'ff', 'mode': '10', 'allow_enable': False, 'pulse_ms': '0A', 'number': '10', 'config_cmd': 'DN:', 'trigger_cmd': 'TN:', 'pwm32': None}
2016-03-31 12:33:22,007 : DEBUG : FASTDriver : Driver Settings: {'recycle_ms': '00', 'pwm2': '01', 'pwm1': 'ff', 'mode': '10', 'allow_enable': False, 'pulse_ms': '0A', 'number': '08', 'config_cmd': 'DN:', 'trigger_cmd': 'TN:', 'pwm32': None}
2016-03-31 12:33:22,007 : DEBUG : FASTDriver : Resetting driver {'recycle_ms': '00', 'pwm2': '01', 'pwm1': 'ff', 'mode': '10', 'allow_enable': False, 'pulse_ms': '0A', 'number': '08', 'config_cmd': 'DN:', 'trigger_cmd': 'TN:', 'pwm32': None}
2016-03-31 12:33:22,007 : DEBUG : FASTDriver : Driver Settings: {'recycle_ms': '00', 'pwm2': 'ff', 'pwm1': 'ff', 'mode': '10', 'allow_enable': False, 'pulse_ms': '23', 'number': '0E', 'config_cmd': 'DN:', 'trigger_cmd': 'TN:', 'pwm32': None}
2016-03-31 12:33:22,007 : DEBUG : FASTDriver : Resetting driver {'recycle_ms': '00', 'pwm2': 'ff', 'pwm1': 'ff', 'mode': '10', 'allow_enable': False, 'pulse_ms': '23', 'number': '0E', 'config_cmd': 'DN:', 'trigger_cmd': 'TN:', 'pwm32': None}
2016-03-31 12:33:22,008 : DEBUG : FASTDriver : Driver Settings: {'recycle_ms': '00', 'pwm2': 'ff', 'pwm1': 'ff', 'mode': '10', 'allow_enable': False, 'pulse_ms': '14', 'number': '1B', 'config_cmd': 'DN:', 'trigger_cmd': 'TN:', 'pwm32': None}
2016-03-31 12:33:22,008 : DEBUG : FASTDriver : Resetting driver {'recycle_ms': '00', 'pwm2': 'ff', 'pwm1': 'ff', 'mode': '10', 'allow_enable': False, 'pulse_ms': '14', 'number': '1B', 'config_cmd': 'DN:', 'trigger_cmd': 'TN:', 'pwm32': None}
2016-03-31 12:33:22,008 : DEBUG : FASTDriver : Driver Settings: {'recycle_ms': '00', 'pwm2': 'ff', 'pwm1': 'ff', 'mode': '10', 'allow_enable': False, 'pulse_ms': '1E', 'number': '14', 'config_cmd': 'DN:', 'trigger_cmd': 'TN:', 'pwm32': None}
2016-03-31 12:33:22,008 : DEBUG : FASTDriver : Resetting driver {'recycle_ms': '00', 'pwm2': 'ff', 'pwm1': 'ff', 'mode': '10', 'allow_enable': False, 'pulse_ms': '1E', 'number': '14', 'config_cmd': 'DN:', 'trigger_cmd': 'TN:', 'pwm32': None}
2016-03-31 12:33:22,008 : DEBUG : FASTDriver : Driver Settings: {'recycle_ms': '00', 'pwm2': 'ff', 'pwm1': 'ff', 'mode': '10', 'allow_enable': False, 'pulse_ms': '0A', 'number': '02', 'config_cmd': 'DN:', 'trigger_cmd': 'TN:', 'pwm32': None}
2016-03-31 12:33:22,009 : DEBUG : FASTDriver : Resetting driver {'recycle_ms': '00', 'pwm2': 'ff', 'pwm1': 'ff', 'mode': '10', 'allow_enable': False, 'pulse_ms': '0A', 'number': '02', 'config_cmd': 'DN:', 'trigger_cmd': 'TN:', 'pwm32': None}
2016-03-31 12:33:22,009 : DEBUG : coil.c_trougheject : Platform Driver: <Platform.FAST>
2016-03-31 12:33:22,009 : DEBUG : FASTDriver : Driver Settings: {'recycle_ms': '00', 'pwm2': 'ff', 'pwm1': 'ff', 'mode': '10', 'allow_enable': True, 'pulse_ms': 1000, 'number': '06', 'config_cmd': 'DN:', 'trigger_cmd': 'TN:', 'pwm32': None}
2016-03-31 12:33:22,009 : DEBUG : FASTDriver : Resetting driver {'recycle_ms': '00', 'pwm2': 'ff', 'pwm1': 'ff', 'mode': '10', 'allow_enable': True, 'pulse_ms': 1000, 'number': '06', 'config_cmd': 'DN:', 'trigger_cmd': 'TN:', 'pwm32': None}
2016-03-31 12:33:22,009 : DEBUG : FASTDriver : Driver Settings: {'recycle_ms': '00', 'pwm2': 'ff', 'pwm1': 'ff', 'mode': '10', 'allow_enable': False, 'pulse_ms': '0A', 'number': '04', 'config_cmd': 'DN:', 'trigger_cmd': 'TN:', 'pwm32': None}
2016-03-31 12:33:22,010 : DEBUG : FASTDriver : Resetting driver {'recycle_ms': '00', 'pwm2': 'ff', 'pwm1': 'ff', 'mode': '10', 'allow_enable': False, 'pulse_ms': '0A', 'number': '04', 'config_cmd': 'DN:', 'trigger_cmd': 'TN:', 'pwm32': None}
2016-03-31 12:33:22,010 : DEBUG : FASTDriver : Driver Settings: {'recycle_ms': '00', 'pwm2': 'ff', 'pwm1': 'ff', 'mode': '10', 'allow_enable': False, 'pulse_ms': '0A', 'number': '0B', 'config_cmd': 'DN:', 'trigger_cmd': 'TN:', 'pwm32': None}
2016-03-31 12:33:22,010 : DEBUG : FASTDriver : Resetting driver {'recycle_ms': '00', 'pwm2': 'ff', 'pwm1': 'ff', 'mode': '10', 'allow_enable': False, 'pulse_ms': '0A', 'number': '0B', 'config_cmd': 'DN:', 'trigger_cmd': 'TN:', 'pwm32': None}
2016-03-31 12:33:22,010 : DEBUG : coil.c_rightflippermain : Platform Driver: <Platform.FAST>
2016-03-31 12:33:22,010 : DEBUG : FASTDriver : Driver Settings: {'recycle_ms': '00', 'pwm2': 'ff', 'pwm1': 'ff', 'mode': '10', 'allow_enable': False, 'pulse_ms': '19', 'number': '03', 'config_cmd': 'DN:', 'trigger_cmd': 'TN:', 'pwm32': None}
2016-03-31 12:33:22,011 : DEBUG : FASTDriver : Resetting driver {'recycle_ms': '00', 'pwm2': 'ff', 'pwm1': 'ff', 'mode': '10', 'allow_enable': False, 'pulse_ms': '19', 'number': '03', 'config_cmd': 'DN:', 'trigger_cmd': 'TN:', 'pwm32': None}
2016-03-31 12:33:22,011 : DEBUG : FASTDriver : Driver Settings: {'recycle_ms': '00', 'pwm2': 'ff', 'pwm1': 'ff', 'mode': '10', 'allow_enable': False, 'pulse_ms': '14', 'number': '1C', 'config_cmd': 'DN:', 'trigger_cmd': 'TN:', 'pwm32': None}
2016-03-31 12:33:22,011 : DEBUG : FASTDriver : Resetting driver {'recycle_ms': '00', 'pwm2': 'ff', 'pwm1': 'ff', 'mode': '10', 'allow_enable': False, 'pulse_ms': '14', 'number': '1C', 'config_cmd': 'DN:', 'trigger_cmd': 'TN:', 'pwm32': None}
2016-03-31 12:33:22,011 : DEBUG : FASTDriver : Driver Settings: {'recycle_ms': '00', 'pwm2': 'ff', 'pwm1': 'ff', 'mode': '10', 'allow_enable': False, 'pulse_ms': '08', 'number': '13', 'config_cmd': 'DN:', 'trigger_cmd': 'TN:', 'pwm32': None}
2016-03-31 12:33:22,011 : DEBUG : FASTDriver : Resetting driver {'recycle_ms': '00', 'pwm2': 'ff', 'pwm1': 'ff', 'mode': '10', 'allow_enable': False, 'pulse_ms': '08', 'number': '13', 'config_cmd': 'DN:', 'trigger_cmd': 'TN:', 'pwm32': None}
2016-03-31 12:33:22,012 : DEBUG : FASTDriver : Driver Settings: {'recycle_ms': '00', 'pwm2': 'ff', 'pwm1': 'ff', 'mode': '10', 'allow_enable': False, 'pulse_ms': '14', 'number': '05', 'config_cmd': 'DN:', 'trigger_cmd': 'TN:', 'pwm32': None}
2016-03-31 12:33:22,012 : DEBUG : FASTDriver : Resetting driver {'recycle_ms': '00', 'pwm2': 'ff', 'pwm1': 'ff', 'mode': '10', 'allow_enable': False, 'pulse_ms': '14', 'number': '05', 'config_cmd': 'DN:', 'trigger_cmd': 'TN:', 'pwm32': None}
2016-03-31 12:33:22,012 : DEBUG : FASTDriver : Driver Settings: {'recycle_ms': '00', 'pwm2': 'ff', 'pwm1': 'ff', 'mode': '10', 'allow_enable': False, 'pulse_ms': '0A', 'number': '0F', 'config_cmd': 'DN:', 'trigger_cmd': 'TN:', 'pwm32': None}
2016-03-31 12:33:22,012 : DEBUG : FASTDriver : Resetting driver {'recycle_ms': '00', 'pwm2': 'ff', 'pwm1': 'ff', 'mode': '10', 'allow_enable': False, 'pulse_ms': '0A', 'number': '0F', 'config_cmd': 'DN:', 'trigger_cmd': 'TN:', 'pwm32': None}
2016-03-31 12:33:22,012 : DEBUG : FASTDriver : Driver Settings: {'recycle_ms': '00', 'pwm2': 'ff', 'pwm1': 'ff', 'mode': '10', 'allow_enable': False, 'pulse_ms': '14', 'number': '1A', 'config_cmd': 'DN:', 'trigger_cmd': 'TN:', 'pwm32': None}
2016-03-31 12:33:22,013 : DEBUG : FASTDriver : Resetting driver {'recycle_ms': '00', 'pwm2': 'ff', 'pwm1': 'ff', 'mode': '10', 'allow_enable': False, 'pulse_ms': '14', 'number': '1A', 'config_cmd': 'DN:', 'trigger_cmd': 'TN:', 'pwm32': None}
2016-03-31 12:33:22,014 : DEBUG : coil.c_upperrightflippermain : Platform Driver: <Platform.FAST>
2016-03-31 12:33:22,014 : DEBUG : FASTDriver : Driver Settings: {'recycle_ms': '00', 'pwm2': 'ff', 'pwm1': 'ff', 'mode': '10', 'allow_enable': False, 'pulse_ms': '14', 'number': '1D', 'config_cmd': 'DN:', 'trigger_cmd': 'TN:', 'pwm32': None}
2016-03-31 12:33:22,015 : DEBUG : FASTDriver : Resetting driver {'recycle_ms': '00', 'pwm2': 'ff', 'pwm1': 'ff', 'mode': '10', 'allow_enable': False, 'pulse_ms': '14', 'number': '1D', 'config_cmd': 'DN:', 'trigger_cmd': 'TN:', 'pwm32': None}
2016-03-31 12:33:22,016 : DEBUG : coil.c_leftflippermain : Platform Driver: <Platform.FAST>
2016-03-31 12:33:22,016 : DEBUG : FASTDriver : Driver Settings: {'recycle_ms': '00', 'pwm2': 'ff', 'pwm1': 'ff', 'mode': '10', 'allow_enable': False, 'pulse_ms': '19', 'number': '00', 'config_cmd': 'DN:', 'trigger_cmd': 'TN:', 'pwm32': None}
2016-03-31 12:33:22,016 : DEBUG : FASTDriver : Resetting driver {'recycle_ms': '00', 'pwm2': 'ff', 'pwm1': 'ff', 'mode': '10', 'allow_enable': False, 'pulse_ms': '19', 'number': '00', 'config_cmd': 'DN:', 'trigger_cmd': 'TN:', 'pwm32': None}
2016-03-31 12:33:22,017 : DEBUG : FASTDriver : Driver Settings: {'recycle_ms': '00', 'pwm2': 'ff', 'pwm1': 'ff', 'mode': '10', 'allow_enable': False, 'pulse_ms': '02', 'number': '12', 'config_cmd': 'DN:', 'trigger_cmd': 'TN:', 'pwm32': None}
2016-03-31 12:33:22,017 : DEBUG : FASTDriver : Resetting driver {'recycle_ms': '00', 'pwm2': 'ff', 'pwm1': 'ff', 'mode': '10', 'allow_enable': False, 'pulse_ms': '02', 'number': '12', 'config_cmd': 'DN:', 'trigger_cmd': 'TN:', 'pwm32': None}
2016-03-31 12:33:22,018 : DEBUG : FASTDriver : Driver Settings: {'recycle_ms': '00', 'pwm2': 'ff', 'pwm1': 'ff', 'mode': '10', 'allow_enable': False, 'pulse_ms': '3C', 'number': '07', 'config_cmd': 'DN:', 'trigger_cmd': 'TN:', 'pwm32': None}
2016-03-31 12:33:22,018 : DEBUG : FASTDriver : Resetting driver {'recycle_ms': '00', 'pwm2': 'ff', 'pwm1': 'ff', 'mode': '10', 'allow_enable': False, 'pulse_ms': '3C', 'number': '07', 'config_cmd': 'DN:', 'trigger_cmd': 'TN:', 'pwm32': None}
2016-03-31 12:33:22,018 : DEBUG : FASTDriver : Driver Settings: {'recycle_ms': '00', 'pwm2': 'ff', 'pwm1': 'ff', 'mode': '10', 'allow_enable': False, 'pulse_ms': '28', 'number': '0A', 'config_cmd': 'DN:', 'trigger_cmd': 'TN:', 'pwm32': None}
2016-03-31 12:33:22,018 : DEBUG : FASTDriver : Resetting driver {'recycle_ms': '00', 'pwm2': 'ff', 'pwm1': 'ff', 'mode': '10', 'allow_enable': False, 'pulse_ms': '28', 'number': '0A', 'config_cmd': 'DN:', 'trigger_cmd': 'TN:', 'pwm32': None}
2016-03-31 12:33:22,019 : DEBUG : FASTDriver : Driver Settings: {'recycle_ms': '00', 'pwm2': 'ff', 'pwm1': 'ff', 'mode': '10', 'allow_enable': False, 'pulse_ms': '0A', 'number': '01', 'config_cmd': 'DN:', 'trigger_cmd': 'TN:', 'pwm32': None}
2016-03-31 12:33:22,019 : DEBUG : FASTDriver : Resetting driver {'recycle_ms': '00', 'pwm2': 'ff', 'pwm1': 'ff', 'mode': '10', 'allow_enable': False, 'pulse_ms': '0A', 'number': '01', 'config_cmd': 'DN:', 'trigger_cmd': 'TN:', 'pwm32': None}
2016-03-31 12:33:22,019 : DEBUG : FASTDriver : Driver Settings: {'recycle_ms': '00', 'pwm2': 'ff', 'pwm1': 'ff', 'mode': '10', 'allow_enable': False, 'pulse_ms': '0A', 'number': '11', 'config_cmd': 'DN:', 'trigger_cmd': 'TN:', 'pwm32': None}
2016-03-31 12:33:22,020 : DEBUG : FASTDriver : Resetting driver {'recycle_ms': '00', 'pwm2': 'ff', 'pwm1': 'ff', 'mode': '10', 'allow_enable': False, 'pulse_ms': '0A', 'number': '11', 'config_cmd': 'DN:', 'trigger_cmd': 'TN:', 'pwm32': None}
2016-03-31 12:33:22,020 : DEBUG : coil.c_upperrightflipperhold : Platform Driver: <Platform.FAST>
2016-03-31 12:33:22,020 : DEBUG : FASTDriver : Driver Settings: {'recycle_ms': '00', 'pwm2': 'ff', 'pwm1': 'ff', 'mode': '10', 'allow_enable': False, 'pulse_ms': '0A', 'number': '19', 'config_cmd': 'DN:', 'trigger_cmd': 'TN:', 'pwm32': None}
2016-03-31 12:33:22,021 : DEBUG : FASTDriver : Resetting driver {'recycle_ms': '00', 'pwm2': 'ff', 'pwm1': 'ff', 'mode': '10', 'allow_enable': False, 'pulse_ms': '0A', 'number': '19', 'config_cmd': 'DN:', 'trigger_cmd': 'TN:', 'pwm32': None}
2016-03-31 12:33:22,021 : DEBUG : FAST : FAST Switch hardware tuple: ('45', 1)
2016-03-31 12:33:22,021 : DEBUG : FAST : FAST Switch hardware tuple: ('2E', 1)
2016-03-31 12:33:22,022 : DEBUG : FAST : FAST Switch hardware tuple: ('4A', 1)
2016-03-31 12:33:22,022 : DEBUG : FAST : FAST Switch hardware tuple: ('02', 1)
2016-03-31 12:33:22,022 : DEBUG : FAST : FAST Switch hardware tuple: ('11', 1)
2016-03-31 12:33:22,023 : DEBUG : FAST : FAST Switch hardware tuple: ('19', 1)
2016-03-31 12:33:22,023 : DEBUG : FAST : FAST Switch hardware tuple: ('15', 1)
2016-03-31 12:33:22,023 : DEBUG : FAST : FAST Switch hardware tuple: ('48', 1)
2016-03-31 12:33:22,024 : DEBUG : FAST : FAST Switch hardware tuple: ('40', 1)
2016-03-31 12:33:22,024 : DEBUG : FAST : FAST Switch hardware tuple: ('04', 1)
2016-03-31 12:33:22,024 : DEBUG : FAST : FAST Switch hardware tuple: ('43', 1)
2016-03-31 12:33:22,024 : DEBUG : FAST : FAST Switch hardware tuple: ('03', 1)
2016-03-31 12:33:22,025 : DEBUG : FAST : FAST Switch hardware tuple: ('49', 1)
2016-03-31 12:33:22,025 : DEBUG : FAST : FAST Switch hardware tuple: ('42', 1)
2016-03-31 12:33:22,025 : DEBUG : FAST : FAST Switch hardware tuple: ('12', 1)
2016-03-31 12:33:22,025 : DEBUG : FAST : FAST Switch hardware tuple: ('13', 1)
2016-03-31 12:33:22,026 : DEBUG : FAST : FAST Switch hardware tuple: ('00', 1)
2016-03-31 12:33:22,026 : DEBUG : FAST : FAST Switch hardware tuple: ('4F', 1)
2016-03-31 12:33:22,026 : DEBUG : FAST : FAST Switch hardware tuple: ('14', 1)
2016-03-31 12:33:22,026 : DEBUG : FAST : FAST Switch hardware tuple: ('2D', 1)
2016-03-31 12:33:22,027 : DEBUG : FAST : FAST Switch hardware tuple: ('01', 1)
2016-03-31 12:33:22,027 : DEBUG : FAST : FAST Switch hardware tuple: ('1A', 1)
2016-03-31 12:33:22,027 : DEBUG : FAST : FAST Switch hardware tuple: ('4E', 1)
2016-03-31 12:33:22,027 : DEBUG : FAST : FAST Switch hardware tuple: ('28', 1)
2016-03-31 12:33:22,027 : DEBUG : FAST : FAST Switch hardware tuple: ('1B', 1)
2016-03-31 12:33:22,028 : DEBUG : FAST : FAST Switch hardware tuple: ('2C', 1)
2016-03-31 12:33:22,028 : DEBUG : FAST : FAST Switch hardware tuple: ('2B', 1)
2016-03-31 12:33:22,028 : DEBUG : FAST : FAST Switch hardware tuple: ('16', 1)
2016-03-31 12:33:22,028 : DEBUG : FAST : FAST Switch hardware tuple: ('4D', 1)
2016-03-31 12:33:22,028 : DEBUG : FAST : FAST Switch hardware tuple: ('2A', 1)
2016-03-31 12:33:22,029 : DEBUG : FAST : FAST Switch hardware tuple: ('41', 1)
2016-03-31 12:33:22,029 : DEBUG : FAST : FAST Switch hardware tuple: ('29', 1)
2016-03-31 12:33:22,029 : DEBUG : FAST : FAST Switch hardware tuple: ('4B', 1)
2016-03-31 12:33:22,030 : DEBUG : FAST : FAST Switch hardware tuple: ('44', 1)
2016-03-31 12:33:22,030 : DEBUG : FAST : FAST Switch hardware tuple: ('2F', 1)
2016-03-31 12:33:22,030 : DEBUG : FAST : FAST Switch hardware tuple: ('18', 1)
2016-03-31 12:33:22,032 : DEBUG : FAST : FAST Switch hardware tuple: ('4C', 1)
2016-03-31 12:33:22,033 : DEBUG : FAST : FAST Switch hardware tuple: ('10', 1)
2016-03-31 12:33:22,035 : DEBUG : Clock : Scheduled a recurring clock callback (callback=<bound method HardwarePlatform.update_leds of <Platform.FAST>>, timeout=0, priority=1)
2016-03-31 12:33:22,035 : DEBUG : FASTLED : Creating FAST RGB LED at hardware address: 80
2016-03-31 12:33:22,036 : DEBUG : FASTLED : Creating FAST RGB LED at hardware address: 52
2016-03-31 12:33:22,037 : DEBUG : FASTLED : Creating FAST RGB LED at hardware address: 51
2016-03-31 12:33:22,039 : DEBUG : FASTLED : Creating FAST RGB LED at hardware address: 8F
2016-03-31 12:33:22,039 : DEBUG : FASTLED : Creating FAST RGB LED at hardware address: 6A
2016-03-31 12:33:22,040 : DEBUG : FASTLED : Creating FAST RGB LED at hardware address: 67
2016-03-31 12:33:22,040 : DEBUG : FASTLED : Creating FAST RGB LED at hardware address: 55
2016-03-31 12:33:22,040 : DEBUG : FASTLED : Creating FAST RGB LED at hardware address: 83
2016-03-31 12:33:22,041 : DEBUG : FASTLED : Creating FAST RGB LED at hardware address: 4D
2016-03-31 12:33:22,041 : DEBUG : FASTLED : Creating FAST RGB LED at hardware address: 4A
2016-03-31 12:33:22,042 : DEBUG : FASTLED : Creating FAST RGB LED at hardware address: 8E
2016-03-31 12:33:22,042 : DEBUG : FASTLED : Creating FAST RGB LED at hardware address: 47
2016-03-31 12:33:22,042 : DEBUG : FASTLED : Creating FAST RGB LED at hardware address: 60
2016-03-31 12:33:22,043 : DEBUG : FASTLED : Creating FAST RGB LED at hardware address: 63
2016-03-31 12:33:22,043 : DEBUG : FASTLED : Creating FAST RGB LED at hardware address: 4C
2016-03-31 12:33:22,043 : DEBUG : FASTLED : Creating FAST RGB LED at hardware address: 41
2016-03-31 12:33:22,043 : DEBUG : FASTLED : Creating FAST RGB LED at hardware address: 65
2016-03-31 12:33:22,043 : DEBUG : FASTLED : Creating FAST RGB LED at hardware address: 85
2016-03-31 12:33:22,043 : DEBUG : FASTLED : Creating FAST RGB LED at hardware address: 5A
2016-03-31 12:33:22,044 : DEBUG : FASTLED : Creating FAST RGB LED at hardware address: 8C
2016-03-31 12:33:22,044 : DEBUG : FASTLED : Creating FAST RGB LED at hardware address: 46
2016-03-31 12:33:22,044 : DEBUG : FASTLED : Creating FAST RGB LED at hardware address: 88
2016-03-31 12:33:22,044 : DEBUG : FASTLED : Creating FAST RGB LED at hardware address: 89
2016-03-31 12:33:22,045 : DEBUG : FASTLED : Creating FAST RGB LED at hardware address: 82
2016-03-31 12:33:22,046 : DEBUG : FASTLED : Creating FAST RGB LED at hardware address: 92
2016-03-31 12:33:22,046 : DEBUG : FASTLED : Creating FAST RGB LED at hardware address: 54
2016-03-31 12:33:22,046 : DEBUG : FASTLED : Creating FAST RGB LED at hardware address: 95
2016-03-31 12:33:22,046 : DEBUG : FASTLED : Creating FAST RGB LED at hardware address: 90
2016-03-31 12:33:22,046 : DEBUG : FASTLED : Creating FAST RGB LED at hardware address: 66
2016-03-31 12:33:22,047 : DEBUG : FASTLED : Creating FAST RGB LED at hardware address: 4B
2016-03-31 12:33:22,047 : DEBUG : FASTLED : Creating FAST RGB LED at hardware address: 42
2016-03-31 12:33:22,047 : DEBUG : FASTLED : Creating FAST RGB LED at hardware address: 6B
2016-03-31 12:33:22,047 : DEBUG : FASTLED : Creating FAST RGB LED at hardware address: 4F
2016-03-31 12:33:22,047 : DEBUG : FASTLED : Creating FAST RGB LED at hardware address: 56
2016-03-31 12:33:22,047 : DEBUG : FASTLED : Creating FAST RGB LED at hardware address: 68
2016-03-31 12:33:22,048 : DEBUG : FASTLED : Creating FAST RGB LED at hardware address: 6E
2016-03-31 12:33:22,048 : DEBUG : FASTLED : Creating FAST RGB LED at hardware address: 8D
2016-03-31 12:33:22,048 : DEBUG : FASTLED : Creating FAST RGB LED at hardware address: 8A
2016-03-31 12:33:22,048 : DEBUG : FASTLED : Creating FAST RGB LED at hardware address: 69
2016-03-31 12:33:22,048 : DEBUG : FASTLED : Creating FAST RGB LED at hardware address: 5D
2016-03-31 12:33:22,048 : DEBUG : FASTLED : Creating FAST RGB LED at hardware address: 6C
2016-03-31 12:33:22,049 : DEBUG : FASTLED : Creating FAST RGB LED at hardware address: 6D
2016-03-31 12:33:22,049 : DEBUG : FASTLED : Creating FAST RGB LED at hardware address: 86
2016-03-31 12:33:22,049 : DEBUG : FASTLED : Creating FAST RGB LED at hardware address: 81
2016-03-31 12:33:22,049 : DEBUG : FASTLED : Creating FAST RGB LED at hardware address: 53
2016-03-31 12:33:22,049 : DEBUG : FASTLED : Creating FAST RGB LED at hardware address: 50
2016-03-31 12:33:22,049 : DEBUG : FASTLED : Creating FAST RGB LED at hardware address: 64
2016-03-31 12:33:22,050 : DEBUG : FASTLED : Creating FAST RGB LED at hardware address: 61
2016-03-31 12:33:22,050 : DEBUG : FASTLED : Creating FAST RGB LED at hardware address: 62
2016-03-31 12:33:22,050 : DEBUG : FASTLED : Creating FAST RGB LED at hardware address: 48
2016-03-31 12:33:22,050 : DEBUG : FASTLED : Creating FAST RGB LED at hardware address: 58
2016-03-31 12:33:22,050 : DEBUG : FASTLED : Creating FAST RGB LED at hardware address: 44
2016-03-31 12:33:22,050 : DEBUG : FASTLED : Creating FAST RGB LED at hardware address: 93
2016-03-31 12:33:22,051 : DEBUG : FASTLED : Creating FAST RGB LED at hardware address: 8B
2016-03-31 12:33:22,051 : DEBUG : FASTLED : Creating FAST RGB LED at hardware address: 5E
2016-03-31 12:33:22,051 : DEBUG : FASTLED : Creating FAST RGB LED at hardware address: 5B
2016-03-31 12:33:22,051 : DEBUG : FASTLED : Creating FAST RGB LED at hardware address: 87
2016-03-31 12:33:22,051 : DEBUG : FASTLED : Creating FAST RGB LED at hardware address: 59
2016-03-31 12:33:22,051 : DEBUG : FASTLED : Creating FAST RGB LED at hardware address: 43
2016-03-31 12:33:22,052 : DEBUG : FASTLED : Creating FAST RGB LED at hardware address: 49
2016-03-31 12:33:22,052 : DEBUG : FASTLED : Creating FAST RGB LED at hardware address: 94
2016-03-31 12:33:22,052 : DEBUG : FASTLED : Creating FAST RGB LED at hardware address: 5F
2016-03-31 12:33:22,052 : DEBUG : FASTLED : Creating FAST RGB LED at hardware address: 5C
2016-03-31 12:33:22,052 : DEBUG : FASTLED : Creating FAST RGB LED at hardware address: 4E
2016-03-31 12:33:22,052 : DEBUG : FASTLED : Creating FAST RGB LED at hardware address: 6F
2016-03-31 12:33:22,053 : DEBUG : FASTLED : Creating FAST RGB LED at hardware address: 84
2016-03-31 12:33:22,053 : DEBUG : FASTLED : Creating FAST RGB LED at hardware address: 91
2016-03-31 12:33:22,053 : DEBUG : FASTLED : Creating FAST RGB LED at hardware address: 57
2016-03-31 12:33:22,053 : DEBUG : SwitchController : Registering switch handler: s_plungerlane, <bound method BallDevice._switch_changed of <ball_device.bd_plunger>>, state: 1, ms: 500, info: False, cb_kwargs: {}
2016-03-31 12:33:22,054 : DEBUG : SwitchController : Registering switch handler: s_plungerlane, <bound method BallDevice._switch_changed of <ball_device.bd_plunger>>, state: 0, ms: 1000, info: False, cb_kwargs: {}
2016-03-31 12:33:22,054 : DEBUG : Events : Registered BallDevice._target_ready as a handler for 'balldevice_playfield_ok_to_receive', priority: 1, kwargs: {'target': <playfield.playfield>}
2016-03-31 12:33:22,055 : DEBUG : Events : Registered BallDevice._source_device_eject_failed as a handler for 'balldevice_bd_drain_ball_eject_failed', priority: 1, kwargs: {}
2016-03-31 12:33:22,055 : DEBUG : Events : Registered BallDevice._source_device_eject_attempt as a handler for 'balldevice_bd_drain_ball_eject_attempt', priority: 1, kwargs: {}
2016-03-31 12:33:22,055 : DEBUG : Events : Registered BallDevice._source_device_ball_lost as a handler for 'balldevice_bd_drain_ball_lost', priority: 1, kwargs: {}
2016-03-31 12:33:22,055 : DEBUG : Events : Registered BallDevice._source_device_balls_available as a handler for 'balldevice_balls_available', priority: 1, kwargs: {}
2016-03-31 12:33:22,056 : DEBUG : Events : Registered BallDevice._source_device_eject_failed as a handler for 'balldevice_bd_trough_ball_eject_failed', priority: 1, kwargs: {}
2016-03-31 12:33:22,056 : DEBUG : Events : Registered BallDevice._source_device_eject_attempt as a handler for 'balldevice_bd_trough_ball_eject_attempt', priority: 1, kwargs: {}
2016-03-31 12:33:22,056 : DEBUG : Events : Registered BallDevice._source_device_ball_lost as a handler for 'balldevice_bd_trough_ball_lost', priority: 1, kwargs: {}
2016-03-31 12:33:22,056 : DEBUG : Events : Registered BallDevice._source_device_balls_available as a handler for 'balldevice_balls_available', priority: 1, kwargs: {}
2016-03-31 12:33:22,056 : DEBUG : Events : Registered BallDevice._initialize_phase_4 as a handler for 'init_phase_4', priority: 1, kwargs: {}
2016-03-31 12:33:22,056 : DEBUG : SwitchController : Registering switch handler: s_drain, <bound method BallDevice._switch_changed of <ball_device.bd_drain>>, state: 1, ms: 500, info: False, cb_kwargs: {}
2016-03-31 12:33:22,056 : DEBUG : SwitchController : Registering switch handler: s_drain, <bound method BallDevice._switch_changed of <ball_device.bd_drain>>, state: 0, ms: 500, info: False, cb_kwargs: {}
2016-03-31 12:33:22,056 : DEBUG : Events : Registered BallDevice._target_ready as a handler for 'balldevice_bd_trough_ok_to_receive', priority: 1, kwargs: {'target': <ball_device.bd_trough>}
2016-03-31 12:33:22,057 : DEBUG : Events : Registered BallDevice._target_ready as a handler for 'balldevice_bd_plunger_ok_to_receive', priority: 1, kwargs: {'target': <ball_device.bd_plunger>}
2016-03-31 12:33:22,057 : DEBUG : Events : Registered BallDevice._target_ready as a handler for 'balldevice_playfield_ok_to_receive', priority: 1, kwargs: {'target': <playfield.playfield>}
2016-03-31 12:33:22,057 : DEBUG : Events : Registered BallDevice._initialize_phase_4 as a handler for 'init_phase_4', priority: 1, kwargs: {}
2016-03-31 12:33:22,057 : DEBUG : SwitchController : Registering switch handler: s_topkicker, <bound method BallDevice._switch_changed of <ball_device.bd_top_kicker>>, state: 1, ms: 500, info: False, cb_kwargs: {}
2016-03-31 12:33:22,057 : DEBUG : SwitchController : Registering switch handler: s_topkicker, <bound method BallDevice._switch_changed of <ball_device.bd_top_kicker>>, state: 0, ms: 500, info: False, cb_kwargs: {}
2016-03-31 12:33:22,057 : DEBUG : Events : Registered BallDevice._target_ready as a handler for 'balldevice_playfield_ok_to_receive', priority: 1, kwargs: {'target': <playfield.playfield>}
2016-03-31 12:33:22,057 : DEBUG : Events : Registered BallDevice._target_ready as a handler for 'balldevice_bd_top_right_vuk_ok_to_receive', priority: 1, kwargs: {'target': <ball_device.bd_top_right_vuk>}
2016-03-31 12:33:22,058 : DEBUG : Events : Registered BallDevice._initialize_phase_4 as a handler for 'init_phase_4', priority: 1, kwargs: {}
2016-03-31 12:33:22,058 : DEBUG : SwitchController : Registering switch handler: s_troughenter, <bound method BallDevice._entrance_switch_handler of <ball_device.bd_trough>>, state: 1, ms: 0, info: False, cb_kwargs: {}
2016-03-31 12:33:22,058 : DEBUG : SwitchController : Registering switch handler: s_troughenter, <bound method BallDevice._entrance_switch_full_handler of <ball_device.bd_trough>>, state: 1, ms: 3000, info: False, cb_kwargs: {}
2016-03-31 12:33:22,058 : DEBUG : Events : Registered BallDevice._target_ready as a handler for 'balldevice_bd_plunger_ok_to_receive', priority: 1, kwargs: {'target': <ball_device.bd_plunger>}
2016-03-31 12:33:22,058 : DEBUG : Events : Registered BallDevice._target_ready as a handler for 'balldevice_playfield_ok_to_receive', priority: 1, kwargs: {'target': <playfield.playfield>}
2016-03-31 12:33:22,058 : DEBUG : ball_device.bd_trough : EVENT: bd_drain to bd_trough
2016-03-31 12:33:22,058 : DEBUG : Events : Registered BallDevice._source_device_eject_failed as a handler for 'balldevice_bd_drain_ball_eject_failed', priority: 1, kwargs: {}
2016-03-31 12:33:22,059 : DEBUG : Events : Registered BallDevice._source_device_eject_attempt as a handler for 'balldevice_bd_drain_ball_eject_attempt', priority: 1, kwargs: {}
2016-03-31 12:33:22,059 : DEBUG : Events : Registered BallDevice._source_device_ball_lost as a handler for 'balldevice_bd_drain_ball_lost', priority: 1, kwargs: {}
2016-03-31 12:33:22,059 : DEBUG : Events : Registered BallDevice._source_device_balls_available as a handler for 'balldevice_balls_available', priority: 1, kwargs: {}
2016-03-31 12:33:22,059 : DEBUG : Events : Registered BallDevice._initialize_phase_4 as a handler for 'init_phase_4', priority: 1, kwargs: {}
2016-03-31 12:33:22,059 : DEBUG : SwitchController : Registering switch handler: s_lowervukopto, <bound method BallDevice._switch_changed of <ball_device.bd_lower_vuk>>, state: 1, ms: 600, info: False, cb_kwargs: {}
2016-03-31 12:33:22,059 : DEBUG : SwitchController : Registering switch handler: s_lowervukopto, <bound method BallDevice._switch_changed of <ball_device.bd_lower_vuk>>, state: 0, ms: 800, info: False, cb_kwargs: {}
2016-03-31 12:33:22,060 : DEBUG : Events : Registered BallDevice._target_ready as a handler for 'balldevice_playfield_ok_to_receive', priority: 1, kwargs: {'target': <playfield.playfield>}
2016-03-31 12:33:22,060 : DEBUG : Events : Registered BallDevice._initialize_phase_4 as a handler for 'init_phase_4', priority: 1, kwargs: {}
2016-03-31 12:33:22,060 : DEBUG : SwitchController : Registering switch handler: s_toprightvuk, <bound method BallDevice._switch_changed of <ball_device.bd_top_right_vuk>>, state: 1, ms: 500, info: False, cb_kwargs: {}
2016-03-31 12:33:22,060 : DEBUG : SwitchController : Registering switch handler: s_toprightvuk, <bound method BallDevice._switch_changed of <ball_device.bd_top_right_vuk>>, state: 0, ms: 500, info: False, cb_kwargs: {}
2016-03-31 12:33:22,060 : DEBUG : Events : Registered BallDevice._target_ready as a handler for 'balldevice_playfield_ok_to_receive', priority: 1, kwargs: {'target': <playfield.playfield>}
2016-03-31 12:33:22,061 : DEBUG : Events : Registered BallDevice._source_device_eject_failed as a handler for 'balldevice_bd_top_kicker_ball_eject_failed', priority: 1, kwargs: {}
2016-03-31 12:33:22,061 : DEBUG : Events : Registered BallDevice._source_device_eject_attempt as a handler for 'balldevice_bd_top_kicker_ball_eject_attempt', priority: 1, kwargs: {}
2016-03-31 12:33:22,061 : DEBUG : Events : Registered BallDevice._source_device_ball_lost as a handler for 'balldevice_bd_top_kicker_ball_lost', priority: 1, kwargs: {}
2016-03-31 12:33:22,061 : DEBUG : Events : Registered BallDevice._source_device_balls_available as a handler for 'balldevice_balls_available', priority: 1, kwargs: {}
2016-03-31 12:33:22,061 : DEBUG : Events : Registered BallDevice._initialize_phase_4 as a handler for 'init_phase_4', priority: 1, kwargs: {}
2016-03-31 12:33:22,061 : DEBUG : Events : Registered Playfield._source_device_eject_success as a handler for 'balldevice_bd_plunger_ball_eject_success', priority: 1, kwargs: {}
2016-03-31 12:33:22,061 : DEBUG : Events : Registered Playfield._source_device_eject_failed as a handler for 'balldevice_bd_plunger_ball_eject_failed', priority: 1, kwargs: {}
2016-03-31 12:33:22,061 : DEBUG : Events : Registered Playfield._source_device_eject_attempt as a handler for 'balldevice_bd_plunger_ball_eject_attempt', priority: 1, kwargs: {}
2016-03-31 12:33:22,062 : DEBUG : Events : Registered Playfield._source_device_eject_success as a handler for 'balldevice_bd_top_kicker_ball_eject_success', priority: 1, kwargs: {}
2016-03-31 12:33:22,062 : DEBUG : Events : Registered Playfield._source_device_eject_failed as a handler for 'balldevice_bd_top_kicker_ball_eject_failed', priority: 1, kwargs: {}
2016-03-31 12:33:22,062 : DEBUG : Events : Registered Playfield._source_device_eject_attempt as a handler for 'balldevice_bd_top_kicker_ball_eject_attempt', priority: 1, kwargs: {}
2016-03-31 12:33:22,062 : DEBUG : Events : Registered Playfield._source_device_eject_success as a handler for 'balldevice_bd_drain_ball_eject_success', priority: 1, kwargs: {}
2016-03-31 12:33:22,062 : DEBUG : Events : Registered Playfield._source_device_eject_failed as a handler for 'balldevice_bd_drain_ball_eject_failed', priority: 1, kwargs: {}
2016-03-31 12:33:22,062 : DEBUG : Events : Registered Playfield._source_device_eject_attempt as a handler for 'balldevice_bd_drain_ball_eject_attempt', priority: 1, kwargs: {}
2016-03-31 12:33:22,062 : DEBUG : Events : Registered Playfield._source_device_eject_success as a handler for 'balldevice_bd_trough_ball_eject_success', priority: 1, kwargs: {}
2016-03-31 12:33:22,063 : DEBUG : Events : Registered Playfield._source_device_eject_failed as a handler for 'balldevice_bd_trough_ball_eject_failed', priority: 1, kwargs: {}
2016-03-31 12:33:22,063 : DEBUG : Events : Registered Playfield._source_device_eject_attempt as a handler for 'balldevice_bd_trough_ball_eject_attempt', priority: 1, kwargs: {}
2016-03-31 12:33:22,063 : DEBUG : Events : Registered Playfield._source_device_eject_success as a handler for 'balldevice_bd_lower_vuk_ball_eject_success', priority: 1, kwargs: {}
2016-03-31 12:33:22,063 : DEBUG : Events : Registered Playfield._source_device_eject_failed as a handler for 'balldevice_bd_lower_vuk_ball_eject_failed', priority: 1, kwargs: {}
2016-03-31 12:33:22,063 : DEBUG : Events : Registered Playfield._source_device_eject_attempt as a handler for 'balldevice_bd_lower_vuk_ball_eject_attempt', priority: 1, kwargs: {}
2016-03-31 12:33:22,063 : DEBUG : Events : Registered Playfield._source_device_eject_success as a handler for 'balldevice_bd_top_right_vuk_ball_eject_success', priority: 1, kwargs: {}
2016-03-31 12:33:22,064 : DEBUG : Events : Registered Playfield._source_device_eject_failed as a handler for 'balldevice_bd_top_right_vuk_ball_eject_failed', priority: 1, kwargs: {}
2016-03-31 12:33:22,064 : DEBUG : Events : Registered Playfield._source_device_eject_attempt as a handler for 'balldevice_bd_top_right_vuk_ball_eject_attempt', priority: 1, kwargs: {}
2016-03-31 12:33:22,064 : DEBUG : Events : Registered Playfield._ball_removed_handler as a handler for 'balldevice_captured_from_playfield', priority: 1, kwargs: {}
2016-03-31 12:33:22,064 : DEBUG : Events : Registered Playfield.playfield_switch_hit as a handler for 'sw_playfield_active', priority: 1, kwargs: {}
2016-03-31 12:33:22,064 : DEBUG : Events : Registered DropTarget._update_state_from_switch as a handler for 'init_phase_4', priority: 1, kwargs: {}
2016-03-31 12:33:22,064 : DEBUG : Events : Registered DropTarget._register_switch_handlers as a handler for 'init_phase_4', priority: 1, kwargs: {}
2016-03-31 12:33:22,065 : DEBUG : Events : Registered DropTarget._update_state_from_switch as a handler for 'init_phase_4', priority: 1, kwargs: {}
2016-03-31 12:33:22,065 : DEBUG : Events : Registered DropTarget._register_switch_handlers as a handler for 'init_phase_4', priority: 1, kwargs: {}
2016-03-31 12:33:22,065 : DEBUG : Events : Registered DropTarget._update_state_from_switch as a handler for 'init_phase_4', priority: 1, kwargs: {}
2016-03-31 12:33:22,065 : DEBUG : Events : Registered DropTarget._register_switch_handlers as a handler for 'init_phase_4', priority: 1, kwargs: {}
2016-03-31 12:33:22,065 : DEBUG : Events : Registered DropTarget._update_state_from_switch as a handler for 'init_phase_4', priority: 1, kwargs: {}
2016-03-31 12:33:22,065 : DEBUG : Events : Registered DropTarget._register_switch_handlers as a handler for 'init_phase_4', priority: 1, kwargs: {}
2016-03-31 12:33:22,066 : DEBUG : Events : Registered DropTarget._update_state_from_switch as a handler for 'init_phase_4', priority: 1, kwargs: {}
2016-03-31 12:33:22,066 : DEBUG : Events : Registered DropTarget._register_switch_handlers as a handler for 'init_phase_4', priority: 1, kwargs: {}
2016-03-31 12:33:22,066 : DEBUG : Events : ^^^^ Posted event 'drop_targets_up'. Type: None, Callback: None, Args: {}
2016-03-31 12:33:22,066 : DEBUG : Events : ============== EVENTS QUEUE =============
2016-03-31 12:33:22,066 : DEBUG : Events : drop_targets_up, None, None, {}
2016-03-31 12:33:22,066 : DEBUG : Events : =========================================
2016-03-31 12:33:22,067 : DEBUG : Events : Registered Diverter._feeder_eject_attempt as a handler for 'balldevice_playfield_ball_eject_attempt', priority: 1, kwargs: {}
2016-03-31 12:33:22,067 : DEBUG : Events : Registered Diverter._feeder_eject_count_decrease as a handler for 'balldevice_playfield_ball_eject_failed', priority: 1, kwargs: {}
2016-03-31 12:33:22,067 : DEBUG : Events : Registered Diverter._feeder_eject_count_decrease as a handler for 'balldevice_playfield_ball_eject_success', priority: 1, kwargs: {}
2016-03-31 12:33:22,067 : DEBUG : Events : Registered Diverter._register_switches as a handler for 'init_phase_3', priority: 1, kwargs: {}
2016-03-31 12:33:22,067 : DEBUG : Events : Registered Diverter._feeder_eject_attempt as a handler for 'balldevice_playfield_ball_eject_attempt', priority: 1, kwargs: {}
2016-03-31 12:33:22,067 : DEBUG : Events : Registered Diverter._feeder_eject_count_decrease as a handler for 'balldevice_playfield_ball_eject_failed', priority: 1, kwargs: {}
2016-03-31 12:33:22,067 : DEBUG : Events : Registered Diverter._feeder_eject_count_decrease as a handler for 'balldevice_playfield_ball_eject_success', priority: 1, kwargs: {}
2016-03-31 12:33:22,068 : DEBUG : Events : Registered Diverter._register_switches as a handler for 'init_phase_3', priority: 1, kwargs: {}
2016-03-31 12:33:22,068 : DEBUG : Events : ConfigPlayer._initialize (priority: 1) responding to event 'init_phase_1' with args {}
2016-03-31 12:33:22,068 : DEBUG : Mode Controller : Registering <bound method ConfigPlayer.mode_start of ConfigPlayer.lights> as a mode start method. Config section: light_player, priority: 0, kwargs: {}
2016-03-31 12:33:22,068 : DEBUG : Events : ConfigPlayer._initialize (priority: 1) responding to event 'init_phase_1' with args {}
2016-03-31 12:33:22,068 : DEBUG : Mode Controller : Registering <bound method ConfigPlayer.mode_start of ConfigPlayer.coils> as a mode start method. Config section: coil_player, priority: 0, kwargs: {}
2016-03-31 12:33:22,068 : DEBUG : Events : ConfigPlayer._initialize (priority: 1) responding to event 'init_phase_1' with args {}
2016-03-31 12:33:22,069 : DEBUG : Mode Controller : Registering <bound method ConfigPlayer.mode_start of ConfigPlayer.events> as a mode start method. Config section: event_player, priority: 0, kwargs: {}
2016-03-31 12:33:22,069 : DEBUG : Events : ConfigPlayer._initialize (priority: 1) responding to event 'init_phase_1' with args {}
2016-03-31 12:33:22,069 : DEBUG : Mode Controller : Registering <bound method ConfigPlayer.mode_start of ConfigPlayer.shows> as a mode start method. Config section: show_player, priority: 0, kwargs: {}
2016-03-31 12:33:22,069 : DEBUG : Events : ConfigPlayer._initialize (priority: 1) responding to event 'init_phase_1' with args {}
2016-03-31 12:33:22,069 : DEBUG : Mode Controller : Registering <bound method ConfigPlayer.mode_start of ConfigPlayer.random_events> as a mode start method. Config section: random_event_player, priority: 0, kwargs: {}
2016-03-31 12:33:22,069 : DEBUG : Events : ConfigPlayer._initialize (priority: 1) responding to event 'init_phase_1' with args {}
2016-03-31 12:33:22,069 : DEBUG : Mode Controller : Registering <bound method ConfigPlayer.mode_start of ConfigPlayer.flashers> as a mode start method. Config section: flasher_player, priority: 0, kwargs: {}
2016-03-31 12:33:22,069 : DEBUG : Events : ConfigPlayer._initialize (priority: 1) responding to event 'init_phase_1' with args {}
2016-03-31 12:33:22,070 : DEBUG : Mode Controller : Registering <bound method ConfigPlayer.mode_start of ConfigPlayer.bcp> as a mode start method. Config section: bcp_player, priority: 0, kwargs: {}
2016-03-31 12:33:22,070 : DEBUG : Events : ConfigPlayer._initialize (priority: 1) responding to event 'init_phase_1' with args {}
2016-03-31 12:33:22,070 : DEBUG : Mode Controller : Registering <bound method ConfigPlayer.mode_start of ConfigPlayer.triggers> as a mode start method. Config section: trigger_player, priority: 0, kwargs: {}
2016-03-31 12:33:22,070 : DEBUG : Events : ConfigPlayer._initialize (priority: 1) responding to event 'init_phase_1' with args {}
2016-03-31 12:33:22,070 : DEBUG : Mode Controller : Registering <bound method ConfigPlayer.mode_start of ConfigPlayer.gis> as a mode start method. Config section: gi_player, priority: 0, kwargs: {}
2016-03-31 12:33:22,070 : DEBUG : Events : ConfigPlayer._initialize (priority: 1) responding to event 'init_phase_1' with args {}
2016-03-31 12:33:22,070 : DEBUG : Mode Controller : Registering <bound method ConfigPlayer.mode_start of ConfigPlayer.leds> as a mode start method. Config section: led_player, priority: 0, kwargs: {}
2016-03-31 12:33:22,070 : DEBUG : Events : vvvv Finished event 'init_phase_1'. Type: None. Callback: None. Args: {}
2016-03-31 12:33:22,070 : DEBUG : Events : ^^^^ Processing event 'drop_targets_up'. Type: None, Callback: None, Args: {}
2016-03-31 12:33:22,070 : DEBUG : Events : vvvv Finished event 'drop_targets_up'. Type: None. Callback: None. Args: {}
2016-03-31 12:33:22,070 : DEBUG : Events : ^^^^ Posted event 'init_phase_2'. Type: None, Callback: None, Args: {}
2016-03-31 12:33:22,070 : DEBUG : Events : ============== EVENTS QUEUE =============
2016-03-31 12:33:22,070 : DEBUG : Events : init_phase_2, None, None, {}
2016-03-31 12:33:22,071 : DEBUG : Events : =========================================
2016-03-31 12:33:22,071 : DEBUG : Events : ^^^^ Processing event 'init_phase_2'. Type: None, Callback: None, Args: {}
2016-03-31 12:33:22,071 : DEBUG : Events : SwitchController._initialize_switches (priority: 1000) responding to event 'init_phase_2' with args {}
2016-03-31 12:33:22,084 : INFO : FAST : Received SA: 01,00,0B,00002400002D00001F0100
2016-03-31 12:33:22,085 : DEBUG : Events : ModeController._load_modes (priority: 1) responding to event 'init_phase_2' with args {}
2016-03-31 12:33:22,087 : DEBUG : Mode Controller : Found MPF Mode folders: {'attract': 'attract', 'game': 'game', 'credits': 'credits', 'high_score': 'high_score', 'tilt': 'tilt'}
2016-03-31 12:33:22,088 : DEBUG : Mode Controller : Found Machine-specific Mode folders: {'light_hilo': 'light_hilo', 'base': 'base', 'hilo': 'hilo', 'jukebox_hurryup': 'jukebox_hurryup'}
2016-03-31 12:33:22,088 : DEBUG : Mode Controller : Processing mode: attract
2016-03-31 12:33:22,088 : DEBUG : YAML File Interface : Loading file: /Users/gabe/pinball/mpf30/mpf/modes/attract/config/attract.yaml
2016-03-31 12:33:22,090 : DEBUG : Mode Controller : Loading config from /Users/gabe/pinball/mpf30/mpf/modes/attract/config/attract.yaml
2016-03-31 12:33:22,092 : DEBUG : Events : Registered Mode.start as a handler for 'game_ended', priority: 10, kwargs: {}
2016-03-31 12:33:22,092 : DEBUG : Events : Registered Mode.start as a handler for 'reset_complete', priority: 10, kwargs: {}
2016-03-31 12:33:22,092 : DEBUG : Mode Controller : Loaded code from mpf.modes.attract.code.attract
2016-03-31 12:33:22,093 : DEBUG : Mode Controller : Processing mode: game
2016-03-31 12:33:22,093 : DEBUG : YAML File Interface : Loading file: /Users/gabe/pinball/mpf30/mpf/modes/game/config/game.yaml
2016-03-31 12:33:22,095 : DEBUG : Mode Controller : Loading config from /Users/gabe/pinball/mpf30/mpf/modes/game/config/game.yaml
2016-03-31 12:33:22,097 : DEBUG : Events : Registered Mode.start as a handler for 'game_start', priority: 20, kwargs: {}
2016-03-31 12:33:22,097 : DEBUG : Mode Controller : Loaded code from mpf.modes.game.code.game
2016-03-31 12:33:22,097 : DEBUG : Mode Controller : Processing mode: base
2016-03-31 12:33:22,098 : DEBUG : YAML File Interface : Loading file: /Users/gabe/Dropbox/Pinball/Gabe/bnd/modes/base/config/base.yaml
2016-03-31 12:33:22,101 : DEBUG : Mode Controller : Loading config from /Users/gabe/Dropbox/Pinball/Gabe/bnd/modes/base/config/base.yaml
2016-03-31 12:33:22,106 : ERROR : root : invalid syntax (base.py, line 8)
Traceback (most recent call last):
  File "/Users/gabe/pinball/mpf30/mpf/commands/core.py", line 133, in __init__
    MachineController(mpf_path, machine_path, vars(args)).run()
  File "/Users/gabe/pinball/mpf30/mpf/core/machine.py", line 111, in __init__
    self._run_init_phases()
  File "/Users/gabe/pinball/mpf30/mpf/core/machine.py", line 129, in _run_init_phases
    self.events.process_event_queue()
  File "/Users/gabe/pinball/mpf30/mpf/core/events.py", line 477, in process_event_queue
    **event[3])
  File "/Users/gabe/pinball/mpf30/mpf/core/events.py", line 412, in _process_event
    result = handler[0](**merged_kwargs)
  File "/Users/gabe/pinball/mpf30/mpf/core/mode_controller.py", line 88, in _load_modes
    self.machine.modes[mode] = self._load_mode(mode.lower())
  File "/Users/gabe/pinball/mpf30/mpf/core/mode_controller.py", line 182, in _load_mode
    config['mode']['code'].split('.')[0])
  File "/Applications/Kivy.app/Contents/Frameworks/python/3.5.0/lib/python3.5/importlib/__init__.py", line 126, in import_module
    return _bootstrap._gcd_import(name[level:], package, level)
  File "<frozen importlib._bootstrap>", line 986, in _gcd_import
  File "<frozen importlib._bootstrap>", line 969, in _find_and_load
  File "<frozen importlib._bootstrap>", line 958, in _find_and_load_unlocked
  File "<frozen importlib._bootstrap>", line 673, in _load_unlocked
  File "<frozen importlib._bootstrap_external>", line 658, in exec_module
  File "<frozen importlib._bootstrap_external>", line 764, in get_code
  File "<frozen importlib._bootstrap_external>", line 724, in source_to_code
  File "<frozen importlib._bootstrap>", line 222, in _call_with_frames_removed
  File "/Users/gabe/Dropbox/Pinball/Gabe/bnd/modes/base/code/base.py", line 8
    if count == 3
                ^
SyntaxError: invalid syntax
