2016-03-27 00:00:29,022 : INFO : Machine : Mission Pinball Framework v0.30.0.dev801
2016-03-27 00:00:29,022 : INFO : Machine : Loading cached config: /Users/gabe/Dropbox/Pinball/Gabe/bnd/__mpfcache__/config_config.p
2016-03-27 00:00:29,030 : INFO : FAST : Configuring FAST hardware.
2016-03-27 00:00:29,030 : INFO : Machine : Loading core modules...
2016-03-27 00:00:29,210 : INFO : FAST : Configuring FAST Controller for FAST IO boards.
2016-03-27 00:00:29,210 : INFO : FAST : Connecting to /dev/tty.usbserial-141C at 921600bps
2016-03-27 00:00:30,727 : INFO : FAST : Received ID acknowledgement. Processor: RGB, Board: FP-CPU-002-2, Firmware: 01.00
2016-03-27 00:00:30,728 : INFO : FAST : Connecting to /dev/tty.usbserial-141B at 921600bps
2016-03-27 00:00:32,245 : INFO : FAST : Received ID acknowledgement. Processor: NET, Board: FP-CPU-002-2, Firmware: 01.00
2016-03-27 00:00:32,262 : INFO : FAST : Fast IO Board 00: Model: FP-I/O-3208-2, Firmware: 01.00, Switches: 32, Drivers: 8
2016-03-27 00:00:32,277 : INFO : FAST : Fast IO Board 01: Model: FP-I/O-3208-2, Firmware: 01.00, Switches: 32, Drivers: 8
2016-03-27 00:00:32,293 : INFO : FAST : Fast IO Board 02: Model: FP-I/O-1616-2, Firmware: 01.00, Switches: 16, Drivers: 16
2016-03-27 00:00:32,378 : INFO : DeviceManager : Loading devices...
2016-03-27 00:00:32,428 : INFO : FAST : Received SA: 01,00,0B,00002400002D00001F0100
2016-03-27 00:00:32,446 : WARNING : BCPClientSocket.local_display : Failed to connect to remote BCP host localhost:5050. Error: [Errno 61] Connection refused
2016-03-27 00:00:32,447 : WARNING : BCPClientSocket.local_display : Failed to connect to remote BCP host localhost:5050. Error: [Errno 61] Connection refused
2016-03-27 00:00:32,448 : WARNING : BCPClientSocket.local_display : Failed to connect to remote BCP host localhost:5050. Error: [Errno 61] Connection refused
2016-03-27 00:00:32,448 : INFO : Machine : Loading plugins...
2016-03-27 00:00:32,469 : WARNING : BCPClientSocket.local_display : Failed to connect to remote BCP host localhost:5050. Error: [Errno 61] Connection refused
2016-03-27 00:00:32,470 : INFO : SwitchController : Dumping current active switches
2016-03-27 00:00:32,470 : INFO : SwitchController : Active Switch|s_drain
2016-03-27 00:00:32,470 : INFO : SwitchController : Active Switch|s_droptarget3
2016-03-27 00:00:32,470 : INFO : SwitchController : Active Switch|s_droptarget2
2016-03-27 00:00:32,470 : INFO : SwitchController : Active Switch|s_troughenter
2016-03-27 00:00:32,471 : INFO : SwitchController : Active Switch|s_droptarget5
2016-03-27 00:00:32,471 : INFO : SwitchController : Active Switch|s_droptarget4
2016-03-27 00:00:32,471 : INFO : SwitchController : Active Switch|s_droptarget1
2016-03-27 00:00:32,471 : INFO : FAST : Received SA: 01,00,0B,00002400002D00001F0100
2016-03-27 00:00:32,472 : INFO : Mode.attract : Mode Starting. Priority: 10
2016-03-27 00:00:32,473 : INFO : Mode Controller : +=========== ACTIVE MODES ============+
2016-03-27 00:00:32,473 : INFO : Mode Controller : | attract : 10                        |
2016-03-27 00:00:32,473 : INFO : Mode Controller : +-------------------------------------+
2016-03-27 00:00:39,935 : INFO : SwitchController : <<<<< switch: s_start, State:1 >>>>>
2016-03-27 00:00:40,162 : INFO : SwitchController : <<<<< switch: s_start, State:0 >>>>>
2016-03-27 00:00:40,163 : INFO : Mode.game : Mode Starting. Priority: 20
2016-03-27 00:00:40,164 : INFO : Mode Controller : +=========== ACTIVE MODES ============+
2016-03-27 00:00:40,164 : INFO : Mode Controller : +-------------------------------------+
2016-03-27 00:00:40,165 : INFO : Mode Controller : +=========== ACTIVE MODES ============+
2016-03-27 00:00:40,165 : INFO : Mode Controller : | game : 20                           |
2016-03-27 00:00:40,165 : INFO : Mode Controller : +-------------------------------------+
2016-03-27 00:00:40,167 : INFO : Mode.game : Player added successfully. Total players: 1
2016-03-27 00:00:40,167 : INFO : Mode.game : ***************************************************
2016-03-27 00:00:40,168 : INFO : Mode.game : ****************** BALL STARTING ******************
2016-03-27 00:00:40,168 : INFO : Mode.game : **                                               **
2016-03-27 00:00:40,168 : INFO : Mode.game : **    Player: 1    Ball: 1   Score: 0            **
2016-03-27 00:00:40,169 : INFO : Mode.game : **                                               **
2016-03-27 00:00:40,169 : INFO : Mode.game : ***************************************************
2016-03-27 00:00:40,169 : INFO : Mode.game : ***************************************************
2016-03-27 00:00:40,169 : INFO : Mode.base : Mode Starting. Priority: 100
2016-03-27 00:00:40,171 : INFO : Mode Controller : +=========== ACTIVE MODES ============+
2016-03-27 00:00:40,172 : INFO : Mode Controller : | base : 100                          |
2016-03-27 00:00:40,172 : INFO : Mode Controller : | game : 20                           |
2016-03-27 00:00:40,172 : INFO : Mode Controller : +-------------------------------------+
2016-03-27 00:00:41,056 : INFO : SwitchController : <<<<< switch: s_plungerlane, State:1 >>>>>
2016-03-27 00:00:41,183 : WARNING : FAST : Received unknown serial command? TN:P. (This is ok to ignore for now while the FAST platform is in development)
2016-03-27 00:00:41,572 : INFO : SwitchController : <<<<< switch: s_troughenter, State:0 >>>>>
2016-03-27 00:00:41,671 : INFO : SwitchController : <<<<< switch: s_drain, State:0 >>>>>
2016-03-27 00:00:41,795 : INFO : SwitchController : <<<<< switch: s_troughenter, State:1 >>>>>
2016-03-27 00:00:45,860 : INFO : SwitchController : <<<<< switch: s_plungerlane, State:0 >>>>>
2016-03-27 00:01:05,027 : INFO : Machine : Actual MPF loop rate: 70.24 Hz
2016-03-27 00:01:05,027 : INFO : root : MPF run loop ended.
