2016-03-26 11:18:45,283 : INFO : Machine : Mission Pinball Framework v0.30.0.dev801
2016-03-26 11:18:45,284 : INFO : Machine : Loading config from original files
2016-03-26 11:18:45,491 : INFO : Machine : Machine config file #1: /Users/gabe/Dropbox/Pinball/Gabe/bnd/config/config
2016-03-26 11:18:46,123 : INFO : Machine : Config file cache created: /Users/gabe/Dropbox/Pinball/Gabe/bnd/__mpfcache__/config_config.p
2016-03-26 11:18:46,187 : INFO : FAST : Configuring FAST hardware.
2016-03-26 11:18:46,190 : INFO : Machine : Loading core modules...
2016-03-26 11:18:46,885 : INFO : FAST : Configuring FAST Controller for FAST IO boards.
2016-03-26 11:18:46,886 : INFO : FAST : Connecting to /dev/tty.usbserial-141C at 921600bps
2016-03-26 11:18:48,405 : INFO : FAST : Received ID acknowledgement. Processor: RGB, Board: FP-CPU-002-2, Firmware: 01.00
2016-03-26 11:18:48,407 : INFO : FAST : Connecting to /dev/tty.usbserial-141B at 921600bps
2016-03-26 11:18:49,925 : INFO : FAST : Received ID acknowledgement. Processor: NET, Board: FP-CPU-002-2, Firmware: 01.00
2016-03-26 11:18:49,940 : INFO : FAST : Fast IO Board 00: Model: FP-I/O-3208-2, Firmware: 01.00, Switches: 32, Drivers: 8
2016-03-26 11:18:49,958 : INFO : FAST : Fast IO Board 01: Model: FP-I/O-3208-2, Firmware: 01.00, Switches: 32, Drivers: 8
2016-03-26 11:18:49,973 : INFO : FAST : Fast IO Board 02: Model: FP-I/O-1616-2, Firmware: 01.00, Switches: 16, Drivers: 16
2016-03-26 11:18:50,061 : INFO : DeviceManager : Loading devices...
2016-03-26 11:18:50,217 : INFO : FAST : Received SA: 01,00,0B,00002400002D0000020100
2016-03-26 11:18:50,250 : WARNING : BCPClientSocket.local_display : Failed to connect to remote BCP host localhost:5050. Error: [Errno 61] Connection refused
2016-03-26 11:18:50,253 : WARNING : BCPClientSocket.local_display : Failed to connect to remote BCP host localhost:5050. Error: [Errno 61] Connection refused
2016-03-26 11:18:50,258 : INFO : Machine : Loading plugins...
2016-03-26 11:18:50,331 : WARNING : BCPClientSocket.local_display : Failed to connect to remote BCP host localhost:5050. Error: [Errno 61] Connection refused
2016-03-26 11:18:50,333 : INFO : SwitchController : Dumping current active switches
2016-03-26 11:18:50,334 : INFO : SwitchController : Active Switch|s_drain
2016-03-26 11:18:50,335 : INFO : SwitchController : Active Switch|s_droptarget2
2016-03-26 11:18:50,336 : INFO : SwitchController : Active Switch|s_troughenter
2016-03-26 11:18:50,339 : INFO : Mode.attract : Mode Starting. Priority: 10
2016-03-26 11:18:50,352 : WARNING : BCPClientSocket.local_display : Failed to connect to remote BCP host localhost:5050. Error: [Errno 61] Connection refused
2016-03-26 11:18:50,355 : INFO : Mode Controller : +=========== ACTIVE MODES ============+
2016-03-26 11:18:50,356 : INFO : Mode Controller : | attract : 10                        |
2016-03-26 11:18:50,357 : INFO : Mode Controller : +-------------------------------------+
2016-03-26 11:18:51,567 : INFO : SwitchController : <<<<< switch: s_start, State:1 >>>>>
2016-03-26 11:18:51,820 : INFO : SwitchController : <<<<< switch: s_start, State:0 >>>>>
2016-03-26 11:18:51,821 : INFO : Mode.game : Mode Starting. Priority: 20
2016-03-26 11:18:51,822 : INFO : Mode Controller : +=========== ACTIVE MODES ============+
2016-03-26 11:18:51,822 : INFO : Mode Controller : +-------------------------------------+
2016-03-26 11:18:51,822 : INFO : Mode Controller : +=========== ACTIVE MODES ============+
2016-03-26 11:18:51,823 : INFO : Mode Controller : | game : 20                           |
2016-03-26 11:18:51,823 : INFO : Mode Controller : +-------------------------------------+
2016-03-26 11:18:51,824 : INFO : Mode.game : Player added successfully. Total players: 1
2016-03-26 11:18:51,825 : INFO : Mode.game : ***************************************************
2016-03-26 11:18:51,826 : INFO : Mode.game : ****************** BALL STARTING ******************
2016-03-26 11:18:51,826 : INFO : Mode.game : **                                               **
2016-03-26 11:18:51,826 : INFO : Mode.game : **    Player: 1    Ball: 1   Score: 0            **
2016-03-26 11:18:51,826 : INFO : Mode.game : **                                               **
2016-03-26 11:18:51,826 : INFO : Mode.game : ***************************************************
2016-03-26 11:18:51,826 : INFO : Mode.game : ***************************************************
2016-03-26 11:19:11,929 : INFO : SwitchController : <<<<< switch: s_drain, State:0 >>>>>
2016-03-26 11:19:15,610 : INFO : Machine : Actual MPF loop rate: 68.3 Hz
2016-03-26 11:19:15,611 : INFO : root : MPF run loop ended.
