2016-06-17 17:53:06,328 : INFO : kivy : Factory: 179 symbols loaded
2016-06-17 17:53:06,458 : INFO : kivy : Image: Providers: img_tex, img_imageio, img_dds, img_gif, img_sdl2 (img_pil, img_ffpyplayer ignored)
2016-06-17 17:53:06,658 : INFO : kivy : VideoGstplayer: Using Gstreamer 1.4.5.0
2016-06-17 17:53:06,658 : INFO : kivy : Video: Provider: gstplayer
2016-06-17 17:53:06,680 : INFO : kivy : Loading MPF-MC controller
2016-06-17 17:53:06,680 : INFO : mpfmc : Mission Pinball Framework Media Controller v0.30.0.dev496
2016-06-17 17:53:06,681 : INFO : mpfmc : Machine path: /Users/gabe/Dropbox/Pinball/Gabe/bnd
2016-06-17 17:53:06,681 : INFO : mpfmc : Starting clock at 60.0Hz
2016-06-17 17:53:06,695 : INFO : kivy : Text: Provider: sdl2
2016-06-17 17:53:06,976 : INFO : kivy : OSC: using <multiprocessing> for socket
2016-06-17 17:53:06,979 : INFO : kivy : Window: Provider: sdl2
2016-06-17 17:53:07,137 : INFO : kivy : GL: OpenGL version <b'2.1 INTEL-10.8.77'>
2016-06-17 17:53:07,137 : INFO : kivy : GL: OpenGL vendor <b'Intel Inc.'>
2016-06-17 17:53:07,137 : INFO : kivy : GL: OpenGL renderer <b'Intel(R) Iris(TM) Graphics 6100'>
2016-06-17 17:53:07,138 : INFO : kivy : GL: OpenGL parsed version: 2, 1
2016-06-17 17:53:07,138 : INFO : kivy : GL: Shading version <b'1.20'>
2016-06-17 17:53:07,138 : INFO : kivy : GL: Texture max size <16384>
2016-06-17 17:53:07,138 : INFO : kivy : GL: Texture max units <16>
2016-06-17 17:53:07,164 : INFO : kivy : Window: auto add sdl2 input provider
2016-06-17 17:53:07,166 : INFO : kivy : Window: virtual keyboard not allowed, single mode, not docked
2016-06-17 17:53:07,170 : INFO : SoundSystem : SoundSystem: Using default 'sound_system' settings
2016-06-17 17:53:07,203 : INFO : AudioInterface : Initialized 0.30.0-dev16
2016-06-17 17:53:07,206 : INFO : kivy : Base: Start application main loop
2016-06-17 17:53:07,344 : INFO : kivy : GL: NPOT texture support is available
2016-06-17 17:53:07,413 : INFO : BCP : Starting up on localhost port 5050
2016-06-17 17:53:07,415 : INFO : BCP : Waiting for a connection...
2016-06-17 17:53:27,959 : INFO : kivy : Base: Leaving application in progress...
2016-06-17 17:53:28,003 : INFO : mpfmc : Stopping...
2016-06-17 17:53:28,003 : INFO : mpfmc : Loop rate 59.38Hz
2016-06-17 17:53:28,003 : INFO : kivy : MC run loop ended.
2016-06-17 17:53:28,003 : INFO : kivy : Stopping child threads... (3 remaining)
2016-06-17 17:53:28,743 : INFO : BCP : Stopping BCP sending thread
2016-06-17 17:53:28,744 : INFO : BCP : Stopping BCP listener thread
2016-06-17 17:53:28,810 : INFO : kivy : All child threads stopped.
