2016-03-25 16:45:14,876 : INFO : Machine : Mission Pinball Framework v0.30.0.dev801
2016-03-25 16:45:14,877 : INFO : Machine : Loading cached config: /Users/gabe/Dropbox/Pinball/Gabe/bnd/__mpfcache__/config_config.p
2016-03-25 16:45:14,888 : INFO : FAST : Configuring FAST hardware.
2016-03-25 16:45:14,888 : INFO : Machine : Loading core modules...
2016-03-25 16:45:15,055 : INFO : FAST : Configuring FAST Controller for FAST IO boards.
2016-03-25 16:45:15,056 : INFO : FAST : Connecting to /dev/tty.usbserial-141C at 921600bps
2016-03-25 16:45:16,573 : INFO : FAST : Received ID acknowledgement. Processor: RGB, Board: FP-CPU-002-2, Firmware: 01.00
2016-03-25 16:45:16,574 : INFO : FAST : Connecting to /dev/tty.usbserial-141B at 921600bps
2016-03-25 16:45:18,092 : INFO : FAST : Received ID acknowledgement. Processor: NET, Board: FP-CPU-002-2, Firmware: 01.00
2016-03-25 16:45:18,108 : INFO : FAST : Fast IO Board 00: Model: FP-I/O-3208-2, Firmware: 01.00, Switches: 32, Drivers: 8
2016-03-25 16:45:18,124 : INFO : FAST : Fast IO Board 01: Model: FP-I/O-3208-2, Firmware: 01.00, Switches: 32, Drivers: 8
2016-03-25 16:45:18,140 : INFO : FAST : Fast IO Board 02: Model: FP-I/O-1616-2, Firmware: 01.00, Switches: 16, Drivers: 16
2016-03-25 16:45:18,225 : INFO : DeviceManager : Loading devices...
2016-03-25 16:45:18,277 : INFO : FAST : Received SA: 01,00,0B,00002400002D0000020100
2016-03-25 16:45:18,294 : WARNING : BCPClientSocket.local_display : Failed to connect to remote BCP host localhost:5050. Error: [Errno 61] Connection refused
2016-03-25 16:45:18,295 : WARNING : BCPClientSocket.local_display : Failed to connect to remote BCP host localhost:5050. Error: [Errno 61] Connection refused
2016-03-25 16:45:18,295 : INFO : Machine : Loading plugins...
2016-03-25 16:45:18,310 : WARNING : BCPClientSocket.local_display : Failed to connect to remote BCP host localhost:5050. Error: [Errno 61] Connection refused
2016-03-25 16:45:18,310 : INFO : SwitchController : Dumping current active switches
2016-03-25 16:45:18,310 : INFO : SwitchController : Active Switch|s_troughenter
2016-03-25 16:45:18,310 : INFO : SwitchController : Active Switch|s_droptarget2
2016-03-25 16:45:18,310 : INFO : SwitchController : Active Switch|s_drain
2016-03-25 16:45:18,311 : INFO : FAST : Received SA: 01,00,0B,00002400002D0000020100
2016-03-25 16:45:18,311 : INFO : Mode.attract : Mode Starting. Priority: 10
2016-03-25 16:45:18,315 : WARNING : BCPClientSocket.local_display : Failed to connect to remote BCP host localhost:5050. Error: [Errno 61] Connection refused
2016-03-25 16:45:18,316 : INFO : Mode Controller : +=========== ACTIVE MODES ============+
2016-03-25 16:45:18,316 : INFO : Mode Controller : | attract : 10                        |
2016-03-25 16:45:18,316 : INFO : Mode Controller : +-------------------------------------+
2016-03-25 16:45:25,623 : INFO : SwitchController : <<<<< switch: s_start, State:1 >>>>>
2016-03-25 16:45:25,745 : INFO : SwitchController : <<<<< switch: s_start, State:0 >>>>>
2016-03-25 16:45:25,746 : INFO : Mode.game : Mode Starting. Priority: 20
2016-03-25 16:45:25,747 : INFO : Mode Controller : +=========== ACTIVE MODES ============+
2016-03-25 16:45:25,747 : INFO : Mode Controller : +-------------------------------------+
2016-03-25 16:45:25,748 : INFO : Mode Controller : +=========== ACTIVE MODES ============+
2016-03-25 16:45:25,748 : INFO : Mode Controller : | game : 20                           |
2016-03-25 16:45:25,748 : INFO : Mode Controller : +-------------------------------------+
2016-03-25 16:45:25,749 : INFO : Mode.game : Player added successfully. Total players: 1
2016-03-25 16:45:25,749 : INFO : Mode.game : ***************************************************
2016-03-25 16:45:25,749 : INFO : Mode.game : ****************** BALL STARTING ******************
2016-03-25 16:45:25,750 : INFO : Mode.game : **                                               **
2016-03-25 16:45:25,750 : INFO : Mode.game : **    Player: 1    Ball: 1   Score: 0            **
2016-03-25 16:45:25,751 : INFO : Mode.game : **                                               **
2016-03-25 16:45:25,751 : INFO : Mode.game : ***************************************************
2016-03-25 16:45:25,751 : INFO : Mode.game : ***************************************************
2016-03-25 16:45:25,808 : INFO : SwitchController : <<<<< switch: s_droptarget4, State:1 >>>>>
2016-03-25 16:45:25,823 : INFO : SwitchController : <<<<< switch: s_droptarget4, State:0 >>>>>
2016-03-25 16:45:30,421 : INFO : Machine : Actual MPF loop rate: 67.66 Hz
2016-03-25 16:45:30,422 : INFO : root : MPF run loop ended.
