2016-03-25 00:20:48,342 : INFO : Machine : Mission Pinball Framework v0.30.0.dev700
2016-03-25 00:20:48,343 : INFO : Machine : Loading cached config: /Users/gabe/Dropbox/Pinball/Gabe/bnd/__mpfcache__/config_config.p
2016-03-25 00:20:48,350 : INFO : FAST : Configuring FAST hardware.
2016-03-25 00:20:48,350 : INFO : Machine : Loading core modules...
2016-03-25 00:20:48,544 : INFO : FAST : Configuring FAST Controller for FAST IO boards.
2016-03-25 00:20:48,545 : INFO : FAST : Connecting to /dev/tty.usbserial-141C at 921600bps
2016-03-25 00:20:50,061 : INFO : FAST : Received ID acknowledgement. Processor: RGB, Board: FP-CPU-002-2, Firmware: 01.00
2016-03-25 00:20:50,062 : INFO : FAST : Connecting to /dev/tty.usbserial-141B at 921600bps
2016-03-25 00:20:51,579 : INFO : FAST : Received ID acknowledgement. Processor: NET, Board: FP-CPU-002-2, Firmware: 01.00
2016-03-25 00:20:51,596 : INFO : FAST : Fast IO Board 00: Model: FP-I/O-3208-2, Firmware: 01.00, Switches: 32, Drivers: 8
2016-03-25 00:20:51,612 : INFO : FAST : Fast IO Board 01: Model: FP-I/O-3208-2, Firmware: 01.00, Switches: 32, Drivers: 8
2016-03-25 00:20:51,627 : INFO : FAST : Fast IO Board 02: Model: FP-I/O-1616-2, Firmware: 01.00, Switches: 16, Drivers: 16
2016-03-25 00:20:51,712 : INFO : DeviceManager : Loading devices...
2016-03-25 00:20:51,763 : INFO : FAST : Received SA: 01,00,0B,00000400002D0000020100
2016-03-25 00:20:51,776 : INFO : Machine : Loading plugins...
2016-03-25 00:20:51,791 : INFO : SwitchController : Dumping current active switches
2016-03-25 00:20:51,791 : INFO : SwitchController : Active Switch|s_troughenter
2016-03-25 00:20:51,791 : INFO : SwitchController : Active Switch|s_droptarget2
2016-03-25 00:20:51,792 : INFO : FAST : Received SA: 01,00,0B,00000400002D0000020100
2016-03-25 00:20:51,792 : INFO : Mode.attract : Mode Starting. Priority: 10
2016-03-25 00:20:51,793 : INFO : Mode Controller : +=========== ACTIVE MODES ============+
2016-03-25 00:20:51,793 : INFO : Mode Controller : | attract : 10                        |
2016-03-25 00:20:51,793 : INFO : Mode Controller : +-------------------------------------+
2016-03-25 00:20:55,029 : INFO : SwitchController : <<<<< switch: s_leftinlane, State:1 >>>>>
2016-03-25 00:20:56,662 : INFO : SwitchController : <<<<< switch: s_plungerlane, State:1 >>>>>
2016-03-25 00:20:56,806 : INFO : SwitchController : <<<<< switch: s_troughenter, State:0 >>>>>
2016-03-25 00:20:57,163 : WARNING : playfield : Playfield balls went to -1. Resetting to 0, but FYI that something's weird
2016-03-25 00:20:57,209 : INFO : SwitchController : <<<<< switch: s_plungerlane, State:0 >>>>>
2016-03-25 00:20:57,586 : INFO : SwitchController : <<<<< switch: s_rightrampopto, State:1 >>>>>
2016-03-25 00:20:57,602 : INFO : SwitchController : <<<<< switch: s_rightrampopto, State:0 >>>>>
2016-03-25 00:20:58,084 : INFO : SwitchController : <<<<< switch: s_leftrampopto, State:1 >>>>>
2016-03-25 00:20:58,110 : INFO : SwitchController : <<<<< switch: s_leftrampopto, State:0 >>>>>
2016-03-25 00:20:59,262 : INFO : SwitchController : <<<<< switch: s_plungerlane, State:1 >>>>>
2016-03-25 00:20:59,334 : INFO : SwitchController : <<<<< switch: s_leftinlane, State:0 >>>>>
2016-03-25 00:21:01,277 : INFO : SwitchController : <<<<< switch: s_drain, State:1 >>>>>
2016-03-25 00:21:01,782 : WARNING : playfield : Playfield balls went to -1. Resetting to 0, but FYI that something's weird
2016-03-25 00:21:01,821 : INFO : SwitchController : <<<<< switch: s_plungerlane, State:0 >>>>>
2016-03-25 00:21:02,293 : INFO : SwitchController : <<<<< switch: s_rightrampopto, State:1 >>>>>
2016-03-25 00:21:02,321 : INFO : SwitchController : <<<<< switch: s_rightrampopto, State:0 >>>>>
2016-03-25 00:21:05,416 : INFO : SwitchController : <<<<< switch: s_topkicker, State:1 >>>>>
2016-03-25 00:21:05,987 : INFO : SwitchController : <<<<< switch: s_topkicker, State:0 >>>>>
2016-03-25 00:21:07,403 : INFO : SwitchController : <<<<< switch: s_leftlane, State:1 >>>>>
2016-03-25 00:21:07,460 : INFO : SwitchController : <<<<< switch: s_leftlane, State:0 >>>>>
2016-03-25 00:21:14,434 : INFO : SwitchController : <<<<< switch: s_drain, State:0 >>>>>
2016-03-25 00:21:14,689 : INFO : SwitchController : <<<<< switch: s_troughenter, State:1 >>>>>
2016-03-25 00:21:14,689 : WARNING : ball_device.bd_trough : Device received balls but is already full. Ignoring!
2016-03-25 00:21:14,842 : INFO : SwitchController : <<<<< switch: s_troughenter, State:0 >>>>>
2016-03-25 00:21:14,999 : INFO : SwitchController : <<<<< switch: s_drain, State:1 >>>>>
2016-03-25 00:21:15,060 : INFO : SwitchController : <<<<< switch: s_drain, State:0 >>>>>
2016-03-25 00:21:15,086 : INFO : SwitchController : <<<<< switch: s_drain, State:1 >>>>>
2016-03-25 00:21:16,625 : INFO : SwitchController : <<<<< switch: s_drain, State:0 >>>>>
2016-03-25 00:21:16,851 : INFO : SwitchController : <<<<< switch: s_troughenter, State:1 >>>>>
2016-03-25 00:21:16,852 : WARNING : ball_device.bd_trough : Device received balls but is already full. Ignoring!
2016-03-25 00:21:21,662 : INFO : Machine : Actual MPF loop rate: 70.15 Hz
2016-03-25 00:21:21,662 : INFO : root : MPF run loop ended.
