2016-03-25 00:09:26,090 : INFO : Machine : Mission Pinball Framework v0.30.0.dev700
2016-03-25 00:09:26,091 : INFO : Machine : Loading cached config: /Users/gabe/Dropbox/Pinball/Gabe/bnd/__mpfcache__/config_config.p
2016-03-25 00:09:26,098 : INFO : FAST : Configuring FAST hardware.
2016-03-25 00:09:26,099 : INFO : Machine : Loading core modules...
2016-03-25 00:09:26,311 : INFO : FAST : Configuring FAST Controller for FAST IO boards.
2016-03-25 00:09:26,311 : INFO : FAST : Connecting to /dev/tty.usbserial-141C at 921600bps
2016-03-25 00:09:27,829 : INFO : FAST : Received ID acknowledgement. Processor: RGB, Board: FP-CPU-002-2, Firmware: 01.00
2016-03-25 00:09:27,830 : INFO : FAST : Connecting to /dev/tty.usbserial-141B at 921600bps
2016-03-25 00:09:29,349 : INFO : FAST : Received ID acknowledgement. Processor: NET, Board: FP-CPU-002-2, Firmware: 01.00
2016-03-25 00:09:29,365 : INFO : FAST : Fast IO Board 00: Model: FP-I/O-3208-2, Firmware: 01.00, Switches: 32, Drivers: 8
2016-03-25 00:09:29,381 : INFO : FAST : Fast IO Board 01: Model: FP-I/O-3208-2, Firmware: 01.00, Switches: 32, Drivers: 8
2016-03-25 00:09:29,397 : INFO : FAST : Fast IO Board 02: Model: FP-I/O-1616-2, Firmware: 01.00, Switches: 16, Drivers: 16
2016-03-25 00:09:29,482 : INFO : DeviceManager : Loading devices...
2016-03-25 00:09:29,535 : INFO : FAST : Received SA: 01,00,0B,00002400002D0000020100
2016-03-25 00:09:29,550 : WARNING : BCPClientSocket.local_display : Failed to connect to remote BCP host localhost:5050. Error: [Errno 61] Connection refused
2016-03-25 00:09:29,551 : WARNING : BCPClientSocket.local_display : Failed to connect to remote BCP host localhost:5050. Error: [Errno 61] Connection refused
2016-03-25 00:09:29,551 : INFO : Machine : Loading plugins...
2016-03-25 00:09:29,569 : WARNING : BCPClientSocket.local_display : Failed to connect to remote BCP host localhost:5050. Error: [Errno 61] Connection refused
2016-03-25 00:09:29,569 : INFO : SwitchController : Dumping current active switches
2016-03-25 00:09:29,569 : INFO : SwitchController : Active Switch|s_drain
2016-03-25 00:09:29,569 : INFO : SwitchController : Active Switch|s_droptarget2
2016-03-25 00:09:29,572 : INFO : SwitchController : Active Switch|s_troughenter
2016-03-25 00:09:29,572 : INFO : FAST : Received SA: 01,00,0B,00002400002D0000020100
2016-03-25 00:09:29,573 : INFO : Mode.attract : Mode Starting. Priority: 10
2016-03-25 00:09:29,576 : WARNING : BCPClientSocket.local_display : Failed to connect to remote BCP host localhost:5050. Error: [Errno 61] Connection refused
2016-03-25 00:09:29,576 : INFO : Mode Controller : +=========== ACTIVE MODES ============+
2016-03-25 00:09:29,576 : INFO : Mode Controller : | attract : 10                        |
2016-03-25 00:09:29,576 : INFO : Mode Controller : +-------------------------------------+
2016-03-25 00:09:35,976 : INFO : Machine : Actual MPF loop rate: 70.06 Hz
2016-03-25 00:09:35,977 : INFO : root : MPF run loop ended.
