2016-03-26 11:19:17,793 : INFO : Machine : Mission Pinball Framework v0.30.0.dev801
2016-03-26 11:19:17,800 : INFO : Machine : Loading config from original files
2016-03-26 11:19:18,060 : INFO : Machine : Machine config file #1: /Users/gabe/Dropbox/Pinball/Gabe/bnd/config/config
2016-03-26 11:19:18,542 : INFO : Machine : Config file cache created: /Users/gabe/Dropbox/Pinball/Gabe/bnd/__mpfcache__/config_config.p
2016-03-26 11:19:18,573 : INFO : FAST : Configuring FAST hardware.
2016-03-26 11:19:18,575 : INFO : Machine : Loading core modules...
2016-03-26 11:19:19,200 : INFO : FAST : Configuring FAST Controller for FAST IO boards.
2016-03-26 11:19:19,201 : INFO : FAST : Connecting to /dev/tty.usbserial-141C at 921600bps
2016-03-26 11:19:20,720 : INFO : FAST : Received ID acknowledgement. Processor: RGB, Board: FP-CPU-002-2, Firmware: 01.00
2016-03-26 11:19:20,722 : INFO : FAST : Connecting to /dev/tty.usbserial-141B at 921600bps
2016-03-26 11:19:22,241 : INFO : FAST : Received ID acknowledgement. Processor: NET, Board: FP-CPU-002-2, Firmware: 01.00
2016-03-26 11:19:22,257 : INFO : FAST : Fast IO Board 00: Model: FP-I/O-3208-2, Firmware: 01.00, Switches: 32, Drivers: 8
2016-03-26 11:19:22,273 : INFO : FAST : Fast IO Board 01: Model: FP-I/O-3208-2, Firmware: 01.00, Switches: 32, Drivers: 8
2016-03-26 11:19:22,289 : INFO : FAST : Fast IO Board 02: Model: FP-I/O-1616-2, Firmware: 01.00, Switches: 16, Drivers: 16
2016-03-26 11:19:22,385 : INFO : DeviceManager : Loading devices...
2016-03-26 11:19:22,511 : INFO : FAST : Received SA: 01,00,0B,00000400002D0000020100
2016-03-26 11:19:22,513 : INFO : FAST : Received SA: 01,00,0B,00000400002D0000020100
2016-03-26 11:19:22,578 : WARNING : BCPClientSocket.local_display : Failed to connect to remote BCP host localhost:5050. Error: [Errno 61] Connection refused
2016-03-26 11:19:22,580 : WARNING : BCPClientSocket.local_display : Failed to connect to remote BCP host localhost:5050. Error: [Errno 61] Connection refused
2016-03-26 11:19:22,584 : WARNING : BCPClientSocket.local_display : Failed to connect to remote BCP host localhost:5050. Error: [Errno 61] Connection refused
2016-03-26 11:19:22,585 : INFO : Machine : Loading plugins...
2016-03-26 11:19:22,699 : WARNING : BCPClientSocket.local_display : Failed to connect to remote BCP host localhost:5050. Error: [Errno 61] Connection refused
2016-03-26 11:19:22,700 : INFO : SwitchController : Dumping current active switches
2016-03-26 11:19:22,701 : INFO : SwitchController : Active Switch|s_droptarget2
2016-03-26 11:19:22,704 : INFO : SwitchController : Active Switch|s_troughenter
2016-03-26 11:19:22,706 : INFO : Mode.attract : Mode Starting. Priority: 10
2016-03-26 11:19:22,711 : INFO : Mode Controller : +=========== ACTIVE MODES ============+
2016-03-26 11:19:22,712 : INFO : Mode Controller : | attract : 10                        |
2016-03-26 11:19:22,712 : INFO : Mode Controller : +-------------------------------------+
2016-03-26 11:19:26,422 : INFO : SwitchController : <<<<< switch: s_start, State:1 >>>>>
2016-03-26 11:19:26,621 : INFO : SwitchController : <<<<< switch: s_start, State:0 >>>>>
2016-03-26 11:19:26,622 : INFO : Mode.game : Mode Starting. Priority: 20
2016-03-26 11:19:26,623 : INFO : Mode Controller : +=========== ACTIVE MODES ============+
2016-03-26 11:19:26,623 : INFO : Mode Controller : +-------------------------------------+
2016-03-26 11:19:26,624 : INFO : Mode Controller : +=========== ACTIVE MODES ============+
2016-03-26 11:19:26,624 : INFO : Mode Controller : | game : 20                           |
2016-03-26 11:19:26,624 : INFO : Mode Controller : +-------------------------------------+
2016-03-26 11:19:26,626 : INFO : Mode.game : Player added successfully. Total players: 1
2016-03-26 11:19:26,629 : INFO : Mode.game : ***************************************************
2016-03-26 11:19:26,630 : INFO : Mode.game : ****************** BALL STARTING ******************
2016-03-26 11:19:26,630 : INFO : Mode.game : **                                               **
2016-03-26 11:19:26,630 : INFO : Mode.game : **    Player: 1    Ball: 1   Score: 0            **
2016-03-26 11:19:26,630 : INFO : Mode.game : **                                               **
2016-03-26 11:19:26,630 : INFO : Mode.game : ***************************************************
2016-03-26 11:19:26,630 : INFO : Mode.game : ***************************************************
2016-03-26 11:19:27,159 : INFO : SwitchController : <<<<< switch: s_drain, State:1 >>>>>
2016-03-26 11:19:27,668 : INFO : Mode.game : ***************************************************
2016-03-26 11:19:27,669 : INFO : Mode.game : ****************** BALL STARTING ******************
2016-03-26 11:19:27,670 : INFO : Mode.game : **                                               **
2016-03-26 11:19:27,671 : INFO : Mode.game : **    Player: 1    Ball: 2   Score: 0            **
2016-03-26 11:19:27,671 : INFO : Mode.game : **                                               **
2016-03-26 11:19:27,672 : INFO : Mode.game : ***************************************************
2016-03-26 11:19:27,672 : INFO : Mode.game : ***************************************************
2016-03-26 11:19:33,386 : INFO : Machine : Actual MPF loop rate: 69.86 Hz
2016-03-26 11:19:33,387 : INFO : root : MPF run loop ended.
