2016-06-17 17:54:13,529 : INFO : kivy : Factory: 179 symbols loaded
2016-06-17 17:54:13,628 : INFO : kivy : Image: Providers: img_tex, img_imageio, img_dds, img_gif, img_sdl2 (img_pil, img_ffpyplayer ignored)
2016-06-17 17:54:13,768 : INFO : kivy : VideoGstplayer: Using Gstreamer 1.4.5.0
2016-06-17 17:54:13,768 : INFO : kivy : Video: Provider: gstplayer
2016-06-17 17:54:13,786 : INFO : kivy : Loading MPF-MC controller
2016-06-17 17:54:13,787 : INFO : mpfmc : Mission Pinball Framework Media Controller v0.30.0.dev496
2016-06-17 17:54:13,787 : INFO : mpfmc : Machine path: /Users/gabe/Dropbox/Pinball/Gabe/bnd
2016-06-17 17:54:13,787 : INFO : mpfmc : Starting clock at 60.0Hz
2016-06-17 17:54:13,796 : INFO : kivy : Text: Provider: sdl2
2016-06-17 17:54:14,030 : INFO : kivy : OSC: using <multiprocessing> for socket
2016-06-17 17:54:14,032 : INFO : kivy : Window: Provider: sdl2
2016-06-17 17:54:14,166 : INFO : kivy : GL: OpenGL version <b'2.1 INTEL-10.8.77'>
2016-06-17 17:54:14,166 : INFO : kivy : GL: OpenGL vendor <b'Intel Inc.'>
2016-06-17 17:54:14,166 : INFO : kivy : GL: OpenGL renderer <b'Intel(R) Iris(TM) Graphics 6100'>
2016-06-17 17:54:14,166 : INFO : kivy : GL: OpenGL parsed version: 2, 1
2016-06-17 17:54:14,166 : INFO : kivy : GL: Shading version <b'1.20'>
2016-06-17 17:54:14,166 : INFO : kivy : GL: Texture max size <16384>
2016-06-17 17:54:14,167 : INFO : kivy : GL: Texture max units <16>
2016-06-17 17:54:14,185 : INFO : kivy : Window: auto add sdl2 input provider
2016-06-17 17:54:14,186 : INFO : kivy : Window: virtual keyboard not allowed, single mode, not docked
2016-06-17 17:54:14,189 : INFO : SoundSystem : SoundSystem: Using default 'sound_system' settings
2016-06-17 17:54:14,218 : INFO : AudioInterface : Initialized 0.30.0-dev16
2016-06-17 17:54:14,223 : INFO : kivy : Base: Start application main loop
2016-06-17 17:54:14,348 : INFO : kivy : GL: NPOT texture support is available
2016-06-17 17:54:14,405 : INFO : BCP : Starting up on localhost port 5050
2016-06-17 17:54:14,407 : INFO : BCP : Waiting for a connection...
2016-06-17 17:54:15,463 : INFO : BCP : Received connection from: 127.0.0.1:65117
2016-06-17 17:54:59,916 : INFO : BCP : Waiting for a connection...
2016-06-17 17:56:28,791 : INFO : BCP : Received connection from: 127.0.0.1:65174
2016-06-17 17:56:38,824 : INFO : BCP : Waiting for a connection...
2016-06-17 18:00:57,974 : INFO : BCP : Received connection from: 127.0.0.1:65379
2016-06-17 18:01:03,457 : INFO : BCP : Waiting for a connection...
2016-06-17 18:01:32,141 : INFO : BCP : Received connection from: 127.0.0.1:65393
2016-06-17 18:01:37,494 : INFO : BCP : Waiting for a connection...
2016-06-17 18:03:31,795 : INFO : BCP : Received connection from: 127.0.0.1:65473
2016-06-17 18:04:36,706 : INFO : BCP : Waiting for a connection...
2016-06-17 18:04:59,601 : INFO : BCP : Received connection from: 127.0.0.1:65502
2016-06-17 18:07:42,467 : INFO : BCP : Waiting for a connection...
2016-06-17 18:56:16,642 : INFO : BCP : Received connection from: 127.0.0.1:51279
2016-06-17 18:56:32,196 : INFO : BCP : Waiting for a connection...
2016-06-17 18:57:13,494 : INFO : kivy : Base: Leaving application in progress...
