2016-05-13 23:52:30,451 : INFO : Machine : Mission Pinball Framework Core Engine v0.30.0.dev1482
2016-05-13 23:52:30,451 : DEBUG : Machine : Command line arguments: {'mpfconfigfile': '/Applications/MPF.app/Contents/Frameworks/python/3.5.0/lib/python3.5/site-packages/mpf/mpfconfig.yaml', 'loglevel': 10, 'force_platform': None, 'no_load_cache': False, 'consoleloglevel': True, 'pause': False, 'configfile': ['config'], 'create_config_cache': True, 'logfile': 'logs/2016-05-13-23-52-30-mpf-Gabriels-MacBook-Pro.local.log', 'bcp': False}
2016-05-13 23:52:30,451 : DEBUG : Machine : MPF path: /Applications/MPF.app/Contents/Frameworks/python/3.5.0/lib/python3.5/site-packages/mpf
2016-05-13 23:52:30,452 : INFO : Machine : Machine path: /Users/gabe/Dropbox/Pinball/Gabe/bnd
2016-05-13 23:52:30,452 : DEBUG : Machine : Command line arguments: {'mpfconfigfile': '/Applications/MPF.app/Contents/Frameworks/python/3.5.0/lib/python3.5/site-packages/mpf/mpfconfig.yaml', 'loglevel': 10, 'force_platform': None, 'no_load_cache': False, 'consoleloglevel': True, 'pause': False, 'configfile': ['config'], 'create_config_cache': True, 'logfile': 'logs/2016-05-13-23-52-30-mpf-Gabriels-MacBook-Pro.local.log', 'bcp': False}
2016-05-13 23:52:30,452 : DEBUG : Machine : Python version: 3.5.0
2016-05-13 23:52:30,452 : DEBUG : Machine : Platform: darwin
2016-05-13 23:52:30,452 : DEBUG : Machine : Python executable location: /Applications/MPF.app/Contents/Resources/python
2016-05-13 23:52:30,452 : DEBUG : Machine : 32-bit Python? False
2016-05-13 23:52:30,452 : DEBUG : Machine : Machine path: /Users/gabe/Dropbox/Pinball/Gabe/bnd
2016-05-13 23:52:30,702 : INFO : Machine : Loading cached config: /var/folders/c1/z5pg47y54_s14cd2m1zmk1kc0000gn/T/db0cb78b77a969ed262a283d7c7743faconfig
2016-05-13 23:52:30,703 : DEBUG : Clock : Starting clock (maximum frames per second=30.0)
2016-05-13 23:52:30,703 : INFO : Machine : Starting clock at 30.0Hz
2016-05-13 23:52:30,703 : DEBUG : Clock : Scheduled a recurring clock callback (callback=<bound method MachineController._check_crash_queue of <mpf.core.machine.MachineController object at 0x10ef76ef0>>, timeout=1, priority=1)
2016-05-13 23:52:30,710 : INFO : FAST : Configuring FAST hardware.
2016-05-13 23:52:30,711 : DEBUG : Pololu Maestro : Configuring template hardware interface.
2016-05-13 23:52:30,711 : DEBUG : Machine : Setting default platform to 'fast'
2016-05-13 23:52:30,711 : INFO : Machine : Loading core modules...
2016-05-13 23:52:30,711 : DEBUG : Machine : Loading 'mpf.core.events.EventManager' core module
2016-05-13 23:52:30,712 : DEBUG : Machine : Loading 'mpf.core.mode_controller.ModeController' core module
2016-05-13 23:52:30,714 : DEBUG : Events : Registered ModeController._load_modes as a handler for 'init_phase_2', priority: 1, kwargs: {}
2016-05-13 23:52:30,714 : DEBUG : Events : Registered ModeController._ball_ending as a handler for 'ball_ending', priority: 0, kwargs: {}
2016-05-13 23:52:30,714 : DEBUG : Events : Registered ModeController._ball_starting as a handler for 'ball_starting', priority: 0, kwargs: {}
2016-05-13 23:52:30,714 : DEBUG : Events : Registered ModeController._player_added as a handler for 'player_add_success', priority: 0, kwargs: {}
2016-05-13 23:52:30,714 : DEBUG : Events : Registered ModeController._player_turn_start as a handler for 'player_turn_start', priority: 1000000, kwargs: {}
2016-05-13 23:52:30,714 : DEBUG : Events : Registered ModeController._player_turn_stop as a handler for 'player_turn_stop', priority: 1000000, kwargs: {}
2016-05-13 23:52:30,715 : DEBUG : Machine : Loading 'mpf.core.config_processor.ConfigProcessor' core module
2016-05-13 23:52:30,715 : DEBUG : Machine : Loading 'mpf.core.shot_profile_manager.ShotProfileManager' core module
2016-05-13 23:52:30,715 : DEBUG : ShotProfileManager : Registering Shot Profile: 'default'
2016-05-13 23:52:30,716 : DEBUG : ShotProfileManager : Processed 'default' profile configuration: {'state_names_to_rotate': [], 'show': None, 'show_when_disabled': False, 'rotation_pattern': deque(['right']), 'loop': False, 'hold': None, 'player_variable': '%_default', 'states': [{'priority': 0, 'show': 'off', 'name': 'unlit', 'key': None, 'hold': True, 'reset': True, 'speed': 1.0, 'show_tokens': {}, 'manual_advance': False, 'loops': -1, 'start_step': 1, 'sync_ms': 0, 'action': 'play'}, {'priority': 0, 'show': 'on', 'name': 'lit', 'key': None, 'hold': True, 'reset': True, 'speed': 1.0, 'show_tokens': {}, 'manual_advance': False, 'loops': -1, 'start_step': 1, 'sync_ms': 0, 'action': 'play'}], 'state_names_to_not_rotate': [], 'advance_on_hit': True, 'block': True}
2016-05-13 23:52:30,716 : DEBUG : Mode Controller : Registering <bound method ShotProfileManager.mode_start_for_shots of <mpf.core.shot_profile_manager.ShotProfileManager object at 0x10f01fb00>> as a mode start method. Config section: shots, priority: 0, kwargs: {}
2016-05-13 23:52:30,716 : DEBUG : Mode Controller : Registering <bound method ShotProfileManager.mode_start_for_shot_groups of <mpf.core.shot_profile_manager.ShotProfileManager object at 0x10f01fb00>> as a mode start method. Config section: shot_groups, priority: 0, kwargs: {}
2016-05-13 23:52:30,716 : DEBUG : Events : Registered ShotProfileManager._player_turn_start as a handler for 'player_turn_start', priority: 1000000, kwargs: {}
2016-05-13 23:52:30,716 : DEBUG : Events : Registered ShotProfileManager._player_turn_stop as a handler for 'player_turn_stop', priority: 0, kwargs: {}
2016-05-13 23:52:30,716 : DEBUG : Machine : Loading 'mpf.core.device_manager.DeviceManager' core module
2016-05-13 23:52:30,716 : DEBUG : Events : Registered DeviceManager._load_device_modules as a handler for 'init_phase_1', priority: 1, kwargs: {}
2016-05-13 23:52:30,716 : DEBUG : Events : Registered DeviceManager.create_machinewide_device_control_events as a handler for 'init_phase_2', priority: 1, kwargs: {}
2016-05-13 23:52:30,717 : DEBUG : Events : Registered DeviceManager.create_collection_control_events as a handler for 'init_phase_2', priority: 1, kwargs: {}
2016-05-13 23:52:30,717 : DEBUG : Machine : Loading 'mpf.core.switch_controller.SwitchController' core module
2016-05-13 23:52:30,717 : DEBUG : Clock : Scheduled a recurring clock callback (callback=<bound method SwitchController._tick of <mpf.core.switch_controller.SwitchController object at 0x10f026588>>, timeout=0, priority=1000)
2016-05-13 23:52:30,717 : DEBUG : Events : Registered SwitchController._initialize_switches as a handler for 'init_phase_2', priority: 1000, kwargs: {}
2016-05-13 23:52:30,717 : DEBUG : Events : Registered SwitchController.log_active_switches as a handler for 'machine_reset_phase_3', priority: 1, kwargs: {}
2016-05-13 23:52:30,717 : DEBUG : Machine : Loading 'mpf.core.ball_controller.BallController' core module
2016-05-13 23:52:30,718 : DEBUG : BallController : Loading the BallController
2016-05-13 23:52:30,718 : DEBUG : Events : Registered BallController.request_to_start_game as a handler for 'request_to_start_game', priority: 1, kwargs: {}
2016-05-13 23:52:30,718 : DEBUG : Events : Registered BallController._initialize as a handler for 'machine_reset_phase_2', priority: 1, kwargs: {}
2016-05-13 23:52:30,718 : DEBUG : Events : Registered BallController._init2 as a handler for 'init_phase_2', priority: 1, kwargs: {}
2016-05-13 23:52:30,718 : DEBUG : Machine : Loading 'mpf.core.assets.AssetManager' core module
2016-05-13 23:52:30,719 : DEBUG : AssetManager : Initializing...
2016-05-13 23:52:30,719 : DEBUG : Mode Controller : Registering <bound method AssetManager._load_mode_assets of <mpf.core.assets.AssetManager object at 0x10f029128>> as a mode start method. Config section: None, priority: 0, kwargs: {}
2016-05-13 23:52:30,720 : DEBUG : Events : Registered AssetManager._create_assets as a handler for 'init_phase_3', priority: 1, kwargs: {}
2016-05-13 23:52:30,720 : DEBUG : Events : Registered AssetManager._bcp_client_asset_load as a handler for 'assets_to_load', priority: 1, kwargs: {}
2016-05-13 23:52:30,720 : DEBUG : Machine : Loading 'mpf.core.show_controller.ShowController' core module
2016-05-13 23:52:30,722 : DEBUG : Clock : Scheduled a recurring clock callback (callback=<bound method ShowController._tick of <mpf.core.show_controller.ShowController object at 0x10f02cd30>>, timeout=0, priority=1)
2016-05-13 23:52:30,722 : DEBUG : Events : Registered ShowController._initialize as a handler for 'init_phase_3', priority: 1, kwargs: {}
2016-05-13 23:52:30,722 : DEBUG : Machine : Loading 'mpf.core.bcp.BCP' core module
2016-05-13 23:52:30,722 : DEBUG : Events : Registered BCP.bcp_trigger as a handler for 'ball_started', priority: 1, kwargs: {'name': 'ball_started'}
2016-05-13 23:52:30,722 : DEBUG : Events : Registered BCP.bcp_trigger as a handler for 'ball_ended', priority: 1, kwargs: {'name': 'ball_ended'}
2016-05-13 23:52:30,722 : DEBUG : Events : Registered BCP.bcp_trigger as a handler for 'player_add_success', priority: 1, kwargs: {'name': 'player_add_success'}
2016-05-13 23:52:30,723 : DEBUG : Events : Registered BCP._bcp_event_callback as a handler for 'ball_ending', priority: 1, kwargs: {'command': 'ball_end'}
2016-05-13 23:52:30,723 : DEBUG : Events : Registered BCP._bcp_event_callback as a handler for 'ball_started', priority: 1, kwargs: {'command': 'ball_start', 'params': {'ball': '%ball', 'player_num': '%player'}}
2016-05-13 23:52:30,723 : DEBUG : Events : Registered BCP._bcp_event_callback as a handler for 'player_turn_start', priority: 1, kwargs: {'command': 'player_turn_start', 'params': {'player_num': '%number'}}
2016-05-13 23:52:30,723 : DEBUG : Events : Registered BCP._bcp_event_callback as a handler for 'clear', priority: 1, kwargs: {'command': 'trigger', 'params': {'name': 'clear', 'key': '%key'}}
2016-05-13 23:52:30,723 : DEBUG : Events : Registered BCP.bcp_trigger as a handler for 'player_score', priority: 1, kwargs: {'name': 'player_score'}
2016-05-13 23:52:30,723 : DEBUG : Events : Registered BCP._setup_dmds as a handler for 'init_phase_1', priority: 1, kwargs: {}
2016-05-13 23:52:30,724 : DEBUG : Events : Registered BCP._setup_bcp_connections as a handler for 'init_phase_2', priority: 1, kwargs: {}
2016-05-13 23:52:30,724 : DEBUG : Clock : Scheduled a recurring clock callback (callback=<bound method BCP.get_bcp_messages of <BCP Module>>, timeout=0, priority=1)
2016-05-13 23:52:30,724 : DEBUG : Events : Registered BCP.bcp_player_added as a handler for 'player_add_success', priority: 1, kwargs: {}
2016-05-13 23:52:30,724 : DEBUG : Events : Registered BCP.bcp_reset as a handler for 'machine_reset_phase_1', priority: 1, kwargs: {}
2016-05-13 23:52:30,724 : DEBUG : Events : Registered BCP.increase_volume as a handler for 'increase_volume', priority: 1, kwargs: {}
2016-05-13 23:52:30,724 : DEBUG : Events : Registered BCP.decrease_volume as a handler for 'decrease_volume', priority: 1, kwargs: {}
2016-05-13 23:52:30,724 : DEBUG : Events : Registered BCP.enable_volume_keys as a handler for 'enable_volume_keys', priority: 1, kwargs: {}
2016-05-13 23:52:30,725 : DEBUG : Events : Registered BCP.disable_volume_keys as a handler for 'disable_volume_keys', priority: 1, kwargs: {}
2016-05-13 23:52:30,725 : DEBUG : Events : Registered BCP.get_led_coordinates as a handler for 'bcp_get_led_coordinates', priority: 1, kwargs: {}
2016-05-13 23:52:30,725 : DEBUG : Mode Controller : Registering <bound method BCP.bcp_mode_start of <BCP Module>> as a mode start method. Config section: mode, priority: 0, kwargs: {}
2016-05-13 23:52:30,725 : DEBUG : Machine : Loading 'mpf.core.logic_blocks.LogicBlocks' core module
2016-05-13 23:52:30,726 : DEBUG : Mode Controller : Registering <bound method LogicBlocks._process_config of <mpf.core.logic_blocks.LogicBlocks object at 0x10eff4668>> as a mode start method. Config section: logic_blocks, priority: 0, kwargs: {}
2016-05-13 23:52:30,726 : DEBUG : Events : Registered LogicBlocks._create_player_logic_blocks as a handler for 'player_add_success', priority: 1, kwargs: {}
2016-05-13 23:52:30,726 : DEBUG : Events : Registered LogicBlocks.player_turn_start as a handler for 'player_turn_start', priority: 1, kwargs: {}
2016-05-13 23:52:30,726 : DEBUG : Events : Registered LogicBlocks.player_turn_stop as a handler for 'player_turn_stop', priority: 1, kwargs: {}
2016-05-13 23:52:30,726 : DEBUG : Machine : Loading 'mpf.core.scoring.ScoreController' core module
2016-05-13 23:52:30,726 : DEBUG : Score : Loading the Score Controller
2016-05-13 23:52:30,727 : DEBUG : Mode Controller : Registering <bound method ScoreController.mode_start of <mpf.core.scoring.ScoreController object at 0x10f036278>> as a mode start method. Config section: scoring, priority: 0, kwargs: {}
2016-05-13 23:52:30,730 : INFO : FAST : Configuring FAST Controller for FAST IO boards.
2016-05-13 23:52:30,731 : INFO : FAST : Connecting to /dev/tty.usbserial-141C at 921600bps
2016-05-13 23:52:32,233 : DEBUG : FAST : Sending 'ID:' command to port '/dev/tty.usbserial-141C'
2016-05-13 23:52:32,247 : DEBUG : FAST : Sending 'ID:' command to port '/dev/tty.usbserial-141C'
2016-05-13 23:52:32,248 : INFO : FAST : Received ID acknowledgement. Processor: RGB, Board: FP-CPU-002-2, Firmware: 01.00
2016-05-13 23:52:32,249 : INFO : FAST : Connecting to /dev/tty.usbserial-141B at 921600bps
2016-05-13 23:52:33,751 : DEBUG : FAST : Sending 'ID:' command to port '/dev/tty.usbserial-141B'
2016-05-13 23:52:33,766 : DEBUG : FAST : Sending 'ID:' command to port '/dev/tty.usbserial-141B'
2016-05-13 23:52:33,767 : INFO : FAST : Received ID acknowledgement. Processor: NET, Board: FP-CPU-002-2, Firmware: 01.00
2016-05-13 23:52:33,767 : DEBUG : FAST : Querying FAST IO boards...
2016-05-13 23:52:33,784 : INFO : FAST : Fast IO Board 00: Model: FP-I/O-3208-2, Firmware: 01.00, Switches: 32, Drivers: 8
2016-05-13 23:52:33,799 : INFO : FAST : Fast IO Board 01: Model: FP-I/O-3208-2, Firmware: 01.00, Switches: 32, Drivers: 8
2016-05-13 23:52:33,801 : INFO : FAST : Fast IO Board 02: Model: FP-I/O-1616-2, Firmware: 01.00, Switches: 16, Drivers: 16
2016-05-13 23:52:33,836 : DEBUG : Events : Registered ConfigPlayer._initialize as a handler for 'init_phase_1', priority: 1, kwargs: {}
2016-05-13 23:52:33,836 : DEBUG : Events : Registered ConfigPlayer.clear as a handler for 'clear', priority: 1, kwargs: {}
2016-05-13 23:52:33,837 : DEBUG : Events : Registered ConfigPlayer._initialize as a handler for 'init_phase_1', priority: 1, kwargs: {}
2016-05-13 23:52:33,837 : DEBUG : Events : Registered LedPlayer.clear as a handler for 'clear', priority: 1, kwargs: {}
2016-05-13 23:52:33,838 : DEBUG : Events : Registered ConfigPlayer._initialize as a handler for 'init_phase_1', priority: 1, kwargs: {}
2016-05-13 23:52:33,838 : DEBUG : Events : Registered LightPlayer.clear as a handler for 'clear', priority: 1, kwargs: {}
2016-05-13 23:52:33,839 : DEBUG : Events : Registered ConfigPlayer._initialize as a handler for 'init_phase_1', priority: 1, kwargs: {}
2016-05-13 23:52:33,839 : DEBUG : Events : Registered ConfigPlayer.clear as a handler for 'clear', priority: 1, kwargs: {}
2016-05-13 23:52:33,839 : DEBUG : Events : Registered ConfigPlayer._initialize as a handler for 'init_phase_1', priority: 1, kwargs: {}
2016-05-13 23:52:33,839 : DEBUG : Events : Registered ConfigPlayer.clear as a handler for 'clear', priority: 1, kwargs: {}
2016-05-13 23:52:33,840 : DEBUG : Events : Registered ConfigPlayer._initialize as a handler for 'init_phase_1', priority: 1, kwargs: {}
2016-05-13 23:52:33,840 : DEBUG : Events : Registered ConfigPlayer.clear as a handler for 'clear', priority: 1, kwargs: {}
2016-05-13 23:52:33,841 : DEBUG : Events : Registered ConfigPlayer._initialize as a handler for 'init_phase_1', priority: 1, kwargs: {}
2016-05-13 23:52:33,841 : DEBUG : Events : Registered ShowPlayer.clear as a handler for 'clear', priority: 1, kwargs: {}
2016-05-13 23:52:33,841 : DEBUG : Events : Registered ConfigPlayer._initialize as a handler for 'init_phase_1', priority: 1, kwargs: {}
2016-05-13 23:52:33,841 : DEBUG : Events : Registered ConfigPlayer.clear as a handler for 'clear', priority: 1, kwargs: {}
2016-05-13 23:52:33,842 : DEBUG : Events : Registered ConfigPlayer._initialize as a handler for 'init_phase_1', priority: 1, kwargs: {}
2016-05-13 23:52:33,842 : DEBUG : Events : Registered ConfigPlayer.clear as a handler for 'clear', priority: 1, kwargs: {}
2016-05-13 23:52:33,843 : DEBUG : Events : Registered ConfigPlayer._initialize as a handler for 'init_phase_1', priority: 1, kwargs: {}
2016-05-13 23:52:33,844 : DEBUG : Events : Registered ConfigPlayer.clear as a handler for 'clear', priority: 1, kwargs: {}
2016-05-13 23:52:33,844 : DEBUG : Machine : Registering Plugin Config Players
2016-05-13 23:52:33,844 : DEBUG : Machine : Registering sound_player = mpfmc.config_players.sound_player:register_with_mpf
2016-05-13 23:52:33,846 : DEBUG : Events : Registered ConfigPlayer._initialize as a handler for 'init_phase_1', priority: 1, kwargs: {}
2016-05-13 23:52:33,846 : DEBUG : Events : Registered ConfigPlayer.clear as a handler for 'clear', priority: 1, kwargs: {}
2016-05-13 23:52:33,846 : DEBUG : Machine : Registering slide_player = mpfmc.config_players.slide_player:register_with_mpf
2016-05-13 23:52:33,849 : DEBUG : Events : Registered ConfigPlayer._initialize as a handler for 'init_phase_1', priority: 1, kwargs: {}
2016-05-13 23:52:33,850 : DEBUG : Events : Registered ConfigPlayer.clear as a handler for 'clear', priority: 1, kwargs: {}
2016-05-13 23:52:33,850 : DEBUG : Machine : Registering widget_player = mpfmc.config_players.widget_player:register_with_mpf
2016-05-13 23:52:33,852 : DEBUG : Events : Registered ConfigPlayer._initialize as a handler for 'init_phase_1', priority: 1, kwargs: {}
2016-05-13 23:52:33,852 : DEBUG : Events : Registered ConfigPlayer.clear as a handler for 'clear', priority: 1, kwargs: {}
2016-05-13 23:52:33,852 : DEBUG : Events : Registered MachineController.power_off as a handler for 'shutdown', priority: 1, kwargs: {}
2016-05-13 23:52:33,852 : DEBUG : Events : Registered MachineController.power_off as a handler for 'sw_shutdown', priority: 1, kwargs: {}
2016-05-13 23:52:33,852 : DEBUG : Events : Registered MachineController.stop as a handler for 'quit', priority: 1, kwargs: {}
2016-05-13 23:52:33,852 : DEBUG : Events : Registered MachineController.stop as a handler for 'sw_quit', priority: 1, kwargs: {}
2016-05-13 23:52:33,852 : DEBUG : DataInterface : Loading machine_vars from /Users/gabe/Dropbox/Pinball/Gabe/bnd/data/machine_vars.yaml
2016-05-13 23:52:33,852 : DEBUG : YAML File Interface : Loading file: /Users/gabe/Dropbox/Pinball/Gabe/bnd/data/machine_vars.yaml
2016-05-13 23:52:33,854 : DEBUG : Machine : Setting machine_var 'player1_score' to: 0, (prior: 0, change: 0)
2016-05-13 23:52:33,854 : DEBUG : Events : ^^^^ Posted event 'machine_var_player1_score'. Type: None, Callback: None, Args: {'prev_value': 0, 'value': 0, 'change': 0}
2016-05-13 23:52:33,854 : DEBUG : Events : ============== EVENTS QUEUE =============
2016-05-13 23:52:33,854 : DEBUG : Events : machine_var_player1_score, None, None, {'prev_value': 0, 'value': 0, 'change': 0}
2016-05-13 23:52:33,854 : DEBUG : Events : =========================================
2016-05-13 23:52:33,854 : DEBUG : Events : ^^^^ Posted event 'init_phase_1'. Type: None, Callback: None, Args: {}
2016-05-13 23:52:33,854 : DEBUG : Events : ============== EVENTS QUEUE =============
2016-05-13 23:52:33,854 : DEBUG : Events : machine_var_player1_score, None, None, {'prev_value': 0, 'value': 0, 'change': 0}
2016-05-13 23:52:33,854 : DEBUG : Events : init_phase_1, None, None, {}
2016-05-13 23:52:33,855 : DEBUG : Events : =========================================
2016-05-13 23:52:33,855 : DEBUG : Events : ^^^^ Processing event 'machine_var_player1_score'. Type: None, Callback: None, Args: {'prev_value': 0, 'value': 0, 'change': 0}
2016-05-13 23:52:33,855 : DEBUG : Events : vvvv Finished event 'machine_var_player1_score'. Type: None. Callback: None. Args: {'prev_value': 0, 'value': 0, 'change': 0}
2016-05-13 23:52:33,855 : DEBUG : Events : ^^^^ Processing event 'init_phase_1'. Type: None, Callback: None, Args: {}
2016-05-13 23:52:33,855 : DEBUG : Events : DeviceManager._load_device_modules (priority: 1) responding to event 'init_phase_1' with args {}
2016-05-13 23:52:33,855 : INFO : DeviceManager : Loading devices...
2016-05-13 23:52:33,859 : DEBUG : Clock : Scheduled a recurring clock callback (callback=<bound method Led.update_leds of <class 'mpf.devices.led.Led'>>, timeout=0, priority=-100)
2016-05-13 23:52:33,861 : DEBUG : Events : Registered BallSearch.request_to_start_game as a handler for 'request_to_start_game', priority: 1, kwargs: {}
2016-05-13 23:52:33,882 : ERROR : root : Config validation error: Entry diverters:d_jukebox_magnet:targets_when_active:bd_jukebox_lock is not valid. 
Traceback (most recent call last):
  File "/Applications/MPF.app/Contents/Frameworks/python/3.5.0/lib/python3.5/site-packages/mpf/commands/game.py", line 130, in __init__
    MachineController(mpf_path, machine_path, vars(args)).run()
  File "/Applications/MPF.app/Contents/Frameworks/python/3.5.0/lib/python3.5/site-packages/mpf/core/machine.py", line 127, in __init__
    self._run_init_phases()
  File "/Applications/MPF.app/Contents/Frameworks/python/3.5.0/lib/python3.5/site-packages/mpf/core/machine.py", line 148, in _run_init_phases
    self.events.process_event_queue()
  File "/Applications/MPF.app/Contents/Frameworks/python/3.5.0/lib/python3.5/site-packages/mpf/core/events.py", line 482, in process_event_queue
    **event[3])
  File "/Applications/MPF.app/Contents/Frameworks/python/3.5.0/lib/python3.5/site-packages/mpf/core/events.py", line 417, in _process_event
    result = handler[0](**merged_kwargs)
  File "/Applications/MPF.app/Contents/Frameworks/python/3.5.0/lib/python3.5/site-packages/mpf/core/device_manager.py", line 60, in _load_device_modules
    self.load_devices_config(validate=True)
  File "/Applications/MPF.app/Contents/Frameworks/python/3.5.0/lib/python3.5/site-packages/mpf/core/device_manager.py", line 105, in load_devices_config
    config[device_name] = collection[device_name].validate_and_parse_config(config[device_name], False)
  File "/Applications/MPF.app/Contents/Frameworks/python/3.5.0/lib/python3.5/site-packages/mpf/core/device.py", line 50, in validate_and_parse_config
    self.config_section, config, self.name)
  File "/Applications/MPF.app/Contents/Frameworks/python/3.5.0/lib/python3.5/site-packages/mpf/core/config_validator.py", line 1251, in validate_config
    validation_failure_info=(validation_failure_info, k))
  File "/Applications/MPF.app/Contents/Frameworks/python/3.5.0/lib/python3.5/site-packages/mpf/core/config_validator.py", line 1300, in validate_config_item
    new_list.append(self.validate_item(i, validation, validation_failure_info))
  File "/Applications/MPF.app/Contents/Frameworks/python/3.5.0/lib/python3.5/site-packages/mpf/core/config_validator.py", line 1587, in validate_item
    return self.validator_list[validator](item, validation_failure_info=validation_failure_info, param=param)
  File "/Applications/MPF.app/Contents/Frameworks/python/3.5.0/lib/python3.5/site-packages/mpf/core/config_validator.py", line 1404, in _validate_type_machine
    self.validation_error(item, validation_failure_info)
  File "/Applications/MPF.app/Contents/Frameworks/python/3.5.0/lib/python3.5/site-packages/mpf/core/config_validator.py", line 1602, in validation_error
    item, msg))
AssertionError: Config validation error: Entry diverters:d_jukebox_magnet:targets_when_active:bd_jukebox_lock is not valid. 
