2016-03-26 19:47:16,772 : INFO : Machine : Mission Pinball Framework v0.30.0.dev801
2016-03-26 19:47:16,772 : INFO : Machine : Loading config from original files
2016-03-26 19:47:16,869 : INFO : Machine : Machine config file #1: /Users/gabe/Dropbox/Pinball/Gabe/bnd/config/config
2016-03-26 19:47:17,017 : INFO : Machine : Config file cache created: /Users/gabe/Dropbox/Pinball/Gabe/bnd/__mpfcache__/config_config.p
2016-03-26 19:47:17,022 : INFO : FAST : Configuring FAST hardware.
2016-03-26 19:47:17,022 : INFO : Machine : Loading core modules...
2016-03-26 19:47:17,217 : INFO : FAST : Configuring FAST Controller for FAST IO boards.
2016-03-26 19:47:17,217 : INFO : FAST : Connecting to /dev/tty.usbserial-141C at 921600bps
2016-03-26 19:47:18,734 : INFO : FAST : Received ID acknowledgement. Processor: RGB, Board: FP-CPU-002-2, Firmware: 01.00
2016-03-26 19:47:18,735 : INFO : FAST : Connecting to /dev/tty.usbserial-141B at 921600bps
2016-03-26 19:47:20,253 : INFO : FAST : Received ID acknowledgement. Processor: NET, Board: FP-CPU-002-2, Firmware: 01.00
2016-03-26 19:47:20,270 : INFO : FAST : Fast IO Board 00: Model: FP-I/O-3208-2, Firmware: 01.00, Switches: 32, Drivers: 8
2016-03-26 19:47:20,286 : INFO : FAST : Fast IO Board 01: Model: FP-I/O-3208-2, Firmware: 01.00, Switches: 32, Drivers: 8
2016-03-26 19:47:20,301 : INFO : FAST : Fast IO Board 02: Model: FP-I/O-1616-2, Firmware: 01.00, Switches: 16, Drivers: 16
2016-03-26 19:47:20,387 : INFO : DeviceManager : Loading devices...
2016-03-26 19:47:20,438 : INFO : FAST : Received SA: 01,00,0B,00002400002D00001F0100
2016-03-26 19:47:20,452 : WARNING : BCPClientSocket.local_display : Failed to connect to remote BCP host localhost:5050. Error: [Errno 61] Connection refused
2016-03-26 19:47:20,453 : WARNING : BCPClientSocket.local_display : Failed to connect to remote BCP host localhost:5050. Error: [Errno 61] Connection refused
2016-03-26 19:47:20,454 : WARNING : BCPClientSocket.local_display : Failed to connect to remote BCP host localhost:5050. Error: [Errno 61] Connection refused
2016-03-26 19:47:20,454 : INFO : Machine : Loading plugins...
2016-03-26 19:47:20,471 : WARNING : BCPClientSocket.local_display : Failed to connect to remote BCP host localhost:5050. Error: [Errno 61] Connection refused
2016-03-26 19:47:20,472 : INFO : SwitchController : Dumping current active switches
2016-03-26 19:47:20,472 : INFO : SwitchController : Active Switch|s_droptarget2
2016-03-26 19:47:20,472 : INFO : SwitchController : Active Switch|s_droptarget5
2016-03-26 19:47:20,472 : INFO : SwitchController : Active Switch|s_droptarget4
2016-03-26 19:47:20,472 : INFO : SwitchController : Active Switch|s_droptarget1
2016-03-26 19:47:20,473 : INFO : SwitchController : Active Switch|s_droptarget3
2016-03-26 19:47:20,473 : INFO : SwitchController : Active Switch|s_drain
2016-03-26 19:47:20,473 : INFO : SwitchController : Active Switch|s_troughenter
2016-03-26 19:47:20,474 : INFO : FAST : Received SA: 01,00,0B,00002400002D00001F0100
2016-03-26 19:47:20,475 : INFO : Mode.attract : Mode Starting. Priority: 10
2016-03-26 19:47:20,476 : INFO : Mode Controller : +=========== ACTIVE MODES ============+
2016-03-26 19:47:20,476 : INFO : Mode Controller : | attract : 10                        |
2016-03-26 19:47:20,476 : INFO : Mode Controller : +-------------------------------------+
2016-03-26 19:47:22,463 : INFO : SwitchController : <<<<< switch: s_start, State:1 >>>>>
2016-03-26 19:47:22,622 : INFO : SwitchController : <<<<< switch: s_start, State:0 >>>>>
2016-03-26 19:47:22,622 : INFO : Mode.game : Mode Starting. Priority: 20
2016-03-26 19:47:22,624 : INFO : Mode Controller : +=========== ACTIVE MODES ============+
2016-03-26 19:47:22,624 : INFO : Mode Controller : +-------------------------------------+
2016-03-26 19:47:22,625 : INFO : Mode Controller : +=========== ACTIVE MODES ============+
2016-03-26 19:47:22,625 : INFO : Mode Controller : | game : 20                           |
2016-03-26 19:47:22,625 : INFO : Mode Controller : +-------------------------------------+
2016-03-26 19:47:22,626 : INFO : Mode.game : Player added successfully. Total players: 1
2016-03-26 19:47:22,626 : INFO : Mode.game : ***************************************************
2016-03-26 19:47:22,627 : INFO : Mode.game : ****************** BALL STARTING ******************
2016-03-26 19:47:22,628 : INFO : Mode.game : **                                               **
2016-03-26 19:47:22,628 : INFO : Mode.game : **    Player: 1    Ball: 1   Score: 0            **
2016-03-26 19:47:22,628 : INFO : Mode.game : **                                               **
2016-03-26 19:47:22,628 : INFO : Mode.game : ***************************************************
2016-03-26 19:47:22,628 : INFO : Mode.game : ***************************************************
2016-03-26 19:47:23,510 : INFO : SwitchController : <<<<< switch: s_plungerlane, State:1 >>>>>
2016-03-26 19:47:23,642 : WARNING : FAST : Received unknown serial command? TN:P. (This is ok to ignore for now while the FAST platform is in development)
2016-03-26 19:47:24,022 : INFO : SwitchController : <<<<< switch: s_troughenter, State:0 >>>>>
2016-03-26 19:47:24,125 : INFO : SwitchController : <<<<< switch: s_drain, State:0 >>>>>
2016-03-26 19:47:24,245 : INFO : SwitchController : <<<<< switch: s_troughenter, State:1 >>>>>
2016-03-26 19:47:24,954 : INFO : SwitchController : <<<<< switch: s_launch, State:1 >>>>>
2016-03-26 19:47:24,995 : INFO : SwitchController : <<<<< switch: s_plungerlane, State:0 >>>>>
2016-03-26 19:47:25,110 : INFO : SwitchController : <<<<< switch: s_launch, State:0 >>>>>
2016-03-26 19:47:25,419 : INFO : SwitchController : <<<<< switch: s_rightrampopto, State:1 >>>>>
2016-03-26 19:47:25,432 : INFO : SwitchController : <<<<< switch: s_rightrampopto, State:0 >>>>>
2016-03-26 19:47:26,007 : INFO : SwitchController : <<<<< switch: s_leftrampopto, State:1 >>>>>
2016-03-26 19:47:26,037 : INFO : SwitchController : <<<<< switch: s_leftrampopto, State:0 >>>>>
2016-03-26 19:47:27,439 : INFO : SwitchController : <<<<< switch: s_leftflipper, State:1 >>>>>
2016-03-26 19:47:27,598 : INFO : SwitchController : <<<<< switch: s_leftflipper, State:0 >>>>>
2016-03-26 19:47:30,445 : INFO : SwitchController : <<<<< switch: s_rightupperflipper, State:1 >>>>>
2016-03-26 19:47:30,445 : INFO : SwitchController : <<<<< switch: s_rightflipper, State:1 >>>>>
2016-03-26 19:47:33,172 : INFO : SwitchController : <<<<< switch: s_rightupperflipper, State:0 >>>>>
2016-03-26 19:47:33,172 : INFO : SwitchController : <<<<< switch: s_rightflipper, State:0 >>>>>
2016-03-26 19:47:33,987 : INFO : SwitchController : <<<<< switch: s_rightupperflipper, State:1 >>>>>
2016-03-26 19:47:33,988 : INFO : SwitchController : <<<<< switch: s_rightflipper, State:1 >>>>>
2016-03-26 19:47:34,031 : INFO : SwitchController : <<<<< switch: s_rightupperflipper, State:0 >>>>>
2016-03-26 19:47:34,031 : INFO : SwitchController : <<<<< switch: s_rightflipper, State:0 >>>>>
2016-03-26 19:47:34,456 : INFO : SwitchController : <<<<< switch: s_topkickingtarget, State:1 >>>>>
2016-03-26 19:47:34,471 : INFO : SwitchController : <<<<< switch: s_topkickingtarget, State:0 >>>>>
2016-03-26 19:47:35,305 : INFO : SwitchController : <<<<< switch: s_leftflipper, State:1 >>>>>
2016-03-26 19:47:35,422 : INFO : SwitchController : <<<<< switch: s_leftflipper, State:0 >>>>>
2016-03-26 19:47:35,949 : INFO : SwitchController : <<<<< switch: s_leftflipper, State:1 >>>>>
2016-03-26 19:47:36,405 : INFO : SwitchController : <<<<< switch: s_leftflipper, State:0 >>>>>
2016-03-26 19:47:36,985 : INFO : SwitchController : <<<<< switch: s_leftflipper, State:1 >>>>>
2016-03-26 19:47:37,200 : INFO : SwitchController : <<<<< switch: s_leftflipper, State:0 >>>>>
2016-03-26 19:47:39,555 : INFO : SwitchController : <<<<< switch: s_leftflipper, State:1 >>>>>
2016-03-26 19:47:39,691 : INFO : SwitchController : <<<<< switch: s_leftflipper, State:0 >>>>>
2016-03-26 19:47:40,296 : INFO : SwitchController : <<<<< switch: s_drain, State:1 >>>>>
2016-03-26 19:47:40,799 : INFO : Mode.game : ***************************************************
2016-03-26 19:47:40,799 : INFO : Mode.game : ****************** BALL STARTING ******************
2016-03-26 19:47:40,800 : INFO : Mode.game : **                                               **
2016-03-26 19:47:40,800 : INFO : Mode.game : **    Player: 1    Ball: 2   Score: 0            **
2016-03-26 19:47:40,800 : INFO : Mode.game : **                                               **
2016-03-26 19:47:40,800 : INFO : Mode.game : ***************************************************
2016-03-26 19:47:40,801 : INFO : Mode.game : ***************************************************
2016-03-26 19:47:41,720 : INFO : SwitchController : <<<<< switch: s_plungerlane, State:1 >>>>>
2016-03-26 19:47:41,826 : WARNING : FAST : Received unknown serial command? TN:P. (This is ok to ignore for now while the FAST platform is in development)
2016-03-26 19:47:42,233 : INFO : SwitchController : <<<<< switch: s_troughenter, State:0 >>>>>
2016-03-26 19:47:42,337 : INFO : SwitchController : <<<<< switch: s_drain, State:0 >>>>>
2016-03-26 19:47:42,499 : INFO : SwitchController : <<<<< switch: s_troughenter, State:1 >>>>>
2016-03-26 19:47:43,730 : INFO : SwitchController : <<<<< switch: s_launch, State:1 >>>>>
2016-03-26 19:47:43,782 : INFO : SwitchController : <<<<< switch: s_plungerlane, State:0 >>>>>
2016-03-26 19:47:43,812 : INFO : SwitchController : <<<<< switch: s_launch, State:0 >>>>>
2016-03-26 19:47:44,181 : INFO : SwitchController : <<<<< switch: s_rightrampopto, State:1 >>>>>
2016-03-26 19:47:44,196 : INFO : SwitchController : <<<<< switch: s_rightrampopto, State:0 >>>>>
2016-03-26 19:47:44,752 : INFO : SwitchController : <<<<< switch: s_leftrampopto, State:1 >>>>>
2016-03-26 19:47:44,768 : INFO : SwitchController : <<<<< switch: s_leftrampopto, State:0 >>>>>
2016-03-26 19:47:46,049 : INFO : SwitchController : <<<<< switch: s_leftflipper, State:1 >>>>>
2016-03-26 19:47:46,245 : INFO : SwitchController : <<<<< switch: s_leftflipper, State:0 >>>>>
2016-03-26 19:47:46,898 : INFO : SwitchController : <<<<< switch: s_rightrampopto, State:1 >>>>>
2016-03-26 19:47:47,155 : INFO : SwitchController : <<<<< switch: s_rightrampopto, State:0 >>>>>
2016-03-26 19:47:48,120 : INFO : SwitchController : <<<<< switch: s_leftflipper, State:1 >>>>>
2016-03-26 19:47:48,179 : INFO : SwitchController : <<<<< switch: s_leftflipper, State:0 >>>>>
2016-03-26 19:47:48,792 : INFO : SwitchController : <<<<< switch: s_drain, State:1 >>>>>
2016-03-26 19:47:48,848 : INFO : SwitchController : <<<<< switch: s_drain, State:0 >>>>>
2016-03-26 19:47:48,905 : INFO : SwitchController : <<<<< switch: s_drain, State:1 >>>>>
2016-03-26 19:47:49,414 : INFO : Mode.game : ***************************************************
2016-03-26 19:47:49,414 : INFO : Mode.game : ****************** BALL STARTING ******************
2016-03-26 19:47:49,414 : INFO : Mode.game : **                                               **
2016-03-26 19:47:49,414 : INFO : Mode.game : **    Player: 1    Ball: 3   Score: 0            **
2016-03-26 19:47:49,415 : INFO : Mode.game : **                                               **
2016-03-26 19:47:49,415 : INFO : Mode.game : ***************************************************
2016-03-26 19:47:49,415 : INFO : Mode.game : ***************************************************
2016-03-26 19:47:50,343 : INFO : SwitchController : <<<<< switch: s_plungerlane, State:1 >>>>>
2016-03-26 19:47:50,437 : WARNING : FAST : Received unknown serial command? TN:P. (This is ok to ignore for now while the FAST platform is in development)
2016-03-26 19:47:50,827 : INFO : SwitchController : <<<<< switch: s_troughenter, State:0 >>>>>
2016-03-26 19:47:50,961 : INFO : SwitchController : <<<<< switch: s_drain, State:0 >>>>>
2016-03-26 19:47:51,108 : INFO : SwitchController : <<<<< switch: s_troughenter, State:1 >>>>>
2016-03-26 19:47:57,123 : INFO : SwitchController : <<<<< switch: s_plungerlane, State:0 >>>>>
2016-03-26 19:47:59,440 : INFO : SwitchController : <<<<< switch: s_rightrampopto, State:1 >>>>>
2016-03-26 19:47:59,468 : INFO : SwitchController : <<<<< switch: s_rightrampopto, State:0 >>>>>
2016-03-26 19:48:00,545 : INFO : SwitchController : <<<<< switch: s_topkicker, State:1 >>>>>
2016-03-26 19:48:01,124 : INFO : SwitchController : <<<<< switch: s_topkicker, State:0 >>>>>
2016-03-26 19:48:02,308 : INFO : SwitchController : <<<<< switch: s_topkicker, State:1 >>>>>
2016-03-26 19:48:11,130 : INFO : SwitchController : <<<<< switch: s_topkicker, State:0 >>>>>
2016-03-26 19:48:12,069 : INFO : SwitchController : <<<<< switch: s_topkicker, State:1 >>>>>
2016-03-26 19:48:20,192 : INFO : Machine : Actual MPF loop rate: 70.54 Hz
2016-03-26 19:48:20,192 : INFO : root : MPF run loop ended.
