2016-03-26 00:21:15,966 : INFO : Machine : Mission Pinball Framework v0.30.0.dev801
2016-03-26 00:21:15,967 : INFO : Machine : Loading config from original files
2016-03-26 00:21:16,043 : INFO : Machine : Machine config file #1: /Users/gabe/Dropbox/Pinball/Gabe/bnd/config/config
2016-03-26 00:21:16,187 : INFO : Machine : Config file cache created: /Users/gabe/Dropbox/Pinball/Gabe/bnd/__mpfcache__/config_config.p
2016-03-26 00:21:16,193 : INFO : FAST : Configuring FAST hardware.
2016-03-26 00:21:16,193 : INFO : Machine : Loading core modules...
2016-03-26 00:21:16,358 : INFO : FAST : Configuring FAST Controller for FAST IO boards.
2016-03-26 00:21:16,358 : INFO : FAST : Connecting to /dev/tty.usbserial-141C at 921600bps
2016-03-26 00:21:17,876 : INFO : FAST : Received ID acknowledgement. Processor: RGB, Board: FP-CPU-002-2, Firmware: 01.00
2016-03-26 00:21:17,877 : INFO : FAST : Connecting to /dev/tty.usbserial-141B at 921600bps
2016-03-26 00:21:19,395 : INFO : FAST : Received ID acknowledgement. Processor: NET, Board: FP-CPU-002-2, Firmware: 01.00
2016-03-26 00:21:19,411 : INFO : FAST : Fast IO Board 00: Model: FP-I/O-3208-2, Firmware: 01.00, Switches: 32, Drivers: 8
2016-03-26 00:21:19,427 : INFO : FAST : Fast IO Board 01: Model: FP-I/O-3208-2, Firmware: 01.00, Switches: 32, Drivers: 8
2016-03-26 00:21:19,443 : INFO : FAST : Fast IO Board 02: Model: FP-I/O-1616-2, Firmware: 01.00, Switches: 16, Drivers: 16
2016-03-26 00:21:19,529 : INFO : DeviceManager : Loading devices...
2016-03-26 00:21:19,583 : INFO : FAST : Received SA: 01,00,0B,00002400002D0000020100
2016-03-26 00:21:19,599 : WARNING : BCPClientSocket.local_display : Failed to connect to remote BCP host localhost:5050. Error: [Errno 61] Connection refused
2016-03-26 00:21:19,600 : WARNING : BCPClientSocket.local_display : Failed to connect to remote BCP host localhost:5050. Error: [Errno 61] Connection refused
2016-03-26 00:21:19,601 : WARNING : BCPClientSocket.local_display : Failed to connect to remote BCP host localhost:5050. Error: [Errno 61] Connection refused
2016-03-26 00:21:19,601 : INFO : Machine : Loading plugins...
2016-03-26 00:21:19,617 : WARNING : BCPClientSocket.local_display : Failed to connect to remote BCP host localhost:5050. Error: [Errno 61] Connection refused
2016-03-26 00:21:19,617 : INFO : SwitchController : Dumping current active switches
2016-03-26 00:21:19,618 : INFO : SwitchController : Active Switch|s_droptarget2
2016-03-26 00:21:19,619 : INFO : SwitchController : Active Switch|s_troughenter
2016-03-26 00:21:19,620 : INFO : SwitchController : Active Switch|s_drain
2016-03-26 00:21:19,621 : INFO : FAST : Received SA: 01,00,0B,00002400002D0000020100
2016-03-26 00:21:19,622 : INFO : Mode.attract : Mode Starting. Priority: 10
2016-03-26 00:21:19,623 : INFO : Mode Controller : +=========== ACTIVE MODES ============+
2016-03-26 00:21:19,623 : INFO : Mode Controller : | attract : 10                        |
2016-03-26 00:21:19,623 : INFO : Mode Controller : +-------------------------------------+
2016-03-26 00:21:22,399 : INFO : SwitchController : <<<<< switch: s_start, State:1 >>>>>
2016-03-26 00:21:22,591 : INFO : SwitchController : <<<<< switch: s_start, State:0 >>>>>
2016-03-26 00:21:22,592 : INFO : Mode.game : Mode Starting. Priority: 20
2016-03-26 00:21:22,593 : INFO : Mode Controller : +=========== ACTIVE MODES ============+
2016-03-26 00:21:22,593 : INFO : Mode Controller : +-------------------------------------+
2016-03-26 00:21:22,594 : INFO : Mode Controller : +=========== ACTIVE MODES ============+
2016-03-26 00:21:22,594 : INFO : Mode Controller : | game : 20                           |
2016-03-26 00:21:22,594 : INFO : Mode Controller : +-------------------------------------+
2016-03-26 00:21:22,595 : INFO : Mode.game : Player added successfully. Total players: 1
2016-03-26 00:21:22,597 : INFO : Mode.game : ***************************************************
2016-03-26 00:21:22,597 : INFO : Mode.game : ****************** BALL STARTING ******************
2016-03-26 00:21:22,597 : INFO : Mode.game : **                                               **
2016-03-26 00:21:22,597 : INFO : Mode.game : **    Player: 1    Ball: 1   Score: 0            **
2016-03-26 00:21:22,597 : INFO : Mode.game : **                                               **
2016-03-26 00:21:22,598 : INFO : Mode.game : ***************************************************
2016-03-26 00:21:22,598 : INFO : Mode.game : ***************************************************
2016-03-26 00:21:27,004 : INFO : Machine : Actual MPF loop rate: 68.4 Hz
2016-03-26 00:21:27,005 : INFO : root : MPF run loop ended.
