2016-03-26 00:21:58,742 : INFO : Machine : Mission Pinball Framework v0.30.0.dev801
2016-03-26 00:21:58,743 : INFO : Machine : Loading config from original files
2016-03-26 00:21:58,814 : INFO : Machine : Machine config file #1: /Users/gabe/Dropbox/Pinball/Gabe/bnd/config/config
2016-03-26 00:21:58,958 : INFO : Machine : Config file cache created: /Users/gabe/Dropbox/Pinball/Gabe/bnd/__mpfcache__/config_config.p
2016-03-26 00:21:58,964 : INFO : FAST : Configuring FAST hardware.
2016-03-26 00:21:58,964 : INFO : Machine : Loading core modules...
2016-03-26 00:21:59,129 : INFO : FAST : Configuring FAST Controller for FAST IO boards.
2016-03-26 00:21:59,130 : INFO : FAST : Connecting to /dev/tty.usbserial-141C at 921600bps
2016-03-26 00:22:00,647 : INFO : FAST : Received ID acknowledgement. Processor: RGB, Board: FP-CPU-002-2, Firmware: 01.00
2016-03-26 00:22:00,649 : INFO : FAST : Connecting to /dev/tty.usbserial-141B at 921600bps
2016-03-26 00:22:02,166 : INFO : FAST : Received ID acknowledgement. Processor: NET, Board: FP-CPU-002-2, Firmware: 01.00
2016-03-26 00:22:02,183 : INFO : FAST : Fast IO Board 00: Model: FP-I/O-3208-2, Firmware: 01.00, Switches: 32, Drivers: 8
2016-03-26 00:22:02,199 : INFO : FAST : Fast IO Board 01: Model: FP-I/O-3208-2, Firmware: 01.00, Switches: 32, Drivers: 8
2016-03-26 00:22:02,214 : INFO : FAST : Fast IO Board 02: Model: FP-I/O-1616-2, Firmware: 01.00, Switches: 16, Drivers: 16
2016-03-26 00:22:02,300 : INFO : DeviceManager : Loading devices...
2016-03-26 00:22:02,352 : INFO : FAST : Received SA: 01,00,0B,00002400002D0000020100
2016-03-26 00:22:02,369 : WARNING : BCPClientSocket.local_display : Failed to connect to remote BCP host localhost:5050. Error: [Errno 61] Connection refused
2016-03-26 00:22:02,370 : WARNING : BCPClientSocket.local_display : Failed to connect to remote BCP host localhost:5050. Error: [Errno 61] Connection refused
2016-03-26 00:22:02,370 : INFO : Machine : Loading plugins...
2016-03-26 00:22:02,389 : WARNING : BCPClientSocket.local_display : Failed to connect to remote BCP host localhost:5050. Error: [Errno 61] Connection refused
2016-03-26 00:22:02,390 : INFO : SwitchController : Dumping current active switches
2016-03-26 00:22:02,390 : INFO : SwitchController : Active Switch|s_troughenter
2016-03-26 00:22:02,390 : INFO : SwitchController : Active Switch|s_drain
2016-03-26 00:22:02,390 : INFO : SwitchController : Active Switch|s_droptarget2
2016-03-26 00:22:02,391 : INFO : FAST : Received SA: 01,00,0B,00002400002D0000020100
2016-03-26 00:22:02,391 : INFO : Mode.attract : Mode Starting. Priority: 10
2016-03-26 00:22:02,393 : WARNING : BCPClientSocket.local_display : Failed to connect to remote BCP host localhost:5050. Error: [Errno 61] Connection refused
2016-03-26 00:22:02,393 : INFO : Mode Controller : +=========== ACTIVE MODES ============+
2016-03-26 00:22:02,394 : INFO : Mode Controller : | attract : 10                        |
2016-03-26 00:22:02,394 : INFO : Mode Controller : +-------------------------------------+
2016-03-26 00:22:03,937 : INFO : SwitchController : <<<<< switch: s_start, State:1 >>>>>
2016-03-26 00:22:04,108 : INFO : SwitchController : <<<<< switch: s_start, State:0 >>>>>
2016-03-26 00:22:04,108 : INFO : Mode.game : Mode Starting. Priority: 20
2016-03-26 00:22:04,109 : INFO : Mode Controller : +=========== ACTIVE MODES ============+
2016-03-26 00:22:04,109 : INFO : Mode Controller : +-------------------------------------+
2016-03-26 00:22:04,110 : INFO : Mode Controller : +=========== ACTIVE MODES ============+
2016-03-26 00:22:04,110 : INFO : Mode Controller : | game : 20                           |
2016-03-26 00:22:04,110 : INFO : Mode Controller : +-------------------------------------+
2016-03-26 00:22:04,111 : INFO : Mode.game : Player added successfully. Total players: 1
2016-03-26 00:22:04,112 : INFO : Mode.game : ***************************************************
2016-03-26 00:22:04,113 : INFO : Mode.game : ****************** BALL STARTING ******************
2016-03-26 00:22:04,113 : INFO : Mode.game : **                                               **
2016-03-26 00:22:04,113 : INFO : Mode.game : **    Player: 1    Ball: 1   Score: 0            **
2016-03-26 00:22:04,113 : INFO : Mode.game : **                                               **
2016-03-26 00:22:04,113 : INFO : Mode.game : ***************************************************
2016-03-26 00:22:04,113 : INFO : Mode.game : ***************************************************
2016-03-26 00:22:17,236 : INFO : Machine : Actual MPF loop rate: 70.0 Hz
2016-03-26 00:22:17,237 : INFO : root : MPF run loop ended.
