2016-03-25 16:35:53,681 : INFO : Machine : Mission Pinball Framework v0.30.0.dev801
2016-03-25 16:35:53,682 : INFO : Machine : Loading config from original files
2016-03-25 16:35:53,757 : INFO : Machine : Machine config file #1: /Users/gabe/Dropbox/Pinball/Gabe/bnd/config/config
2016-03-25 16:35:53,928 : INFO : Machine : Config file cache created: /Users/gabe/Dropbox/Pinball/Gabe/bnd/__mpfcache__/config_config.p
2016-03-25 16:35:53,937 : INFO : FAST : Configuring FAST hardware.
2016-03-25 16:35:53,937 : INFO : Machine : Loading core modules...
2016-03-25 16:35:54,105 : INFO : FAST : Configuring FAST Controller for FAST IO boards.
2016-03-25 16:35:54,105 : INFO : FAST : Connecting to /dev/tty.usbserial-141C at 921600bps
2016-03-25 16:35:55,622 : INFO : FAST : Received ID acknowledgement. Processor: RGB, Board: FP-CPU-002-2, Firmware: 01.00
2016-03-25 16:35:55,624 : INFO : FAST : Connecting to /dev/tty.usbserial-141B at 921600bps
2016-03-25 16:35:57,142 : INFO : FAST : Received ID acknowledgement. Processor: NET, Board: FP-CPU-002-2, Firmware: 01.00
2016-03-25 16:35:57,158 : INFO : FAST : Fast IO Board 00: Model: FP-I/O-3208-2, Firmware: 01.00, Switches: 32, Drivers: 8
2016-03-25 16:35:57,174 : INFO : FAST : Fast IO Board 01: Model: FP-I/O-3208-2, Firmware: 01.00, Switches: 32, Drivers: 8
2016-03-25 16:35:57,190 : INFO : FAST : Fast IO Board 02: Model: FP-I/O-1616-2, Firmware: 01.00, Switches: 16, Drivers: 16
2016-03-25 16:35:57,276 : INFO : DeviceManager : Loading devices...
2016-03-25 16:35:57,327 : INFO : FAST : Received SA: 01,00,0B,00002400002D0000020100
2016-03-25 16:35:57,347 : WARNING : BCPClientSocket.local_display : Failed to connect to remote BCP host localhost:5050. Error: [Errno 61] Connection refused
2016-03-25 16:35:57,348 : WARNING : BCPClientSocket.local_display : Failed to connect to remote BCP host localhost:5050. Error: [Errno 61] Connection refused
2016-03-25 16:35:57,348 : WARNING : BCPClientSocket.local_display : Failed to connect to remote BCP host localhost:5050. Error: [Errno 61] Connection refused
2016-03-25 16:35:57,349 : INFO : Machine : Loading plugins...
2016-03-25 16:35:57,379 : WARNING : BCPClientSocket.local_display : Failed to connect to remote BCP host localhost:5050. Error: [Errno 61] Connection refused
2016-03-25 16:35:57,379 : INFO : SwitchController : Dumping current active switches
2016-03-25 16:35:57,379 : INFO : SwitchController : Active Switch|s_drain
2016-03-25 16:35:57,379 : INFO : SwitchController : Active Switch|s_droptarget2
2016-03-25 16:35:57,379 : INFO : SwitchController : Active Switch|s_troughenter
2016-03-25 16:35:57,380 : INFO : FAST : Received SA: 01,00,0B,00002400002D0000020100
2016-03-25 16:35:57,380 : INFO : Mode.attract : Mode Starting. Priority: 10
2016-03-25 16:35:57,381 : INFO : Mode Controller : +=========== ACTIVE MODES ============+
2016-03-25 16:35:57,381 : INFO : Mode Controller : | attract : 10                        |
2016-03-25 16:35:57,381 : INFO : Mode Controller : +-------------------------------------+
2016-03-25 16:35:57,501 : INFO : SwitchController : <<<<< switch: s_drain, State:0 >>>>>
2016-03-25 16:35:58,414 : INFO : SwitchController : <<<<< switch: s_drain, State:1 >>>>>
2016-03-25 16:36:03,820 : INFO : SwitchController : <<<<< switch: s_drain, State:0 >>>>>
2016-03-25 16:36:04,563 : INFO : SwitchController : <<<<< switch: s_drain, State:1 >>>>>
2016-03-25 16:36:13,818 : INFO : SwitchController : <<<<< switch: s_drain, State:0 >>>>>
2016-03-25 16:36:14,533 : INFO : SwitchController : <<<<< switch: s_drain, State:1 >>>>>
2016-03-25 16:36:19,828 : INFO : Machine : Actual MPF loop rate: 67.62 Hz
2016-03-25 16:36:19,828 : INFO : root : MPF run loop ended.
