2016-03-26 00:22:53,817 : INFO : Machine : Mission Pinball Framework v0.30.0.dev801
2016-03-26 00:22:53,817 : INFO : Machine : Loading config from original files
2016-03-26 00:22:53,871 : INFO : Machine : Machine config file #1: /Users/gabe/Dropbox/Pinball/Gabe/bnd/config/config
2016-03-26 00:22:54,003 : INFO : Machine : Config file cache created: /Users/gabe/Dropbox/Pinball/Gabe/bnd/__mpfcache__/config_config.p
2016-03-26 00:22:54,009 : INFO : FAST : Configuring FAST hardware.
2016-03-26 00:22:54,009 : INFO : Machine : Loading core modules...
2016-03-26 00:22:54,180 : INFO : FAST : Configuring FAST Controller for FAST IO boards.
2016-03-26 00:22:54,181 : INFO : FAST : Connecting to /dev/tty.usbserial-141C at 921600bps
2016-03-26 00:22:55,698 : INFO : FAST : Received ID acknowledgement. Processor: RGB, Board: FP-CPU-002-2, Firmware: 01.00
2016-03-26 00:22:55,699 : INFO : FAST : Connecting to /dev/tty.usbserial-141B at 921600bps
2016-03-26 00:22:57,216 : INFO : FAST : Received ID acknowledgement. Processor: NET, Board: FP-CPU-002-2, Firmware: 01.00
2016-03-26 00:22:57,232 : INFO : FAST : Fast IO Board 00: Model: FP-I/O-3208-2, Firmware: 01.00, Switches: 32, Drivers: 8
2016-03-26 00:22:57,248 : INFO : FAST : Fast IO Board 01: Model: FP-I/O-3208-2, Firmware: 01.00, Switches: 32, Drivers: 8
2016-03-26 00:22:57,264 : INFO : FAST : Fast IO Board 02: Model: FP-I/O-1616-2, Firmware: 01.00, Switches: 16, Drivers: 16
2016-03-26 00:22:57,349 : INFO : DeviceManager : Loading devices...
2016-03-26 00:22:57,398 : WARNING : FAST : Received unknown serial command? D,:F. (This is ok to ignore for now while the FAST platform is in development)
2016-03-26 00:22:57,409 : INFO : FAST : Received SA: 01,00,0B,00002400002D0000020100
2016-03-26 00:22:57,425 : WARNING : BCPClientSocket.local_display : Failed to connect to remote BCP host localhost:5050. Error: [Errno 61] Connection refused
2016-03-26 00:22:57,426 : WARNING : BCPClientSocket.local_display : Failed to connect to remote BCP host localhost:5050. Error: [Errno 61] Connection refused
2016-03-26 00:22:57,428 : WARNING : BCPClientSocket.local_display : Failed to connect to remote BCP host localhost:5050. Error: [Errno 61] Connection refused
2016-03-26 00:22:57,428 : INFO : Machine : Loading plugins...
2016-03-26 00:22:57,455 : WARNING : BCPClientSocket.local_display : Failed to connect to remote BCP host localhost:5050. Error: [Errno 61] Connection refused
2016-03-26 00:22:57,455 : INFO : SwitchController : Dumping current active switches
2016-03-26 00:22:57,455 : INFO : SwitchController : Active Switch|s_droptarget2
2016-03-26 00:22:57,455 : INFO : SwitchController : Active Switch|s_drain
2016-03-26 00:22:57,456 : INFO : SwitchController : Active Switch|s_troughenter
2016-03-26 00:22:57,457 : INFO : FAST : Received SA: 01,00,0B,00002400002D0000020100
2016-03-26 00:22:57,458 : INFO : Mode.attract : Mode Starting. Priority: 10
2016-03-26 00:22:57,459 : INFO : Mode Controller : +=========== ACTIVE MODES ============+
2016-03-26 00:22:57,460 : INFO : Mode Controller : | attract : 10                        |
2016-03-26 00:22:57,460 : INFO : Mode Controller : +-------------------------------------+
2016-03-26 00:23:00,945 : INFO : SwitchController : <<<<< switch: s_start, State:1 >>>>>
2016-03-26 00:23:01,120 : INFO : SwitchController : <<<<< switch: s_start, State:0 >>>>>
2016-03-26 00:23:01,121 : INFO : Mode.game : Mode Starting. Priority: 20
2016-03-26 00:23:01,122 : INFO : Mode Controller : +=========== ACTIVE MODES ============+
2016-03-26 00:23:01,123 : INFO : Mode Controller : +-------------------------------------+
2016-03-26 00:23:01,123 : INFO : Mode Controller : +=========== ACTIVE MODES ============+
2016-03-26 00:23:01,123 : INFO : Mode Controller : | game : 20                           |
2016-03-26 00:23:01,123 : INFO : Mode Controller : +-------------------------------------+
2016-03-26 00:23:01,124 : INFO : Mode.game : Player added successfully. Total players: 1
2016-03-26 00:23:01,125 : INFO : Mode.game : ***************************************************
2016-03-26 00:23:01,125 : INFO : Mode.game : ****************** BALL STARTING ******************
2016-03-26 00:23:01,125 : INFO : Mode.game : **                                               **
2016-03-26 00:23:01,125 : INFO : Mode.game : **    Player: 1    Ball: 1   Score: 0            **
2016-03-26 00:23:01,126 : INFO : Mode.game : **                                               **
2016-03-26 00:23:01,127 : INFO : Mode.game : ***************************************************
2016-03-26 00:23:01,127 : INFO : Mode.game : ***************************************************
2016-03-26 00:23:07,613 : INFO : Machine : Actual MPF loop rate: 67.8 Hz
2016-03-26 00:23:07,614 : INFO : root : MPF run loop ended.
