2016-03-26 11:19:36,390 : INFO : Machine : Mission Pinball Framework v0.30.0.dev801
2016-03-26 11:19:36,391 : INFO : Machine : Loading cached config: /Users/gabe/Dropbox/Pinball/Gabe/bnd/__mpfcache__/config_config.p
2016-03-26 11:19:36,476 : INFO : FAST : Configuring FAST hardware.
2016-03-26 11:19:36,478 : INFO : Machine : Loading core modules...
2016-03-26 11:19:37,277 : INFO : FAST : Configuring FAST Controller for FAST IO boards.
2016-03-26 11:19:37,277 : INFO : FAST : Connecting to /dev/tty.usbserial-141C at 921600bps
2016-03-26 11:19:38,795 : INFO : FAST : Received ID acknowledgement. Processor: RGB, Board: FP-CPU-002-2, Firmware: 01.00
2016-03-26 11:19:38,800 : INFO : FAST : Connecting to /dev/tty.usbserial-141B at 921600bps
2016-03-26 11:19:40,321 : INFO : FAST : Received ID acknowledgement. Processor: NET, Board: FP-CPU-002-2, Firmware: 01.00
2016-03-26 11:19:40,337 : INFO : FAST : Fast IO Board 00: Model: FP-I/O-3208-2, Firmware: 01.00, Switches: 32, Drivers: 8
2016-03-26 11:19:40,354 : INFO : FAST : Fast IO Board 01: Model: FP-I/O-3208-2, Firmware: 01.00, Switches: 32, Drivers: 8
2016-03-26 11:19:40,371 : INFO : FAST : Fast IO Board 02: Model: FP-I/O-1616-2, Firmware: 01.00, Switches: 16, Drivers: 16
2016-03-26 11:19:40,481 : INFO : DeviceManager : Loading devices...
2016-03-26 11:19:40,601 : INFO : FAST : Received SA: 01,00,0B,00002400002D0000020100
2016-03-26 11:19:40,643 : WARNING : BCPClientSocket.local_display : Failed to connect to remote BCP host localhost:5050. Error: [Errno 61] Connection refused
2016-03-26 11:19:40,656 : WARNING : BCPClientSocket.local_display : Failed to connect to remote BCP host localhost:5050. Error: [Errno 61] Connection refused
2016-03-26 11:19:40,658 : WARNING : BCPClientSocket.local_display : Failed to connect to remote BCP host localhost:5050. Error: [Errno 61] Connection refused
2016-03-26 11:19:40,658 : INFO : Machine : Loading plugins...
2016-03-26 11:19:40,749 : WARNING : BCPClientSocket.local_display : Failed to connect to remote BCP host localhost:5050. Error: [Errno 61] Connection refused
2016-03-26 11:19:40,750 : INFO : SwitchController : Dumping current active switches
2016-03-26 11:19:40,750 : INFO : SwitchController : Active Switch|s_droptarget2
2016-03-26 11:19:40,750 : INFO : SwitchController : Active Switch|s_troughenter
2016-03-26 11:19:40,750 : INFO : SwitchController : Active Switch|s_drain
2016-03-26 11:19:40,751 : INFO : FAST : Received SA: 01,00,0B,00002400002D0000020100
2016-03-26 11:19:40,752 : INFO : Mode.attract : Mode Starting. Priority: 10
2016-03-26 11:19:40,753 : INFO : Mode Controller : +=========== ACTIVE MODES ============+
2016-03-26 11:19:40,753 : INFO : Mode Controller : | attract : 10                        |
2016-03-26 11:19:40,753 : INFO : Mode Controller : +-------------------------------------+
2016-03-26 11:19:42,118 : INFO : SwitchController : <<<<< switch: s_start, State:1 >>>>>
2016-03-26 11:19:42,321 : INFO : SwitchController : <<<<< switch: s_start, State:0 >>>>>
2016-03-26 11:19:42,322 : INFO : Mode.game : Mode Starting. Priority: 20
2016-03-26 11:19:42,323 : INFO : Mode Controller : +=========== ACTIVE MODES ============+
2016-03-26 11:19:42,323 : INFO : Mode Controller : +-------------------------------------+
2016-03-26 11:19:42,324 : INFO : Mode Controller : +=========== ACTIVE MODES ============+
2016-03-26 11:19:42,324 : INFO : Mode Controller : | game : 20                           |
2016-03-26 11:19:42,324 : INFO : Mode Controller : +-------------------------------------+
2016-03-26 11:19:42,325 : INFO : Mode.game : Player added successfully. Total players: 1
2016-03-26 11:19:42,329 : INFO : Mode.game : ***************************************************
2016-03-26 11:19:42,330 : INFO : Mode.game : ****************** BALL STARTING ******************
2016-03-26 11:19:42,332 : INFO : Mode.game : **                                               **
2016-03-26 11:19:42,333 : INFO : Mode.game : **    Player: 1    Ball: 1   Score: 0            **
2016-03-26 11:19:42,335 : INFO : Mode.game : **                                               **
2016-03-26 11:19:42,335 : INFO : Mode.game : ***************************************************
2016-03-26 11:19:42,338 : INFO : Mode.game : ***************************************************
2016-03-26 11:19:51,220 : INFO : Machine : Actual MPF loop rate: 70.51 Hz
2016-03-26 11:19:51,221 : INFO : root : MPF run loop ended.
