2016-03-25 22:20:26,743 : INFO : Machine : Mission Pinball Framework v0.30.0.dev801
2016-03-25 22:20:26,744 : INFO : Machine : Loading cached config: /Users/gabe/Dropbox/Pinball/Gabe/bnd/__mpfcache__/config_config.p
2016-03-25 22:20:26,753 : INFO : FAST : Configuring FAST hardware.
2016-03-25 22:20:26,753 : INFO : Machine : Loading core modules...
2016-03-25 22:20:26,965 : INFO : FAST : Configuring FAST Controller for FAST IO boards.
2016-03-25 22:20:26,965 : INFO : FAST : Connecting to /dev/tty.usbserial-141C at 921600bps
2016-03-25 22:20:28,483 : INFO : FAST : Received ID acknowledgement. Processor: RGB, Board: FP-CPU-002-2, Firmware: 01.00
2016-03-25 22:20:28,484 : INFO : FAST : Connecting to /dev/tty.usbserial-141B at 921600bps
2016-03-25 22:20:30,018 : INFO : FAST : Received ID acknowledgement. Processor: NET, Board: FP-CPU-002-2, Firmware: 01.00
2016-03-25 22:20:30,034 : INFO : FAST : Fast IO Board 00: Model: FP-I/O-3208-2, Firmware: 01.00, Switches: 32, Drivers: 8
2016-03-25 22:20:30,050 : INFO : FAST : Fast IO Board 01: Model: FP-I/O-3208-2, Firmware: 01.00, Switches: 32, Drivers: 8
2016-03-25 22:20:30,066 : INFO : FAST : Fast IO Board 02: Model: FP-I/O-1616-2, Firmware: 01.00, Switches: 16, Drivers: 16
2016-03-25 22:20:30,152 : INFO : DeviceManager : Loading devices...
2016-03-25 22:20:30,205 : INFO : FAST : Received SA: 01,00,0B,00002400002D0000020100
2016-03-25 22:20:30,224 : WARNING : BCPClientSocket.local_display : Failed to connect to remote BCP host localhost:5050. Error: [Errno 61] Connection refused
2016-03-25 22:20:30,225 : WARNING : BCPClientSocket.local_display : Failed to connect to remote BCP host localhost:5050. Error: [Errno 61] Connection refused
2016-03-25 22:20:30,225 : WARNING : BCPClientSocket.local_display : Failed to connect to remote BCP host localhost:5050. Error: [Errno 61] Connection refused
2016-03-25 22:20:30,226 : INFO : Machine : Loading plugins...
2016-03-25 22:20:30,248 : WARNING : BCPClientSocket.local_display : Failed to connect to remote BCP host localhost:5050. Error: [Errno 61] Connection refused
2016-03-25 22:20:30,248 : INFO : SwitchController : Dumping current active switches
2016-03-25 22:20:30,248 : INFO : SwitchController : Active Switch|s_troughenter
2016-03-25 22:20:30,248 : INFO : SwitchController : Active Switch|s_drain
2016-03-25 22:20:30,248 : INFO : SwitchController : Active Switch|s_droptarget2
2016-03-25 22:20:30,249 : INFO : FAST : Received SA: 01,00,0B,00002400002D0000020100
2016-03-25 22:20:30,250 : INFO : Mode.attract : Mode Starting. Priority: 10
2016-03-25 22:20:30,250 : INFO : Mode Controller : +=========== ACTIVE MODES ============+
2016-03-25 22:20:30,250 : INFO : Mode Controller : | attract : 10                        |
2016-03-25 22:20:30,250 : INFO : Mode Controller : +-------------------------------------+
2016-03-25 22:20:35,231 : INFO : SwitchController : <<<<< switch: s_start, State:1 >>>>>
2016-03-25 22:20:35,373 : INFO : SwitchController : <<<<< switch: s_start, State:0 >>>>>
2016-03-25 22:20:35,374 : INFO : Mode.game : Mode Starting. Priority: 20
2016-03-25 22:20:35,375 : INFO : Mode Controller : +=========== ACTIVE MODES ============+
2016-03-25 22:20:35,375 : INFO : Mode Controller : +-------------------------------------+
2016-03-25 22:20:35,375 : INFO : Mode Controller : +=========== ACTIVE MODES ============+
2016-03-25 22:20:35,375 : INFO : Mode Controller : | game : 20                           |
2016-03-25 22:20:35,375 : INFO : Mode Controller : +-------------------------------------+
2016-03-25 22:20:35,376 : INFO : Mode.game : Player added successfully. Total players: 1
2016-03-25 22:20:35,378 : INFO : Mode.game : ***************************************************
2016-03-25 22:20:35,379 : INFO : Mode.game : ****************** BALL STARTING ******************
2016-03-25 22:20:35,379 : INFO : Mode.game : **                                               **
2016-03-25 22:20:35,379 : INFO : Mode.game : **    Player: 1    Ball: 1   Score: 0            **
2016-03-25 22:20:35,379 : INFO : Mode.game : **                                               **
2016-03-25 22:20:35,379 : INFO : Mode.game : ***************************************************
2016-03-25 22:20:35,379 : INFO : Mode.game : ***************************************************
2016-03-25 22:20:35,451 : INFO : SwitchController : <<<<< switch: s_droptarget4, State:1 >>>>>
2016-03-25 22:20:35,452 : INFO : SwitchController : <<<<< switch: s_droptarget4, State:0 >>>>>
2016-03-25 22:20:46,902 : INFO : SwitchController : <<<<< switch: s_leftinlane, State:1 >>>>>
2016-03-25 22:20:47,612 : INFO : SwitchController : <<<<< switch: s_leftinlane, State:0 >>>>>
2016-03-25 22:20:48,439 : INFO : SwitchController : <<<<< switch: s_leftoutlane, State:1 >>>>>
2016-03-25 22:20:48,514 : INFO : SwitchController : <<<<< switch: s_drain, State:0 >>>>>
2016-03-25 22:20:48,613 : INFO : SwitchController : <<<<< switch: s_leftoutlane, State:0 >>>>>
2016-03-25 22:20:49,381 : INFO : SwitchController : <<<<< switch: s_drain, State:1 >>>>>
2016-03-25 22:20:51,045 : INFO : SwitchController : <<<<< switch: s_leftinlane, State:1 >>>>>
2016-03-25 22:20:51,646 : INFO : SwitchController : <<<<< switch: s_leftinlane, State:0 >>>>>
2016-03-25 22:20:55,321 : INFO : SwitchController : <<<<< switch: s_leftinlane, State:1 >>>>>
2016-03-25 22:20:55,482 : INFO : SwitchController : <<<<< switch: s_drain, State:0 >>>>>
2016-03-25 22:20:55,624 : INFO : SwitchController : <<<<< switch: s_leftinlane, State:0 >>>>>
2016-03-25 22:20:56,219 : INFO : SwitchController : <<<<< switch: s_drain, State:1 >>>>>
2016-03-25 22:20:59,272 : INFO : SwitchController : <<<<< switch: s_leftinlane, State:1 >>>>>
2016-03-25 22:20:59,501 : INFO : SwitchController : <<<<< switch: s_leftinlane, State:0 >>>>>
2016-03-25 22:21:02,826 : INFO : Machine : Actual MPF loop rate: 70.36 Hz
2016-03-25 22:21:02,826 : INFO : root : MPF run loop ended.
