2016-05-13 23:44:46,110 : INFO : Machine : Mission Pinball Framework Core Engine v0.30.0.dev1482
2016-05-13 23:44:46,110 : DEBUG : Machine : Command line arguments: {'pause': False, 'create_config_cache': True, 'bcp': False, 'force_platform': None, 'no_load_cache': False, 'mpfconfigfile': '/Applications/MPF.app/Contents/Frameworks/python/3.5.0/lib/python3.5/site-packages/mpf/mpfconfig.yaml', 'configfile': ['config'], 'logfile': 'logs/2016-05-13-23-44-46-mpf-Gabriels-MacBook-Pro.local.log', 'consoleloglevel': True, 'loglevel': 10}
2016-05-13 23:44:46,110 : DEBUG : Machine : MPF path: /Applications/MPF.app/Contents/Frameworks/python/3.5.0/lib/python3.5/site-packages/mpf
2016-05-13 23:44:46,110 : INFO : Machine : Machine path: /Users/gabe/Dropbox/Pinball/Gabe/bnd
2016-05-13 23:44:46,111 : DEBUG : Machine : Command line arguments: {'pause': False, 'create_config_cache': True, 'bcp': False, 'force_platform': None, 'no_load_cache': False, 'mpfconfigfile': '/Applications/MPF.app/Contents/Frameworks/python/3.5.0/lib/python3.5/site-packages/mpf/mpfconfig.yaml', 'configfile': ['config'], 'logfile': 'logs/2016-05-13-23-44-46-mpf-Gabriels-MacBook-Pro.local.log', 'consoleloglevel': True, 'loglevel': 10}
2016-05-13 23:44:46,111 : DEBUG : Machine : Python version: 3.5.0
2016-05-13 23:44:46,111 : DEBUG : Machine : Platform: darwin
2016-05-13 23:44:46,111 : DEBUG : Machine : Python executable location: /Applications/MPF.app/Contents/Resources/python
2016-05-13 23:44:46,111 : DEBUG : Machine : 32-bit Python? False
2016-05-13 23:44:46,111 : DEBUG : Machine : Machine path: /Users/gabe/Dropbox/Pinball/Gabe/bnd
2016-05-13 23:44:46,518 : INFO : Machine : Loading cached config: /var/folders/c1/z5pg47y54_s14cd2m1zmk1kc0000gn/T/db0cb78b77a969ed262a283d7c7743faconfig
2016-05-13 23:44:46,519 : DEBUG : Clock : Starting clock (maximum frames per second=30.0)
2016-05-13 23:44:46,519 : INFO : Machine : Starting clock at 30.0Hz
2016-05-13 23:44:46,519 : DEBUG : Clock : Scheduled a recurring clock callback (callback=<bound method MachineController._check_crash_queue of <mpf.core.machine.MachineController object at 0x102bb5ef0>>, timeout=1, priority=1)
2016-05-13 23:44:46,526 : DEBUG : Pololu Maestro : Configuring template hardware interface.
2016-05-13 23:44:46,533 : INFO : FAST : Configuring FAST hardware.
2016-05-13 23:44:46,533 : DEBUG : Machine : Setting default platform to 'fast'
2016-05-13 23:44:46,534 : INFO : Machine : Loading core modules...
2016-05-13 23:44:46,534 : DEBUG : Machine : Loading 'mpf.core.events.EventManager' core module
2016-05-13 23:44:46,535 : DEBUG : Machine : Loading 'mpf.core.mode_controller.ModeController' core module
2016-05-13 23:44:46,538 : DEBUG : Events : Registered ModeController._load_modes as a handler for 'init_phase_2', priority: 1, kwargs: {}
2016-05-13 23:44:46,538 : DEBUG : Events : Registered ModeController._ball_ending as a handler for 'ball_ending', priority: 0, kwargs: {}
2016-05-13 23:44:46,538 : DEBUG : Events : Registered ModeController._ball_starting as a handler for 'ball_starting', priority: 0, kwargs: {}
2016-05-13 23:44:46,538 : DEBUG : Events : Registered ModeController._player_added as a handler for 'player_add_success', priority: 0, kwargs: {}
2016-05-13 23:44:46,539 : DEBUG : Events : Registered ModeController._player_turn_start as a handler for 'player_turn_start', priority: 1000000, kwargs: {}
2016-05-13 23:44:46,539 : DEBUG : Events : Registered ModeController._player_turn_stop as a handler for 'player_turn_stop', priority: 1000000, kwargs: {}
2016-05-13 23:44:46,539 : DEBUG : Machine : Loading 'mpf.core.config_processor.ConfigProcessor' core module
2016-05-13 23:44:46,539 : DEBUG : Machine : Loading 'mpf.core.shot_profile_manager.ShotProfileManager' core module
2016-05-13 23:44:46,540 : DEBUG : ShotProfileManager : Registering Shot Profile: 'default'
2016-05-13 23:44:46,541 : DEBUG : ShotProfileManager : Processed 'default' profile configuration: {'rotation_pattern': deque(['right']), 'advance_on_hit': True, 'show': None, 'block': True, 'state_names_to_rotate': [], 'states': [{'reset': True, 'hold': True, 'action': 'play', 'sync_ms': 0, 'speed': 1.0, 'key': None, 'manual_advance': False, 'loops': -1, 'show': 'off', 'start_step': 1, 'priority': 0, 'name': 'unlit', 'show_tokens': {}}, {'reset': True, 'hold': True, 'action': 'play', 'sync_ms': 0, 'speed': 1.0, 'key': None, 'manual_advance': False, 'loops': -1, 'show': 'on', 'start_step': 1, 'priority': 0, 'name': 'lit', 'show_tokens': {}}], 'show_when_disabled': False, 'hold': None, 'loop': False, 'player_variable': '%_default', 'state_names_to_not_rotate': []}
2016-05-13 23:44:46,541 : DEBUG : Mode Controller : Registering <bound method ShotProfileManager.mode_start_for_shots of <mpf.core.shot_profile_manager.ShotProfileManager object at 0x102c5bf98>> as a mode start method. Config section: shots, priority: 0, kwargs: {}
2016-05-13 23:44:46,541 : DEBUG : Mode Controller : Registering <bound method ShotProfileManager.mode_start_for_shot_groups of <mpf.core.shot_profile_manager.ShotProfileManager object at 0x102c5bf98>> as a mode start method. Config section: shot_groups, priority: 0, kwargs: {}
2016-05-13 23:44:46,541 : DEBUG : Events : Registered ShotProfileManager._player_turn_start as a handler for 'player_turn_start', priority: 1000000, kwargs: {}
2016-05-13 23:44:46,542 : DEBUG : Events : Registered ShotProfileManager._player_turn_stop as a handler for 'player_turn_stop', priority: 0, kwargs: {}
2016-05-13 23:44:46,542 : DEBUG : Machine : Loading 'mpf.core.device_manager.DeviceManager' core module
2016-05-13 23:44:46,542 : DEBUG : Events : Registered DeviceManager._load_device_modules as a handler for 'init_phase_1', priority: 1, kwargs: {}
2016-05-13 23:44:46,542 : DEBUG : Events : Registered DeviceManager.create_machinewide_device_control_events as a handler for 'init_phase_2', priority: 1, kwargs: {}
2016-05-13 23:44:46,543 : DEBUG : Events : Registered DeviceManager.create_collection_control_events as a handler for 'init_phase_2', priority: 1, kwargs: {}
2016-05-13 23:44:46,543 : DEBUG : Machine : Loading 'mpf.core.switch_controller.SwitchController' core module
2016-05-13 23:44:46,544 : DEBUG : Clock : Scheduled a recurring clock callback (callback=<bound method SwitchController._tick of <mpf.core.switch_controller.SwitchController object at 0x102c673c8>>, timeout=0, priority=1000)
2016-05-13 23:44:46,544 : DEBUG : Events : Registered SwitchController._initialize_switches as a handler for 'init_phase_2', priority: 1000, kwargs: {}
2016-05-13 23:44:46,544 : DEBUG : Events : Registered SwitchController.log_active_switches as a handler for 'machine_reset_phase_3', priority: 1, kwargs: {}
2016-05-13 23:44:46,545 : DEBUG : Machine : Loading 'mpf.core.ball_controller.BallController' core module
2016-05-13 23:44:46,545 : DEBUG : BallController : Loading the BallController
2016-05-13 23:44:46,546 : DEBUG : Events : Registered BallController.request_to_start_game as a handler for 'request_to_start_game', priority: 1, kwargs: {}
2016-05-13 23:44:46,546 : DEBUG : Events : Registered BallController._initialize as a handler for 'machine_reset_phase_2', priority: 1, kwargs: {}
2016-05-13 23:44:46,546 : DEBUG : Events : Registered BallController._init2 as a handler for 'init_phase_2', priority: 1, kwargs: {}
2016-05-13 23:44:46,546 : DEBUG : Machine : Loading 'mpf.core.assets.AssetManager' core module
2016-05-13 23:44:46,548 : DEBUG : AssetManager : Initializing...
2016-05-13 23:44:46,548 : DEBUG : Mode Controller : Registering <bound method AssetManager._load_mode_assets of <mpf.core.assets.AssetManager object at 0x102c67cf8>> as a mode start method. Config section: None, priority: 0, kwargs: {}
2016-05-13 23:44:46,549 : DEBUG : Events : Registered AssetManager._create_assets as a handler for 'init_phase_3', priority: 1, kwargs: {}
2016-05-13 23:44:46,549 : DEBUG : Events : Registered AssetManager._bcp_client_asset_load as a handler for 'assets_to_load', priority: 1, kwargs: {}
2016-05-13 23:44:46,549 : DEBUG : Machine : Loading 'mpf.core.show_controller.ShowController' core module
2016-05-13 23:44:46,554 : DEBUG : Clock : Scheduled a recurring clock callback (callback=<bound method ShowController._tick of <mpf.core.show_controller.ShowController object at 0x102c6dcc0>>, timeout=0, priority=1)
2016-05-13 23:44:46,554 : DEBUG : Events : Registered ShowController._initialize as a handler for 'init_phase_3', priority: 1, kwargs: {}
2016-05-13 23:44:46,554 : DEBUG : Machine : Loading 'mpf.core.bcp.BCP' core module
2016-05-13 23:44:46,555 : DEBUG : Events : Registered BCP.bcp_trigger as a handler for 'ball_started', priority: 1, kwargs: {'name': 'ball_started'}
2016-05-13 23:44:46,555 : DEBUG : Events : Registered BCP.bcp_trigger as a handler for 'ball_ended', priority: 1, kwargs: {'name': 'ball_ended'}
2016-05-13 23:44:46,555 : DEBUG : Events : Registered BCP.bcp_trigger as a handler for 'player_add_success', priority: 1, kwargs: {'name': 'player_add_success'}
2016-05-13 23:44:46,555 : DEBUG : Events : Registered BCP._bcp_event_callback as a handler for 'ball_started', priority: 1, kwargs: {'params': {'ball': '%ball', 'player_num': '%player'}, 'command': 'ball_start'}
2016-05-13 23:44:46,555 : DEBUG : Events : Registered BCP._bcp_event_callback as a handler for 'ball_ending', priority: 1, kwargs: {'command': 'ball_end'}
2016-05-13 23:44:46,555 : DEBUG : Events : Registered BCP._bcp_event_callback as a handler for 'clear', priority: 1, kwargs: {'params': {'key': '%key', 'name': 'clear'}, 'command': 'trigger'}
2016-05-13 23:44:46,555 : DEBUG : Events : Registered BCP._bcp_event_callback as a handler for 'player_turn_start', priority: 1, kwargs: {'params': {'player_num': '%number'}, 'command': 'player_turn_start'}
2016-05-13 23:44:46,556 : DEBUG : Events : Registered BCP.bcp_trigger as a handler for 'player_score', priority: 1, kwargs: {'name': 'player_score'}
2016-05-13 23:44:46,556 : DEBUG : Events : Registered BCP._setup_dmds as a handler for 'init_phase_1', priority: 1, kwargs: {}
2016-05-13 23:44:46,556 : DEBUG : Events : Registered BCP._setup_bcp_connections as a handler for 'init_phase_2', priority: 1, kwargs: {}
2016-05-13 23:44:46,556 : DEBUG : Clock : Scheduled a recurring clock callback (callback=<bound method BCP.get_bcp_messages of <BCP Module>>, timeout=0, priority=1)
2016-05-13 23:44:46,556 : DEBUG : Events : Registered BCP.bcp_player_added as a handler for 'player_add_success', priority: 1, kwargs: {}
2016-05-13 23:44:46,556 : DEBUG : Events : Registered BCP.bcp_reset as a handler for 'machine_reset_phase_1', priority: 1, kwargs: {}
2016-05-13 23:44:46,557 : DEBUG : Events : Registered BCP.increase_volume as a handler for 'increase_volume', priority: 1, kwargs: {}
2016-05-13 23:44:46,557 : DEBUG : Events : Registered BCP.decrease_volume as a handler for 'decrease_volume', priority: 1, kwargs: {}
2016-05-13 23:44:46,557 : DEBUG : Events : Registered BCP.enable_volume_keys as a handler for 'enable_volume_keys', priority: 1, kwargs: {}
2016-05-13 23:44:46,557 : DEBUG : Events : Registered BCP.disable_volume_keys as a handler for 'disable_volume_keys', priority: 1, kwargs: {}
2016-05-13 23:44:46,557 : DEBUG : Events : Registered BCP.get_led_coordinates as a handler for 'bcp_get_led_coordinates', priority: 1, kwargs: {}
2016-05-13 23:44:46,557 : DEBUG : Mode Controller : Registering <bound method BCP.bcp_mode_start of <BCP Module>> as a mode start method. Config section: mode, priority: 0, kwargs: {}
2016-05-13 23:44:46,557 : DEBUG : Machine : Loading 'mpf.core.logic_blocks.LogicBlocks' core module
2016-05-13 23:44:46,558 : DEBUG : Mode Controller : Registering <bound method LogicBlocks._process_config of <mpf.core.logic_blocks.LogicBlocks object at 0x102c75470>> as a mode start method. Config section: logic_blocks, priority: 0, kwargs: {}
2016-05-13 23:44:46,558 : DEBUG : Events : Registered LogicBlocks._create_player_logic_blocks as a handler for 'player_add_success', priority: 1, kwargs: {}
2016-05-13 23:44:46,559 : DEBUG : Events : Registered LogicBlocks.player_turn_start as a handler for 'player_turn_start', priority: 1, kwargs: {}
2016-05-13 23:44:46,559 : DEBUG : Events : Registered LogicBlocks.player_turn_stop as a handler for 'player_turn_stop', priority: 1, kwargs: {}
2016-05-13 23:44:46,560 : DEBUG : Machine : Loading 'mpf.core.scoring.ScoreController' core module
2016-05-13 23:44:46,560 : DEBUG : Score : Loading the Score Controller
2016-05-13 23:44:46,560 : DEBUG : Mode Controller : Registering <bound method ScoreController.mode_start of <mpf.core.scoring.ScoreController object at 0x102c77a58>> as a mode start method. Config section: scoring, priority: 0, kwargs: {}
2016-05-13 23:44:46,560 : INFO : FAST : Configuring FAST Controller for FAST IO boards.
2016-05-13 23:44:46,561 : INFO : FAST : Connecting to /dev/tty.usbserial-141C at 921600bps
2016-05-13 23:44:48,063 : DEBUG : FAST : Sending 'ID:' command to port '/dev/tty.usbserial-141C'
2016-05-13 23:44:48,078 : DEBUG : FAST : Sending 'ID:' command to port '/dev/tty.usbserial-141C'
2016-05-13 23:44:48,079 : INFO : FAST : Received ID acknowledgement. Processor: RGB, Board: FP-CPU-002-2, Firmware: 01.00
2016-05-13 23:44:48,080 : INFO : FAST : Connecting to /dev/tty.usbserial-141B at 921600bps
2016-05-13 23:44:49,582 : DEBUG : FAST : Sending 'ID:' command to port '/dev/tty.usbserial-141B'
2016-05-13 23:44:49,597 : DEBUG : FAST : Sending 'ID:' command to port '/dev/tty.usbserial-141B'
2016-05-13 23:44:49,598 : INFO : FAST : Received ID acknowledgement. Processor: NET, Board: FP-CPU-002-2, Firmware: 01.00
2016-05-13 23:44:49,598 : DEBUG : FAST : Querying FAST IO boards...
2016-05-13 23:44:49,615 : INFO : FAST : Fast IO Board 00: Model: FP-I/O-3208-2, Firmware: 01.00, Switches: 32, Drivers: 8
2016-05-13 23:44:49,630 : INFO : FAST : Fast IO Board 01: Model: FP-I/O-3208-2, Firmware: 01.00, Switches: 32, Drivers: 8
2016-05-13 23:44:49,631 : INFO : FAST : Fast IO Board 02: Model: FP-I/O-1616-2, Firmware: 01.00, Switches: 16, Drivers: 16
2016-05-13 23:44:49,664 : ERROR : root : [Errno 2] could not open port /dev/tty.usbmodem00153811: [Errno 2] No such file or directory: '/dev/tty.usbmodem00153811'
Traceback (most recent call last):
  File "/Applications/MPF.app/Contents/Frameworks/python/3.5.0/lib/python3.5/site-packages/serial/serialposix.py", line 291, in open
    self.fd = os.open(self.portstr, os.O_RDWR | os.O_NOCTTY | os.O_NONBLOCK)
FileNotFoundError: [Errno 2] No such file or directory: '/dev/tty.usbmodem00153811'

During handling of the above exception, another exception occurred:

Traceback (most recent call last):
  File "/Applications/MPF.app/Contents/Frameworks/python/3.5.0/lib/python3.5/site-packages/mpf/commands/game.py", line 130, in __init__
    MachineController(mpf_path, machine_path, vars(args)).run()
  File "/Applications/MPF.app/Contents/Frameworks/python/3.5.0/lib/python3.5/site-packages/mpf/core/machine.py", line 120, in __init__
    self._initialize_platforms()
  File "/Applications/MPF.app/Contents/Frameworks/python/3.5.0/lib/python3.5/site-packages/mpf/core/machine.py", line 178, in _initialize_platforms
    platform.initialize()
  File "/Applications/MPF.app/Contents/Frameworks/python/3.5.0/lib/python3.5/site-packages/mpf/platforms/pololu_maestro.py", line 41, in initialize
    self.serial = serial.Serial(self.platform.config['port'])
  File "/Applications/MPF.app/Contents/Frameworks/python/3.5.0/lib/python3.5/site-packages/serial/serialutil.py", line 180, in __init__
    self.open()
  File "/Applications/MPF.app/Contents/Frameworks/python/3.5.0/lib/python3.5/site-packages/serial/serialposix.py", line 294, in open
    raise SerialException(msg.errno, "could not open port %s: %s" % (self._port, msg))
serial.serialutil.SerialException: [Errno 2] could not open port /dev/tty.usbmodem00153811: [Errno 2] No such file or directory: '/dev/tty.usbmodem00153811'
