2016-03-27 23:05:16,625 : INFO : Machine : Mission Pinball Framework v0.30.0.dev801
2016-03-27 23:05:16,625 : INFO : Machine : Loading cached config: /Users/gabe/Dropbox/Pinball/Gabe/bnd/__mpfcache__/config_config.p
2016-03-27 23:05:16,633 : INFO : FAST : Configuring FAST hardware.
2016-03-27 23:05:16,634 : INFO : Machine : Loading core modules...
2016-03-27 23:05:16,842 : INFO : FAST : Configuring FAST Controller for FAST IO boards.
2016-03-27 23:05:16,842 : INFO : FAST : Connecting to /dev/tty.usbserial-141C at 921600bps
2016-03-27 23:05:18,358 : INFO : FAST : Received ID acknowledgement. Processor: RGB, Board: FP-CPU-002-2, Firmware: 01.00
2016-03-27 23:05:18,359 : INFO : FAST : Connecting to /dev/tty.usbserial-141B at 921600bps
2016-03-27 23:05:19,876 : INFO : FAST : Received ID acknowledgement. Processor: NET, Board: FP-CPU-002-2, Firmware: 01.00
2016-03-27 23:05:19,893 : INFO : FAST : Fast IO Board 00: Model: FP-I/O-3208-2, Firmware: 01.00, Switches: 32, Drivers: 8
2016-03-27 23:05:19,909 : INFO : FAST : Fast IO Board 01: Model: FP-I/O-3208-2, Firmware: 01.00, Switches: 32, Drivers: 8
2016-03-27 23:05:19,924 : INFO : FAST : Fast IO Board 02: Model: FP-I/O-1616-2, Firmware: 01.00, Switches: 16, Drivers: 16
2016-03-27 23:05:20,011 : INFO : DeviceManager : Loading devices...
2016-03-27 23:05:20,062 : INFO : FAST : Received SA: 01,00,0B,00002400002D00001F0100
2016-03-27 23:05:20,079 : WARNING : BCPClientSocket.local_display : Failed to connect to remote BCP host localhost:5050. Error: [Errno 61] Connection refused
2016-03-27 23:05:20,080 : WARNING : BCPClientSocket.local_display : Failed to connect to remote BCP host localhost:5050. Error: [Errno 61] Connection refused
2016-03-27 23:05:20,081 : WARNING : BCPClientSocket.local_display : Failed to connect to remote BCP host localhost:5050. Error: [Errno 61] Connection refused
2016-03-27 23:05:20,081 : INFO : Machine : Loading plugins...
2016-03-27 23:05:20,101 : WARNING : BCPClientSocket.local_display : Failed to connect to remote BCP host localhost:5050. Error: [Errno 61] Connection refused
2016-03-27 23:05:20,102 : INFO : SwitchController : Dumping current active switches
2016-03-27 23:05:20,102 : INFO : SwitchController : Active Switch|s_droptarget5
2016-03-27 23:05:20,102 : INFO : SwitchController : Active Switch|s_droptarget2
2016-03-27 23:05:20,102 : INFO : SwitchController : Active Switch|s_droptarget3
2016-03-27 23:05:20,102 : INFO : SwitchController : Active Switch|s_droptarget1
2016-03-27 23:05:20,102 : INFO : SwitchController : Active Switch|s_drain
2016-03-27 23:05:20,102 : INFO : SwitchController : Active Switch|s_troughenter
2016-03-27 23:05:20,102 : INFO : SwitchController : Active Switch|s_droptarget4
2016-03-27 23:05:20,103 : INFO : FAST : Received SA: 01,00,0B,00002400002D00001F0100
2016-03-27 23:05:20,103 : INFO : Mode.attract : Mode Starting. Priority: 10
2016-03-27 23:05:20,104 : INFO : Mode Controller : +=========== ACTIVE MODES ============+
2016-03-27 23:05:20,104 : INFO : Mode Controller : | attract : 10                        |
2016-03-27 23:05:20,104 : INFO : Mode Controller : +-------------------------------------+
2016-03-27 23:05:47,676 : INFO : Machine : Actual MPF loop rate: 71.97 Hz
2016-03-27 23:05:47,676 : INFO : root : MPF run loop ended.
