2016-03-25 00:18:33,546 : INFO : Machine : Mission Pinball Framework v0.30.0.dev700
2016-03-25 00:18:33,546 : INFO : Machine : Loading config from original files
2016-03-25 00:18:33,616 : INFO : Machine : Machine config file #1: /Users/gabe/Dropbox/Pinball/Gabe/bnd/config/config
2016-03-25 00:18:33,761 : INFO : Machine : Config file cache created: /Users/gabe/Dropbox/Pinball/Gabe/bnd/__mpfcache__/config_config.p
2016-03-25 00:18:33,767 : INFO : FAST : Configuring FAST hardware.
2016-03-25 00:18:33,767 : INFO : Machine : Loading core modules...
2016-03-25 00:18:33,941 : INFO : FAST : Configuring FAST Controller for FAST IO boards.
2016-03-25 00:18:33,941 : INFO : FAST : Connecting to /dev/tty.usbserial-141C at 921600bps
2016-03-25 00:18:35,458 : INFO : FAST : Received ID acknowledgement. Processor: RGB, Board: FP-CPU-002-2, Firmware: 01.00
2016-03-25 00:18:35,459 : INFO : FAST : Connecting to /dev/tty.usbserial-141B at 921600bps
2016-03-25 00:18:36,976 : INFO : FAST : Received ID acknowledgement. Processor: NET, Board: FP-CPU-002-2, Firmware: 01.00
2016-03-25 00:18:36,992 : INFO : FAST : Fast IO Board 00: Model: FP-I/O-3208-2, Firmware: 01.00, Switches: 32, Drivers: 8
2016-03-25 00:18:37,008 : INFO : FAST : Fast IO Board 01: Model: FP-I/O-3208-2, Firmware: 01.00, Switches: 32, Drivers: 8
2016-03-25 00:18:37,024 : INFO : FAST : Fast IO Board 02: Model: FP-I/O-1616-2, Firmware: 01.00, Switches: 16, Drivers: 16
2016-03-25 00:18:37,109 : INFO : DeviceManager : Loading devices...
2016-03-25 00:18:37,163 : INFO : FAST : Received SA: 01,00,0B,00000400002D0000020100
2016-03-25 00:18:37,177 : INFO : Machine : Loading plugins...
2016-03-25 00:18:37,193 : INFO : SwitchController : Dumping current active switches
2016-03-25 00:18:37,193 : INFO : SwitchController : Active Switch|s_droptarget2
2016-03-25 00:18:37,193 : INFO : SwitchController : Active Switch|s_troughenter
2016-03-25 00:18:37,194 : INFO : FAST : Received SA: 01,00,0B,00000400002D0000020100
2016-03-25 00:18:37,194 : INFO : Mode.attract : Mode Starting. Priority: 10
2016-03-25 00:18:37,195 : INFO : Mode Controller : +=========== ACTIVE MODES ============+
2016-03-25 00:18:37,195 : INFO : Mode Controller : | attract : 10                        |
2016-03-25 00:18:37,195 : INFO : Mode Controller : +-------------------------------------+
2016-03-25 00:18:39,993 : INFO : SwitchController : <<<<< switch: s_leftinlane, State:1 >>>>>
2016-03-25 00:18:40,622 : INFO : SwitchController : <<<<< switch: s_leftinlane, State:0 >>>>>
2016-03-25 00:18:40,908 : INFO : SwitchController : <<<<< switch: s_leftinlane, State:1 >>>>>
2016-03-25 00:18:42,969 : INFO : SwitchController : <<<<< switch: s_leftinlane, State:0 >>>>>
2016-03-25 00:18:44,038 : INFO : SwitchController : <<<<< switch: s_leftinlane, State:1 >>>>>
2016-03-25 00:18:45,547 : INFO : SwitchController : <<<<< switch: s_plungerlane, State:1 >>>>>
2016-03-25 00:18:45,930 : INFO : SwitchController : <<<<< switch: s_troughenter, State:0 >>>>>
2016-03-25 00:18:46,051 : WARNING : playfield : Playfield balls went to -1. Resetting to 0, but FYI that something's weird
2016-03-25 00:18:46,091 : INFO : SwitchController : <<<<< switch: s_leftinlane, State:0 >>>>>
2016-03-25 00:18:46,104 : INFO : SwitchController : <<<<< switch: s_plungerlane, State:0 >>>>>
2016-03-25 00:18:46,477 : INFO : SwitchController : <<<<< switch: s_rightrampopto, State:1 >>>>>
2016-03-25 00:18:46,492 : INFO : SwitchController : <<<<< switch: s_rightrampopto, State:0 >>>>>
2016-03-25 00:18:46,988 : INFO : SwitchController : <<<<< switch: s_leftrampopto, State:1 >>>>>
2016-03-25 00:18:47,014 : INFO : SwitchController : <<<<< switch: s_leftrampopto, State:0 >>>>>
2016-03-25 00:18:49,156 : INFO : SwitchController : <<<<< switch: s_drain, State:1 >>>>>
2016-03-25 00:18:49,157 : WARNING : ball_device.bd_drain : Device reporting more balls contained than its capacity.
2016-03-25 00:18:55,959 : INFO : Machine : Actual MPF loop rate: 70.39 Hz
2016-03-25 00:18:55,960 : INFO : root : MPF run loop ended.
