2016-03-26 00:24:28,147 : INFO : Machine : Mission Pinball Framework v0.30.0.dev801
2016-03-26 00:24:28,147 : INFO : Machine : Loading config from original files
2016-03-26 00:24:28,202 : INFO : Machine : Machine config file #1: /Users/gabe/Dropbox/Pinball/Gabe/bnd/config/config
2016-03-26 00:24:28,343 : INFO : Machine : Config file cache created: /Users/gabe/Dropbox/Pinball/Gabe/bnd/__mpfcache__/config_config.p
2016-03-26 00:24:28,350 : INFO : FAST : Configuring FAST hardware.
2016-03-26 00:24:28,351 : INFO : Machine : Loading core modules...
2016-03-26 00:24:28,552 : INFO : FAST : Configuring FAST Controller for FAST IO boards.
2016-03-26 00:24:28,552 : INFO : FAST : Connecting to /dev/tty.usbserial-141C at 921600bps
2016-03-26 00:24:30,069 : INFO : FAST : Received ID acknowledgement. Processor: RGB, Board: FP-CPU-002-2, Firmware: 01.00
2016-03-26 00:24:30,070 : INFO : FAST : Connecting to /dev/tty.usbserial-141B at 921600bps
2016-03-26 00:24:31,587 : INFO : FAST : Received ID acknowledgement. Processor: NET, Board: FP-CPU-002-2, Firmware: 01.00
2016-03-26 00:24:31,603 : INFO : FAST : Fast IO Board 00: Model: FP-I/O-3208-2, Firmware: 01.00, Switches: 32, Drivers: 8
2016-03-26 00:24:31,619 : INFO : FAST : Fast IO Board 01: Model: FP-I/O-3208-2, Firmware: 01.00, Switches: 32, Drivers: 8
2016-03-26 00:24:31,635 : INFO : FAST : Fast IO Board 02: Model: FP-I/O-1616-2, Firmware: 01.00, Switches: 16, Drivers: 16
2016-03-26 00:24:31,720 : INFO : DeviceManager : Loading devices...
2016-03-26 00:24:31,771 : INFO : FAST : Received SA: 01,00,0B,00002400002D0000020100
2016-03-26 00:24:31,783 : WARNING : BCPClientSocket.local_display : Failed to connect to remote BCP host localhost:5050. Error: [Errno 61] Connection refused
2016-03-26 00:24:31,784 : WARNING : BCPClientSocket.local_display : Failed to connect to remote BCP host localhost:5050. Error: [Errno 61] Connection refused
2016-03-26 00:24:31,784 : INFO : Machine : Loading plugins...
2016-03-26 00:24:31,803 : WARNING : BCPClientSocket.local_display : Failed to connect to remote BCP host localhost:5050. Error: [Errno 61] Connection refused
2016-03-26 00:24:31,803 : INFO : SwitchController : Dumping current active switches
2016-03-26 00:24:31,803 : INFO : SwitchController : Active Switch|s_droptarget2
2016-03-26 00:24:31,803 : INFO : SwitchController : Active Switch|s_troughenter
2016-03-26 00:24:31,804 : INFO : SwitchController : Active Switch|s_drain
2016-03-26 00:24:31,804 : INFO : FAST : Received SA: 01,00,0B,00002400002D0000020100
2016-03-26 00:24:31,805 : INFO : Mode.attract : Mode Starting. Priority: 10
2016-03-26 00:24:31,809 : WARNING : BCPClientSocket.local_display : Failed to connect to remote BCP host localhost:5050. Error: [Errno 61] Connection refused
2016-03-26 00:24:31,809 : INFO : Mode Controller : +=========== ACTIVE MODES ============+
2016-03-26 00:24:31,810 : INFO : Mode Controller : | attract : 10                        |
2016-03-26 00:24:31,810 : INFO : Mode Controller : +-------------------------------------+
2016-03-26 00:24:31,967 : INFO : SwitchController : <<<<< switch: s_start, State:1 >>>>>
2016-03-26 00:24:32,087 : INFO : SwitchController : <<<<< switch: s_start, State:0 >>>>>
2016-03-26 00:24:32,087 : INFO : Mode.game : Mode Starting. Priority: 20
2016-03-26 00:24:32,088 : INFO : Mode Controller : +=========== ACTIVE MODES ============+
2016-03-26 00:24:32,088 : INFO : Mode Controller : +-------------------------------------+
2016-03-26 00:24:32,089 : INFO : Mode Controller : +=========== ACTIVE MODES ============+
2016-03-26 00:24:32,089 : INFO : Mode Controller : | game : 20                           |
2016-03-26 00:24:32,089 : INFO : Mode Controller : +-------------------------------------+
2016-03-26 00:24:32,090 : INFO : Mode.game : Player added successfully. Total players: 1
2016-03-26 00:24:32,091 : INFO : Mode.game : ***************************************************
2016-03-26 00:24:32,091 : INFO : Mode.game : ****************** BALL STARTING ******************
2016-03-26 00:24:32,091 : INFO : Mode.game : **                                               **
2016-03-26 00:24:32,092 : INFO : Mode.game : **    Player: 1    Ball: 1   Score: 0            **
2016-03-26 00:24:32,092 : INFO : Mode.game : **                                               **
2016-03-26 00:24:32,092 : INFO : Mode.game : ***************************************************
2016-03-26 00:24:32,092 : INFO : Mode.game : ***************************************************
2016-03-26 00:24:34,213 : INFO : Machine : Actual MPF loop rate: 71.14 Hz
2016-03-26 00:24:34,213 : INFO : root : MPF run loop ended.
