2016-03-26 11:21:02,976 : INFO : Machine : Mission Pinball Framework v0.30.0.dev801
2016-03-26 11:21:02,976 : INFO : Machine : Loading config from original files
2016-03-26 11:21:03,229 : INFO : Machine : Machine config file #1: /Users/gabe/Dropbox/Pinball/Gabe/bnd/config/config
2016-03-26 11:21:03,721 : INFO : Machine : Config file cache created: /Users/gabe/Dropbox/Pinball/Gabe/bnd/__mpfcache__/config_config.p
2016-03-26 11:21:03,733 : INFO : FAST : Configuring FAST hardware.
2016-03-26 11:21:03,733 : INFO : Machine : Loading core modules...
2016-03-26 11:21:04,295 : INFO : FAST : Configuring FAST Controller for FAST IO boards.
2016-03-26 11:21:04,295 : INFO : FAST : Connecting to /dev/tty.usbserial-141C at 921600bps
2016-03-26 11:21:05,812 : INFO : FAST : Received ID acknowledgement. Processor: RGB, Board: FP-CPU-002-2, Firmware: 01.00
2016-03-26 11:21:05,814 : INFO : FAST : Connecting to /dev/tty.usbserial-141B at 921600bps
2016-03-26 11:21:07,333 : INFO : FAST : Received ID acknowledgement. Processor: NET, Board: FP-CPU-002-2, Firmware: 01.00
2016-03-26 11:21:07,347 : INFO : FAST : Fast IO Board 00: Model: FP-I/O-3208-2, Firmware: 01.00, Switches: 32, Drivers: 8
2016-03-26 11:21:07,364 : INFO : FAST : Fast IO Board 01: Model: FP-I/O-3208-2, Firmware: 01.00, Switches: 32, Drivers: 8
2016-03-26 11:21:07,380 : INFO : FAST : Fast IO Board 02: Model: FP-I/O-1616-2, Firmware: 01.00, Switches: 16, Drivers: 16
2016-03-26 11:21:07,468 : INFO : DeviceManager : Loading devices...
2016-03-26 11:21:07,626 : INFO : FAST : Received SA: 01,00,0B,00002400002D0000020100
2016-03-26 11:21:07,693 : WARNING : BCPClientSocket.local_display : Failed to connect to remote BCP host localhost:5050. Error: [Errno 61] Connection refused
2016-03-26 11:21:07,698 : WARNING : BCPClientSocket.local_display : Failed to connect to remote BCP host localhost:5050. Error: [Errno 61] Connection refused
2016-03-26 11:21:07,700 : INFO : Machine : Loading plugins...
2016-03-26 11:21:07,770 : WARNING : BCPClientSocket.local_display : Failed to connect to remote BCP host localhost:5050. Error: [Errno 61] Connection refused
2016-03-26 11:21:07,770 : INFO : SwitchController : Dumping current active switches
2016-03-26 11:21:07,771 : INFO : SwitchController : Active Switch|s_troughenter
2016-03-26 11:21:07,771 : INFO : SwitchController : Active Switch|s_drain
2016-03-26 11:21:07,771 : INFO : SwitchController : Active Switch|s_droptarget2
2016-03-26 11:21:07,773 : INFO : Mode.attract : Mode Starting. Priority: 10
2016-03-26 11:21:07,781 : WARNING : BCPClientSocket.local_display : Failed to connect to remote BCP host localhost:5050. Error: [Errno 61] Connection refused
2016-03-26 11:21:07,782 : INFO : Mode Controller : +=========== ACTIVE MODES ============+
2016-03-26 11:21:07,782 : INFO : Mode Controller : | attract : 10                        |
2016-03-26 11:21:07,782 : INFO : Mode Controller : +-------------------------------------+
2016-03-26 11:21:08,790 : INFO : SwitchController : <<<<< switch: s_start, State:1 >>>>>
2016-03-26 11:21:08,932 : INFO : SwitchController : <<<<< switch: s_start, State:0 >>>>>
2016-03-26 11:21:08,932 : INFO : Mode.game : Mode Starting. Priority: 20
2016-03-26 11:21:08,936 : INFO : Mode Controller : +=========== ACTIVE MODES ============+
2016-03-26 11:21:08,937 : INFO : Mode Controller : +-------------------------------------+
2016-03-26 11:21:08,939 : INFO : Mode Controller : +=========== ACTIVE MODES ============+
2016-03-26 11:21:08,940 : INFO : Mode Controller : | game : 20                           |
2016-03-26 11:21:08,940 : INFO : Mode Controller : +-------------------------------------+
2016-03-26 11:21:08,941 : INFO : Mode.game : Player added successfully. Total players: 1
2016-03-26 11:21:08,943 : INFO : Mode.game : ***************************************************
2016-03-26 11:21:08,946 : INFO : Mode.game : ****************** BALL STARTING ******************
2016-03-26 11:21:08,946 : INFO : Mode.game : **                                               **
2016-03-26 11:21:08,947 : INFO : Mode.game : **    Player: 1    Ball: 1   Score: 0            **
2016-03-26 11:21:08,947 : INFO : Mode.game : **                                               **
2016-03-26 11:21:08,947 : INFO : Mode.game : ***************************************************
2016-03-26 11:21:08,947 : INFO : Mode.game : ***************************************************
2016-03-26 11:21:16,526 : INFO : Machine : Actual MPF loop rate: 69.37 Hz
2016-03-26 11:21:16,527 : INFO : root : MPF run loop ended.
