Migrator : MPF Migrator: MPF v0.30.0.dev615
Migrator : Migrating config and show files from: /Users/gabe/pinball/bnd
Migrator : New config version will be v4
Migrator : Found Migrator for config files v4
Migrator : Found file: /Users/gabe/pinball/bnd/config/config.yaml
Migrator : Found file: /Users/gabe/pinball/bnd/modes/base/config/base.yaml
Migrator : Detected base folder: /Users/gabe/pinball/bnd/
Migrator : Backing up files to /Users/gabe/pinball/bnd/previous_config_files/2016-03-11-14-58-15
Migrator : Backup done
YAML File Interface : Loading file: /Users/gabe/pinball/bnd/config/config.yaml
config.yaml : 
config.yaml : ------------------ config.yaml ------------------
config.yaml : Analyzing config file: /Users/gabe/pinball/bnd/config/config.yaml
config.yaml : Current config version is 4
config.yaml : File is already config_version=4. Skipping...
YAML File Interface : Loading file: /Users/gabe/pinball/bnd/modes/base/config/base.yaml
base.yaml : 
base.yaml : ------------------ base.yaml ------------------
base.yaml : Analyzing config file: /Users/gabe/pinball/bnd/modes/base/config/base.yaml
base.yaml : Skipping non-config file: /Users/gabe/pinball/bnd/modes/base/config/base.yaml
Migrator : DONE! Migrated 0 config file(s) and 0 show file(s) in 0.48s
Migrator : Detailed log file is in /Users/gabe/pinball/bnd/logs.
Migrator : Original YAML files are in /Users/gabe/pinball/bnd/previous_config_files/2016-03-11-14-58-15
